Jul 08, 2020 11:45:07 PM logger.FileLogger write
INFO: >>> createPlayerAccount

Jul 08, 2020 11:45:07 PM logger.FileLogger write
INFO: >>> createPlayerAccount >>> username >>> Fabienne123

Jul 08, 2020 11:45:07 PM logger.FileLogger write
INFO: >>> createPlayerAccount >>> firstname >>> Fabienne

Jul 08, 2020 11:45:07 PM logger.FileLogger write
INFO: >>> createPlayerAccount >>> lastname >>> Tapani

Jul 08, 2020 11:45:07 PM logger.FileLogger write
INFO: >>> createPlayerAccount >>> password >>> Fabienne123

Jul 08, 2020 11:45:07 PM logger.FileLogger write
INFO: >>> createPlayerAccount >>> age >>> 19

Jul 08, 2020 11:45:07 PM logger.FileLogger write
INFO: >>> createPlayerAccount >>> ipadddress >>> 93.5.4.1

Jul 08, 2020 11:45:07 PM logger.FileLogger write
INFO: >>> createPlayerAccount >>> User information stored

Jul 08, 2020 11:45:07 PM logger.FileLogger write
INFO: >>> createPlayerAccount

Jul 08, 2020 11:45:07 PM logger.FileLogger write
INFO: >>> createPlayerAccount >>> username >>> Darcie123

Jul 08, 2020 11:45:07 PM logger.FileLogger write
INFO: >>> createPlayerAccount >>> firstname >>> Darcie

Jul 08, 2020 11:45:07 PM logger.FileLogger write
INFO: >>> createPlayerAccount >>> lastname >>> Sammie

Jul 08, 2020 11:45:07 PM logger.FileLogger write
INFO: >>> createPlayerAccount >>> password >>> Darcie123

Jul 08, 2020 11:45:07 PM logger.FileLogger write
INFO: >>> createPlayerAccount >>> age >>> 15

Jul 08, 2020 11:45:07 PM logger.FileLogger write
INFO: >>> createPlayerAccount >>> ipadddress >>> 93.5.4.2

Jul 08, 2020 11:45:07 PM logger.FileLogger write
INFO: >>> createPlayerAccount >>> User information stored

Jul 08, 2020 11:45:07 PM logger.FileLogger write
INFO: >>> createPlayerAccount

Jul 08, 2020 11:45:07 PM logger.FileLogger write
INFO: >>> createPlayerAccount >>> username >>> Philipa123

Jul 08, 2020 11:45:07 PM logger.FileLogger write
INFO: >>> createPlayerAccount >>> firstname >>> Philipa

Jul 08, 2020 11:45:07 PM logger.FileLogger write
INFO: >>> createPlayerAccount >>> lastname >>> Alphonzo

Jul 08, 2020 11:45:07 PM logger.FileLogger write
INFO: >>> createPlayerAccount >>> password >>> Philipa123

Jul 08, 2020 11:45:07 PM logger.FileLogger write
INFO: >>> createPlayerAccount >>> age >>> 18

Jul 08, 2020 11:45:08 PM logger.FileLogger write
INFO: >>> createPlayerAccount >>> ipadddress >>> 93.5.4.3

Jul 08, 2020 11:45:08 PM logger.FileLogger write
INFO: >>> createPlayerAccount >>> User information stored

Jul 08, 2020 11:45:08 PM logger.FileLogger write
INFO: >>> createPlayerAccount

Jul 08, 2020 11:45:08 PM logger.FileLogger write
INFO: >>> createPlayerAccount >>> username >>> Davinia123

Jul 08, 2020 11:45:08 PM logger.FileLogger write
INFO: >>> createPlayerAccount >>> firstname >>> Davinia

Jul 08, 2020 11:45:08 PM logger.FileLogger write
INFO: >>> createPlayerAccount >>> lastname >>> Amsel

Jul 08, 2020 11:45:08 PM logger.FileLogger write
INFO: >>> createPlayerAccount >>> password >>> Davinia123

Jul 08, 2020 11:45:08 PM logger.FileLogger write
INFO: >>> createPlayerAccount >>> age >>> 20

Jul 08, 2020 11:45:08 PM logger.FileLogger write
INFO: >>> createPlayerAccount >>> ipadddress >>> 93.5.4.4

Jul 08, 2020 11:45:08 PM logger.FileLogger write
INFO: >>> createPlayerAccount >>> User information stored

Jul 08, 2020 11:45:08 PM logger.FileLogger write
INFO: >>> createPlayerAccount

Jul 08, 2020 11:45:08 PM logger.FileLogger write
INFO: >>> createPlayerAccount >>> username >>> Gyles123

Jul 08, 2020 11:45:08 PM logger.FileLogger write
INFO: >>> createPlayerAccount >>> firstname >>> Gyles

Jul 08, 2020 11:45:08 PM logger.FileLogger write
INFO: >>> createPlayerAccount >>> lastname >>> Key

Jul 08, 2020 11:45:08 PM logger.FileLogger write
INFO: >>> createPlayerAccount >>> password >>> Gyles123

Jul 08, 2020 11:45:08 PM logger.FileLogger write
INFO: >>> createPlayerAccount >>> age >>> 23

Jul 08, 2020 11:45:08 PM logger.FileLogger write
INFO: >>> createPlayerAccount >>> ipadddress >>> 93.5.4.5

Jul 08, 2020 11:45:08 PM logger.FileLogger write
INFO: >>> createPlayerAccount >>> User information stored

Jul 08, 2020 11:49:43 PM logger.FileLogger write
INFO: >>> Recived UDP request

Jul 08, 2020 11:49:43 PM logger.FileLogger write
INFO: >>> getOwnStatus >>> EU: 0 online, 5 offline

Jul 08, 2020 11:49:43 PM logger.FileLogger write
INFO: >>> Sending response of UDP request

Jul 08, 2020 11:50:02 PM logger.FileLogger write
INFO: >>> getPlayerStatus

Jul 08, 2020 11:50:02 PM logger.FileLogger write
INFO: >>> getPlayerStatus >>> username >>> Admin

Jul 08, 2020 11:50:02 PM logger.FileLogger write
INFO: >>> getPlayerStatus >>> password >>> Admin

Jul 08, 2020 11:50:02 PM logger.FileLogger write
INFO: >>> getPlayerStatus >>> ipadddress >>> 93.56.3.5

Jul 08, 2020 11:50:02 PM logger.FileLogger write
INFO: >>> getPlayerStatus >>> getOwnStatus

Jul 08, 2020 11:50:02 PM logger.FileLogger write
INFO: >>> getPlayerStatus >>> getOwnStatus >>> EU: 0 online, 5 offline

Jul 08, 2020 11:50:02 PM logger.FileLogger write
INFO: >>> getPlayerStatus >>> Sending response to Admin >>> EU: 0 online, 5 offline, AS: 0 online, 5 offline, NA: 0 online, 5 offline.

Jul 08, 2020 11:50:25 PM logger.FileLogger write
INFO: >>> Recived UDP request

Jul 08, 2020 11:50:25 PM logger.FileLogger write
INFO: >>> getOwnStatus >>> EU: 0 online, 5 offline

Jul 08, 2020 11:50:25 PM logger.FileLogger write
INFO: >>> Sending response of UDP request

Jul 08, 2020 11:51:25 PM logger.FileLogger write
INFO: >>> createPlayerAccount

Jul 08, 2020 11:51:25 PM logger.FileLogger write
INFO: >>> createPlayerAccount >>> username >>> 123456

Jul 08, 2020 11:51:25 PM logger.FileLogger write
INFO: >>> createPlayerAccount >>> firstname >>> dfsdf

Jul 08, 2020 11:51:25 PM logger.FileLogger write
INFO: >>> createPlayerAccount >>> lastname >>> dfsd

Jul 08, 2020 11:51:25 PM logger.FileLogger write
INFO: >>> createPlayerAccount >>> password >>> 123456

Jul 08, 2020 11:51:25 PM logger.FileLogger write
INFO: >>> createPlayerAccount >>> age >>> 23

Jul 08, 2020 11:51:25 PM logger.FileLogger write
INFO: >>> createPlayerAccount >>> ipadddress >>> 93.24.56.33

Jul 08, 2020 11:51:25 PM logger.FileLogger write
INFO: >>> createPlayerAccount >>> User information stored

Jul 08, 2020 11:52:26 PM logger.FileLogger write
INFO: >>> Recived UDP request

Jul 08, 2020 11:52:26 PM logger.FileLogger write
INFO: >>> getOwnStatus >>> EU: 0 online, 6 offline

Jul 08, 2020 11:52:26 PM logger.FileLogger write
INFO: >>> Sending response of UDP request

Jul 10, 2020 6:37:09 PM logger.FileLogger write
INFO: >>> createPlayerAccount

Jul 10, 2020 6:37:09 PM logger.FileLogger write
INFO: >>> createPlayerAccount >>> username >>> Fabienne123

Jul 10, 2020 6:37:09 PM logger.FileLogger write
INFO: >>> createPlayerAccount >>> firstname >>> Fabienne

Jul 10, 2020 6:37:09 PM logger.FileLogger write
INFO: >>> createPlayerAccount >>> lastname >>> Tapani

Jul 10, 2020 6:37:09 PM logger.FileLogger write
INFO: >>> createPlayerAccount >>> password >>> Fabienne123

Jul 10, 2020 6:37:09 PM logger.FileLogger write
INFO: >>> createPlayerAccount >>> age >>> 19

Jul 10, 2020 6:37:09 PM logger.FileLogger write
INFO: >>> createPlayerAccount >>> ipadddress >>> 93.5.4.1

Jul 10, 2020 6:37:09 PM logger.FileLogger write
INFO: >>> createPlayerAccount >>> User information stored

Jul 10, 2020 6:37:09 PM logger.FileLogger write
INFO: >>> createPlayerAccount

Jul 10, 2020 6:37:09 PM logger.FileLogger write
INFO: >>> createPlayerAccount >>> username >>> Darcie123

Jul 10, 2020 6:37:09 PM logger.FileLogger write
INFO: >>> createPlayerAccount >>> firstname >>> Darcie

Jul 10, 2020 6:37:09 PM logger.FileLogger write
INFO: >>> createPlayerAccount >>> lastname >>> Sammie

Jul 10, 2020 6:37:09 PM logger.FileLogger write
INFO: >>> createPlayerAccount >>> password >>> Darcie123

Jul 10, 2020 6:37:09 PM logger.FileLogger write
INFO: >>> createPlayerAccount >>> age >>> 15

Jul 10, 2020 6:37:09 PM logger.FileLogger write
INFO: >>> createPlayerAccount >>> ipadddress >>> 93.5.4.2

Jul 10, 2020 6:37:09 PM logger.FileLogger write
INFO: >>> createPlayerAccount >>> User information stored

Jul 10, 2020 6:37:09 PM logger.FileLogger write
INFO: >>> createPlayerAccount

Jul 10, 2020 6:37:09 PM logger.FileLogger write
INFO: >>> createPlayerAccount >>> username >>> Philipa123

Jul 10, 2020 6:37:09 PM logger.FileLogger write
INFO: >>> createPlayerAccount >>> firstname >>> Philipa

Jul 10, 2020 6:37:09 PM logger.FileLogger write
INFO: >>> createPlayerAccount >>> lastname >>> Alphonzo

Jul 10, 2020 6:37:09 PM logger.FileLogger write
INFO: >>> createPlayerAccount >>> password >>> Philipa123

Jul 10, 2020 6:37:09 PM logger.FileLogger write
INFO: >>> createPlayerAccount >>> age >>> 18

Jul 10, 2020 6:37:09 PM logger.FileLogger write
INFO: >>> createPlayerAccount >>> ipadddress >>> 93.5.4.3

Jul 10, 2020 6:37:09 PM logger.FileLogger write
INFO: >>> createPlayerAccount >>> User information stored

Jul 10, 2020 6:37:09 PM logger.FileLogger write
INFO: >>> createPlayerAccount

Jul 10, 2020 6:37:09 PM logger.FileLogger write
INFO: >>> createPlayerAccount >>> username >>> Davinia123

Jul 10, 2020 6:37:09 PM logger.FileLogger write
INFO: >>> createPlayerAccount >>> firstname >>> Davinia

Jul 10, 2020 6:37:09 PM logger.FileLogger write
INFO: >>> createPlayerAccount >>> lastname >>> Amsel

Jul 10, 2020 6:37:09 PM logger.FileLogger write
INFO: >>> createPlayerAccount >>> password >>> Davinia123

Jul 10, 2020 6:37:09 PM logger.FileLogger write
INFO: >>> createPlayerAccount >>> age >>> 20

Jul 10, 2020 6:37:09 PM logger.FileLogger write
INFO: >>> createPlayerAccount >>> ipadddress >>> 93.5.4.4

Jul 10, 2020 6:37:09 PM logger.FileLogger write
INFO: >>> createPlayerAccount >>> User information stored

Jul 10, 2020 6:37:09 PM logger.FileLogger write
INFO: >>> createPlayerAccount

Jul 10, 2020 6:37:09 PM logger.FileLogger write
INFO: >>> createPlayerAccount >>> username >>> Gyles123

Jul 10, 2020 6:37:09 PM logger.FileLogger write
INFO: >>> createPlayerAccount >>> firstname >>> Gyles

Jul 10, 2020 6:37:09 PM logger.FileLogger write
INFO: >>> createPlayerAccount >>> lastname >>> Key

Jul 10, 2020 6:37:09 PM logger.FileLogger write
INFO: >>> createPlayerAccount >>> password >>> Gyles123

Jul 10, 2020 6:37:09 PM logger.FileLogger write
INFO: >>> createPlayerAccount >>> age >>> 23

Jul 10, 2020 6:37:09 PM logger.FileLogger write
INFO: >>> createPlayerAccount >>> ipadddress >>> 93.5.4.5

Jul 10, 2020 6:37:09 PM logger.FileLogger write
INFO: >>> createPlayerAccount >>> User information stored

Jul 10, 2020 11:28:13 PM logger.FileLogger write
INFO: >>> createPlayerAccount

Jul 10, 2020 11:28:13 PM logger.FileLogger write
INFO: >>> createPlayerAccount >>> username >>> Fabienne123

Jul 10, 2020 11:28:13 PM logger.FileLogger write
INFO: >>> createPlayerAccount >>> firstname >>> Fabienne

Jul 10, 2020 11:28:13 PM logger.FileLogger write
INFO: >>> createPlayerAccount >>> lastname >>> Tapani

Jul 10, 2020 11:28:13 PM logger.FileLogger write
INFO: >>> createPlayerAccount >>> password >>> Fabienne123

Jul 10, 2020 11:28:13 PM logger.FileLogger write
INFO: >>> createPlayerAccount >>> age >>> 19

Jul 10, 2020 11:28:13 PM logger.FileLogger write
INFO: >>> createPlayerAccount >>> ipadddress >>> 93.5.4.1

Jul 10, 2020 11:28:13 PM logger.FileLogger write
INFO: >>> createPlayerAccount >>> User information stored

Jul 10, 2020 11:28:13 PM logger.FileLogger write
INFO: >>> createPlayerAccount

Jul 10, 2020 11:28:13 PM logger.FileLogger write
INFO: >>> createPlayerAccount >>> username >>> Darcie123

Jul 10, 2020 11:28:13 PM logger.FileLogger write
INFO: >>> createPlayerAccount >>> firstname >>> Darcie

Jul 10, 2020 11:28:13 PM logger.FileLogger write
INFO: >>> createPlayerAccount >>> lastname >>> Sammie

Jul 10, 2020 11:28:13 PM logger.FileLogger write
INFO: >>> createPlayerAccount >>> password >>> Darcie123

Jul 10, 2020 11:28:13 PM logger.FileLogger write
INFO: >>> createPlayerAccount >>> age >>> 15

Jul 10, 2020 11:28:13 PM logger.FileLogger write
INFO: >>> createPlayerAccount >>> ipadddress >>> 93.5.4.2

Jul 10, 2020 11:28:13 PM logger.FileLogger write
INFO: >>> createPlayerAccount >>> User information stored

Jul 10, 2020 11:28:13 PM logger.FileLogger write
INFO: >>> createPlayerAccount

Jul 10, 2020 11:28:13 PM logger.FileLogger write
INFO: >>> createPlayerAccount >>> username >>> Philipa123

Jul 10, 2020 11:28:13 PM logger.FileLogger write
INFO: >>> createPlayerAccount >>> firstname >>> Philipa

Jul 10, 2020 11:28:13 PM logger.FileLogger write
INFO: >>> createPlayerAccount >>> lastname >>> Alphonzo

Jul 10, 2020 11:28:13 PM logger.FileLogger write
INFO: >>> createPlayerAccount >>> password >>> Philipa123

Jul 10, 2020 11:28:13 PM logger.FileLogger write
INFO: >>> createPlayerAccount >>> age >>> 18

Jul 10, 2020 11:28:13 PM logger.FileLogger write
INFO: >>> createPlayerAccount >>> ipadddress >>> 93.5.4.3

Jul 10, 2020 11:28:14 PM logger.FileLogger write
INFO: >>> createPlayerAccount >>> User information stored

Jul 10, 2020 11:28:14 PM logger.FileLogger write
INFO: >>> createPlayerAccount

Jul 10, 2020 11:28:14 PM logger.FileLogger write
INFO: >>> createPlayerAccount >>> username >>> Davinia123

Jul 10, 2020 11:28:14 PM logger.FileLogger write
INFO: >>> createPlayerAccount >>> firstname >>> Davinia

Jul 10, 2020 11:28:14 PM logger.FileLogger write
INFO: >>> createPlayerAccount >>> lastname >>> Amsel

Jul 10, 2020 11:28:14 PM logger.FileLogger write
INFO: >>> createPlayerAccount >>> password >>> Davinia123

Jul 10, 2020 11:28:14 PM logger.FileLogger write
INFO: >>> createPlayerAccount >>> age >>> 20

Jul 10, 2020 11:28:14 PM logger.FileLogger write
INFO: >>> createPlayerAccount >>> ipadddress >>> 93.5.4.4

Jul 10, 2020 11:28:14 PM logger.FileLogger write
INFO: >>> createPlayerAccount >>> User information stored

Jul 10, 2020 11:28:14 PM logger.FileLogger write
INFO: >>> createPlayerAccount

Jul 10, 2020 11:28:14 PM logger.FileLogger write
INFO: >>> createPlayerAccount >>> username >>> Gyles123

Jul 10, 2020 11:28:14 PM logger.FileLogger write
INFO: >>> createPlayerAccount >>> firstname >>> Gyles

Jul 10, 2020 11:28:14 PM logger.FileLogger write
INFO: >>> createPlayerAccount >>> lastname >>> Key

Jul 10, 2020 11:28:14 PM logger.FileLogger write
INFO: >>> createPlayerAccount >>> password >>> Gyles123

Jul 10, 2020 11:28:14 PM logger.FileLogger write
INFO: >>> createPlayerAccount >>> age >>> 23

Jul 10, 2020 11:28:14 PM logger.FileLogger write
INFO: >>> createPlayerAccount >>> ipadddress >>> 93.5.4.5

Jul 10, 2020 11:28:14 PM logger.FileLogger write
INFO: >>> createPlayerAccount >>> User information stored

Jul 10, 2020 11:29:30 PM logger.FileLogger write
INFO: >>> Recived UDP request

Jul 10, 2020 11:29:30 PM logger.FileLogger write
INFO: >>> getOwnStatus >>> EU: 0 online, 5 offline

Jul 10, 2020 11:29:30 PM logger.FileLogger write
INFO: >>> Sending response of UDP request

Jul 10, 2020 11:30:34 PM logger.FileLogger write
INFO: >>> Recived UDP request

Jul 10, 2020 11:30:34 PM logger.FileLogger write
INFO: >>> createPlayerAccount

Jul 10, 2020 11:30:34 PM logger.FileLogger write
INFO: >>> createPlayerAccount >>> username >>> apple123

Jul 10, 2020 11:30:34 PM logger.FileLogger write
INFO: >>> createPlayerAccount >>> firstname >>> Appple

Jul 10, 2020 11:30:34 PM logger.FileLogger write
INFO: >>> createPlayerAccount >>> lastname >>> Apple

Jul 10, 2020 11:30:34 PM logger.FileLogger write
INFO: >>> createPlayerAccount >>> password >>> apple123

Jul 10, 2020 11:30:34 PM logger.FileLogger write
INFO: >>> createPlayerAccount >>> age >>> 23

Jul 10, 2020 11:30:34 PM logger.FileLogger write
INFO: >>> createPlayerAccount >>> ipadddress >>> 93.1.1.1

Jul 10, 2020 11:30:34 PM logger.FileLogger write
INFO: >>> createPlayerAccount >>> User information stored

Jul 10, 2020 11:30:34 PM logger.FileLogger write
INFO: >>> transferAccountStatus >>> true

Jul 10, 2020 11:30:34 PM logger.FileLogger write
INFO: >>> Sending response of UDP request

Jul 10, 2020 11:31:52 PM logger.FileLogger write
INFO: >>> Recived UDP request

Jul 10, 2020 11:31:52 PM logger.FileLogger write
INFO: >>> getOwnStatus >>> EU: 0 online, 6 offline

Jul 10, 2020 11:31:52 PM logger.FileLogger write
INFO: >>> Sending response of UDP request

Jul 10, 2020 11:32:34 PM logger.FileLogger write
INFO: >>> transferAccount

Jul 10, 2020 11:32:34 PM logger.FileLogger write
INFO: >>> transferAccount >>> username >>> apple123

Jul 10, 2020 11:32:34 PM logger.FileLogger write
INFO: >>> transferAccount >>> password >>> apple123

Jul 10, 2020 11:32:34 PM logger.FileLogger write
INFO: >>> transferAccount >>> ipadddress >>> 93.23.1.1

Jul 10, 2020 11:32:34 PM logger.FileLogger write
INFO: >>> transferAccount >>> NewIPAdddress >>> 93.1.1.1

Jul 10, 2020 11:32:34 PM logger.FileLogger write
INFO: >>> transferAccount >>> Your Account is already in European Server

Jul 11, 2020 6:23:16 PM logger.FileLogger write
INFO: >>> createPlayerAccount

Jul 11, 2020 6:23:16 PM logger.FileLogger write
INFO: >>> createPlayerAccount >>> username >>> Fabienne123

Jul 11, 2020 6:23:16 PM logger.FileLogger write
INFO: >>> createPlayerAccount >>> firstname >>> Fabienne

Jul 11, 2020 6:23:16 PM logger.FileLogger write
INFO: >>> createPlayerAccount >>> lastname >>> Tapani

Jul 11, 2020 6:23:16 PM logger.FileLogger write
INFO: >>> createPlayerAccount >>> password >>> Fabienne123

Jul 11, 2020 6:23:16 PM logger.FileLogger write
INFO: >>> createPlayerAccount >>> age >>> 19

Jul 11, 2020 6:23:16 PM logger.FileLogger write
INFO: >>> createPlayerAccount >>> ipadddress >>> 93.5.4.1

Jul 11, 2020 6:23:16 PM logger.FileLogger write
INFO: >>> createPlayerAccount >>> User information stored

Jul 11, 2020 6:23:16 PM logger.FileLogger write
INFO: >>> createPlayerAccount

Jul 11, 2020 6:23:16 PM logger.FileLogger write
INFO: >>> createPlayerAccount >>> username >>> Darcie123

Jul 11, 2020 6:23:16 PM logger.FileLogger write
INFO: >>> createPlayerAccount >>> firstname >>> Darcie

Jul 11, 2020 6:23:16 PM logger.FileLogger write
INFO: >>> createPlayerAccount >>> lastname >>> Sammie

Jul 11, 2020 6:23:16 PM logger.FileLogger write
INFO: >>> createPlayerAccount >>> password >>> Darcie123

Jul 11, 2020 6:23:16 PM logger.FileLogger write
INFO: >>> createPlayerAccount >>> age >>> 15

Jul 11, 2020 6:23:16 PM logger.FileLogger write
INFO: >>> createPlayerAccount >>> ipadddress >>> 93.5.4.2

Jul 11, 2020 6:23:16 PM logger.FileLogger write
INFO: >>> createPlayerAccount >>> User information stored

Jul 11, 2020 6:23:16 PM logger.FileLogger write
INFO: >>> createPlayerAccount

Jul 11, 2020 6:23:16 PM logger.FileLogger write
INFO: >>> createPlayerAccount >>> username >>> Philipa123

Jul 11, 2020 6:23:16 PM logger.FileLogger write
INFO: >>> createPlayerAccount >>> firstname >>> Philipa

Jul 11, 2020 6:23:16 PM logger.FileLogger write
INFO: >>> createPlayerAccount >>> lastname >>> Alphonzo

Jul 11, 2020 6:23:16 PM logger.FileLogger write
INFO: >>> createPlayerAccount >>> password >>> Philipa123

Jul 11, 2020 6:23:16 PM logger.FileLogger write
INFO: >>> createPlayerAccount >>> age >>> 18

Jul 11, 2020 6:23:16 PM logger.FileLogger write
INFO: >>> createPlayerAccount >>> ipadddress >>> 93.5.4.3

Jul 11, 2020 6:23:16 PM logger.FileLogger write
INFO: >>> createPlayerAccount >>> User information stored

Jul 11, 2020 6:23:16 PM logger.FileLogger write
INFO: >>> createPlayerAccount

Jul 11, 2020 6:23:16 PM logger.FileLogger write
INFO: >>> createPlayerAccount >>> username >>> Davinia123

Jul 11, 2020 6:23:16 PM logger.FileLogger write
INFO: >>> createPlayerAccount >>> firstname >>> Davinia

Jul 11, 2020 6:23:16 PM logger.FileLogger write
INFO: >>> createPlayerAccount >>> lastname >>> Amsel

Jul 11, 2020 6:23:16 PM logger.FileLogger write
INFO: >>> createPlayerAccount >>> password >>> Davinia123

Jul 11, 2020 6:23:16 PM logger.FileLogger write
INFO: >>> createPlayerAccount >>> age >>> 20

Jul 11, 2020 6:23:16 PM logger.FileLogger write
INFO: >>> createPlayerAccount >>> ipadddress >>> 93.5.4.4

Jul 11, 2020 6:23:16 PM logger.FileLogger write
INFO: >>> createPlayerAccount >>> User information stored

Jul 11, 2020 6:23:16 PM logger.FileLogger write
INFO: >>> createPlayerAccount

Jul 11, 2020 6:23:16 PM logger.FileLogger write
INFO: >>> createPlayerAccount >>> username >>> Gyles123

Jul 11, 2020 6:23:16 PM logger.FileLogger write
INFO: >>> createPlayerAccount >>> firstname >>> Gyles

Jul 11, 2020 6:23:16 PM logger.FileLogger write
INFO: >>> createPlayerAccount >>> lastname >>> Key

Jul 11, 2020 6:23:16 PM logger.FileLogger write
INFO: >>> createPlayerAccount >>> password >>> Gyles123

Jul 11, 2020 6:23:16 PM logger.FileLogger write
INFO: >>> createPlayerAccount >>> age >>> 23

Jul 11, 2020 6:23:16 PM logger.FileLogger write
INFO: >>> createPlayerAccount >>> ipadddress >>> 93.5.4.5

Jul 11, 2020 6:23:16 PM logger.FileLogger write
INFO: >>> createPlayerAccount >>> User information stored

