Jul 04, 2020 9:36:18 PM Logger.FileLogger write
INFO: >>> createPlayerAccount

Jul 04, 2020 9:36:18 PM Logger.FileLogger write
INFO: >>> createPlayerAccount >>> username >>> Davinia123

Jul 04, 2020 9:36:18 PM Logger.FileLogger write
INFO: >>> createPlayerAccount >>> firstname >>> Davinia

Jul 04, 2020 9:36:18 PM Logger.FileLogger write
INFO: >>> createPlayerAccount >>> lastname >>> Amsel

Jul 04, 2020 9:36:18 PM Logger.FileLogger write
INFO: >>> createPlayerAccount >>> password >>> Davinia123

Jul 04, 2020 9:36:18 PM Logger.FileLogger write
INFO: >>> createPlayerAccount >>> age >>> 20

Jul 04, 2020 9:36:18 PM Logger.FileLogger write
INFO: >>> createPlayerAccount >>> ipadddress >>> 93.5.4.4

Jul 04, 2020 9:36:18 PM Logger.FileLogger write
INFO: >>> createPlayerAccount >>> User information stored

Jul 04, 2020 9:48:17 PM Logger.FileLogger write
INFO: >>> createPlayerAccount

Jul 04, 2020 9:48:17 PM Logger.FileLogger write
INFO: >>> createPlayerAccount >>> username >>> Davinia123

Jul 04, 2020 9:48:17 PM Logger.FileLogger write
INFO: >>> createPlayerAccount >>> firstname >>> Davinia

Jul 04, 2020 9:48:17 PM Logger.FileLogger write
INFO: >>> createPlayerAccount >>> lastname >>> Amsel

Jul 04, 2020 9:48:17 PM Logger.FileLogger write
INFO: >>> createPlayerAccount >>> password >>> Davinia123

Jul 04, 2020 9:48:17 PM Logger.FileLogger write
INFO: >>> createPlayerAccount >>> age >>> 20

Jul 04, 2020 9:48:17 PM Logger.FileLogger write
INFO: >>> createPlayerAccount >>> ipadddress >>> 93.5.4.4

Jul 04, 2020 9:48:17 PM Logger.FileLogger write
INFO: >>> createPlayerAccount >>> User information stored

Jul 04, 2020 10:20:20 PM Logger.FileLogger write
INFO: >>> createPlayerAccount

Jul 04, 2020 10:20:20 PM Logger.FileLogger write
INFO: >>> createPlayerAccount >>> username >>> Davinia123

Jul 04, 2020 10:20:20 PM Logger.FileLogger write
INFO: >>> createPlayerAccount >>> firstname >>> Davinia

Jul 04, 2020 10:20:20 PM Logger.FileLogger write
INFO: >>> createPlayerAccount >>> lastname >>> Amsel

Jul 04, 2020 10:20:20 PM Logger.FileLogger write
INFO: >>> createPlayerAccount >>> password >>> Davinia123

Jul 04, 2020 10:20:20 PM Logger.FileLogger write
INFO: >>> createPlayerAccount >>> age >>> 20

Jul 04, 2020 10:20:20 PM Logger.FileLogger write
INFO: >>> createPlayerAccount >>> ipadddress >>> 93.5.4.4

Jul 04, 2020 10:20:20 PM Logger.FileLogger write
INFO: >>> createPlayerAccount >>> User information stored

Jul 04, 2020 10:41:42 PM Logger.FileLogger write
INFO: >>> createPlayerAccount

Jul 04, 2020 10:41:42 PM Logger.FileLogger write
INFO: >>> createPlayerAccount >>> username >>> Davinia123

Jul 04, 2020 10:41:42 PM Logger.FileLogger write
INFO: >>> createPlayerAccount >>> firstname >>> Davinia

Jul 04, 2020 10:41:42 PM Logger.FileLogger write
INFO: >>> createPlayerAccount >>> lastname >>> Amsel

Jul 04, 2020 10:41:42 PM Logger.FileLogger write
INFO: >>> createPlayerAccount >>> password >>> Davinia123

Jul 04, 2020 10:41:42 PM Logger.FileLogger write
INFO: >>> createPlayerAccount >>> age >>> 20

Jul 04, 2020 10:41:42 PM Logger.FileLogger write
INFO: >>> createPlayerAccount >>> ipadddress >>> 93.5.4.4

Jul 04, 2020 10:41:42 PM Logger.FileLogger write
INFO: >>> createPlayerAccount >>> User information stored

