Aug 02, 2020 5:17:27 PM Utilities.FileLogger write
INFO: >>> createPlayerAccount

Aug 02, 2020 5:17:27 PM Utilities.FileLogger write
INFO: >>> createPlayerAccount >>> username >>> Darcie123

Aug 02, 2020 5:17:27 PM Utilities.FileLogger write
INFO: >>> createPlayerAccount >>> firstname >>> Darcie

Aug 02, 2020 5:17:27 PM Utilities.FileLogger write
INFO: >>> createPlayerAccount >>> lastname >>> Sammie

Aug 02, 2020 5:17:27 PM Utilities.FileLogger write
INFO: >>> createPlayerAccount >>> password >>> Darcie123

Aug 02, 2020 5:17:27 PM Utilities.FileLogger write
INFO: >>> createPlayerAccount >>> age >>> 15

Aug 02, 2020 5:17:27 PM Utilities.FileLogger write
INFO: >>> createPlayerAccount >>> ipadddress >>> 93.5.4.2

Aug 02, 2020 5:17:27 PM Utilities.FileLogger write
INFO: >>> createPlayerAccount >>> User information stored

Aug 03, 2020 2:00:30 PM Utilities.FileLogger write
INFO: >>> createPlayerAccount

Aug 03, 2020 2:00:30 PM Utilities.FileLogger write
INFO: >>> createPlayerAccount >>> username >>> Darcie123

Aug 03, 2020 2:00:30 PM Utilities.FileLogger write
INFO: >>> createPlayerAccount >>> firstname >>> Darcie

Aug 03, 2020 2:00:30 PM Utilities.FileLogger write
INFO: >>> createPlayerAccount >>> lastname >>> Sammie

Aug 03, 2020 2:00:30 PM Utilities.FileLogger write
INFO: >>> createPlayerAccount >>> password >>> Darcie123

Aug 03, 2020 2:00:30 PM Utilities.FileLogger write
INFO: >>> createPlayerAccount >>> age >>> 15

Aug 03, 2020 2:00:30 PM Utilities.FileLogger write
INFO: >>> createPlayerAccount >>> ipadddress >>> 93.5.4.2

Aug 03, 2020 2:00:30 PM Utilities.FileLogger write
INFO: >>> createPlayerAccount >>> User information stored

Aug 03, 2020 2:16:27 PM Utilities.FileLogger write
INFO: >>> createPlayerAccount

Aug 03, 2020 2:16:27 PM Utilities.FileLogger write
INFO: >>> createPlayerAccount >>> username >>> Darcie123

Aug 03, 2020 2:16:27 PM Utilities.FileLogger write
INFO: >>> createPlayerAccount >>> firstname >>> Darcie

Aug 03, 2020 2:16:27 PM Utilities.FileLogger write
INFO: >>> createPlayerAccount >>> lastname >>> Sammie

Aug 03, 2020 2:16:27 PM Utilities.FileLogger write
INFO: >>> createPlayerAccount >>> password >>> Darcie123

Aug 03, 2020 2:16:27 PM Utilities.FileLogger write
INFO: >>> createPlayerAccount >>> age >>> 15

Aug 03, 2020 2:16:27 PM Utilities.FileLogger write
INFO: >>> createPlayerAccount >>> ipadddress >>> 93.5.4.2

Aug 03, 2020 2:16:27 PM Utilities.FileLogger write
INFO: >>> createPlayerAccount >>> User information stored

Aug 03, 2020 2:19:57 PM Utilities.FileLogger write
INFO: >>> createPlayerAccount

Aug 03, 2020 2:19:57 PM Utilities.FileLogger write
INFO: >>> createPlayerAccount >>> username >>> Darcie123

Aug 03, 2020 2:19:57 PM Utilities.FileLogger write
INFO: >>> createPlayerAccount >>> firstname >>> Darcie

Aug 03, 2020 2:19:57 PM Utilities.FileLogger write
INFO: >>> createPlayerAccount >>> lastname >>> Sammie

Aug 03, 2020 2:19:57 PM Utilities.FileLogger write
INFO: >>> createPlayerAccount >>> password >>> Darcie123

Aug 03, 2020 2:19:57 PM Utilities.FileLogger write
INFO: >>> createPlayerAccount >>> age >>> 15

Aug 03, 2020 2:19:57 PM Utilities.FileLogger write
INFO: >>> createPlayerAccount >>> ipadddress >>> 93.5.4.2

Aug 03, 2020 2:19:57 PM Utilities.FileLogger write
INFO: >>> createPlayerAccount >>> User information stored

Aug 03, 2020 2:25:48 PM Utilities.FileLogger write
INFO: >>> createPlayerAccount

Aug 03, 2020 2:25:48 PM Utilities.FileLogger write
INFO: >>> createPlayerAccount >>> username >>> Darcie123

Aug 03, 2020 2:25:48 PM Utilities.FileLogger write
INFO: >>> createPlayerAccount >>> firstname >>> Darcie

Aug 03, 2020 2:25:48 PM Utilities.FileLogger write
INFO: >>> createPlayerAccount >>> lastname >>> Sammie

Aug 03, 2020 2:25:48 PM Utilities.FileLogger write
INFO: >>> createPlayerAccount >>> password >>> Darcie123

Aug 03, 2020 2:25:48 PM Utilities.FileLogger write
INFO: >>> createPlayerAccount >>> age >>> 15

Aug 03, 2020 2:25:48 PM Utilities.FileLogger write
INFO: >>> createPlayerAccount >>> ipadddress >>> 93.5.4.2

Aug 03, 2020 2:25:48 PM Utilities.FileLogger write
INFO: >>> createPlayerAccount >>> User information stored

Aug 03, 2020 2:32:28 PM Utilities.FileLogger write
INFO: >>> createPlayerAccount

Aug 03, 2020 2:32:28 PM Utilities.FileLogger write
INFO: >>> createPlayerAccount >>> username >>> Darcie123

Aug 03, 2020 2:32:28 PM Utilities.FileLogger write
INFO: >>> createPlayerAccount >>> firstname >>> Darcie

Aug 03, 2020 2:32:28 PM Utilities.FileLogger write
INFO: >>> createPlayerAccount >>> lastname >>> Sammie

Aug 03, 2020 2:32:28 PM Utilities.FileLogger write
INFO: >>> createPlayerAccount >>> password >>> Darcie123

Aug 03, 2020 2:32:28 PM Utilities.FileLogger write
INFO: >>> createPlayerAccount >>> age >>> 15

Aug 03, 2020 2:32:28 PM Utilities.FileLogger write
INFO: >>> createPlayerAccount >>> ipadddress >>> 93.5.4.2

Aug 03, 2020 2:32:28 PM Utilities.FileLogger write
INFO: >>> createPlayerAccount >>> User information stored

Aug 03, 2020 3:09:54 PM Utilities.FileLogger write
INFO: >>> createPlayerAccount

Aug 03, 2020 3:09:54 PM Utilities.FileLogger write
INFO: >>> createPlayerAccount >>> username >>> Darcie123

Aug 03, 2020 3:09:54 PM Utilities.FileLogger write
INFO: >>> createPlayerAccount >>> firstname >>> Darcie

Aug 03, 2020 3:09:54 PM Utilities.FileLogger write
INFO: >>> createPlayerAccount >>> lastname >>> Sammie

Aug 03, 2020 3:09:54 PM Utilities.FileLogger write
INFO: >>> createPlayerAccount >>> password >>> Darcie123

Aug 03, 2020 3:09:54 PM Utilities.FileLogger write
INFO: >>> createPlayerAccount >>> age >>> 15

Aug 03, 2020 3:09:54 PM Utilities.FileLogger write
INFO: >>> createPlayerAccount >>> ipadddress >>> 93.5.4.2

Aug 03, 2020 3:09:54 PM Utilities.FileLogger write
INFO: >>> createPlayerAccount >>> User information stored

Aug 03, 2020 3:11:08 PM Utilities.FileLogger write
INFO: >>> createPlayerAccount

Aug 03, 2020 3:11:08 PM Utilities.FileLogger write
INFO: >>> createPlayerAccount >>> username >>> Darcie123

Aug 03, 2020 3:11:08 PM Utilities.FileLogger write
INFO: >>> createPlayerAccount >>> firstname >>> Darcie

Aug 03, 2020 3:11:08 PM Utilities.FileLogger write
INFO: >>> createPlayerAccount >>> lastname >>> Sammie

Aug 03, 2020 3:11:08 PM Utilities.FileLogger write
INFO: >>> createPlayerAccount >>> password >>> Darcie123

Aug 03, 2020 3:11:08 PM Utilities.FileLogger write
INFO: >>> createPlayerAccount >>> age >>> 15

Aug 03, 2020 3:11:08 PM Utilities.FileLogger write
INFO: >>> createPlayerAccount >>> ipadddress >>> 93.5.4.2

Aug 03, 2020 3:11:08 PM Utilities.FileLogger write
INFO: >>> createPlayerAccount >>> User information stored

Aug 03, 2020 3:12:23 PM Utilities.FileLogger write
INFO: >>> createPlayerAccount

Aug 03, 2020 3:12:23 PM Utilities.FileLogger write
INFO: >>> createPlayerAccount >>> username >>> Darcie123

Aug 03, 2020 3:12:23 PM Utilities.FileLogger write
INFO: >>> createPlayerAccount >>> firstname >>> Darcie

Aug 03, 2020 3:12:23 PM Utilities.FileLogger write
INFO: >>> createPlayerAccount >>> lastname >>> Sammie

Aug 03, 2020 3:12:23 PM Utilities.FileLogger write
INFO: >>> createPlayerAccount >>> password >>> Darcie123

Aug 03, 2020 3:12:23 PM Utilities.FileLogger write
INFO: >>> createPlayerAccount >>> age >>> 15

Aug 03, 2020 3:12:23 PM Utilities.FileLogger write
INFO: >>> createPlayerAccount >>> ipadddress >>> 93.5.4.2

Aug 03, 2020 3:12:23 PM Utilities.FileLogger write
INFO: >>> createPlayerAccount >>> User information stored

Aug 03, 2020 3:16:20 PM Utilities.FileLogger write
INFO: >>> createPlayerAccount

Aug 03, 2020 3:16:20 PM Utilities.FileLogger write
INFO: >>> createPlayerAccount >>> username >>> Darcie123

Aug 03, 2020 3:16:20 PM Utilities.FileLogger write
INFO: >>> createPlayerAccount >>> firstname >>> Darcie

Aug 03, 2020 3:16:20 PM Utilities.FileLogger write
INFO: >>> createPlayerAccount >>> lastname >>> Sammie

Aug 03, 2020 3:16:20 PM Utilities.FileLogger write
INFO: >>> createPlayerAccount >>> password >>> Darcie123

Aug 03, 2020 3:16:20 PM Utilities.FileLogger write
INFO: >>> createPlayerAccount >>> age >>> 15

Aug 03, 2020 3:16:20 PM Utilities.FileLogger write
INFO: >>> createPlayerAccount >>> ipadddress >>> 93.5.4.2

Aug 03, 2020 3:16:20 PM Utilities.FileLogger write
INFO: >>> createPlayerAccount >>> User information stored

Aug 03, 2020 3:17:30 PM Utilities.FileLogger write
INFO: >>> createPlayerAccount

Aug 03, 2020 3:17:30 PM Utilities.FileLogger write
INFO: >>> createPlayerAccount >>> username >>> Darcie123

Aug 03, 2020 3:17:30 PM Utilities.FileLogger write
INFO: >>> createPlayerAccount >>> firstname >>> Darcie

Aug 03, 2020 3:17:30 PM Utilities.FileLogger write
INFO: >>> createPlayerAccount >>> lastname >>> Sammie

Aug 03, 2020 3:17:30 PM Utilities.FileLogger write
INFO: >>> createPlayerAccount >>> password >>> Darcie123

Aug 03, 2020 3:17:30 PM Utilities.FileLogger write
INFO: >>> createPlayerAccount >>> age >>> 15

Aug 03, 2020 3:17:30 PM Utilities.FileLogger write
INFO: >>> createPlayerAccount >>> ipadddress >>> 93.5.4.2

Aug 03, 2020 3:17:30 PM Utilities.FileLogger write
INFO: >>> createPlayerAccount >>> User information stored

Aug 05, 2020 3:59:49 PM Utilities.FileLogger write
INFO: >>> createPlayerAccount

Aug 05, 2020 3:59:49 PM Utilities.FileLogger write
INFO: >>> createPlayerAccount >>> username >>> Darcie123

Aug 05, 2020 3:59:49 PM Utilities.FileLogger write
INFO: >>> createPlayerAccount >>> firstname >>> Darcie

Aug 05, 2020 3:59:49 PM Utilities.FileLogger write
INFO: >>> createPlayerAccount >>> lastname >>> Sammie

Aug 05, 2020 3:59:49 PM Utilities.FileLogger write
INFO: >>> createPlayerAccount >>> password >>> Darcie123

Aug 05, 2020 3:59:49 PM Utilities.FileLogger write
INFO: >>> createPlayerAccount >>> age >>> 15

Aug 05, 2020 3:59:49 PM Utilities.FileLogger write
INFO: >>> createPlayerAccount >>> ipadddress >>> 93.5.4.2

Aug 05, 2020 3:59:49 PM Utilities.FileLogger write
INFO: >>> createPlayerAccount >>> User information stored

Aug 05, 2020 8:04:56 PM Utilities.FileLogger write
INFO: >>> createPlayerAccount

Aug 05, 2020 8:04:56 PM Utilities.FileLogger write
INFO: >>> createPlayerAccount >>> username >>> Darcie123

Aug 05, 2020 8:04:56 PM Utilities.FileLogger write
INFO: >>> createPlayerAccount >>> firstname >>> Darcie

Aug 05, 2020 8:04:56 PM Utilities.FileLogger write
INFO: >>> createPlayerAccount >>> lastname >>> Sammie

Aug 05, 2020 8:04:56 PM Utilities.FileLogger write
INFO: >>> createPlayerAccount >>> password >>> Darcie123

Aug 05, 2020 8:04:56 PM Utilities.FileLogger write
INFO: >>> createPlayerAccount >>> age >>> 15

Aug 05, 2020 8:04:56 PM Utilities.FileLogger write
INFO: >>> createPlayerAccount >>> ipadddress >>> 93.5.4.2

Aug 05, 2020 8:04:56 PM Utilities.FileLogger write
INFO: >>> createPlayerAccount >>> User information stored

Aug 05, 2020 8:05:31 PM Utilities.FileLogger write
INFO: >>> createPlayerAccount

Aug 05, 2020 8:05:31 PM Utilities.FileLogger write
INFO: >>> createPlayerAccount >>> username >>> Darcie123

Aug 05, 2020 8:05:31 PM Utilities.FileLogger write
INFO: >>> createPlayerAccount >>> firstname >>> Darcie

Aug 05, 2020 8:05:31 PM Utilities.FileLogger write
INFO: >>> createPlayerAccount >>> lastname >>> Sammie

Aug 05, 2020 8:05:31 PM Utilities.FileLogger write
INFO: >>> createPlayerAccount >>> password >>> Darcie123

Aug 05, 2020 8:05:31 PM Utilities.FileLogger write
INFO: >>> createPlayerAccount >>> age >>> 15

Aug 05, 2020 8:05:31 PM Utilities.FileLogger write
INFO: >>> createPlayerAccount >>> ipadddress >>> 93.5.4.2

Aug 05, 2020 8:05:31 PM Utilities.FileLogger write
INFO: >>> createPlayerAccount >>> User information stored

Aug 05, 2020 8:28:43 PM Utilities.FileLogger write
INFO: >>> createPlayerAccount

Aug 05, 2020 8:28:43 PM Utilities.FileLogger write
INFO: >>> createPlayerAccount >>> username >>> Darcie123

Aug 05, 2020 8:28:43 PM Utilities.FileLogger write
INFO: >>> createPlayerAccount >>> firstname >>> Darcie

Aug 05, 2020 8:28:43 PM Utilities.FileLogger write
INFO: >>> createPlayerAccount >>> lastname >>> Sammie

Aug 05, 2020 8:28:43 PM Utilities.FileLogger write
INFO: >>> createPlayerAccount >>> password >>> Darcie123

Aug 05, 2020 8:28:43 PM Utilities.FileLogger write
INFO: >>> createPlayerAccount >>> age >>> 15

Aug 05, 2020 8:28:43 PM Utilities.FileLogger write
INFO: >>> createPlayerAccount >>> ipadddress >>> 93.5.4.2

Aug 05, 2020 8:28:43 PM Utilities.FileLogger write
INFO: >>> createPlayerAccount >>> User information stored

Aug 05, 2020 8:29:07 PM Utilities.FileLogger write
INFO: >>> createPlayerAccount

Aug 05, 2020 8:29:07 PM Utilities.FileLogger write
INFO: >>> createPlayerAccount >>> username >>> Darcie123

Aug 05, 2020 8:29:07 PM Utilities.FileLogger write
INFO: >>> createPlayerAccount >>> firstname >>> Darcie

Aug 05, 2020 8:29:07 PM Utilities.FileLogger write
INFO: >>> createPlayerAccount >>> lastname >>> Sammie

Aug 05, 2020 8:29:07 PM Utilities.FileLogger write
INFO: >>> createPlayerAccount >>> password >>> Darcie123

Aug 05, 2020 8:29:07 PM Utilities.FileLogger write
INFO: >>> createPlayerAccount >>> age >>> 15

Aug 05, 2020 8:29:07 PM Utilities.FileLogger write
INFO: >>> createPlayerAccount >>> ipadddress >>> 93.5.4.2

Aug 05, 2020 8:29:07 PM Utilities.FileLogger write
INFO: >>> createPlayerAccount >>> User information stored

Aug 06, 2020 12:47:29 AM Utilities.FileLogger write
INFO: >>> createPlayerAccount

Aug 06, 2020 12:47:29 AM Utilities.FileLogger write
INFO: >>> createPlayerAccount >>> username >>> Darcie123

Aug 06, 2020 12:47:29 AM Utilities.FileLogger write
INFO: >>> createPlayerAccount >>> firstname >>> Darcie

Aug 06, 2020 12:47:29 AM Utilities.FileLogger write
INFO: >>> createPlayerAccount >>> lastname >>> Sammie

Aug 06, 2020 12:47:29 AM Utilities.FileLogger write
INFO: >>> createPlayerAccount >>> password >>> Darcie123

Aug 06, 2020 12:47:29 AM Utilities.FileLogger write
INFO: >>> createPlayerAccount >>> age >>> 15

Aug 06, 2020 12:47:29 AM Utilities.FileLogger write
INFO: >>> createPlayerAccount >>> ipadddress >>> 93.5.4.2

Aug 06, 2020 12:47:29 AM Utilities.FileLogger write
INFO: >>> createPlayerAccount >>> User information stored

Aug 06, 2020 3:11:37 PM Utilities.FileLogger write
INFO: >>> createPlayerAccount

Aug 06, 2020 3:11:37 PM Utilities.FileLogger write
INFO: >>> createPlayerAccount >>> username >>> Darcie123

Aug 06, 2020 3:11:37 PM Utilities.FileLogger write
INFO: >>> createPlayerAccount >>> firstname >>> Darcie

Aug 06, 2020 3:11:37 PM Utilities.FileLogger write
INFO: >>> createPlayerAccount >>> lastname >>> Sammie

Aug 06, 2020 3:11:37 PM Utilities.FileLogger write
INFO: >>> createPlayerAccount >>> password >>> Darcie123

Aug 06, 2020 3:11:37 PM Utilities.FileLogger write
INFO: >>> createPlayerAccount >>> age >>> 15

Aug 06, 2020 3:11:37 PM Utilities.FileLogger write
INFO: >>> createPlayerAccount >>> ipadddress >>> 93.5.4.2

Aug 06, 2020 3:11:37 PM Utilities.FileLogger write
INFO: >>> createPlayerAccount >>> User information stored

Aug 06, 2020 3:14:36 PM Utilities.FileLogger write
INFO: >>> createPlayerAccount

Aug 06, 2020 3:14:36 PM Utilities.FileLogger write
INFO: >>> createPlayerAccount >>> username >>> Darcie123

Aug 06, 2020 3:14:36 PM Utilities.FileLogger write
INFO: >>> createPlayerAccount >>> firstname >>> Darcie

Aug 06, 2020 3:14:36 PM Utilities.FileLogger write
INFO: >>> createPlayerAccount >>> lastname >>> Sammie

Aug 06, 2020 3:14:36 PM Utilities.FileLogger write
INFO: >>> createPlayerAccount >>> password >>> Darcie123

Aug 06, 2020 3:14:36 PM Utilities.FileLogger write
INFO: >>> createPlayerAccount >>> age >>> 15

Aug 06, 2020 3:14:36 PM Utilities.FileLogger write
INFO: >>> createPlayerAccount >>> ipadddress >>> 93.5.4.2

Aug 06, 2020 3:14:36 PM Utilities.FileLogger write
INFO: >>> createPlayerAccount >>> User information stored

Aug 06, 2020 3:18:04 PM Utilities.FileLogger write
INFO: >>> createPlayerAccount

Aug 06, 2020 3:18:04 PM Utilities.FileLogger write
INFO: >>> createPlayerAccount >>> username >>> Darcie123

Aug 06, 2020 3:18:04 PM Utilities.FileLogger write
INFO: >>> createPlayerAccount >>> firstname >>> Darcie

Aug 06, 2020 3:18:04 PM Utilities.FileLogger write
INFO: >>> createPlayerAccount >>> lastname >>> Sammie

Aug 06, 2020 3:18:04 PM Utilities.FileLogger write
INFO: >>> createPlayerAccount >>> password >>> Darcie123

Aug 06, 2020 3:18:04 PM Utilities.FileLogger write
INFO: >>> createPlayerAccount >>> age >>> 15

Aug 06, 2020 3:18:04 PM Utilities.FileLogger write
INFO: >>> createPlayerAccount >>> ipadddress >>> 93.5.4.2

Aug 06, 2020 3:18:04 PM Utilities.FileLogger write
INFO: >>> createPlayerAccount >>> User information stored

Aug 06, 2020 3:21:10 PM Utilities.FileLogger write
INFO: >>> createPlayerAccount

Aug 06, 2020 3:21:10 PM Utilities.FileLogger write
INFO: >>> createPlayerAccount >>> username >>> Darcie123

Aug 06, 2020 3:21:10 PM Utilities.FileLogger write
INFO: >>> createPlayerAccount >>> firstname >>> Darcie

Aug 06, 2020 3:21:10 PM Utilities.FileLogger write
INFO: >>> createPlayerAccount >>> lastname >>> Sammie

Aug 06, 2020 3:21:10 PM Utilities.FileLogger write
INFO: >>> createPlayerAccount >>> password >>> Darcie123

Aug 06, 2020 3:21:10 PM Utilities.FileLogger write
INFO: >>> createPlayerAccount >>> age >>> 15

Aug 06, 2020 3:21:10 PM Utilities.FileLogger write
INFO: >>> createPlayerAccount >>> ipadddress >>> 93.5.4.2

Aug 06, 2020 3:21:10 PM Utilities.FileLogger write
INFO: >>> createPlayerAccount >>> User information stored

Aug 06, 2020 3:37:29 PM Utilities.FileLogger write
INFO: >>> createPlayerAccount

Aug 06, 2020 3:37:29 PM Utilities.FileLogger write
INFO: >>> createPlayerAccount >>> username >>> Darcie123

Aug 06, 2020 3:37:29 PM Utilities.FileLogger write
INFO: >>> createPlayerAccount >>> firstname >>> Darcie

Aug 06, 2020 3:37:29 PM Utilities.FileLogger write
INFO: >>> createPlayerAccount >>> lastname >>> Sammie

Aug 06, 2020 3:37:29 PM Utilities.FileLogger write
INFO: >>> createPlayerAccount >>> password >>> Darcie123

Aug 06, 2020 3:37:29 PM Utilities.FileLogger write
INFO: >>> createPlayerAccount >>> age >>> 15

Aug 06, 2020 3:37:29 PM Utilities.FileLogger write
INFO: >>> createPlayerAccount >>> ipadddress >>> 93.5.4.2

Aug 06, 2020 3:37:29 PM Utilities.FileLogger write
INFO: >>> createPlayerAccount >>> User information stored

Aug 06, 2020 3:38:05 PM Utilities.FileLogger write
INFO: >>> createPlayerAccount

Aug 06, 2020 3:38:05 PM Utilities.FileLogger write
INFO: >>> createPlayerAccount >>> username >>> Darcie123

Aug 06, 2020 3:38:05 PM Utilities.FileLogger write
INFO: >>> createPlayerAccount >>> firstname >>> Darcie

Aug 06, 2020 3:38:05 PM Utilities.FileLogger write
INFO: >>> createPlayerAccount >>> lastname >>> Sammie

Aug 06, 2020 3:38:05 PM Utilities.FileLogger write
INFO: >>> createPlayerAccount >>> password >>> Darcie123

Aug 06, 2020 3:38:05 PM Utilities.FileLogger write
INFO: >>> createPlayerAccount >>> age >>> 15

Aug 06, 2020 3:38:05 PM Utilities.FileLogger write
INFO: >>> createPlayerAccount >>> ipadddress >>> 93.5.4.2

Aug 06, 2020 3:38:05 PM Utilities.FileLogger write
INFO: >>> createPlayerAccount >>> User information stored

Aug 06, 2020 3:38:48 PM Utilities.FileLogger write
INFO: >>> createPlayerAccount

Aug 06, 2020 3:38:48 PM Utilities.FileLogger write
INFO: >>> createPlayerAccount >>> username >>> Darcie123

Aug 06, 2020 3:38:48 PM Utilities.FileLogger write
INFO: >>> createPlayerAccount >>> firstname >>> Darcie

Aug 06, 2020 3:38:48 PM Utilities.FileLogger write
INFO: >>> createPlayerAccount >>> lastname >>> Sammie

Aug 06, 2020 3:38:48 PM Utilities.FileLogger write
INFO: >>> createPlayerAccount >>> password >>> Darcie123

Aug 06, 2020 3:38:48 PM Utilities.FileLogger write
INFO: >>> createPlayerAccount >>> age >>> 15

Aug 06, 2020 3:38:48 PM Utilities.FileLogger write
INFO: >>> createPlayerAccount >>> ipadddress >>> 93.5.4.2

Aug 06, 2020 3:38:48 PM Utilities.FileLogger write
INFO: >>> createPlayerAccount >>> User information stored

Aug 06, 2020 3:46:58 PM Utilities.FileLogger write
INFO: >>> createPlayerAccount

Aug 06, 2020 3:46:58 PM Utilities.FileLogger write
INFO: >>> createPlayerAccount >>> username >>> Darcie123

Aug 06, 2020 3:46:58 PM Utilities.FileLogger write
INFO: >>> createPlayerAccount >>> firstname >>> Darcie

Aug 06, 2020 3:46:58 PM Utilities.FileLogger write
INFO: >>> createPlayerAccount >>> lastname >>> Sammie

Aug 06, 2020 3:46:58 PM Utilities.FileLogger write
INFO: >>> createPlayerAccount >>> password >>> Darcie123

Aug 06, 2020 3:46:58 PM Utilities.FileLogger write
INFO: >>> createPlayerAccount >>> age >>> 15

Aug 06, 2020 3:46:58 PM Utilities.FileLogger write
INFO: >>> createPlayerAccount >>> ipadddress >>> 93.5.4.2

Aug 06, 2020 3:46:58 PM Utilities.FileLogger write
INFO: >>> createPlayerAccount >>> User information stored

Aug 06, 2020 3:48:17 PM Utilities.FileLogger write
INFO: >>> createPlayerAccount

Aug 06, 2020 3:48:17 PM Utilities.FileLogger write
INFO: >>> createPlayerAccount >>> username >>> Darcie123

Aug 06, 2020 3:48:17 PM Utilities.FileLogger write
INFO: >>> createPlayerAccount >>> firstname >>> Darcie

Aug 06, 2020 3:48:17 PM Utilities.FileLogger write
INFO: >>> createPlayerAccount >>> lastname >>> Sammie

Aug 06, 2020 3:48:17 PM Utilities.FileLogger write
INFO: >>> createPlayerAccount >>> password >>> Darcie123

Aug 06, 2020 3:48:17 PM Utilities.FileLogger write
INFO: >>> createPlayerAccount >>> age >>> 15

Aug 06, 2020 3:48:17 PM Utilities.FileLogger write
INFO: >>> createPlayerAccount >>> ipadddress >>> 93.5.4.2

Aug 06, 2020 3:48:17 PM Utilities.FileLogger write
INFO: >>> createPlayerAccount >>> User information stored

Aug 06, 2020 3:50:01 PM Utilities.FileLogger write
INFO: >>> createPlayerAccount

Aug 06, 2020 3:50:01 PM Utilities.FileLogger write
INFO: >>> createPlayerAccount >>> username >>> Darcie123

Aug 06, 2020 3:50:01 PM Utilities.FileLogger write
INFO: >>> createPlayerAccount >>> firstname >>> Darcie

Aug 06, 2020 3:50:01 PM Utilities.FileLogger write
INFO: >>> createPlayerAccount >>> lastname >>> Sammie

Aug 06, 2020 3:50:01 PM Utilities.FileLogger write
INFO: >>> createPlayerAccount >>> password >>> Darcie123

Aug 06, 2020 3:50:01 PM Utilities.FileLogger write
INFO: >>> createPlayerAccount >>> age >>> 15

Aug 06, 2020 3:50:01 PM Utilities.FileLogger write
INFO: >>> createPlayerAccount >>> ipadddress >>> 93.5.4.2

Aug 06, 2020 3:50:01 PM Utilities.FileLogger write
INFO: >>> createPlayerAccount >>> User information stored

Aug 06, 2020 3:52:08 PM Utilities.FileLogger write
INFO: >>> createPlayerAccount

Aug 06, 2020 3:52:08 PM Utilities.FileLogger write
INFO: >>> createPlayerAccount >>> username >>> Darcie123

Aug 06, 2020 3:52:08 PM Utilities.FileLogger write
INFO: >>> createPlayerAccount >>> firstname >>> Darcie

Aug 06, 2020 3:52:08 PM Utilities.FileLogger write
INFO: >>> createPlayerAccount >>> lastname >>> Sammie

Aug 06, 2020 3:52:08 PM Utilities.FileLogger write
INFO: >>> createPlayerAccount >>> password >>> Darcie123

Aug 06, 2020 3:52:08 PM Utilities.FileLogger write
INFO: >>> createPlayerAccount >>> age >>> 15

Aug 06, 2020 3:52:08 PM Utilities.FileLogger write
INFO: >>> createPlayerAccount >>> ipadddress >>> 93.5.4.2

Aug 06, 2020 3:52:08 PM Utilities.FileLogger write
INFO: >>> createPlayerAccount >>> User information stored

Aug 06, 2020 4:00:10 PM Utilities.FileLogger write
INFO: >>> createPlayerAccount

Aug 06, 2020 4:00:10 PM Utilities.FileLogger write
INFO: >>> createPlayerAccount >>> username >>> Darcie123

Aug 06, 2020 4:00:10 PM Utilities.FileLogger write
INFO: >>> createPlayerAccount >>> firstname >>> Darcie

Aug 06, 2020 4:00:10 PM Utilities.FileLogger write
INFO: >>> createPlayerAccount >>> lastname >>> Sammie

Aug 06, 2020 4:00:10 PM Utilities.FileLogger write
INFO: >>> createPlayerAccount >>> password >>> Darcie123

Aug 06, 2020 4:00:10 PM Utilities.FileLogger write
INFO: >>> createPlayerAccount >>> age >>> 15

Aug 06, 2020 4:00:10 PM Utilities.FileLogger write
INFO: >>> createPlayerAccount >>> ipadddress >>> 93.5.4.2

Aug 06, 2020 4:00:10 PM Utilities.FileLogger write
INFO: >>> createPlayerAccount >>> User information stored

Aug 06, 2020 4:00:45 PM Utilities.FileLogger write
INFO: >>> createPlayerAccount

Aug 06, 2020 4:00:45 PM Utilities.FileLogger write
INFO: >>> createPlayerAccount >>> username >>> Darcie123

Aug 06, 2020 4:00:45 PM Utilities.FileLogger write
INFO: >>> createPlayerAccount >>> firstname >>> Darcie

Aug 06, 2020 4:00:45 PM Utilities.FileLogger write
INFO: >>> createPlayerAccount >>> lastname >>> Sammie

Aug 06, 2020 4:00:45 PM Utilities.FileLogger write
INFO: >>> createPlayerAccount >>> password >>> Darcie123

Aug 06, 2020 4:00:45 PM Utilities.FileLogger write
INFO: >>> createPlayerAccount >>> age >>> 15

Aug 06, 2020 4:00:45 PM Utilities.FileLogger write
INFO: >>> createPlayerAccount >>> ipadddress >>> 93.5.4.2

Aug 06, 2020 4:00:45 PM Utilities.FileLogger write
INFO: >>> createPlayerAccount >>> User information stored

Aug 06, 2020 4:02:51 PM Utilities.FileLogger write
INFO: >>> createPlayerAccount

Aug 06, 2020 4:02:51 PM Utilities.FileLogger write
INFO: >>> createPlayerAccount >>> username >>> Darcie123

Aug 06, 2020 4:02:51 PM Utilities.FileLogger write
INFO: >>> createPlayerAccount >>> firstname >>> Darcie

Aug 06, 2020 4:02:51 PM Utilities.FileLogger write
INFO: >>> createPlayerAccount >>> lastname >>> Sammie

Aug 06, 2020 4:02:51 PM Utilities.FileLogger write
INFO: >>> createPlayerAccount >>> password >>> Darcie123

Aug 06, 2020 4:02:51 PM Utilities.FileLogger write
INFO: >>> createPlayerAccount >>> age >>> 15

Aug 06, 2020 4:02:51 PM Utilities.FileLogger write
INFO: >>> createPlayerAccount >>> ipadddress >>> 93.5.4.2

Aug 06, 2020 4:02:51 PM Utilities.FileLogger write
INFO: >>> createPlayerAccount >>> User information stored

Aug 06, 2020 4:06:24 PM Utilities.FileLogger write
INFO: >>> createPlayerAccount

Aug 06, 2020 4:06:24 PM Utilities.FileLogger write
INFO: >>> createPlayerAccount >>> username >>> Darcie123

Aug 06, 2020 4:06:24 PM Utilities.FileLogger write
INFO: >>> createPlayerAccount >>> firstname >>> Darcie

Aug 06, 2020 4:06:24 PM Utilities.FileLogger write
INFO: >>> createPlayerAccount >>> lastname >>> Sammie

Aug 06, 2020 4:06:24 PM Utilities.FileLogger write
INFO: >>> createPlayerAccount >>> password >>> Darcie123

Aug 06, 2020 4:06:24 PM Utilities.FileLogger write
INFO: >>> createPlayerAccount >>> age >>> 15

Aug 06, 2020 4:06:24 PM Utilities.FileLogger write
INFO: >>> createPlayerAccount >>> ipadddress >>> 93.5.4.2

Aug 06, 2020 4:06:24 PM Utilities.FileLogger write
INFO: >>> createPlayerAccount >>> User information stored

Aug 06, 2020 4:09:27 PM Utilities.FileLogger write
INFO: >>> createPlayerAccount

Aug 06, 2020 4:09:27 PM Utilities.FileLogger write
INFO: >>> createPlayerAccount >>> username >>> Darcie123

Aug 06, 2020 4:09:27 PM Utilities.FileLogger write
INFO: >>> createPlayerAccount >>> firstname >>> Darcie

Aug 06, 2020 4:09:27 PM Utilities.FileLogger write
INFO: >>> createPlayerAccount >>> lastname >>> Sammie

Aug 06, 2020 4:09:27 PM Utilities.FileLogger write
INFO: >>> createPlayerAccount >>> password >>> Darcie123

Aug 06, 2020 4:09:27 PM Utilities.FileLogger write
INFO: >>> createPlayerAccount >>> age >>> 15

Aug 06, 2020 4:09:27 PM Utilities.FileLogger write
INFO: >>> createPlayerAccount >>> ipadddress >>> 93.5.4.2

Aug 06, 2020 4:09:27 PM Utilities.FileLogger write
INFO: >>> createPlayerAccount >>> User information stored

Aug 06, 2020 4:32:03 PM Utilities.FileLogger write
INFO: >>> createPlayerAccount

Aug 06, 2020 4:32:03 PM Utilities.FileLogger write
INFO: >>> createPlayerAccount >>> username >>> Darcie123

Aug 06, 2020 4:32:03 PM Utilities.FileLogger write
INFO: >>> createPlayerAccount >>> firstname >>> Darcie

Aug 06, 2020 4:32:03 PM Utilities.FileLogger write
INFO: >>> createPlayerAccount >>> lastname >>> Sammie

Aug 06, 2020 4:32:03 PM Utilities.FileLogger write
INFO: >>> createPlayerAccount >>> password >>> Darcie123

Aug 06, 2020 4:32:03 PM Utilities.FileLogger write
INFO: >>> createPlayerAccount >>> age >>> 15

Aug 06, 2020 4:32:03 PM Utilities.FileLogger write
INFO: >>> createPlayerAccount >>> ipadddress >>> 93.5.4.2

Aug 06, 2020 4:32:03 PM Utilities.FileLogger write
INFO: >>> createPlayerAccount >>> User information stored

Aug 06, 2020 4:33:25 PM Utilities.FileLogger write
INFO: >>> createPlayerAccount

Aug 06, 2020 4:33:25 PM Utilities.FileLogger write
INFO: >>> createPlayerAccount >>> username >>> Darcie123

Aug 06, 2020 4:33:25 PM Utilities.FileLogger write
INFO: >>> createPlayerAccount >>> firstname >>> Darcie

Aug 06, 2020 4:33:25 PM Utilities.FileLogger write
INFO: >>> createPlayerAccount >>> lastname >>> Sammie

Aug 06, 2020 4:33:25 PM Utilities.FileLogger write
INFO: >>> createPlayerAccount >>> password >>> Darcie123

Aug 06, 2020 4:33:25 PM Utilities.FileLogger write
INFO: >>> createPlayerAccount >>> age >>> 15

Aug 06, 2020 4:33:25 PM Utilities.FileLogger write
INFO: >>> createPlayerAccount >>> ipadddress >>> 93.5.4.2

Aug 06, 2020 4:33:25 PM Utilities.FileLogger write
INFO: >>> createPlayerAccount >>> User information stored

Aug 06, 2020 4:33:29 PM Utilities.FileLogger write
INFO: >>> createPlayerAccount

Aug 06, 2020 4:33:29 PM Utilities.FileLogger write
INFO: >>> createPlayerAccount >>> username >>> Darcie123

Aug 06, 2020 4:33:29 PM Utilities.FileLogger write
INFO: >>> createPlayerAccount >>> firstname >>> Darcie

Aug 06, 2020 4:33:29 PM Utilities.FileLogger write
INFO: >>> createPlayerAccount >>> lastname >>> Sammie

Aug 06, 2020 4:33:29 PM Utilities.FileLogger write
INFO: >>> createPlayerAccount >>> password >>> Darcie123

Aug 06, 2020 4:33:29 PM Utilities.FileLogger write
INFO: >>> createPlayerAccount >>> age >>> 15

Aug 06, 2020 4:33:29 PM Utilities.FileLogger write
INFO: >>> createPlayerAccount >>> ipadddress >>> 93.5.4.2

Aug 06, 2020 4:33:29 PM Utilities.FileLogger write
INFO: >>> createPlayerAccount >>> User information stored

Aug 06, 2020 4:55:22 PM Utilities.FileLogger write
INFO: >>> createPlayerAccount

Aug 06, 2020 4:55:22 PM Utilities.FileLogger write
INFO: >>> createPlayerAccount >>> username >>> Darcie123

Aug 06, 2020 4:55:22 PM Utilities.FileLogger write
INFO: >>> createPlayerAccount >>> firstname >>> Darcie

Aug 06, 2020 4:55:22 PM Utilities.FileLogger write
INFO: >>> createPlayerAccount >>> lastname >>> Sammie

Aug 06, 2020 4:55:22 PM Utilities.FileLogger write
INFO: >>> createPlayerAccount >>> password >>> Darcie123

Aug 06, 2020 4:55:22 PM Utilities.FileLogger write
INFO: >>> createPlayerAccount >>> age >>> 15

Aug 06, 2020 4:55:22 PM Utilities.FileLogger write
INFO: >>> createPlayerAccount >>> ipadddress >>> 93.5.4.2

Aug 06, 2020 4:55:22 PM Utilities.FileLogger write
INFO: >>> createPlayerAccount >>> User information stored

Aug 06, 2020 10:16:01 PM Utilities.FileLogger write
INFO: >>> createPlayerAccount

Aug 06, 2020 10:16:01 PM Utilities.FileLogger write
INFO: >>> createPlayerAccount >>> username >>> Darcie123

Aug 06, 2020 10:16:01 PM Utilities.FileLogger write
INFO: >>> createPlayerAccount >>> firstname >>> Darcie

Aug 06, 2020 10:16:01 PM Utilities.FileLogger write
INFO: >>> createPlayerAccount >>> lastname >>> Sammie

Aug 06, 2020 10:16:01 PM Utilities.FileLogger write
INFO: >>> createPlayerAccount >>> password >>> Darcie123

Aug 06, 2020 10:16:01 PM Utilities.FileLogger write
INFO: >>> createPlayerAccount >>> age >>> 15

Aug 06, 2020 10:16:01 PM Utilities.FileLogger write
INFO: >>> createPlayerAccount >>> ipadddress >>> 93.5.4.2

Aug 06, 2020 10:16:01 PM Utilities.FileLogger write
INFO: >>> createPlayerAccount >>> User information stored

Aug 07, 2020 3:24:40 PM Utilities.FileLogger write
INFO: >>> createPlayerAccount

Aug 07, 2020 3:24:40 PM Utilities.FileLogger write
INFO: >>> createPlayerAccount >>> username >>> Darcie123

Aug 07, 2020 3:24:40 PM Utilities.FileLogger write
INFO: >>> createPlayerAccount >>> firstname >>> Darcie

Aug 07, 2020 3:24:40 PM Utilities.FileLogger write
INFO: >>> createPlayerAccount >>> lastname >>> Sammie

Aug 07, 2020 3:24:40 PM Utilities.FileLogger write
INFO: >>> createPlayerAccount >>> password >>> Darcie123

Aug 07, 2020 3:24:40 PM Utilities.FileLogger write
INFO: >>> createPlayerAccount >>> age >>> 15

Aug 07, 2020 3:24:40 PM Utilities.FileLogger write
INFO: >>> createPlayerAccount >>> ipadddress >>> 93.5.4.2

Aug 07, 2020 3:24:40 PM Utilities.FileLogger write
INFO: >>> createPlayerAccount >>> User information stored

Aug 07, 2020 3:29:05 PM Utilities.FileLogger write
INFO: >>> createPlayerAccount

Aug 07, 2020 3:29:05 PM Utilities.FileLogger write
INFO: >>> createPlayerAccount >>> username >>> Darcie123

Aug 07, 2020 3:29:05 PM Utilities.FileLogger write
INFO: >>> createPlayerAccount >>> firstname >>> Darcie

Aug 07, 2020 3:29:05 PM Utilities.FileLogger write
INFO: >>> createPlayerAccount >>> lastname >>> Sammie

Aug 07, 2020 3:29:05 PM Utilities.FileLogger write
INFO: >>> createPlayerAccount >>> password >>> Darcie123

Aug 07, 2020 3:29:05 PM Utilities.FileLogger write
INFO: >>> createPlayerAccount >>> age >>> 15

Aug 07, 2020 3:29:05 PM Utilities.FileLogger write
INFO: >>> createPlayerAccount >>> ipadddress >>> 93.5.4.2

Aug 07, 2020 3:29:05 PM Utilities.FileLogger write
INFO: >>> createPlayerAccount >>> User information stored

Aug 07, 2020 3:54:45 PM Utilities.FileLogger write
INFO: >>> createPlayerAccount

Aug 07, 2020 3:54:45 PM Utilities.FileLogger write
INFO: >>> createPlayerAccount >>> username >>> Darcie123

Aug 07, 2020 3:54:45 PM Utilities.FileLogger write
INFO: >>> createPlayerAccount >>> firstname >>> Darcie

Aug 07, 2020 3:54:45 PM Utilities.FileLogger write
INFO: >>> createPlayerAccount >>> lastname >>> Sammie

Aug 07, 2020 3:54:45 PM Utilities.FileLogger write
INFO: >>> createPlayerAccount >>> password >>> Darcie123

Aug 07, 2020 3:54:45 PM Utilities.FileLogger write
INFO: >>> createPlayerAccount >>> age >>> 15

Aug 07, 2020 3:54:45 PM Utilities.FileLogger write
INFO: >>> createPlayerAccount >>> ipadddress >>> 93.5.4.2

Aug 07, 2020 3:54:45 PM Utilities.FileLogger write
INFO: >>> createPlayerAccount >>> User information stored

Aug 08, 2020 3:03:35 PM Utilities.FileLogger write
INFO: >>> createPlayerAccount

Aug 08, 2020 3:03:35 PM Utilities.FileLogger write
INFO: >>> createPlayerAccount >>> username >>> Darcie123

Aug 08, 2020 3:03:35 PM Utilities.FileLogger write
INFO: >>> createPlayerAccount >>> firstname >>> Darcie

Aug 08, 2020 3:03:35 PM Utilities.FileLogger write
INFO: >>> createPlayerAccount >>> lastname >>> Sammie

Aug 08, 2020 3:03:35 PM Utilities.FileLogger write
INFO: >>> createPlayerAccount >>> password >>> Darcie123

Aug 08, 2020 3:03:35 PM Utilities.FileLogger write
INFO: >>> createPlayerAccount >>> age >>> 15

Aug 08, 2020 3:03:35 PM Utilities.FileLogger write
INFO: >>> createPlayerAccount >>> ipadddress >>> 93.5.4.2

Aug 08, 2020 3:03:35 PM Utilities.FileLogger write
INFO: >>> createPlayerAccount >>> User information stored

Aug 08, 2020 3:04:49 PM Utilities.FileLogger write
INFO: >>> createPlayerAccount

Aug 08, 2020 3:04:49 PM Utilities.FileLogger write
INFO: >>> createPlayerAccount >>> username >>> Darcie123

Aug 08, 2020 3:04:49 PM Utilities.FileLogger write
INFO: >>> createPlayerAccount >>> firstname >>> Darcie

Aug 08, 2020 3:04:49 PM Utilities.FileLogger write
INFO: >>> createPlayerAccount >>> lastname >>> Sammie

Aug 08, 2020 3:04:49 PM Utilities.FileLogger write
INFO: >>> createPlayerAccount >>> password >>> Darcie123

Aug 08, 2020 3:04:49 PM Utilities.FileLogger write
INFO: >>> createPlayerAccount >>> age >>> 15

Aug 08, 2020 3:04:49 PM Utilities.FileLogger write
INFO: >>> createPlayerAccount >>> ipadddress >>> 93.5.4.2

Aug 08, 2020 3:04:49 PM Utilities.FileLogger write
INFO: >>> createPlayerAccount >>> User information stored

Aug 08, 2020 3:05:51 PM Utilities.FileLogger write
INFO: >>> createPlayerAccount

Aug 08, 2020 3:05:51 PM Utilities.FileLogger write
INFO: >>> createPlayerAccount >>> username >>> Darcie123

Aug 08, 2020 3:05:51 PM Utilities.FileLogger write
INFO: >>> createPlayerAccount >>> firstname >>> Darcie

Aug 08, 2020 3:05:51 PM Utilities.FileLogger write
INFO: >>> createPlayerAccount >>> lastname >>> Sammie

Aug 08, 2020 3:05:51 PM Utilities.FileLogger write
INFO: >>> createPlayerAccount >>> password >>> Darcie123

Aug 08, 2020 3:05:51 PM Utilities.FileLogger write
INFO: >>> createPlayerAccount >>> age >>> 15

Aug 08, 2020 3:05:51 PM Utilities.FileLogger write
INFO: >>> createPlayerAccount >>> ipadddress >>> 93.5.4.2

Aug 08, 2020 3:05:51 PM Utilities.FileLogger write
INFO: >>> createPlayerAccount >>> User information stored

Aug 08, 2020 3:07:39 PM Utilities.FileLogger write
INFO: >>> createPlayerAccount

Aug 08, 2020 3:07:39 PM Utilities.FileLogger write
INFO: >>> createPlayerAccount >>> username >>> Darcie123

Aug 08, 2020 3:07:39 PM Utilities.FileLogger write
INFO: >>> createPlayerAccount >>> firstname >>> Darcie

Aug 08, 2020 3:07:39 PM Utilities.FileLogger write
INFO: >>> createPlayerAccount >>> lastname >>> Sammie

Aug 08, 2020 3:07:39 PM Utilities.FileLogger write
INFO: >>> createPlayerAccount >>> password >>> Darcie123

Aug 08, 2020 3:07:39 PM Utilities.FileLogger write
INFO: >>> createPlayerAccount >>> age >>> 15

Aug 08, 2020 3:07:39 PM Utilities.FileLogger write
INFO: >>> createPlayerAccount >>> ipadddress >>> 93.5.4.2

Aug 08, 2020 3:07:39 PM Utilities.FileLogger write
INFO: >>> createPlayerAccount >>> User information stored

Aug 08, 2020 3:09:05 PM Utilities.FileLogger write
INFO: >>> createPlayerAccount

Aug 08, 2020 3:09:05 PM Utilities.FileLogger write
INFO: >>> createPlayerAccount >>> username >>> Darcie123

Aug 08, 2020 3:09:05 PM Utilities.FileLogger write
INFO: >>> createPlayerAccount >>> firstname >>> Darcie

Aug 08, 2020 3:09:05 PM Utilities.FileLogger write
INFO: >>> createPlayerAccount >>> lastname >>> Sammie

Aug 08, 2020 3:09:05 PM Utilities.FileLogger write
INFO: >>> createPlayerAccount >>> password >>> Darcie123

Aug 08, 2020 3:09:05 PM Utilities.FileLogger write
INFO: >>> createPlayerAccount >>> age >>> 15

Aug 08, 2020 3:09:05 PM Utilities.FileLogger write
INFO: >>> createPlayerAccount >>> ipadddress >>> 93.5.4.2

Aug 08, 2020 3:09:05 PM Utilities.FileLogger write
INFO: >>> createPlayerAccount >>> User information stored

Aug 08, 2020 3:18:08 PM Utilities.FileLogger write
INFO: >>> createPlayerAccount

Aug 08, 2020 3:18:08 PM Utilities.FileLogger write
INFO: >>> createPlayerAccount >>> username >>> Darcie123

Aug 08, 2020 3:18:08 PM Utilities.FileLogger write
INFO: >>> createPlayerAccount >>> firstname >>> Darcie

Aug 08, 2020 3:18:08 PM Utilities.FileLogger write
INFO: >>> createPlayerAccount >>> lastname >>> Sammie

Aug 08, 2020 3:18:08 PM Utilities.FileLogger write
INFO: >>> createPlayerAccount >>> password >>> Darcie123

Aug 08, 2020 3:18:08 PM Utilities.FileLogger write
INFO: >>> createPlayerAccount >>> age >>> 15

Aug 08, 2020 3:18:08 PM Utilities.FileLogger write
INFO: >>> createPlayerAccount >>> ipadddress >>> 93.5.4.2

Aug 08, 2020 3:18:08 PM Utilities.FileLogger write
INFO: >>> createPlayerAccount >>> User information stored

Aug 08, 2020 3:38:31 PM Utilities.FileLogger write
INFO: >>> createPlayerAccount

Aug 08, 2020 3:38:31 PM Utilities.FileLogger write
INFO: >>> createPlayerAccount >>> username >>> Darcie123

Aug 08, 2020 3:38:31 PM Utilities.FileLogger write
INFO: >>> createPlayerAccount >>> firstname >>> Darcie

Aug 08, 2020 3:38:31 PM Utilities.FileLogger write
INFO: >>> createPlayerAccount >>> lastname >>> Sammie

Aug 08, 2020 3:38:31 PM Utilities.FileLogger write
INFO: >>> createPlayerAccount >>> password >>> Darcie123

Aug 08, 2020 3:38:31 PM Utilities.FileLogger write
INFO: >>> createPlayerAccount >>> age >>> 15

Aug 08, 2020 3:38:31 PM Utilities.FileLogger write
INFO: >>> createPlayerAccount >>> ipadddress >>> 93.5.4.2

Aug 08, 2020 3:38:31 PM Utilities.FileLogger write
INFO: >>> createPlayerAccount >>> User information stored

Aug 08, 2020 3:44:45 PM Utilities.FileLogger write
INFO: >>> createPlayerAccount

Aug 08, 2020 3:44:45 PM Utilities.FileLogger write
INFO: >>> createPlayerAccount >>> username >>> Darcie123

Aug 08, 2020 3:44:45 PM Utilities.FileLogger write
INFO: >>> createPlayerAccount >>> firstname >>> Darcie

Aug 08, 2020 3:44:45 PM Utilities.FileLogger write
INFO: >>> createPlayerAccount >>> lastname >>> Sammie

Aug 08, 2020 3:44:45 PM Utilities.FileLogger write
INFO: >>> createPlayerAccount >>> password >>> Darcie123

Aug 08, 2020 3:44:45 PM Utilities.FileLogger write
INFO: >>> createPlayerAccount >>> age >>> 15

Aug 08, 2020 3:44:45 PM Utilities.FileLogger write
INFO: >>> createPlayerAccount >>> ipadddress >>> 93.5.4.2

Aug 08, 2020 3:44:45 PM Utilities.FileLogger write
INFO: >>> createPlayerAccount >>> User information stored

Aug 08, 2020 5:11:52 PM Utilities.FileLogger write
INFO: >>> createPlayerAccount

Aug 08, 2020 5:11:52 PM Utilities.FileLogger write
INFO: >>> createPlayerAccount >>> username >>> Darcie123

Aug 08, 2020 5:11:52 PM Utilities.FileLogger write
INFO: >>> createPlayerAccount >>> firstname >>> Darcie

Aug 08, 2020 5:11:52 PM Utilities.FileLogger write
INFO: >>> createPlayerAccount >>> lastname >>> Sammie

Aug 08, 2020 5:11:52 PM Utilities.FileLogger write
INFO: >>> createPlayerAccount >>> password >>> Darcie123

Aug 08, 2020 5:11:52 PM Utilities.FileLogger write
INFO: >>> createPlayerAccount >>> age >>> 15

Aug 08, 2020 5:11:52 PM Utilities.FileLogger write
INFO: >>> createPlayerAccount >>> ipadddress >>> 93.5.4.2

Aug 08, 2020 5:11:52 PM Utilities.FileLogger write
INFO: >>> createPlayerAccount >>> User information stored

Aug 08, 2020 5:18:51 PM Utilities.FileLogger write
INFO: >>> createPlayerAccount

Aug 08, 2020 5:18:51 PM Utilities.FileLogger write
INFO: >>> createPlayerAccount >>> username >>> Darcie123

Aug 08, 2020 5:18:51 PM Utilities.FileLogger write
INFO: >>> createPlayerAccount >>> firstname >>> Darcie

Aug 08, 2020 5:18:51 PM Utilities.FileLogger write
INFO: >>> createPlayerAccount >>> lastname >>> Sammie

Aug 08, 2020 5:18:51 PM Utilities.FileLogger write
INFO: >>> createPlayerAccount >>> password >>> Darcie123

Aug 08, 2020 5:18:51 PM Utilities.FileLogger write
INFO: >>> createPlayerAccount >>> age >>> 15

Aug 08, 2020 5:18:51 PM Utilities.FileLogger write
INFO: >>> createPlayerAccount >>> ipadddress >>> 93.5.4.2

Aug 08, 2020 5:18:51 PM Utilities.FileLogger write
INFO: >>> createPlayerAccount >>> User information stored

Aug 08, 2020 5:30:14 PM Utilities.FileLogger write
INFO: >>> createPlayerAccount

Aug 08, 2020 5:30:15 PM Utilities.FileLogger write
INFO: >>> createPlayerAccount >>> username >>> Darcie123

Aug 08, 2020 5:30:15 PM Utilities.FileLogger write
INFO: >>> createPlayerAccount >>> firstname >>> Darcie

Aug 08, 2020 5:30:15 PM Utilities.FileLogger write
INFO: >>> createPlayerAccount >>> lastname >>> Sammie

Aug 08, 2020 5:30:15 PM Utilities.FileLogger write
INFO: >>> createPlayerAccount >>> password >>> Darcie123

Aug 08, 2020 5:30:15 PM Utilities.FileLogger write
INFO: >>> createPlayerAccount >>> age >>> 15

Aug 08, 2020 5:30:15 PM Utilities.FileLogger write
INFO: >>> createPlayerAccount >>> ipadddress >>> 93.5.4.2

Aug 08, 2020 5:30:15 PM Utilities.FileLogger write
INFO: >>> createPlayerAccount >>> User information stored

Aug 08, 2020 5:43:41 PM Utilities.FileLogger write
INFO: >>> createPlayerAccount

Aug 08, 2020 5:43:41 PM Utilities.FileLogger write
INFO: >>> createPlayerAccount >>> username >>> Darcie123

Aug 08, 2020 5:43:41 PM Utilities.FileLogger write
INFO: >>> createPlayerAccount >>> firstname >>> Darcie

Aug 08, 2020 5:43:41 PM Utilities.FileLogger write
INFO: >>> createPlayerAccount >>> lastname >>> Sammie

Aug 08, 2020 5:43:41 PM Utilities.FileLogger write
INFO: >>> createPlayerAccount >>> password >>> Darcie123

Aug 08, 2020 5:43:41 PM Utilities.FileLogger write
INFO: >>> createPlayerAccount >>> age >>> 15

Aug 08, 2020 5:43:41 PM Utilities.FileLogger write
INFO: >>> createPlayerAccount >>> ipadddress >>> 93.5.4.2

Aug 08, 2020 5:43:41 PM Utilities.FileLogger write
INFO: >>> createPlayerAccount >>> User information stored

Aug 08, 2020 5:52:32 PM Utilities.FileLogger write
INFO: >>> createPlayerAccount

Aug 08, 2020 5:52:32 PM Utilities.FileLogger write
INFO: >>> createPlayerAccount >>> username >>> Darcie123

Aug 08, 2020 5:52:32 PM Utilities.FileLogger write
INFO: >>> createPlayerAccount >>> firstname >>> Darcie

Aug 08, 2020 5:52:32 PM Utilities.FileLogger write
INFO: >>> createPlayerAccount >>> lastname >>> Sammie

Aug 08, 2020 5:52:32 PM Utilities.FileLogger write
INFO: >>> createPlayerAccount >>> password >>> Darcie123

Aug 08, 2020 5:52:32 PM Utilities.FileLogger write
INFO: >>> createPlayerAccount >>> age >>> 15

Aug 08, 2020 5:52:32 PM Utilities.FileLogger write
INFO: >>> createPlayerAccount >>> ipadddress >>> 93.5.4.2

Aug 08, 2020 5:52:32 PM Utilities.FileLogger write
INFO: >>> createPlayerAccount >>> User information stored

Aug 08, 2020 5:57:39 PM Utilities.FileLogger write
INFO: >>> createPlayerAccount

Aug 08, 2020 5:57:39 PM Utilities.FileLogger write
INFO: >>> createPlayerAccount >>> username >>> Darcie123

Aug 08, 2020 5:57:39 PM Utilities.FileLogger write
INFO: >>> createPlayerAccount >>> firstname >>> Darcie

Aug 08, 2020 5:57:39 PM Utilities.FileLogger write
INFO: >>> createPlayerAccount >>> lastname >>> Sammie

Aug 08, 2020 5:57:39 PM Utilities.FileLogger write
INFO: >>> createPlayerAccount >>> password >>> Darcie123

Aug 08, 2020 5:57:39 PM Utilities.FileLogger write
INFO: >>> createPlayerAccount >>> age >>> 15

Aug 08, 2020 5:57:39 PM Utilities.FileLogger write
INFO: >>> createPlayerAccount >>> ipadddress >>> 93.5.4.2

Aug 08, 2020 5:57:39 PM Utilities.FileLogger write
INFO: >>> createPlayerAccount >>> User information stored

Aug 08, 2020 6:01:57 PM Utilities.FileLogger write
INFO: >>> createPlayerAccount

Aug 08, 2020 6:01:57 PM Utilities.FileLogger write
INFO: >>> createPlayerAccount >>> username >>> Darcie123

Aug 08, 2020 6:01:57 PM Utilities.FileLogger write
INFO: >>> createPlayerAccount >>> firstname >>> Darcie

Aug 08, 2020 6:01:57 PM Utilities.FileLogger write
INFO: >>> createPlayerAccount >>> lastname >>> Sammie

Aug 08, 2020 6:01:57 PM Utilities.FileLogger write
INFO: >>> createPlayerAccount >>> password >>> Darcie123

Aug 08, 2020 6:01:57 PM Utilities.FileLogger write
INFO: >>> createPlayerAccount >>> age >>> 15

Aug 08, 2020 6:01:57 PM Utilities.FileLogger write
INFO: >>> createPlayerAccount >>> ipadddress >>> 93.5.4.2

Aug 08, 2020 6:01:57 PM Utilities.FileLogger write
INFO: >>> createPlayerAccount >>> User information stored

Aug 09, 2020 12:39:57 AM Utilities.FileLogger write
INFO: >>> createPlayerAccount

Aug 09, 2020 12:39:57 AM Utilities.FileLogger write
INFO: >>> createPlayerAccount >>> username >>> Darcie123

Aug 09, 2020 12:39:57 AM Utilities.FileLogger write
INFO: >>> createPlayerAccount >>> firstname >>> Darcie

Aug 09, 2020 12:39:57 AM Utilities.FileLogger write
INFO: >>> createPlayerAccount >>> lastname >>> Sammie

Aug 09, 2020 12:39:57 AM Utilities.FileLogger write
INFO: >>> createPlayerAccount >>> password >>> Darcie123

Aug 09, 2020 12:39:57 AM Utilities.FileLogger write
INFO: >>> createPlayerAccount >>> age >>> 15

Aug 09, 2020 12:39:57 AM Utilities.FileLogger write
INFO: >>> createPlayerAccount >>> ipadddress >>> 93.5.4.2

Aug 09, 2020 12:39:57 AM Utilities.FileLogger write
INFO: >>> createPlayerAccount >>> User information stored

Aug 09, 2020 12:49:19 AM Utilities.FileLogger write
INFO: >>> createPlayerAccount

Aug 09, 2020 12:49:19 AM Utilities.FileLogger write
INFO: >>> createPlayerAccount >>> username >>> Darcie123

Aug 09, 2020 12:49:19 AM Utilities.FileLogger write
INFO: >>> createPlayerAccount >>> firstname >>> Darcie

Aug 09, 2020 12:49:19 AM Utilities.FileLogger write
INFO: >>> createPlayerAccount >>> lastname >>> Sammie

Aug 09, 2020 12:49:19 AM Utilities.FileLogger write
INFO: >>> createPlayerAccount >>> password >>> Darcie123

Aug 09, 2020 12:49:19 AM Utilities.FileLogger write
INFO: >>> createPlayerAccount >>> age >>> 15

Aug 09, 2020 12:49:19 AM Utilities.FileLogger write
INFO: >>> createPlayerAccount >>> ipadddress >>> 93.5.4.2

Aug 09, 2020 12:49:19 AM Utilities.FileLogger write
INFO: >>> createPlayerAccount >>> User information stored

Aug 09, 2020 12:50:30 AM Utilities.FileLogger write
INFO: >>> createPlayerAccount

Aug 09, 2020 12:50:30 AM Utilities.FileLogger write
INFO: >>> createPlayerAccount >>> username >>> Darcie123

Aug 09, 2020 12:50:30 AM Utilities.FileLogger write
INFO: >>> createPlayerAccount >>> firstname >>> Darcie

Aug 09, 2020 12:50:30 AM Utilities.FileLogger write
INFO: >>> createPlayerAccount >>> lastname >>> Sammie

Aug 09, 2020 12:50:30 AM Utilities.FileLogger write
INFO: >>> createPlayerAccount >>> password >>> Darcie123

Aug 09, 2020 12:50:30 AM Utilities.FileLogger write
INFO: >>> createPlayerAccount >>> age >>> 15

Aug 09, 2020 12:50:30 AM Utilities.FileLogger write
INFO: >>> createPlayerAccount >>> ipadddress >>> 93.5.4.2

Aug 09, 2020 12:50:30 AM Utilities.FileLogger write
INFO: >>> createPlayerAccount >>> User information stored

Aug 09, 2020 12:51:06 AM Utilities.FileLogger write
INFO: >>> createPlayerAccount

Aug 09, 2020 12:51:06 AM Utilities.FileLogger write
INFO: >>> createPlayerAccount >>> username >>> Darcie123

Aug 09, 2020 12:51:06 AM Utilities.FileLogger write
INFO: >>> createPlayerAccount >>> firstname >>> Darcie

Aug 09, 2020 12:51:06 AM Utilities.FileLogger write
INFO: >>> createPlayerAccount >>> lastname >>> Sammie

Aug 09, 2020 12:51:06 AM Utilities.FileLogger write
INFO: >>> createPlayerAccount >>> password >>> Darcie123

Aug 09, 2020 12:51:06 AM Utilities.FileLogger write
INFO: >>> createPlayerAccount >>> age >>> 15

Aug 09, 2020 12:51:06 AM Utilities.FileLogger write
INFO: >>> createPlayerAccount >>> ipadddress >>> 93.5.4.2

Aug 09, 2020 12:51:06 AM Utilities.FileLogger write
INFO: >>> createPlayerAccount >>> User information stored

Aug 09, 2020 12:52:08 AM Utilities.FileLogger write
INFO: >>> createPlayerAccount

Aug 09, 2020 12:52:08 AM Utilities.FileLogger write
INFO: >>> createPlayerAccount >>> username >>> Darcie123

Aug 09, 2020 12:52:08 AM Utilities.FileLogger write
INFO: >>> createPlayerAccount >>> firstname >>> Darcie

Aug 09, 2020 12:52:08 AM Utilities.FileLogger write
INFO: >>> createPlayerAccount >>> lastname >>> Sammie

Aug 09, 2020 12:52:08 AM Utilities.FileLogger write
INFO: >>> createPlayerAccount >>> password >>> Darcie123

Aug 09, 2020 12:52:08 AM Utilities.FileLogger write
INFO: >>> createPlayerAccount >>> age >>> 15

Aug 09, 2020 12:52:08 AM Utilities.FileLogger write
INFO: >>> createPlayerAccount >>> ipadddress >>> 93.5.4.2

Aug 09, 2020 12:52:08 AM Utilities.FileLogger write
INFO: >>> createPlayerAccount >>> User information stored

Aug 09, 2020 12:54:13 AM Utilities.FileLogger write
INFO: >>> createPlayerAccount

Aug 09, 2020 12:54:13 AM Utilities.FileLogger write
INFO: >>> createPlayerAccount >>> username >>> Darcie123

Aug 09, 2020 12:54:13 AM Utilities.FileLogger write
INFO: >>> createPlayerAccount >>> firstname >>> Darcie

Aug 09, 2020 12:54:13 AM Utilities.FileLogger write
INFO: >>> createPlayerAccount >>> lastname >>> Sammie

Aug 09, 2020 12:54:13 AM Utilities.FileLogger write
INFO: >>> createPlayerAccount >>> password >>> Darcie123

Aug 09, 2020 12:54:13 AM Utilities.FileLogger write
INFO: >>> createPlayerAccount >>> age >>> 15

Aug 09, 2020 12:54:13 AM Utilities.FileLogger write
INFO: >>> createPlayerAccount >>> ipadddress >>> 93.5.4.2

Aug 09, 2020 12:54:13 AM Utilities.FileLogger write
INFO: >>> createPlayerAccount >>> User information stored

Aug 09, 2020 12:56:55 AM Utilities.FileLogger write
INFO: >>> createPlayerAccount

Aug 09, 2020 12:56:55 AM Utilities.FileLogger write
INFO: >>> createPlayerAccount >>> username >>> Darcie123

Aug 09, 2020 12:56:55 AM Utilities.FileLogger write
INFO: >>> createPlayerAccount >>> firstname >>> Darcie

Aug 09, 2020 12:56:55 AM Utilities.FileLogger write
INFO: >>> createPlayerAccount >>> lastname >>> Sammie

Aug 09, 2020 12:56:55 AM Utilities.FileLogger write
INFO: >>> createPlayerAccount >>> password >>> Darcie123

Aug 09, 2020 12:56:55 AM Utilities.FileLogger write
INFO: >>> createPlayerAccount >>> age >>> 15

Aug 09, 2020 12:56:55 AM Utilities.FileLogger write
INFO: >>> createPlayerAccount >>> ipadddress >>> 93.5.4.2

Aug 09, 2020 12:56:55 AM Utilities.FileLogger write
INFO: >>> createPlayerAccount >>> User information stored

Aug 09, 2020 1:01:44 AM Utilities.FileLogger write
INFO: >>> createPlayerAccount

Aug 09, 2020 1:01:44 AM Utilities.FileLogger write
INFO: >>> createPlayerAccount >>> username >>> Darcie123

Aug 09, 2020 1:01:44 AM Utilities.FileLogger write
INFO: >>> createPlayerAccount >>> firstname >>> Darcie

Aug 09, 2020 1:01:44 AM Utilities.FileLogger write
INFO: >>> createPlayerAccount >>> lastname >>> Sammie

Aug 09, 2020 1:01:44 AM Utilities.FileLogger write
INFO: >>> createPlayerAccount >>> password >>> Darcie123

Aug 09, 2020 1:01:44 AM Utilities.FileLogger write
INFO: >>> createPlayerAccount >>> age >>> 15

Aug 09, 2020 1:01:44 AM Utilities.FileLogger write
INFO: >>> createPlayerAccount >>> ipadddress >>> 93.5.4.2

Aug 09, 2020 1:01:44 AM Utilities.FileLogger write
INFO: >>> createPlayerAccount >>> User information stored

Aug 09, 2020 1:12:19 AM Utilities.FileLogger write
INFO: >>> createPlayerAccount

Aug 09, 2020 1:12:19 AM Utilities.FileLogger write
INFO: >>> createPlayerAccount >>> username >>> Darcie123

Aug 09, 2020 1:12:19 AM Utilities.FileLogger write
INFO: >>> createPlayerAccount >>> firstname >>> Darcie

Aug 09, 2020 1:12:19 AM Utilities.FileLogger write
INFO: >>> createPlayerAccount >>> lastname >>> Sammie

Aug 09, 2020 1:12:19 AM Utilities.FileLogger write
INFO: >>> createPlayerAccount >>> password >>> Darcie123

Aug 09, 2020 1:12:19 AM Utilities.FileLogger write
INFO: >>> createPlayerAccount >>> age >>> 15

Aug 09, 2020 1:12:19 AM Utilities.FileLogger write
INFO: >>> createPlayerAccount >>> ipadddress >>> 93.5.4.2

Aug 09, 2020 1:12:19 AM Utilities.FileLogger write
INFO: >>> createPlayerAccount >>> User information stored

Aug 09, 2020 1:44:59 AM Utilities.FileLogger write
INFO: >>> createPlayerAccount

Aug 09, 2020 1:44:59 AM Utilities.FileLogger write
INFO: >>> createPlayerAccount >>> username >>> Darcie123

Aug 09, 2020 1:44:59 AM Utilities.FileLogger write
INFO: >>> createPlayerAccount >>> firstname >>> Darcie

Aug 09, 2020 1:44:59 AM Utilities.FileLogger write
INFO: >>> createPlayerAccount >>> lastname >>> Sammie

Aug 09, 2020 1:44:59 AM Utilities.FileLogger write
INFO: >>> createPlayerAccount >>> password >>> Darcie123

Aug 09, 2020 1:44:59 AM Utilities.FileLogger write
INFO: >>> createPlayerAccount >>> age >>> 15

Aug 09, 2020 1:44:59 AM Utilities.FileLogger write
INFO: >>> createPlayerAccount >>> ipadddress >>> 93.5.4.2

Aug 09, 2020 1:44:59 AM Utilities.FileLogger write
INFO: >>> createPlayerAccount >>> User information stored

Aug 09, 2020 1:45:41 AM Utilities.FileLogger write
INFO: >>> createPlayerAccount

Aug 09, 2020 1:45:41 AM Utilities.FileLogger write
INFO: >>> createPlayerAccount >>> username >>> Darcie123

Aug 09, 2020 1:45:41 AM Utilities.FileLogger write
INFO: >>> createPlayerAccount >>> firstname >>> Darcie

Aug 09, 2020 1:45:41 AM Utilities.FileLogger write
INFO: >>> createPlayerAccount >>> lastname >>> Sammie

Aug 09, 2020 1:45:41 AM Utilities.FileLogger write
INFO: >>> createPlayerAccount >>> password >>> Darcie123

Aug 09, 2020 1:45:41 AM Utilities.FileLogger write
INFO: >>> createPlayerAccount >>> age >>> 15

Aug 09, 2020 1:45:41 AM Utilities.FileLogger write
INFO: >>> createPlayerAccount >>> ipadddress >>> 93.5.4.2

Aug 09, 2020 1:45:41 AM Utilities.FileLogger write
INFO: >>> createPlayerAccount >>> User information stored

Aug 09, 2020 2:45:52 AM Utilities.FileLogger write
INFO: >>> createPlayerAccount

Aug 09, 2020 2:45:52 AM Utilities.FileLogger write
INFO: >>> createPlayerAccount >>> username >>> Darcie123

Aug 09, 2020 2:45:52 AM Utilities.FileLogger write
INFO: >>> createPlayerAccount >>> firstname >>> Darcie

Aug 09, 2020 2:45:52 AM Utilities.FileLogger write
INFO: >>> createPlayerAccount >>> lastname >>> Sammie

Aug 09, 2020 2:45:52 AM Utilities.FileLogger write
INFO: >>> createPlayerAccount >>> password >>> Darcie123

Aug 09, 2020 2:45:52 AM Utilities.FileLogger write
INFO: >>> createPlayerAccount >>> age >>> 15

Aug 09, 2020 2:45:52 AM Utilities.FileLogger write
INFO: >>> createPlayerAccount >>> ipadddress >>> 93.5.4.2

Aug 09, 2020 2:45:52 AM Utilities.FileLogger write
INFO: >>> createPlayerAccount >>> User information stored

