Jun 23, 2020 5:39:55 PM Logger.FileLogger write
INFO: >>> createPlayerAccount

Jun 23, 2020 5:39:55 PM Logger.FileLogger write
INFO: >>> createPlayerAccount >>> username >>> Gyles123

Jun 23, 2020 5:39:55 PM Logger.FileLogger write
INFO: >>> createPlayerAccount >>> firstname >>> Gyles

Jun 23, 2020 5:39:55 PM Logger.FileLogger write
INFO: >>> createPlayerAccount >>> lastname >>> Key

Jun 23, 2020 5:39:55 PM Logger.FileLogger write
INFO: >>> createPlayerAccount >>> password >>> Gyles123

Jun 23, 2020 5:39:55 PM Logger.FileLogger write
INFO: >>> createPlayerAccount >>> age >>> 23

Jun 23, 2020 5:39:55 PM Logger.FileLogger write
INFO: >>> createPlayerAccount >>> ipadddress >>> 93.5.4.5

Jun 23, 2020 5:39:55 PM Logger.FileLogger write
INFO: >>> createPlayerAccount >>> User information stored

Jun 25, 2020 11:44:36 AM Logger.FileLogger write
INFO: >>> createPlayerAccount

Jun 25, 2020 11:44:36 AM Logger.FileLogger write
INFO: >>> createPlayerAccount >>> username >>> Gyles123

Jun 25, 2020 11:44:36 AM Logger.FileLogger write
INFO: >>> createPlayerAccount >>> firstname >>> Gyles

Jun 25, 2020 11:44:36 AM Logger.FileLogger write
INFO: >>> createPlayerAccount >>> lastname >>> Key

Jun 25, 2020 11:44:36 AM Logger.FileLogger write
INFO: >>> createPlayerAccount >>> password >>> Gyles123

Jun 25, 2020 11:44:36 AM Logger.FileLogger write
INFO: >>> createPlayerAccount >>> age >>> 23

Jun 25, 2020 11:44:36 AM Logger.FileLogger write
INFO: >>> createPlayerAccount >>> ipadddress >>> 93.5.4.5

Jun 25, 2020 11:44:37 AM Logger.FileLogger write
INFO: >>> createPlayerAccount >>> User information stored

Jun 25, 2020 12:19:46 PM Logger.FileLogger write
INFO: >>> createPlayerAccount

Jun 25, 2020 12:19:46 PM Logger.FileLogger write
INFO: >>> createPlayerAccount >>> username >>> Gyles123

Jun 25, 2020 12:19:46 PM Logger.FileLogger write
INFO: >>> createPlayerAccount >>> firstname >>> Gyles

Jun 25, 2020 12:19:46 PM Logger.FileLogger write
INFO: >>> createPlayerAccount >>> lastname >>> Key

Jun 25, 2020 12:19:46 PM Logger.FileLogger write
INFO: >>> createPlayerAccount >>> password >>> Gyles123

Jun 25, 2020 12:19:46 PM Logger.FileLogger write
INFO: >>> createPlayerAccount >>> age >>> 23

Jun 25, 2020 12:19:46 PM Logger.FileLogger write
INFO: >>> createPlayerAccount >>> ipadddress >>> 93.5.4.5

Jun 25, 2020 12:19:46 PM Logger.FileLogger write
INFO: >>> createPlayerAccount >>> User information stored

Jun 25, 2020 12:40:47 PM Logger.FileLogger write
INFO: >>> createPlayerAccount

Jun 25, 2020 12:40:47 PM Logger.FileLogger write
INFO: >>> createPlayerAccount >>> username >>> Gyles123

Jun 25, 2020 12:40:47 PM Logger.FileLogger write
INFO: >>> createPlayerAccount >>> firstname >>> Gyles

Jun 25, 2020 12:40:47 PM Logger.FileLogger write
INFO: >>> createPlayerAccount >>> lastname >>> Key

Jun 25, 2020 12:40:47 PM Logger.FileLogger write
INFO: >>> createPlayerAccount >>> password >>> Gyles123

Jun 25, 2020 12:40:47 PM Logger.FileLogger write
INFO: >>> createPlayerAccount >>> age >>> 23

Jun 25, 2020 12:40:47 PM Logger.FileLogger write
INFO: >>> createPlayerAccount >>> ipadddress >>> 93.5.4.5

Jun 25, 2020 12:40:47 PM Logger.FileLogger write
INFO: >>> createPlayerAccount >>> User information stored

Jun 25, 2020 12:54:25 PM Logger.FileLogger write
INFO: >>> createPlayerAccount

Jun 25, 2020 12:54:25 PM Logger.FileLogger write
INFO: >>> createPlayerAccount >>> username >>> Gyles123

Jun 25, 2020 12:54:25 PM Logger.FileLogger write
INFO: >>> createPlayerAccount >>> firstname >>> Gyles

Jun 25, 2020 12:54:25 PM Logger.FileLogger write
INFO: >>> createPlayerAccount >>> lastname >>> Key

Jun 25, 2020 12:54:25 PM Logger.FileLogger write
INFO: >>> createPlayerAccount >>> password >>> Gyles123

Jun 25, 2020 12:54:25 PM Logger.FileLogger write
INFO: >>> createPlayerAccount >>> age >>> 23

Jun 25, 2020 12:54:25 PM Logger.FileLogger write
INFO: >>> createPlayerAccount >>> ipadddress >>> 93.5.4.5

Jun 25, 2020 12:54:25 PM Logger.FileLogger write
INFO: >>> createPlayerAccount >>> User information stored

Jun 25, 2020 1:19:58 PM Logger.FileLogger write
INFO: >>> createPlayerAccount

Jun 25, 2020 1:19:58 PM Logger.FileLogger write
INFO: >>> createPlayerAccount >>> username >>> Gyles123

Jun 25, 2020 1:19:58 PM Logger.FileLogger write
INFO: >>> createPlayerAccount >>> firstname >>> Gyles

Jun 25, 2020 1:19:58 PM Logger.FileLogger write
INFO: >>> createPlayerAccount >>> lastname >>> Key

Jun 25, 2020 1:19:58 PM Logger.FileLogger write
INFO: >>> createPlayerAccount >>> password >>> Gyles123

Jun 25, 2020 1:19:58 PM Logger.FileLogger write
INFO: >>> createPlayerAccount >>> age >>> 23

Jun 25, 2020 1:19:58 PM Logger.FileLogger write
INFO: >>> createPlayerAccount >>> ipadddress >>> 93.5.4.5

Jun 25, 2020 1:19:58 PM Logger.FileLogger write
INFO: >>> createPlayerAccount >>> User information stored

Jun 25, 2020 2:30:49 PM Logger.FileLogger write
INFO: >>> createPlayerAccount

Jun 25, 2020 2:30:49 PM Logger.FileLogger write
INFO: >>> createPlayerAccount >>> username >>> Gyles123

Jun 25, 2020 2:30:49 PM Logger.FileLogger write
INFO: >>> createPlayerAccount >>> firstname >>> Gyles

Jun 25, 2020 2:30:49 PM Logger.FileLogger write
INFO: >>> createPlayerAccount >>> lastname >>> Key

Jun 25, 2020 2:30:49 PM Logger.FileLogger write
INFO: >>> createPlayerAccount >>> password >>> Gyles123

Jun 25, 2020 2:30:49 PM Logger.FileLogger write
INFO: >>> createPlayerAccount >>> age >>> 23

Jun 25, 2020 2:30:49 PM Logger.FileLogger write
INFO: >>> createPlayerAccount >>> ipadddress >>> 93.5.4.5

Jun 25, 2020 2:30:49 PM Logger.FileLogger write
INFO: >>> createPlayerAccount >>> User information stored

Jun 25, 2020 3:42:01 PM Logger.FileLogger write
INFO: >>> createPlayerAccount

Jun 25, 2020 3:42:01 PM Logger.FileLogger write
INFO: >>> createPlayerAccount >>> username >>> Gyles123

Jun 25, 2020 3:42:01 PM Logger.FileLogger write
INFO: >>> createPlayerAccount >>> firstname >>> Gyles

Jun 25, 2020 3:42:01 PM Logger.FileLogger write
INFO: >>> createPlayerAccount >>> lastname >>> Key

Jun 25, 2020 3:42:01 PM Logger.FileLogger write
INFO: >>> createPlayerAccount >>> password >>> Gyles123

Jun 25, 2020 3:42:01 PM Logger.FileLogger write
INFO: >>> createPlayerAccount >>> age >>> 23

Jun 25, 2020 3:42:01 PM Logger.FileLogger write
INFO: >>> createPlayerAccount >>> ipadddress >>> 93.5.4.5

Jun 25, 2020 3:42:01 PM Logger.FileLogger write
INFO: >>> createPlayerAccount >>> User information stored

Jun 26, 2020 5:22:47 PM Logger.FileLogger write
INFO: >>> createPlayerAccount

Jun 26, 2020 5:22:47 PM Logger.FileLogger write
INFO: >>> createPlayerAccount >>> username >>> Gyles123

Jun 26, 2020 5:22:47 PM Logger.FileLogger write
INFO: >>> createPlayerAccount >>> firstname >>> Gyles

Jun 26, 2020 5:22:47 PM Logger.FileLogger write
INFO: >>> createPlayerAccount >>> lastname >>> Key

Jun 26, 2020 5:22:47 PM Logger.FileLogger write
INFO: >>> createPlayerAccount >>> password >>> Gyles123

Jun 26, 2020 5:22:47 PM Logger.FileLogger write
INFO: >>> createPlayerAccount >>> age >>> 23

Jun 26, 2020 5:22:47 PM Logger.FileLogger write
INFO: >>> createPlayerAccount >>> ipadddress >>> 93.5.4.5

Jun 26, 2020 5:22:47 PM Logger.FileLogger write
INFO: >>> createPlayerAccount >>> User information stored

Jun 26, 2020 5:34:49 PM Logger.FileLogger write
INFO: >>> createPlayerAccount

Jun 26, 2020 5:34:49 PM Logger.FileLogger write
INFO: >>> createPlayerAccount >>> username >>> Gyles123

Jun 26, 2020 5:34:49 PM Logger.FileLogger write
INFO: >>> createPlayerAccount >>> firstname >>> Gyles

Jun 26, 2020 5:34:49 PM Logger.FileLogger write
INFO: >>> createPlayerAccount >>> lastname >>> Key

Jun 26, 2020 5:34:49 PM Logger.FileLogger write
INFO: >>> createPlayerAccount >>> password >>> Gyles123

Jun 26, 2020 5:34:49 PM Logger.FileLogger write
INFO: >>> createPlayerAccount >>> age >>> 23

Jun 26, 2020 5:34:49 PM Logger.FileLogger write
INFO: >>> createPlayerAccount >>> ipadddress >>> 93.5.4.5

Jun 26, 2020 5:34:49 PM Logger.FileLogger write
INFO: >>> createPlayerAccount >>> User information stored

Jun 26, 2020 5:47:19 PM Logger.FileLogger write
INFO: >>> createPlayerAccount

Jun 26, 2020 5:47:19 PM Logger.FileLogger write
INFO: >>> createPlayerAccount >>> username >>> Gyles123

Jun 26, 2020 5:47:19 PM Logger.FileLogger write
INFO: >>> createPlayerAccount >>> firstname >>> Gyles

Jun 26, 2020 5:47:19 PM Logger.FileLogger write
INFO: >>> createPlayerAccount >>> lastname >>> Key

Jun 26, 2020 5:47:19 PM Logger.FileLogger write
INFO: >>> createPlayerAccount >>> password >>> Gyles123

Jun 26, 2020 5:47:19 PM Logger.FileLogger write
INFO: >>> createPlayerAccount >>> age >>> 23

Jun 26, 2020 5:47:19 PM Logger.FileLogger write
INFO: >>> createPlayerAccount >>> ipadddress >>> 93.5.4.5

Jun 26, 2020 5:47:19 PM Logger.FileLogger write
INFO: >>> createPlayerAccount >>> User information stored

Jun 26, 2020 5:51:26 PM Logger.FileLogger write
INFO: >>> createPlayerAccount

Jun 26, 2020 5:51:26 PM Logger.FileLogger write
INFO: >>> createPlayerAccount >>> username >>> Gyles123

Jun 26, 2020 5:51:26 PM Logger.FileLogger write
INFO: >>> createPlayerAccount >>> firstname >>> Gyles

Jun 26, 2020 5:51:26 PM Logger.FileLogger write
INFO: >>> createPlayerAccount >>> lastname >>> Key

Jun 26, 2020 5:51:26 PM Logger.FileLogger write
INFO: >>> createPlayerAccount >>> password >>> Gyles123

Jun 26, 2020 5:51:26 PM Logger.FileLogger write
INFO: >>> createPlayerAccount >>> age >>> 23

Jun 26, 2020 5:51:26 PM Logger.FileLogger write
INFO: >>> createPlayerAccount >>> ipadddress >>> 93.5.4.5

Jun 26, 2020 5:51:26 PM Logger.FileLogger write
INFO: >>> createPlayerAccount >>> User information stored

Jun 26, 2020 6:04:16 PM Logger.FileLogger write
INFO: >>> createPlayerAccount

Jun 26, 2020 6:04:16 PM Logger.FileLogger write
INFO: >>> createPlayerAccount >>> username >>> Gyles123

Jun 26, 2020 6:04:16 PM Logger.FileLogger write
INFO: >>> createPlayerAccount >>> firstname >>> Gyles

Jun 26, 2020 6:04:16 PM Logger.FileLogger write
INFO: >>> createPlayerAccount >>> lastname >>> Key

Jun 26, 2020 6:04:16 PM Logger.FileLogger write
INFO: >>> createPlayerAccount >>> password >>> Gyles123

Jun 26, 2020 6:04:16 PM Logger.FileLogger write
INFO: >>> createPlayerAccount >>> age >>> 23

Jun 26, 2020 6:04:16 PM Logger.FileLogger write
INFO: >>> createPlayerAccount >>> ipadddress >>> 93.5.4.5

Jun 26, 2020 6:04:16 PM Logger.FileLogger write
INFO: >>> createPlayerAccount >>> User information stored

Jun 26, 2020 6:13:56 PM Logger.FileLogger write
INFO: >>> createPlayerAccount

Jun 26, 2020 6:13:56 PM Logger.FileLogger write
INFO: >>> createPlayerAccount >>> username >>> Gyles123

Jun 26, 2020 6:13:56 PM Logger.FileLogger write
INFO: >>> createPlayerAccount >>> firstname >>> Gyles

Jun 26, 2020 6:13:56 PM Logger.FileLogger write
INFO: >>> createPlayerAccount >>> lastname >>> Key

Jun 26, 2020 6:13:56 PM Logger.FileLogger write
INFO: >>> createPlayerAccount >>> password >>> Gyles123

Jun 26, 2020 6:13:56 PM Logger.FileLogger write
INFO: >>> createPlayerAccount >>> age >>> 23

Jun 26, 2020 6:13:56 PM Logger.FileLogger write
INFO: >>> createPlayerAccount >>> ipadddress >>> 93.5.4.5

Jun 26, 2020 6:13:56 PM Logger.FileLogger write
INFO: >>> createPlayerAccount >>> User information stored

Jun 26, 2020 6:17:46 PM Logger.FileLogger write
INFO: >>> createPlayerAccount

Jun 26, 2020 6:17:46 PM Logger.FileLogger write
INFO: >>> createPlayerAccount >>> username >>> Gyles123

Jun 26, 2020 6:17:46 PM Logger.FileLogger write
INFO: >>> createPlayerAccount >>> firstname >>> Gyles

Jun 26, 2020 6:17:46 PM Logger.FileLogger write
INFO: >>> createPlayerAccount >>> lastname >>> Key

Jun 26, 2020 6:17:46 PM Logger.FileLogger write
INFO: >>> createPlayerAccount >>> password >>> Gyles123

Jun 26, 2020 6:17:46 PM Logger.FileLogger write
INFO: >>> createPlayerAccount >>> age >>> 23

Jun 26, 2020 6:17:46 PM Logger.FileLogger write
INFO: >>> createPlayerAccount >>> ipadddress >>> 93.5.4.5

Jun 26, 2020 6:17:46 PM Logger.FileLogger write
INFO: >>> createPlayerAccount >>> User information stored

Jun 26, 2020 6:22:43 PM Logger.FileLogger write
INFO: >>> createPlayerAccount

Jun 26, 2020 6:22:43 PM Logger.FileLogger write
INFO: >>> createPlayerAccount >>> username >>> Gyles123

Jun 26, 2020 6:22:43 PM Logger.FileLogger write
INFO: >>> createPlayerAccount >>> firstname >>> Gyles

Jun 26, 2020 6:22:43 PM Logger.FileLogger write
INFO: >>> createPlayerAccount >>> lastname >>> Key

Jun 26, 2020 6:22:43 PM Logger.FileLogger write
INFO: >>> createPlayerAccount >>> password >>> Gyles123

Jun 26, 2020 6:22:43 PM Logger.FileLogger write
INFO: >>> createPlayerAccount >>> age >>> 23

Jun 26, 2020 6:22:43 PM Logger.FileLogger write
INFO: >>> createPlayerAccount >>> ipadddress >>> 93.5.4.5

Jun 26, 2020 6:22:43 PM Logger.FileLogger write
INFO: >>> createPlayerAccount >>> User information stored

Jun 26, 2020 6:40:37 PM Logger.FileLogger write
INFO: >>> createPlayerAccount

Jun 26, 2020 6:40:37 PM Logger.FileLogger write
INFO: >>> createPlayerAccount >>> username >>> Gyles123

Jun 26, 2020 6:40:37 PM Logger.FileLogger write
INFO: >>> createPlayerAccount >>> firstname >>> Gyles

Jun 26, 2020 6:40:37 PM Logger.FileLogger write
INFO: >>> createPlayerAccount >>> lastname >>> Key

Jun 26, 2020 6:40:37 PM Logger.FileLogger write
INFO: >>> createPlayerAccount >>> password >>> Gyles123

Jun 26, 2020 6:40:37 PM Logger.FileLogger write
INFO: >>> createPlayerAccount >>> age >>> 23

Jun 26, 2020 6:40:37 PM Logger.FileLogger write
INFO: >>> createPlayerAccount >>> ipadddress >>> 93.5.4.5

Jun 26, 2020 6:40:37 PM Logger.FileLogger write
INFO: >>> createPlayerAccount >>> User information stored

Jun 26, 2020 6:47:27 PM Logger.FileLogger write
INFO: >>> createPlayerAccount

Jun 26, 2020 6:47:27 PM Logger.FileLogger write
INFO: >>> createPlayerAccount >>> username >>> Gyles123

Jun 26, 2020 6:47:27 PM Logger.FileLogger write
INFO: >>> createPlayerAccount >>> firstname >>> Gyles

Jun 26, 2020 6:47:27 PM Logger.FileLogger write
INFO: >>> createPlayerAccount >>> lastname >>> Key

Jun 26, 2020 6:47:27 PM Logger.FileLogger write
INFO: >>> createPlayerAccount >>> password >>> Gyles123

Jun 26, 2020 6:47:27 PM Logger.FileLogger write
INFO: >>> createPlayerAccount >>> age >>> 23

Jun 26, 2020 6:47:27 PM Logger.FileLogger write
INFO: >>> createPlayerAccount >>> ipadddress >>> 93.5.4.5

Jun 26, 2020 6:47:27 PM Logger.FileLogger write
INFO: >>> createPlayerAccount >>> User information stored

Jun 26, 2020 10:40:53 PM Logger.FileLogger write
INFO: >>> createPlayerAccount

Jun 26, 2020 10:40:53 PM Logger.FileLogger write
INFO: >>> createPlayerAccount >>> username >>> Gyles123

Jun 26, 2020 10:40:53 PM Logger.FileLogger write
INFO: >>> createPlayerAccount >>> firstname >>> Gyles

Jun 26, 2020 10:40:53 PM Logger.FileLogger write
INFO: >>> createPlayerAccount >>> lastname >>> Key

Jun 26, 2020 10:40:53 PM Logger.FileLogger write
INFO: >>> createPlayerAccount >>> password >>> Gyles123

Jun 26, 2020 10:40:53 PM Logger.FileLogger write
INFO: >>> createPlayerAccount >>> age >>> 23

Jun 26, 2020 10:40:53 PM Logger.FileLogger write
INFO: >>> createPlayerAccount >>> ipadddress >>> 93.5.4.5

Jun 26, 2020 10:40:53 PM Logger.FileLogger write
INFO: >>> createPlayerAccount >>> User information stored

Jun 26, 2020 10:41:42 PM Logger.FileLogger write
INFO: >>> createPlayerAccount

Jun 26, 2020 10:41:42 PM Logger.FileLogger write
INFO: >>> createPlayerAccount >>> username >>> Gyles123

Jun 26, 2020 10:41:42 PM Logger.FileLogger write
INFO: >>> createPlayerAccount >>> firstname >>> Gyles

Jun 26, 2020 10:41:42 PM Logger.FileLogger write
INFO: >>> createPlayerAccount >>> lastname >>> Key

Jun 26, 2020 10:41:42 PM Logger.FileLogger write
INFO: >>> createPlayerAccount >>> password >>> Gyles123

Jun 26, 2020 10:41:42 PM Logger.FileLogger write
INFO: >>> createPlayerAccount >>> age >>> 23

Jun 26, 2020 10:41:42 PM Logger.FileLogger write
INFO: >>> createPlayerAccount >>> ipadddress >>> 93.5.4.5

Jun 26, 2020 10:41:42 PM Logger.FileLogger write
INFO: >>> createPlayerAccount >>> User information stored

Jun 26, 2020 10:56:29 PM Logger.FileLogger write
INFO: >>> createPlayerAccount

Jun 26, 2020 10:56:29 PM Logger.FileLogger write
INFO: >>> createPlayerAccount >>> username >>> Gyles123

Jun 26, 2020 10:56:29 PM Logger.FileLogger write
INFO: >>> createPlayerAccount >>> firstname >>> Gyles

Jun 26, 2020 10:56:29 PM Logger.FileLogger write
INFO: >>> createPlayerAccount >>> lastname >>> Key

Jun 26, 2020 10:56:29 PM Logger.FileLogger write
INFO: >>> createPlayerAccount >>> password >>> Gyles123

Jun 26, 2020 10:56:29 PM Logger.FileLogger write
INFO: >>> createPlayerAccount >>> age >>> 23

Jun 26, 2020 10:56:29 PM Logger.FileLogger write
INFO: >>> createPlayerAccount >>> ipadddress >>> 93.5.4.5

Jun 26, 2020 10:56:29 PM Logger.FileLogger write
INFO: >>> createPlayerAccount >>> User information stored

Jun 26, 2020 11:26:04 PM Logger.FileLogger write
INFO: >>> createPlayerAccount

Jun 26, 2020 11:26:04 PM Logger.FileLogger write
INFO: >>> createPlayerAccount >>> username >>> Gyles123

Jun 26, 2020 11:26:04 PM Logger.FileLogger write
INFO: >>> createPlayerAccount >>> firstname >>> Gyles

Jun 26, 2020 11:26:04 PM Logger.FileLogger write
INFO: >>> createPlayerAccount >>> lastname >>> Key

Jun 26, 2020 11:26:04 PM Logger.FileLogger write
INFO: >>> createPlayerAccount >>> password >>> Gyles123

Jun 26, 2020 11:26:04 PM Logger.FileLogger write
INFO: >>> createPlayerAccount >>> age >>> 23

Jun 26, 2020 11:26:04 PM Logger.FileLogger write
INFO: >>> createPlayerAccount >>> ipadddress >>> 93.5.4.5

Jun 26, 2020 11:26:04 PM Logger.FileLogger write
INFO: >>> createPlayerAccount >>> User information stored

Jun 26, 2020 11:56:42 PM Logger.FileLogger write
INFO: >>> createPlayerAccount

Jun 26, 2020 11:56:42 PM Logger.FileLogger write
INFO: >>> createPlayerAccount >>> username >>> Gyles123

Jun 26, 2020 11:56:42 PM Logger.FileLogger write
INFO: >>> createPlayerAccount >>> firstname >>> Gyles

Jun 26, 2020 11:56:42 PM Logger.FileLogger write
INFO: >>> createPlayerAccount >>> lastname >>> Key

Jun 26, 2020 11:56:42 PM Logger.FileLogger write
INFO: >>> createPlayerAccount >>> password >>> Gyles123

Jun 26, 2020 11:56:42 PM Logger.FileLogger write
INFO: >>> createPlayerAccount >>> age >>> 23

Jun 26, 2020 11:56:42 PM Logger.FileLogger write
INFO: >>> createPlayerAccount >>> ipadddress >>> 93.5.4.5

Jun 26, 2020 11:56:42 PM Logger.FileLogger write
INFO: >>> createPlayerAccount >>> User information stored

Jun 26, 2020 11:57:10 PM Logger.FileLogger write
INFO: >>> createPlayerAccount

Jun 26, 2020 11:57:10 PM Logger.FileLogger write
INFO: >>> createPlayerAccount >>> username >>> Gyles123

Jun 26, 2020 11:57:10 PM Logger.FileLogger write
INFO: >>> createPlayerAccount >>> firstname >>> Gyles

Jun 26, 2020 11:57:10 PM Logger.FileLogger write
INFO: >>> createPlayerAccount >>> lastname >>> Key

Jun 26, 2020 11:57:10 PM Logger.FileLogger write
INFO: >>> createPlayerAccount >>> password >>> Gyles123

Jun 26, 2020 11:57:10 PM Logger.FileLogger write
INFO: >>> createPlayerAccount >>> age >>> 23

Jun 26, 2020 11:57:10 PM Logger.FileLogger write
INFO: >>> createPlayerAccount >>> ipadddress >>> 93.5.4.5

Jun 26, 2020 11:57:10 PM Logger.FileLogger write
INFO: >>> createPlayerAccount >>> User information stored

Jun 27, 2020 12:31:06 AM Logger.FileLogger write
INFO: >>> createPlayerAccount

Jun 27, 2020 12:31:06 AM Logger.FileLogger write
INFO: >>> createPlayerAccount >>> username >>> Gyles123

Jun 27, 2020 12:31:06 AM Logger.FileLogger write
INFO: >>> createPlayerAccount >>> firstname >>> Gyles

Jun 27, 2020 12:31:06 AM Logger.FileLogger write
INFO: >>> createPlayerAccount >>> lastname >>> Key

Jun 27, 2020 12:31:06 AM Logger.FileLogger write
INFO: >>> createPlayerAccount >>> password >>> Gyles123

Jun 27, 2020 12:31:06 AM Logger.FileLogger write
INFO: >>> createPlayerAccount >>> age >>> 23

Jun 27, 2020 12:31:06 AM Logger.FileLogger write
INFO: >>> createPlayerAccount >>> ipadddress >>> 93.5.4.5

Jun 27, 2020 12:31:06 AM Logger.FileLogger write
INFO: >>> createPlayerAccount >>> User information stored

Jun 27, 2020 1:56:00 AM Logger.FileLogger write
INFO: >>> createPlayerAccount

Jun 27, 2020 1:56:00 AM Logger.FileLogger write
INFO: >>> createPlayerAccount >>> username >>> Gyles123

Jun 27, 2020 1:56:00 AM Logger.FileLogger write
INFO: >>> createPlayerAccount >>> firstname >>> Gyles

Jun 27, 2020 1:56:00 AM Logger.FileLogger write
INFO: >>> createPlayerAccount >>> lastname >>> Key

Jun 27, 2020 1:56:00 AM Logger.FileLogger write
INFO: >>> createPlayerAccount >>> password >>> Gyles123

Jun 27, 2020 1:56:00 AM Logger.FileLogger write
INFO: >>> createPlayerAccount >>> age >>> 23

Jun 27, 2020 1:56:00 AM Logger.FileLogger write
INFO: >>> createPlayerAccount >>> ipadddress >>> 93.5.4.5

Jun 27, 2020 1:56:00 AM Logger.FileLogger write
INFO: >>> createPlayerAccount >>> User information stored

Jun 27, 2020 2:35:43 AM Logger.FileLogger write
INFO: >>> createPlayerAccount

Jun 27, 2020 2:35:43 AM Logger.FileLogger write
INFO: >>> createPlayerAccount >>> username >>> Gyles123

Jun 27, 2020 2:35:43 AM Logger.FileLogger write
INFO: >>> createPlayerAccount >>> firstname >>> Gyles

Jun 27, 2020 2:35:43 AM Logger.FileLogger write
INFO: >>> createPlayerAccount >>> lastname >>> Key

Jun 27, 2020 2:35:43 AM Logger.FileLogger write
INFO: >>> createPlayerAccount >>> password >>> Gyles123

Jun 27, 2020 2:35:43 AM Logger.FileLogger write
INFO: >>> createPlayerAccount >>> age >>> 23

Jun 27, 2020 2:35:43 AM Logger.FileLogger write
INFO: >>> createPlayerAccount >>> ipadddress >>> 93.5.4.5

Jun 27, 2020 2:35:43 AM Logger.FileLogger write
INFO: >>> createPlayerAccount >>> User information stored

Jun 27, 2020 3:09:46 PM Logger.FileLogger write
INFO: >>> createPlayerAccount

Jun 27, 2020 3:09:46 PM Logger.FileLogger write
INFO: >>> createPlayerAccount >>> username >>> Gyles123

Jun 27, 2020 3:09:46 PM Logger.FileLogger write
INFO: >>> createPlayerAccount >>> firstname >>> Gyles

Jun 27, 2020 3:09:46 PM Logger.FileLogger write
INFO: >>> createPlayerAccount >>> lastname >>> Key

Jun 27, 2020 3:09:46 PM Logger.FileLogger write
INFO: >>> createPlayerAccount >>> password >>> Gyles123

Jun 27, 2020 3:09:46 PM Logger.FileLogger write
INFO: >>> createPlayerAccount >>> age >>> 23

Jun 27, 2020 3:09:46 PM Logger.FileLogger write
INFO: >>> createPlayerAccount >>> ipadddress >>> 93.5.4.5

Jun 27, 2020 3:09:46 PM Logger.FileLogger write
INFO: >>> createPlayerAccount >>> User information stored

Jun 27, 2020 10:58:56 PM Logger.FileLogger write
INFO: >>> createPlayerAccount

Jun 27, 2020 10:58:56 PM Logger.FileLogger write
INFO: >>> createPlayerAccount >>> username >>> Gyles123

Jun 27, 2020 10:58:56 PM Logger.FileLogger write
INFO: >>> createPlayerAccount >>> firstname >>> Gyles

Jun 27, 2020 10:58:56 PM Logger.FileLogger write
INFO: >>> createPlayerAccount >>> lastname >>> Key

Jun 27, 2020 10:58:56 PM Logger.FileLogger write
INFO: >>> createPlayerAccount >>> password >>> Gyles123

Jun 27, 2020 10:58:56 PM Logger.FileLogger write
INFO: >>> createPlayerAccount >>> age >>> 23

Jun 27, 2020 10:58:56 PM Logger.FileLogger write
INFO: >>> createPlayerAccount >>> ipadddress >>> 93.5.4.5

Jun 27, 2020 10:58:56 PM Logger.FileLogger write
INFO: >>> createPlayerAccount >>> User information stored

Jun 27, 2020 11:36:09 PM Logger.FileLogger write
INFO: >>> createPlayerAccount

Jun 27, 2020 11:36:09 PM Logger.FileLogger write
INFO: >>> createPlayerAccount >>> username >>> Gyles123

Jun 27, 2020 11:36:09 PM Logger.FileLogger write
INFO: >>> createPlayerAccount >>> firstname >>> Gyles

Jun 27, 2020 11:36:09 PM Logger.FileLogger write
INFO: >>> createPlayerAccount >>> lastname >>> Key

Jun 27, 2020 11:36:09 PM Logger.FileLogger write
INFO: >>> createPlayerAccount >>> password >>> Gyles123

Jun 27, 2020 11:36:09 PM Logger.FileLogger write
INFO: >>> createPlayerAccount >>> age >>> 23

Jun 27, 2020 11:36:09 PM Logger.FileLogger write
INFO: >>> createPlayerAccount >>> ipadddress >>> 93.5.4.5

Jun 27, 2020 11:36:09 PM Logger.FileLogger write
INFO: >>> createPlayerAccount >>> User information stored

Jun 28, 2020 10:09:53 PM Logger.FileLogger write
INFO: >>> createPlayerAccount

Jun 28, 2020 10:09:53 PM Logger.FileLogger write
INFO: >>> createPlayerAccount >>> username >>> Gyles123

Jun 28, 2020 10:09:53 PM Logger.FileLogger write
INFO: >>> createPlayerAccount >>> firstname >>> Gyles

Jun 28, 2020 10:09:53 PM Logger.FileLogger write
INFO: >>> createPlayerAccount >>> lastname >>> Key

Jun 28, 2020 10:09:53 PM Logger.FileLogger write
INFO: >>> createPlayerAccount >>> password >>> Gyles123

Jun 28, 2020 10:09:53 PM Logger.FileLogger write
INFO: >>> createPlayerAccount >>> age >>> 23

Jun 28, 2020 10:09:53 PM Logger.FileLogger write
INFO: >>> createPlayerAccount >>> ipadddress >>> 93.5.4.5

Jun 28, 2020 10:09:53 PM Logger.FileLogger write
INFO: >>> createPlayerAccount >>> User information stored

Jun 28, 2020 11:42:37 PM Logger.FileLogger write
INFO: >>> createPlayerAccount

Jun 28, 2020 11:42:37 PM Logger.FileLogger write
INFO: >>> createPlayerAccount >>> username >>> Gyles123

Jun 28, 2020 11:42:37 PM Logger.FileLogger write
INFO: >>> createPlayerAccount >>> firstname >>> Gyles

Jun 28, 2020 11:42:37 PM Logger.FileLogger write
INFO: >>> createPlayerAccount >>> lastname >>> Key

Jun 28, 2020 11:42:37 PM Logger.FileLogger write
INFO: >>> createPlayerAccount >>> password >>> Gyles123

Jun 28, 2020 11:42:37 PM Logger.FileLogger write
INFO: >>> createPlayerAccount >>> age >>> 23

Jun 28, 2020 11:42:37 PM Logger.FileLogger write
INFO: >>> createPlayerAccount >>> ipadddress >>> 93.5.4.5

Jun 28, 2020 11:42:37 PM Logger.FileLogger write
INFO: >>> createPlayerAccount >>> User information stored

Jun 28, 2020 11:52:27 PM Logger.FileLogger write
INFO: >>> createPlayerAccount

Jun 28, 2020 11:52:27 PM Logger.FileLogger write
INFO: >>> createPlayerAccount >>> username >>> Gyles123

Jun 28, 2020 11:52:27 PM Logger.FileLogger write
INFO: >>> createPlayerAccount >>> firstname >>> Gyles

Jun 28, 2020 11:52:27 PM Logger.FileLogger write
INFO: >>> createPlayerAccount >>> lastname >>> Key

Jun 28, 2020 11:52:27 PM Logger.FileLogger write
INFO: >>> createPlayerAccount >>> password >>> Gyles123

Jun 28, 2020 11:52:27 PM Logger.FileLogger write
INFO: >>> createPlayerAccount >>> age >>> 23

Jun 28, 2020 11:52:27 PM Logger.FileLogger write
INFO: >>> createPlayerAccount >>> ipadddress >>> 93.5.4.5

Jun 28, 2020 11:52:27 PM Logger.FileLogger write
INFO: >>> createPlayerAccount >>> User information stored

Jun 29, 2020 12:40:07 AM Logger.FileLogger write
INFO: >>> createPlayerAccount

Jun 29, 2020 12:40:07 AM Logger.FileLogger write
INFO: >>> createPlayerAccount >>> username >>> Gyles123

Jun 29, 2020 12:40:07 AM Logger.FileLogger write
INFO: >>> createPlayerAccount >>> firstname >>> Gyles

Jun 29, 2020 12:40:07 AM Logger.FileLogger write
INFO: >>> createPlayerAccount >>> lastname >>> Key

Jun 29, 2020 12:40:07 AM Logger.FileLogger write
INFO: >>> createPlayerAccount >>> password >>> Gyles123

Jun 29, 2020 12:40:08 AM Logger.FileLogger write
INFO: >>> createPlayerAccount >>> age >>> 23

Jun 29, 2020 12:40:08 AM Logger.FileLogger write
INFO: >>> createPlayerAccount >>> ipadddress >>> 93.5.4.5

Jun 29, 2020 12:40:08 AM Logger.FileLogger write
INFO: >>> createPlayerAccount >>> User information stored

Jun 29, 2020 1:37:51 AM Logger.FileLogger write
INFO: >>> createPlayerAccount

Jun 29, 2020 1:37:51 AM Logger.FileLogger write
INFO: >>> createPlayerAccount >>> username >>> Gyles123

Jun 29, 2020 1:37:51 AM Logger.FileLogger write
INFO: >>> createPlayerAccount >>> firstname >>> Gyles

Jun 29, 2020 1:37:51 AM Logger.FileLogger write
INFO: >>> createPlayerAccount >>> lastname >>> Key

Jun 29, 2020 1:37:51 AM Logger.FileLogger write
INFO: >>> createPlayerAccount >>> password >>> Gyles123

Jun 29, 2020 1:37:51 AM Logger.FileLogger write
INFO: >>> createPlayerAccount >>> age >>> 23

Jun 29, 2020 1:37:51 AM Logger.FileLogger write
INFO: >>> createPlayerAccount >>> ipadddress >>> 93.5.4.5

Jun 29, 2020 1:37:51 AM Logger.FileLogger write
INFO: >>> createPlayerAccount >>> User information stored

Jun 29, 2020 11:04:29 PM Logger.FileLogger write
INFO: >>> createPlayerAccount

Jun 29, 2020 11:04:29 PM Logger.FileLogger write
INFO: >>> createPlayerAccount >>> username >>> Gyles123

Jun 29, 2020 11:04:29 PM Logger.FileLogger write
INFO: >>> createPlayerAccount >>> firstname >>> Gyles

Jun 29, 2020 11:04:29 PM Logger.FileLogger write
INFO: >>> createPlayerAccount >>> lastname >>> Key

Jun 29, 2020 11:04:29 PM Logger.FileLogger write
INFO: >>> createPlayerAccount >>> password >>> Gyles123

Jun 29, 2020 11:04:29 PM Logger.FileLogger write
INFO: >>> createPlayerAccount >>> age >>> 23

Jun 29, 2020 11:04:29 PM Logger.FileLogger write
INFO: >>> createPlayerAccount >>> ipadddress >>> 93.5.4.5

Jun 29, 2020 11:04:29 PM Logger.FileLogger write
INFO: >>> createPlayerAccount >>> User information stored

Jul 17, 2020 5:21:47 PM Logger.FileLogger write
INFO: >>> createPlayerAccount

Jul 17, 2020 5:21:47 PM Logger.FileLogger write
INFO: >>> createPlayerAccount >>> username >>> Gyles123

Jul 17, 2020 5:21:47 PM Logger.FileLogger write
INFO: >>> createPlayerAccount >>> firstname >>> Gyles

Jul 17, 2020 5:21:47 PM Logger.FileLogger write
INFO: >>> createPlayerAccount >>> lastname >>> Key

Jul 17, 2020 5:21:47 PM Logger.FileLogger write
INFO: >>> createPlayerAccount >>> password >>> Gyles123

Jul 17, 2020 5:21:47 PM Logger.FileLogger write
INFO: >>> createPlayerAccount >>> age >>> 23

Jul 17, 2020 5:21:47 PM Logger.FileLogger write
INFO: >>> createPlayerAccount >>> ipadddress >>> 93.5.4.5

Jul 17, 2020 5:21:47 PM Logger.FileLogger write
INFO: >>> createPlayerAccount >>> User information stored

Jul 28, 2020 9:48:15 PM Util.FileLogger write
INFO: >>> createPlayerAccount

Jul 28, 2020 9:48:15 PM Util.FileLogger write
INFO: >>> createPlayerAccount >>> username >>> Gyles123

Jul 28, 2020 9:48:15 PM Util.FileLogger write
INFO: >>> createPlayerAccount >>> firstname >>> Gyles

Jul 28, 2020 9:48:15 PM Util.FileLogger write
INFO: >>> createPlayerAccount >>> lastname >>> Key

Jul 28, 2020 9:48:15 PM Util.FileLogger write
INFO: >>> createPlayerAccount >>> password >>> Gyles123

Jul 28, 2020 9:48:15 PM Util.FileLogger write
INFO: >>> createPlayerAccount >>> age >>> 23

Jul 28, 2020 9:48:15 PM Util.FileLogger write
INFO: >>> createPlayerAccount >>> ipadddress >>> 93.5.4.5

Jul 28, 2020 9:48:15 PM Util.FileLogger write
INFO: >>> createPlayerAccount >>> User information stored

Jul 29, 2020 12:02:29 PM Util.FileLogger write
INFO: >>> createPlayerAccount

Jul 29, 2020 12:02:29 PM Util.FileLogger write
INFO: >>> createPlayerAccount >>> username >>> Gyles123

Jul 29, 2020 12:02:29 PM Util.FileLogger write
INFO: >>> createPlayerAccount >>> firstname >>> Gyles

Jul 29, 2020 12:02:29 PM Util.FileLogger write
INFO: >>> createPlayerAccount >>> lastname >>> Key

Jul 29, 2020 12:02:29 PM Util.FileLogger write
INFO: >>> createPlayerAccount >>> password >>> Gyles123

Jul 29, 2020 12:02:29 PM Util.FileLogger write
INFO: >>> createPlayerAccount >>> age >>> 23

Jul 29, 2020 12:02:29 PM Util.FileLogger write
INFO: >>> createPlayerAccount >>> ipadddress >>> 93.5.4.5

Jul 29, 2020 12:02:29 PM Util.FileLogger write
INFO: >>> createPlayerAccount >>> User information stored

Jul 29, 2020 12:05:36 PM Util.FileLogger write
INFO: >>> createPlayerAccount

Jul 29, 2020 12:05:36 PM Util.FileLogger write
INFO: >>> createPlayerAccount >>> username >>> Gyles123

Jul 29, 2020 12:05:36 PM Util.FileLogger write
INFO: >>> createPlayerAccount >>> firstname >>> Gyles

Jul 29, 2020 12:05:36 PM Util.FileLogger write
INFO: >>> createPlayerAccount >>> lastname >>> Key

Jul 29, 2020 12:05:36 PM Util.FileLogger write
INFO: >>> createPlayerAccount >>> password >>> Gyles123

Jul 29, 2020 12:05:36 PM Util.FileLogger write
INFO: >>> createPlayerAccount >>> age >>> 23

Jul 29, 2020 12:05:36 PM Util.FileLogger write
INFO: >>> createPlayerAccount >>> ipadddress >>> 93.5.4.5

Jul 29, 2020 12:05:36 PM Util.FileLogger write
INFO: >>> createPlayerAccount >>> User information stored

Jul 29, 2020 3:46:28 PM Util.FileLogger write
INFO: >>> createPlayerAccount

Jul 29, 2020 3:46:28 PM Util.FileLogger write
INFO: >>> createPlayerAccount >>> username >>> Gyles123

Jul 29, 2020 3:46:28 PM Util.FileLogger write
INFO: >>> createPlayerAccount >>> firstname >>> Gyles

Jul 29, 2020 3:46:28 PM Util.FileLogger write
INFO: >>> createPlayerAccount >>> lastname >>> Key

Jul 29, 2020 3:46:28 PM Util.FileLogger write
INFO: >>> createPlayerAccount >>> password >>> Gyles123

Jul 29, 2020 3:46:28 PM Util.FileLogger write
INFO: >>> createPlayerAccount >>> age >>> 23

Jul 29, 2020 3:46:28 PM Util.FileLogger write
INFO: >>> createPlayerAccount >>> ipadddress >>> 93.5.4.5

Jul 29, 2020 3:46:28 PM Util.FileLogger write
INFO: >>> createPlayerAccount >>> User information stored

Jul 29, 2020 3:48:04 PM Util.FileLogger write
INFO: >>> createPlayerAccount

Jul 29, 2020 3:48:04 PM Util.FileLogger write
INFO: >>> createPlayerAccount >>> username >>> Gyles123

Jul 29, 2020 3:48:04 PM Util.FileLogger write
INFO: >>> createPlayerAccount >>> firstname >>> Gyles

Jul 29, 2020 3:48:04 PM Util.FileLogger write
INFO: >>> createPlayerAccount >>> lastname >>> Key

Jul 29, 2020 3:48:04 PM Util.FileLogger write
INFO: >>> createPlayerAccount >>> password >>> Gyles123

Jul 29, 2020 3:48:04 PM Util.FileLogger write
INFO: >>> createPlayerAccount >>> age >>> 23

Jul 29, 2020 3:48:04 PM Util.FileLogger write
INFO: >>> createPlayerAccount >>> ipadddress >>> 93.5.4.5

Jul 29, 2020 3:48:04 PM Util.FileLogger write
INFO: >>> createPlayerAccount >>> User information stored

Jul 29, 2020 3:48:30 PM Util.FileLogger write
INFO: >>> createPlayerAccount

Jul 29, 2020 3:48:30 PM Util.FileLogger write
INFO: >>> createPlayerAccount >>> username >>> Gyles123

Jul 29, 2020 3:48:30 PM Util.FileLogger write
INFO: >>> createPlayerAccount >>> firstname >>> Gyles

Jul 29, 2020 3:48:30 PM Util.FileLogger write
INFO: >>> createPlayerAccount >>> lastname >>> Key

Jul 29, 2020 3:48:30 PM Util.FileLogger write
INFO: >>> createPlayerAccount >>> password >>> Gyles123

Jul 29, 2020 3:48:30 PM Util.FileLogger write
INFO: >>> createPlayerAccount >>> age >>> 23

Jul 29, 2020 3:48:30 PM Util.FileLogger write
INFO: >>> createPlayerAccount >>> ipadddress >>> 93.5.4.5

Jul 29, 2020 3:48:30 PM Util.FileLogger write
INFO: >>> createPlayerAccount >>> User information stored

Jul 29, 2020 3:49:03 PM Util.FileLogger write
INFO: >>> createPlayerAccount

Jul 29, 2020 3:49:03 PM Util.FileLogger write
INFO: >>> createPlayerAccount >>> username >>> Gyles123

Jul 29, 2020 3:49:03 PM Util.FileLogger write
INFO: >>> createPlayerAccount >>> firstname >>> Gyles

Jul 29, 2020 3:49:03 PM Util.FileLogger write
INFO: >>> createPlayerAccount >>> lastname >>> Key

Jul 29, 2020 3:49:03 PM Util.FileLogger write
INFO: >>> createPlayerAccount >>> password >>> Gyles123

Jul 29, 2020 3:49:03 PM Util.FileLogger write
INFO: >>> createPlayerAccount >>> age >>> 23

Jul 29, 2020 3:49:03 PM Util.FileLogger write
INFO: >>> createPlayerAccount >>> ipadddress >>> 93.5.4.5

Jul 29, 2020 3:49:03 PM Util.FileLogger write
INFO: >>> createPlayerAccount >>> User information stored

Jul 29, 2020 3:50:09 PM Util.FileLogger write
INFO: >>> createPlayerAccount

Jul 29, 2020 3:50:09 PM Util.FileLogger write
INFO: >>> createPlayerAccount >>> username >>> Gyles123

Jul 29, 2020 3:50:09 PM Util.FileLogger write
INFO: >>> createPlayerAccount >>> firstname >>> Gyles

Jul 29, 2020 3:50:09 PM Util.FileLogger write
INFO: >>> createPlayerAccount >>> lastname >>> Key

Jul 29, 2020 3:50:09 PM Util.FileLogger write
INFO: >>> createPlayerAccount >>> password >>> Gyles123

Jul 29, 2020 3:50:09 PM Util.FileLogger write
INFO: >>> createPlayerAccount >>> age >>> 23

Jul 29, 2020 3:50:09 PM Util.FileLogger write
INFO: >>> createPlayerAccount >>> ipadddress >>> 93.5.4.5

Jul 29, 2020 3:50:09 PM Util.FileLogger write
INFO: >>> createPlayerAccount >>> User information stored

Jul 29, 2020 3:50:49 PM Util.FileLogger write
INFO: >>> createPlayerAccount

Jul 29, 2020 3:50:49 PM Util.FileLogger write
INFO: >>> createPlayerAccount >>> username >>> Gyles123

Jul 29, 2020 3:50:49 PM Util.FileLogger write
INFO: >>> createPlayerAccount >>> firstname >>> Gyles

Jul 29, 2020 3:50:49 PM Util.FileLogger write
INFO: >>> createPlayerAccount >>> lastname >>> Key

Jul 29, 2020 3:50:49 PM Util.FileLogger write
INFO: >>> createPlayerAccount >>> password >>> Gyles123

Jul 29, 2020 3:50:49 PM Util.FileLogger write
INFO: >>> createPlayerAccount >>> age >>> 23

Jul 29, 2020 3:50:49 PM Util.FileLogger write
INFO: >>> createPlayerAccount >>> ipadddress >>> 93.5.4.5

Jul 29, 2020 3:50:49 PM Util.FileLogger write
INFO: >>> createPlayerAccount >>> User information stored

Jul 29, 2020 3:51:21 PM Util.FileLogger write
INFO: >>> createPlayerAccount

Jul 29, 2020 3:51:21 PM Util.FileLogger write
INFO: >>> createPlayerAccount >>> username >>> Gyles123

Jul 29, 2020 3:51:21 PM Util.FileLogger write
INFO: >>> createPlayerAccount >>> firstname >>> Gyles

Jul 29, 2020 3:51:21 PM Util.FileLogger write
INFO: >>> createPlayerAccount >>> lastname >>> Key

Jul 29, 2020 3:51:21 PM Util.FileLogger write
INFO: >>> createPlayerAccount >>> password >>> Gyles123

Jul 29, 2020 3:51:21 PM Util.FileLogger write
INFO: >>> createPlayerAccount >>> age >>> 23

Jul 29, 2020 3:51:21 PM Util.FileLogger write
INFO: >>> createPlayerAccount >>> ipadddress >>> 93.5.4.5

Jul 29, 2020 3:51:21 PM Util.FileLogger write
INFO: >>> createPlayerAccount >>> User information stored

Jul 29, 2020 3:51:48 PM Util.FileLogger write
INFO: >>> createPlayerAccount

Jul 29, 2020 3:51:48 PM Util.FileLogger write
INFO: >>> createPlayerAccount >>> username >>> Gyles123

Jul 29, 2020 3:51:48 PM Util.FileLogger write
INFO: >>> createPlayerAccount >>> firstname >>> Gyles

Jul 29, 2020 3:51:48 PM Util.FileLogger write
INFO: >>> createPlayerAccount >>> lastname >>> Key

Jul 29, 2020 3:51:48 PM Util.FileLogger write
INFO: >>> createPlayerAccount >>> password >>> Gyles123

Jul 29, 2020 3:51:48 PM Util.FileLogger write
INFO: >>> createPlayerAccount >>> age >>> 23

Jul 29, 2020 3:51:48 PM Util.FileLogger write
INFO: >>> createPlayerAccount >>> ipadddress >>> 93.5.4.5

Jul 29, 2020 3:51:48 PM Util.FileLogger write
INFO: >>> createPlayerAccount >>> User information stored

Jul 29, 2020 3:52:32 PM Util.FileLogger write
INFO: >>> createPlayerAccount

Jul 29, 2020 3:52:32 PM Util.FileLogger write
INFO: >>> createPlayerAccount >>> username >>> Gyles123

Jul 29, 2020 3:52:32 PM Util.FileLogger write
INFO: >>> createPlayerAccount >>> firstname >>> Gyles

Jul 29, 2020 3:52:32 PM Util.FileLogger write
INFO: >>> createPlayerAccount >>> lastname >>> Key

Jul 29, 2020 3:52:32 PM Util.FileLogger write
INFO: >>> createPlayerAccount >>> password >>> Gyles123

Jul 29, 2020 3:52:32 PM Util.FileLogger write
INFO: >>> createPlayerAccount >>> age >>> 23

Jul 29, 2020 3:52:32 PM Util.FileLogger write
INFO: >>> createPlayerAccount >>> ipadddress >>> 93.5.4.5

Jul 29, 2020 3:52:32 PM Util.FileLogger write
INFO: >>> createPlayerAccount >>> User information stored

Jul 29, 2020 4:10:30 PM Util.FileLogger write
INFO: >>> createPlayerAccount

Jul 29, 2020 4:10:30 PM Util.FileLogger write
INFO: >>> createPlayerAccount >>> username >>> Gyles123

Jul 29, 2020 4:10:30 PM Util.FileLogger write
INFO: >>> createPlayerAccount >>> firstname >>> Gyles

Jul 29, 2020 4:10:30 PM Util.FileLogger write
INFO: >>> createPlayerAccount >>> lastname >>> Key

Jul 29, 2020 4:10:30 PM Util.FileLogger write
INFO: >>> createPlayerAccount >>> password >>> Gyles123

Jul 29, 2020 4:10:30 PM Util.FileLogger write
INFO: >>> createPlayerAccount >>> age >>> 23

Jul 29, 2020 4:10:30 PM Util.FileLogger write
INFO: >>> createPlayerAccount >>> ipadddress >>> 93.5.4.5

Jul 29, 2020 4:10:30 PM Util.FileLogger write
INFO: >>> createPlayerAccount >>> User information stored

Jul 29, 2020 4:19:53 PM Util.FileLogger write
INFO: >>> createPlayerAccount

Jul 29, 2020 4:19:53 PM Util.FileLogger write
INFO: >>> createPlayerAccount >>> username >>> Gyles123

Jul 29, 2020 4:19:53 PM Util.FileLogger write
INFO: >>> createPlayerAccount >>> firstname >>> Gyles

Jul 29, 2020 4:19:53 PM Util.FileLogger write
INFO: >>> createPlayerAccount >>> lastname >>> Key

Jul 29, 2020 4:19:53 PM Util.FileLogger write
INFO: >>> createPlayerAccount >>> password >>> Gyles123

Jul 29, 2020 4:19:53 PM Util.FileLogger write
INFO: >>> createPlayerAccount >>> age >>> 23

Jul 29, 2020 4:19:53 PM Util.FileLogger write
INFO: >>> createPlayerAccount >>> ipadddress >>> 93.5.4.5

Jul 29, 2020 4:19:53 PM Util.FileLogger write
INFO: >>> createPlayerAccount >>> User information stored

Jul 29, 2020 4:23:48 PM Util.FileLogger write
INFO: >>> createPlayerAccount

Jul 29, 2020 4:23:48 PM Util.FileLogger write
INFO: >>> createPlayerAccount >>> username >>> Gyles123

Jul 29, 2020 4:23:48 PM Util.FileLogger write
INFO: >>> createPlayerAccount >>> firstname >>> Gyles

Jul 29, 2020 4:23:48 PM Util.FileLogger write
INFO: >>> createPlayerAccount >>> lastname >>> Key

Jul 29, 2020 4:23:48 PM Util.FileLogger write
INFO: >>> createPlayerAccount >>> password >>> Gyles123

Jul 29, 2020 4:23:48 PM Util.FileLogger write
INFO: >>> createPlayerAccount >>> age >>> 23

Jul 29, 2020 4:23:48 PM Util.FileLogger write
INFO: >>> createPlayerAccount >>> ipadddress >>> 93.5.4.5

Jul 29, 2020 4:23:48 PM Util.FileLogger write
INFO: >>> createPlayerAccount >>> User information stored

Jul 29, 2020 4:24:16 PM Util.FileLogger write
INFO: >>> createPlayerAccount

Jul 29, 2020 4:24:16 PM Util.FileLogger write
INFO: >>> createPlayerAccount >>> username >>> Gyles123

Jul 29, 2020 4:24:16 PM Util.FileLogger write
INFO: >>> createPlayerAccount >>> firstname >>> Gyles

Jul 29, 2020 4:24:16 PM Util.FileLogger write
INFO: >>> createPlayerAccount >>> lastname >>> Key

Jul 29, 2020 4:24:16 PM Util.FileLogger write
INFO: >>> createPlayerAccount >>> password >>> Gyles123

Jul 29, 2020 4:24:16 PM Util.FileLogger write
INFO: >>> createPlayerAccount >>> age >>> 23

Jul 29, 2020 4:24:16 PM Util.FileLogger write
INFO: >>> createPlayerAccount >>> ipadddress >>> 93.5.4.5

Jul 29, 2020 4:24:16 PM Util.FileLogger write
INFO: >>> createPlayerAccount >>> User information stored

Jul 29, 2020 4:25:18 PM Util.FileLogger write
INFO: >>> createPlayerAccount

Jul 29, 2020 4:25:18 PM Util.FileLogger write
INFO: >>> createPlayerAccount >>> username >>> Gyles123

Jul 29, 2020 4:25:18 PM Util.FileLogger write
INFO: >>> createPlayerAccount >>> firstname >>> Gyles

Jul 29, 2020 4:25:18 PM Util.FileLogger write
INFO: >>> createPlayerAccount >>> lastname >>> Key

Jul 29, 2020 4:25:18 PM Util.FileLogger write
INFO: >>> createPlayerAccount >>> password >>> Gyles123

Jul 29, 2020 4:25:18 PM Util.FileLogger write
INFO: >>> createPlayerAccount >>> age >>> 23

Jul 29, 2020 4:25:18 PM Util.FileLogger write
INFO: >>> createPlayerAccount >>> ipadddress >>> 93.5.4.5

Jul 29, 2020 4:25:18 PM Util.FileLogger write
INFO: >>> createPlayerAccount >>> User information stored

Jul 29, 2020 4:29:25 PM Util.FileLogger write
INFO: >>> createPlayerAccount

Jul 29, 2020 4:29:25 PM Util.FileLogger write
INFO: >>> createPlayerAccount >>> username >>> Gyles123

Jul 29, 2020 4:29:25 PM Util.FileLogger write
INFO: >>> createPlayerAccount >>> firstname >>> Gyles

Jul 29, 2020 4:29:25 PM Util.FileLogger write
INFO: >>> createPlayerAccount >>> lastname >>> Key

Jul 29, 2020 4:29:25 PM Util.FileLogger write
INFO: >>> createPlayerAccount >>> password >>> Gyles123

Jul 29, 2020 4:29:25 PM Util.FileLogger write
INFO: >>> createPlayerAccount >>> age >>> 23

Jul 29, 2020 4:29:25 PM Util.FileLogger write
INFO: >>> createPlayerAccount >>> ipadddress >>> 93.5.4.5

Jul 29, 2020 4:29:25 PM Util.FileLogger write
INFO: >>> createPlayerAccount >>> User information stored

Jul 29, 2020 4:35:41 PM Util.FileLogger write
INFO: >>> createPlayerAccount

Jul 29, 2020 4:35:41 PM Util.FileLogger write
INFO: >>> createPlayerAccount >>> username >>> Gyles123

Jul 29, 2020 4:35:41 PM Util.FileLogger write
INFO: >>> createPlayerAccount >>> firstname >>> Gyles

Jul 29, 2020 4:35:41 PM Util.FileLogger write
INFO: >>> createPlayerAccount >>> lastname >>> Key

Jul 29, 2020 4:35:41 PM Util.FileLogger write
INFO: >>> createPlayerAccount >>> password >>> Gyles123

Jul 29, 2020 4:35:41 PM Util.FileLogger write
INFO: >>> createPlayerAccount >>> age >>> 23

Jul 29, 2020 4:35:41 PM Util.FileLogger write
INFO: >>> createPlayerAccount >>> ipadddress >>> 93.5.4.5

Jul 29, 2020 4:35:41 PM Util.FileLogger write
INFO: >>> createPlayerAccount >>> User information stored

Jul 29, 2020 4:36:26 PM Util.FileLogger write
INFO: >>> createPlayerAccount

Jul 29, 2020 4:36:26 PM Util.FileLogger write
INFO: >>> createPlayerAccount >>> username >>> Gyles123

Jul 29, 2020 4:36:26 PM Util.FileLogger write
INFO: >>> createPlayerAccount >>> firstname >>> Gyles

Jul 29, 2020 4:36:26 PM Util.FileLogger write
INFO: >>> createPlayerAccount >>> lastname >>> Key

Jul 29, 2020 4:36:26 PM Util.FileLogger write
INFO: >>> createPlayerAccount >>> password >>> Gyles123

Jul 29, 2020 4:36:26 PM Util.FileLogger write
INFO: >>> createPlayerAccount >>> age >>> 23

Jul 29, 2020 4:36:26 PM Util.FileLogger write
INFO: >>> createPlayerAccount >>> ipadddress >>> 93.5.4.5

Jul 29, 2020 4:36:26 PM Util.FileLogger write
INFO: >>> createPlayerAccount >>> User information stored

Jul 29, 2020 4:41:58 PM Util.FileLogger write
INFO: >>> createPlayerAccount

Jul 29, 2020 4:41:58 PM Util.FileLogger write
INFO: >>> createPlayerAccount >>> username >>> Gyles123

Jul 29, 2020 4:41:58 PM Util.FileLogger write
INFO: >>> createPlayerAccount >>> firstname >>> Gyles

Jul 29, 2020 4:41:58 PM Util.FileLogger write
INFO: >>> createPlayerAccount >>> lastname >>> Key

Jul 29, 2020 4:41:58 PM Util.FileLogger write
INFO: >>> createPlayerAccount >>> password >>> Gyles123

Jul 29, 2020 4:41:58 PM Util.FileLogger write
INFO: >>> createPlayerAccount >>> age >>> 23

Jul 29, 2020 4:41:58 PM Util.FileLogger write
INFO: >>> createPlayerAccount >>> ipadddress >>> 93.5.4.5

Jul 29, 2020 4:41:58 PM Util.FileLogger write
INFO: >>> createPlayerAccount >>> User information stored

Jul 29, 2020 4:43:32 PM Util.FileLogger write
INFO: >>> createPlayerAccount

Jul 29, 2020 4:43:32 PM Util.FileLogger write
INFO: >>> createPlayerAccount >>> username >>> Gyles123

Jul 29, 2020 4:43:32 PM Util.FileLogger write
INFO: >>> createPlayerAccount >>> firstname >>> Gyles

Jul 29, 2020 4:43:32 PM Util.FileLogger write
INFO: >>> createPlayerAccount >>> lastname >>> Key

Jul 29, 2020 4:43:32 PM Util.FileLogger write
INFO: >>> createPlayerAccount >>> password >>> Gyles123

Jul 29, 2020 4:43:32 PM Util.FileLogger write
INFO: >>> createPlayerAccount >>> age >>> 23

Jul 29, 2020 4:43:32 PM Util.FileLogger write
INFO: >>> createPlayerAccount >>> ipadddress >>> 93.5.4.5

Jul 29, 2020 4:43:32 PM Util.FileLogger write
INFO: >>> createPlayerAccount >>> User information stored

Jul 29, 2020 4:46:45 PM Util.FileLogger write
INFO: >>> createPlayerAccount

Jul 29, 2020 4:46:45 PM Util.FileLogger write
INFO: >>> createPlayerAccount >>> username >>> Gyles123

Jul 29, 2020 4:46:45 PM Util.FileLogger write
INFO: >>> createPlayerAccount >>> firstname >>> Gyles

Jul 29, 2020 4:46:45 PM Util.FileLogger write
INFO: >>> createPlayerAccount >>> lastname >>> Key

Jul 29, 2020 4:46:45 PM Util.FileLogger write
INFO: >>> createPlayerAccount >>> password >>> Gyles123

Jul 29, 2020 4:46:45 PM Util.FileLogger write
INFO: >>> createPlayerAccount >>> age >>> 23

Jul 29, 2020 4:46:45 PM Util.FileLogger write
INFO: >>> createPlayerAccount >>> ipadddress >>> 93.5.4.5

Jul 29, 2020 4:46:45 PM Util.FileLogger write
INFO: >>> createPlayerAccount >>> User information stored

Jul 29, 2020 4:47:56 PM Util.FileLogger write
INFO: >>> createPlayerAccount

Jul 29, 2020 4:47:56 PM Util.FileLogger write
INFO: >>> createPlayerAccount >>> username >>> Gyles123

Jul 29, 2020 4:47:56 PM Util.FileLogger write
INFO: >>> createPlayerAccount >>> firstname >>> Gyles

Jul 29, 2020 4:47:56 PM Util.FileLogger write
INFO: >>> createPlayerAccount >>> lastname >>> Key

Jul 29, 2020 4:47:56 PM Util.FileLogger write
INFO: >>> createPlayerAccount >>> password >>> Gyles123

Jul 29, 2020 4:47:56 PM Util.FileLogger write
INFO: >>> createPlayerAccount >>> age >>> 23

Jul 29, 2020 4:47:56 PM Util.FileLogger write
INFO: >>> createPlayerAccount >>> ipadddress >>> 93.5.4.5

Jul 29, 2020 4:47:56 PM Util.FileLogger write
INFO: >>> createPlayerAccount >>> User information stored

Jul 29, 2020 5:19:52 PM Util.FileLogger write
INFO: >>> createPlayerAccount

Jul 29, 2020 5:19:52 PM Util.FileLogger write
INFO: >>> createPlayerAccount >>> username >>> Gyles123

Jul 29, 2020 5:19:52 PM Util.FileLogger write
INFO: >>> createPlayerAccount >>> firstname >>> Gyles

Jul 29, 2020 5:19:52 PM Util.FileLogger write
INFO: >>> createPlayerAccount >>> lastname >>> Key

Jul 29, 2020 5:19:52 PM Util.FileLogger write
INFO: >>> createPlayerAccount >>> password >>> Gyles123

Jul 29, 2020 5:19:52 PM Util.FileLogger write
INFO: >>> createPlayerAccount >>> age >>> 23

Jul 29, 2020 5:19:52 PM Util.FileLogger write
INFO: >>> createPlayerAccount >>> ipadddress >>> 93.5.4.5

Jul 29, 2020 5:19:52 PM Util.FileLogger write
INFO: >>> createPlayerAccount >>> User information stored

Jul 29, 2020 5:21:42 PM Util.FileLogger write
INFO: >>> createPlayerAccount

Jul 29, 2020 5:21:42 PM Util.FileLogger write
INFO: >>> createPlayerAccount >>> username >>> Gyles123

Jul 29, 2020 5:21:42 PM Util.FileLogger write
INFO: >>> createPlayerAccount >>> firstname >>> Gyles

Jul 29, 2020 5:21:42 PM Util.FileLogger write
INFO: >>> createPlayerAccount >>> lastname >>> Key

Jul 29, 2020 5:21:42 PM Util.FileLogger write
INFO: >>> createPlayerAccount >>> password >>> Gyles123

Jul 29, 2020 5:21:42 PM Util.FileLogger write
INFO: >>> createPlayerAccount >>> age >>> 23

Jul 29, 2020 5:21:42 PM Util.FileLogger write
INFO: >>> createPlayerAccount >>> ipadddress >>> 93.5.4.5

Jul 29, 2020 5:21:42 PM Util.FileLogger write
INFO: >>> createPlayerAccount >>> User information stored

Jul 29, 2020 5:23:30 PM Util.FileLogger write
INFO: >>> createPlayerAccount

Jul 29, 2020 5:23:30 PM Util.FileLogger write
INFO: >>> createPlayerAccount >>> username >>> Gyles123

Jul 29, 2020 5:23:30 PM Util.FileLogger write
INFO: >>> createPlayerAccount >>> firstname >>> Gyles

Jul 29, 2020 5:23:30 PM Util.FileLogger write
INFO: >>> createPlayerAccount >>> lastname >>> Key

Jul 29, 2020 5:23:30 PM Util.FileLogger write
INFO: >>> createPlayerAccount >>> password >>> Gyles123

Jul 29, 2020 5:23:30 PM Util.FileLogger write
INFO: >>> createPlayerAccount >>> age >>> 23

Jul 29, 2020 5:23:30 PM Util.FileLogger write
INFO: >>> createPlayerAccount >>> ipadddress >>> 93.5.4.5

Jul 29, 2020 5:23:30 PM Util.FileLogger write
INFO: >>> createPlayerAccount >>> User information stored

Jul 29, 2020 5:28:28 PM Util.FileLogger write
INFO: >>> createPlayerAccount

Jul 29, 2020 5:28:28 PM Util.FileLogger write
INFO: >>> createPlayerAccount >>> username >>> Gyles123

Jul 29, 2020 5:28:28 PM Util.FileLogger write
INFO: >>> createPlayerAccount >>> firstname >>> Gyles

Jul 29, 2020 5:28:28 PM Util.FileLogger write
INFO: >>> createPlayerAccount >>> lastname >>> Key

Jul 29, 2020 5:28:28 PM Util.FileLogger write
INFO: >>> createPlayerAccount >>> password >>> Gyles123

Jul 29, 2020 5:28:28 PM Util.FileLogger write
INFO: >>> createPlayerAccount >>> age >>> 23

Jul 29, 2020 5:28:28 PM Util.FileLogger write
INFO: >>> createPlayerAccount >>> ipadddress >>> 93.5.4.5

Jul 29, 2020 5:28:28 PM Util.FileLogger write
INFO: >>> createPlayerAccount >>> User information stored

Jul 29, 2020 5:34:52 PM Util.FileLogger write
INFO: >>> createPlayerAccount

Jul 29, 2020 5:34:52 PM Util.FileLogger write
INFO: >>> createPlayerAccount >>> username >>> Gyles123

Jul 29, 2020 5:34:52 PM Util.FileLogger write
INFO: >>> createPlayerAccount >>> firstname >>> Gyles

Jul 29, 2020 5:34:52 PM Util.FileLogger write
INFO: >>> createPlayerAccount >>> lastname >>> Key

Jul 29, 2020 5:34:52 PM Util.FileLogger write
INFO: >>> createPlayerAccount >>> password >>> Gyles123

Jul 29, 2020 5:34:52 PM Util.FileLogger write
INFO: >>> createPlayerAccount >>> age >>> 23

Jul 29, 2020 5:34:52 PM Util.FileLogger write
INFO: >>> createPlayerAccount >>> ipadddress >>> 93.5.4.5

Jul 29, 2020 5:34:52 PM Util.FileLogger write
INFO: >>> createPlayerAccount >>> User information stored

Jul 29, 2020 5:35:45 PM Util.FileLogger write
INFO: >>> createPlayerAccount

Jul 29, 2020 5:35:45 PM Util.FileLogger write
INFO: >>> createPlayerAccount >>> username >>> Gyles123

Jul 29, 2020 5:35:45 PM Util.FileLogger write
INFO: >>> createPlayerAccount >>> firstname >>> Gyles

Jul 29, 2020 5:35:45 PM Util.FileLogger write
INFO: >>> createPlayerAccount >>> lastname >>> Key

Jul 29, 2020 5:35:45 PM Util.FileLogger write
INFO: >>> createPlayerAccount >>> password >>> Gyles123

Jul 29, 2020 5:35:45 PM Util.FileLogger write
INFO: >>> createPlayerAccount >>> age >>> 23

Jul 29, 2020 5:35:45 PM Util.FileLogger write
INFO: >>> createPlayerAccount >>> ipadddress >>> 93.5.4.5

Jul 29, 2020 5:35:45 PM Util.FileLogger write
INFO: >>> createPlayerAccount >>> User information stored

Jul 29, 2020 5:37:58 PM Util.FileLogger write
INFO: >>> createPlayerAccount

Jul 29, 2020 5:37:58 PM Util.FileLogger write
INFO: >>> createPlayerAccount >>> username >>> Gyles123

Jul 29, 2020 5:37:58 PM Util.FileLogger write
INFO: >>> createPlayerAccount >>> firstname >>> Gyles

Jul 29, 2020 5:37:58 PM Util.FileLogger write
INFO: >>> createPlayerAccount >>> lastname >>> Key

Jul 29, 2020 5:37:58 PM Util.FileLogger write
INFO: >>> createPlayerAccount >>> password >>> Gyles123

Jul 29, 2020 5:37:58 PM Util.FileLogger write
INFO: >>> createPlayerAccount >>> age >>> 23

Jul 29, 2020 5:37:58 PM Util.FileLogger write
INFO: >>> createPlayerAccount >>> ipadddress >>> 93.5.4.5

Jul 29, 2020 5:37:58 PM Util.FileLogger write
INFO: >>> createPlayerAccount >>> User information stored

Jul 29, 2020 5:40:33 PM Util.FileLogger write
INFO: >>> createPlayerAccount

Jul 29, 2020 5:40:33 PM Util.FileLogger write
INFO: >>> createPlayerAccount >>> username >>> Gyles123

Jul 29, 2020 5:40:33 PM Util.FileLogger write
INFO: >>> createPlayerAccount >>> firstname >>> Gyles

Jul 29, 2020 5:40:33 PM Util.FileLogger write
INFO: >>> createPlayerAccount >>> lastname >>> Key

Jul 29, 2020 5:40:33 PM Util.FileLogger write
INFO: >>> createPlayerAccount >>> password >>> Gyles123

Jul 29, 2020 5:40:33 PM Util.FileLogger write
INFO: >>> createPlayerAccount >>> age >>> 23

Jul 29, 2020 5:40:33 PM Util.FileLogger write
INFO: >>> createPlayerAccount >>> ipadddress >>> 93.5.4.5

Jul 29, 2020 5:40:33 PM Util.FileLogger write
INFO: >>> createPlayerAccount >>> User information stored

Jul 29, 2020 5:43:21 PM Util.FileLogger write
INFO: >>> createPlayerAccount

Jul 29, 2020 5:43:21 PM Util.FileLogger write
INFO: >>> createPlayerAccount >>> username >>> Gyles123

Jul 29, 2020 5:43:21 PM Util.FileLogger write
INFO: >>> createPlayerAccount >>> firstname >>> Gyles

Jul 29, 2020 5:43:21 PM Util.FileLogger write
INFO: >>> createPlayerAccount >>> lastname >>> Key

Jul 29, 2020 5:43:21 PM Util.FileLogger write
INFO: >>> createPlayerAccount >>> password >>> Gyles123

Jul 29, 2020 5:43:21 PM Util.FileLogger write
INFO: >>> createPlayerAccount >>> age >>> 23

Jul 29, 2020 5:43:21 PM Util.FileLogger write
INFO: >>> createPlayerAccount >>> ipadddress >>> 93.5.4.5

Jul 29, 2020 5:43:21 PM Util.FileLogger write
INFO: >>> createPlayerAccount >>> User information stored

Jul 29, 2020 5:47:55 PM Util.FileLogger write
INFO: >>> createPlayerAccount

Jul 29, 2020 5:47:55 PM Util.FileLogger write
INFO: >>> createPlayerAccount >>> username >>> Gyles123

Jul 29, 2020 5:47:55 PM Util.FileLogger write
INFO: >>> createPlayerAccount >>> firstname >>> Gyles

Jul 29, 2020 5:47:55 PM Util.FileLogger write
INFO: >>> createPlayerAccount >>> lastname >>> Key

Jul 29, 2020 5:47:55 PM Util.FileLogger write
INFO: >>> createPlayerAccount >>> password >>> Gyles123

Jul 29, 2020 5:47:55 PM Util.FileLogger write
INFO: >>> createPlayerAccount >>> age >>> 23

Jul 29, 2020 5:47:55 PM Util.FileLogger write
INFO: >>> createPlayerAccount >>> ipadddress >>> 93.5.4.5

Jul 29, 2020 5:47:55 PM Util.FileLogger write
INFO: >>> createPlayerAccount >>> User information stored

Jul 29, 2020 6:10:47 PM Util.FileLogger write
INFO: >>> createPlayerAccount

Jul 29, 2020 6:10:47 PM Util.FileLogger write
INFO: >>> createPlayerAccount >>> username >>> Gyles123

Jul 29, 2020 6:10:47 PM Util.FileLogger write
INFO: >>> createPlayerAccount >>> firstname >>> Gyles

Jul 29, 2020 6:10:47 PM Util.FileLogger write
INFO: >>> createPlayerAccount >>> lastname >>> Key

Jul 29, 2020 6:10:47 PM Util.FileLogger write
INFO: >>> createPlayerAccount >>> password >>> Gyles123

Jul 29, 2020 6:10:47 PM Util.FileLogger write
INFO: >>> createPlayerAccount >>> age >>> 23

Jul 29, 2020 6:10:47 PM Util.FileLogger write
INFO: >>> createPlayerAccount >>> ipadddress >>> 93.5.4.5

Jul 29, 2020 6:10:47 PM Util.FileLogger write
INFO: >>> createPlayerAccount >>> User information stored

Jul 29, 2020 6:13:24 PM Util.FileLogger write
INFO: >>> createPlayerAccount

Jul 29, 2020 6:13:24 PM Util.FileLogger write
INFO: >>> createPlayerAccount >>> username >>> Gyles123

Jul 29, 2020 6:13:24 PM Util.FileLogger write
INFO: >>> createPlayerAccount >>> firstname >>> Gyles

Jul 29, 2020 6:13:24 PM Util.FileLogger write
INFO: >>> createPlayerAccount >>> lastname >>> Key

Jul 29, 2020 6:13:24 PM Util.FileLogger write
INFO: >>> createPlayerAccount >>> password >>> Gyles123

Jul 29, 2020 6:13:24 PM Util.FileLogger write
INFO: >>> createPlayerAccount >>> age >>> 23

Jul 29, 2020 6:13:24 PM Util.FileLogger write
INFO: >>> createPlayerAccount >>> ipadddress >>> 93.5.4.5

Jul 29, 2020 6:13:24 PM Util.FileLogger write
INFO: >>> createPlayerAccount >>> User information stored

Jul 29, 2020 6:16:06 PM Util.FileLogger write
INFO: >>> createPlayerAccount

Jul 29, 2020 6:16:06 PM Util.FileLogger write
INFO: >>> createPlayerAccount >>> username >>> Gyles123

Jul 29, 2020 6:16:06 PM Util.FileLogger write
INFO: >>> createPlayerAccount >>> firstname >>> Gyles

Jul 29, 2020 6:16:06 PM Util.FileLogger write
INFO: >>> createPlayerAccount >>> lastname >>> Key

Jul 29, 2020 6:16:06 PM Util.FileLogger write
INFO: >>> createPlayerAccount >>> password >>> Gyles123

Jul 29, 2020 6:16:06 PM Util.FileLogger write
INFO: >>> createPlayerAccount >>> age >>> 23

Jul 29, 2020 6:16:06 PM Util.FileLogger write
INFO: >>> createPlayerAccount >>> ipadddress >>> 93.5.4.5

Jul 29, 2020 6:16:06 PM Util.FileLogger write
INFO: >>> createPlayerAccount >>> User information stored

Jul 29, 2020 6:19:16 PM Util.FileLogger write
INFO: >>> createPlayerAccount

Jul 29, 2020 6:19:16 PM Util.FileLogger write
INFO: >>> createPlayerAccount >>> username >>> Gyles123

Jul 29, 2020 6:19:16 PM Util.FileLogger write
INFO: >>> createPlayerAccount >>> firstname >>> Gyles

Jul 29, 2020 6:19:16 PM Util.FileLogger write
INFO: >>> createPlayerAccount >>> lastname >>> Key

Jul 29, 2020 6:19:16 PM Util.FileLogger write
INFO: >>> createPlayerAccount >>> password >>> Gyles123

Jul 29, 2020 6:19:16 PM Util.FileLogger write
INFO: >>> createPlayerAccount >>> age >>> 23

Jul 29, 2020 6:19:16 PM Util.FileLogger write
INFO: >>> createPlayerAccount >>> ipadddress >>> 93.5.4.5

Jul 29, 2020 6:19:16 PM Util.FileLogger write
INFO: >>> createPlayerAccount >>> User information stored

Jul 29, 2020 6:21:06 PM Util.FileLogger write
INFO: >>> createPlayerAccount

Jul 29, 2020 6:21:06 PM Util.FileLogger write
INFO: >>> createPlayerAccount >>> username >>> Gyles123

Jul 29, 2020 6:21:06 PM Util.FileLogger write
INFO: >>> createPlayerAccount >>> firstname >>> Gyles

Jul 29, 2020 6:21:07 PM Util.FileLogger write
INFO: >>> createPlayerAccount >>> lastname >>> Key

Jul 29, 2020 6:21:07 PM Util.FileLogger write
INFO: >>> createPlayerAccount >>> password >>> Gyles123

Jul 29, 2020 6:21:07 PM Util.FileLogger write
INFO: >>> createPlayerAccount >>> age >>> 23

Jul 29, 2020 6:21:07 PM Util.FileLogger write
INFO: >>> createPlayerAccount >>> ipadddress >>> 93.5.4.5

Jul 29, 2020 6:21:07 PM Util.FileLogger write
INFO: >>> createPlayerAccount >>> User information stored

Jul 29, 2020 6:21:59 PM Util.FileLogger write
INFO: >>> createPlayerAccount

Jul 29, 2020 6:21:59 PM Util.FileLogger write
INFO: >>> createPlayerAccount >>> username >>> Gyles123

Jul 29, 2020 6:21:59 PM Util.FileLogger write
INFO: >>> createPlayerAccount >>> firstname >>> Gyles

Jul 29, 2020 6:21:59 PM Util.FileLogger write
INFO: >>> createPlayerAccount >>> lastname >>> Key

Jul 29, 2020 6:21:59 PM Util.FileLogger write
INFO: >>> createPlayerAccount >>> password >>> Gyles123

Jul 29, 2020 6:21:59 PM Util.FileLogger write
INFO: >>> createPlayerAccount >>> age >>> 23

Jul 29, 2020 6:21:59 PM Util.FileLogger write
INFO: >>> createPlayerAccount >>> ipadddress >>> 93.5.4.5

Jul 29, 2020 6:21:59 PM Util.FileLogger write
INFO: >>> createPlayerAccount >>> User information stored

Jul 29, 2020 6:22:35 PM Util.FileLogger write
INFO: >>> createPlayerAccount

Jul 29, 2020 6:22:35 PM Util.FileLogger write
INFO: >>> createPlayerAccount >>> username >>> Gyles123

Jul 29, 2020 6:22:35 PM Util.FileLogger write
INFO: >>> createPlayerAccount >>> firstname >>> Gyles

Jul 29, 2020 6:22:35 PM Util.FileLogger write
INFO: >>> createPlayerAccount >>> lastname >>> Key

Jul 29, 2020 6:22:35 PM Util.FileLogger write
INFO: >>> createPlayerAccount >>> password >>> Gyles123

Jul 29, 2020 6:22:35 PM Util.FileLogger write
INFO: >>> createPlayerAccount >>> age >>> 23

Jul 29, 2020 6:22:35 PM Util.FileLogger write
INFO: >>> createPlayerAccount >>> ipadddress >>> 93.5.4.5

Jul 29, 2020 6:22:35 PM Util.FileLogger write
INFO: >>> createPlayerAccount >>> User information stored

Jul 29, 2020 6:25:54 PM Util.FileLogger write
INFO: >>> createPlayerAccount

Jul 29, 2020 6:25:54 PM Util.FileLogger write
INFO: >>> createPlayerAccount >>> username >>> Gyles123

Jul 29, 2020 6:25:54 PM Util.FileLogger write
INFO: >>> createPlayerAccount >>> firstname >>> Gyles

Jul 29, 2020 6:25:54 PM Util.FileLogger write
INFO: >>> createPlayerAccount >>> lastname >>> Key

Jul 29, 2020 6:25:54 PM Util.FileLogger write
INFO: >>> createPlayerAccount >>> password >>> Gyles123

Jul 29, 2020 6:25:54 PM Util.FileLogger write
INFO: >>> createPlayerAccount >>> age >>> 23

Jul 29, 2020 6:25:54 PM Util.FileLogger write
INFO: >>> createPlayerAccount >>> ipadddress >>> 93.5.4.5

Jul 29, 2020 6:25:54 PM Util.FileLogger write
INFO: >>> createPlayerAccount >>> User information stored

Jul 29, 2020 6:27:17 PM Util.FileLogger write
INFO: >>> createPlayerAccount

Jul 29, 2020 6:27:17 PM Util.FileLogger write
INFO: >>> createPlayerAccount >>> username >>> Gyles123

Jul 29, 2020 6:27:17 PM Util.FileLogger write
INFO: >>> createPlayerAccount >>> firstname >>> Gyles

Jul 29, 2020 6:27:17 PM Util.FileLogger write
INFO: >>> createPlayerAccount >>> lastname >>> Key

Jul 29, 2020 6:27:17 PM Util.FileLogger write
INFO: >>> createPlayerAccount >>> password >>> Gyles123

Jul 29, 2020 6:27:17 PM Util.FileLogger write
INFO: >>> createPlayerAccount >>> age >>> 23

Jul 29, 2020 6:27:17 PM Util.FileLogger write
INFO: >>> createPlayerAccount >>> ipadddress >>> 93.5.4.5

Jul 29, 2020 6:27:17 PM Util.FileLogger write
INFO: >>> createPlayerAccount >>> User information stored

Jul 29, 2020 6:29:50 PM Util.FileLogger write
INFO: >>> createPlayerAccount

Jul 29, 2020 6:29:50 PM Util.FileLogger write
INFO: >>> createPlayerAccount >>> username >>> Gyles123

Jul 29, 2020 6:29:50 PM Util.FileLogger write
INFO: >>> createPlayerAccount >>> firstname >>> Gyles

Jul 29, 2020 6:29:50 PM Util.FileLogger write
INFO: >>> createPlayerAccount >>> lastname >>> Key

Jul 29, 2020 6:29:50 PM Util.FileLogger write
INFO: >>> createPlayerAccount >>> password >>> Gyles123

Jul 29, 2020 6:29:50 PM Util.FileLogger write
INFO: >>> createPlayerAccount >>> age >>> 23

Jul 29, 2020 6:29:50 PM Util.FileLogger write
INFO: >>> createPlayerAccount >>> ipadddress >>> 93.5.4.5

Jul 29, 2020 6:29:50 PM Util.FileLogger write
INFO: >>> createPlayerAccount >>> User information stored

Jul 29, 2020 6:32:51 PM Util.FileLogger write
INFO: >>> createPlayerAccount

Jul 29, 2020 6:32:51 PM Util.FileLogger write
INFO: >>> createPlayerAccount >>> username >>> Gyles123

Jul 29, 2020 6:32:51 PM Util.FileLogger write
INFO: >>> createPlayerAccount >>> firstname >>> Gyles

Jul 29, 2020 6:32:51 PM Util.FileLogger write
INFO: >>> createPlayerAccount >>> lastname >>> Key

Jul 29, 2020 6:32:51 PM Util.FileLogger write
INFO: >>> createPlayerAccount >>> password >>> Gyles123

Jul 29, 2020 6:32:51 PM Util.FileLogger write
INFO: >>> createPlayerAccount >>> age >>> 23

Jul 29, 2020 6:32:51 PM Util.FileLogger write
INFO: >>> createPlayerAccount >>> ipadddress >>> 93.5.4.5

Jul 29, 2020 6:32:51 PM Util.FileLogger write
INFO: >>> createPlayerAccount >>> User information stored

Jul 29, 2020 6:32:58 PM Util.FileLogger write
INFO: >>> createPlayerAccount

Jul 29, 2020 6:32:58 PM Util.FileLogger write
INFO: >>> createPlayerAccount >>> username >>> Gyles123

Jul 29, 2020 6:32:58 PM Util.FileLogger write
INFO: >>> createPlayerAccount >>> firstname >>> Gyles

Jul 29, 2020 6:32:58 PM Util.FileLogger write
INFO: >>> createPlayerAccount >>> lastname >>> Key

Jul 29, 2020 6:32:58 PM Util.FileLogger write
INFO: >>> createPlayerAccount >>> password >>> Gyles123

Jul 29, 2020 6:32:58 PM Util.FileLogger write
INFO: >>> createPlayerAccount >>> age >>> 23

Jul 29, 2020 6:32:58 PM Util.FileLogger write
INFO: >>> createPlayerAccount >>> ipadddress >>> 93.5.4.5

Jul 29, 2020 6:32:58 PM Util.FileLogger write
INFO: >>> createPlayerAccount >>> User information stored

Jul 29, 2020 6:35:30 PM Util.FileLogger write
INFO: >>> createPlayerAccount

Jul 29, 2020 6:35:30 PM Util.FileLogger write
INFO: >>> createPlayerAccount >>> username >>> Gyles123

Jul 29, 2020 6:35:30 PM Util.FileLogger write
INFO: >>> createPlayerAccount >>> firstname >>> Gyles

Jul 29, 2020 6:35:30 PM Util.FileLogger write
INFO: >>> createPlayerAccount >>> lastname >>> Key

Jul 29, 2020 6:35:30 PM Util.FileLogger write
INFO: >>> createPlayerAccount >>> password >>> Gyles123

Jul 29, 2020 6:35:30 PM Util.FileLogger write
INFO: >>> createPlayerAccount >>> age >>> 23

Jul 29, 2020 6:35:30 PM Util.FileLogger write
INFO: >>> createPlayerAccount >>> ipadddress >>> 93.5.4.5

Jul 29, 2020 6:35:30 PM Util.FileLogger write
INFO: >>> createPlayerAccount >>> User information stored

Jul 29, 2020 6:37:04 PM Util.FileLogger write
INFO: >>> createPlayerAccount

Jul 29, 2020 6:37:04 PM Util.FileLogger write
INFO: >>> createPlayerAccount >>> username >>> Gyles123

Jul 29, 2020 6:37:04 PM Util.FileLogger write
INFO: >>> createPlayerAccount >>> firstname >>> Gyles

Jul 29, 2020 6:37:04 PM Util.FileLogger write
INFO: >>> createPlayerAccount >>> lastname >>> Key

Jul 29, 2020 6:37:04 PM Util.FileLogger write
INFO: >>> createPlayerAccount >>> password >>> Gyles123

Jul 29, 2020 6:37:04 PM Util.FileLogger write
INFO: >>> createPlayerAccount >>> age >>> 23

Jul 29, 2020 6:37:04 PM Util.FileLogger write
INFO: >>> createPlayerAccount >>> ipadddress >>> 93.5.4.5

Jul 29, 2020 6:37:04 PM Util.FileLogger write
INFO: >>> createPlayerAccount >>> User information stored

Jul 29, 2020 6:49:28 PM Util.FileLogger write
INFO: >>> createPlayerAccount

Jul 29, 2020 6:49:28 PM Util.FileLogger write
INFO: >>> createPlayerAccount >>> username >>> Gyles123

Jul 29, 2020 6:49:28 PM Util.FileLogger write
INFO: >>> createPlayerAccount >>> firstname >>> Gyles

Jul 29, 2020 6:49:28 PM Util.FileLogger write
INFO: >>> createPlayerAccount >>> lastname >>> Key

Jul 29, 2020 6:49:28 PM Util.FileLogger write
INFO: >>> createPlayerAccount >>> password >>> Gyles123

Jul 29, 2020 6:49:28 PM Util.FileLogger write
INFO: >>> createPlayerAccount >>> age >>> 23

Jul 29, 2020 6:49:28 PM Util.FileLogger write
INFO: >>> createPlayerAccount >>> ipadddress >>> 93.5.4.5

Jul 29, 2020 6:49:28 PM Util.FileLogger write
INFO: >>> createPlayerAccount >>> User information stored

Jul 29, 2020 6:52:05 PM Util.FileLogger write
INFO: >>> createPlayerAccount

Jul 29, 2020 6:52:05 PM Util.FileLogger write
INFO: >>> createPlayerAccount >>> username >>> Gyles123

Jul 29, 2020 6:52:05 PM Util.FileLogger write
INFO: >>> createPlayerAccount >>> firstname >>> Gyles

Jul 29, 2020 6:52:05 PM Util.FileLogger write
INFO: >>> createPlayerAccount >>> lastname >>> Key

Jul 29, 2020 6:52:05 PM Util.FileLogger write
INFO: >>> createPlayerAccount >>> password >>> Gyles123

Jul 29, 2020 6:52:05 PM Util.FileLogger write
INFO: >>> createPlayerAccount >>> age >>> 23

Jul 29, 2020 6:52:05 PM Util.FileLogger write
INFO: >>> createPlayerAccount >>> ipadddress >>> 93.5.4.5

Jul 29, 2020 6:52:05 PM Util.FileLogger write
INFO: >>> createPlayerAccount >>> User information stored

Jul 29, 2020 6:54:39 PM Util.FileLogger write
INFO: >>> createPlayerAccount

Jul 29, 2020 6:54:39 PM Util.FileLogger write
INFO: >>> createPlayerAccount >>> username >>> Gyles123

Jul 29, 2020 6:54:39 PM Util.FileLogger write
INFO: >>> createPlayerAccount >>> firstname >>> Gyles

Jul 29, 2020 6:54:39 PM Util.FileLogger write
INFO: >>> createPlayerAccount >>> lastname >>> Key

Jul 29, 2020 6:54:39 PM Util.FileLogger write
INFO: >>> createPlayerAccount >>> password >>> Gyles123

Jul 29, 2020 6:54:39 PM Util.FileLogger write
INFO: >>> createPlayerAccount >>> age >>> 23

Jul 29, 2020 6:54:39 PM Util.FileLogger write
INFO: >>> createPlayerAccount >>> ipadddress >>> 93.5.4.5

Jul 29, 2020 6:54:39 PM Util.FileLogger write
INFO: >>> createPlayerAccount >>> User information stored

Jul 29, 2020 7:05:10 PM Util.FileLogger write
INFO: >>> createPlayerAccount

Jul 29, 2020 7:05:10 PM Util.FileLogger write
INFO: >>> createPlayerAccount >>> username >>> Gyles123

Jul 29, 2020 7:05:10 PM Util.FileLogger write
INFO: >>> createPlayerAccount >>> firstname >>> Gyles

Jul 29, 2020 7:05:10 PM Util.FileLogger write
INFO: >>> createPlayerAccount >>> lastname >>> Key

Jul 29, 2020 7:05:10 PM Util.FileLogger write
INFO: >>> createPlayerAccount >>> password >>> Gyles123

Jul 29, 2020 7:05:10 PM Util.FileLogger write
INFO: >>> createPlayerAccount >>> age >>> 23

Jul 29, 2020 7:05:10 PM Util.FileLogger write
INFO: >>> createPlayerAccount >>> ipadddress >>> 93.5.4.5

Jul 29, 2020 7:05:10 PM Util.FileLogger write
INFO: >>> createPlayerAccount >>> User information stored

Jul 29, 2020 7:15:11 PM Util.FileLogger write
INFO: >>> createPlayerAccount

Jul 29, 2020 7:15:11 PM Util.FileLogger write
INFO: >>> createPlayerAccount >>> username >>> Gyles123

Jul 29, 2020 7:15:11 PM Util.FileLogger write
INFO: >>> createPlayerAccount >>> firstname >>> Gyles

Jul 29, 2020 7:15:11 PM Util.FileLogger write
INFO: >>> createPlayerAccount >>> lastname >>> Key

Jul 29, 2020 7:15:11 PM Util.FileLogger write
INFO: >>> createPlayerAccount >>> password >>> Gyles123

Jul 29, 2020 7:15:11 PM Util.FileLogger write
INFO: >>> createPlayerAccount >>> age >>> 23

Jul 29, 2020 7:15:11 PM Util.FileLogger write
INFO: >>> createPlayerAccount >>> ipadddress >>> 93.5.4.5

Jul 29, 2020 7:15:11 PM Util.FileLogger write
INFO: >>> createPlayerAccount >>> User information stored

Aug 01, 2020 12:37:42 AM Util.FileLogger write
INFO: >>> createPlayerAccount

Aug 01, 2020 12:37:42 AM Util.FileLogger write
INFO: >>> createPlayerAccount >>> username >>> Gyles123

Aug 01, 2020 12:37:42 AM Util.FileLogger write
INFO: >>> createPlayerAccount >>> firstname >>> Gyles

Aug 01, 2020 12:37:42 AM Util.FileLogger write
INFO: >>> createPlayerAccount >>> lastname >>> Key

Aug 01, 2020 12:37:42 AM Util.FileLogger write
INFO: >>> createPlayerAccount >>> password >>> Gyles123

Aug 01, 2020 12:37:42 AM Util.FileLogger write
INFO: >>> createPlayerAccount >>> age >>> 23

Aug 01, 2020 12:37:42 AM Util.FileLogger write
INFO: >>> createPlayerAccount >>> ipadddress >>> 93.5.4.5

Aug 01, 2020 12:37:42 AM Util.FileLogger write
INFO: >>> createPlayerAccount >>> User information stored

Aug 01, 2020 2:59:36 AM Util.FileLogger write
INFO: >>> createPlayerAccount

Aug 01, 2020 2:59:36 AM Util.FileLogger write
INFO: >>> createPlayerAccount >>> username >>> Gyles123

Aug 01, 2020 2:59:36 AM Util.FileLogger write
INFO: >>> createPlayerAccount >>> firstname >>> Gyles

Aug 01, 2020 2:59:36 AM Util.FileLogger write
INFO: >>> createPlayerAccount >>> lastname >>> Key

Aug 01, 2020 2:59:36 AM Util.FileLogger write
INFO: >>> createPlayerAccount >>> password >>> Gyles123

Aug 01, 2020 2:59:36 AM Util.FileLogger write
INFO: >>> createPlayerAccount >>> age >>> 23

Aug 01, 2020 2:59:36 AM Util.FileLogger write
INFO: >>> createPlayerAccount >>> ipadddress >>> 93.5.4.5

Aug 01, 2020 2:59:36 AM Util.FileLogger write
INFO: >>> createPlayerAccount >>> User information stored

Aug 01, 2020 3:01:15 AM Util.FileLogger write
INFO: >>> createPlayerAccount

Aug 01, 2020 3:01:15 AM Util.FileLogger write
INFO: >>> createPlayerAccount >>> username >>> Gyles123

Aug 01, 2020 3:01:15 AM Util.FileLogger write
INFO: >>> createPlayerAccount >>> firstname >>> Gyles

Aug 01, 2020 3:01:15 AM Util.FileLogger write
INFO: >>> createPlayerAccount >>> lastname >>> Key

Aug 01, 2020 3:01:15 AM Util.FileLogger write
INFO: >>> createPlayerAccount >>> password >>> Gyles123

Aug 01, 2020 3:01:15 AM Util.FileLogger write
INFO: >>> createPlayerAccount >>> age >>> 23

Aug 01, 2020 3:01:15 AM Util.FileLogger write
INFO: >>> createPlayerAccount >>> ipadddress >>> 93.5.4.5

Aug 01, 2020 3:01:15 AM Util.FileLogger write
INFO: >>> createPlayerAccount >>> User information stored

Aug 01, 2020 4:42:23 AM Util.FileLogger write
INFO: >>> createPlayerAccount

Aug 01, 2020 4:42:23 AM Util.FileLogger write
INFO: >>> createPlayerAccount >>> username >>> Gyles123

Aug 01, 2020 4:42:23 AM Util.FileLogger write
INFO: >>> createPlayerAccount >>> firstname >>> Gyles

Aug 01, 2020 4:42:23 AM Util.FileLogger write
INFO: >>> createPlayerAccount >>> lastname >>> Key

Aug 01, 2020 4:42:23 AM Util.FileLogger write
INFO: >>> createPlayerAccount >>> password >>> Gyles123

Aug 01, 2020 4:42:23 AM Util.FileLogger write
INFO: >>> createPlayerAccount >>> age >>> 23

Aug 01, 2020 4:42:23 AM Util.FileLogger write
INFO: >>> createPlayerAccount >>> ipadddress >>> 93.5.4.5

Aug 01, 2020 4:42:23 AM Util.FileLogger write
INFO: >>> createPlayerAccount >>> User information stored

Aug 01, 2020 4:45:40 AM Util.FileLogger write
INFO: >>> createPlayerAccount

Aug 01, 2020 4:45:40 AM Util.FileLogger write
INFO: >>> createPlayerAccount >>> username >>> Gyles123

Aug 01, 2020 4:45:40 AM Util.FileLogger write
INFO: >>> createPlayerAccount >>> firstname >>> Gyles

Aug 01, 2020 4:45:40 AM Util.FileLogger write
INFO: >>> createPlayerAccount >>> lastname >>> Key

Aug 01, 2020 4:45:40 AM Util.FileLogger write
INFO: >>> createPlayerAccount >>> password >>> Gyles123

Aug 01, 2020 4:45:40 AM Util.FileLogger write
INFO: >>> createPlayerAccount >>> age >>> 23

Aug 01, 2020 4:45:40 AM Util.FileLogger write
INFO: >>> createPlayerAccount >>> ipadddress >>> 93.5.4.5

Aug 01, 2020 4:45:40 AM Util.FileLogger write
INFO: >>> createPlayerAccount >>> User information stored

Aug 01, 2020 4:55:08 AM Util.FileLogger write
INFO: >>> createPlayerAccount

Aug 01, 2020 4:55:08 AM Util.FileLogger write
INFO: >>> createPlayerAccount >>> username >>> Gyles123

Aug 01, 2020 4:55:08 AM Util.FileLogger write
INFO: >>> createPlayerAccount >>> firstname >>> Gyles

Aug 01, 2020 4:55:08 AM Util.FileLogger write
INFO: >>> createPlayerAccount >>> lastname >>> Key

Aug 01, 2020 4:55:08 AM Util.FileLogger write
INFO: >>> createPlayerAccount >>> password >>> Gyles123

Aug 01, 2020 4:55:08 AM Util.FileLogger write
INFO: >>> createPlayerAccount >>> age >>> 23

Aug 01, 2020 4:55:08 AM Util.FileLogger write
INFO: >>> createPlayerAccount >>> ipadddress >>> 93.5.4.5

Aug 01, 2020 4:55:08 AM Util.FileLogger write
INFO: >>> createPlayerAccount >>> User information stored

Aug 01, 2020 5:03:06 AM Util.FileLogger write
INFO: >>> createPlayerAccount

Aug 01, 2020 5:03:06 AM Util.FileLogger write
INFO: >>> createPlayerAccount >>> username >>> Gyles123

Aug 01, 2020 5:03:06 AM Util.FileLogger write
INFO: >>> createPlayerAccount >>> firstname >>> Gyles

Aug 01, 2020 5:03:06 AM Util.FileLogger write
INFO: >>> createPlayerAccount >>> lastname >>> Key

Aug 01, 2020 5:03:06 AM Util.FileLogger write
INFO: >>> createPlayerAccount >>> password >>> Gyles123

Aug 01, 2020 5:03:06 AM Util.FileLogger write
INFO: >>> createPlayerAccount >>> age >>> 23

Aug 01, 2020 5:03:06 AM Util.FileLogger write
INFO: >>> createPlayerAccount >>> ipadddress >>> 93.5.4.5

Aug 01, 2020 5:03:06 AM Util.FileLogger write
INFO: >>> createPlayerAccount >>> User information stored

Aug 01, 2020 5:07:09 AM Util.FileLogger write
INFO: >>> createPlayerAccount

Aug 01, 2020 5:07:09 AM Util.FileLogger write
INFO: >>> createPlayerAccount >>> username >>> Gyles123

Aug 01, 2020 5:07:09 AM Util.FileLogger write
INFO: >>> createPlayerAccount >>> firstname >>> Gyles

Aug 01, 2020 5:07:09 AM Util.FileLogger write
INFO: >>> createPlayerAccount >>> lastname >>> Key

Aug 01, 2020 5:07:09 AM Util.FileLogger write
INFO: >>> createPlayerAccount >>> password >>> Gyles123

Aug 01, 2020 5:07:09 AM Util.FileLogger write
INFO: >>> createPlayerAccount >>> age >>> 23

Aug 01, 2020 5:07:09 AM Util.FileLogger write
INFO: >>> createPlayerAccount >>> ipadddress >>> 93.5.4.5

Aug 01, 2020 5:07:09 AM Util.FileLogger write
INFO: >>> createPlayerAccount >>> User information stored

Aug 01, 2020 5:08:44 AM Util.FileLogger write
INFO: >>> createPlayerAccount

Aug 01, 2020 5:08:44 AM Util.FileLogger write
INFO: >>> createPlayerAccount >>> username >>> Gyles123

Aug 01, 2020 5:08:44 AM Util.FileLogger write
INFO: >>> createPlayerAccount >>> firstname >>> Gyles

Aug 01, 2020 5:08:44 AM Util.FileLogger write
INFO: >>> createPlayerAccount >>> lastname >>> Key

Aug 01, 2020 5:08:44 AM Util.FileLogger write
INFO: >>> createPlayerAccount >>> password >>> Gyles123

Aug 01, 2020 5:08:44 AM Util.FileLogger write
INFO: >>> createPlayerAccount >>> age >>> 23

Aug 01, 2020 5:08:44 AM Util.FileLogger write
INFO: >>> createPlayerAccount >>> ipadddress >>> 93.5.4.5

Aug 01, 2020 5:08:44 AM Util.FileLogger write
INFO: >>> createPlayerAccount >>> User information stored

Aug 01, 2020 5:12:44 AM Util.FileLogger write
INFO: >>> createPlayerAccount

Aug 01, 2020 5:12:44 AM Util.FileLogger write
INFO: >>> createPlayerAccount >>> username >>> Gyles123

Aug 01, 2020 5:12:44 AM Util.FileLogger write
INFO: >>> createPlayerAccount >>> firstname >>> Gyles

Aug 01, 2020 5:12:44 AM Util.FileLogger write
INFO: >>> createPlayerAccount >>> lastname >>> Key

Aug 01, 2020 5:12:44 AM Util.FileLogger write
INFO: >>> createPlayerAccount >>> password >>> Gyles123

Aug 01, 2020 5:12:44 AM Util.FileLogger write
INFO: >>> createPlayerAccount >>> age >>> 23

Aug 01, 2020 5:12:44 AM Util.FileLogger write
INFO: >>> createPlayerAccount >>> ipadddress >>> 93.5.4.5

Aug 01, 2020 5:12:44 AM Util.FileLogger write
INFO: >>> createPlayerAccount >>> User information stored

Aug 01, 2020 10:51:56 AM Utilities.FileLogger write
INFO: >>> createPlayerAccount

Aug 01, 2020 10:51:56 AM Utilities.FileLogger write
INFO: >>> createPlayerAccount >>> username >>> Gyles123

Aug 01, 2020 10:51:56 AM Utilities.FileLogger write
INFO: >>> createPlayerAccount >>> firstname >>> Gyles

Aug 01, 2020 10:51:56 AM Utilities.FileLogger write
INFO: >>> createPlayerAccount >>> lastname >>> Key

Aug 01, 2020 10:51:56 AM Utilities.FileLogger write
INFO: >>> createPlayerAccount >>> password >>> Gyles123

Aug 01, 2020 10:51:56 AM Utilities.FileLogger write
INFO: >>> createPlayerAccount >>> age >>> 23

Aug 01, 2020 10:51:56 AM Utilities.FileLogger write
INFO: >>> createPlayerAccount >>> ipadddress >>> 93.5.4.5

Aug 01, 2020 10:51:56 AM Utilities.FileLogger write
INFO: >>> createPlayerAccount >>> User information stored

Aug 01, 2020 11:10:44 AM Utilities.FileLogger write
INFO: >>> createPlayerAccount

Aug 01, 2020 11:10:44 AM Utilities.FileLogger write
INFO: >>> createPlayerAccount >>> username >>> Gyles123

Aug 01, 2020 11:10:44 AM Utilities.FileLogger write
INFO: >>> createPlayerAccount >>> firstname >>> Gyles

Aug 01, 2020 11:10:44 AM Utilities.FileLogger write
INFO: >>> createPlayerAccount >>> lastname >>> Key

Aug 01, 2020 11:10:44 AM Utilities.FileLogger write
INFO: >>> createPlayerAccount >>> password >>> Gyles123

Aug 01, 2020 11:10:44 AM Utilities.FileLogger write
INFO: >>> createPlayerAccount >>> age >>> 23

Aug 01, 2020 11:10:44 AM Utilities.FileLogger write
INFO: >>> createPlayerAccount >>> ipadddress >>> 93.5.4.5

Aug 01, 2020 11:10:45 AM Utilities.FileLogger write
INFO: >>> createPlayerAccount >>> User information stored

Aug 01, 2020 11:19:16 AM Utilities.FileLogger write
INFO: >>> createPlayerAccount

Aug 01, 2020 11:19:16 AM Utilities.FileLogger write
INFO: >>> createPlayerAccount >>> username >>> Gyles123

Aug 01, 2020 11:19:16 AM Utilities.FileLogger write
INFO: >>> createPlayerAccount >>> firstname >>> Gyles

Aug 01, 2020 11:19:16 AM Utilities.FileLogger write
INFO: >>> createPlayerAccount >>> lastname >>> Key

Aug 01, 2020 11:19:16 AM Utilities.FileLogger write
INFO: >>> createPlayerAccount >>> password >>> Gyles123

Aug 01, 2020 11:19:16 AM Utilities.FileLogger write
INFO: >>> createPlayerAccount >>> age >>> 23

Aug 01, 2020 11:19:16 AM Utilities.FileLogger write
INFO: >>> createPlayerAccount >>> ipadddress >>> 93.5.4.5

Aug 01, 2020 11:19:16 AM Utilities.FileLogger write
INFO: >>> createPlayerAccount >>> User information stored

Aug 01, 2020 11:22:35 AM Utilities.FileLogger write
INFO: >>> createPlayerAccount

Aug 01, 2020 11:22:35 AM Utilities.FileLogger write
INFO: >>> createPlayerAccount >>> username >>> Gyles123

Aug 01, 2020 11:22:35 AM Utilities.FileLogger write
INFO: >>> createPlayerAccount >>> firstname >>> Gyles

Aug 01, 2020 11:22:35 AM Utilities.FileLogger write
INFO: >>> createPlayerAccount >>> lastname >>> Key

Aug 01, 2020 11:22:35 AM Utilities.FileLogger write
INFO: >>> createPlayerAccount >>> password >>> Gyles123

Aug 01, 2020 11:22:35 AM Utilities.FileLogger write
INFO: >>> createPlayerAccount >>> age >>> 23

Aug 01, 2020 11:22:35 AM Utilities.FileLogger write
INFO: >>> createPlayerAccount >>> ipadddress >>> 93.5.4.5

Aug 01, 2020 11:22:35 AM Utilities.FileLogger write
INFO: >>> createPlayerAccount >>> User information stored

Aug 01, 2020 11:30:20 AM Utilities.FileLogger write
INFO: >>> createPlayerAccount

Aug 01, 2020 11:30:20 AM Utilities.FileLogger write
INFO: >>> createPlayerAccount >>> username >>> Gyles123

Aug 01, 2020 11:30:20 AM Utilities.FileLogger write
INFO: >>> createPlayerAccount >>> firstname >>> Gyles

Aug 01, 2020 11:30:20 AM Utilities.FileLogger write
INFO: >>> createPlayerAccount >>> lastname >>> Key

Aug 01, 2020 11:30:20 AM Utilities.FileLogger write
INFO: >>> createPlayerAccount >>> password >>> Gyles123

Aug 01, 2020 11:30:20 AM Utilities.FileLogger write
INFO: >>> createPlayerAccount >>> age >>> 23

Aug 01, 2020 11:30:20 AM Utilities.FileLogger write
INFO: >>> createPlayerAccount >>> ipadddress >>> 93.5.4.5

Aug 01, 2020 11:30:20 AM Utilities.FileLogger write
INFO: >>> createPlayerAccount >>> User information stored

Aug 01, 2020 11:30:21 AM Utilities.FileLogger write
INFO: >>> createPlayerAccount

Aug 01, 2020 11:30:21 AM Utilities.FileLogger write
INFO: >>> createPlayerAccount >>> username >>> Gyles123

Aug 01, 2020 11:30:21 AM Utilities.FileLogger write
INFO: >>> createPlayerAccount >>> firstname >>> Gyles

Aug 01, 2020 11:30:21 AM Utilities.FileLogger write
INFO: >>> createPlayerAccount >>> lastname >>> Key

Aug 01, 2020 11:30:21 AM Utilities.FileLogger write
INFO: >>> createPlayerAccount >>> password >>> Gyles123

Aug 01, 2020 11:30:21 AM Utilities.FileLogger write
INFO: >>> createPlayerAccount >>> age >>> 23

Aug 01, 2020 11:30:21 AM Utilities.FileLogger write
INFO: >>> createPlayerAccount >>> ipadddress >>> 93.5.4.5

Aug 01, 2020 11:30:21 AM Utilities.FileLogger write
INFO: >>> createPlayerAccount >>> User information stored

Aug 01, 2020 11:30:22 AM Utilities.FileLogger write
INFO: >>> createPlayerAccount

Aug 01, 2020 11:30:22 AM Utilities.FileLogger write
INFO: >>> createPlayerAccount >>> username >>> Gyles123

Aug 01, 2020 11:30:22 AM Utilities.FileLogger write
INFO: >>> createPlayerAccount >>> firstname >>> Gyles

Aug 01, 2020 11:30:22 AM Utilities.FileLogger write
INFO: >>> createPlayerAccount >>> lastname >>> Key

Aug 01, 2020 11:30:22 AM Utilities.FileLogger write
INFO: >>> createPlayerAccount >>> password >>> Gyles123

Aug 01, 2020 11:30:22 AM Utilities.FileLogger write
INFO: >>> createPlayerAccount >>> age >>> 23

Aug 01, 2020 11:30:22 AM Utilities.FileLogger write
INFO: >>> createPlayerAccount >>> ipadddress >>> 93.5.4.5

Aug 01, 2020 11:30:22 AM Utilities.FileLogger write
INFO: >>> createPlayerAccount >>> User information stored

