Jul 07, 2020 8:40:17 PM logger.FileLogger write
INFO: >>> createPlayerAccount

Jul 07, 2020 8:40:17 PM logger.FileLogger write
INFO: >>> createPlayerAccount >>> username >>> Adak123

Jul 07, 2020 8:40:17 PM logger.FileLogger write
INFO: >>> createPlayerAccount >>> firstname >>> Ada

Jul 07, 2020 8:40:17 PM logger.FileLogger write
INFO: >>> createPlayerAccount >>> lastname >>> Kim

Jul 07, 2020 8:40:17 PM logger.FileLogger write
INFO: >>> createPlayerAccount >>> password >>> Adak123

Jul 07, 2020 8:40:17 PM logger.FileLogger write
INFO: >>> createPlayerAccount >>> age >>> 18

Jul 07, 2020 8:40:17 PM logger.FileLogger write
INFO: >>> createPlayerAccount >>> ipadddress >>> 182.34.2.3

Jul 07, 2020 8:40:17 PM logger.FileLogger write
INFO: >>> createPlayerAccount >>> User information stored

Jul 07, 2020 9:52:47 PM logger.FileLogger write
INFO: >>> createPlayerAccount

Jul 07, 2020 9:52:47 PM logger.FileLogger write
INFO: >>> createPlayerAccount >>> username >>> Adak123

Jul 07, 2020 9:52:47 PM logger.FileLogger write
INFO: >>> createPlayerAccount >>> firstname >>> Ada

Jul 07, 2020 9:52:47 PM logger.FileLogger write
INFO: >>> createPlayerAccount >>> lastname >>> Kim

Jul 07, 2020 9:52:47 PM logger.FileLogger write
INFO: >>> createPlayerAccount >>> password >>> Adak123

Jul 07, 2020 9:52:47 PM logger.FileLogger write
INFO: >>> createPlayerAccount >>> age >>> 18

Jul 07, 2020 9:52:47 PM logger.FileLogger write
INFO: >>> createPlayerAccount >>> ipadddress >>> 182.34.2.3

Jul 07, 2020 9:52:47 PM logger.FileLogger write
INFO: >>> createPlayerAccount >>> User information stored

Jul 07, 2020 9:54:03 PM logger.FileLogger write
INFO: >>> createPlayerAccount

Jul 07, 2020 9:54:03 PM logger.FileLogger write
INFO: >>> createPlayerAccount >>> username >>> Adak123

Jul 07, 2020 9:54:03 PM logger.FileLogger write
INFO: >>> createPlayerAccount >>> firstname >>> Ada

Jul 07, 2020 9:54:03 PM logger.FileLogger write
INFO: >>> createPlayerAccount >>> lastname >>> Kim

Jul 07, 2020 9:54:03 PM logger.FileLogger write
INFO: >>> createPlayerAccount >>> password >>> Adak123

Jul 07, 2020 9:54:03 PM logger.FileLogger write
INFO: >>> createPlayerAccount >>> age >>> 18

Jul 07, 2020 9:54:03 PM logger.FileLogger write
INFO: >>> createPlayerAccount >>> ipadddress >>> 182.34.2.3

Jul 07, 2020 9:54:03 PM logger.FileLogger write
INFO: >>> createPlayerAccount >>> User information stored

Jul 07, 2020 9:58:47 PM logger.FileLogger write
INFO: >>> createPlayerAccount

Jul 07, 2020 9:58:47 PM logger.FileLogger write
INFO: >>> createPlayerAccount >>> username >>> Adak123

Jul 07, 2020 9:58:47 PM logger.FileLogger write
INFO: >>> createPlayerAccount >>> firstname >>> Ada

Jul 07, 2020 9:58:47 PM logger.FileLogger write
INFO: >>> createPlayerAccount >>> lastname >>> Kim

Jul 07, 2020 9:58:47 PM logger.FileLogger write
INFO: >>> createPlayerAccount >>> password >>> Adak123

Jul 07, 2020 9:58:47 PM logger.FileLogger write
INFO: >>> createPlayerAccount >>> age >>> 18

Jul 07, 2020 9:58:47 PM logger.FileLogger write
INFO: >>> createPlayerAccount >>> ipadddress >>> 182.34.2.3

Jul 07, 2020 9:58:47 PM logger.FileLogger write
INFO: >>> createPlayerAccount >>> User information stored

Jul 07, 2020 9:58:56 PM logger.FileLogger write
INFO: >>> createPlayerAccount

Jul 07, 2020 9:58:56 PM logger.FileLogger write
INFO: >>> createPlayerAccount >>> username >>> Adak123

Jul 07, 2020 9:58:56 PM logger.FileLogger write
INFO: >>> createPlayerAccount >>> firstname >>> Ada

Jul 07, 2020 9:58:56 PM logger.FileLogger write
INFO: >>> createPlayerAccount >>> lastname >>> Kim

Jul 07, 2020 9:58:56 PM logger.FileLogger write
INFO: >>> createPlayerAccount >>> password >>> Adak123

Jul 07, 2020 9:58:56 PM logger.FileLogger write
INFO: >>> createPlayerAccount >>> age >>> 18

Jul 07, 2020 9:58:56 PM logger.FileLogger write
INFO: >>> createPlayerAccount >>> ipadddress >>> 182.34.2.3

Jul 07, 2020 9:58:56 PM logger.FileLogger write
INFO: >>> createPlayerAccount >>> User information stored

Jul 08, 2020 12:03:58 AM logger.FileLogger write
INFO: >>> createPlayerAccount

Jul 08, 2020 12:03:58 AM logger.FileLogger write
INFO: >>> createPlayerAccount >>> username >>> Adak123

Jul 08, 2020 12:03:58 AM logger.FileLogger write
INFO: >>> createPlayerAccount >>> firstname >>> Ada

Jul 08, 2020 12:03:58 AM logger.FileLogger write
INFO: >>> createPlayerAccount >>> lastname >>> Kim

Jul 08, 2020 12:03:58 AM logger.FileLogger write
INFO: >>> createPlayerAccount >>> password >>> Adak123

Jul 08, 2020 12:03:58 AM logger.FileLogger write
INFO: >>> createPlayerAccount >>> age >>> 18

Jul 08, 2020 12:03:58 AM logger.FileLogger write
INFO: >>> createPlayerAccount >>> ipadddress >>> 182.34.2.3

Jul 08, 2020 12:03:58 AM logger.FileLogger write
INFO: >>> createPlayerAccount >>> User information stored

Jul 08, 2020 12:54:47 AM logger.FileLogger write
INFO: >>> createPlayerAccount

Jul 08, 2020 12:54:47 AM logger.FileLogger write
INFO: >>> createPlayerAccount >>> username >>> Adak123

Jul 08, 2020 12:54:47 AM logger.FileLogger write
INFO: >>> createPlayerAccount >>> firstname >>> Ada

Jul 08, 2020 12:54:47 AM logger.FileLogger write
INFO: >>> createPlayerAccount >>> lastname >>> Kim

Jul 08, 2020 12:54:47 AM logger.FileLogger write
INFO: >>> createPlayerAccount >>> password >>> Adak123

Jul 08, 2020 12:54:47 AM logger.FileLogger write
INFO: >>> createPlayerAccount >>> age >>> 18

Jul 08, 2020 12:54:47 AM logger.FileLogger write
INFO: >>> createPlayerAccount >>> ipadddress >>> 182.34.2.3

Jul 08, 2020 12:54:47 AM logger.FileLogger write
INFO: >>> createPlayerAccount >>> User information stored

Jul 08, 2020 4:33:56 PM logger.FileLogger write
INFO: >>> createPlayerAccount

Jul 08, 2020 4:33:56 PM logger.FileLogger write
INFO: >>> createPlayerAccount >>> username >>> Adak123

Jul 08, 2020 4:33:56 PM logger.FileLogger write
INFO: >>> createPlayerAccount >>> firstname >>> Ada

Jul 08, 2020 4:33:56 PM logger.FileLogger write
INFO: >>> createPlayerAccount >>> lastname >>> Kim

Jul 08, 2020 4:33:56 PM logger.FileLogger write
INFO: >>> createPlayerAccount >>> password >>> Adak123

Jul 08, 2020 4:33:56 PM logger.FileLogger write
INFO: >>> createPlayerAccount >>> age >>> 18

Jul 08, 2020 4:33:56 PM logger.FileLogger write
INFO: >>> createPlayerAccount >>> ipadddress >>> 182.34.2.3

Jul 08, 2020 4:33:56 PM logger.FileLogger write
INFO: >>> createPlayerAccount >>> User information stored

