Jul 07, 2020 10:01:14 PM logger.FileLogger write
INFO: >>> createPlayerAccount

Jul 07, 2020 10:01:14 PM logger.FileLogger write
INFO: >>> createPlayerAccount >>> username >>> Fabienne123

Jul 07, 2020 10:01:14 PM logger.FileLogger write
INFO: >>> createPlayerAccount >>> firstname >>> Fabienne

Jul 07, 2020 10:01:14 PM logger.FileLogger write
INFO: >>> createPlayerAccount >>> lastname >>> Tapani

Jul 07, 2020 10:01:14 PM logger.FileLogger write
INFO: >>> createPlayerAccount >>> password >>> Fabienne123

Jul 07, 2020 10:01:14 PM logger.FileLogger write
INFO: >>> createPlayerAccount >>> age >>> 19

Jul 07, 2020 10:01:14 PM logger.FileLogger write
INFO: >>> createPlayerAccount >>> ipadddress >>> 93.5.4.1

Jul 07, 2020 10:01:14 PM logger.FileLogger write
INFO: >>> createPlayerAccount >>> User information stored

Jul 08, 2020 12:54:52 AM logger.FileLogger write
INFO: >>> createPlayerAccount

Jul 08, 2020 12:54:52 AM logger.FileLogger write
INFO: >>> createPlayerAccount >>> username >>> Fabienne123

Jul 08, 2020 12:54:52 AM logger.FileLogger write
INFO: >>> createPlayerAccount >>> firstname >>> Fabienne

Jul 08, 2020 12:54:52 AM logger.FileLogger write
INFO: >>> createPlayerAccount >>> lastname >>> Tapani

Jul 08, 2020 12:54:52 AM logger.FileLogger write
INFO: >>> createPlayerAccount >>> password >>> Fabienne123

Jul 08, 2020 12:54:52 AM logger.FileLogger write
INFO: >>> createPlayerAccount >>> age >>> 19

Jul 08, 2020 12:54:52 AM logger.FileLogger write
INFO: >>> createPlayerAccount >>> ipadddress >>> 93.5.4.1

Jul 08, 2020 12:54:52 AM logger.FileLogger write
INFO: >>> createPlayerAccount >>> User information stored

Jul 08, 2020 4:34:06 PM logger.FileLogger write
INFO: >>> createPlayerAccount

Jul 08, 2020 4:34:06 PM logger.FileLogger write
INFO: >>> createPlayerAccount >>> username >>> Fabienne123

Jul 08, 2020 4:34:06 PM logger.FileLogger write
INFO: >>> createPlayerAccount >>> firstname >>> Fabienne

Jul 08, 2020 4:34:06 PM logger.FileLogger write
INFO: >>> createPlayerAccount >>> lastname >>> Tapani

Jul 08, 2020 4:34:06 PM logger.FileLogger write
INFO: >>> createPlayerAccount >>> password >>> Fabienne123

Jul 08, 2020 4:34:06 PM logger.FileLogger write
INFO: >>> createPlayerAccount >>> age >>> 19

Jul 08, 2020 4:34:06 PM logger.FileLogger write
INFO: >>> createPlayerAccount >>> ipadddress >>> 93.5.4.1

Jul 08, 2020 4:34:06 PM logger.FileLogger write
INFO: >>> createPlayerAccount >>> User information stored

