Jun 23, 2020 7:36:43 PM Logger.FileLogger write
INFO: >>> suspendAccount

Jun 23, 2020 7:36:43 PM Logger.FileLogger write
INFO: >>> suspendAccount >>> Admin Username >>> Bruce123

Jun 23, 2020 7:36:43 PM Logger.FileLogger write
INFO: >>> suspendAccount >>> Admin Password >>> Bruce123

Jun 23, 2020 7:36:43 PM Logger.FileLogger write
INFO: >>> suspendAccount >>> Admin IPAddress >>> 182.1.1.1

Jun 23, 2020 7:36:43 PM Logger.FileLogger write
INFO: >>> suspendAccount >>> Username To Suspend >>> Bruce123

Jun 23, 2020 7:36:43 PM Logger.FileLogger write
INFO: >>> suspendAccount >>> Wrong username or password...

Jun 23, 2020 7:38:01 PM Logger.FileLogger write
INFO: >>> suspendAccount

Jun 23, 2020 7:38:01 PM Logger.FileLogger write
INFO: >>> suspendAccount >>> Admin Username >>> Bruce123

Jun 23, 2020 7:38:01 PM Logger.FileLogger write
INFO: >>> suspendAccount >>> Admin Password >>> Bruce123

Jun 23, 2020 7:38:01 PM Logger.FileLogger write
INFO: >>> suspendAccount >>> Admin IPAddress >>> 182.1.1.1

Jun 23, 2020 7:38:01 PM Logger.FileLogger write
INFO: >>> suspendAccount >>> Username To Suspend >>> Bruce123

Jun 23, 2020 7:38:01 PM Logger.FileLogger write
INFO: >>> suspendAccount >>> Wrong username or password...

