Aug 01, 2020 11:23:39 AM Utilities.FileLogger write
INFO: >>> suspendAccount

Aug 01, 2020 11:23:39 AM Utilities.FileLogger write
INFO: >>> suspendAccount >>> Admin Username >>> VArun123

Aug 01, 2020 11:23:39 AM Utilities.FileLogger write
INFO: >>> suspendAccount >>> Admin Password >>> asfasfsaf

Aug 01, 2020 11:23:39 AM Utilities.FileLogger write
INFO: >>> suspendAccount >>> Admin IPAddress >>> 182.5.435.4

Aug 01, 2020 11:23:39 AM Utilities.FileLogger write
INFO: >>> suspendAccount >>> Username To Suspend >>> safsafasf

Aug 01, 2020 11:24:08 AM Utilities.FileLogger write
INFO: >>> suspendAccount >>> Wrong username or password...

Aug 01, 2020 11:24:30 AM Utilities.FileLogger write
INFO: >>> suspendAccount

Aug 01, 2020 11:24:30 AM Utilities.FileLogger write
INFO: >>> suspendAccount >>> Admin Username >>> VArun123

Aug 01, 2020 11:24:30 AM Utilities.FileLogger write
INFO: >>> suspendAccount >>> Admin Password >>> asfasfsaf

Aug 01, 2020 11:24:30 AM Utilities.FileLogger write
INFO: >>> suspendAccount >>> Admin IPAddress >>> 182.5.435.4

Aug 01, 2020 11:24:30 AM Utilities.FileLogger write
INFO: >>> suspendAccount >>> Username To Suspend >>> safsafasf

Aug 01, 2020 11:24:31 AM Utilities.FileLogger write
INFO: >>> suspendAccount >>> Wrong username or password...

Aug 01, 2020 11:24:31 AM Utilities.FileLogger write
INFO: >>> suspendAccount

Aug 01, 2020 11:24:31 AM Utilities.FileLogger write
INFO: >>> suspendAccount >>> Admin Username >>> VArun123

Aug 01, 2020 11:24:31 AM Utilities.FileLogger write
INFO: >>> suspendAccount >>> Admin Password >>> asfasfsaf

Aug 01, 2020 11:24:31 AM Utilities.FileLogger write
INFO: >>> suspendAccount >>> Admin IPAddress >>> 182.5.435.4

Aug 01, 2020 11:24:31 AM Utilities.FileLogger write
INFO: >>> suspendAccount >>> Username To Suspend >>> safsafasf

Aug 01, 2020 11:24:32 AM Utilities.FileLogger write
INFO: >>> suspendAccount >>> Wrong username or password...

