Aug 01, 2020 5:10:48 AM Util.FileLogger write
INFO: >>> suspendAccount

Aug 01, 2020 5:10:48 AM Util.FileLogger write
INFO: >>> suspendAccount >>> Admin Username >>> Varun123

Aug 01, 2020 5:10:48 AM Util.FileLogger write
INFO: >>> suspendAccount >>> Admin Password >>> Admin

Aug 01, 2020 5:10:48 AM Util.FileLogger write
INFO: >>> suspendAccount >>> Admin IPAddress >>> 182.45.42.2

Aug 01, 2020 5:10:48 AM Util.FileLogger write
INFO: >>> suspendAccount >>> Username To Suspend >>> Varun123

Aug 01, 2020 5:10:48 AM Util.FileLogger write
INFO: >>> suspendAccount >>> Wrong username or password...

Aug 01, 2020 5:10:48 AM Util.FileLogger write
INFO: >>> suspendAccount

Aug 01, 2020 5:10:48 AM Util.FileLogger write
INFO: >>> suspendAccount >>> Admin Username >>> Varun123

Aug 01, 2020 5:10:48 AM Util.FileLogger write
INFO: >>> suspendAccount >>> Admin Password >>> Admin

Aug 01, 2020 5:10:48 AM Util.FileLogger write
INFO: >>> suspendAccount >>> Admin IPAddress >>> 182.45.42.2

Aug 01, 2020 5:10:48 AM Util.FileLogger write
INFO: >>> suspendAccount >>> Username To Suspend >>> Varun123

Aug 01, 2020 5:10:48 AM Util.FileLogger write
INFO: >>> suspendAccount >>> Wrong username or password...

Aug 01, 2020 5:10:48 AM Util.FileLogger write
INFO: >>> suspendAccount

Aug 01, 2020 5:10:48 AM Util.FileLogger write
INFO: >>> suspendAccount >>> Admin Username >>> Varun123

Aug 01, 2020 5:10:48 AM Util.FileLogger write
INFO: >>> suspendAccount >>> Admin Password >>> Admin

Aug 01, 2020 5:10:48 AM Util.FileLogger write
INFO: >>> suspendAccount >>> Admin IPAddress >>> 182.45.42.2

Aug 01, 2020 5:10:48 AM Util.FileLogger write
INFO: >>> suspendAccount >>> Username To Suspend >>> Varun123

Aug 01, 2020 5:10:48 AM Util.FileLogger write
INFO: >>> suspendAccount >>> Wrong username or password...

Aug 01, 2020 5:10:48 AM Util.FileLogger write
INFO: >>> suspendAccount

Aug 01, 2020 5:10:48 AM Util.FileLogger write
INFO: >>> suspendAccount >>> Admin Username >>> Varun123

Aug 01, 2020 5:10:48 AM Util.FileLogger write
INFO: >>> suspendAccount >>> Admin Password >>> Admin

Aug 01, 2020 5:10:48 AM Util.FileLogger write
INFO: >>> suspendAccount >>> Admin IPAddress >>> 182.45.42.2

Aug 01, 2020 5:10:48 AM Util.FileLogger write
INFO: >>> suspendAccount >>> Username To Suspend >>> Varun123

Aug 01, 2020 5:10:48 AM Util.FileLogger write
INFO: >>> suspendAccount >>> Wrong username or password...

Aug 01, 2020 11:11:46 AM Utilities.FileLogger write
INFO: >>> suspendAccount

Aug 01, 2020 11:11:46 AM Utilities.FileLogger write
INFO: >>> suspendAccount >>> Admin Username >>> Varun123

Aug 01, 2020 11:11:46 AM Utilities.FileLogger write
INFO: >>> suspendAccount >>> Admin Password >>> Admin

Aug 01, 2020 11:11:46 AM Utilities.FileLogger write
INFO: >>> suspendAccount >>> Admin IPAddress >>> 182.343.5.2

Aug 01, 2020 11:11:46 AM Utilities.FileLogger write
INFO: >>> suspendAccount >>> Username To Suspend >>> sfaskfas

Aug 01, 2020 11:11:46 AM Utilities.FileLogger write
INFO: >>> suspendAccount >>> Wrong username or password...

Aug 01, 2020 11:11:46 AM Utilities.FileLogger write
INFO: >>> suspendAccount

Aug 01, 2020 11:11:46 AM Utilities.FileLogger write
INFO: >>> suspendAccount >>> Admin Username >>> Varun123

Aug 01, 2020 11:11:46 AM Utilities.FileLogger write
INFO: >>> suspendAccount >>> Admin Password >>> Admin

Aug 01, 2020 11:11:46 AM Utilities.FileLogger write
INFO: >>> suspendAccount >>> Admin IPAddress >>> 182.343.5.2

Aug 01, 2020 11:11:46 AM Utilities.FileLogger write
INFO: >>> suspendAccount >>> Username To Suspend >>> sfaskfas

Aug 01, 2020 11:11:46 AM Utilities.FileLogger write
INFO: >>> suspendAccount >>> Wrong username or password...

Aug 01, 2020 11:11:46 AM Utilities.FileLogger write
INFO: >>> suspendAccount

Aug 01, 2020 11:11:46 AM Utilities.FileLogger write
INFO: >>> suspendAccount >>> Admin Username >>> Varun123

Aug 01, 2020 11:11:46 AM Utilities.FileLogger write
INFO: >>> suspendAccount >>> Admin Password >>> Admin

Aug 01, 2020 11:11:46 AM Utilities.FileLogger write
INFO: >>> suspendAccount >>> Admin IPAddress >>> 182.343.5.2

Aug 01, 2020 11:11:46 AM Utilities.FileLogger write
INFO: >>> suspendAccount >>> Username To Suspend >>> sfaskfas

Aug 01, 2020 11:11:46 AM Utilities.FileLogger write
INFO: >>> suspendAccount >>> Wrong username or password...

Aug 01, 2020 12:26:06 PM Utilities.FileLogger write
INFO: >>> suspendAccount

Aug 01, 2020 12:26:06 PM Utilities.FileLogger write
INFO: >>> suspendAccount >>> Admin Username >>> Varun123

Aug 01, 2020 12:26:06 PM Utilities.FileLogger write
INFO: >>> suspendAccount >>> Admin Password >>> Varun123

Aug 01, 2020 12:26:06 PM Utilities.FileLogger write
INFO: >>> suspendAccount >>> Admin IPAddress >>> 182.54.2.2

Aug 01, 2020 12:26:06 PM Utilities.FileLogger write
INFO: >>> suspendAccount >>> Username To Suspend >>> dfsdfdsfdsf

Aug 01, 2020 12:26:06 PM Utilities.FileLogger write
INFO: >>> suspendAccount >>> Wrong username or password...

Aug 01, 2020 12:26:06 PM Utilities.FileLogger write
INFO: >>> suspendAccount

Aug 01, 2020 12:26:06 PM Utilities.FileLogger write
INFO: >>> suspendAccount >>> Admin Username >>> Varun123

Aug 01, 2020 12:26:06 PM Utilities.FileLogger write
INFO: >>> suspendAccount >>> Admin Password >>> Varun123

Aug 01, 2020 12:26:06 PM Utilities.FileLogger write
INFO: >>> suspendAccount >>> Admin IPAddress >>> 182.54.2.2

Aug 01, 2020 12:26:06 PM Utilities.FileLogger write
INFO: >>> suspendAccount >>> Username To Suspend >>> dfsdfdsfdsf

Aug 01, 2020 12:26:06 PM Utilities.FileLogger write
INFO: >>> suspendAccount >>> Wrong username or password...

Aug 01, 2020 12:26:06 PM Utilities.FileLogger write
INFO: >>> suspendAccount

Aug 01, 2020 12:26:06 PM Utilities.FileLogger write
INFO: >>> suspendAccount >>> Admin Username >>> Varun123

Aug 01, 2020 12:26:06 PM Utilities.FileLogger write
INFO: >>> suspendAccount >>> Admin Password >>> Varun123

Aug 01, 2020 12:26:06 PM Utilities.FileLogger write
INFO: >>> suspendAccount >>> Admin IPAddress >>> 182.54.2.2

Aug 01, 2020 12:26:06 PM Utilities.FileLogger write
INFO: >>> suspendAccount >>> Username To Suspend >>> dfsdfdsfdsf

Aug 01, 2020 12:26:06 PM Utilities.FileLogger write
INFO: >>> suspendAccount >>> Wrong username or password...

