Jun 25, 2020 9:49:56 AM Logger.FileLogger write
INFO: >>> createPlayerAccount

Jun 25, 2020 9:49:56 AM Logger.FileLogger write
INFO: >>> createPlayerAccount >>> username >>> Charles123

Jun 25, 2020 9:49:56 AM Logger.FileLogger write
INFO: >>> createPlayerAccount >>> firstname >>> Charles

Jun 25, 2020 9:49:56 AM Logger.FileLogger write
INFO: >>> createPlayerAccount >>> lastname >>> Lee

Jun 25, 2020 9:49:56 AM Logger.FileLogger write
INFO: >>> createPlayerAccount >>> password >>> Charles123

Jun 25, 2020 9:49:56 AM Logger.FileLogger write
INFO: >>> createPlayerAccount >>> age >>> 15

Jun 25, 2020 9:49:56 AM Logger.FileLogger write
INFO: >>> createPlayerAccount >>> ipadddress >>> 93.1.1.1

Jun 25, 2020 9:49:56 AM Logger.FileLogger write
INFO: >>> createPlayerAccount >>> User information stored

Jun 26, 2020 6:50:13 PM Logger.FileLogger write
INFO: >>> createPlayerAccount

Jun 26, 2020 6:50:13 PM Logger.FileLogger write
INFO: >>> createPlayerAccount >>> username >>> Charles123

Jun 26, 2020 6:50:13 PM Logger.FileLogger write
INFO: >>> createPlayerAccount >>> firstname >>> Charles

Jun 26, 2020 6:50:13 PM Logger.FileLogger write
INFO: >>> createPlayerAccount >>> lastname >>> Lee

Jun 26, 2020 6:50:13 PM Logger.FileLogger write
INFO: >>> createPlayerAccount >>> password >>> Charles123

Jun 26, 2020 6:50:13 PM Logger.FileLogger write
INFO: >>> createPlayerAccount >>> age >>> 15

Jun 26, 2020 6:50:13 PM Logger.FileLogger write
INFO: >>> createPlayerAccount >>> ipadddress >>> 93.1.1.1

Jun 26, 2020 6:50:14 PM Logger.FileLogger write
INFO: >>> createPlayerAccount >>> User information stored

Jun 26, 2020 11:12:10 PM Logger.FileLogger write
INFO: >>> createPlayerAccount

Jun 26, 2020 11:12:10 PM Logger.FileLogger write
INFO: >>> createPlayerAccount >>> username >>> Charles123

Jun 26, 2020 11:12:10 PM Logger.FileLogger write
INFO: >>> createPlayerAccount >>> firstname >>> Charles

Jun 26, 2020 11:12:10 PM Logger.FileLogger write
INFO: >>> createPlayerAccount >>> lastname >>> Lee

Jun 26, 2020 11:12:10 PM Logger.FileLogger write
INFO: >>> createPlayerAccount >>> password >>> Charles123

Jun 26, 2020 11:12:10 PM Logger.FileLogger write
INFO: >>> createPlayerAccount >>> age >>> 15

Jun 26, 2020 11:12:10 PM Logger.FileLogger write
INFO: >>> createPlayerAccount >>> ipadddress >>> 93.1.1.1

Jun 26, 2020 11:12:10 PM Logger.FileLogger write
INFO: >>> createPlayerAccount >>> User information stored

