Jul 08, 2020 11:45:11 PM logger.FileLogger write
INFO: >>> createPlayerAccount

Jul 08, 2020 11:45:11 PM logger.FileLogger write
INFO: >>> createPlayerAccount >>> username >>> Seabrook123

Jul 08, 2020 11:45:11 PM logger.FileLogger write
INFO: >>> createPlayerAccount >>> firstname >>> Lorena

Jul 08, 2020 11:45:11 PM logger.FileLogger write
INFO: >>> createPlayerAccount >>> lastname >>> Seabrook

Jul 08, 2020 11:45:11 PM logger.FileLogger write
INFO: >>> createPlayerAccount >>> password >>> Seabrook123

Jul 08, 2020 11:45:11 PM logger.FileLogger write
INFO: >>> createPlayerAccount >>> age >>> 18

Jul 08, 2020 11:45:11 PM logger.FileLogger write
INFO: >>> createPlayerAccount >>> ipadddress >>> 132.34.2.3

Jul 08, 2020 11:45:11 PM logger.FileLogger write
INFO: >>> createPlayerAccount >>> User information stored

Jul 10, 2020 6:37:45 PM logger.FileLogger write
INFO: >>> createPlayerAccount

Jul 10, 2020 6:37:45 PM logger.FileLogger write
INFO: >>> createPlayerAccount >>> username >>> Seabrook123

Jul 10, 2020 6:37:45 PM logger.FileLogger write
INFO: >>> createPlayerAccount >>> firstname >>> Lorena

Jul 10, 2020 6:37:45 PM logger.FileLogger write
INFO: >>> createPlayerAccount >>> lastname >>> Seabrook

Jul 10, 2020 6:37:45 PM logger.FileLogger write
INFO: >>> createPlayerAccount >>> password >>> Seabrook123

Jul 10, 2020 6:37:45 PM logger.FileLogger write
INFO: >>> createPlayerAccount >>> age >>> 18

Jul 10, 2020 6:37:45 PM logger.FileLogger write
INFO: >>> createPlayerAccount >>> ipadddress >>> 132.34.2.3

Jul 10, 2020 6:37:45 PM logger.FileLogger write
INFO: >>> createPlayerAccount >>> User information stored

Jul 10, 2020 11:28:18 PM logger.FileLogger write
INFO: >>> createPlayerAccount

Jul 10, 2020 11:28:18 PM logger.FileLogger write
INFO: >>> createPlayerAccount >>> username >>> Seabrook123

Jul 10, 2020 11:28:18 PM logger.FileLogger write
INFO: >>> createPlayerAccount >>> firstname >>> Lorena

Jul 10, 2020 11:28:18 PM logger.FileLogger write
INFO: >>> createPlayerAccount >>> lastname >>> Seabrook

Jul 10, 2020 11:28:18 PM logger.FileLogger write
INFO: >>> createPlayerAccount >>> password >>> Seabrook123

Jul 10, 2020 11:28:18 PM logger.FileLogger write
INFO: >>> createPlayerAccount >>> age >>> 18

Jul 10, 2020 11:28:18 PM logger.FileLogger write
INFO: >>> createPlayerAccount >>> ipadddress >>> 132.34.2.3

Jul 10, 2020 11:28:18 PM logger.FileLogger write
INFO: >>> createPlayerAccount >>> User information stored

Jul 11, 2020 6:23:21 PM logger.FileLogger write
INFO: >>> createPlayerAccount

Jul 11, 2020 6:23:21 PM logger.FileLogger write
INFO: >>> createPlayerAccount >>> username >>> Seabrook123

Jul 11, 2020 6:23:21 PM logger.FileLogger write
INFO: >>> createPlayerAccount >>> firstname >>> Lorena

Jul 11, 2020 6:23:21 PM logger.FileLogger write
INFO: >>> createPlayerAccount >>> lastname >>> Seabrook

Jul 11, 2020 6:23:21 PM logger.FileLogger write
INFO: >>> createPlayerAccount >>> password >>> Seabrook123

Jul 11, 2020 6:23:21 PM logger.FileLogger write
INFO: >>> createPlayerAccount >>> age >>> 18

Jul 11, 2020 6:23:21 PM logger.FileLogger write
INFO: >>> createPlayerAccount >>> ipadddress >>> 132.34.2.3

Jul 11, 2020 6:23:21 PM logger.FileLogger write
INFO: >>> createPlayerAccount >>> User information stored

