Jun 12, 2020 12:03:05 AM Logger.FileLogger write
INFO: >>> createPlayerAccount

Jun 12, 2020 12:03:05 AM Logger.FileLogger write
INFO: >>> createPlayerAccount >>> username >>> Amsel97

Jun 12, 2020 12:03:05 AM Logger.FileLogger write
INFO: >>> createPlayerAccount >>> firstname >>> Davinia

Jun 12, 2020 12:03:05 AM Logger.FileLogger write
INFO: >>> createPlayerAccount >>> lastname >>> Amsel

Jun 12, 2020 12:03:05 AM Logger.FileLogger write
INFO: >>> createPlayerAccount >>> password >>> Davinia123

Jun 12, 2020 12:03:05 AM Logger.FileLogger write
INFO: >>> createPlayerAccount >>> age >>> 20

Jun 12, 2020 12:03:05 AM Logger.FileLogger write
INFO: >>> createPlayerAccount >>> ipadddress >>> 93.5.4.4

Jun 12, 2020 12:03:05 AM Logger.FileLogger write
INFO: >>> createPlayerAccount >>> User information stored

Jun 12, 2020 12:25:17 AM Logger.FileLogger write
INFO: >>> createPlayerAccount

Jun 12, 2020 12:25:17 AM Logger.FileLogger write
INFO: >>> createPlayerAccount >>> username >>> Amsel97

Jun 12, 2020 12:25:17 AM Logger.FileLogger write
INFO: >>> createPlayerAccount >>> firstname >>> Davinia

Jun 12, 2020 12:25:17 AM Logger.FileLogger write
INFO: >>> createPlayerAccount >>> lastname >>> Amsel

Jun 12, 2020 12:25:17 AM Logger.FileLogger write
INFO: >>> createPlayerAccount >>> password >>> Davinia123

Jun 12, 2020 12:25:17 AM Logger.FileLogger write
INFO: >>> createPlayerAccount >>> age >>> 20

Jun 12, 2020 12:25:17 AM Logger.FileLogger write
INFO: >>> createPlayerAccount >>> ipadddress >>> 93.5.4.4

Jun 12, 2020 12:25:17 AM Logger.FileLogger write
INFO: >>> createPlayerAccount >>> User information stored

