Jul 07, 2020 10:01:14 PM logger.FileLogger write
INFO: >>> createPlayerAccount

Jul 07, 2020 10:01:14 PM logger.FileLogger write
INFO: >>> createPlayerAccount >>> username >>> Philipa123

Jul 07, 2020 10:01:14 PM logger.FileLogger write
INFO: >>> createPlayerAccount >>> firstname >>> Philipa

Jul 07, 2020 10:01:14 PM logger.FileLogger write
INFO: >>> createPlayerAccount >>> lastname >>> Alphonzo

Jul 07, 2020 10:01:14 PM logger.FileLogger write
INFO: >>> createPlayerAccount >>> password >>> Philipa123

Jul 07, 2020 10:01:14 PM logger.FileLogger write
INFO: >>> createPlayerAccount >>> age >>> 18

Jul 07, 2020 10:01:14 PM logger.FileLogger write
INFO: >>> createPlayerAccount >>> ipadddress >>> 93.5.4.3

Jul 07, 2020 10:01:14 PM logger.FileLogger write
INFO: >>> createPlayerAccount >>> User information stored

Jul 08, 2020 12:54:52 AM logger.FileLogger write
INFO: >>> createPlayerAccount

Jul 08, 2020 12:54:52 AM logger.FileLogger write
INFO: >>> createPlayerAccount >>> username >>> Philipa123

Jul 08, 2020 12:54:52 AM logger.FileLogger write
INFO: >>> createPlayerAccount >>> firstname >>> Philipa

Jul 08, 2020 12:54:52 AM logger.FileLogger write
INFO: >>> createPlayerAccount >>> lastname >>> Alphonzo

Jul 08, 2020 12:54:52 AM logger.FileLogger write
INFO: >>> createPlayerAccount >>> password >>> Philipa123

Jul 08, 2020 12:54:52 AM logger.FileLogger write
INFO: >>> createPlayerAccount >>> age >>> 18

Jul 08, 2020 12:54:52 AM logger.FileLogger write
INFO: >>> createPlayerAccount >>> ipadddress >>> 93.5.4.3

Jul 08, 2020 12:54:52 AM logger.FileLogger write
INFO: >>> createPlayerAccount >>> User information stored

Jul 08, 2020 4:34:06 PM logger.FileLogger write
INFO: >>> createPlayerAccount

Jul 08, 2020 4:34:06 PM logger.FileLogger write
INFO: >>> createPlayerAccount >>> username >>> Philipa123

Jul 08, 2020 4:34:06 PM logger.FileLogger write
INFO: >>> createPlayerAccount >>> firstname >>> Philipa

Jul 08, 2020 4:34:06 PM logger.FileLogger write
INFO: >>> createPlayerAccount >>> lastname >>> Alphonzo

Jul 08, 2020 4:34:06 PM logger.FileLogger write
INFO: >>> createPlayerAccount >>> password >>> Philipa123

Jul 08, 2020 4:34:06 PM logger.FileLogger write
INFO: >>> createPlayerAccount >>> age >>> 18

Jul 08, 2020 4:34:06 PM logger.FileLogger write
INFO: >>> createPlayerAccount >>> ipadddress >>> 93.5.4.3

Jul 08, 2020 4:34:06 PM logger.FileLogger write
INFO: >>> createPlayerAccount >>> User information stored

Jul 08, 2020 5:28:58 PM logger.FileLogger write
INFO: >>> createPlayerAccount

Jul 08, 2020 5:28:58 PM logger.FileLogger write
INFO: >>> createPlayerAccount >>> username >>> Philipa123

Jul 08, 2020 5:28:58 PM logger.FileLogger write
INFO: >>> createPlayerAccount >>> firstname >>> Philipa

Jul 08, 2020 5:28:58 PM logger.FileLogger write
INFO: >>> createPlayerAccount >>> lastname >>> Alphonzo

Jul 08, 2020 5:28:58 PM logger.FileLogger write
INFO: >>> createPlayerAccount >>> password >>> Philipa123

Jul 08, 2020 5:28:58 PM logger.FileLogger write
INFO: >>> createPlayerAccount >>> age >>> 18

Jul 08, 2020 5:28:58 PM logger.FileLogger write
INFO: >>> createPlayerAccount >>> ipadddress >>> 93.5.4.3

Jul 08, 2020 5:28:58 PM logger.FileLogger write
INFO: >>> createPlayerAccount >>> User information stored

Jul 08, 2020 6:48:11 PM logger.FileLogger write
INFO: >>> createPlayerAccount

Jul 08, 2020 6:48:11 PM logger.FileLogger write
INFO: >>> createPlayerAccount >>> username >>> Philipa123

Jul 08, 2020 6:48:11 PM logger.FileLogger write
INFO: >>> createPlayerAccount >>> firstname >>> Philipa

Jul 08, 2020 6:48:11 PM logger.FileLogger write
INFO: >>> createPlayerAccount >>> lastname >>> Alphonzo

Jul 08, 2020 6:48:11 PM logger.FileLogger write
INFO: >>> createPlayerAccount >>> password >>> Philipa123

Jul 08, 2020 6:48:11 PM logger.FileLogger write
INFO: >>> createPlayerAccount >>> age >>> 18

Jul 08, 2020 6:48:11 PM logger.FileLogger write
INFO: >>> createPlayerAccount >>> ipadddress >>> 93.5.4.3

Jul 08, 2020 6:48:11 PM logger.FileLogger write
INFO: >>> createPlayerAccount >>> User information stored

