Jul 04, 2020 9:18:33 PM Logger.FileLogger write
INFO: >>> createPlayerAccount

Jul 04, 2020 9:18:33 PM Logger.FileLogger write
INFO: >>> createPlayerAccount >>> username >>> Bruce123

Jul 04, 2020 9:18:33 PM Logger.FileLogger write
INFO: >>> createPlayerAccount >>> firstname >>> Bruce

Jul 04, 2020 9:18:33 PM Logger.FileLogger write
INFO: >>> createPlayerAccount >>> lastname >>> Nguyen

Jul 04, 2020 9:18:33 PM Logger.FileLogger write
INFO: >>> createPlayerAccount >>> password >>> Bruce123

Jul 04, 2020 9:18:33 PM Logger.FileLogger write
INFO: >>> createPlayerAccount >>> age >>> 19

Jul 04, 2020 9:18:33 PM Logger.FileLogger write
INFO: >>> createPlayerAccount >>> ipadddress >>> 182.34.2.1

Jul 04, 2020 9:18:33 PM Logger.FileLogger write
INFO: >>> createPlayerAccount >>> User information stored

Jul 04, 2020 9:23:37 PM Logger.FileLogger write
INFO: >>> createPlayerAccount

Jul 04, 2020 9:23:37 PM Logger.FileLogger write
INFO: >>> createPlayerAccount >>> username >>> Bruce123

Jul 04, 2020 9:23:37 PM Logger.FileLogger write
INFO: >>> createPlayerAccount >>> firstname >>> Bruce

Jul 04, 2020 9:23:37 PM Logger.FileLogger write
INFO: >>> createPlayerAccount >>> lastname >>> Nguyen

Jul 04, 2020 9:23:37 PM Logger.FileLogger write
INFO: >>> createPlayerAccount >>> password >>> Bruce123

Jul 04, 2020 9:23:37 PM Logger.FileLogger write
INFO: >>> createPlayerAccount >>> age >>> 19

Jul 04, 2020 9:23:37 PM Logger.FileLogger write
INFO: >>> createPlayerAccount >>> ipadddress >>> 182.34.2.1

Jul 04, 2020 9:23:37 PM Logger.FileLogger write
INFO: >>> createPlayerAccount >>> User information stored

Jul 04, 2020 9:48:11 PM Logger.FileLogger write
INFO: >>> createPlayerAccount

Jul 04, 2020 9:48:11 PM Logger.FileLogger write
INFO: >>> createPlayerAccount >>> username >>> Bruce123

Jul 04, 2020 9:48:11 PM Logger.FileLogger write
INFO: >>> createPlayerAccount >>> firstname >>> Bruce

Jul 04, 2020 9:48:11 PM Logger.FileLogger write
INFO: >>> createPlayerAccount >>> lastname >>> Nguyen

Jul 04, 2020 9:48:11 PM Logger.FileLogger write
INFO: >>> createPlayerAccount >>> password >>> Bruce123

Jul 04, 2020 9:48:11 PM Logger.FileLogger write
INFO: >>> createPlayerAccount >>> age >>> 19

Jul 04, 2020 9:48:11 PM Logger.FileLogger write
INFO: >>> createPlayerAccount >>> ipadddress >>> 182.34.2.1

Jul 04, 2020 9:48:11 PM Logger.FileLogger write
INFO: >>> createPlayerAccount >>> User information stored

Jul 04, 2020 10:13:54 PM Logger.FileLogger write
INFO: >>> createPlayerAccount

Jul 04, 2020 10:13:54 PM Logger.FileLogger write
INFO: >>> createPlayerAccount >>> username >>> Bruce123

Jul 04, 2020 10:13:54 PM Logger.FileLogger write
INFO: >>> createPlayerAccount >>> firstname >>> Bruce

Jul 04, 2020 10:13:54 PM Logger.FileLogger write
INFO: >>> createPlayerAccount >>> lastname >>> Nguyen

Jul 04, 2020 10:13:54 PM Logger.FileLogger write
INFO: >>> createPlayerAccount >>> password >>> Bruce123

Jul 04, 2020 10:13:54 PM Logger.FileLogger write
INFO: >>> createPlayerAccount >>> age >>> 19

Jul 04, 2020 10:13:54 PM Logger.FileLogger write
INFO: >>> createPlayerAccount >>> ipadddress >>> 182.34.2.1

Jul 04, 2020 10:13:54 PM Logger.FileLogger write
INFO: >>> createPlayerAccount >>> User information stored

Jul 04, 2020 10:19:42 PM Logger.FileLogger write
INFO: >>> createPlayerAccount

Jul 04, 2020 10:19:42 PM Logger.FileLogger write
INFO: >>> createPlayerAccount >>> username >>> Bruce123

Jul 04, 2020 10:19:42 PM Logger.FileLogger write
INFO: >>> createPlayerAccount >>> firstname >>> Bruce

Jul 04, 2020 10:19:42 PM Logger.FileLogger write
INFO: >>> createPlayerAccount >>> lastname >>> Nguyen

Jul 04, 2020 10:19:42 PM Logger.FileLogger write
INFO: >>> createPlayerAccount >>> password >>> Bruce123

Jul 04, 2020 10:19:42 PM Logger.FileLogger write
INFO: >>> createPlayerAccount >>> age >>> 19

Jul 04, 2020 10:19:42 PM Logger.FileLogger write
INFO: >>> createPlayerAccount >>> ipadddress >>> 182.34.2.1

Jul 04, 2020 10:19:42 PM Logger.FileLogger write
INFO: >>> createPlayerAccount >>> User information stored

Jul 04, 2020 10:41:38 PM Logger.FileLogger write
INFO: >>> createPlayerAccount

Jul 04, 2020 10:41:38 PM Logger.FileLogger write
INFO: >>> createPlayerAccount >>> username >>> Bruce123

Jul 04, 2020 10:41:38 PM Logger.FileLogger write
INFO: >>> createPlayerAccount >>> firstname >>> Bruce

Jul 04, 2020 10:41:38 PM Logger.FileLogger write
INFO: >>> createPlayerAccount >>> lastname >>> Nguyen

Jul 04, 2020 10:41:38 PM Logger.FileLogger write
INFO: >>> createPlayerAccount >>> password >>> Bruce123

Jul 04, 2020 10:41:38 PM Logger.FileLogger write
INFO: >>> createPlayerAccount >>> age >>> 19

Jul 04, 2020 10:41:38 PM Logger.FileLogger write
INFO: >>> createPlayerAccount >>> ipadddress >>> 182.34.2.1

Jul 04, 2020 10:41:38 PM Logger.FileLogger write
INFO: >>> createPlayerAccount >>> User information stored

