Jul 04, 2020 9:36:25 PM Logger.FileLogger write
INFO: >>> createPlayerAccount

Jul 04, 2020 9:36:25 PM Logger.FileLogger write
INFO: >>> createPlayerAccount >>> username >>> Siddall123

Jul 04, 2020 9:36:25 PM Logger.FileLogger write
INFO: >>> createPlayerAccount >>> firstname >>> Agnes

Jul 04, 2020 9:36:25 PM Logger.FileLogger write
INFO: >>> createPlayerAccount >>> lastname >>> Siddall

Jul 04, 2020 9:36:25 PM Logger.FileLogger write
INFO: >>> createPlayerAccount >>> password >>> Siddall123

Jul 04, 2020 9:36:25 PM Logger.FileLogger write
INFO: >>> createPlayerAccount >>> age >>> 19

Jul 04, 2020 9:36:25 PM Logger.FileLogger write
INFO: >>> createPlayerAccount >>> ipadddress >>> 132.34.2.1

Jul 04, 2020 9:36:25 PM Logger.FileLogger write
INFO: >>> createPlayerAccount >>> User information stored

Jul 04, 2020 9:48:23 PM Logger.FileLogger write
INFO: >>> createPlayerAccount

Jul 04, 2020 9:48:23 PM Logger.FileLogger write
INFO: >>> createPlayerAccount >>> username >>> Siddall123

Jul 04, 2020 9:48:23 PM Logger.FileLogger write
INFO: >>> createPlayerAccount >>> firstname >>> Agnes

Jul 04, 2020 9:48:23 PM Logger.FileLogger write
INFO: >>> createPlayerAccount >>> lastname >>> Siddall

Jul 04, 2020 9:48:23 PM Logger.FileLogger write
INFO: >>> createPlayerAccount >>> password >>> Siddall123

Jul 04, 2020 9:48:23 PM Logger.FileLogger write
INFO: >>> createPlayerAccount >>> age >>> 19

Jul 04, 2020 9:48:23 PM Logger.FileLogger write
INFO: >>> createPlayerAccount >>> ipadddress >>> 132.34.2.1

Jul 04, 2020 9:48:23 PM Logger.FileLogger write
INFO: >>> createPlayerAccount >>> User information stored

Jul 04, 2020 10:08:05 PM Logger.FileLogger write
INFO: >>> createPlayerAccount

Jul 04, 2020 10:08:05 PM Logger.FileLogger write
INFO: >>> createPlayerAccount >>> username >>> Siddall123

Jul 04, 2020 10:08:05 PM Logger.FileLogger write
INFO: >>> createPlayerAccount >>> firstname >>> Agnes

Jul 04, 2020 10:08:05 PM Logger.FileLogger write
INFO: >>> createPlayerAccount >>> lastname >>> Siddall

Jul 04, 2020 10:08:05 PM Logger.FileLogger write
INFO: >>> createPlayerAccount >>> password >>> Siddall123

Jul 04, 2020 10:08:05 PM Logger.FileLogger write
INFO: >>> createPlayerAccount >>> age >>> 19

Jul 04, 2020 10:08:05 PM Logger.FileLogger write
INFO: >>> createPlayerAccount >>> ipadddress >>> 132.34.2.1

Jul 04, 2020 10:08:05 PM Logger.FileLogger write
INFO: >>> createPlayerAccount >>> User information stored

Jul 04, 2020 10:10:10 PM Logger.FileLogger write
INFO: >>> createPlayerAccount

Jul 04, 2020 10:10:10 PM Logger.FileLogger write
INFO: >>> createPlayerAccount >>> username >>> Siddall123

Jul 04, 2020 10:10:10 PM Logger.FileLogger write
INFO: >>> createPlayerAccount >>> firstname >>> Agnes

Jul 04, 2020 10:10:10 PM Logger.FileLogger write
INFO: >>> createPlayerAccount >>> lastname >>> Siddall

Jul 04, 2020 10:10:10 PM Logger.FileLogger write
INFO: >>> createPlayerAccount >>> password >>> Siddall123

Jul 04, 2020 10:10:10 PM Logger.FileLogger write
INFO: >>> createPlayerAccount >>> age >>> 19

Jul 04, 2020 10:10:10 PM Logger.FileLogger write
INFO: >>> createPlayerAccount >>> ipadddress >>> 132.34.2.1

Jul 04, 2020 10:10:10 PM Logger.FileLogger write
INFO: >>> createPlayerAccount >>> User information stored

Jul 04, 2020 10:14:06 PM Logger.FileLogger write
INFO: >>> createPlayerAccount

Jul 04, 2020 10:14:06 PM Logger.FileLogger write
INFO: >>> createPlayerAccount >>> username >>> Siddall123

Jul 04, 2020 10:14:06 PM Logger.FileLogger write
INFO: >>> createPlayerAccount >>> firstname >>> Agnes

Jul 04, 2020 10:14:06 PM Logger.FileLogger write
INFO: >>> createPlayerAccount >>> lastname >>> Siddall

Jul 04, 2020 10:14:06 PM Logger.FileLogger write
INFO: >>> createPlayerAccount >>> password >>> Siddall123

Jul 04, 2020 10:14:06 PM Logger.FileLogger write
INFO: >>> createPlayerAccount >>> age >>> 19

Jul 04, 2020 10:14:06 PM Logger.FileLogger write
INFO: >>> createPlayerAccount >>> ipadddress >>> 132.34.2.1

Jul 04, 2020 10:14:06 PM Logger.FileLogger write
INFO: >>> createPlayerAccount >>> User information stored

Jul 04, 2020 10:41:47 PM Logger.FileLogger write
INFO: >>> createPlayerAccount

Jul 04, 2020 10:41:47 PM Logger.FileLogger write
INFO: >>> createPlayerAccount >>> username >>> Siddall123

Jul 04, 2020 10:41:47 PM Logger.FileLogger write
INFO: >>> createPlayerAccount >>> firstname >>> Agnes

Jul 04, 2020 10:41:47 PM Logger.FileLogger write
INFO: >>> createPlayerAccount >>> lastname >>> Siddall

Jul 04, 2020 10:41:47 PM Logger.FileLogger write
INFO: >>> createPlayerAccount >>> password >>> Siddall123

Jul 04, 2020 10:41:47 PM Logger.FileLogger write
INFO: >>> createPlayerAccount >>> age >>> 19

Jul 04, 2020 10:41:47 PM Logger.FileLogger write
INFO: >>> createPlayerAccount >>> ipadddress >>> 132.34.2.1

Jul 04, 2020 10:41:47 PM Logger.FileLogger write
INFO: >>> createPlayerAccount >>> User information stored

