Jun 12, 2020 12:26:42 AM Logger.FileLogger write
INFO: >>> suspendAccount

Jun 12, 2020 12:26:42 AM Logger.FileLogger write
INFO: >>> suspendAccount >>> Admin Username >>> Admin

Jun 12, 2020 12:26:42 AM Logger.FileLogger write
INFO: >>> suspendAccount >>> Admin Password >>> Admin

Jun 12, 2020 12:26:42 AM Logger.FileLogger write
INFO: >>> suspendAccount >>> Admin IPAddress >>> 93.1.1.1

Jun 12, 2020 12:26:42 AM Logger.FileLogger write
INFO: >>> suspendAccount >>> Username To Suspend >>> Amsel97

Jun 12, 2020 12:26:42 AM Logger.FileLogger write
INFO: >>> suspendAccount >>> A player accountwith "Amsel97" username is suspended

Jun 12, 2020 12:27:22 AM Logger.FileLogger write
INFO: >>> getPlayerStatus

Jun 12, 2020 12:27:22 AM Logger.FileLogger write
INFO: >>> getPlayerStatus >>> username >>> Admin

Jun 12, 2020 12:27:22 AM Logger.FileLogger write
INFO: >>> getPlayerStatus >>> password >>> Admin

Jun 12, 2020 12:27:22 AM Logger.FileLogger write
INFO: >>> getPlayerStatus >>> ipadddress >>> 93.1.1.1

Jun 12, 2020 12:27:22 AM Logger.FileLogger write
INFO: >>> getPlayerStatus >>> getOwnStatus

Jun 12, 2020 12:27:22 AM Logger.FileLogger write
INFO: >>> getPlayerStatus >>> getOwnStatus >>> EU: 0 online, 4 offline

Jun 12, 2020 12:27:22 AM Logger.FileLogger write
INFO: >>> getPlayerStatus >>> Sending request to Asian Server

Jun 12, 2020 12:27:22 AM Logger.FileLogger write
INFO: >>> getPlayerStatus >>> Reciving response from Asian Server

Jun 12, 2020 12:27:22 AM Logger.FileLogger write
INFO: >>> getPlayerStatus >>> Response from Asian Server >>> AS: 0 online, 4 offline

Jun 12, 2020 12:27:22 AM Logger.FileLogger write
INFO: >>> getPlayerStatus >>> Sending request to North American Server

Jun 12, 2020 12:27:22 AM Logger.FileLogger write
INFO: >>> getPlayerStatus >>> Reciving response from North American Server

Jun 12, 2020 12:27:22 AM Logger.FileLogger write
INFO: >>> getPlayerStatus >>> Response from North American Server >>> NA: 0 online, 4 offline

Jun 12, 2020 12:27:22 AM Logger.FileLogger write
INFO: >>> getPlayerStatus >>> Sending response to Admin >>> EU: 0 online, 4 offline, AS: 0 online, 4 offline, NA: 0 online, 4 offline.

Jun 12, 2020 12:33:52 AM Logger.FileLogger write
INFO: >>> suspendAccount

Jun 12, 2020 12:33:52 AM Logger.FileLogger write
INFO: >>> suspendAccount >>> Admin Username >>> Admin

Jun 12, 2020 12:33:52 AM Logger.FileLogger write
INFO: >>> suspendAccount >>> Admin Password >>> Admin

Jun 12, 2020 12:33:52 AM Logger.FileLogger write
INFO: >>> suspendAccount >>> Admin IPAddress >>> 93.2.2.2

Jun 12, 2020 12:33:52 AM Logger.FileLogger write
INFO: >>> suspendAccount >>> Username To Suspend >>> Key007

Jun 12, 2020 12:33:52 AM Logger.FileLogger write
INFO: >>> suspendAccount >>> A player accountwith "Key007" username is suspended

Jun 12, 2020 5:41:50 PM Logger.FileLogger write
INFO: >>> suspendAccount

Jun 12, 2020 5:41:50 PM Logger.FileLogger write
INFO: >>> suspendAccount >>> Admin Username >>> Admin

Jun 12, 2020 5:41:50 PM Logger.FileLogger write
INFO: >>> suspendAccount >>> Admin Password >>> Admin

Jun 12, 2020 5:41:50 PM Logger.FileLogger write
INFO: >>> suspendAccount >>> Admin IPAddress >>> 93.1.1.1

Jun 12, 2020 5:41:50 PM Logger.FileLogger write
INFO: >>> suspendAccount >>> Username To Suspend >>> tapani15

Jun 12, 2020 5:41:50 PM Logger.FileLogger write
INFO: >>> suspendAccount >>> A player account with "tapani15" username is suspended

Jun 12, 2020 5:42:31 PM Logger.FileLogger write
INFO: >>> getPlayerStatus

Jun 12, 2020 5:42:31 PM Logger.FileLogger write
INFO: >>> getPlayerStatus >>> username >>> Admin

Jun 12, 2020 5:42:31 PM Logger.FileLogger write
INFO: >>> getPlayerStatus >>> password >>> Admin

Jun 12, 2020 5:42:31 PM Logger.FileLogger write
INFO: >>> getPlayerStatus >>> ipadddress >>> 93.12.1.1

Jun 12, 2020 5:42:31 PM Logger.FileLogger write
INFO: >>> getPlayerStatus >>> getOwnStatus

Jun 12, 2020 5:42:31 PM Logger.FileLogger write
INFO: >>> getPlayerStatus >>> getOwnStatus >>> EU: 0 online, 4 offline

Jun 12, 2020 5:42:31 PM Logger.FileLogger write
INFO: >>> getPlayerStatus >>> Sending response to Admin >>> EU: 0 online, 4 offline, AS: 0 online, 4 offline, NA: 0 online, 4 offline.

Jun 12, 2020 9:36:27 PM Logger.FileLogger write
INFO: >>> getPlayerStatus

Jun 12, 2020 9:36:27 PM Logger.FileLogger write
INFO: >>> getPlayerStatus >>> username >>> Admin

Jun 12, 2020 9:36:27 PM Logger.FileLogger write
INFO: >>> getPlayerStatus >>> password >>> Admin

Jun 12, 2020 9:36:27 PM Logger.FileLogger write
INFO: >>> getPlayerStatus >>> ipadddress >>> 93.1.1.1

Jun 12, 2020 9:36:27 PM Logger.FileLogger write
INFO: >>> getPlayerStatus >>> getOwnStatus

Jun 12, 2020 9:36:27 PM Logger.FileLogger write
INFO: >>> getPlayerStatus >>> getOwnStatus >>> EU: 0 online, 6 offline

Jun 12, 2020 9:36:27 PM Logger.FileLogger write
INFO: >>> getPlayerStatus >>> Sending response to Admin >>> EU: 0 online, 6 offline, AS: 0 online, 4 offline, NA: 0 online, 5 offline.

