Jul 08, 2020 11:45:01 PM logger.FileLogger write
INFO: >>> createPlayerAccount

Jul 08, 2020 11:45:01 PM logger.FileLogger write
INFO: >>> createPlayerAccount >>> username >>> Bruce123

Jul 08, 2020 11:45:01 PM logger.FileLogger write
INFO: >>> createPlayerAccount >>> firstname >>> Bruce

Jul 08, 2020 11:45:01 PM logger.FileLogger write
INFO: >>> createPlayerAccount >>> lastname >>> Nguyen

Jul 08, 2020 11:45:01 PM logger.FileLogger write
INFO: >>> createPlayerAccount >>> password >>> Bruce123

Jul 08, 2020 11:45:01 PM logger.FileLogger write
INFO: >>> createPlayerAccount >>> age >>> 19

Jul 08, 2020 11:45:01 PM logger.FileLogger write
INFO: >>> createPlayerAccount >>> ipadddress >>> 182.34.2.1

Jul 08, 2020 11:45:01 PM logger.FileLogger write
INFO: >>> createPlayerAccount >>> User information stored

Jul 08, 2020 11:45:01 PM logger.FileLogger write
INFO: >>> createPlayerAccount

Jul 08, 2020 11:45:01 PM logger.FileLogger write
INFO: >>> createPlayerAccount >>> username >>> Charles123

Jul 08, 2020 11:45:01 PM logger.FileLogger write
INFO: >>> createPlayerAccount >>> firstname >>> Charles

Jul 08, 2020 11:45:01 PM logger.FileLogger write
INFO: >>> createPlayerAccount >>> lastname >>> Lee

Jul 08, 2020 11:45:01 PM logger.FileLogger write
INFO: >>> createPlayerAccount >>> password >>> Charles123

Jul 08, 2020 11:45:01 PM logger.FileLogger write
INFO: >>> createPlayerAccount >>> age >>> 15

Jul 08, 2020 11:45:01 PM logger.FileLogger write
INFO: >>> createPlayerAccount >>> ipadddress >>> 182.34.2.2

Jul 08, 2020 11:45:01 PM logger.FileLogger write
INFO: >>> createPlayerAccount >>> User information stored

Jul 08, 2020 11:45:01 PM logger.FileLogger write
INFO: >>> createPlayerAccount

Jul 08, 2020 11:45:01 PM logger.FileLogger write
INFO: >>> createPlayerAccount >>> username >>> Adak123

Jul 08, 2020 11:45:01 PM logger.FileLogger write
INFO: >>> createPlayerAccount >>> firstname >>> Ada

Jul 08, 2020 11:45:01 PM logger.FileLogger write
INFO: >>> createPlayerAccount >>> lastname >>> Kim

Jul 08, 2020 11:45:01 PM logger.FileLogger write
INFO: >>> createPlayerAccount >>> password >>> Adak123

Jul 08, 2020 11:45:01 PM logger.FileLogger write
INFO: >>> createPlayerAccount >>> age >>> 18

Jul 08, 2020 11:45:01 PM logger.FileLogger write
INFO: >>> createPlayerAccount >>> ipadddress >>> 182.34.2.3

Jul 08, 2020 11:45:01 PM logger.FileLogger write
INFO: >>> createPlayerAccount >>> User information stored

Jul 08, 2020 11:45:01 PM logger.FileLogger write
INFO: >>> createPlayerAccount

Jul 08, 2020 11:45:01 PM logger.FileLogger write
INFO: >>> createPlayerAccount >>> username >>> Varun123

Jul 08, 2020 11:45:01 PM logger.FileLogger write
INFO: >>> createPlayerAccount >>> firstname >>> Varun

Jul 08, 2020 11:45:01 PM logger.FileLogger write
INFO: >>> createPlayerAccount >>> lastname >>> Patel

Jul 08, 2020 11:45:01 PM logger.FileLogger write
INFO: >>> createPlayerAccount >>> password >>> Varun123

Jul 08, 2020 11:45:01 PM logger.FileLogger write
INFO: >>> createPlayerAccount >>> age >>> 20

Jul 08, 2020 11:45:01 PM logger.FileLogger write
INFO: >>> createPlayerAccount >>> ipadddress >>> 182.34.2.4

Jul 08, 2020 11:45:01 PM logger.FileLogger write
INFO: >>> createPlayerAccount >>> User information stored

Jul 08, 2020 11:45:01 PM logger.FileLogger write
INFO: >>> createPlayerAccount

Jul 08, 2020 11:45:01 PM logger.FileLogger write
INFO: >>> createPlayerAccount >>> username >>> Kevin123

Jul 08, 2020 11:45:01 PM logger.FileLogger write
INFO: >>> createPlayerAccount >>> firstname >>> Kevin

Jul 08, 2020 11:45:01 PM logger.FileLogger write
INFO: >>> createPlayerAccount >>> lastname >>> Tran

Jul 08, 2020 11:45:01 PM logger.FileLogger write
INFO: >>> createPlayerAccount >>> password >>> Kevin123

Jul 08, 2020 11:45:01 PM logger.FileLogger write
INFO: >>> createPlayerAccount >>> age >>> 23

Jul 08, 2020 11:45:01 PM logger.FileLogger write
INFO: >>> createPlayerAccount >>> ipadddress >>> 182.34.2.5

Jul 08, 2020 11:45:01 PM logger.FileLogger write
INFO: >>> createPlayerAccount >>> User information stored

Jul 08, 2020 11:49:43 PM logger.FileLogger write
INFO: >>> getPlayerStatus

Jul 08, 2020 11:49:43 PM logger.FileLogger write
INFO: >>> getPlayerStatus >>> username >>> Admin

Jul 08, 2020 11:49:43 PM logger.FileLogger write
INFO: >>> getPlayerStatus >>> password >>> Admin

Jul 08, 2020 11:49:43 PM logger.FileLogger write
INFO: >>> getPlayerStatus >>> ipadddress >>> 182.45.3.3

Jul 08, 2020 11:49:43 PM logger.FileLogger write
INFO: >>> getPlayerStatus >>> getOwnStatus

Jul 08, 2020 11:49:43 PM logger.FileLogger write
INFO: >>> getPlayerStatus >>> getOwnStatus >>> AS: 0 online, 5 offline

Jul 08, 2020 11:49:43 PM logger.FileLogger write
INFO: >>> getPlayerStatus >>> Sending response to Admin >>> AS: 0 online, 5 offline, EU: 0 online, 5 offline, NA: 0 online, 5 offline.

Jul 08, 2020 11:50:02 PM logger.FileLogger write
INFO: >>> Recived UDP request

Jul 08, 2020 11:50:02 PM logger.FileLogger write
INFO: >>> getOwnStatus >>> AS: 0 online, 5 offline

Jul 08, 2020 11:50:02 PM logger.FileLogger write
INFO: >>> Sending response of UDP request

Jul 08, 2020 11:50:25 PM logger.FileLogger write
INFO: >>> Recived UDP request

Jul 08, 2020 11:50:25 PM logger.FileLogger write
INFO: >>> getOwnStatus >>> AS: 0 online, 5 offline

Jul 08, 2020 11:50:25 PM logger.FileLogger write
INFO: >>> Sending response of UDP request

Jul 08, 2020 11:51:46 PM logger.FileLogger write
INFO: >>> createPlayerAccount

Jul 08, 2020 11:51:46 PM logger.FileLogger write
INFO: >>> createPlayerAccount >>> username >>> 876543

Jul 08, 2020 11:51:46 PM logger.FileLogger write
INFO: >>> createPlayerAccount >>> firstname >>> fgfdsg

Jul 08, 2020 11:51:46 PM logger.FileLogger write
INFO: >>> createPlayerAccount >>> lastname >>> sdfsdf

Jul 08, 2020 11:51:46 PM logger.FileLogger write
INFO: >>> createPlayerAccount >>> password >>> 576764

Jul 08, 2020 11:51:46 PM logger.FileLogger write
INFO: >>> createPlayerAccount >>> age >>> 56

Jul 08, 2020 11:51:46 PM logger.FileLogger write
INFO: >>> createPlayerAccount >>> ipadddress >>> 182.56.5.4

Jul 08, 2020 11:51:46 PM logger.FileLogger write
INFO: >>> createPlayerAccount >>> User information stored

Jul 08, 2020 11:52:26 PM logger.FileLogger write
INFO: >>> getPlayerStatus

Jul 08, 2020 11:52:26 PM logger.FileLogger write
INFO: >>> getPlayerStatus >>> username >>> Admin

Jul 08, 2020 11:52:26 PM logger.FileLogger write
INFO: >>> getPlayerStatus >>> password >>> Admin

Jul 08, 2020 11:52:26 PM logger.FileLogger write
INFO: >>> getPlayerStatus >>> ipadddress >>> 182.4.3.3

Jul 08, 2020 11:52:26 PM logger.FileLogger write
INFO: >>> getPlayerStatus >>> getOwnStatus

Jul 08, 2020 11:52:26 PM logger.FileLogger write
INFO: >>> getPlayerStatus >>> getOwnStatus >>> AS: 0 online, 6 offline

Jul 08, 2020 11:52:26 PM logger.FileLogger write
INFO: >>> getPlayerStatus >>> Sending response to Admin >>> AS: 0 online, 6 offline, EU: 0 online, 6 offline, NA: 0 online, 6 offline.

