Jun 12, 2020 12:02:22 AM Logger.FileLogger write
INFO: >>> createPlayerAccount

Jun 12, 2020 12:02:22 AM Logger.FileLogger write
INFO: >>> createPlayerAccount >>> username >>> Bruce123

Jun 12, 2020 12:02:22 AM Logger.FileLogger write
INFO: >>> createPlayerAccount >>> firstname >>> Bruce

Jun 12, 2020 12:02:22 AM Logger.FileLogger write
INFO: >>> createPlayerAccount >>> lastname >>> Nguyen

Jun 12, 2020 12:02:22 AM Logger.FileLogger write
INFO: >>> createPlayerAccount >>> password >>> Bruce123

Jun 12, 2020 12:02:22 AM Logger.FileLogger write
INFO: >>> createPlayerAccount >>> age >>> 19

Jun 12, 2020 12:02:22 AM Logger.FileLogger write
INFO: >>> createPlayerAccount >>> ipadddress >>> 182.34.2.1

Jun 12, 2020 12:02:22 AM Logger.FileLogger write
INFO: >>> createPlayerAccount >>> User information stored

Jun 12, 2020 12:11:37 AM Logger.FileLogger write
INFO: >>> createPlayerAccount

Jun 12, 2020 12:11:37 AM Logger.FileLogger write
INFO: >>> createPlayerAccount >>> username >>> Bruce123

Jun 12, 2020 12:11:37 AM Logger.FileLogger write
INFO: >>> createPlayerAccount >>> firstname >>> Bruce

Jun 12, 2020 12:11:37 AM Logger.FileLogger write
INFO: >>> createPlayerAccount >>> lastname >>> Nguyen

Jun 12, 2020 12:11:37 AM Logger.FileLogger write
INFO: >>> createPlayerAccount >>> password >>> Bruce123

Jun 12, 2020 12:11:37 AM Logger.FileLogger write
INFO: >>> createPlayerAccount >>> age >>> 19

Jun 12, 2020 12:11:37 AM Logger.FileLogger write
INFO: >>> createPlayerAccount >>> ipadddress >>> 182.34.2.1

Jun 12, 2020 12:11:37 AM Logger.FileLogger write
INFO: >>> createPlayerAccount >>> User information stored

Jun 12, 2020 12:25:13 AM Logger.FileLogger write
INFO: >>> createPlayerAccount

Jun 12, 2020 12:25:13 AM Logger.FileLogger write
INFO: >>> createPlayerAccount >>> username >>> Bruce123

Jun 12, 2020 12:25:13 AM Logger.FileLogger write
INFO: >>> createPlayerAccount >>> firstname >>> Bruce

Jun 12, 2020 12:25:13 AM Logger.FileLogger write
INFO: >>> createPlayerAccount >>> lastname >>> Nguyen

Jun 12, 2020 12:25:13 AM Logger.FileLogger write
INFO: >>> createPlayerAccount >>> password >>> Bruce123

Jun 12, 2020 12:25:13 AM Logger.FileLogger write
INFO: >>> createPlayerAccount >>> age >>> 19

Jun 12, 2020 12:25:13 AM Logger.FileLogger write
INFO: >>> createPlayerAccount >>> ipadddress >>> 182.34.2.1

Jun 12, 2020 12:25:13 AM Logger.FileLogger write
INFO: >>> createPlayerAccount >>> User information stored

