Jul 08, 2020 11:45:07 PM logger.FileLogger write
INFO: >>> createPlayerAccount

Jul 08, 2020 11:45:07 PM logger.FileLogger write
INFO: >>> createPlayerAccount >>> username >>> Darcie123

Jul 08, 2020 11:45:07 PM logger.FileLogger write
INFO: >>> createPlayerAccount >>> firstname >>> Darcie

Jul 08, 2020 11:45:07 PM logger.FileLogger write
INFO: >>> createPlayerAccount >>> lastname >>> Sammie

Jul 08, 2020 11:45:07 PM logger.FileLogger write
INFO: >>> createPlayerAccount >>> password >>> Darcie123

Jul 08, 2020 11:45:07 PM logger.FileLogger write
INFO: >>> createPlayerAccount >>> age >>> 15

Jul 08, 2020 11:45:07 PM logger.FileLogger write
INFO: >>> createPlayerAccount >>> ipadddress >>> 93.5.4.2

Jul 08, 2020 11:45:07 PM logger.FileLogger write
INFO: >>> createPlayerAccount >>> User information stored

Jul 10, 2020 6:37:09 PM logger.FileLogger write
INFO: >>> createPlayerAccount

Jul 10, 2020 6:37:09 PM logger.FileLogger write
INFO: >>> createPlayerAccount >>> username >>> Darcie123

Jul 10, 2020 6:37:09 PM logger.FileLogger write
INFO: >>> createPlayerAccount >>> firstname >>> Darcie

Jul 10, 2020 6:37:09 PM logger.FileLogger write
INFO: >>> createPlayerAccount >>> lastname >>> Sammie

Jul 10, 2020 6:37:09 PM logger.FileLogger write
INFO: >>> createPlayerAccount >>> password >>> Darcie123

Jul 10, 2020 6:37:09 PM logger.FileLogger write
INFO: >>> createPlayerAccount >>> age >>> 15

Jul 10, 2020 6:37:09 PM logger.FileLogger write
INFO: >>> createPlayerAccount >>> ipadddress >>> 93.5.4.2

Jul 10, 2020 6:37:09 PM logger.FileLogger write
INFO: >>> createPlayerAccount >>> User information stored

Jul 10, 2020 11:28:13 PM logger.FileLogger write
INFO: >>> createPlayerAccount

Jul 10, 2020 11:28:13 PM logger.FileLogger write
INFO: >>> createPlayerAccount >>> username >>> Darcie123

Jul 10, 2020 11:28:13 PM logger.FileLogger write
INFO: >>> createPlayerAccount >>> firstname >>> Darcie

Jul 10, 2020 11:28:13 PM logger.FileLogger write
INFO: >>> createPlayerAccount >>> lastname >>> Sammie

Jul 10, 2020 11:28:13 PM logger.FileLogger write
INFO: >>> createPlayerAccount >>> password >>> Darcie123

Jul 10, 2020 11:28:13 PM logger.FileLogger write
INFO: >>> createPlayerAccount >>> age >>> 15

Jul 10, 2020 11:28:13 PM logger.FileLogger write
INFO: >>> createPlayerAccount >>> ipadddress >>> 93.5.4.2

Jul 10, 2020 11:28:13 PM logger.FileLogger write
INFO: >>> createPlayerAccount >>> User information stored

Jul 11, 2020 6:23:16 PM logger.FileLogger write
INFO: >>> createPlayerAccount

Jul 11, 2020 6:23:16 PM logger.FileLogger write
INFO: >>> createPlayerAccount >>> username >>> Darcie123

Jul 11, 2020 6:23:16 PM logger.FileLogger write
INFO: >>> createPlayerAccount >>> firstname >>> Darcie

Jul 11, 2020 6:23:16 PM logger.FileLogger write
INFO: >>> createPlayerAccount >>> lastname >>> Sammie

Jul 11, 2020 6:23:16 PM logger.FileLogger write
INFO: >>> createPlayerAccount >>> password >>> Darcie123

Jul 11, 2020 6:23:16 PM logger.FileLogger write
INFO: >>> createPlayerAccount >>> age >>> 15

Jul 11, 2020 6:23:16 PM logger.FileLogger write
INFO: >>> createPlayerAccount >>> ipadddress >>> 93.5.4.2

Jul 11, 2020 6:23:16 PM logger.FileLogger write
INFO: >>> createPlayerAccount >>> User information stored

