Aug 02, 2020 5:17:26 PM Utilities.FileLogger write
INFO: >>> createPlayerAccount

Aug 02, 2020 5:17:26 PM Utilities.FileLogger write
INFO: >>> createPlayerAccount >>> username >>> Varun123

Aug 02, 2020 5:17:26 PM Utilities.FileLogger write
INFO: >>> createPlayerAccount >>> firstname >>> Varun

Aug 02, 2020 5:17:26 PM Utilities.FileLogger write
INFO: >>> createPlayerAccount >>> lastname >>> Patel

Aug 02, 2020 5:17:26 PM Utilities.FileLogger write
INFO: >>> createPlayerAccount >>> password >>> Varun123

Aug 02, 2020 5:17:26 PM Utilities.FileLogger write
INFO: >>> createPlayerAccount >>> age >>> 20

Aug 02, 2020 5:17:26 PM Utilities.FileLogger write
INFO: >>> createPlayerAccount >>> ipadddress >>> 182.34.2.4

Aug 02, 2020 5:17:26 PM Utilities.FileLogger write
INFO: >>> createPlayerAccount >>> User information stored

Aug 03, 2020 2:00:27 PM Utilities.FileLogger write
INFO: >>> createPlayerAccount

Aug 03, 2020 2:00:27 PM Utilities.FileLogger write
INFO: >>> createPlayerAccount >>> username >>> Varun123

Aug 03, 2020 2:00:27 PM Utilities.FileLogger write
INFO: >>> createPlayerAccount >>> firstname >>> Varun

Aug 03, 2020 2:00:27 PM Utilities.FileLogger write
INFO: >>> createPlayerAccount >>> lastname >>> Patel

Aug 03, 2020 2:00:27 PM Utilities.FileLogger write
INFO: >>> createPlayerAccount >>> password >>> Varun123

Aug 03, 2020 2:00:27 PM Utilities.FileLogger write
INFO: >>> createPlayerAccount >>> age >>> 20

Aug 03, 2020 2:00:27 PM Utilities.FileLogger write
INFO: >>> createPlayerAccount >>> ipadddress >>> 182.34.2.4

Aug 03, 2020 2:00:27 PM Utilities.FileLogger write
INFO: >>> createPlayerAccount >>> User information stored

Aug 03, 2020 2:16:26 PM Utilities.FileLogger write
INFO: >>> createPlayerAccount

Aug 03, 2020 2:16:26 PM Utilities.FileLogger write
INFO: >>> createPlayerAccount >>> username >>> Varun123

Aug 03, 2020 2:16:26 PM Utilities.FileLogger write
INFO: >>> createPlayerAccount >>> firstname >>> Varun

Aug 03, 2020 2:16:26 PM Utilities.FileLogger write
INFO: >>> createPlayerAccount >>> lastname >>> Patel

Aug 03, 2020 2:16:26 PM Utilities.FileLogger write
INFO: >>> createPlayerAccount >>> password >>> Varun123

Aug 03, 2020 2:16:26 PM Utilities.FileLogger write
INFO: >>> createPlayerAccount >>> age >>> 20

Aug 03, 2020 2:16:26 PM Utilities.FileLogger write
INFO: >>> createPlayerAccount >>> ipadddress >>> 182.34.2.4

Aug 03, 2020 2:16:26 PM Utilities.FileLogger write
INFO: >>> createPlayerAccount >>> User information stored

Aug 03, 2020 2:19:55 PM Utilities.FileLogger write
INFO: >>> createPlayerAccount

Aug 03, 2020 2:19:55 PM Utilities.FileLogger write
INFO: >>> createPlayerAccount >>> username >>> Varun123

Aug 03, 2020 2:19:55 PM Utilities.FileLogger write
INFO: >>> createPlayerAccount >>> firstname >>> Varun

Aug 03, 2020 2:19:55 PM Utilities.FileLogger write
INFO: >>> createPlayerAccount >>> lastname >>> Patel

Aug 03, 2020 2:19:55 PM Utilities.FileLogger write
INFO: >>> createPlayerAccount >>> password >>> Varun123

Aug 03, 2020 2:19:55 PM Utilities.FileLogger write
INFO: >>> createPlayerAccount >>> age >>> 20

Aug 03, 2020 2:19:55 PM Utilities.FileLogger write
INFO: >>> createPlayerAccount >>> ipadddress >>> 182.34.2.4

Aug 03, 2020 2:19:55 PM Utilities.FileLogger write
INFO: >>> createPlayerAccount >>> User information stored

Aug 03, 2020 2:25:47 PM Utilities.FileLogger write
INFO: >>> createPlayerAccount

Aug 03, 2020 2:25:47 PM Utilities.FileLogger write
INFO: >>> createPlayerAccount >>> username >>> Varun123

Aug 03, 2020 2:25:47 PM Utilities.FileLogger write
INFO: >>> createPlayerAccount >>> firstname >>> Varun

Aug 03, 2020 2:25:47 PM Utilities.FileLogger write
INFO: >>> createPlayerAccount >>> lastname >>> Patel

Aug 03, 2020 2:25:47 PM Utilities.FileLogger write
INFO: >>> createPlayerAccount >>> password >>> Varun123

Aug 03, 2020 2:25:47 PM Utilities.FileLogger write
INFO: >>> createPlayerAccount >>> age >>> 20

Aug 03, 2020 2:25:47 PM Utilities.FileLogger write
INFO: >>> createPlayerAccount >>> ipadddress >>> 182.34.2.4

Aug 03, 2020 2:25:47 PM Utilities.FileLogger write
INFO: >>> createPlayerAccount >>> User information stored

Aug 03, 2020 2:32:27 PM Utilities.FileLogger write
INFO: >>> createPlayerAccount

Aug 03, 2020 2:32:27 PM Utilities.FileLogger write
INFO: >>> createPlayerAccount >>> username >>> Varun123

Aug 03, 2020 2:32:27 PM Utilities.FileLogger write
INFO: >>> createPlayerAccount >>> firstname >>> Varun

Aug 03, 2020 2:32:27 PM Utilities.FileLogger write
INFO: >>> createPlayerAccount >>> lastname >>> Patel

Aug 03, 2020 2:32:27 PM Utilities.FileLogger write
INFO: >>> createPlayerAccount >>> password >>> Varun123

Aug 03, 2020 2:32:27 PM Utilities.FileLogger write
INFO: >>> createPlayerAccount >>> age >>> 20

Aug 03, 2020 2:32:27 PM Utilities.FileLogger write
INFO: >>> createPlayerAccount >>> ipadddress >>> 182.34.2.4

Aug 03, 2020 2:32:27 PM Utilities.FileLogger write
INFO: >>> createPlayerAccount >>> User information stored

Aug 03, 2020 3:09:52 PM Utilities.FileLogger write
INFO: >>> createPlayerAccount

Aug 03, 2020 3:09:52 PM Utilities.FileLogger write
INFO: >>> createPlayerAccount >>> username >>> Varun123

Aug 03, 2020 3:09:52 PM Utilities.FileLogger write
INFO: >>> createPlayerAccount >>> firstname >>> Varun

Aug 03, 2020 3:09:52 PM Utilities.FileLogger write
INFO: >>> createPlayerAccount >>> lastname >>> Patel

Aug 03, 2020 3:09:52 PM Utilities.FileLogger write
INFO: >>> createPlayerAccount >>> password >>> Varun123

Aug 03, 2020 3:09:52 PM Utilities.FileLogger write
INFO: >>> createPlayerAccount >>> age >>> 20

Aug 03, 2020 3:09:52 PM Utilities.FileLogger write
INFO: >>> createPlayerAccount >>> ipadddress >>> 182.34.2.4

Aug 03, 2020 3:09:52 PM Utilities.FileLogger write
INFO: >>> createPlayerAccount >>> User information stored

Aug 03, 2020 3:11:07 PM Utilities.FileLogger write
INFO: >>> createPlayerAccount

Aug 03, 2020 3:11:07 PM Utilities.FileLogger write
INFO: >>> createPlayerAccount >>> username >>> Varun123

Aug 03, 2020 3:11:07 PM Utilities.FileLogger write
INFO: >>> createPlayerAccount >>> firstname >>> Varun

Aug 03, 2020 3:11:07 PM Utilities.FileLogger write
INFO: >>> createPlayerAccount >>> lastname >>> Patel

Aug 03, 2020 3:11:07 PM Utilities.FileLogger write
INFO: >>> createPlayerAccount >>> password >>> Varun123

Aug 03, 2020 3:11:07 PM Utilities.FileLogger write
INFO: >>> createPlayerAccount >>> age >>> 20

Aug 03, 2020 3:11:07 PM Utilities.FileLogger write
INFO: >>> createPlayerAccount >>> ipadddress >>> 182.34.2.4

Aug 03, 2020 3:11:07 PM Utilities.FileLogger write
INFO: >>> createPlayerAccount >>> User information stored

Aug 03, 2020 3:12:22 PM Utilities.FileLogger write
INFO: >>> createPlayerAccount

Aug 03, 2020 3:12:22 PM Utilities.FileLogger write
INFO: >>> createPlayerAccount >>> username >>> Varun123

Aug 03, 2020 3:12:22 PM Utilities.FileLogger write
INFO: >>> createPlayerAccount >>> firstname >>> Varun

Aug 03, 2020 3:12:22 PM Utilities.FileLogger write
INFO: >>> createPlayerAccount >>> lastname >>> Patel

Aug 03, 2020 3:12:22 PM Utilities.FileLogger write
INFO: >>> createPlayerAccount >>> password >>> Varun123

Aug 03, 2020 3:12:22 PM Utilities.FileLogger write
INFO: >>> createPlayerAccount >>> age >>> 20

Aug 03, 2020 3:12:22 PM Utilities.FileLogger write
INFO: >>> createPlayerAccount >>> ipadddress >>> 182.34.2.4

Aug 03, 2020 3:12:22 PM Utilities.FileLogger write
INFO: >>> createPlayerAccount >>> User information stored

Aug 03, 2020 3:16:19 PM Utilities.FileLogger write
INFO: >>> createPlayerAccount

Aug 03, 2020 3:16:19 PM Utilities.FileLogger write
INFO: >>> createPlayerAccount >>> username >>> Varun123

Aug 03, 2020 3:16:19 PM Utilities.FileLogger write
INFO: >>> createPlayerAccount >>> firstname >>> Varun

Aug 03, 2020 3:16:19 PM Utilities.FileLogger write
INFO: >>> createPlayerAccount >>> lastname >>> Patel

Aug 03, 2020 3:16:19 PM Utilities.FileLogger write
INFO: >>> createPlayerAccount >>> password >>> Varun123

Aug 03, 2020 3:16:19 PM Utilities.FileLogger write
INFO: >>> createPlayerAccount >>> age >>> 20

Aug 03, 2020 3:16:19 PM Utilities.FileLogger write
INFO: >>> createPlayerAccount >>> ipadddress >>> 182.34.2.4

Aug 03, 2020 3:16:19 PM Utilities.FileLogger write
INFO: >>> createPlayerAccount >>> User information stored

Aug 05, 2020 3:59:47 PM Utilities.FileLogger write
INFO: >>> createPlayerAccount

Aug 05, 2020 3:59:47 PM Utilities.FileLogger write
INFO: >>> createPlayerAccount >>> username >>> Varun123

Aug 05, 2020 3:59:47 PM Utilities.FileLogger write
INFO: >>> createPlayerAccount >>> firstname >>> Varun

Aug 05, 2020 3:59:47 PM Utilities.FileLogger write
INFO: >>> createPlayerAccount >>> lastname >>> Patel

Aug 05, 2020 3:59:47 PM Utilities.FileLogger write
INFO: >>> createPlayerAccount >>> password >>> Varun123

Aug 05, 2020 3:59:47 PM Utilities.FileLogger write
INFO: >>> createPlayerAccount >>> age >>> 20

Aug 05, 2020 3:59:47 PM Utilities.FileLogger write
INFO: >>> createPlayerAccount >>> ipadddress >>> 182.34.2.4

Aug 05, 2020 3:59:47 PM Utilities.FileLogger write
INFO: >>> createPlayerAccount >>> User information stored

Aug 05, 2020 8:04:54 PM Utilities.FileLogger write
INFO: >>> createPlayerAccount

Aug 05, 2020 8:04:55 PM Utilities.FileLogger write
INFO: >>> createPlayerAccount >>> username >>> Varun123

Aug 05, 2020 8:04:55 PM Utilities.FileLogger write
INFO: >>> createPlayerAccount >>> firstname >>> Varun

Aug 05, 2020 8:04:55 PM Utilities.FileLogger write
INFO: >>> createPlayerAccount >>> lastname >>> Patel

Aug 05, 2020 8:04:55 PM Utilities.FileLogger write
INFO: >>> createPlayerAccount >>> password >>> Varun123

Aug 05, 2020 8:04:55 PM Utilities.FileLogger write
INFO: >>> createPlayerAccount >>> age >>> 20

Aug 05, 2020 8:04:55 PM Utilities.FileLogger write
INFO: >>> createPlayerAccount >>> ipadddress >>> 182.34.2.4

Aug 05, 2020 8:04:55 PM Utilities.FileLogger write
INFO: >>> createPlayerAccount >>> User information stored

Aug 05, 2020 8:05:30 PM Utilities.FileLogger write
INFO: >>> createPlayerAccount

Aug 05, 2020 8:05:30 PM Utilities.FileLogger write
INFO: >>> createPlayerAccount >>> username >>> Varun123

Aug 05, 2020 8:05:30 PM Utilities.FileLogger write
INFO: >>> createPlayerAccount >>> firstname >>> Varun

Aug 05, 2020 8:05:30 PM Utilities.FileLogger write
INFO: >>> createPlayerAccount >>> lastname >>> Patel

Aug 05, 2020 8:05:30 PM Utilities.FileLogger write
INFO: >>> createPlayerAccount >>> password >>> Varun123

Aug 05, 2020 8:05:30 PM Utilities.FileLogger write
INFO: >>> createPlayerAccount >>> age >>> 20

Aug 05, 2020 8:05:30 PM Utilities.FileLogger write
INFO: >>> createPlayerAccount >>> ipadddress >>> 182.34.2.4

Aug 05, 2020 8:05:30 PM Utilities.FileLogger write
INFO: >>> createPlayerAccount >>> User information stored

Aug 05, 2020 8:28:42 PM Utilities.FileLogger write
INFO: >>> createPlayerAccount

Aug 05, 2020 8:28:42 PM Utilities.FileLogger write
INFO: >>> createPlayerAccount >>> username >>> Varun123

Aug 05, 2020 8:28:42 PM Utilities.FileLogger write
INFO: >>> createPlayerAccount >>> firstname >>> Varun

Aug 05, 2020 8:28:42 PM Utilities.FileLogger write
INFO: >>> createPlayerAccount >>> lastname >>> Patel

Aug 05, 2020 8:28:42 PM Utilities.FileLogger write
INFO: >>> createPlayerAccount >>> password >>> Varun123

Aug 05, 2020 8:28:42 PM Utilities.FileLogger write
INFO: >>> createPlayerAccount >>> age >>> 20

Aug 05, 2020 8:28:42 PM Utilities.FileLogger write
INFO: >>> createPlayerAccount >>> ipadddress >>> 182.34.2.4

Aug 05, 2020 8:28:42 PM Utilities.FileLogger write
INFO: >>> createPlayerAccount >>> User information stored

Aug 05, 2020 8:29:05 PM Utilities.FileLogger write
INFO: >>> createPlayerAccount

Aug 05, 2020 8:29:05 PM Utilities.FileLogger write
INFO: >>> createPlayerAccount >>> username >>> Varun123

Aug 05, 2020 8:29:05 PM Utilities.FileLogger write
INFO: >>> createPlayerAccount >>> firstname >>> Varun

Aug 05, 2020 8:29:05 PM Utilities.FileLogger write
INFO: >>> createPlayerAccount >>> lastname >>> Patel

Aug 05, 2020 8:29:05 PM Utilities.FileLogger write
INFO: >>> createPlayerAccount >>> password >>> Varun123

Aug 05, 2020 8:29:05 PM Utilities.FileLogger write
INFO: >>> createPlayerAccount >>> age >>> 20

Aug 05, 2020 8:29:05 PM Utilities.FileLogger write
INFO: >>> createPlayerAccount >>> ipadddress >>> 182.34.2.4

Aug 05, 2020 8:29:05 PM Utilities.FileLogger write
INFO: >>> createPlayerAccount >>> User information stored

Aug 06, 2020 12:47:27 AM Utilities.FileLogger write
INFO: >>> createPlayerAccount

Aug 06, 2020 12:47:27 AM Utilities.FileLogger write
INFO: >>> createPlayerAccount >>> username >>> Varun123

Aug 06, 2020 12:47:27 AM Utilities.FileLogger write
INFO: >>> createPlayerAccount >>> firstname >>> Varun

Aug 06, 2020 12:47:27 AM Utilities.FileLogger write
INFO: >>> createPlayerAccount >>> lastname >>> Patel

Aug 06, 2020 12:47:28 AM Utilities.FileLogger write
INFO: >>> createPlayerAccount >>> password >>> Varun123

Aug 06, 2020 12:47:28 AM Utilities.FileLogger write
INFO: >>> createPlayerAccount >>> age >>> 20

Aug 06, 2020 12:47:28 AM Utilities.FileLogger write
INFO: >>> createPlayerAccount >>> ipadddress >>> 182.34.2.4

Aug 06, 2020 12:47:28 AM Utilities.FileLogger write
INFO: >>> createPlayerAccount >>> User information stored

Aug 06, 2020 3:11:32 PM Utilities.FileLogger write
INFO: >>> createPlayerAccount

Aug 06, 2020 3:11:32 PM Utilities.FileLogger write
INFO: >>> createPlayerAccount >>> username >>> Varun123

Aug 06, 2020 3:11:32 PM Utilities.FileLogger write
INFO: >>> createPlayerAccount >>> firstname >>> Varun

Aug 06, 2020 3:11:32 PM Utilities.FileLogger write
INFO: >>> createPlayerAccount >>> lastname >>> Patel

Aug 06, 2020 3:11:32 PM Utilities.FileLogger write
INFO: >>> createPlayerAccount >>> password >>> Varun123

Aug 06, 2020 3:11:32 PM Utilities.FileLogger write
INFO: >>> createPlayerAccount >>> age >>> 20

Aug 06, 2020 3:11:32 PM Utilities.FileLogger write
INFO: >>> createPlayerAccount >>> ipadddress >>> 182.34.2.4

Aug 06, 2020 3:11:32 PM Utilities.FileLogger write
INFO: >>> createPlayerAccount >>> User information stored

Aug 06, 2020 3:14:27 PM Utilities.FileLogger write
INFO: >>> createPlayerAccount

Aug 06, 2020 3:14:27 PM Utilities.FileLogger write
INFO: >>> createPlayerAccount >>> username >>> Varun123

Aug 06, 2020 3:14:27 PM Utilities.FileLogger write
INFO: >>> createPlayerAccount >>> firstname >>> Varun

Aug 06, 2020 3:14:27 PM Utilities.FileLogger write
INFO: >>> createPlayerAccount >>> lastname >>> Patel

Aug 06, 2020 3:14:27 PM Utilities.FileLogger write
INFO: >>> createPlayerAccount >>> password >>> Varun123

Aug 06, 2020 3:14:27 PM Utilities.FileLogger write
INFO: >>> createPlayerAccount >>> age >>> 20

Aug 06, 2020 3:14:27 PM Utilities.FileLogger write
INFO: >>> createPlayerAccount >>> ipadddress >>> 182.34.2.4

Aug 06, 2020 3:14:27 PM Utilities.FileLogger write
INFO: >>> createPlayerAccount >>> User information stored

Aug 06, 2020 3:17:55 PM Utilities.FileLogger write
INFO: >>> createPlayerAccount

Aug 06, 2020 3:17:55 PM Utilities.FileLogger write
INFO: >>> createPlayerAccount >>> username >>> Varun123

Aug 06, 2020 3:17:55 PM Utilities.FileLogger write
INFO: >>> createPlayerAccount >>> firstname >>> Varun

Aug 06, 2020 3:17:55 PM Utilities.FileLogger write
INFO: >>> createPlayerAccount >>> lastname >>> Patel

Aug 06, 2020 3:17:55 PM Utilities.FileLogger write
INFO: >>> createPlayerAccount >>> password >>> Varun123

Aug 06, 2020 3:17:55 PM Utilities.FileLogger write
INFO: >>> createPlayerAccount >>> age >>> 20

Aug 06, 2020 3:17:55 PM Utilities.FileLogger write
INFO: >>> createPlayerAccount >>> ipadddress >>> 182.34.2.4

Aug 06, 2020 3:17:55 PM Utilities.FileLogger write
INFO: >>> createPlayerAccount >>> User information stored

Aug 06, 2020 3:21:08 PM Utilities.FileLogger write
INFO: >>> createPlayerAccount

Aug 06, 2020 3:21:08 PM Utilities.FileLogger write
INFO: >>> createPlayerAccount >>> username >>> Varun123

Aug 06, 2020 3:21:08 PM Utilities.FileLogger write
INFO: >>> createPlayerAccount >>> firstname >>> Varun

Aug 06, 2020 3:21:08 PM Utilities.FileLogger write
INFO: >>> createPlayerAccount >>> lastname >>> Patel

Aug 06, 2020 3:21:08 PM Utilities.FileLogger write
INFO: >>> createPlayerAccount >>> password >>> Varun123

Aug 06, 2020 3:21:08 PM Utilities.FileLogger write
INFO: >>> createPlayerAccount >>> age >>> 20

Aug 06, 2020 3:21:08 PM Utilities.FileLogger write
INFO: >>> createPlayerAccount >>> ipadddress >>> 182.34.2.4

Aug 06, 2020 3:21:08 PM Utilities.FileLogger write
INFO: >>> createPlayerAccount >>> User information stored

Aug 06, 2020 3:37:24 PM Utilities.FileLogger write
INFO: >>> createPlayerAccount

Aug 06, 2020 3:37:25 PM Utilities.FileLogger write
INFO: >>> createPlayerAccount >>> username >>> Varun123

Aug 06, 2020 3:37:25 PM Utilities.FileLogger write
INFO: >>> createPlayerAccount >>> firstname >>> Varun

Aug 06, 2020 3:37:25 PM Utilities.FileLogger write
INFO: >>> createPlayerAccount >>> lastname >>> Patel

Aug 06, 2020 3:37:25 PM Utilities.FileLogger write
INFO: >>> createPlayerAccount >>> password >>> Varun123

Aug 06, 2020 3:37:25 PM Utilities.FileLogger write
INFO: >>> createPlayerAccount >>> age >>> 20

Aug 06, 2020 3:37:25 PM Utilities.FileLogger write
INFO: >>> createPlayerAccount >>> ipadddress >>> 182.34.2.4

Aug 06, 2020 3:37:25 PM Utilities.FileLogger write
INFO: >>> createPlayerAccount >>> User information stored

Aug 06, 2020 3:38:03 PM Utilities.FileLogger write
INFO: >>> createPlayerAccount

Aug 06, 2020 3:38:03 PM Utilities.FileLogger write
INFO: >>> createPlayerAccount >>> username >>> Varun123

Aug 06, 2020 3:38:03 PM Utilities.FileLogger write
INFO: >>> createPlayerAccount >>> firstname >>> Varun

Aug 06, 2020 3:38:03 PM Utilities.FileLogger write
INFO: >>> createPlayerAccount >>> lastname >>> Patel

Aug 06, 2020 3:38:03 PM Utilities.FileLogger write
INFO: >>> createPlayerAccount >>> password >>> Varun123

Aug 06, 2020 3:38:03 PM Utilities.FileLogger write
INFO: >>> createPlayerAccount >>> age >>> 20

Aug 06, 2020 3:38:03 PM Utilities.FileLogger write
INFO: >>> createPlayerAccount >>> ipadddress >>> 182.34.2.4

Aug 06, 2020 3:38:03 PM Utilities.FileLogger write
INFO: >>> createPlayerAccount >>> User information stored

Aug 06, 2020 3:38:46 PM Utilities.FileLogger write
INFO: >>> createPlayerAccount

Aug 06, 2020 3:38:46 PM Utilities.FileLogger write
INFO: >>> createPlayerAccount >>> username >>> Varun123

Aug 06, 2020 3:38:46 PM Utilities.FileLogger write
INFO: >>> createPlayerAccount >>> firstname >>> Varun

Aug 06, 2020 3:38:46 PM Utilities.FileLogger write
INFO: >>> createPlayerAccount >>> lastname >>> Patel

Aug 06, 2020 3:38:46 PM Utilities.FileLogger write
INFO: >>> createPlayerAccount >>> password >>> Varun123

Aug 06, 2020 3:38:46 PM Utilities.FileLogger write
INFO: >>> createPlayerAccount >>> age >>> 20

Aug 06, 2020 3:38:46 PM Utilities.FileLogger write
INFO: >>> createPlayerAccount >>> ipadddress >>> 182.34.2.4

Aug 06, 2020 3:38:46 PM Utilities.FileLogger write
INFO: >>> createPlayerAccount >>> User information stored

Aug 06, 2020 3:46:55 PM Utilities.FileLogger write
INFO: >>> createPlayerAccount

Aug 06, 2020 3:46:55 PM Utilities.FileLogger write
INFO: >>> createPlayerAccount >>> username >>> Varun123

Aug 06, 2020 3:46:55 PM Utilities.FileLogger write
INFO: >>> createPlayerAccount >>> firstname >>> Varun

Aug 06, 2020 3:46:55 PM Utilities.FileLogger write
INFO: >>> createPlayerAccount >>> lastname >>> Patel

Aug 06, 2020 3:46:55 PM Utilities.FileLogger write
INFO: >>> createPlayerAccount >>> password >>> Varun123

Aug 06, 2020 3:46:55 PM Utilities.FileLogger write
INFO: >>> createPlayerAccount >>> age >>> 20

Aug 06, 2020 3:46:55 PM Utilities.FileLogger write
INFO: >>> createPlayerAccount >>> ipadddress >>> 182.34.2.4

Aug 06, 2020 3:46:55 PM Utilities.FileLogger write
INFO: >>> createPlayerAccount >>> User information stored

Aug 06, 2020 3:48:16 PM Utilities.FileLogger write
INFO: >>> createPlayerAccount

Aug 06, 2020 3:48:16 PM Utilities.FileLogger write
INFO: >>> createPlayerAccount >>> username >>> Varun123

Aug 06, 2020 3:48:16 PM Utilities.FileLogger write
INFO: >>> createPlayerAccount >>> firstname >>> Varun

Aug 06, 2020 3:48:16 PM Utilities.FileLogger write
INFO: >>> createPlayerAccount >>> lastname >>> Patel

Aug 06, 2020 3:48:16 PM Utilities.FileLogger write
INFO: >>> createPlayerAccount >>> password >>> Varun123

Aug 06, 2020 3:48:16 PM Utilities.FileLogger write
INFO: >>> createPlayerAccount >>> age >>> 20

Aug 06, 2020 3:48:16 PM Utilities.FileLogger write
INFO: >>> createPlayerAccount >>> ipadddress >>> 182.34.2.4

Aug 06, 2020 3:48:16 PM Utilities.FileLogger write
INFO: >>> createPlayerAccount >>> User information stored

Aug 06, 2020 3:49:59 PM Utilities.FileLogger write
INFO: >>> createPlayerAccount

Aug 06, 2020 3:49:59 PM Utilities.FileLogger write
INFO: >>> createPlayerAccount >>> username >>> Varun123

Aug 06, 2020 3:49:59 PM Utilities.FileLogger write
INFO: >>> createPlayerAccount >>> firstname >>> Varun

Aug 06, 2020 3:49:59 PM Utilities.FileLogger write
INFO: >>> createPlayerAccount >>> lastname >>> Patel

Aug 06, 2020 3:49:59 PM Utilities.FileLogger write
INFO: >>> createPlayerAccount >>> password >>> Varun123

Aug 06, 2020 3:49:59 PM Utilities.FileLogger write
INFO: >>> createPlayerAccount >>> age >>> 20

Aug 06, 2020 3:49:59 PM Utilities.FileLogger write
INFO: >>> createPlayerAccount >>> ipadddress >>> 182.34.2.4

Aug 06, 2020 3:49:59 PM Utilities.FileLogger write
INFO: >>> createPlayerAccount >>> User information stored

Aug 06, 2020 3:52:07 PM Utilities.FileLogger write
INFO: >>> createPlayerAccount

Aug 06, 2020 3:52:07 PM Utilities.FileLogger write
INFO: >>> createPlayerAccount >>> username >>> Varun123

Aug 06, 2020 3:52:07 PM Utilities.FileLogger write
INFO: >>> createPlayerAccount >>> firstname >>> Varun

Aug 06, 2020 3:52:07 PM Utilities.FileLogger write
INFO: >>> createPlayerAccount >>> lastname >>> Patel

Aug 06, 2020 3:52:07 PM Utilities.FileLogger write
INFO: >>> createPlayerAccount >>> password >>> Varun123

Aug 06, 2020 3:52:07 PM Utilities.FileLogger write
INFO: >>> createPlayerAccount >>> age >>> 20

Aug 06, 2020 3:52:07 PM Utilities.FileLogger write
INFO: >>> createPlayerAccount >>> ipadddress >>> 182.34.2.4

Aug 06, 2020 3:52:07 PM Utilities.FileLogger write
INFO: >>> createPlayerAccount >>> User information stored

Aug 06, 2020 4:00:07 PM Utilities.FileLogger write
INFO: >>> createPlayerAccount

Aug 06, 2020 4:00:07 PM Utilities.FileLogger write
INFO: >>> createPlayerAccount >>> username >>> Varun123

Aug 06, 2020 4:00:07 PM Utilities.FileLogger write
INFO: >>> createPlayerAccount >>> firstname >>> Varun

Aug 06, 2020 4:00:07 PM Utilities.FileLogger write
INFO: >>> createPlayerAccount >>> lastname >>> Patel

Aug 06, 2020 4:00:07 PM Utilities.FileLogger write
INFO: >>> createPlayerAccount >>> password >>> Varun123

Aug 06, 2020 4:00:07 PM Utilities.FileLogger write
INFO: >>> createPlayerAccount >>> age >>> 20

Aug 06, 2020 4:00:07 PM Utilities.FileLogger write
INFO: >>> createPlayerAccount >>> ipadddress >>> 182.34.2.4

Aug 06, 2020 4:00:07 PM Utilities.FileLogger write
INFO: >>> createPlayerAccount >>> User information stored

Aug 06, 2020 4:00:43 PM Utilities.FileLogger write
INFO: >>> createPlayerAccount

Aug 06, 2020 4:00:43 PM Utilities.FileLogger write
INFO: >>> createPlayerAccount >>> username >>> Varun123

Aug 06, 2020 4:00:43 PM Utilities.FileLogger write
INFO: >>> createPlayerAccount >>> firstname >>> Varun

Aug 06, 2020 4:00:43 PM Utilities.FileLogger write
INFO: >>> createPlayerAccount >>> lastname >>> Patel

Aug 06, 2020 4:00:43 PM Utilities.FileLogger write
INFO: >>> createPlayerAccount >>> password >>> Varun123

Aug 06, 2020 4:00:43 PM Utilities.FileLogger write
INFO: >>> createPlayerAccount >>> age >>> 20

Aug 06, 2020 4:00:43 PM Utilities.FileLogger write
INFO: >>> createPlayerAccount >>> ipadddress >>> 182.34.2.4

Aug 06, 2020 4:00:43 PM Utilities.FileLogger write
INFO: >>> createPlayerAccount >>> User information stored

Aug 06, 2020 4:02:49 PM Utilities.FileLogger write
INFO: >>> createPlayerAccount

Aug 06, 2020 4:02:49 PM Utilities.FileLogger write
INFO: >>> createPlayerAccount >>> username >>> Varun123

Aug 06, 2020 4:02:49 PM Utilities.FileLogger write
INFO: >>> createPlayerAccount >>> firstname >>> Varun

Aug 06, 2020 4:02:49 PM Utilities.FileLogger write
INFO: >>> createPlayerAccount >>> lastname >>> Patel

Aug 06, 2020 4:02:49 PM Utilities.FileLogger write
INFO: >>> createPlayerAccount >>> password >>> Varun123

Aug 06, 2020 4:02:49 PM Utilities.FileLogger write
INFO: >>> createPlayerAccount >>> age >>> 20

Aug 06, 2020 4:02:49 PM Utilities.FileLogger write
INFO: >>> createPlayerAccount >>> ipadddress >>> 182.34.2.4

Aug 06, 2020 4:02:49 PM Utilities.FileLogger write
INFO: >>> createPlayerAccount >>> User information stored

Aug 06, 2020 4:06:23 PM Utilities.FileLogger write
INFO: >>> createPlayerAccount

Aug 06, 2020 4:06:23 PM Utilities.FileLogger write
INFO: >>> createPlayerAccount >>> username >>> Varun123

Aug 06, 2020 4:06:23 PM Utilities.FileLogger write
INFO: >>> createPlayerAccount >>> firstname >>> Varun

Aug 06, 2020 4:06:23 PM Utilities.FileLogger write
INFO: >>> createPlayerAccount >>> lastname >>> Patel

Aug 06, 2020 4:06:23 PM Utilities.FileLogger write
INFO: >>> createPlayerAccount >>> password >>> Varun123

Aug 06, 2020 4:06:23 PM Utilities.FileLogger write
INFO: >>> createPlayerAccount >>> age >>> 20

Aug 06, 2020 4:06:23 PM Utilities.FileLogger write
INFO: >>> createPlayerAccount >>> ipadddress >>> 182.34.2.4

Aug 06, 2020 4:06:23 PM Utilities.FileLogger write
INFO: >>> createPlayerAccount >>> User information stored

Aug 06, 2020 4:09:26 PM Utilities.FileLogger write
INFO: >>> createPlayerAccount

Aug 06, 2020 4:09:26 PM Utilities.FileLogger write
INFO: >>> createPlayerAccount >>> username >>> Varun123

Aug 06, 2020 4:09:26 PM Utilities.FileLogger write
INFO: >>> createPlayerAccount >>> firstname >>> Varun

Aug 06, 2020 4:09:26 PM Utilities.FileLogger write
INFO: >>> createPlayerAccount >>> lastname >>> Patel

Aug 06, 2020 4:09:26 PM Utilities.FileLogger write
INFO: >>> createPlayerAccount >>> password >>> Varun123

Aug 06, 2020 4:09:26 PM Utilities.FileLogger write
INFO: >>> createPlayerAccount >>> age >>> 20

Aug 06, 2020 4:09:26 PM Utilities.FileLogger write
INFO: >>> createPlayerAccount >>> ipadddress >>> 182.34.2.4

Aug 06, 2020 4:09:26 PM Utilities.FileLogger write
INFO: >>> createPlayerAccount >>> User information stored

Aug 06, 2020 4:32:01 PM Utilities.FileLogger write
INFO: >>> createPlayerAccount

Aug 06, 2020 4:32:01 PM Utilities.FileLogger write
INFO: >>> createPlayerAccount >>> username >>> Varun123

Aug 06, 2020 4:32:01 PM Utilities.FileLogger write
INFO: >>> createPlayerAccount >>> firstname >>> Varun

Aug 06, 2020 4:32:01 PM Utilities.FileLogger write
INFO: >>> createPlayerAccount >>> lastname >>> Patel

Aug 06, 2020 4:32:01 PM Utilities.FileLogger write
INFO: >>> createPlayerAccount >>> password >>> Varun123

Aug 06, 2020 4:32:01 PM Utilities.FileLogger write
INFO: >>> createPlayerAccount >>> age >>> 20

Aug 06, 2020 4:32:01 PM Utilities.FileLogger write
INFO: >>> createPlayerAccount >>> ipadddress >>> 182.34.2.4

Aug 06, 2020 4:32:01 PM Utilities.FileLogger write
INFO: >>> createPlayerAccount >>> User information stored

Aug 06, 2020 4:33:24 PM Utilities.FileLogger write
INFO: >>> createPlayerAccount

Aug 06, 2020 4:33:24 PM Utilities.FileLogger write
INFO: >>> createPlayerAccount >>> username >>> Varun123

Aug 06, 2020 4:33:24 PM Utilities.FileLogger write
INFO: >>> createPlayerAccount >>> firstname >>> Varun

Aug 06, 2020 4:33:24 PM Utilities.FileLogger write
INFO: >>> createPlayerAccount >>> lastname >>> Patel

Aug 06, 2020 4:33:24 PM Utilities.FileLogger write
INFO: >>> createPlayerAccount >>> password >>> Varun123

Aug 06, 2020 4:33:24 PM Utilities.FileLogger write
INFO: >>> createPlayerAccount >>> age >>> 20

Aug 06, 2020 4:33:24 PM Utilities.FileLogger write
INFO: >>> createPlayerAccount >>> ipadddress >>> 182.34.2.4

Aug 06, 2020 4:33:24 PM Utilities.FileLogger write
INFO: >>> createPlayerAccount >>> User information stored

Aug 06, 2020 4:33:27 PM Utilities.FileLogger write
INFO: >>> createPlayerAccount

Aug 06, 2020 4:33:27 PM Utilities.FileLogger write
INFO: >>> createPlayerAccount >>> username >>> Varun123

Aug 06, 2020 4:33:27 PM Utilities.FileLogger write
INFO: >>> createPlayerAccount >>> firstname >>> Varun

Aug 06, 2020 4:33:27 PM Utilities.FileLogger write
INFO: >>> createPlayerAccount >>> lastname >>> Patel

Aug 06, 2020 4:33:27 PM Utilities.FileLogger write
INFO: >>> createPlayerAccount >>> password >>> Varun123

Aug 06, 2020 4:33:27 PM Utilities.FileLogger write
INFO: >>> createPlayerAccount >>> age >>> 20

Aug 06, 2020 4:33:27 PM Utilities.FileLogger write
INFO: >>> createPlayerAccount >>> ipadddress >>> 182.34.2.4

Aug 06, 2020 4:33:27 PM Utilities.FileLogger write
INFO: >>> createPlayerAccount >>> User information stored

Aug 06, 2020 4:55:21 PM Utilities.FileLogger write
INFO: >>> createPlayerAccount

Aug 06, 2020 4:55:21 PM Utilities.FileLogger write
INFO: >>> createPlayerAccount >>> username >>> Varun123

Aug 06, 2020 4:55:21 PM Utilities.FileLogger write
INFO: >>> createPlayerAccount >>> firstname >>> Varun

Aug 06, 2020 4:55:21 PM Utilities.FileLogger write
INFO: >>> createPlayerAccount >>> lastname >>> Patel

Aug 06, 2020 4:55:21 PM Utilities.FileLogger write
INFO: >>> createPlayerAccount >>> password >>> Varun123

Aug 06, 2020 4:55:21 PM Utilities.FileLogger write
INFO: >>> createPlayerAccount >>> age >>> 20

Aug 06, 2020 4:55:21 PM Utilities.FileLogger write
INFO: >>> createPlayerAccount >>> ipadddress >>> 182.34.2.4

Aug 06, 2020 4:55:21 PM Utilities.FileLogger write
INFO: >>> createPlayerAccount >>> User information stored

Aug 06, 2020 10:15:59 PM Utilities.FileLogger write
INFO: >>> createPlayerAccount

Aug 06, 2020 10:15:59 PM Utilities.FileLogger write
INFO: >>> createPlayerAccount >>> username >>> Varun123

Aug 06, 2020 10:15:59 PM Utilities.FileLogger write
INFO: >>> createPlayerAccount >>> firstname >>> Varun

Aug 06, 2020 10:15:59 PM Utilities.FileLogger write
INFO: >>> createPlayerAccount >>> lastname >>> Patel

Aug 06, 2020 10:15:59 PM Utilities.FileLogger write
INFO: >>> createPlayerAccount >>> password >>> Varun123

Aug 06, 2020 10:15:59 PM Utilities.FileLogger write
INFO: >>> createPlayerAccount >>> age >>> 20

Aug 06, 2020 10:15:59 PM Utilities.FileLogger write
INFO: >>> createPlayerAccount >>> ipadddress >>> 182.34.2.4

Aug 06, 2020 10:15:59 PM Utilities.FileLogger write
INFO: >>> createPlayerAccount >>> User information stored

