Jun 26, 2020 5:44:36 PM Logger.FileLogger write
INFO: >>> createPlayerAccount

Jun 26, 2020 5:44:36 PM Logger.FileLogger write
INFO: >>> createPlayerAccount >>> username >>> Adak123

Jun 26, 2020 5:44:36 PM Logger.FileLogger write
INFO: >>> createPlayerAccount >>> firstname >>> Ada

Jun 26, 2020 5:44:36 PM Logger.FileLogger write
INFO: >>> createPlayerAccount >>> lastname >>> Kim

Jun 26, 2020 5:44:36 PM Logger.FileLogger write
INFO: >>> createPlayerAccount >>> password >>> Adak123

Jun 26, 2020 5:44:36 PM Logger.FileLogger write
INFO: >>> createPlayerAccount >>> age >>> 18

Jun 26, 2020 5:44:36 PM Logger.FileLogger write
INFO: >>> createPlayerAccount >>> ipadddress >>> 93.1.1.1

Jun 26, 2020 5:44:36 PM Logger.FileLogger write
INFO: >>> createPlayerAccount >>> User information stored

Jun 26, 2020 5:58:41 PM Logger.FileLogger write
INFO: >>> createPlayerAccount

Jun 26, 2020 5:58:41 PM Logger.FileLogger write
INFO: >>> createPlayerAccount >>> username >>> Adak123

Jun 26, 2020 5:58:41 PM Logger.FileLogger write
INFO: >>> createPlayerAccount >>> firstname >>> Ada

Jun 26, 2020 5:58:41 PM Logger.FileLogger write
INFO: >>> createPlayerAccount >>> lastname >>> Kim

Jun 26, 2020 5:58:41 PM Logger.FileLogger write
INFO: >>> createPlayerAccount >>> password >>> Adak123

Jun 26, 2020 5:58:41 PM Logger.FileLogger write
INFO: >>> createPlayerAccount >>> age >>> 18

Jun 26, 2020 5:58:41 PM Logger.FileLogger write
INFO: >>> createPlayerAccount >>> ipadddress >>> 93.1.1.1

Jun 26, 2020 5:58:41 PM Logger.FileLogger write
INFO: >>> createPlayerAccount >>> User information stored

Jun 26, 2020 10:54:40 PM Logger.FileLogger write
INFO: >>> createPlayerAccount

Jun 26, 2020 10:54:40 PM Logger.FileLogger write
INFO: >>> createPlayerAccount >>> username >>> Adak123

Jun 26, 2020 10:54:40 PM Logger.FileLogger write
INFO: >>> createPlayerAccount >>> firstname >>> Ada

Jun 26, 2020 10:54:40 PM Logger.FileLogger write
INFO: >>> createPlayerAccount >>> lastname >>> Kim

Jun 26, 2020 10:54:40 PM Logger.FileLogger write
INFO: >>> createPlayerAccount >>> password >>> Adak123

Jun 26, 2020 10:54:40 PM Logger.FileLogger write
INFO: >>> createPlayerAccount >>> age >>> 18

Jun 26, 2020 10:54:40 PM Logger.FileLogger write
INFO: >>> createPlayerAccount >>> ipadddress >>> 93.1.1.1

Jun 26, 2020 10:54:40 PM Logger.FileLogger write
INFO: >>> createPlayerAccount >>> User information stored

Jun 26, 2020 11:06:48 PM Logger.FileLogger write
INFO: >>> createPlayerAccount

Jun 26, 2020 11:06:48 PM Logger.FileLogger write
INFO: >>> createPlayerAccount >>> username >>> Adak123

Jun 26, 2020 11:06:48 PM Logger.FileLogger write
INFO: >>> createPlayerAccount >>> firstname >>> Ada

Jun 26, 2020 11:06:48 PM Logger.FileLogger write
INFO: >>> createPlayerAccount >>> lastname >>> Kim

Jun 26, 2020 11:06:48 PM Logger.FileLogger write
INFO: >>> createPlayerAccount >>> password >>> Adak123

Jun 26, 2020 11:06:48 PM Logger.FileLogger write
INFO: >>> createPlayerAccount >>> age >>> 18

Jun 26, 2020 11:06:48 PM Logger.FileLogger write
INFO: >>> createPlayerAccount >>> ipadddress >>> 93.1.1.1

Jun 26, 2020 11:06:48 PM Logger.FileLogger write
INFO: >>> createPlayerAccount >>> User information stored

