Jul 08, 2020 11:45:01 PM logger.FileLogger write
INFO: >>> createPlayerAccount

Jul 08, 2020 11:45:01 PM logger.FileLogger write
INFO: >>> createPlayerAccount >>> username >>> Varun123

Jul 08, 2020 11:45:01 PM logger.FileLogger write
INFO: >>> createPlayerAccount >>> firstname >>> Varun

Jul 08, 2020 11:45:01 PM logger.FileLogger write
INFO: >>> createPlayerAccount >>> lastname >>> Patel

Jul 08, 2020 11:45:01 PM logger.FileLogger write
INFO: >>> createPlayerAccount >>> password >>> Varun123

Jul 08, 2020 11:45:01 PM logger.FileLogger write
INFO: >>> createPlayerAccount >>> age >>> 20

Jul 08, 2020 11:45:01 PM logger.FileLogger write
INFO: >>> createPlayerAccount >>> ipadddress >>> 182.34.2.4

Jul 08, 2020 11:45:01 PM logger.FileLogger write
INFO: >>> createPlayerAccount >>> User information stored

Jul 10, 2020 6:36:29 PM logger.FileLogger write
INFO: >>> createPlayerAccount

Jul 10, 2020 6:36:29 PM logger.FileLogger write
INFO: >>> createPlayerAccount >>> username >>> Varun123

Jul 10, 2020 6:36:29 PM logger.FileLogger write
INFO: >>> createPlayerAccount >>> firstname >>> Varun

Jul 10, 2020 6:36:29 PM logger.FileLogger write
INFO: >>> createPlayerAccount >>> lastname >>> Patel

Jul 10, 2020 6:36:29 PM logger.FileLogger write
INFO: >>> createPlayerAccount >>> password >>> Varun123

Jul 10, 2020 6:36:29 PM logger.FileLogger write
INFO: >>> createPlayerAccount >>> age >>> 20

Jul 10, 2020 6:36:29 PM logger.FileLogger write
INFO: >>> createPlayerAccount >>> ipadddress >>> 182.34.2.4

Jul 10, 2020 6:36:29 PM logger.FileLogger write
INFO: >>> createPlayerAccount >>> User information stored

Jul 10, 2020 11:28:09 PM logger.FileLogger write
INFO: >>> createPlayerAccount

Jul 10, 2020 11:28:09 PM logger.FileLogger write
INFO: >>> createPlayerAccount >>> username >>> Varun123

Jul 10, 2020 11:28:09 PM logger.FileLogger write
INFO: >>> createPlayerAccount >>> firstname >>> Varun

Jul 10, 2020 11:28:09 PM logger.FileLogger write
INFO: >>> createPlayerAccount >>> lastname >>> Patel

Jul 10, 2020 11:28:09 PM logger.FileLogger write
INFO: >>> createPlayerAccount >>> password >>> Varun123

Jul 10, 2020 11:28:09 PM logger.FileLogger write
INFO: >>> createPlayerAccount >>> age >>> 20

Jul 10, 2020 11:28:09 PM logger.FileLogger write
INFO: >>> createPlayerAccount >>> ipadddress >>> 182.34.2.4

Jul 10, 2020 11:28:09 PM logger.FileLogger write
INFO: >>> createPlayerAccount >>> User information stored

Jul 11, 2020 6:23:12 PM logger.FileLogger write
INFO: >>> createPlayerAccount

Jul 11, 2020 6:23:12 PM logger.FileLogger write
INFO: >>> createPlayerAccount >>> username >>> Varun123

Jul 11, 2020 6:23:12 PM logger.FileLogger write
INFO: >>> createPlayerAccount >>> firstname >>> Varun

Jul 11, 2020 6:23:12 PM logger.FileLogger write
INFO: >>> createPlayerAccount >>> lastname >>> Patel

Jul 11, 2020 6:23:12 PM logger.FileLogger write
INFO: >>> createPlayerAccount >>> password >>> Varun123

Jul 11, 2020 6:23:12 PM logger.FileLogger write
INFO: >>> createPlayerAccount >>> age >>> 20

Jul 11, 2020 6:23:12 PM logger.FileLogger write
INFO: >>> createPlayerAccount >>> ipadddress >>> 182.34.2.4

Jul 11, 2020 6:23:12 PM logger.FileLogger write
INFO: >>> createPlayerAccount >>> User information stored

