Aug 02, 2020 5:17:26 PM Utilities.FileLogger write
INFO: >>> createPlayerAccount

Aug 02, 2020 5:17:26 PM Utilities.FileLogger write
INFO: >>> createPlayerAccount >>> username >>> Philipa123

Aug 02, 2020 5:17:26 PM Utilities.FileLogger write
INFO: >>> createPlayerAccount >>> firstname >>> Philipa

Aug 02, 2020 5:17:26 PM Utilities.FileLogger write
INFO: >>> createPlayerAccount >>> lastname >>> Alphonzo

Aug 02, 2020 5:17:26 PM Utilities.FileLogger write
INFO: >>> createPlayerAccount >>> password >>> Philipa123

Aug 02, 2020 5:17:26 PM Utilities.FileLogger write
INFO: >>> createPlayerAccount >>> age >>> 18

Aug 02, 2020 5:17:26 PM Utilities.FileLogger write
INFO: >>> createPlayerAccount >>> ipadddress >>> 93.5.4.3

Aug 02, 2020 5:17:26 PM Utilities.FileLogger write
INFO: >>> createPlayerAccount >>> User information stored

Aug 03, 2020 2:00:27 PM Utilities.FileLogger write
INFO: >>> createPlayerAccount

Aug 03, 2020 2:00:27 PM Utilities.FileLogger write
INFO: >>> createPlayerAccount >>> username >>> Philipa123

Aug 03, 2020 2:00:27 PM Utilities.FileLogger write
INFO: >>> createPlayerAccount >>> firstname >>> Philipa

Aug 03, 2020 2:00:27 PM Utilities.FileLogger write
INFO: >>> createPlayerAccount >>> lastname >>> Alphonzo

Aug 03, 2020 2:00:27 PM Utilities.FileLogger write
INFO: >>> createPlayerAccount >>> password >>> Philipa123

Aug 03, 2020 2:00:27 PM Utilities.FileLogger write
INFO: >>> createPlayerAccount >>> age >>> 18

Aug 03, 2020 2:00:27 PM Utilities.FileLogger write
INFO: >>> createPlayerAccount >>> ipadddress >>> 93.5.4.3

Aug 03, 2020 2:00:27 PM Utilities.FileLogger write
INFO: >>> createPlayerAccount >>> User information stored

Aug 03, 2020 2:16:26 PM Utilities.FileLogger write
INFO: >>> createPlayerAccount

Aug 03, 2020 2:16:26 PM Utilities.FileLogger write
INFO: >>> createPlayerAccount >>> username >>> Philipa123

Aug 03, 2020 2:16:26 PM Utilities.FileLogger write
INFO: >>> createPlayerAccount >>> firstname >>> Philipa

Aug 03, 2020 2:16:26 PM Utilities.FileLogger write
INFO: >>> createPlayerAccount >>> lastname >>> Alphonzo

Aug 03, 2020 2:16:26 PM Utilities.FileLogger write
INFO: >>> createPlayerAccount >>> password >>> Philipa123

Aug 03, 2020 2:16:26 PM Utilities.FileLogger write
INFO: >>> createPlayerAccount >>> age >>> 18

Aug 03, 2020 2:16:26 PM Utilities.FileLogger write
INFO: >>> createPlayerAccount >>> ipadddress >>> 93.5.4.3

Aug 03, 2020 2:16:26 PM Utilities.FileLogger write
INFO: >>> createPlayerAccount >>> User information stored

Aug 03, 2020 2:19:55 PM Utilities.FileLogger write
INFO: >>> createPlayerAccount

Aug 03, 2020 2:19:55 PM Utilities.FileLogger write
INFO: >>> createPlayerAccount >>> username >>> Philipa123

Aug 03, 2020 2:19:55 PM Utilities.FileLogger write
INFO: >>> createPlayerAccount >>> firstname >>> Philipa

Aug 03, 2020 2:19:55 PM Utilities.FileLogger write
INFO: >>> createPlayerAccount >>> lastname >>> Alphonzo

Aug 03, 2020 2:19:55 PM Utilities.FileLogger write
INFO: >>> createPlayerAccount >>> password >>> Philipa123

Aug 03, 2020 2:19:55 PM Utilities.FileLogger write
INFO: >>> createPlayerAccount >>> age >>> 18

Aug 03, 2020 2:19:55 PM Utilities.FileLogger write
INFO: >>> createPlayerAccount >>> ipadddress >>> 93.5.4.3

Aug 03, 2020 2:19:55 PM Utilities.FileLogger write
INFO: >>> createPlayerAccount >>> User information stored

Aug 03, 2020 2:25:47 PM Utilities.FileLogger write
INFO: >>> createPlayerAccount

Aug 03, 2020 2:25:47 PM Utilities.FileLogger write
INFO: >>> createPlayerAccount >>> username >>> Philipa123

Aug 03, 2020 2:25:47 PM Utilities.FileLogger write
INFO: >>> createPlayerAccount >>> firstname >>> Philipa

Aug 03, 2020 2:25:47 PM Utilities.FileLogger write
INFO: >>> createPlayerAccount >>> lastname >>> Alphonzo

Aug 03, 2020 2:25:47 PM Utilities.FileLogger write
INFO: >>> createPlayerAccount >>> password >>> Philipa123

Aug 03, 2020 2:25:47 PM Utilities.FileLogger write
INFO: >>> createPlayerAccount >>> age >>> 18

Aug 03, 2020 2:25:47 PM Utilities.FileLogger write
INFO: >>> createPlayerAccount >>> ipadddress >>> 93.5.4.3

Aug 03, 2020 2:25:47 PM Utilities.FileLogger write
INFO: >>> createPlayerAccount >>> User information stored

Aug 03, 2020 2:32:27 PM Utilities.FileLogger write
INFO: >>> createPlayerAccount

Aug 03, 2020 2:32:27 PM Utilities.FileLogger write
INFO: >>> createPlayerAccount >>> username >>> Philipa123

Aug 03, 2020 2:32:27 PM Utilities.FileLogger write
INFO: >>> createPlayerAccount >>> firstname >>> Philipa

Aug 03, 2020 2:32:27 PM Utilities.FileLogger write
INFO: >>> createPlayerAccount >>> lastname >>> Alphonzo

Aug 03, 2020 2:32:27 PM Utilities.FileLogger write
INFO: >>> createPlayerAccount >>> password >>> Philipa123

Aug 03, 2020 2:32:27 PM Utilities.FileLogger write
INFO: >>> createPlayerAccount >>> age >>> 18

Aug 03, 2020 2:32:27 PM Utilities.FileLogger write
INFO: >>> createPlayerAccount >>> ipadddress >>> 93.5.4.3

Aug 03, 2020 2:32:27 PM Utilities.FileLogger write
INFO: >>> createPlayerAccount >>> User information stored

Aug 03, 2020 3:09:52 PM Utilities.FileLogger write
INFO: >>> createPlayerAccount

Aug 03, 2020 3:09:52 PM Utilities.FileLogger write
INFO: >>> createPlayerAccount >>> username >>> Philipa123

Aug 03, 2020 3:09:52 PM Utilities.FileLogger write
INFO: >>> createPlayerAccount >>> firstname >>> Philipa

Aug 03, 2020 3:09:52 PM Utilities.FileLogger write
INFO: >>> createPlayerAccount >>> lastname >>> Alphonzo

Aug 03, 2020 3:09:52 PM Utilities.FileLogger write
INFO: >>> createPlayerAccount >>> password >>> Philipa123

Aug 03, 2020 3:09:52 PM Utilities.FileLogger write
INFO: >>> createPlayerAccount >>> age >>> 18

Aug 03, 2020 3:09:52 PM Utilities.FileLogger write
INFO: >>> createPlayerAccount >>> ipadddress >>> 93.5.4.3

Aug 03, 2020 3:09:52 PM Utilities.FileLogger write
INFO: >>> createPlayerAccount >>> User information stored

Aug 03, 2020 3:11:07 PM Utilities.FileLogger write
INFO: >>> createPlayerAccount

Aug 03, 2020 3:11:07 PM Utilities.FileLogger write
INFO: >>> createPlayerAccount >>> username >>> Philipa123

Aug 03, 2020 3:11:07 PM Utilities.FileLogger write
INFO: >>> createPlayerAccount >>> firstname >>> Philipa

Aug 03, 2020 3:11:07 PM Utilities.FileLogger write
INFO: >>> createPlayerAccount >>> lastname >>> Alphonzo

Aug 03, 2020 3:11:07 PM Utilities.FileLogger write
INFO: >>> createPlayerAccount >>> password >>> Philipa123

Aug 03, 2020 3:11:07 PM Utilities.FileLogger write
INFO: >>> createPlayerAccount >>> age >>> 18

Aug 03, 2020 3:11:07 PM Utilities.FileLogger write
INFO: >>> createPlayerAccount >>> ipadddress >>> 93.5.4.3

Aug 03, 2020 3:11:07 PM Utilities.FileLogger write
INFO: >>> createPlayerAccount >>> User information stored

Aug 03, 2020 3:12:22 PM Utilities.FileLogger write
INFO: >>> createPlayerAccount

Aug 03, 2020 3:12:22 PM Utilities.FileLogger write
INFO: >>> createPlayerAccount >>> username >>> Philipa123

Aug 03, 2020 3:12:22 PM Utilities.FileLogger write
INFO: >>> createPlayerAccount >>> firstname >>> Philipa

Aug 03, 2020 3:12:22 PM Utilities.FileLogger write
INFO: >>> createPlayerAccount >>> lastname >>> Alphonzo

Aug 03, 2020 3:12:22 PM Utilities.FileLogger write
INFO: >>> createPlayerAccount >>> password >>> Philipa123

Aug 03, 2020 3:12:22 PM Utilities.FileLogger write
INFO: >>> createPlayerAccount >>> age >>> 18

Aug 03, 2020 3:12:22 PM Utilities.FileLogger write
INFO: >>> createPlayerAccount >>> ipadddress >>> 93.5.4.3

Aug 03, 2020 3:12:22 PM Utilities.FileLogger write
INFO: >>> createPlayerAccount >>> User information stored

Aug 03, 2020 3:16:19 PM Utilities.FileLogger write
INFO: >>> createPlayerAccount

Aug 03, 2020 3:16:19 PM Utilities.FileLogger write
INFO: >>> createPlayerAccount >>> username >>> Philipa123

Aug 03, 2020 3:16:19 PM Utilities.FileLogger write
INFO: >>> createPlayerAccount >>> firstname >>> Philipa

Aug 03, 2020 3:16:19 PM Utilities.FileLogger write
INFO: >>> createPlayerAccount >>> lastname >>> Alphonzo

Aug 03, 2020 3:16:19 PM Utilities.FileLogger write
INFO: >>> createPlayerAccount >>> password >>> Philipa123

Aug 03, 2020 3:16:19 PM Utilities.FileLogger write
INFO: >>> createPlayerAccount >>> age >>> 18

Aug 03, 2020 3:16:19 PM Utilities.FileLogger write
INFO: >>> createPlayerAccount >>> ipadddress >>> 93.5.4.3

Aug 03, 2020 3:16:19 PM Utilities.FileLogger write
INFO: >>> createPlayerAccount >>> User information stored

Aug 05, 2020 3:59:47 PM Utilities.FileLogger write
INFO: >>> createPlayerAccount

Aug 05, 2020 3:59:47 PM Utilities.FileLogger write
INFO: >>> createPlayerAccount >>> username >>> Philipa123

Aug 05, 2020 3:59:47 PM Utilities.FileLogger write
INFO: >>> createPlayerAccount >>> firstname >>> Philipa

Aug 05, 2020 3:59:47 PM Utilities.FileLogger write
INFO: >>> createPlayerAccount >>> lastname >>> Alphonzo

Aug 05, 2020 3:59:47 PM Utilities.FileLogger write
INFO: >>> createPlayerAccount >>> password >>> Philipa123

Aug 05, 2020 3:59:47 PM Utilities.FileLogger write
INFO: >>> createPlayerAccount >>> age >>> 18

Aug 05, 2020 3:59:47 PM Utilities.FileLogger write
INFO: >>> createPlayerAccount >>> ipadddress >>> 93.5.4.3

Aug 05, 2020 3:59:47 PM Utilities.FileLogger write
INFO: >>> createPlayerAccount >>> User information stored

Aug 05, 2020 8:04:55 PM Utilities.FileLogger write
INFO: >>> createPlayerAccount

Aug 05, 2020 8:04:55 PM Utilities.FileLogger write
INFO: >>> createPlayerAccount >>> username >>> Philipa123

Aug 05, 2020 8:04:55 PM Utilities.FileLogger write
INFO: >>> createPlayerAccount >>> firstname >>> Philipa

Aug 05, 2020 8:04:55 PM Utilities.FileLogger write
INFO: >>> createPlayerAccount >>> lastname >>> Alphonzo

Aug 05, 2020 8:04:55 PM Utilities.FileLogger write
INFO: >>> createPlayerAccount >>> password >>> Philipa123

Aug 05, 2020 8:04:55 PM Utilities.FileLogger write
INFO: >>> createPlayerAccount >>> age >>> 18

Aug 05, 2020 8:04:55 PM Utilities.FileLogger write
INFO: >>> createPlayerAccount >>> ipadddress >>> 93.5.4.3

Aug 05, 2020 8:04:55 PM Utilities.FileLogger write
INFO: >>> createPlayerAccount >>> User information stored

Aug 05, 2020 8:05:30 PM Utilities.FileLogger write
INFO: >>> createPlayerAccount

Aug 05, 2020 8:05:30 PM Utilities.FileLogger write
INFO: >>> createPlayerAccount >>> username >>> Philipa123

Aug 05, 2020 8:05:30 PM Utilities.FileLogger write
INFO: >>> createPlayerAccount >>> firstname >>> Philipa

Aug 05, 2020 8:05:30 PM Utilities.FileLogger write
INFO: >>> createPlayerAccount >>> lastname >>> Alphonzo

Aug 05, 2020 8:05:30 PM Utilities.FileLogger write
INFO: >>> createPlayerAccount >>> password >>> Philipa123

Aug 05, 2020 8:05:30 PM Utilities.FileLogger write
INFO: >>> createPlayerAccount >>> age >>> 18

Aug 05, 2020 8:05:30 PM Utilities.FileLogger write
INFO: >>> createPlayerAccount >>> ipadddress >>> 93.5.4.3

Aug 05, 2020 8:05:30 PM Utilities.FileLogger write
INFO: >>> createPlayerAccount >>> User information stored

Aug 05, 2020 8:28:42 PM Utilities.FileLogger write
INFO: >>> createPlayerAccount

Aug 05, 2020 8:28:42 PM Utilities.FileLogger write
INFO: >>> createPlayerAccount >>> username >>> Philipa123

Aug 05, 2020 8:28:42 PM Utilities.FileLogger write
INFO: >>> createPlayerAccount >>> firstname >>> Philipa

Aug 05, 2020 8:28:42 PM Utilities.FileLogger write
INFO: >>> createPlayerAccount >>> lastname >>> Alphonzo

Aug 05, 2020 8:28:42 PM Utilities.FileLogger write
INFO: >>> createPlayerAccount >>> password >>> Philipa123

Aug 05, 2020 8:28:42 PM Utilities.FileLogger write
INFO: >>> createPlayerAccount >>> age >>> 18

Aug 05, 2020 8:28:42 PM Utilities.FileLogger write
INFO: >>> createPlayerAccount >>> ipadddress >>> 93.5.4.3

Aug 05, 2020 8:28:42 PM Utilities.FileLogger write
INFO: >>> createPlayerAccount >>> User information stored

Aug 05, 2020 8:29:06 PM Utilities.FileLogger write
INFO: >>> createPlayerAccount

Aug 05, 2020 8:29:06 PM Utilities.FileLogger write
INFO: >>> createPlayerAccount >>> username >>> Philipa123

Aug 05, 2020 8:29:06 PM Utilities.FileLogger write
INFO: >>> createPlayerAccount >>> firstname >>> Philipa

Aug 05, 2020 8:29:06 PM Utilities.FileLogger write
INFO: >>> createPlayerAccount >>> lastname >>> Alphonzo

Aug 05, 2020 8:29:06 PM Utilities.FileLogger write
INFO: >>> createPlayerAccount >>> password >>> Philipa123

Aug 05, 2020 8:29:06 PM Utilities.FileLogger write
INFO: >>> createPlayerAccount >>> age >>> 18

Aug 05, 2020 8:29:06 PM Utilities.FileLogger write
INFO: >>> createPlayerAccount >>> ipadddress >>> 93.5.4.3

Aug 05, 2020 8:29:06 PM Utilities.FileLogger write
INFO: >>> createPlayerAccount >>> User information stored

Aug 06, 2020 12:47:28 AM Utilities.FileLogger write
INFO: >>> createPlayerAccount

Aug 06, 2020 12:47:28 AM Utilities.FileLogger write
INFO: >>> createPlayerAccount >>> username >>> Philipa123

Aug 06, 2020 12:47:28 AM Utilities.FileLogger write
INFO: >>> createPlayerAccount >>> firstname >>> Philipa

Aug 06, 2020 12:47:28 AM Utilities.FileLogger write
INFO: >>> createPlayerAccount >>> lastname >>> Alphonzo

Aug 06, 2020 12:47:28 AM Utilities.FileLogger write
INFO: >>> createPlayerAccount >>> password >>> Philipa123

Aug 06, 2020 12:47:28 AM Utilities.FileLogger write
INFO: >>> createPlayerAccount >>> age >>> 18

Aug 06, 2020 12:47:28 AM Utilities.FileLogger write
INFO: >>> createPlayerAccount >>> ipadddress >>> 93.5.4.3

Aug 06, 2020 12:47:28 AM Utilities.FileLogger write
INFO: >>> createPlayerAccount >>> User information stored

Aug 06, 2020 3:11:33 PM Utilities.FileLogger write
INFO: >>> createPlayerAccount

Aug 06, 2020 3:11:33 PM Utilities.FileLogger write
INFO: >>> createPlayerAccount >>> username >>> Philipa123

Aug 06, 2020 3:11:33 PM Utilities.FileLogger write
INFO: >>> createPlayerAccount >>> firstname >>> Philipa

Aug 06, 2020 3:11:33 PM Utilities.FileLogger write
INFO: >>> createPlayerAccount >>> lastname >>> Alphonzo

Aug 06, 2020 3:11:33 PM Utilities.FileLogger write
INFO: >>> createPlayerAccount >>> password >>> Philipa123

Aug 06, 2020 3:11:33 PM Utilities.FileLogger write
INFO: >>> createPlayerAccount >>> age >>> 18

Aug 06, 2020 3:11:33 PM Utilities.FileLogger write
INFO: >>> createPlayerAccount >>> ipadddress >>> 93.5.4.3

Aug 06, 2020 3:11:33 PM Utilities.FileLogger write
INFO: >>> createPlayerAccount >>> User information stored

Aug 06, 2020 3:14:28 PM Utilities.FileLogger write
INFO: >>> createPlayerAccount

Aug 06, 2020 3:14:28 PM Utilities.FileLogger write
INFO: >>> createPlayerAccount >>> username >>> Philipa123

Aug 06, 2020 3:14:28 PM Utilities.FileLogger write
INFO: >>> createPlayerAccount >>> firstname >>> Philipa

Aug 06, 2020 3:14:28 PM Utilities.FileLogger write
INFO: >>> createPlayerAccount >>> lastname >>> Alphonzo

Aug 06, 2020 3:14:28 PM Utilities.FileLogger write
INFO: >>> createPlayerAccount >>> password >>> Philipa123

Aug 06, 2020 3:14:28 PM Utilities.FileLogger write
INFO: >>> createPlayerAccount >>> age >>> 18

Aug 06, 2020 3:14:28 PM Utilities.FileLogger write
INFO: >>> createPlayerAccount >>> ipadddress >>> 93.5.4.3

Aug 06, 2020 3:14:28 PM Utilities.FileLogger write
INFO: >>> createPlayerAccount >>> User information stored

Aug 06, 2020 3:17:56 PM Utilities.FileLogger write
INFO: >>> createPlayerAccount

Aug 06, 2020 3:17:56 PM Utilities.FileLogger write
INFO: >>> createPlayerAccount >>> username >>> Philipa123

Aug 06, 2020 3:17:56 PM Utilities.FileLogger write
INFO: >>> createPlayerAccount >>> firstname >>> Philipa

Aug 06, 2020 3:17:56 PM Utilities.FileLogger write
INFO: >>> createPlayerAccount >>> lastname >>> Alphonzo

Aug 06, 2020 3:17:56 PM Utilities.FileLogger write
INFO: >>> createPlayerAccount >>> password >>> Philipa123

Aug 06, 2020 3:17:56 PM Utilities.FileLogger write
INFO: >>> createPlayerAccount >>> age >>> 18

Aug 06, 2020 3:17:56 PM Utilities.FileLogger write
INFO: >>> createPlayerAccount >>> ipadddress >>> 93.5.4.3

Aug 06, 2020 3:17:56 PM Utilities.FileLogger write
INFO: >>> createPlayerAccount >>> User information stored

Aug 06, 2020 3:21:09 PM Utilities.FileLogger write
INFO: >>> createPlayerAccount

Aug 06, 2020 3:21:09 PM Utilities.FileLogger write
INFO: >>> createPlayerAccount >>> username >>> Philipa123

Aug 06, 2020 3:21:09 PM Utilities.FileLogger write
INFO: >>> createPlayerAccount >>> firstname >>> Philipa

Aug 06, 2020 3:21:09 PM Utilities.FileLogger write
INFO: >>> createPlayerAccount >>> lastname >>> Alphonzo

Aug 06, 2020 3:21:09 PM Utilities.FileLogger write
INFO: >>> createPlayerAccount >>> password >>> Philipa123

Aug 06, 2020 3:21:09 PM Utilities.FileLogger write
INFO: >>> createPlayerAccount >>> age >>> 18

Aug 06, 2020 3:21:09 PM Utilities.FileLogger write
INFO: >>> createPlayerAccount >>> ipadddress >>> 93.5.4.3

Aug 06, 2020 3:21:09 PM Utilities.FileLogger write
INFO: >>> createPlayerAccount >>> User information stored

Aug 06, 2020 3:37:26 PM Utilities.FileLogger write
INFO: >>> createPlayerAccount

Aug 06, 2020 3:37:26 PM Utilities.FileLogger write
INFO: >>> createPlayerAccount >>> username >>> Philipa123

Aug 06, 2020 3:37:26 PM Utilities.FileLogger write
INFO: >>> createPlayerAccount >>> firstname >>> Philipa

Aug 06, 2020 3:37:26 PM Utilities.FileLogger write
INFO: >>> createPlayerAccount >>> lastname >>> Alphonzo

Aug 06, 2020 3:37:26 PM Utilities.FileLogger write
INFO: >>> createPlayerAccount >>> password >>> Philipa123

Aug 06, 2020 3:37:26 PM Utilities.FileLogger write
INFO: >>> createPlayerAccount >>> age >>> 18

Aug 06, 2020 3:37:26 PM Utilities.FileLogger write
INFO: >>> createPlayerAccount >>> ipadddress >>> 93.5.4.3

Aug 06, 2020 3:37:26 PM Utilities.FileLogger write
INFO: >>> createPlayerAccount >>> User information stored

Aug 06, 2020 3:38:03 PM Utilities.FileLogger write
INFO: >>> createPlayerAccount

Aug 06, 2020 3:38:03 PM Utilities.FileLogger write
INFO: >>> createPlayerAccount >>> username >>> Philipa123

Aug 06, 2020 3:38:03 PM Utilities.FileLogger write
INFO: >>> createPlayerAccount >>> firstname >>> Philipa

Aug 06, 2020 3:38:03 PM Utilities.FileLogger write
INFO: >>> createPlayerAccount >>> lastname >>> Alphonzo

Aug 06, 2020 3:38:03 PM Utilities.FileLogger write
INFO: >>> createPlayerAccount >>> password >>> Philipa123

Aug 06, 2020 3:38:03 PM Utilities.FileLogger write
INFO: >>> createPlayerAccount >>> age >>> 18

Aug 06, 2020 3:38:03 PM Utilities.FileLogger write
INFO: >>> createPlayerAccount >>> ipadddress >>> 93.5.4.3

Aug 06, 2020 3:38:03 PM Utilities.FileLogger write
INFO: >>> createPlayerAccount >>> User information stored

Aug 06, 2020 3:38:46 PM Utilities.FileLogger write
INFO: >>> createPlayerAccount

Aug 06, 2020 3:38:47 PM Utilities.FileLogger write
INFO: >>> createPlayerAccount >>> username >>> Philipa123

Aug 06, 2020 3:38:47 PM Utilities.FileLogger write
INFO: >>> createPlayerAccount >>> firstname >>> Philipa

Aug 06, 2020 3:38:47 PM Utilities.FileLogger write
INFO: >>> createPlayerAccount >>> lastname >>> Alphonzo

Aug 06, 2020 3:38:47 PM Utilities.FileLogger write
INFO: >>> createPlayerAccount >>> password >>> Philipa123

Aug 06, 2020 3:38:47 PM Utilities.FileLogger write
INFO: >>> createPlayerAccount >>> age >>> 18

Aug 06, 2020 3:38:47 PM Utilities.FileLogger write
INFO: >>> createPlayerAccount >>> ipadddress >>> 93.5.4.3

Aug 06, 2020 3:38:47 PM Utilities.FileLogger write
INFO: >>> createPlayerAccount >>> User information stored

Aug 06, 2020 3:46:56 PM Utilities.FileLogger write
INFO: >>> createPlayerAccount

Aug 06, 2020 3:46:56 PM Utilities.FileLogger write
INFO: >>> createPlayerAccount >>> username >>> Philipa123

Aug 06, 2020 3:46:56 PM Utilities.FileLogger write
INFO: >>> createPlayerAccount >>> firstname >>> Philipa

Aug 06, 2020 3:46:56 PM Utilities.FileLogger write
INFO: >>> createPlayerAccount >>> lastname >>> Alphonzo

Aug 06, 2020 3:46:56 PM Utilities.FileLogger write
INFO: >>> createPlayerAccount >>> password >>> Philipa123

Aug 06, 2020 3:46:56 PM Utilities.FileLogger write
INFO: >>> createPlayerAccount >>> age >>> 18

Aug 06, 2020 3:46:56 PM Utilities.FileLogger write
INFO: >>> createPlayerAccount >>> ipadddress >>> 93.5.4.3

Aug 06, 2020 3:46:56 PM Utilities.FileLogger write
INFO: >>> createPlayerAccount >>> User information stored

Aug 06, 2020 3:48:16 PM Utilities.FileLogger write
INFO: >>> createPlayerAccount

Aug 06, 2020 3:48:16 PM Utilities.FileLogger write
INFO: >>> createPlayerAccount >>> username >>> Philipa123

Aug 06, 2020 3:48:16 PM Utilities.FileLogger write
INFO: >>> createPlayerAccount >>> firstname >>> Philipa

Aug 06, 2020 3:48:16 PM Utilities.FileLogger write
INFO: >>> createPlayerAccount >>> lastname >>> Alphonzo

Aug 06, 2020 3:48:16 PM Utilities.FileLogger write
INFO: >>> createPlayerAccount >>> password >>> Philipa123

Aug 06, 2020 3:48:16 PM Utilities.FileLogger write
INFO: >>> createPlayerAccount >>> age >>> 18

Aug 06, 2020 3:48:16 PM Utilities.FileLogger write
INFO: >>> createPlayerAccount >>> ipadddress >>> 93.5.4.3

Aug 06, 2020 3:48:16 PM Utilities.FileLogger write
INFO: >>> createPlayerAccount >>> User information stored

Aug 06, 2020 3:49:59 PM Utilities.FileLogger write
INFO: >>> createPlayerAccount

Aug 06, 2020 3:49:59 PM Utilities.FileLogger write
INFO: >>> createPlayerAccount >>> username >>> Philipa123

Aug 06, 2020 3:49:59 PM Utilities.FileLogger write
INFO: >>> createPlayerAccount >>> firstname >>> Philipa

Aug 06, 2020 3:49:59 PM Utilities.FileLogger write
INFO: >>> createPlayerAccount >>> lastname >>> Alphonzo

Aug 06, 2020 3:49:59 PM Utilities.FileLogger write
INFO: >>> createPlayerAccount >>> password >>> Philipa123

Aug 06, 2020 3:49:59 PM Utilities.FileLogger write
INFO: >>> createPlayerAccount >>> age >>> 18

Aug 06, 2020 3:49:59 PM Utilities.FileLogger write
INFO: >>> createPlayerAccount >>> ipadddress >>> 93.5.4.3

Aug 06, 2020 3:49:59 PM Utilities.FileLogger write
INFO: >>> createPlayerAccount >>> User information stored

Aug 06, 2020 3:52:08 PM Utilities.FileLogger write
INFO: >>> createPlayerAccount

Aug 06, 2020 3:52:08 PM Utilities.FileLogger write
INFO: >>> createPlayerAccount >>> username >>> Philipa123

Aug 06, 2020 3:52:08 PM Utilities.FileLogger write
INFO: >>> createPlayerAccount >>> firstname >>> Philipa

Aug 06, 2020 3:52:08 PM Utilities.FileLogger write
INFO: >>> createPlayerAccount >>> lastname >>> Alphonzo

Aug 06, 2020 3:52:08 PM Utilities.FileLogger write
INFO: >>> createPlayerAccount >>> password >>> Philipa123

Aug 06, 2020 3:52:08 PM Utilities.FileLogger write
INFO: >>> createPlayerAccount >>> age >>> 18

Aug 06, 2020 3:52:08 PM Utilities.FileLogger write
INFO: >>> createPlayerAccount >>> ipadddress >>> 93.5.4.3

Aug 06, 2020 3:52:08 PM Utilities.FileLogger write
INFO: >>> createPlayerAccount >>> User information stored

Aug 06, 2020 4:00:07 PM Utilities.FileLogger write
INFO: >>> createPlayerAccount

Aug 06, 2020 4:00:07 PM Utilities.FileLogger write
INFO: >>> createPlayerAccount >>> username >>> Philipa123

Aug 06, 2020 4:00:07 PM Utilities.FileLogger write
INFO: >>> createPlayerAccount >>> firstname >>> Philipa

Aug 06, 2020 4:00:07 PM Utilities.FileLogger write
INFO: >>> createPlayerAccount >>> lastname >>> Alphonzo

Aug 06, 2020 4:00:07 PM Utilities.FileLogger write
INFO: >>> createPlayerAccount >>> password >>> Philipa123

Aug 06, 2020 4:00:07 PM Utilities.FileLogger write
INFO: >>> createPlayerAccount >>> age >>> 18

Aug 06, 2020 4:00:07 PM Utilities.FileLogger write
INFO: >>> createPlayerAccount >>> ipadddress >>> 93.5.4.3

Aug 06, 2020 4:00:07 PM Utilities.FileLogger write
INFO: >>> createPlayerAccount >>> User information stored

Aug 06, 2020 4:00:44 PM Utilities.FileLogger write
INFO: >>> createPlayerAccount

Aug 06, 2020 4:00:44 PM Utilities.FileLogger write
INFO: >>> createPlayerAccount >>> username >>> Philipa123

Aug 06, 2020 4:00:44 PM Utilities.FileLogger write
INFO: >>> createPlayerAccount >>> firstname >>> Philipa

Aug 06, 2020 4:00:44 PM Utilities.FileLogger write
INFO: >>> createPlayerAccount >>> lastname >>> Alphonzo

Aug 06, 2020 4:00:44 PM Utilities.FileLogger write
INFO: >>> createPlayerAccount >>> password >>> Philipa123

Aug 06, 2020 4:00:44 PM Utilities.FileLogger write
INFO: >>> createPlayerAccount >>> age >>> 18

Aug 06, 2020 4:00:44 PM Utilities.FileLogger write
INFO: >>> createPlayerAccount >>> ipadddress >>> 93.5.4.3

Aug 06, 2020 4:00:44 PM Utilities.FileLogger write
INFO: >>> createPlayerAccount >>> User information stored

Aug 06, 2020 4:02:50 PM Utilities.FileLogger write
INFO: >>> createPlayerAccount

Aug 06, 2020 4:02:50 PM Utilities.FileLogger write
INFO: >>> createPlayerAccount >>> username >>> Philipa123

Aug 06, 2020 4:02:50 PM Utilities.FileLogger write
INFO: >>> createPlayerAccount >>> firstname >>> Philipa

Aug 06, 2020 4:02:50 PM Utilities.FileLogger write
INFO: >>> createPlayerAccount >>> lastname >>> Alphonzo

Aug 06, 2020 4:02:50 PM Utilities.FileLogger write
INFO: >>> createPlayerAccount >>> password >>> Philipa123

Aug 06, 2020 4:02:50 PM Utilities.FileLogger write
INFO: >>> createPlayerAccount >>> age >>> 18

Aug 06, 2020 4:02:50 PM Utilities.FileLogger write
INFO: >>> createPlayerAccount >>> ipadddress >>> 93.5.4.3

Aug 06, 2020 4:02:50 PM Utilities.FileLogger write
INFO: >>> createPlayerAccount >>> User information stored

Aug 06, 2020 4:06:23 PM Utilities.FileLogger write
INFO: >>> createPlayerAccount

Aug 06, 2020 4:06:23 PM Utilities.FileLogger write
INFO: >>> createPlayerAccount >>> username >>> Philipa123

Aug 06, 2020 4:06:23 PM Utilities.FileLogger write
INFO: >>> createPlayerAccount >>> firstname >>> Philipa

Aug 06, 2020 4:06:23 PM Utilities.FileLogger write
INFO: >>> createPlayerAccount >>> lastname >>> Alphonzo

Aug 06, 2020 4:06:23 PM Utilities.FileLogger write
INFO: >>> createPlayerAccount >>> password >>> Philipa123

Aug 06, 2020 4:06:23 PM Utilities.FileLogger write
INFO: >>> createPlayerAccount >>> age >>> 18

Aug 06, 2020 4:06:23 PM Utilities.FileLogger write
INFO: >>> createPlayerAccount >>> ipadddress >>> 93.5.4.3

Aug 06, 2020 4:06:23 PM Utilities.FileLogger write
INFO: >>> createPlayerAccount >>> User information stored

Aug 06, 2020 4:09:26 PM Utilities.FileLogger write
INFO: >>> createPlayerAccount

Aug 06, 2020 4:09:26 PM Utilities.FileLogger write
INFO: >>> createPlayerAccount >>> username >>> Philipa123

Aug 06, 2020 4:09:26 PM Utilities.FileLogger write
INFO: >>> createPlayerAccount >>> firstname >>> Philipa

Aug 06, 2020 4:09:26 PM Utilities.FileLogger write
INFO: >>> createPlayerAccount >>> lastname >>> Alphonzo

Aug 06, 2020 4:09:26 PM Utilities.FileLogger write
INFO: >>> createPlayerAccount >>> password >>> Philipa123

Aug 06, 2020 4:09:26 PM Utilities.FileLogger write
INFO: >>> createPlayerAccount >>> age >>> 18

Aug 06, 2020 4:09:26 PM Utilities.FileLogger write
INFO: >>> createPlayerAccount >>> ipadddress >>> 93.5.4.3

Aug 06, 2020 4:09:26 PM Utilities.FileLogger write
INFO: >>> createPlayerAccount >>> User information stored

Aug 06, 2020 4:32:01 PM Utilities.FileLogger write
INFO: >>> createPlayerAccount

Aug 06, 2020 4:32:01 PM Utilities.FileLogger write
INFO: >>> createPlayerAccount >>> username >>> Philipa123

Aug 06, 2020 4:32:01 PM Utilities.FileLogger write
INFO: >>> createPlayerAccount >>> firstname >>> Philipa

Aug 06, 2020 4:32:01 PM Utilities.FileLogger write
INFO: >>> createPlayerAccount >>> lastname >>> Alphonzo

Aug 06, 2020 4:32:01 PM Utilities.FileLogger write
INFO: >>> createPlayerAccount >>> password >>> Philipa123

Aug 06, 2020 4:32:01 PM Utilities.FileLogger write
INFO: >>> createPlayerAccount >>> age >>> 18

Aug 06, 2020 4:32:01 PM Utilities.FileLogger write
INFO: >>> createPlayerAccount >>> ipadddress >>> 93.5.4.3

Aug 06, 2020 4:32:01 PM Utilities.FileLogger write
INFO: >>> createPlayerAccount >>> User information stored

Aug 06, 2020 4:33:24 PM Utilities.FileLogger write
INFO: >>> createPlayerAccount

Aug 06, 2020 4:33:24 PM Utilities.FileLogger write
INFO: >>> createPlayerAccount >>> username >>> Philipa123

Aug 06, 2020 4:33:24 PM Utilities.FileLogger write
INFO: >>> createPlayerAccount >>> firstname >>> Philipa

Aug 06, 2020 4:33:24 PM Utilities.FileLogger write
INFO: >>> createPlayerAccount >>> lastname >>> Alphonzo

Aug 06, 2020 4:33:24 PM Utilities.FileLogger write
INFO: >>> createPlayerAccount >>> password >>> Philipa123

Aug 06, 2020 4:33:24 PM Utilities.FileLogger write
INFO: >>> createPlayerAccount >>> age >>> 18

Aug 06, 2020 4:33:24 PM Utilities.FileLogger write
INFO: >>> createPlayerAccount >>> ipadddress >>> 93.5.4.3

Aug 06, 2020 4:33:24 PM Utilities.FileLogger write
INFO: >>> createPlayerAccount >>> User information stored

Aug 06, 2020 4:33:28 PM Utilities.FileLogger write
INFO: >>> createPlayerAccount

Aug 06, 2020 4:33:28 PM Utilities.FileLogger write
INFO: >>> createPlayerAccount >>> username >>> Philipa123

Aug 06, 2020 4:33:28 PM Utilities.FileLogger write
INFO: >>> createPlayerAccount >>> firstname >>> Philipa

Aug 06, 2020 4:33:28 PM Utilities.FileLogger write
INFO: >>> createPlayerAccount >>> lastname >>> Alphonzo

Aug 06, 2020 4:33:28 PM Utilities.FileLogger write
INFO: >>> createPlayerAccount >>> password >>> Philipa123

Aug 06, 2020 4:33:28 PM Utilities.FileLogger write
INFO: >>> createPlayerAccount >>> age >>> 18

Aug 06, 2020 4:33:28 PM Utilities.FileLogger write
INFO: >>> createPlayerAccount >>> ipadddress >>> 93.5.4.3

Aug 06, 2020 4:33:28 PM Utilities.FileLogger write
INFO: >>> createPlayerAccount >>> User information stored

Aug 06, 2020 4:55:21 PM Utilities.FileLogger write
INFO: >>> createPlayerAccount

Aug 06, 2020 4:55:21 PM Utilities.FileLogger write
INFO: >>> createPlayerAccount >>> username >>> Philipa123

Aug 06, 2020 4:55:21 PM Utilities.FileLogger write
INFO: >>> createPlayerAccount >>> firstname >>> Philipa

Aug 06, 2020 4:55:21 PM Utilities.FileLogger write
INFO: >>> createPlayerAccount >>> lastname >>> Alphonzo

Aug 06, 2020 4:55:21 PM Utilities.FileLogger write
INFO: >>> createPlayerAccount >>> password >>> Philipa123

Aug 06, 2020 4:55:21 PM Utilities.FileLogger write
INFO: >>> createPlayerAccount >>> age >>> 18

Aug 06, 2020 4:55:21 PM Utilities.FileLogger write
INFO: >>> createPlayerAccount >>> ipadddress >>> 93.5.4.3

Aug 06, 2020 4:55:21 PM Utilities.FileLogger write
INFO: >>> createPlayerAccount >>> User information stored

Aug 06, 2020 10:15:59 PM Utilities.FileLogger write
INFO: >>> createPlayerAccount

Aug 06, 2020 10:15:59 PM Utilities.FileLogger write
INFO: >>> createPlayerAccount >>> username >>> Philipa123

Aug 06, 2020 10:15:59 PM Utilities.FileLogger write
INFO: >>> createPlayerAccount >>> firstname >>> Philipa

Aug 06, 2020 10:15:59 PM Utilities.FileLogger write
INFO: >>> createPlayerAccount >>> lastname >>> Alphonzo

Aug 06, 2020 10:15:59 PM Utilities.FileLogger write
INFO: >>> createPlayerAccount >>> password >>> Philipa123

Aug 06, 2020 10:15:59 PM Utilities.FileLogger write
INFO: >>> createPlayerAccount >>> age >>> 18

Aug 06, 2020 10:15:59 PM Utilities.FileLogger write
INFO: >>> createPlayerAccount >>> ipadddress >>> 93.5.4.3

Aug 06, 2020 10:15:59 PM Utilities.FileLogger write
INFO: >>> createPlayerAccount >>> User information stored

Aug 07, 2020 3:24:37 PM Utilities.FileLogger write
INFO: >>> createPlayerAccount

Aug 07, 2020 3:24:37 PM Utilities.FileLogger write
INFO: >>> createPlayerAccount >>> username >>> Philipa123

Aug 07, 2020 3:24:37 PM Utilities.FileLogger write
INFO: >>> createPlayerAccount >>> firstname >>> Philipa

Aug 07, 2020 3:24:37 PM Utilities.FileLogger write
INFO: >>> createPlayerAccount >>> lastname >>> Alphonzo

Aug 07, 2020 3:24:37 PM Utilities.FileLogger write
INFO: >>> createPlayerAccount >>> password >>> Philipa123

Aug 07, 2020 3:24:37 PM Utilities.FileLogger write
INFO: >>> createPlayerAccount >>> age >>> 18

Aug 07, 2020 3:24:37 PM Utilities.FileLogger write
INFO: >>> createPlayerAccount >>> ipadddress >>> 93.5.4.3

Aug 07, 2020 3:24:37 PM Utilities.FileLogger write
INFO: >>> createPlayerAccount >>> User information stored

Aug 07, 2020 3:29:02 PM Utilities.FileLogger write
INFO: >>> createPlayerAccount

Aug 07, 2020 3:29:02 PM Utilities.FileLogger write
INFO: >>> createPlayerAccount >>> username >>> Philipa123

Aug 07, 2020 3:29:02 PM Utilities.FileLogger write
INFO: >>> createPlayerAccount >>> firstname >>> Philipa

Aug 07, 2020 3:29:02 PM Utilities.FileLogger write
INFO: >>> createPlayerAccount >>> lastname >>> Alphonzo

Aug 07, 2020 3:29:02 PM Utilities.FileLogger write
INFO: >>> createPlayerAccount >>> password >>> Philipa123

Aug 07, 2020 3:29:02 PM Utilities.FileLogger write
INFO: >>> createPlayerAccount >>> age >>> 18

Aug 07, 2020 3:29:02 PM Utilities.FileLogger write
INFO: >>> createPlayerAccount >>> ipadddress >>> 93.5.4.3

Aug 07, 2020 3:29:02 PM Utilities.FileLogger write
INFO: >>> createPlayerAccount >>> User information stored

Aug 07, 2020 3:54:43 PM Utilities.FileLogger write
INFO: >>> createPlayerAccount

Aug 07, 2020 3:54:43 PM Utilities.FileLogger write
INFO: >>> createPlayerAccount >>> username >>> Philipa123

Aug 07, 2020 3:54:43 PM Utilities.FileLogger write
INFO: >>> createPlayerAccount >>> firstname >>> Philipa

Aug 07, 2020 3:54:43 PM Utilities.FileLogger write
INFO: >>> createPlayerAccount >>> lastname >>> Alphonzo

Aug 07, 2020 3:54:43 PM Utilities.FileLogger write
INFO: >>> createPlayerAccount >>> password >>> Philipa123

Aug 07, 2020 3:54:43 PM Utilities.FileLogger write
INFO: >>> createPlayerAccount >>> age >>> 18

Aug 07, 2020 3:54:43 PM Utilities.FileLogger write
INFO: >>> createPlayerAccount >>> ipadddress >>> 93.5.4.3

Aug 07, 2020 3:54:43 PM Utilities.FileLogger write
INFO: >>> createPlayerAccount >>> User information stored

Aug 08, 2020 3:03:32 PM Utilities.FileLogger write
INFO: >>> createPlayerAccount

Aug 08, 2020 3:03:32 PM Utilities.FileLogger write
INFO: >>> createPlayerAccount >>> username >>> Philipa123

Aug 08, 2020 3:03:32 PM Utilities.FileLogger write
INFO: >>> createPlayerAccount >>> firstname >>> Philipa

Aug 08, 2020 3:03:32 PM Utilities.FileLogger write
INFO: >>> createPlayerAccount >>> lastname >>> Alphonzo

Aug 08, 2020 3:03:32 PM Utilities.FileLogger write
INFO: >>> createPlayerAccount >>> password >>> Philipa123

Aug 08, 2020 3:03:32 PM Utilities.FileLogger write
INFO: >>> createPlayerAccount >>> age >>> 18

Aug 08, 2020 3:03:32 PM Utilities.FileLogger write
INFO: >>> createPlayerAccount >>> ipadddress >>> 93.5.4.3

Aug 08, 2020 3:03:32 PM Utilities.FileLogger write
INFO: >>> createPlayerAccount >>> User information stored

Aug 08, 2020 3:38:23 PM Utilities.FileLogger write
INFO: >>> createPlayerAccount

Aug 08, 2020 3:38:23 PM Utilities.FileLogger write
INFO: >>> createPlayerAccount >>> username >>> Philipa123

Aug 08, 2020 3:38:23 PM Utilities.FileLogger write
INFO: >>> createPlayerAccount >>> firstname >>> Philipa

Aug 08, 2020 3:38:23 PM Utilities.FileLogger write
INFO: >>> createPlayerAccount >>> lastname >>> Alphonzo

Aug 08, 2020 3:38:23 PM Utilities.FileLogger write
INFO: >>> createPlayerAccount >>> password >>> Philipa123

Aug 08, 2020 3:38:23 PM Utilities.FileLogger write
INFO: >>> createPlayerAccount >>> age >>> 18

Aug 08, 2020 3:38:23 PM Utilities.FileLogger write
INFO: >>> createPlayerAccount >>> ipadddress >>> 93.5.4.3

Aug 08, 2020 3:38:23 PM Utilities.FileLogger write
INFO: >>> createPlayerAccount >>> User information stored

Aug 08, 2020 3:44:42 PM Utilities.FileLogger write
INFO: >>> createPlayerAccount

Aug 08, 2020 3:44:42 PM Utilities.FileLogger write
INFO: >>> createPlayerAccount >>> username >>> Philipa123

Aug 08, 2020 3:44:42 PM Utilities.FileLogger write
INFO: >>> createPlayerAccount >>> firstname >>> Philipa

Aug 08, 2020 3:44:42 PM Utilities.FileLogger write
INFO: >>> createPlayerAccount >>> lastname >>> Alphonzo

Aug 08, 2020 3:44:42 PM Utilities.FileLogger write
INFO: >>> createPlayerAccount >>> password >>> Philipa123

Aug 08, 2020 3:44:42 PM Utilities.FileLogger write
INFO: >>> createPlayerAccount >>> age >>> 18

Aug 08, 2020 3:44:42 PM Utilities.FileLogger write
INFO: >>> createPlayerAccount >>> ipadddress >>> 93.5.4.3

Aug 08, 2020 3:44:42 PM Utilities.FileLogger write
INFO: >>> createPlayerAccount >>> User information stored

Aug 08, 2020 5:11:49 PM Utilities.FileLogger write
INFO: >>> createPlayerAccount

Aug 08, 2020 5:11:49 PM Utilities.FileLogger write
INFO: >>> createPlayerAccount >>> username >>> Philipa123

Aug 08, 2020 5:11:49 PM Utilities.FileLogger write
INFO: >>> createPlayerAccount >>> firstname >>> Philipa

Aug 08, 2020 5:11:49 PM Utilities.FileLogger write
INFO: >>> createPlayerAccount >>> lastname >>> Alphonzo

Aug 08, 2020 5:11:49 PM Utilities.FileLogger write
INFO: >>> createPlayerAccount >>> password >>> Philipa123

Aug 08, 2020 5:11:49 PM Utilities.FileLogger write
INFO: >>> createPlayerAccount >>> age >>> 18

Aug 08, 2020 5:11:49 PM Utilities.FileLogger write
INFO: >>> createPlayerAccount >>> ipadddress >>> 93.5.4.3

Aug 08, 2020 5:11:49 PM Utilities.FileLogger write
INFO: >>> createPlayerAccount >>> User information stored

Aug 08, 2020 5:18:50 PM Utilities.FileLogger write
INFO: >>> createPlayerAccount

Aug 08, 2020 5:18:50 PM Utilities.FileLogger write
INFO: >>> createPlayerAccount >>> username >>> Philipa123

Aug 08, 2020 5:18:50 PM Utilities.FileLogger write
INFO: >>> createPlayerAccount >>> firstname >>> Philipa

Aug 08, 2020 5:18:50 PM Utilities.FileLogger write
INFO: >>> createPlayerAccount >>> lastname >>> Alphonzo

Aug 08, 2020 5:18:50 PM Utilities.FileLogger write
INFO: >>> createPlayerAccount >>> password >>> Philipa123

Aug 08, 2020 5:18:50 PM Utilities.FileLogger write
INFO: >>> createPlayerAccount >>> age >>> 18

Aug 08, 2020 5:18:50 PM Utilities.FileLogger write
INFO: >>> createPlayerAccount >>> ipadddress >>> 93.5.4.3

Aug 08, 2020 5:18:50 PM Utilities.FileLogger write
INFO: >>> createPlayerAccount >>> User information stored

Aug 08, 2020 5:29:59 PM Utilities.FileLogger write
INFO: >>> createPlayerAccount

Aug 08, 2020 5:29:59 PM Utilities.FileLogger write
INFO: >>> createPlayerAccount >>> username >>> Philipa123

Aug 08, 2020 5:29:59 PM Utilities.FileLogger write
INFO: >>> createPlayerAccount >>> firstname >>> Philipa

Aug 08, 2020 5:29:59 PM Utilities.FileLogger write
INFO: >>> createPlayerAccount >>> lastname >>> Alphonzo

Aug 08, 2020 5:29:59 PM Utilities.FileLogger write
INFO: >>> createPlayerAccount >>> password >>> Philipa123

Aug 08, 2020 5:29:59 PM Utilities.FileLogger write
INFO: >>> createPlayerAccount >>> age >>> 18

Aug 08, 2020 5:29:59 PM Utilities.FileLogger write
INFO: >>> createPlayerAccount >>> ipadddress >>> 93.5.4.3

Aug 08, 2020 5:29:59 PM Utilities.FileLogger write
INFO: >>> createPlayerAccount >>> User information stored

Aug 08, 2020 5:43:39 PM Utilities.FileLogger write
INFO: >>> createPlayerAccount

Aug 08, 2020 5:43:39 PM Utilities.FileLogger write
INFO: >>> createPlayerAccount >>> username >>> Philipa123

Aug 08, 2020 5:43:39 PM Utilities.FileLogger write
INFO: >>> createPlayerAccount >>> firstname >>> Philipa

Aug 08, 2020 5:43:39 PM Utilities.FileLogger write
INFO: >>> createPlayerAccount >>> lastname >>> Alphonzo

Aug 08, 2020 5:43:39 PM Utilities.FileLogger write
INFO: >>> createPlayerAccount >>> password >>> Philipa123

Aug 08, 2020 5:43:39 PM Utilities.FileLogger write
INFO: >>> createPlayerAccount >>> age >>> 18

Aug 08, 2020 5:43:39 PM Utilities.FileLogger write
INFO: >>> createPlayerAccount >>> ipadddress >>> 93.5.4.3

Aug 08, 2020 5:43:39 PM Utilities.FileLogger write
INFO: >>> createPlayerAccount >>> User information stored

Aug 08, 2020 5:52:31 PM Utilities.FileLogger write
INFO: >>> createPlayerAccount

Aug 08, 2020 5:52:31 PM Utilities.FileLogger write
INFO: >>> createPlayerAccount >>> username >>> Philipa123

Aug 08, 2020 5:52:31 PM Utilities.FileLogger write
INFO: >>> createPlayerAccount >>> firstname >>> Philipa

Aug 08, 2020 5:52:31 PM Utilities.FileLogger write
INFO: >>> createPlayerAccount >>> lastname >>> Alphonzo

Aug 08, 2020 5:52:31 PM Utilities.FileLogger write
INFO: >>> createPlayerAccount >>> password >>> Philipa123

Aug 08, 2020 5:52:31 PM Utilities.FileLogger write
INFO: >>> createPlayerAccount >>> age >>> 18

Aug 08, 2020 5:52:31 PM Utilities.FileLogger write
INFO: >>> createPlayerAccount >>> ipadddress >>> 93.5.4.3

Aug 08, 2020 5:52:31 PM Utilities.FileLogger write
INFO: >>> createPlayerAccount >>> User information stored

Aug 08, 2020 5:57:38 PM Utilities.FileLogger write
INFO: >>> createPlayerAccount

Aug 08, 2020 5:57:38 PM Utilities.FileLogger write
INFO: >>> createPlayerAccount >>> username >>> Philipa123

Aug 08, 2020 5:57:38 PM Utilities.FileLogger write
INFO: >>> createPlayerAccount >>> firstname >>> Philipa

Aug 08, 2020 5:57:38 PM Utilities.FileLogger write
INFO: >>> createPlayerAccount >>> lastname >>> Alphonzo

Aug 08, 2020 5:57:38 PM Utilities.FileLogger write
INFO: >>> createPlayerAccount >>> password >>> Philipa123

Aug 08, 2020 5:57:38 PM Utilities.FileLogger write
INFO: >>> createPlayerAccount >>> age >>> 18

Aug 08, 2020 5:57:38 PM Utilities.FileLogger write
INFO: >>> createPlayerAccount >>> ipadddress >>> 93.5.4.3

Aug 08, 2020 5:57:38 PM Utilities.FileLogger write
INFO: >>> createPlayerAccount >>> User information stored

Aug 08, 2020 6:01:56 PM Utilities.FileLogger write
INFO: >>> createPlayerAccount

Aug 08, 2020 6:01:56 PM Utilities.FileLogger write
INFO: >>> createPlayerAccount >>> username >>> Philipa123

Aug 08, 2020 6:01:56 PM Utilities.FileLogger write
INFO: >>> createPlayerAccount >>> firstname >>> Philipa

Aug 08, 2020 6:01:56 PM Utilities.FileLogger write
INFO: >>> createPlayerAccount >>> lastname >>> Alphonzo

Aug 08, 2020 6:01:56 PM Utilities.FileLogger write
INFO: >>> createPlayerAccount >>> password >>> Philipa123

Aug 08, 2020 6:01:56 PM Utilities.FileLogger write
INFO: >>> createPlayerAccount >>> age >>> 18

Aug 08, 2020 6:01:56 PM Utilities.FileLogger write
INFO: >>> createPlayerAccount >>> ipadddress >>> 93.5.4.3

Aug 08, 2020 6:01:56 PM Utilities.FileLogger write
INFO: >>> createPlayerAccount >>> User information stored

Aug 09, 2020 12:39:54 AM Utilities.FileLogger write
INFO: >>> createPlayerAccount

Aug 09, 2020 12:39:54 AM Utilities.FileLogger write
INFO: >>> createPlayerAccount >>> username >>> Philipa123

Aug 09, 2020 12:39:54 AM Utilities.FileLogger write
INFO: >>> createPlayerAccount >>> firstname >>> Philipa

Aug 09, 2020 12:39:54 AM Utilities.FileLogger write
INFO: >>> createPlayerAccount >>> lastname >>> Alphonzo

Aug 09, 2020 12:39:54 AM Utilities.FileLogger write
INFO: >>> createPlayerAccount >>> password >>> Philipa123

Aug 09, 2020 12:39:54 AM Utilities.FileLogger write
INFO: >>> createPlayerAccount >>> age >>> 18

Aug 09, 2020 12:39:54 AM Utilities.FileLogger write
INFO: >>> createPlayerAccount >>> ipadddress >>> 93.5.4.3

Aug 09, 2020 12:39:54 AM Utilities.FileLogger write
INFO: >>> createPlayerAccount >>> User information stored

Aug 09, 2020 12:49:18 AM Utilities.FileLogger write
INFO: >>> createPlayerAccount

Aug 09, 2020 12:49:18 AM Utilities.FileLogger write
INFO: >>> createPlayerAccount >>> username >>> Philipa123

Aug 09, 2020 12:49:18 AM Utilities.FileLogger write
INFO: >>> createPlayerAccount >>> firstname >>> Philipa

Aug 09, 2020 12:49:18 AM Utilities.FileLogger write
INFO: >>> createPlayerAccount >>> lastname >>> Alphonzo

Aug 09, 2020 12:49:18 AM Utilities.FileLogger write
INFO: >>> createPlayerAccount >>> password >>> Philipa123

Aug 09, 2020 12:49:18 AM Utilities.FileLogger write
INFO: >>> createPlayerAccount >>> age >>> 18

Aug 09, 2020 12:49:18 AM Utilities.FileLogger write
INFO: >>> createPlayerAccount >>> ipadddress >>> 93.5.4.3

Aug 09, 2020 12:49:18 AM Utilities.FileLogger write
INFO: >>> createPlayerAccount >>> User information stored

Aug 09, 2020 12:50:29 AM Utilities.FileLogger write
INFO: >>> createPlayerAccount

Aug 09, 2020 12:50:29 AM Utilities.FileLogger write
INFO: >>> createPlayerAccount >>> username >>> Philipa123

Aug 09, 2020 12:50:29 AM Utilities.FileLogger write
INFO: >>> createPlayerAccount >>> firstname >>> Philipa

Aug 09, 2020 12:50:29 AM Utilities.FileLogger write
INFO: >>> createPlayerAccount >>> lastname >>> Alphonzo

Aug 09, 2020 12:50:29 AM Utilities.FileLogger write
INFO: >>> createPlayerAccount >>> password >>> Philipa123

Aug 09, 2020 12:50:29 AM Utilities.FileLogger write
INFO: >>> createPlayerAccount >>> age >>> 18

Aug 09, 2020 12:50:29 AM Utilities.FileLogger write
INFO: >>> createPlayerAccount >>> ipadddress >>> 93.5.4.3

Aug 09, 2020 12:50:29 AM Utilities.FileLogger write
INFO: >>> createPlayerAccount >>> User information stored

Aug 09, 2020 12:51:05 AM Utilities.FileLogger write
INFO: >>> createPlayerAccount

Aug 09, 2020 12:51:05 AM Utilities.FileLogger write
INFO: >>> createPlayerAccount >>> username >>> Philipa123

Aug 09, 2020 12:51:05 AM Utilities.FileLogger write
INFO: >>> createPlayerAccount >>> firstname >>> Philipa

Aug 09, 2020 12:51:05 AM Utilities.FileLogger write
INFO: >>> createPlayerAccount >>> lastname >>> Alphonzo

Aug 09, 2020 12:51:05 AM Utilities.FileLogger write
INFO: >>> createPlayerAccount >>> password >>> Philipa123

Aug 09, 2020 12:51:05 AM Utilities.FileLogger write
INFO: >>> createPlayerAccount >>> age >>> 18

Aug 09, 2020 12:51:05 AM Utilities.FileLogger write
INFO: >>> createPlayerAccount >>> ipadddress >>> 93.5.4.3

Aug 09, 2020 12:51:05 AM Utilities.FileLogger write
INFO: >>> createPlayerAccount >>> User information stored

Aug 09, 2020 12:52:06 AM Utilities.FileLogger write
INFO: >>> createPlayerAccount

Aug 09, 2020 12:52:06 AM Utilities.FileLogger write
INFO: >>> createPlayerAccount >>> username >>> Philipa123

Aug 09, 2020 12:52:06 AM Utilities.FileLogger write
INFO: >>> createPlayerAccount >>> firstname >>> Philipa

Aug 09, 2020 12:52:06 AM Utilities.FileLogger write
INFO: >>> createPlayerAccount >>> lastname >>> Alphonzo

Aug 09, 2020 12:52:06 AM Utilities.FileLogger write
INFO: >>> createPlayerAccount >>> password >>> Philipa123

Aug 09, 2020 12:52:06 AM Utilities.FileLogger write
INFO: >>> createPlayerAccount >>> age >>> 18

Aug 09, 2020 12:52:06 AM Utilities.FileLogger write
INFO: >>> createPlayerAccount >>> ipadddress >>> 93.5.4.3

Aug 09, 2020 12:52:06 AM Utilities.FileLogger write
INFO: >>> createPlayerAccount >>> User information stored

Aug 09, 2020 12:54:12 AM Utilities.FileLogger write
INFO: >>> createPlayerAccount

Aug 09, 2020 12:54:12 AM Utilities.FileLogger write
INFO: >>> createPlayerAccount >>> username >>> Philipa123

Aug 09, 2020 12:54:12 AM Utilities.FileLogger write
INFO: >>> createPlayerAccount >>> firstname >>> Philipa

Aug 09, 2020 12:54:12 AM Utilities.FileLogger write
INFO: >>> createPlayerAccount >>> lastname >>> Alphonzo

Aug 09, 2020 12:54:12 AM Utilities.FileLogger write
INFO: >>> createPlayerAccount >>> password >>> Philipa123

Aug 09, 2020 12:54:12 AM Utilities.FileLogger write
INFO: >>> createPlayerAccount >>> age >>> 18

Aug 09, 2020 12:54:12 AM Utilities.FileLogger write
INFO: >>> createPlayerAccount >>> ipadddress >>> 93.5.4.3

Aug 09, 2020 12:54:12 AM Utilities.FileLogger write
INFO: >>> createPlayerAccount >>> User information stored

Aug 09, 2020 12:56:53 AM Utilities.FileLogger write
INFO: >>> createPlayerAccount

Aug 09, 2020 12:56:53 AM Utilities.FileLogger write
INFO: >>> createPlayerAccount >>> username >>> Philipa123

Aug 09, 2020 12:56:53 AM Utilities.FileLogger write
INFO: >>> createPlayerAccount >>> firstname >>> Philipa

Aug 09, 2020 12:56:53 AM Utilities.FileLogger write
INFO: >>> createPlayerAccount >>> lastname >>> Alphonzo

Aug 09, 2020 12:56:53 AM Utilities.FileLogger write
INFO: >>> createPlayerAccount >>> password >>> Philipa123

Aug 09, 2020 12:56:53 AM Utilities.FileLogger write
INFO: >>> createPlayerAccount >>> age >>> 18

Aug 09, 2020 12:56:53 AM Utilities.FileLogger write
INFO: >>> createPlayerAccount >>> ipadddress >>> 93.5.4.3

Aug 09, 2020 12:56:53 AM Utilities.FileLogger write
INFO: >>> createPlayerAccount >>> User information stored

Aug 09, 2020 1:01:43 AM Utilities.FileLogger write
INFO: >>> createPlayerAccount

Aug 09, 2020 1:01:43 AM Utilities.FileLogger write
INFO: >>> createPlayerAccount >>> username >>> Philipa123

Aug 09, 2020 1:01:43 AM Utilities.FileLogger write
INFO: >>> createPlayerAccount >>> firstname >>> Philipa

Aug 09, 2020 1:01:43 AM Utilities.FileLogger write
INFO: >>> createPlayerAccount >>> lastname >>> Alphonzo

Aug 09, 2020 1:01:43 AM Utilities.FileLogger write
INFO: >>> createPlayerAccount >>> password >>> Philipa123

Aug 09, 2020 1:01:43 AM Utilities.FileLogger write
INFO: >>> createPlayerAccount >>> age >>> 18

Aug 09, 2020 1:01:43 AM Utilities.FileLogger write
INFO: >>> createPlayerAccount >>> ipadddress >>> 93.5.4.3

Aug 09, 2020 1:01:43 AM Utilities.FileLogger write
INFO: >>> createPlayerAccount >>> User information stored

Aug 09, 2020 1:12:18 AM Utilities.FileLogger write
INFO: >>> createPlayerAccount

Aug 09, 2020 1:12:18 AM Utilities.FileLogger write
INFO: >>> createPlayerAccount >>> username >>> Philipa123

Aug 09, 2020 1:12:18 AM Utilities.FileLogger write
INFO: >>> createPlayerAccount >>> firstname >>> Philipa

Aug 09, 2020 1:12:18 AM Utilities.FileLogger write
INFO: >>> createPlayerAccount >>> lastname >>> Alphonzo

Aug 09, 2020 1:12:18 AM Utilities.FileLogger write
INFO: >>> createPlayerAccount >>> password >>> Philipa123

Aug 09, 2020 1:12:18 AM Utilities.FileLogger write
INFO: >>> createPlayerAccount >>> age >>> 18

Aug 09, 2020 1:12:18 AM Utilities.FileLogger write
INFO: >>> createPlayerAccount >>> ipadddress >>> 93.5.4.3

Aug 09, 2020 1:12:18 AM Utilities.FileLogger write
INFO: >>> createPlayerAccount >>> User information stored

Aug 09, 2020 1:44:56 AM Utilities.FileLogger write
INFO: >>> createPlayerAccount

Aug 09, 2020 1:44:56 AM Utilities.FileLogger write
INFO: >>> createPlayerAccount >>> username >>> Philipa123

Aug 09, 2020 1:44:56 AM Utilities.FileLogger write
INFO: >>> createPlayerAccount >>> firstname >>> Philipa

Aug 09, 2020 1:44:56 AM Utilities.FileLogger write
INFO: >>> createPlayerAccount >>> lastname >>> Alphonzo

Aug 09, 2020 1:44:56 AM Utilities.FileLogger write
INFO: >>> createPlayerAccount >>> password >>> Philipa123

Aug 09, 2020 1:44:56 AM Utilities.FileLogger write
INFO: >>> createPlayerAccount >>> age >>> 18

Aug 09, 2020 1:44:56 AM Utilities.FileLogger write
INFO: >>> createPlayerAccount >>> ipadddress >>> 93.5.4.3

Aug 09, 2020 1:44:56 AM Utilities.FileLogger write
INFO: >>> createPlayerAccount >>> User information stored

Aug 09, 2020 1:45:37 AM Utilities.FileLogger write
INFO: >>> createPlayerAccount

Aug 09, 2020 1:45:37 AM Utilities.FileLogger write
INFO: >>> createPlayerAccount >>> username >>> Philipa123

Aug 09, 2020 1:45:37 AM Utilities.FileLogger write
INFO: >>> createPlayerAccount >>> firstname >>> Philipa

Aug 09, 2020 1:45:37 AM Utilities.FileLogger write
INFO: >>> createPlayerAccount >>> lastname >>> Alphonzo

Aug 09, 2020 1:45:37 AM Utilities.FileLogger write
INFO: >>> createPlayerAccount >>> password >>> Philipa123

Aug 09, 2020 1:45:37 AM Utilities.FileLogger write
INFO: >>> createPlayerAccount >>> age >>> 18

Aug 09, 2020 1:45:37 AM Utilities.FileLogger write
INFO: >>> createPlayerAccount >>> ipadddress >>> 93.5.4.3

Aug 09, 2020 1:45:37 AM Utilities.FileLogger write
INFO: >>> createPlayerAccount >>> User information stored

