Aug 02, 2020 5:17:25 PM Utilities.FileLogger write
INFO: >>> createPlayerAccount

Aug 02, 2020 5:17:25 PM Utilities.FileLogger write
INFO: >>> createPlayerAccount >>> username >>> Charles123

Aug 02, 2020 5:17:25 PM Utilities.FileLogger write
INFO: >>> createPlayerAccount >>> firstname >>> Charles

Aug 02, 2020 5:17:25 PM Utilities.FileLogger write
INFO: >>> createPlayerAccount >>> lastname >>> Lee

Aug 02, 2020 5:17:25 PM Utilities.FileLogger write
INFO: >>> createPlayerAccount >>> password >>> Charles123

Aug 02, 2020 5:17:25 PM Utilities.FileLogger write
INFO: >>> createPlayerAccount >>> age >>> 15

Aug 02, 2020 5:17:25 PM Utilities.FileLogger write
INFO: >>> createPlayerAccount >>> ipadddress >>> 182.34.2.2

Aug 02, 2020 5:17:25 PM Utilities.FileLogger write
INFO: >>> createPlayerAccount >>> User information stored

Aug 03, 2020 2:00:27 PM Utilities.FileLogger write
INFO: >>> createPlayerAccount

Aug 03, 2020 2:00:27 PM Utilities.FileLogger write
INFO: >>> createPlayerAccount >>> username >>> Charles123

Aug 03, 2020 2:00:27 PM Utilities.FileLogger write
INFO: >>> createPlayerAccount >>> firstname >>> Charles

Aug 03, 2020 2:00:27 PM Utilities.FileLogger write
INFO: >>> createPlayerAccount >>> lastname >>> Lee

Aug 03, 2020 2:00:27 PM Utilities.FileLogger write
INFO: >>> createPlayerAccount >>> password >>> Charles123

Aug 03, 2020 2:00:27 PM Utilities.FileLogger write
INFO: >>> createPlayerAccount >>> age >>> 15

Aug 03, 2020 2:00:27 PM Utilities.FileLogger write
INFO: >>> createPlayerAccount >>> ipadddress >>> 182.34.2.2

Aug 03, 2020 2:00:27 PM Utilities.FileLogger write
INFO: >>> createPlayerAccount >>> User information stored

Aug 03, 2020 2:16:26 PM Utilities.FileLogger write
INFO: >>> createPlayerAccount

Aug 03, 2020 2:16:26 PM Utilities.FileLogger write
INFO: >>> createPlayerAccount >>> username >>> Charles123

Aug 03, 2020 2:16:26 PM Utilities.FileLogger write
INFO: >>> createPlayerAccount >>> firstname >>> Charles

Aug 03, 2020 2:16:26 PM Utilities.FileLogger write
INFO: >>> createPlayerAccount >>> lastname >>> Lee

Aug 03, 2020 2:16:26 PM Utilities.FileLogger write
INFO: >>> createPlayerAccount >>> password >>> Charles123

Aug 03, 2020 2:16:26 PM Utilities.FileLogger write
INFO: >>> createPlayerAccount >>> age >>> 15

Aug 03, 2020 2:16:26 PM Utilities.FileLogger write
INFO: >>> createPlayerAccount >>> ipadddress >>> 182.34.2.2

Aug 03, 2020 2:16:26 PM Utilities.FileLogger write
INFO: >>> createPlayerAccount >>> User information stored

Aug 03, 2020 2:19:55 PM Utilities.FileLogger write
INFO: >>> createPlayerAccount

Aug 03, 2020 2:19:55 PM Utilities.FileLogger write
INFO: >>> createPlayerAccount >>> username >>> Charles123

Aug 03, 2020 2:19:55 PM Utilities.FileLogger write
INFO: >>> createPlayerAccount >>> firstname >>> Charles

Aug 03, 2020 2:19:55 PM Utilities.FileLogger write
INFO: >>> createPlayerAccount >>> lastname >>> Lee

Aug 03, 2020 2:19:55 PM Utilities.FileLogger write
INFO: >>> createPlayerAccount >>> password >>> Charles123

Aug 03, 2020 2:19:55 PM Utilities.FileLogger write
INFO: >>> createPlayerAccount >>> age >>> 15

Aug 03, 2020 2:19:55 PM Utilities.FileLogger write
INFO: >>> createPlayerAccount >>> ipadddress >>> 182.34.2.2

Aug 03, 2020 2:19:55 PM Utilities.FileLogger write
INFO: >>> createPlayerAccount >>> User information stored

Aug 03, 2020 2:25:47 PM Utilities.FileLogger write
INFO: >>> createPlayerAccount

Aug 03, 2020 2:25:47 PM Utilities.FileLogger write
INFO: >>> createPlayerAccount >>> username >>> Charles123

Aug 03, 2020 2:25:47 PM Utilities.FileLogger write
INFO: >>> createPlayerAccount >>> firstname >>> Charles

Aug 03, 2020 2:25:47 PM Utilities.FileLogger write
INFO: >>> createPlayerAccount >>> lastname >>> Lee

Aug 03, 2020 2:25:47 PM Utilities.FileLogger write
INFO: >>> createPlayerAccount >>> password >>> Charles123

Aug 03, 2020 2:25:47 PM Utilities.FileLogger write
INFO: >>> createPlayerAccount >>> age >>> 15

Aug 03, 2020 2:25:47 PM Utilities.FileLogger write
INFO: >>> createPlayerAccount >>> ipadddress >>> 182.34.2.2

Aug 03, 2020 2:25:47 PM Utilities.FileLogger write
INFO: >>> createPlayerAccount >>> User information stored

Aug 03, 2020 2:32:27 PM Utilities.FileLogger write
INFO: >>> createPlayerAccount

Aug 03, 2020 2:32:27 PM Utilities.FileLogger write
INFO: >>> createPlayerAccount >>> username >>> Charles123

Aug 03, 2020 2:32:27 PM Utilities.FileLogger write
INFO: >>> createPlayerAccount >>> firstname >>> Charles

Aug 03, 2020 2:32:27 PM Utilities.FileLogger write
INFO: >>> createPlayerAccount >>> lastname >>> Lee

Aug 03, 2020 2:32:27 PM Utilities.FileLogger write
INFO: >>> createPlayerAccount >>> password >>> Charles123

Aug 03, 2020 2:32:27 PM Utilities.FileLogger write
INFO: >>> createPlayerAccount >>> age >>> 15

Aug 03, 2020 2:32:27 PM Utilities.FileLogger write
INFO: >>> createPlayerAccount >>> ipadddress >>> 182.34.2.2

Aug 03, 2020 2:32:27 PM Utilities.FileLogger write
INFO: >>> createPlayerAccount >>> User information stored

Aug 03, 2020 3:09:52 PM Utilities.FileLogger write
INFO: >>> createPlayerAccount

Aug 03, 2020 3:09:52 PM Utilities.FileLogger write
INFO: >>> createPlayerAccount >>> username >>> Charles123

Aug 03, 2020 3:09:52 PM Utilities.FileLogger write
INFO: >>> createPlayerAccount >>> firstname >>> Charles

Aug 03, 2020 3:09:52 PM Utilities.FileLogger write
INFO: >>> createPlayerAccount >>> lastname >>> Lee

Aug 03, 2020 3:09:52 PM Utilities.FileLogger write
INFO: >>> createPlayerAccount >>> password >>> Charles123

Aug 03, 2020 3:09:52 PM Utilities.FileLogger write
INFO: >>> createPlayerAccount >>> age >>> 15

Aug 03, 2020 3:09:52 PM Utilities.FileLogger write
INFO: >>> createPlayerAccount >>> ipadddress >>> 182.34.2.2

Aug 03, 2020 3:09:52 PM Utilities.FileLogger write
INFO: >>> createPlayerAccount >>> User information stored

Aug 03, 2020 3:11:07 PM Utilities.FileLogger write
INFO: >>> createPlayerAccount

Aug 03, 2020 3:11:07 PM Utilities.FileLogger write
INFO: >>> createPlayerAccount >>> username >>> Charles123

Aug 03, 2020 3:11:07 PM Utilities.FileLogger write
INFO: >>> createPlayerAccount >>> firstname >>> Charles

Aug 03, 2020 3:11:07 PM Utilities.FileLogger write
INFO: >>> createPlayerAccount >>> lastname >>> Lee

Aug 03, 2020 3:11:07 PM Utilities.FileLogger write
INFO: >>> createPlayerAccount >>> password >>> Charles123

Aug 03, 2020 3:11:07 PM Utilities.FileLogger write
INFO: >>> createPlayerAccount >>> age >>> 15

Aug 03, 2020 3:11:07 PM Utilities.FileLogger write
INFO: >>> createPlayerAccount >>> ipadddress >>> 182.34.2.2

Aug 03, 2020 3:11:07 PM Utilities.FileLogger write
INFO: >>> createPlayerAccount >>> User information stored

Aug 03, 2020 3:12:22 PM Utilities.FileLogger write
INFO: >>> createPlayerAccount

Aug 03, 2020 3:12:22 PM Utilities.FileLogger write
INFO: >>> createPlayerAccount >>> username >>> Charles123

Aug 03, 2020 3:12:22 PM Utilities.FileLogger write
INFO: >>> createPlayerAccount >>> firstname >>> Charles

Aug 03, 2020 3:12:22 PM Utilities.FileLogger write
INFO: >>> createPlayerAccount >>> lastname >>> Lee

Aug 03, 2020 3:12:22 PM Utilities.FileLogger write
INFO: >>> createPlayerAccount >>> password >>> Charles123

Aug 03, 2020 3:12:22 PM Utilities.FileLogger write
INFO: >>> createPlayerAccount >>> age >>> 15

Aug 03, 2020 3:12:22 PM Utilities.FileLogger write
INFO: >>> createPlayerAccount >>> ipadddress >>> 182.34.2.2

Aug 03, 2020 3:12:22 PM Utilities.FileLogger write
INFO: >>> createPlayerAccount >>> User information stored

Aug 03, 2020 3:16:19 PM Utilities.FileLogger write
INFO: >>> createPlayerAccount

Aug 03, 2020 3:16:19 PM Utilities.FileLogger write
INFO: >>> createPlayerAccount >>> username >>> Charles123

Aug 03, 2020 3:16:19 PM Utilities.FileLogger write
INFO: >>> createPlayerAccount >>> firstname >>> Charles

Aug 03, 2020 3:16:19 PM Utilities.FileLogger write
INFO: >>> createPlayerAccount >>> lastname >>> Lee

Aug 03, 2020 3:16:19 PM Utilities.FileLogger write
INFO: >>> createPlayerAccount >>> password >>> Charles123

Aug 03, 2020 3:16:19 PM Utilities.FileLogger write
INFO: >>> createPlayerAccount >>> age >>> 15

Aug 03, 2020 3:16:19 PM Utilities.FileLogger write
INFO: >>> createPlayerAccount >>> ipadddress >>> 182.34.2.2

Aug 03, 2020 3:16:19 PM Utilities.FileLogger write
INFO: >>> createPlayerAccount >>> User information stored

Aug 05, 2020 3:59:46 PM Utilities.FileLogger write
INFO: >>> createPlayerAccount

Aug 05, 2020 3:59:46 PM Utilities.FileLogger write
INFO: >>> createPlayerAccount >>> username >>> Charles123

Aug 05, 2020 3:59:46 PM Utilities.FileLogger write
INFO: >>> createPlayerAccount >>> firstname >>> Charles

Aug 05, 2020 3:59:46 PM Utilities.FileLogger write
INFO: >>> createPlayerAccount >>> lastname >>> Lee

Aug 05, 2020 3:59:46 PM Utilities.FileLogger write
INFO: >>> createPlayerAccount >>> password >>> Charles123

Aug 05, 2020 3:59:46 PM Utilities.FileLogger write
INFO: >>> createPlayerAccount >>> age >>> 15

Aug 05, 2020 3:59:46 PM Utilities.FileLogger write
INFO: >>> createPlayerAccount >>> ipadddress >>> 182.34.2.2

Aug 05, 2020 3:59:46 PM Utilities.FileLogger write
INFO: >>> createPlayerAccount >>> User information stored

Aug 05, 2020 8:04:54 PM Utilities.FileLogger write
INFO: >>> createPlayerAccount

Aug 05, 2020 8:04:54 PM Utilities.FileLogger write
INFO: >>> createPlayerAccount >>> username >>> Charles123

Aug 05, 2020 8:04:54 PM Utilities.FileLogger write
INFO: >>> createPlayerAccount >>> firstname >>> Charles

Aug 05, 2020 8:04:54 PM Utilities.FileLogger write
INFO: >>> createPlayerAccount >>> lastname >>> Lee

Aug 05, 2020 8:04:54 PM Utilities.FileLogger write
INFO: >>> createPlayerAccount >>> password >>> Charles123

Aug 05, 2020 8:04:54 PM Utilities.FileLogger write
INFO: >>> createPlayerAccount >>> age >>> 15

Aug 05, 2020 8:04:54 PM Utilities.FileLogger write
INFO: >>> createPlayerAccount >>> ipadddress >>> 182.34.2.2

Aug 05, 2020 8:04:54 PM Utilities.FileLogger write
INFO: >>> createPlayerAccount >>> User information stored

Aug 05, 2020 8:05:30 PM Utilities.FileLogger write
INFO: >>> createPlayerAccount

Aug 05, 2020 8:05:30 PM Utilities.FileLogger write
INFO: >>> createPlayerAccount >>> username >>> Charles123

Aug 05, 2020 8:05:30 PM Utilities.FileLogger write
INFO: >>> createPlayerAccount >>> firstname >>> Charles

Aug 05, 2020 8:05:30 PM Utilities.FileLogger write
INFO: >>> createPlayerAccount >>> lastname >>> Lee

Aug 05, 2020 8:05:30 PM Utilities.FileLogger write
INFO: >>> createPlayerAccount >>> password >>> Charles123

Aug 05, 2020 8:05:30 PM Utilities.FileLogger write
INFO: >>> createPlayerAccount >>> age >>> 15

Aug 05, 2020 8:05:30 PM Utilities.FileLogger write
INFO: >>> createPlayerAccount >>> ipadddress >>> 182.34.2.2

Aug 05, 2020 8:05:30 PM Utilities.FileLogger write
INFO: >>> createPlayerAccount >>> User information stored

Aug 05, 2020 8:28:42 PM Utilities.FileLogger write
INFO: >>> createPlayerAccount

Aug 05, 2020 8:28:42 PM Utilities.FileLogger write
INFO: >>> createPlayerAccount >>> username >>> Charles123

Aug 05, 2020 8:28:42 PM Utilities.FileLogger write
INFO: >>> createPlayerAccount >>> firstname >>> Charles

Aug 05, 2020 8:28:42 PM Utilities.FileLogger write
INFO: >>> createPlayerAccount >>> lastname >>> Lee

Aug 05, 2020 8:28:42 PM Utilities.FileLogger write
INFO: >>> createPlayerAccount >>> password >>> Charles123

Aug 05, 2020 8:28:42 PM Utilities.FileLogger write
INFO: >>> createPlayerAccount >>> age >>> 15

Aug 05, 2020 8:28:42 PM Utilities.FileLogger write
INFO: >>> createPlayerAccount >>> ipadddress >>> 182.34.2.2

Aug 05, 2020 8:28:42 PM Utilities.FileLogger write
INFO: >>> createPlayerAccount >>> User information stored

Aug 05, 2020 8:29:05 PM Utilities.FileLogger write
INFO: >>> createPlayerAccount

Aug 05, 2020 8:29:05 PM Utilities.FileLogger write
INFO: >>> createPlayerAccount >>> username >>> Charles123

Aug 05, 2020 8:29:05 PM Utilities.FileLogger write
INFO: >>> createPlayerAccount >>> firstname >>> Charles

Aug 05, 2020 8:29:05 PM Utilities.FileLogger write
INFO: >>> createPlayerAccount >>> lastname >>> Lee

Aug 05, 2020 8:29:05 PM Utilities.FileLogger write
INFO: >>> createPlayerAccount >>> password >>> Charles123

Aug 05, 2020 8:29:05 PM Utilities.FileLogger write
INFO: >>> createPlayerAccount >>> age >>> 15

Aug 05, 2020 8:29:05 PM Utilities.FileLogger write
INFO: >>> createPlayerAccount >>> ipadddress >>> 182.34.2.2

Aug 05, 2020 8:29:05 PM Utilities.FileLogger write
INFO: >>> createPlayerAccount >>> User information stored

Aug 06, 2020 12:47:27 AM Utilities.FileLogger write
INFO: >>> createPlayerAccount

Aug 06, 2020 12:47:27 AM Utilities.FileLogger write
INFO: >>> createPlayerAccount >>> username >>> Charles123

Aug 06, 2020 12:47:27 AM Utilities.FileLogger write
INFO: >>> createPlayerAccount >>> firstname >>> Charles

Aug 06, 2020 12:47:27 AM Utilities.FileLogger write
INFO: >>> createPlayerAccount >>> lastname >>> Lee

Aug 06, 2020 12:47:27 AM Utilities.FileLogger write
INFO: >>> createPlayerAccount >>> password >>> Charles123

Aug 06, 2020 12:47:27 AM Utilities.FileLogger write
INFO: >>> createPlayerAccount >>> age >>> 15

Aug 06, 2020 12:47:27 AM Utilities.FileLogger write
INFO: >>> createPlayerAccount >>> ipadddress >>> 182.34.2.2

Aug 06, 2020 12:47:27 AM Utilities.FileLogger write
INFO: >>> createPlayerAccount >>> User information stored

Aug 06, 2020 3:11:32 PM Utilities.FileLogger write
INFO: >>> createPlayerAccount

Aug 06, 2020 3:11:32 PM Utilities.FileLogger write
INFO: >>> createPlayerAccount >>> username >>> Charles123

Aug 06, 2020 3:11:32 PM Utilities.FileLogger write
INFO: >>> createPlayerAccount >>> firstname >>> Charles

Aug 06, 2020 3:11:32 PM Utilities.FileLogger write
INFO: >>> createPlayerAccount >>> lastname >>> Lee

Aug 06, 2020 3:11:32 PM Utilities.FileLogger write
INFO: >>> createPlayerAccount >>> password >>> Charles123

Aug 06, 2020 3:11:32 PM Utilities.FileLogger write
INFO: >>> createPlayerAccount >>> age >>> 15

Aug 06, 2020 3:11:32 PM Utilities.FileLogger write
INFO: >>> createPlayerAccount >>> ipadddress >>> 182.34.2.2

Aug 06, 2020 3:11:32 PM Utilities.FileLogger write
INFO: >>> createPlayerAccount >>> User information stored

Aug 06, 2020 3:14:21 PM Utilities.FileLogger write
INFO: >>> createPlayerAccount

Aug 06, 2020 3:14:21 PM Utilities.FileLogger write
INFO: >>> createPlayerAccount >>> username >>> Charles123

Aug 06, 2020 3:14:21 PM Utilities.FileLogger write
INFO: >>> createPlayerAccount >>> firstname >>> Charles

Aug 06, 2020 3:14:21 PM Utilities.FileLogger write
INFO: >>> createPlayerAccount >>> lastname >>> Lee

Aug 06, 2020 3:14:21 PM Utilities.FileLogger write
INFO: >>> createPlayerAccount >>> password >>> Charles123

Aug 06, 2020 3:14:21 PM Utilities.FileLogger write
INFO: >>> createPlayerAccount >>> age >>> 15

Aug 06, 2020 3:14:21 PM Utilities.FileLogger write
INFO: >>> createPlayerAccount >>> ipadddress >>> 182.34.2.2

Aug 06, 2020 3:14:21 PM Utilities.FileLogger write
INFO: >>> createPlayerAccount >>> User information stored

Aug 06, 2020 3:17:54 PM Utilities.FileLogger write
INFO: >>> createPlayerAccount

Aug 06, 2020 3:17:54 PM Utilities.FileLogger write
INFO: >>> createPlayerAccount >>> username >>> Charles123

Aug 06, 2020 3:17:54 PM Utilities.FileLogger write
INFO: >>> createPlayerAccount >>> firstname >>> Charles

Aug 06, 2020 3:17:54 PM Utilities.FileLogger write
INFO: >>> createPlayerAccount >>> lastname >>> Lee

Aug 06, 2020 3:17:54 PM Utilities.FileLogger write
INFO: >>> createPlayerAccount >>> password >>> Charles123

Aug 06, 2020 3:17:54 PM Utilities.FileLogger write
INFO: >>> createPlayerAccount >>> age >>> 15

Aug 06, 2020 3:17:54 PM Utilities.FileLogger write
INFO: >>> createPlayerAccount >>> ipadddress >>> 182.34.2.2

Aug 06, 2020 3:17:54 PM Utilities.FileLogger write
INFO: >>> createPlayerAccount >>> User information stored

Aug 06, 2020 3:21:08 PM Utilities.FileLogger write
INFO: >>> createPlayerAccount

Aug 06, 2020 3:21:08 PM Utilities.FileLogger write
INFO: >>> createPlayerAccount >>> username >>> Charles123

Aug 06, 2020 3:21:08 PM Utilities.FileLogger write
INFO: >>> createPlayerAccount >>> firstname >>> Charles

Aug 06, 2020 3:21:08 PM Utilities.FileLogger write
INFO: >>> createPlayerAccount >>> lastname >>> Lee

Aug 06, 2020 3:21:08 PM Utilities.FileLogger write
INFO: >>> createPlayerAccount >>> password >>> Charles123

Aug 06, 2020 3:21:08 PM Utilities.FileLogger write
INFO: >>> createPlayerAccount >>> age >>> 15

Aug 06, 2020 3:21:08 PM Utilities.FileLogger write
INFO: >>> createPlayerAccount >>> ipadddress >>> 182.34.2.2

Aug 06, 2020 3:21:08 PM Utilities.FileLogger write
INFO: >>> createPlayerAccount >>> User information stored

Aug 06, 2020 3:37:24 PM Utilities.FileLogger write
INFO: >>> createPlayerAccount

Aug 06, 2020 3:37:24 PM Utilities.FileLogger write
INFO: >>> createPlayerAccount >>> username >>> Charles123

Aug 06, 2020 3:37:24 PM Utilities.FileLogger write
INFO: >>> createPlayerAccount >>> firstname >>> Charles

Aug 06, 2020 3:37:24 PM Utilities.FileLogger write
INFO: >>> createPlayerAccount >>> lastname >>> Lee

Aug 06, 2020 3:37:24 PM Utilities.FileLogger write
INFO: >>> createPlayerAccount >>> password >>> Charles123

Aug 06, 2020 3:37:24 PM Utilities.FileLogger write
INFO: >>> createPlayerAccount >>> age >>> 15

Aug 06, 2020 3:37:24 PM Utilities.FileLogger write
INFO: >>> createPlayerAccount >>> ipadddress >>> 182.34.2.2

Aug 06, 2020 3:37:24 PM Utilities.FileLogger write
INFO: >>> createPlayerAccount >>> User information stored

Aug 06, 2020 3:38:03 PM Utilities.FileLogger write
INFO: >>> createPlayerAccount

Aug 06, 2020 3:38:03 PM Utilities.FileLogger write
INFO: >>> createPlayerAccount >>> username >>> Charles123

Aug 06, 2020 3:38:03 PM Utilities.FileLogger write
INFO: >>> createPlayerAccount >>> firstname >>> Charles

Aug 06, 2020 3:38:03 PM Utilities.FileLogger write
INFO: >>> createPlayerAccount >>> lastname >>> Lee

Aug 06, 2020 3:38:03 PM Utilities.FileLogger write
INFO: >>> createPlayerAccount >>> password >>> Charles123

Aug 06, 2020 3:38:03 PM Utilities.FileLogger write
INFO: >>> createPlayerAccount >>> age >>> 15

Aug 06, 2020 3:38:03 PM Utilities.FileLogger write
INFO: >>> createPlayerAccount >>> ipadddress >>> 182.34.2.2

Aug 06, 2020 3:38:03 PM Utilities.FileLogger write
INFO: >>> createPlayerAccount >>> User information stored

Aug 06, 2020 3:38:46 PM Utilities.FileLogger write
INFO: >>> createPlayerAccount

Aug 06, 2020 3:38:46 PM Utilities.FileLogger write
INFO: >>> createPlayerAccount >>> username >>> Charles123

Aug 06, 2020 3:38:46 PM Utilities.FileLogger write
INFO: >>> createPlayerAccount >>> firstname >>> Charles

Aug 06, 2020 3:38:46 PM Utilities.FileLogger write
INFO: >>> createPlayerAccount >>> lastname >>> Lee

Aug 06, 2020 3:38:46 PM Utilities.FileLogger write
INFO: >>> createPlayerAccount >>> password >>> Charles123

Aug 06, 2020 3:38:46 PM Utilities.FileLogger write
INFO: >>> createPlayerAccount >>> age >>> 15

Aug 06, 2020 3:38:46 PM Utilities.FileLogger write
INFO: >>> createPlayerAccount >>> ipadddress >>> 182.34.2.2

Aug 06, 2020 3:38:46 PM Utilities.FileLogger write
INFO: >>> createPlayerAccount >>> User information stored

Aug 06, 2020 3:46:55 PM Utilities.FileLogger write
INFO: >>> createPlayerAccount

Aug 06, 2020 3:46:55 PM Utilities.FileLogger write
INFO: >>> createPlayerAccount >>> username >>> Charles123

Aug 06, 2020 3:46:55 PM Utilities.FileLogger write
INFO: >>> createPlayerAccount >>> firstname >>> Charles

Aug 06, 2020 3:46:55 PM Utilities.FileLogger write
INFO: >>> createPlayerAccount >>> lastname >>> Lee

Aug 06, 2020 3:46:55 PM Utilities.FileLogger write
INFO: >>> createPlayerAccount >>> password >>> Charles123

Aug 06, 2020 3:46:55 PM Utilities.FileLogger write
INFO: >>> createPlayerAccount >>> age >>> 15

Aug 06, 2020 3:46:55 PM Utilities.FileLogger write
INFO: >>> createPlayerAccount >>> ipadddress >>> 182.34.2.2

Aug 06, 2020 3:46:55 PM Utilities.FileLogger write
INFO: >>> createPlayerAccount >>> User information stored

Aug 06, 2020 3:48:16 PM Utilities.FileLogger write
INFO: >>> createPlayerAccount

Aug 06, 2020 3:48:16 PM Utilities.FileLogger write
INFO: >>> createPlayerAccount >>> username >>> Charles123

Aug 06, 2020 3:48:16 PM Utilities.FileLogger write
INFO: >>> createPlayerAccount >>> firstname >>> Charles

Aug 06, 2020 3:48:16 PM Utilities.FileLogger write
INFO: >>> createPlayerAccount >>> lastname >>> Lee

Aug 06, 2020 3:48:16 PM Utilities.FileLogger write
INFO: >>> createPlayerAccount >>> password >>> Charles123

Aug 06, 2020 3:48:16 PM Utilities.FileLogger write
INFO: >>> createPlayerAccount >>> age >>> 15

Aug 06, 2020 3:48:16 PM Utilities.FileLogger write
INFO: >>> createPlayerAccount >>> ipadddress >>> 182.34.2.2

Aug 06, 2020 3:48:16 PM Utilities.FileLogger write
INFO: >>> createPlayerAccount >>> User information stored

Aug 06, 2020 3:49:59 PM Utilities.FileLogger write
INFO: >>> createPlayerAccount

Aug 06, 2020 3:49:59 PM Utilities.FileLogger write
INFO: >>> createPlayerAccount >>> username >>> Charles123

Aug 06, 2020 3:49:59 PM Utilities.FileLogger write
INFO: >>> createPlayerAccount >>> firstname >>> Charles

Aug 06, 2020 3:49:59 PM Utilities.FileLogger write
INFO: >>> createPlayerAccount >>> lastname >>> Lee

Aug 06, 2020 3:49:59 PM Utilities.FileLogger write
INFO: >>> createPlayerAccount >>> password >>> Charles123

Aug 06, 2020 3:49:59 PM Utilities.FileLogger write
INFO: >>> createPlayerAccount >>> age >>> 15

Aug 06, 2020 3:49:59 PM Utilities.FileLogger write
INFO: >>> createPlayerAccount >>> ipadddress >>> 182.34.2.2

Aug 06, 2020 3:49:59 PM Utilities.FileLogger write
INFO: >>> createPlayerAccount >>> User information stored

Aug 06, 2020 3:52:07 PM Utilities.FileLogger write
INFO: >>> createPlayerAccount

Aug 06, 2020 3:52:07 PM Utilities.FileLogger write
INFO: >>> createPlayerAccount >>> username >>> Charles123

Aug 06, 2020 3:52:07 PM Utilities.FileLogger write
INFO: >>> createPlayerAccount >>> firstname >>> Charles

Aug 06, 2020 3:52:07 PM Utilities.FileLogger write
INFO: >>> createPlayerAccount >>> lastname >>> Lee

Aug 06, 2020 3:52:07 PM Utilities.FileLogger write
INFO: >>> createPlayerAccount >>> password >>> Charles123

Aug 06, 2020 3:52:07 PM Utilities.FileLogger write
INFO: >>> createPlayerAccount >>> age >>> 15

Aug 06, 2020 3:52:07 PM Utilities.FileLogger write
INFO: >>> createPlayerAccount >>> ipadddress >>> 182.34.2.2

Aug 06, 2020 3:52:07 PM Utilities.FileLogger write
INFO: >>> createPlayerAccount >>> User information stored

Aug 06, 2020 4:00:06 PM Utilities.FileLogger write
INFO: >>> createPlayerAccount

Aug 06, 2020 4:00:06 PM Utilities.FileLogger write
INFO: >>> createPlayerAccount >>> username >>> Charles123

Aug 06, 2020 4:00:06 PM Utilities.FileLogger write
INFO: >>> createPlayerAccount >>> firstname >>> Charles

Aug 06, 2020 4:00:06 PM Utilities.FileLogger write
INFO: >>> createPlayerAccount >>> lastname >>> Lee

Aug 06, 2020 4:00:06 PM Utilities.FileLogger write
INFO: >>> createPlayerAccount >>> password >>> Charles123

Aug 06, 2020 4:00:06 PM Utilities.FileLogger write
INFO: >>> createPlayerAccount >>> age >>> 15

Aug 06, 2020 4:00:06 PM Utilities.FileLogger write
INFO: >>> createPlayerAccount >>> ipadddress >>> 182.34.2.2

Aug 06, 2020 4:00:06 PM Utilities.FileLogger write
INFO: >>> createPlayerAccount >>> User information stored

Aug 06, 2020 4:00:43 PM Utilities.FileLogger write
INFO: >>> createPlayerAccount

Aug 06, 2020 4:00:43 PM Utilities.FileLogger write
INFO: >>> createPlayerAccount >>> username >>> Charles123

Aug 06, 2020 4:00:43 PM Utilities.FileLogger write
INFO: >>> createPlayerAccount >>> firstname >>> Charles

Aug 06, 2020 4:00:43 PM Utilities.FileLogger write
INFO: >>> createPlayerAccount >>> lastname >>> Lee

Aug 06, 2020 4:00:43 PM Utilities.FileLogger write
INFO: >>> createPlayerAccount >>> password >>> Charles123

Aug 06, 2020 4:00:43 PM Utilities.FileLogger write
INFO: >>> createPlayerAccount >>> age >>> 15

Aug 06, 2020 4:00:43 PM Utilities.FileLogger write
INFO: >>> createPlayerAccount >>> ipadddress >>> 182.34.2.2

Aug 06, 2020 4:00:43 PM Utilities.FileLogger write
INFO: >>> createPlayerAccount >>> User information stored

Aug 06, 2020 4:02:49 PM Utilities.FileLogger write
INFO: >>> createPlayerAccount

Aug 06, 2020 4:02:49 PM Utilities.FileLogger write
INFO: >>> createPlayerAccount >>> username >>> Charles123

Aug 06, 2020 4:02:49 PM Utilities.FileLogger write
INFO: >>> createPlayerAccount >>> firstname >>> Charles

Aug 06, 2020 4:02:49 PM Utilities.FileLogger write
INFO: >>> createPlayerAccount >>> lastname >>> Lee

Aug 06, 2020 4:02:49 PM Utilities.FileLogger write
INFO: >>> createPlayerAccount >>> password >>> Charles123

Aug 06, 2020 4:02:49 PM Utilities.FileLogger write
INFO: >>> createPlayerAccount >>> age >>> 15

Aug 06, 2020 4:02:49 PM Utilities.FileLogger write
INFO: >>> createPlayerAccount >>> ipadddress >>> 182.34.2.2

Aug 06, 2020 4:02:49 PM Utilities.FileLogger write
INFO: >>> createPlayerAccount >>> User information stored

Aug 06, 2020 4:06:22 PM Utilities.FileLogger write
INFO: >>> createPlayerAccount

Aug 06, 2020 4:06:22 PM Utilities.FileLogger write
INFO: >>> createPlayerAccount >>> username >>> Charles123

Aug 06, 2020 4:06:22 PM Utilities.FileLogger write
INFO: >>> createPlayerAccount >>> firstname >>> Charles

Aug 06, 2020 4:06:22 PM Utilities.FileLogger write
INFO: >>> createPlayerAccount >>> lastname >>> Lee

Aug 06, 2020 4:06:22 PM Utilities.FileLogger write
INFO: >>> createPlayerAccount >>> password >>> Charles123

Aug 06, 2020 4:06:22 PM Utilities.FileLogger write
INFO: >>> createPlayerAccount >>> age >>> 15

Aug 06, 2020 4:06:22 PM Utilities.FileLogger write
INFO: >>> createPlayerAccount >>> ipadddress >>> 182.34.2.2

Aug 06, 2020 4:06:22 PM Utilities.FileLogger write
INFO: >>> createPlayerAccount >>> User information stored

Aug 06, 2020 4:09:26 PM Utilities.FileLogger write
INFO: >>> createPlayerAccount

Aug 06, 2020 4:09:26 PM Utilities.FileLogger write
INFO: >>> createPlayerAccount >>> username >>> Charles123

Aug 06, 2020 4:09:26 PM Utilities.FileLogger write
INFO: >>> createPlayerAccount >>> firstname >>> Charles

Aug 06, 2020 4:09:26 PM Utilities.FileLogger write
INFO: >>> createPlayerAccount >>> lastname >>> Lee

Aug 06, 2020 4:09:26 PM Utilities.FileLogger write
INFO: >>> createPlayerAccount >>> password >>> Charles123

Aug 06, 2020 4:09:26 PM Utilities.FileLogger write
INFO: >>> createPlayerAccount >>> age >>> 15

Aug 06, 2020 4:09:26 PM Utilities.FileLogger write
INFO: >>> createPlayerAccount >>> ipadddress >>> 182.34.2.2

Aug 06, 2020 4:09:26 PM Utilities.FileLogger write
INFO: >>> createPlayerAccount >>> User information stored

Aug 06, 2020 4:32:01 PM Utilities.FileLogger write
INFO: >>> createPlayerAccount

Aug 06, 2020 4:32:01 PM Utilities.FileLogger write
INFO: >>> createPlayerAccount >>> username >>> Charles123

Aug 06, 2020 4:32:01 PM Utilities.FileLogger write
INFO: >>> createPlayerAccount >>> firstname >>> Charles

Aug 06, 2020 4:32:01 PM Utilities.FileLogger write
INFO: >>> createPlayerAccount >>> lastname >>> Lee

Aug 06, 2020 4:32:01 PM Utilities.FileLogger write
INFO: >>> createPlayerAccount >>> password >>> Charles123

Aug 06, 2020 4:32:01 PM Utilities.FileLogger write
INFO: >>> createPlayerAccount >>> age >>> 15

Aug 06, 2020 4:32:01 PM Utilities.FileLogger write
INFO: >>> createPlayerAccount >>> ipadddress >>> 182.34.2.2

Aug 06, 2020 4:32:01 PM Utilities.FileLogger write
INFO: >>> createPlayerAccount >>> User information stored

Aug 06, 2020 4:33:24 PM Utilities.FileLogger write
INFO: >>> createPlayerAccount

Aug 06, 2020 4:33:24 PM Utilities.FileLogger write
INFO: >>> createPlayerAccount >>> username >>> Charles123

Aug 06, 2020 4:33:24 PM Utilities.FileLogger write
INFO: >>> createPlayerAccount >>> firstname >>> Charles

Aug 06, 2020 4:33:24 PM Utilities.FileLogger write
INFO: >>> createPlayerAccount >>> lastname >>> Lee

Aug 06, 2020 4:33:24 PM Utilities.FileLogger write
INFO: >>> createPlayerAccount >>> password >>> Charles123

Aug 06, 2020 4:33:24 PM Utilities.FileLogger write
INFO: >>> createPlayerAccount >>> age >>> 15

Aug 06, 2020 4:33:24 PM Utilities.FileLogger write
INFO: >>> createPlayerAccount >>> ipadddress >>> 182.34.2.2

Aug 06, 2020 4:33:24 PM Utilities.FileLogger write
INFO: >>> createPlayerAccount >>> User information stored

Aug 06, 2020 4:33:27 PM Utilities.FileLogger write
INFO: >>> createPlayerAccount

Aug 06, 2020 4:33:27 PM Utilities.FileLogger write
INFO: >>> createPlayerAccount >>> username >>> Charles123

Aug 06, 2020 4:33:27 PM Utilities.FileLogger write
INFO: >>> createPlayerAccount >>> firstname >>> Charles

Aug 06, 2020 4:33:27 PM Utilities.FileLogger write
INFO: >>> createPlayerAccount >>> lastname >>> Lee

Aug 06, 2020 4:33:27 PM Utilities.FileLogger write
INFO: >>> createPlayerAccount >>> password >>> Charles123

Aug 06, 2020 4:33:27 PM Utilities.FileLogger write
INFO: >>> createPlayerAccount >>> age >>> 15

Aug 06, 2020 4:33:27 PM Utilities.FileLogger write
INFO: >>> createPlayerAccount >>> ipadddress >>> 182.34.2.2

Aug 06, 2020 4:33:27 PM Utilities.FileLogger write
INFO: >>> createPlayerAccount >>> User information stored

Aug 06, 2020 4:55:21 PM Utilities.FileLogger write
INFO: >>> createPlayerAccount

Aug 06, 2020 4:55:21 PM Utilities.FileLogger write
INFO: >>> createPlayerAccount >>> username >>> Charles123

Aug 06, 2020 4:55:21 PM Utilities.FileLogger write
INFO: >>> createPlayerAccount >>> firstname >>> Charles

Aug 06, 2020 4:55:21 PM Utilities.FileLogger write
INFO: >>> createPlayerAccount >>> lastname >>> Lee

Aug 06, 2020 4:55:21 PM Utilities.FileLogger write
INFO: >>> createPlayerAccount >>> password >>> Charles123

Aug 06, 2020 4:55:21 PM Utilities.FileLogger write
INFO: >>> createPlayerAccount >>> age >>> 15

Aug 06, 2020 4:55:21 PM Utilities.FileLogger write
INFO: >>> createPlayerAccount >>> ipadddress >>> 182.34.2.2

Aug 06, 2020 4:55:21 PM Utilities.FileLogger write
INFO: >>> createPlayerAccount >>> User information stored

Aug 06, 2020 10:15:59 PM Utilities.FileLogger write
INFO: >>> createPlayerAccount

Aug 06, 2020 10:15:59 PM Utilities.FileLogger write
INFO: >>> createPlayerAccount >>> username >>> Charles123

Aug 06, 2020 10:15:59 PM Utilities.FileLogger write
INFO: >>> createPlayerAccount >>> firstname >>> Charles

Aug 06, 2020 10:15:59 PM Utilities.FileLogger write
INFO: >>> createPlayerAccount >>> lastname >>> Lee

Aug 06, 2020 10:15:59 PM Utilities.FileLogger write
INFO: >>> createPlayerAccount >>> password >>> Charles123

Aug 06, 2020 10:15:59 PM Utilities.FileLogger write
INFO: >>> createPlayerAccount >>> age >>> 15

Aug 06, 2020 10:15:59 PM Utilities.FileLogger write
INFO: >>> createPlayerAccount >>> ipadddress >>> 182.34.2.2

Aug 06, 2020 10:15:59 PM Utilities.FileLogger write
INFO: >>> createPlayerAccount >>> User information stored

Aug 07, 2020 3:24:37 PM Utilities.FileLogger write
INFO: >>> createPlayerAccount

Aug 07, 2020 3:24:37 PM Utilities.FileLogger write
INFO: >>> createPlayerAccount >>> username >>> Charles123

Aug 07, 2020 3:24:37 PM Utilities.FileLogger write
INFO: >>> createPlayerAccount >>> firstname >>> Charles

Aug 07, 2020 3:24:37 PM Utilities.FileLogger write
INFO: >>> createPlayerAccount >>> lastname >>> Lee

Aug 07, 2020 3:24:37 PM Utilities.FileLogger write
INFO: >>> createPlayerAccount >>> password >>> Charles123

Aug 07, 2020 3:24:37 PM Utilities.FileLogger write
INFO: >>> createPlayerAccount >>> age >>> 15

Aug 07, 2020 3:24:37 PM Utilities.FileLogger write
INFO: >>> createPlayerAccount >>> ipadddress >>> 182.34.2.2

Aug 07, 2020 3:24:37 PM Utilities.FileLogger write
INFO: >>> createPlayerAccount >>> User information stored

Aug 07, 2020 3:29:02 PM Utilities.FileLogger write
INFO: >>> createPlayerAccount

Aug 07, 2020 3:29:02 PM Utilities.FileLogger write
INFO: >>> createPlayerAccount >>> username >>> Charles123

Aug 07, 2020 3:29:02 PM Utilities.FileLogger write
INFO: >>> createPlayerAccount >>> firstname >>> Charles

Aug 07, 2020 3:29:02 PM Utilities.FileLogger write
INFO: >>> createPlayerAccount >>> lastname >>> Lee

Aug 07, 2020 3:29:02 PM Utilities.FileLogger write
INFO: >>> createPlayerAccount >>> password >>> Charles123

Aug 07, 2020 3:29:02 PM Utilities.FileLogger write
INFO: >>> createPlayerAccount >>> age >>> 15

Aug 07, 2020 3:29:02 PM Utilities.FileLogger write
INFO: >>> createPlayerAccount >>> ipadddress >>> 182.34.2.2

Aug 07, 2020 3:29:02 PM Utilities.FileLogger write
INFO: >>> createPlayerAccount >>> User information stored

Aug 07, 2020 3:54:43 PM Utilities.FileLogger write
INFO: >>> createPlayerAccount

Aug 07, 2020 3:54:43 PM Utilities.FileLogger write
INFO: >>> createPlayerAccount >>> username >>> Charles123

Aug 07, 2020 3:54:43 PM Utilities.FileLogger write
INFO: >>> createPlayerAccount >>> firstname >>> Charles

Aug 07, 2020 3:54:43 PM Utilities.FileLogger write
INFO: >>> createPlayerAccount >>> lastname >>> Lee

Aug 07, 2020 3:54:43 PM Utilities.FileLogger write
INFO: >>> createPlayerAccount >>> password >>> Charles123

Aug 07, 2020 3:54:43 PM Utilities.FileLogger write
INFO: >>> createPlayerAccount >>> age >>> 15

Aug 07, 2020 3:54:43 PM Utilities.FileLogger write
INFO: >>> createPlayerAccount >>> ipadddress >>> 182.34.2.2

Aug 07, 2020 3:54:43 PM Utilities.FileLogger write
INFO: >>> createPlayerAccount >>> User information stored

Aug 08, 2020 3:03:31 PM Utilities.FileLogger write
INFO: >>> createPlayerAccount

Aug 08, 2020 3:03:31 PM Utilities.FileLogger write
INFO: >>> createPlayerAccount >>> username >>> Charles123

Aug 08, 2020 3:03:31 PM Utilities.FileLogger write
INFO: >>> createPlayerAccount >>> firstname >>> Charles

Aug 08, 2020 3:03:31 PM Utilities.FileLogger write
INFO: >>> createPlayerAccount >>> lastname >>> Lee

Aug 08, 2020 3:03:31 PM Utilities.FileLogger write
INFO: >>> createPlayerAccount >>> password >>> Charles123

Aug 08, 2020 3:03:31 PM Utilities.FileLogger write
INFO: >>> createPlayerAccount >>> age >>> 15

Aug 08, 2020 3:03:31 PM Utilities.FileLogger write
INFO: >>> createPlayerAccount >>> ipadddress >>> 182.34.2.2

Aug 08, 2020 3:03:31 PM Utilities.FileLogger write
INFO: >>> createPlayerAccount >>> User information stored

Aug 08, 2020 3:38:20 PM Utilities.FileLogger write
INFO: >>> createPlayerAccount

Aug 08, 2020 3:38:20 PM Utilities.FileLogger write
INFO: >>> createPlayerAccount >>> username >>> Charles123

Aug 08, 2020 3:38:20 PM Utilities.FileLogger write
INFO: >>> createPlayerAccount >>> firstname >>> Charles

Aug 08, 2020 3:38:20 PM Utilities.FileLogger write
INFO: >>> createPlayerAccount >>> lastname >>> Lee

Aug 08, 2020 3:38:20 PM Utilities.FileLogger write
INFO: >>> createPlayerAccount >>> password >>> Charles123

Aug 08, 2020 3:38:20 PM Utilities.FileLogger write
INFO: >>> createPlayerAccount >>> age >>> 15

Aug 08, 2020 3:38:20 PM Utilities.FileLogger write
INFO: >>> createPlayerAccount >>> ipadddress >>> 182.34.2.2

Aug 08, 2020 3:38:20 PM Utilities.FileLogger write
INFO: >>> createPlayerAccount >>> User information stored

Aug 08, 2020 5:11:49 PM Utilities.FileLogger write
INFO: >>> createPlayerAccount

Aug 08, 2020 5:11:49 PM Utilities.FileLogger write
INFO: >>> createPlayerAccount >>> username >>> Charles123

Aug 08, 2020 5:11:49 PM Utilities.FileLogger write
INFO: >>> createPlayerAccount >>> firstname >>> Charles

Aug 08, 2020 5:11:49 PM Utilities.FileLogger write
INFO: >>> createPlayerAccount >>> lastname >>> Lee

Aug 08, 2020 5:11:49 PM Utilities.FileLogger write
INFO: >>> createPlayerAccount >>> password >>> Charles123

Aug 08, 2020 5:11:49 PM Utilities.FileLogger write
INFO: >>> createPlayerAccount >>> age >>> 15

Aug 08, 2020 5:11:49 PM Utilities.FileLogger write
INFO: >>> createPlayerAccount >>> ipadddress >>> 182.34.2.2

Aug 08, 2020 5:11:49 PM Utilities.FileLogger write
INFO: >>> createPlayerAccount >>> User information stored

Aug 08, 2020 5:18:50 PM Utilities.FileLogger write
INFO: >>> createPlayerAccount

Aug 08, 2020 5:18:50 PM Utilities.FileLogger write
INFO: >>> createPlayerAccount >>> username >>> Charles123

Aug 08, 2020 5:18:50 PM Utilities.FileLogger write
INFO: >>> createPlayerAccount >>> firstname >>> Charles

Aug 08, 2020 5:18:50 PM Utilities.FileLogger write
INFO: >>> createPlayerAccount >>> lastname >>> Lee

Aug 08, 2020 5:18:50 PM Utilities.FileLogger write
INFO: >>> createPlayerAccount >>> password >>> Charles123

Aug 08, 2020 5:18:50 PM Utilities.FileLogger write
INFO: >>> createPlayerAccount >>> age >>> 15

Aug 08, 2020 5:18:50 PM Utilities.FileLogger write
INFO: >>> createPlayerAccount >>> ipadddress >>> 182.34.2.2

Aug 08, 2020 5:18:50 PM Utilities.FileLogger write
INFO: >>> createPlayerAccount >>> User information stored

Aug 08, 2020 5:29:59 PM Utilities.FileLogger write
INFO: >>> createPlayerAccount

Aug 08, 2020 5:29:59 PM Utilities.FileLogger write
INFO: >>> createPlayerAccount >>> username >>> Charles123

Aug 08, 2020 5:29:59 PM Utilities.FileLogger write
INFO: >>> createPlayerAccount >>> firstname >>> Charles

Aug 08, 2020 5:29:59 PM Utilities.FileLogger write
INFO: >>> createPlayerAccount >>> lastname >>> Lee

Aug 08, 2020 5:29:59 PM Utilities.FileLogger write
INFO: >>> createPlayerAccount >>> password >>> Charles123

Aug 08, 2020 5:29:59 PM Utilities.FileLogger write
INFO: >>> createPlayerAccount >>> age >>> 15

Aug 08, 2020 5:29:59 PM Utilities.FileLogger write
INFO: >>> createPlayerAccount >>> ipadddress >>> 182.34.2.2

Aug 08, 2020 5:29:59 PM Utilities.FileLogger write
INFO: >>> createPlayerAccount >>> User information stored

Aug 08, 2020 5:43:39 PM Utilities.FileLogger write
INFO: >>> createPlayerAccount

Aug 08, 2020 5:43:39 PM Utilities.FileLogger write
INFO: >>> createPlayerAccount >>> username >>> Charles123

Aug 08, 2020 5:43:39 PM Utilities.FileLogger write
INFO: >>> createPlayerAccount >>> firstname >>> Charles

Aug 08, 2020 5:43:39 PM Utilities.FileLogger write
INFO: >>> createPlayerAccount >>> lastname >>> Lee

Aug 08, 2020 5:43:39 PM Utilities.FileLogger write
INFO: >>> createPlayerAccount >>> password >>> Charles123

Aug 08, 2020 5:43:39 PM Utilities.FileLogger write
INFO: >>> createPlayerAccount >>> age >>> 15

Aug 08, 2020 5:43:39 PM Utilities.FileLogger write
INFO: >>> createPlayerAccount >>> ipadddress >>> 182.34.2.2

Aug 08, 2020 5:43:39 PM Utilities.FileLogger write
INFO: >>> createPlayerAccount >>> User information stored

Aug 08, 2020 5:52:31 PM Utilities.FileLogger write
INFO: >>> createPlayerAccount

Aug 08, 2020 5:52:31 PM Utilities.FileLogger write
INFO: >>> createPlayerAccount >>> username >>> Charles123

Aug 08, 2020 5:52:31 PM Utilities.FileLogger write
INFO: >>> createPlayerAccount >>> firstname >>> Charles

Aug 08, 2020 5:52:31 PM Utilities.FileLogger write
INFO: >>> createPlayerAccount >>> lastname >>> Lee

Aug 08, 2020 5:52:31 PM Utilities.FileLogger write
INFO: >>> createPlayerAccount >>> password >>> Charles123

Aug 08, 2020 5:52:31 PM Utilities.FileLogger write
INFO: >>> createPlayerAccount >>> age >>> 15

Aug 08, 2020 5:52:31 PM Utilities.FileLogger write
INFO: >>> createPlayerAccount >>> ipadddress >>> 182.34.2.2

Aug 08, 2020 5:52:31 PM Utilities.FileLogger write
INFO: >>> createPlayerAccount >>> User information stored

Aug 08, 2020 5:57:38 PM Utilities.FileLogger write
INFO: >>> createPlayerAccount

Aug 08, 2020 5:57:38 PM Utilities.FileLogger write
INFO: >>> createPlayerAccount >>> username >>> Charles123

Aug 08, 2020 5:57:38 PM Utilities.FileLogger write
INFO: >>> createPlayerAccount >>> firstname >>> Charles

Aug 08, 2020 5:57:38 PM Utilities.FileLogger write
INFO: >>> createPlayerAccount >>> lastname >>> Lee

Aug 08, 2020 5:57:38 PM Utilities.FileLogger write
INFO: >>> createPlayerAccount >>> password >>> Charles123

Aug 08, 2020 5:57:38 PM Utilities.FileLogger write
INFO: >>> createPlayerAccount >>> age >>> 15

Aug 08, 2020 5:57:38 PM Utilities.FileLogger write
INFO: >>> createPlayerAccount >>> ipadddress >>> 182.34.2.2

Aug 08, 2020 5:57:38 PM Utilities.FileLogger write
INFO: >>> createPlayerAccount >>> User information stored

Aug 08, 2020 6:01:56 PM Utilities.FileLogger write
INFO: >>> createPlayerAccount

Aug 08, 2020 6:01:56 PM Utilities.FileLogger write
INFO: >>> createPlayerAccount >>> username >>> Charles123

Aug 08, 2020 6:01:56 PM Utilities.FileLogger write
INFO: >>> createPlayerAccount >>> firstname >>> Charles

Aug 08, 2020 6:01:56 PM Utilities.FileLogger write
INFO: >>> createPlayerAccount >>> lastname >>> Lee

Aug 08, 2020 6:01:56 PM Utilities.FileLogger write
INFO: >>> createPlayerAccount >>> password >>> Charles123

Aug 08, 2020 6:01:56 PM Utilities.FileLogger write
INFO: >>> createPlayerAccount >>> age >>> 15

Aug 08, 2020 6:01:56 PM Utilities.FileLogger write
INFO: >>> createPlayerAccount >>> ipadddress >>> 182.34.2.2

Aug 08, 2020 6:01:56 PM Utilities.FileLogger write
INFO: >>> createPlayerAccount >>> User information stored

Aug 09, 2020 12:39:53 AM Utilities.FileLogger write
INFO: >>> createPlayerAccount

Aug 09, 2020 12:39:53 AM Utilities.FileLogger write
INFO: >>> createPlayerAccount >>> username >>> Charles123

Aug 09, 2020 12:39:53 AM Utilities.FileLogger write
INFO: >>> createPlayerAccount >>> firstname >>> Charles

Aug 09, 2020 12:39:53 AM Utilities.FileLogger write
INFO: >>> createPlayerAccount >>> lastname >>> Lee

Aug 09, 2020 12:39:53 AM Utilities.FileLogger write
INFO: >>> createPlayerAccount >>> password >>> Charles123

Aug 09, 2020 12:39:53 AM Utilities.FileLogger write
INFO: >>> createPlayerAccount >>> age >>> 15

Aug 09, 2020 12:39:53 AM Utilities.FileLogger write
INFO: >>> createPlayerAccount >>> ipadddress >>> 182.34.2.2

Aug 09, 2020 12:39:53 AM Utilities.FileLogger write
INFO: >>> createPlayerAccount >>> User information stored

Aug 09, 2020 12:49:17 AM Utilities.FileLogger write
INFO: >>> createPlayerAccount

Aug 09, 2020 12:49:17 AM Utilities.FileLogger write
INFO: >>> createPlayerAccount >>> username >>> Charles123

Aug 09, 2020 12:49:17 AM Utilities.FileLogger write
INFO: >>> createPlayerAccount >>> firstname >>> Charles

Aug 09, 2020 12:49:17 AM Utilities.FileLogger write
INFO: >>> createPlayerAccount >>> lastname >>> Lee

Aug 09, 2020 12:49:17 AM Utilities.FileLogger write
INFO: >>> createPlayerAccount >>> password >>> Charles123

Aug 09, 2020 12:49:17 AM Utilities.FileLogger write
INFO: >>> createPlayerAccount >>> age >>> 15

Aug 09, 2020 12:49:17 AM Utilities.FileLogger write
INFO: >>> createPlayerAccount >>> ipadddress >>> 182.34.2.2

Aug 09, 2020 12:49:17 AM Utilities.FileLogger write
INFO: >>> createPlayerAccount >>> User information stored

Aug 09, 2020 12:50:28 AM Utilities.FileLogger write
INFO: >>> createPlayerAccount

Aug 09, 2020 12:50:28 AM Utilities.FileLogger write
INFO: >>> createPlayerAccount >>> username >>> Charles123

Aug 09, 2020 12:50:28 AM Utilities.FileLogger write
INFO: >>> createPlayerAccount >>> firstname >>> Charles

Aug 09, 2020 12:50:28 AM Utilities.FileLogger write
INFO: >>> createPlayerAccount >>> lastname >>> Lee

Aug 09, 2020 12:50:28 AM Utilities.FileLogger write
INFO: >>> createPlayerAccount >>> password >>> Charles123

Aug 09, 2020 12:50:28 AM Utilities.FileLogger write
INFO: >>> createPlayerAccount >>> age >>> 15

Aug 09, 2020 12:50:28 AM Utilities.FileLogger write
INFO: >>> createPlayerAccount >>> ipadddress >>> 182.34.2.2

Aug 09, 2020 12:50:28 AM Utilities.FileLogger write
INFO: >>> createPlayerAccount >>> User information stored

Aug 09, 2020 12:51:04 AM Utilities.FileLogger write
INFO: >>> createPlayerAccount

Aug 09, 2020 12:51:04 AM Utilities.FileLogger write
INFO: >>> createPlayerAccount >>> username >>> Charles123

Aug 09, 2020 12:51:04 AM Utilities.FileLogger write
INFO: >>> createPlayerAccount >>> firstname >>> Charles

Aug 09, 2020 12:51:04 AM Utilities.FileLogger write
INFO: >>> createPlayerAccount >>> lastname >>> Lee

Aug 09, 2020 12:51:04 AM Utilities.FileLogger write
INFO: >>> createPlayerAccount >>> password >>> Charles123

Aug 09, 2020 12:51:04 AM Utilities.FileLogger write
INFO: >>> createPlayerAccount >>> age >>> 15

Aug 09, 2020 12:51:04 AM Utilities.FileLogger write
INFO: >>> createPlayerAccount >>> ipadddress >>> 182.34.2.2

Aug 09, 2020 12:51:04 AM Utilities.FileLogger write
INFO: >>> createPlayerAccount >>> User information stored

Aug 09, 2020 12:52:06 AM Utilities.FileLogger write
INFO: >>> createPlayerAccount

Aug 09, 2020 12:52:06 AM Utilities.FileLogger write
INFO: >>> createPlayerAccount >>> username >>> Charles123

Aug 09, 2020 12:52:06 AM Utilities.FileLogger write
INFO: >>> createPlayerAccount >>> firstname >>> Charles

Aug 09, 2020 12:52:06 AM Utilities.FileLogger write
INFO: >>> createPlayerAccount >>> lastname >>> Lee

Aug 09, 2020 12:52:06 AM Utilities.FileLogger write
INFO: >>> createPlayerAccount >>> password >>> Charles123

Aug 09, 2020 12:52:06 AM Utilities.FileLogger write
INFO: >>> createPlayerAccount >>> age >>> 15

Aug 09, 2020 12:52:06 AM Utilities.FileLogger write
INFO: >>> createPlayerAccount >>> ipadddress >>> 182.34.2.2

Aug 09, 2020 12:52:06 AM Utilities.FileLogger write
INFO: >>> createPlayerAccount >>> User information stored

Aug 09, 2020 12:54:11 AM Utilities.FileLogger write
INFO: >>> createPlayerAccount

Aug 09, 2020 12:54:11 AM Utilities.FileLogger write
INFO: >>> createPlayerAccount >>> username >>> Charles123

Aug 09, 2020 12:54:11 AM Utilities.FileLogger write
INFO: >>> createPlayerAccount >>> firstname >>> Charles

Aug 09, 2020 12:54:11 AM Utilities.FileLogger write
INFO: >>> createPlayerAccount >>> lastname >>> Lee

Aug 09, 2020 12:54:11 AM Utilities.FileLogger write
INFO: >>> createPlayerAccount >>> password >>> Charles123

Aug 09, 2020 12:54:11 AM Utilities.FileLogger write
INFO: >>> createPlayerAccount >>> age >>> 15

Aug 09, 2020 12:54:11 AM Utilities.FileLogger write
INFO: >>> createPlayerAccount >>> ipadddress >>> 182.34.2.2

Aug 09, 2020 12:54:11 AM Utilities.FileLogger write
INFO: >>> createPlayerAccount >>> User information stored

Aug 09, 2020 12:56:53 AM Utilities.FileLogger write
INFO: >>> createPlayerAccount

Aug 09, 2020 12:56:53 AM Utilities.FileLogger write
INFO: >>> createPlayerAccount >>> username >>> Charles123

Aug 09, 2020 12:56:53 AM Utilities.FileLogger write
INFO: >>> createPlayerAccount >>> firstname >>> Charles

Aug 09, 2020 12:56:53 AM Utilities.FileLogger write
INFO: >>> createPlayerAccount >>> lastname >>> Lee

Aug 09, 2020 12:56:53 AM Utilities.FileLogger write
INFO: >>> createPlayerAccount >>> password >>> Charles123

Aug 09, 2020 12:56:53 AM Utilities.FileLogger write
INFO: >>> createPlayerAccount >>> age >>> 15

Aug 09, 2020 12:56:53 AM Utilities.FileLogger write
INFO: >>> createPlayerAccount >>> ipadddress >>> 182.34.2.2

Aug 09, 2020 12:56:53 AM Utilities.FileLogger write
INFO: >>> createPlayerAccount >>> User information stored

Aug 09, 2020 1:01:43 AM Utilities.FileLogger write
INFO: >>> createPlayerAccount

Aug 09, 2020 1:01:43 AM Utilities.FileLogger write
INFO: >>> createPlayerAccount >>> username >>> Charles123

Aug 09, 2020 1:01:43 AM Utilities.FileLogger write
INFO: >>> createPlayerAccount >>> firstname >>> Charles

Aug 09, 2020 1:01:43 AM Utilities.FileLogger write
INFO: >>> createPlayerAccount >>> lastname >>> Lee

Aug 09, 2020 1:01:43 AM Utilities.FileLogger write
INFO: >>> createPlayerAccount >>> password >>> Charles123

Aug 09, 2020 1:01:43 AM Utilities.FileLogger write
INFO: >>> createPlayerAccount >>> age >>> 15

Aug 09, 2020 1:01:43 AM Utilities.FileLogger write
INFO: >>> createPlayerAccount >>> ipadddress >>> 182.34.2.2

Aug 09, 2020 1:01:43 AM Utilities.FileLogger write
INFO: >>> createPlayerAccount >>> User information stored

Aug 09, 2020 1:12:18 AM Utilities.FileLogger write
INFO: >>> createPlayerAccount

Aug 09, 2020 1:12:18 AM Utilities.FileLogger write
INFO: >>> createPlayerAccount >>> username >>> Charles123

Aug 09, 2020 1:12:18 AM Utilities.FileLogger write
INFO: >>> createPlayerAccount >>> firstname >>> Charles

Aug 09, 2020 1:12:18 AM Utilities.FileLogger write
INFO: >>> createPlayerAccount >>> lastname >>> Lee

Aug 09, 2020 1:12:18 AM Utilities.FileLogger write
INFO: >>> createPlayerAccount >>> password >>> Charles123

Aug 09, 2020 1:12:18 AM Utilities.FileLogger write
INFO: >>> createPlayerAccount >>> age >>> 15

Aug 09, 2020 1:12:18 AM Utilities.FileLogger write
INFO: >>> createPlayerAccount >>> ipadddress >>> 182.34.2.2

Aug 09, 2020 1:12:18 AM Utilities.FileLogger write
INFO: >>> createPlayerAccount >>> User information stored

Aug 09, 2020 1:44:56 AM Utilities.FileLogger write
INFO: >>> createPlayerAccount

Aug 09, 2020 1:44:56 AM Utilities.FileLogger write
INFO: >>> createPlayerAccount >>> username >>> Charles123

Aug 09, 2020 1:44:56 AM Utilities.FileLogger write
INFO: >>> createPlayerAccount >>> firstname >>> Charles

Aug 09, 2020 1:44:56 AM Utilities.FileLogger write
INFO: >>> createPlayerAccount >>> lastname >>> Lee

Aug 09, 2020 1:44:56 AM Utilities.FileLogger write
INFO: >>> createPlayerAccount >>> password >>> Charles123

Aug 09, 2020 1:44:56 AM Utilities.FileLogger write
INFO: >>> createPlayerAccount >>> age >>> 15

Aug 09, 2020 1:44:56 AM Utilities.FileLogger write
INFO: >>> createPlayerAccount >>> ipadddress >>> 182.34.2.2

Aug 09, 2020 1:44:56 AM Utilities.FileLogger write
INFO: >>> createPlayerAccount >>> User information stored

Aug 09, 2020 1:45:36 AM Utilities.FileLogger write
INFO: >>> createPlayerAccount

Aug 09, 2020 1:45:36 AM Utilities.FileLogger write
INFO: >>> createPlayerAccount >>> username >>> Charles123

Aug 09, 2020 1:45:36 AM Utilities.FileLogger write
INFO: >>> createPlayerAccount >>> firstname >>> Charles

Aug 09, 2020 1:45:36 AM Utilities.FileLogger write
INFO: >>> createPlayerAccount >>> lastname >>> Lee

Aug 09, 2020 1:45:36 AM Utilities.FileLogger write
INFO: >>> createPlayerAccount >>> password >>> Charles123

Aug 09, 2020 1:45:36 AM Utilities.FileLogger write
INFO: >>> createPlayerAccount >>> age >>> 15

Aug 09, 2020 1:45:36 AM Utilities.FileLogger write
INFO: >>> createPlayerAccount >>> ipadddress >>> 182.34.2.2

Aug 09, 2020 1:45:37 AM Utilities.FileLogger write
INFO: >>> createPlayerAccount >>> User information stored

