Aug 02, 2020 5:17:26 PM Utilities.FileLogger write
INFO: >>> createPlayerAccount

Aug 02, 2020 5:17:26 PM Utilities.FileLogger write
INFO: >>> createPlayerAccount >>> username >>> Davinia123

Aug 02, 2020 5:17:26 PM Utilities.FileLogger write
INFO: >>> createPlayerAccount >>> firstname >>> Davinia

Aug 02, 2020 5:17:26 PM Utilities.FileLogger write
INFO: >>> createPlayerAccount >>> lastname >>> Amsel

Aug 02, 2020 5:17:26 PM Utilities.FileLogger write
INFO: >>> createPlayerAccount >>> password >>> Davinia123

Aug 02, 2020 5:17:26 PM Utilities.FileLogger write
INFO: >>> createPlayerAccount >>> age >>> 20

Aug 02, 2020 5:17:26 PM Utilities.FileLogger write
INFO: >>> createPlayerAccount >>> ipadddress >>> 93.5.4.4

Aug 02, 2020 5:17:26 PM Utilities.FileLogger write
INFO: >>> createPlayerAccount >>> User information stored

Aug 03, 2020 2:00:27 PM Utilities.FileLogger write
INFO: >>> createPlayerAccount

Aug 03, 2020 2:00:27 PM Utilities.FileLogger write
INFO: >>> createPlayerAccount >>> username >>> Davinia123

Aug 03, 2020 2:00:27 PM Utilities.FileLogger write
INFO: >>> createPlayerAccount >>> firstname >>> Davinia

Aug 03, 2020 2:00:27 PM Utilities.FileLogger write
INFO: >>> createPlayerAccount >>> lastname >>> Amsel

Aug 03, 2020 2:00:27 PM Utilities.FileLogger write
INFO: >>> createPlayerAccount >>> password >>> Davinia123

Aug 03, 2020 2:00:27 PM Utilities.FileLogger write
INFO: >>> createPlayerAccount >>> age >>> 20

Aug 03, 2020 2:00:28 PM Utilities.FileLogger write
INFO: >>> createPlayerAccount >>> ipadddress >>> 93.5.4.4

Aug 03, 2020 2:00:28 PM Utilities.FileLogger write
INFO: >>> createPlayerAccount >>> User information stored

Aug 03, 2020 2:16:26 PM Utilities.FileLogger write
INFO: >>> createPlayerAccount

Aug 03, 2020 2:16:26 PM Utilities.FileLogger write
INFO: >>> createPlayerAccount >>> username >>> Davinia123

Aug 03, 2020 2:16:26 PM Utilities.FileLogger write
INFO: >>> createPlayerAccount >>> firstname >>> Davinia

Aug 03, 2020 2:16:26 PM Utilities.FileLogger write
INFO: >>> createPlayerAccount >>> lastname >>> Amsel

Aug 03, 2020 2:16:26 PM Utilities.FileLogger write
INFO: >>> createPlayerAccount >>> password >>> Davinia123

Aug 03, 2020 2:16:26 PM Utilities.FileLogger write
INFO: >>> createPlayerAccount >>> age >>> 20

Aug 03, 2020 2:16:26 PM Utilities.FileLogger write
INFO: >>> createPlayerAccount >>> ipadddress >>> 93.5.4.4

Aug 03, 2020 2:16:26 PM Utilities.FileLogger write
INFO: >>> createPlayerAccount >>> User information stored

Aug 03, 2020 2:19:55 PM Utilities.FileLogger write
INFO: >>> createPlayerAccount

Aug 03, 2020 2:19:55 PM Utilities.FileLogger write
INFO: >>> createPlayerAccount >>> username >>> Davinia123

Aug 03, 2020 2:19:55 PM Utilities.FileLogger write
INFO: >>> createPlayerAccount >>> firstname >>> Davinia

Aug 03, 2020 2:19:55 PM Utilities.FileLogger write
INFO: >>> createPlayerAccount >>> lastname >>> Amsel

Aug 03, 2020 2:19:55 PM Utilities.FileLogger write
INFO: >>> createPlayerAccount >>> password >>> Davinia123

Aug 03, 2020 2:19:55 PM Utilities.FileLogger write
INFO: >>> createPlayerAccount >>> age >>> 20

Aug 03, 2020 2:19:55 PM Utilities.FileLogger write
INFO: >>> createPlayerAccount >>> ipadddress >>> 93.5.4.4

Aug 03, 2020 2:19:55 PM Utilities.FileLogger write
INFO: >>> createPlayerAccount >>> User information stored

Aug 03, 2020 2:25:47 PM Utilities.FileLogger write
INFO: >>> createPlayerAccount

Aug 03, 2020 2:25:47 PM Utilities.FileLogger write
INFO: >>> createPlayerAccount >>> username >>> Davinia123

Aug 03, 2020 2:25:47 PM Utilities.FileLogger write
INFO: >>> createPlayerAccount >>> firstname >>> Davinia

Aug 03, 2020 2:25:47 PM Utilities.FileLogger write
INFO: >>> createPlayerAccount >>> lastname >>> Amsel

Aug 03, 2020 2:25:47 PM Utilities.FileLogger write
INFO: >>> createPlayerAccount >>> password >>> Davinia123

Aug 03, 2020 2:25:47 PM Utilities.FileLogger write
INFO: >>> createPlayerAccount >>> age >>> 20

Aug 03, 2020 2:25:47 PM Utilities.FileLogger write
INFO: >>> createPlayerAccount >>> ipadddress >>> 93.5.4.4

Aug 03, 2020 2:25:47 PM Utilities.FileLogger write
INFO: >>> createPlayerAccount >>> User information stored

Aug 03, 2020 2:32:27 PM Utilities.FileLogger write
INFO: >>> createPlayerAccount

Aug 03, 2020 2:32:27 PM Utilities.FileLogger write
INFO: >>> createPlayerAccount >>> username >>> Davinia123

Aug 03, 2020 2:32:27 PM Utilities.FileLogger write
INFO: >>> createPlayerAccount >>> firstname >>> Davinia

Aug 03, 2020 2:32:27 PM Utilities.FileLogger write
INFO: >>> createPlayerAccount >>> lastname >>> Amsel

Aug 03, 2020 2:32:27 PM Utilities.FileLogger write
INFO: >>> createPlayerAccount >>> password >>> Davinia123

Aug 03, 2020 2:32:27 PM Utilities.FileLogger write
INFO: >>> createPlayerAccount >>> age >>> 20

Aug 03, 2020 2:32:27 PM Utilities.FileLogger write
INFO: >>> createPlayerAccount >>> ipadddress >>> 93.5.4.4

Aug 03, 2020 2:32:27 PM Utilities.FileLogger write
INFO: >>> createPlayerAccount >>> User information stored

Aug 03, 2020 3:09:52 PM Utilities.FileLogger write
INFO: >>> createPlayerAccount

Aug 03, 2020 3:09:52 PM Utilities.FileLogger write
INFO: >>> createPlayerAccount >>> username >>> Davinia123

Aug 03, 2020 3:09:52 PM Utilities.FileLogger write
INFO: >>> createPlayerAccount >>> firstname >>> Davinia

Aug 03, 2020 3:09:52 PM Utilities.FileLogger write
INFO: >>> createPlayerAccount >>> lastname >>> Amsel

Aug 03, 2020 3:09:52 PM Utilities.FileLogger write
INFO: >>> createPlayerAccount >>> password >>> Davinia123

Aug 03, 2020 3:09:52 PM Utilities.FileLogger write
INFO: >>> createPlayerAccount >>> age >>> 20

Aug 03, 2020 3:09:52 PM Utilities.FileLogger write
INFO: >>> createPlayerAccount >>> ipadddress >>> 93.5.4.4

Aug 03, 2020 3:09:52 PM Utilities.FileLogger write
INFO: >>> createPlayerAccount >>> User information stored

Aug 03, 2020 3:11:07 PM Utilities.FileLogger write
INFO: >>> createPlayerAccount

Aug 03, 2020 3:11:07 PM Utilities.FileLogger write
INFO: >>> createPlayerAccount >>> username >>> Davinia123

Aug 03, 2020 3:11:07 PM Utilities.FileLogger write
INFO: >>> createPlayerAccount >>> firstname >>> Davinia

Aug 03, 2020 3:11:07 PM Utilities.FileLogger write
INFO: >>> createPlayerAccount >>> lastname >>> Amsel

Aug 03, 2020 3:11:07 PM Utilities.FileLogger write
INFO: >>> createPlayerAccount >>> password >>> Davinia123

Aug 03, 2020 3:11:07 PM Utilities.FileLogger write
INFO: >>> createPlayerAccount >>> age >>> 20

Aug 03, 2020 3:11:07 PM Utilities.FileLogger write
INFO: >>> createPlayerAccount >>> ipadddress >>> 93.5.4.4

Aug 03, 2020 3:11:07 PM Utilities.FileLogger write
INFO: >>> createPlayerAccount >>> User information stored

Aug 03, 2020 3:12:22 PM Utilities.FileLogger write
INFO: >>> createPlayerAccount

Aug 03, 2020 3:12:22 PM Utilities.FileLogger write
INFO: >>> createPlayerAccount >>> username >>> Davinia123

Aug 03, 2020 3:12:22 PM Utilities.FileLogger write
INFO: >>> createPlayerAccount >>> firstname >>> Davinia

Aug 03, 2020 3:12:22 PM Utilities.FileLogger write
INFO: >>> createPlayerAccount >>> lastname >>> Amsel

Aug 03, 2020 3:12:22 PM Utilities.FileLogger write
INFO: >>> createPlayerAccount >>> password >>> Davinia123

Aug 03, 2020 3:12:22 PM Utilities.FileLogger write
INFO: >>> createPlayerAccount >>> age >>> 20

Aug 03, 2020 3:12:22 PM Utilities.FileLogger write
INFO: >>> createPlayerAccount >>> ipadddress >>> 93.5.4.4

Aug 03, 2020 3:12:22 PM Utilities.FileLogger write
INFO: >>> createPlayerAccount >>> User information stored

Aug 03, 2020 3:16:19 PM Utilities.FileLogger write
INFO: >>> createPlayerAccount

Aug 03, 2020 3:16:19 PM Utilities.FileLogger write
INFO: >>> createPlayerAccount >>> username >>> Davinia123

Aug 03, 2020 3:16:19 PM Utilities.FileLogger write
INFO: >>> createPlayerAccount >>> firstname >>> Davinia

Aug 03, 2020 3:16:19 PM Utilities.FileLogger write
INFO: >>> createPlayerAccount >>> lastname >>> Amsel

Aug 03, 2020 3:16:19 PM Utilities.FileLogger write
INFO: >>> createPlayerAccount >>> password >>> Davinia123

Aug 03, 2020 3:16:19 PM Utilities.FileLogger write
INFO: >>> createPlayerAccount >>> age >>> 20

Aug 03, 2020 3:16:19 PM Utilities.FileLogger write
INFO: >>> createPlayerAccount >>> ipadddress >>> 93.5.4.4

Aug 03, 2020 3:16:19 PM Utilities.FileLogger write
INFO: >>> createPlayerAccount >>> User information stored

Aug 05, 2020 3:59:47 PM Utilities.FileLogger write
INFO: >>> createPlayerAccount

Aug 05, 2020 3:59:47 PM Utilities.FileLogger write
INFO: >>> createPlayerAccount >>> username >>> Davinia123

Aug 05, 2020 3:59:47 PM Utilities.FileLogger write
INFO: >>> createPlayerAccount >>> firstname >>> Davinia

Aug 05, 2020 3:59:47 PM Utilities.FileLogger write
INFO: >>> createPlayerAccount >>> lastname >>> Amsel

Aug 05, 2020 3:59:47 PM Utilities.FileLogger write
INFO: >>> createPlayerAccount >>> password >>> Davinia123

Aug 05, 2020 3:59:47 PM Utilities.FileLogger write
INFO: >>> createPlayerAccount >>> age >>> 20

Aug 05, 2020 3:59:47 PM Utilities.FileLogger write
INFO: >>> createPlayerAccount >>> ipadddress >>> 93.5.4.4

Aug 05, 2020 3:59:47 PM Utilities.FileLogger write
INFO: >>> createPlayerAccount >>> User information stored

Aug 05, 2020 8:04:55 PM Utilities.FileLogger write
INFO: >>> createPlayerAccount

Aug 05, 2020 8:04:55 PM Utilities.FileLogger write
INFO: >>> createPlayerAccount >>> username >>> Davinia123

Aug 05, 2020 8:04:55 PM Utilities.FileLogger write
INFO: >>> createPlayerAccount >>> firstname >>> Davinia

Aug 05, 2020 8:04:55 PM Utilities.FileLogger write
INFO: >>> createPlayerAccount >>> lastname >>> Amsel

Aug 05, 2020 8:04:55 PM Utilities.FileLogger write
INFO: >>> createPlayerAccount >>> password >>> Davinia123

Aug 05, 2020 8:04:55 PM Utilities.FileLogger write
INFO: >>> createPlayerAccount >>> age >>> 20

Aug 05, 2020 8:04:55 PM Utilities.FileLogger write
INFO: >>> createPlayerAccount >>> ipadddress >>> 93.5.4.4

Aug 05, 2020 8:04:55 PM Utilities.FileLogger write
INFO: >>> createPlayerAccount >>> User information stored

Aug 05, 2020 8:05:30 PM Utilities.FileLogger write
INFO: >>> createPlayerAccount

Aug 05, 2020 8:05:30 PM Utilities.FileLogger write
INFO: >>> createPlayerAccount >>> username >>> Davinia123

Aug 05, 2020 8:05:30 PM Utilities.FileLogger write
INFO: >>> createPlayerAccount >>> firstname >>> Davinia

Aug 05, 2020 8:05:30 PM Utilities.FileLogger write
INFO: >>> createPlayerAccount >>> lastname >>> Amsel

Aug 05, 2020 8:05:30 PM Utilities.FileLogger write
INFO: >>> createPlayerAccount >>> password >>> Davinia123

Aug 05, 2020 8:05:30 PM Utilities.FileLogger write
INFO: >>> createPlayerAccount >>> age >>> 20

Aug 05, 2020 8:05:30 PM Utilities.FileLogger write
INFO: >>> createPlayerAccount >>> ipadddress >>> 93.5.4.4

Aug 05, 2020 8:05:30 PM Utilities.FileLogger write
INFO: >>> createPlayerAccount >>> User information stored

Aug 05, 2020 8:28:42 PM Utilities.FileLogger write
INFO: >>> createPlayerAccount

Aug 05, 2020 8:28:42 PM Utilities.FileLogger write
INFO: >>> createPlayerAccount >>> username >>> Davinia123

Aug 05, 2020 8:28:42 PM Utilities.FileLogger write
INFO: >>> createPlayerAccount >>> firstname >>> Davinia

Aug 05, 2020 8:28:42 PM Utilities.FileLogger write
INFO: >>> createPlayerAccount >>> lastname >>> Amsel

Aug 05, 2020 8:28:42 PM Utilities.FileLogger write
INFO: >>> createPlayerAccount >>> password >>> Davinia123

Aug 05, 2020 8:28:42 PM Utilities.FileLogger write
INFO: >>> createPlayerAccount >>> age >>> 20

Aug 05, 2020 8:28:42 PM Utilities.FileLogger write
INFO: >>> createPlayerAccount >>> ipadddress >>> 93.5.4.4

Aug 05, 2020 8:28:42 PM Utilities.FileLogger write
INFO: >>> createPlayerAccount >>> User information stored

Aug 05, 2020 8:29:06 PM Utilities.FileLogger write
INFO: >>> createPlayerAccount

Aug 05, 2020 8:29:06 PM Utilities.FileLogger write
INFO: >>> createPlayerAccount >>> username >>> Davinia123

Aug 05, 2020 8:29:06 PM Utilities.FileLogger write
INFO: >>> createPlayerAccount >>> firstname >>> Davinia

Aug 05, 2020 8:29:06 PM Utilities.FileLogger write
INFO: >>> createPlayerAccount >>> lastname >>> Amsel

Aug 05, 2020 8:29:06 PM Utilities.FileLogger write
INFO: >>> createPlayerAccount >>> password >>> Davinia123

Aug 05, 2020 8:29:06 PM Utilities.FileLogger write
INFO: >>> createPlayerAccount >>> age >>> 20

Aug 05, 2020 8:29:06 PM Utilities.FileLogger write
INFO: >>> createPlayerAccount >>> ipadddress >>> 93.5.4.4

Aug 05, 2020 8:29:06 PM Utilities.FileLogger write
INFO: >>> createPlayerAccount >>> User information stored

Aug 06, 2020 12:47:28 AM Utilities.FileLogger write
INFO: >>> createPlayerAccount

Aug 06, 2020 12:47:28 AM Utilities.FileLogger write
INFO: >>> createPlayerAccount >>> username >>> Davinia123

Aug 06, 2020 12:47:28 AM Utilities.FileLogger write
INFO: >>> createPlayerAccount >>> firstname >>> Davinia

Aug 06, 2020 12:47:28 AM Utilities.FileLogger write
INFO: >>> createPlayerAccount >>> lastname >>> Amsel

Aug 06, 2020 12:47:28 AM Utilities.FileLogger write
INFO: >>> createPlayerAccount >>> password >>> Davinia123

Aug 06, 2020 12:47:28 AM Utilities.FileLogger write
INFO: >>> createPlayerAccount >>> age >>> 20

Aug 06, 2020 12:47:28 AM Utilities.FileLogger write
INFO: >>> createPlayerAccount >>> ipadddress >>> 93.5.4.4

Aug 06, 2020 12:47:28 AM Utilities.FileLogger write
INFO: >>> createPlayerAccount >>> User information stored

Aug 06, 2020 3:11:33 PM Utilities.FileLogger write
INFO: >>> createPlayerAccount

Aug 06, 2020 3:11:33 PM Utilities.FileLogger write
INFO: >>> createPlayerAccount >>> username >>> Davinia123

Aug 06, 2020 3:11:33 PM Utilities.FileLogger write
INFO: >>> createPlayerAccount >>> firstname >>> Davinia

Aug 06, 2020 3:11:33 PM Utilities.FileLogger write
INFO: >>> createPlayerAccount >>> lastname >>> Amsel

Aug 06, 2020 3:11:33 PM Utilities.FileLogger write
INFO: >>> createPlayerAccount >>> password >>> Davinia123

Aug 06, 2020 3:11:33 PM Utilities.FileLogger write
INFO: >>> createPlayerAccount >>> age >>> 20

Aug 06, 2020 3:11:33 PM Utilities.FileLogger write
INFO: >>> createPlayerAccount >>> ipadddress >>> 93.5.4.4

Aug 06, 2020 3:11:33 PM Utilities.FileLogger write
INFO: >>> createPlayerAccount >>> User information stored

Aug 06, 2020 3:14:28 PM Utilities.FileLogger write
INFO: >>> createPlayerAccount

Aug 06, 2020 3:14:28 PM Utilities.FileLogger write
INFO: >>> createPlayerAccount >>> username >>> Davinia123

Aug 06, 2020 3:14:28 PM Utilities.FileLogger write
INFO: >>> createPlayerAccount >>> firstname >>> Davinia

Aug 06, 2020 3:14:28 PM Utilities.FileLogger write
INFO: >>> createPlayerAccount >>> lastname >>> Amsel

Aug 06, 2020 3:14:28 PM Utilities.FileLogger write
INFO: >>> createPlayerAccount >>> password >>> Davinia123

Aug 06, 2020 3:14:28 PM Utilities.FileLogger write
INFO: >>> createPlayerAccount >>> age >>> 20

Aug 06, 2020 3:14:28 PM Utilities.FileLogger write
INFO: >>> createPlayerAccount >>> ipadddress >>> 93.5.4.4

Aug 06, 2020 3:14:28 PM Utilities.FileLogger write
INFO: >>> createPlayerAccount >>> User information stored

Aug 06, 2020 3:17:56 PM Utilities.FileLogger write
INFO: >>> createPlayerAccount

Aug 06, 2020 3:17:56 PM Utilities.FileLogger write
INFO: >>> createPlayerAccount >>> username >>> Davinia123

Aug 06, 2020 3:17:56 PM Utilities.FileLogger write
INFO: >>> createPlayerAccount >>> firstname >>> Davinia

Aug 06, 2020 3:17:56 PM Utilities.FileLogger write
INFO: >>> createPlayerAccount >>> lastname >>> Amsel

Aug 06, 2020 3:17:56 PM Utilities.FileLogger write
INFO: >>> createPlayerAccount >>> password >>> Davinia123

Aug 06, 2020 3:17:56 PM Utilities.FileLogger write
INFO: >>> createPlayerAccount >>> age >>> 20

Aug 06, 2020 3:17:56 PM Utilities.FileLogger write
INFO: >>> createPlayerAccount >>> ipadddress >>> 93.5.4.4

Aug 06, 2020 3:17:56 PM Utilities.FileLogger write
INFO: >>> createPlayerAccount >>> User information stored

Aug 06, 2020 3:21:09 PM Utilities.FileLogger write
INFO: >>> createPlayerAccount

Aug 06, 2020 3:21:09 PM Utilities.FileLogger write
INFO: >>> createPlayerAccount >>> username >>> Davinia123

Aug 06, 2020 3:21:09 PM Utilities.FileLogger write
INFO: >>> createPlayerAccount >>> firstname >>> Davinia

Aug 06, 2020 3:21:09 PM Utilities.FileLogger write
INFO: >>> createPlayerAccount >>> lastname >>> Amsel

Aug 06, 2020 3:21:09 PM Utilities.FileLogger write
INFO: >>> createPlayerAccount >>> password >>> Davinia123

Aug 06, 2020 3:21:09 PM Utilities.FileLogger write
INFO: >>> createPlayerAccount >>> age >>> 20

Aug 06, 2020 3:21:09 PM Utilities.FileLogger write
INFO: >>> createPlayerAccount >>> ipadddress >>> 93.5.4.4

Aug 06, 2020 3:21:09 PM Utilities.FileLogger write
INFO: >>> createPlayerAccount >>> User information stored

Aug 06, 2020 3:37:26 PM Utilities.FileLogger write
INFO: >>> createPlayerAccount

Aug 06, 2020 3:37:26 PM Utilities.FileLogger write
INFO: >>> createPlayerAccount >>> username >>> Davinia123

Aug 06, 2020 3:37:26 PM Utilities.FileLogger write
INFO: >>> createPlayerAccount >>> firstname >>> Davinia

Aug 06, 2020 3:37:26 PM Utilities.FileLogger write
INFO: >>> createPlayerAccount >>> lastname >>> Amsel

Aug 06, 2020 3:37:26 PM Utilities.FileLogger write
INFO: >>> createPlayerAccount >>> password >>> Davinia123

Aug 06, 2020 3:37:26 PM Utilities.FileLogger write
INFO: >>> createPlayerAccount >>> age >>> 20

Aug 06, 2020 3:37:26 PM Utilities.FileLogger write
INFO: >>> createPlayerAccount >>> ipadddress >>> 93.5.4.4

Aug 06, 2020 3:37:26 PM Utilities.FileLogger write
INFO: >>> createPlayerAccount >>> User information stored

Aug 06, 2020 3:38:03 PM Utilities.FileLogger write
INFO: >>> createPlayerAccount

Aug 06, 2020 3:38:03 PM Utilities.FileLogger write
INFO: >>> createPlayerAccount >>> username >>> Davinia123

Aug 06, 2020 3:38:03 PM Utilities.FileLogger write
INFO: >>> createPlayerAccount >>> firstname >>> Davinia

Aug 06, 2020 3:38:03 PM Utilities.FileLogger write
INFO: >>> createPlayerAccount >>> lastname >>> Amsel

Aug 06, 2020 3:38:03 PM Utilities.FileLogger write
INFO: >>> createPlayerAccount >>> password >>> Davinia123

Aug 06, 2020 3:38:03 PM Utilities.FileLogger write
INFO: >>> createPlayerAccount >>> age >>> 20

Aug 06, 2020 3:38:03 PM Utilities.FileLogger write
INFO: >>> createPlayerAccount >>> ipadddress >>> 93.5.4.4

Aug 06, 2020 3:38:03 PM Utilities.FileLogger write
INFO: >>> createPlayerAccount >>> User information stored

Aug 06, 2020 3:38:47 PM Utilities.FileLogger write
INFO: >>> createPlayerAccount

Aug 06, 2020 3:38:47 PM Utilities.FileLogger write
INFO: >>> createPlayerAccount >>> username >>> Davinia123

Aug 06, 2020 3:38:47 PM Utilities.FileLogger write
INFO: >>> createPlayerAccount >>> firstname >>> Davinia

Aug 06, 2020 3:38:47 PM Utilities.FileLogger write
INFO: >>> createPlayerAccount >>> lastname >>> Amsel

Aug 06, 2020 3:38:47 PM Utilities.FileLogger write
INFO: >>> createPlayerAccount >>> password >>> Davinia123

Aug 06, 2020 3:38:47 PM Utilities.FileLogger write
INFO: >>> createPlayerAccount >>> age >>> 20

Aug 06, 2020 3:38:47 PM Utilities.FileLogger write
INFO: >>> createPlayerAccount >>> ipadddress >>> 93.5.4.4

Aug 06, 2020 3:38:47 PM Utilities.FileLogger write
INFO: >>> createPlayerAccount >>> User information stored

Aug 06, 2020 3:46:56 PM Utilities.FileLogger write
INFO: >>> createPlayerAccount

Aug 06, 2020 3:46:56 PM Utilities.FileLogger write
INFO: >>> createPlayerAccount >>> username >>> Davinia123

Aug 06, 2020 3:46:56 PM Utilities.FileLogger write
INFO: >>> createPlayerAccount >>> firstname >>> Davinia

Aug 06, 2020 3:46:56 PM Utilities.FileLogger write
INFO: >>> createPlayerAccount >>> lastname >>> Amsel

Aug 06, 2020 3:46:56 PM Utilities.FileLogger write
INFO: >>> createPlayerAccount >>> password >>> Davinia123

Aug 06, 2020 3:46:56 PM Utilities.FileLogger write
INFO: >>> createPlayerAccount >>> age >>> 20

Aug 06, 2020 3:46:56 PM Utilities.FileLogger write
INFO: >>> createPlayerAccount >>> ipadddress >>> 93.5.4.4

Aug 06, 2020 3:46:56 PM Utilities.FileLogger write
INFO: >>> createPlayerAccount >>> User information stored

Aug 06, 2020 3:48:16 PM Utilities.FileLogger write
INFO: >>> createPlayerAccount

Aug 06, 2020 3:48:16 PM Utilities.FileLogger write
INFO: >>> createPlayerAccount >>> username >>> Davinia123

Aug 06, 2020 3:48:16 PM Utilities.FileLogger write
INFO: >>> createPlayerAccount >>> firstname >>> Davinia

Aug 06, 2020 3:48:16 PM Utilities.FileLogger write
INFO: >>> createPlayerAccount >>> lastname >>> Amsel

Aug 06, 2020 3:48:16 PM Utilities.FileLogger write
INFO: >>> createPlayerAccount >>> password >>> Davinia123

Aug 06, 2020 3:48:16 PM Utilities.FileLogger write
INFO: >>> createPlayerAccount >>> age >>> 20

Aug 06, 2020 3:48:16 PM Utilities.FileLogger write
INFO: >>> createPlayerAccount >>> ipadddress >>> 93.5.4.4

Aug 06, 2020 3:48:16 PM Utilities.FileLogger write
INFO: >>> createPlayerAccount >>> User information stored

Aug 06, 2020 3:49:59 PM Utilities.FileLogger write
INFO: >>> createPlayerAccount

Aug 06, 2020 3:49:59 PM Utilities.FileLogger write
INFO: >>> createPlayerAccount >>> username >>> Davinia123

Aug 06, 2020 3:49:59 PM Utilities.FileLogger write
INFO: >>> createPlayerAccount >>> firstname >>> Davinia

Aug 06, 2020 3:49:59 PM Utilities.FileLogger write
INFO: >>> createPlayerAccount >>> lastname >>> Amsel

Aug 06, 2020 3:49:59 PM Utilities.FileLogger write
INFO: >>> createPlayerAccount >>> password >>> Davinia123

Aug 06, 2020 3:50:00 PM Utilities.FileLogger write
INFO: >>> createPlayerAccount >>> age >>> 20

Aug 06, 2020 3:50:00 PM Utilities.FileLogger write
INFO: >>> createPlayerAccount >>> ipadddress >>> 93.5.4.4

Aug 06, 2020 3:50:00 PM Utilities.FileLogger write
INFO: >>> createPlayerAccount >>> User information stored

Aug 06, 2020 3:52:08 PM Utilities.FileLogger write
INFO: >>> createPlayerAccount

Aug 06, 2020 3:52:08 PM Utilities.FileLogger write
INFO: >>> createPlayerAccount >>> username >>> Davinia123

Aug 06, 2020 3:52:08 PM Utilities.FileLogger write
INFO: >>> createPlayerAccount >>> firstname >>> Davinia

Aug 06, 2020 3:52:08 PM Utilities.FileLogger write
INFO: >>> createPlayerAccount >>> lastname >>> Amsel

Aug 06, 2020 3:52:08 PM Utilities.FileLogger write
INFO: >>> createPlayerAccount >>> password >>> Davinia123

Aug 06, 2020 3:52:08 PM Utilities.FileLogger write
INFO: >>> createPlayerAccount >>> age >>> 20

Aug 06, 2020 3:52:08 PM Utilities.FileLogger write
INFO: >>> createPlayerAccount >>> ipadddress >>> 93.5.4.4

Aug 06, 2020 3:52:08 PM Utilities.FileLogger write
INFO: >>> createPlayerAccount >>> User information stored

Aug 06, 2020 4:00:07 PM Utilities.FileLogger write
INFO: >>> createPlayerAccount

Aug 06, 2020 4:00:07 PM Utilities.FileLogger write
INFO: >>> createPlayerAccount >>> username >>> Davinia123

Aug 06, 2020 4:00:07 PM Utilities.FileLogger write
INFO: >>> createPlayerAccount >>> firstname >>> Davinia

Aug 06, 2020 4:00:07 PM Utilities.FileLogger write
INFO: >>> createPlayerAccount >>> lastname >>> Amsel

Aug 06, 2020 4:00:07 PM Utilities.FileLogger write
INFO: >>> createPlayerAccount >>> password >>> Davinia123

Aug 06, 2020 4:00:07 PM Utilities.FileLogger write
INFO: >>> createPlayerAccount >>> age >>> 20

Aug 06, 2020 4:00:07 PM Utilities.FileLogger write
INFO: >>> createPlayerAccount >>> ipadddress >>> 93.5.4.4

Aug 06, 2020 4:00:07 PM Utilities.FileLogger write
INFO: >>> createPlayerAccount >>> User information stored

Aug 06, 2020 4:00:44 PM Utilities.FileLogger write
INFO: >>> createPlayerAccount

Aug 06, 2020 4:00:44 PM Utilities.FileLogger write
INFO: >>> createPlayerAccount >>> username >>> Davinia123

Aug 06, 2020 4:00:44 PM Utilities.FileLogger write
INFO: >>> createPlayerAccount >>> firstname >>> Davinia

Aug 06, 2020 4:00:44 PM Utilities.FileLogger write
INFO: >>> createPlayerAccount >>> lastname >>> Amsel

Aug 06, 2020 4:00:44 PM Utilities.FileLogger write
INFO: >>> createPlayerAccount >>> password >>> Davinia123

Aug 06, 2020 4:00:44 PM Utilities.FileLogger write
INFO: >>> createPlayerAccount >>> age >>> 20

Aug 06, 2020 4:00:44 PM Utilities.FileLogger write
INFO: >>> createPlayerAccount >>> ipadddress >>> 93.5.4.4

Aug 06, 2020 4:00:44 PM Utilities.FileLogger write
INFO: >>> createPlayerAccount >>> User information stored

Aug 06, 2020 4:02:50 PM Utilities.FileLogger write
INFO: >>> createPlayerAccount

Aug 06, 2020 4:02:50 PM Utilities.FileLogger write
INFO: >>> createPlayerAccount >>> username >>> Davinia123

Aug 06, 2020 4:02:50 PM Utilities.FileLogger write
INFO: >>> createPlayerAccount >>> firstname >>> Davinia

Aug 06, 2020 4:02:50 PM Utilities.FileLogger write
INFO: >>> createPlayerAccount >>> lastname >>> Amsel

Aug 06, 2020 4:02:50 PM Utilities.FileLogger write
INFO: >>> createPlayerAccount >>> password >>> Davinia123

Aug 06, 2020 4:02:50 PM Utilities.FileLogger write
INFO: >>> createPlayerAccount >>> age >>> 20

Aug 06, 2020 4:02:50 PM Utilities.FileLogger write
INFO: >>> createPlayerAccount >>> ipadddress >>> 93.5.4.4

Aug 06, 2020 4:02:50 PM Utilities.FileLogger write
INFO: >>> createPlayerAccount >>> User information stored

Aug 06, 2020 4:06:23 PM Utilities.FileLogger write
INFO: >>> createPlayerAccount

Aug 06, 2020 4:06:23 PM Utilities.FileLogger write
INFO: >>> createPlayerAccount >>> username >>> Davinia123

Aug 06, 2020 4:06:23 PM Utilities.FileLogger write
INFO: >>> createPlayerAccount >>> firstname >>> Davinia

Aug 06, 2020 4:06:23 PM Utilities.FileLogger write
INFO: >>> createPlayerAccount >>> lastname >>> Amsel

Aug 06, 2020 4:06:23 PM Utilities.FileLogger write
INFO: >>> createPlayerAccount >>> password >>> Davinia123

Aug 06, 2020 4:06:23 PM Utilities.FileLogger write
INFO: >>> createPlayerAccount >>> age >>> 20

Aug 06, 2020 4:06:23 PM Utilities.FileLogger write
INFO: >>> createPlayerAccount >>> ipadddress >>> 93.5.4.4

Aug 06, 2020 4:06:23 PM Utilities.FileLogger write
INFO: >>> createPlayerAccount >>> User information stored

Aug 06, 2020 4:09:26 PM Utilities.FileLogger write
INFO: >>> createPlayerAccount

Aug 06, 2020 4:09:26 PM Utilities.FileLogger write
INFO: >>> createPlayerAccount >>> username >>> Davinia123

Aug 06, 2020 4:09:26 PM Utilities.FileLogger write
INFO: >>> createPlayerAccount >>> firstname >>> Davinia

Aug 06, 2020 4:09:26 PM Utilities.FileLogger write
INFO: >>> createPlayerAccount >>> lastname >>> Amsel

Aug 06, 2020 4:09:26 PM Utilities.FileLogger write
INFO: >>> createPlayerAccount >>> password >>> Davinia123

Aug 06, 2020 4:09:26 PM Utilities.FileLogger write
INFO: >>> createPlayerAccount >>> age >>> 20

Aug 06, 2020 4:09:26 PM Utilities.FileLogger write
INFO: >>> createPlayerAccount >>> ipadddress >>> 93.5.4.4

Aug 06, 2020 4:09:26 PM Utilities.FileLogger write
INFO: >>> createPlayerAccount >>> User information stored

Aug 06, 2020 4:32:01 PM Utilities.FileLogger write
INFO: >>> createPlayerAccount

Aug 06, 2020 4:32:01 PM Utilities.FileLogger write
INFO: >>> createPlayerAccount >>> username >>> Davinia123

Aug 06, 2020 4:32:01 PM Utilities.FileLogger write
INFO: >>> createPlayerAccount >>> firstname >>> Davinia

Aug 06, 2020 4:32:01 PM Utilities.FileLogger write
INFO: >>> createPlayerAccount >>> lastname >>> Amsel

Aug 06, 2020 4:32:01 PM Utilities.FileLogger write
INFO: >>> createPlayerAccount >>> password >>> Davinia123

Aug 06, 2020 4:32:01 PM Utilities.FileLogger write
INFO: >>> createPlayerAccount >>> age >>> 20

Aug 06, 2020 4:32:01 PM Utilities.FileLogger write
INFO: >>> createPlayerAccount >>> ipadddress >>> 93.5.4.4

Aug 06, 2020 4:32:01 PM Utilities.FileLogger write
INFO: >>> createPlayerAccount >>> User information stored

Aug 06, 2020 4:33:24 PM Utilities.FileLogger write
INFO: >>> createPlayerAccount

Aug 06, 2020 4:33:24 PM Utilities.FileLogger write
INFO: >>> createPlayerAccount >>> username >>> Davinia123

Aug 06, 2020 4:33:24 PM Utilities.FileLogger write
INFO: >>> createPlayerAccount >>> firstname >>> Davinia

Aug 06, 2020 4:33:24 PM Utilities.FileLogger write
INFO: >>> createPlayerAccount >>> lastname >>> Amsel

Aug 06, 2020 4:33:24 PM Utilities.FileLogger write
INFO: >>> createPlayerAccount >>> password >>> Davinia123

Aug 06, 2020 4:33:24 PM Utilities.FileLogger write
INFO: >>> createPlayerAccount >>> age >>> 20

Aug 06, 2020 4:33:24 PM Utilities.FileLogger write
INFO: >>> createPlayerAccount >>> ipadddress >>> 93.5.4.4

Aug 06, 2020 4:33:24 PM Utilities.FileLogger write
INFO: >>> createPlayerAccount >>> User information stored

Aug 06, 2020 4:33:28 PM Utilities.FileLogger write
INFO: >>> createPlayerAccount

Aug 06, 2020 4:33:28 PM Utilities.FileLogger write
INFO: >>> createPlayerAccount >>> username >>> Davinia123

Aug 06, 2020 4:33:28 PM Utilities.FileLogger write
INFO: >>> createPlayerAccount >>> firstname >>> Davinia

Aug 06, 2020 4:33:28 PM Utilities.FileLogger write
INFO: >>> createPlayerAccount >>> lastname >>> Amsel

Aug 06, 2020 4:33:28 PM Utilities.FileLogger write
INFO: >>> createPlayerAccount >>> password >>> Davinia123

Aug 06, 2020 4:33:28 PM Utilities.FileLogger write
INFO: >>> createPlayerAccount >>> age >>> 20

Aug 06, 2020 4:33:28 PM Utilities.FileLogger write
INFO: >>> createPlayerAccount >>> ipadddress >>> 93.5.4.4

Aug 06, 2020 4:33:28 PM Utilities.FileLogger write
INFO: >>> createPlayerAccount >>> User information stored

Aug 06, 2020 4:55:21 PM Utilities.FileLogger write
INFO: >>> createPlayerAccount

Aug 06, 2020 4:55:21 PM Utilities.FileLogger write
INFO: >>> createPlayerAccount >>> username >>> Davinia123

Aug 06, 2020 4:55:21 PM Utilities.FileLogger write
INFO: >>> createPlayerAccount >>> firstname >>> Davinia

Aug 06, 2020 4:55:21 PM Utilities.FileLogger write
INFO: >>> createPlayerAccount >>> lastname >>> Amsel

Aug 06, 2020 4:55:21 PM Utilities.FileLogger write
INFO: >>> createPlayerAccount >>> password >>> Davinia123

Aug 06, 2020 4:55:21 PM Utilities.FileLogger write
INFO: >>> createPlayerAccount >>> age >>> 20

Aug 06, 2020 4:55:21 PM Utilities.FileLogger write
INFO: >>> createPlayerAccount >>> ipadddress >>> 93.5.4.4

Aug 06, 2020 4:55:21 PM Utilities.FileLogger write
INFO: >>> createPlayerAccount >>> User information stored

Aug 06, 2020 10:16:00 PM Utilities.FileLogger write
INFO: >>> createPlayerAccount

Aug 06, 2020 10:16:00 PM Utilities.FileLogger write
INFO: >>> createPlayerAccount >>> username >>> Davinia123

Aug 06, 2020 10:16:00 PM Utilities.FileLogger write
INFO: >>> createPlayerAccount >>> firstname >>> Davinia

Aug 06, 2020 10:16:00 PM Utilities.FileLogger write
INFO: >>> createPlayerAccount >>> lastname >>> Amsel

Aug 06, 2020 10:16:00 PM Utilities.FileLogger write
INFO: >>> createPlayerAccount >>> password >>> Davinia123

Aug 06, 2020 10:16:00 PM Utilities.FileLogger write
INFO: >>> createPlayerAccount >>> age >>> 20

Aug 06, 2020 10:16:00 PM Utilities.FileLogger write
INFO: >>> createPlayerAccount >>> ipadddress >>> 93.5.4.4

Aug 06, 2020 10:16:00 PM Utilities.FileLogger write
INFO: >>> createPlayerAccount >>> User information stored

