Jun 25, 2020 9:46:12 AM Logger.FileLogger write
INFO: >>> createPlayerAccount

Jun 25, 2020 9:46:12 AM Logger.FileLogger write
INFO: >>> createPlayerAccount >>> username >>> Kevin123

Jun 25, 2020 9:46:12 AM Logger.FileLogger write
INFO: >>> createPlayerAccount >>> firstname >>> Kevin

Jun 25, 2020 9:46:12 AM Logger.FileLogger write
INFO: >>> createPlayerAccount >>> lastname >>> Tran

Jun 25, 2020 9:46:12 AM Logger.FileLogger write
INFO: >>> createPlayerAccount >>> password >>> Kevin123

Jun 25, 2020 9:46:12 AM Logger.FileLogger write
INFO: >>> createPlayerAccount >>> age >>> 23

Jun 25, 2020 9:46:12 AM Logger.FileLogger write
INFO: >>> createPlayerAccount >>> ipadddress >>> 93.1.1.1

Jun 25, 2020 9:46:12 AM Logger.FileLogger write
INFO: >>> createPlayerAccount >>> User information stored

Jun 25, 2020 12:49:41 PM Logger.FileLogger write
INFO: >>> createPlayerAccount

Jun 25, 2020 12:49:41 PM Logger.FileLogger write
INFO: >>> createPlayerAccount >>> username >>> Kevin123

Jun 25, 2020 12:49:41 PM Logger.FileLogger write
INFO: >>> createPlayerAccount >>> firstname >>> Kevin

Jun 25, 2020 12:49:41 PM Logger.FileLogger write
INFO: >>> createPlayerAccount >>> lastname >>> Tran

Jun 25, 2020 12:49:41 PM Logger.FileLogger write
INFO: >>> createPlayerAccount >>> password >>> Kevin123

Jun 25, 2020 12:49:41 PM Logger.FileLogger write
INFO: >>> createPlayerAccount >>> age >>> 23

Jun 25, 2020 12:49:41 PM Logger.FileLogger write
INFO: >>> createPlayerAccount >>> ipadddress >>> 93.1.1.1

Jun 25, 2020 12:49:41 PM Logger.FileLogger write
INFO: >>> createPlayerAccount >>> User information stored

Jun 25, 2020 12:55:06 PM Logger.FileLogger write
INFO: >>> createPlayerAccount

Jun 25, 2020 12:55:06 PM Logger.FileLogger write
INFO: >>> createPlayerAccount >>> username >>> Kevin123

Jun 25, 2020 12:55:06 PM Logger.FileLogger write
INFO: >>> createPlayerAccount >>> firstname >>> Kevin

Jun 25, 2020 12:55:06 PM Logger.FileLogger write
INFO: >>> createPlayerAccount >>> lastname >>> Tran

Jun 25, 2020 12:55:06 PM Logger.FileLogger write
INFO: >>> createPlayerAccount >>> password >>> Kevin123

Jun 25, 2020 12:55:06 PM Logger.FileLogger write
INFO: >>> createPlayerAccount >>> age >>> 23

Jun 25, 2020 12:55:06 PM Logger.FileLogger write
INFO: >>> createPlayerAccount >>> ipadddress >>> 93.1.1.1

Jun 25, 2020 12:55:06 PM Logger.FileLogger write
INFO: >>> createPlayerAccount >>> User information stored

Jun 25, 2020 1:38:59 PM Logger.FileLogger write
INFO: >>> createPlayerAccount

Jun 25, 2020 1:38:59 PM Logger.FileLogger write
INFO: >>> createPlayerAccount >>> username >>> Kevin123

Jun 25, 2020 1:38:59 PM Logger.FileLogger write
INFO: >>> createPlayerAccount >>> firstname >>> Kevin

Jun 25, 2020 1:38:59 PM Logger.FileLogger write
INFO: >>> createPlayerAccount >>> lastname >>> Tran

Jun 25, 2020 1:38:59 PM Logger.FileLogger write
INFO: >>> createPlayerAccount >>> password >>> Kevin123

Jun 25, 2020 1:38:59 PM Logger.FileLogger write
INFO: >>> createPlayerAccount >>> age >>> 23

Jun 25, 2020 1:38:59 PM Logger.FileLogger write
INFO: >>> createPlayerAccount >>> ipadddress >>> 93.1.1.1

Jun 25, 2020 1:38:59 PM Logger.FileLogger write
INFO: >>> createPlayerAccount >>> User information stored

Jun 25, 2020 2:33:44 PM Logger.FileLogger write
INFO: >>> createPlayerAccount

Jun 25, 2020 2:33:44 PM Logger.FileLogger write
INFO: >>> createPlayerAccount >>> username >>> Kevin123

Jun 25, 2020 2:33:44 PM Logger.FileLogger write
INFO: >>> createPlayerAccount >>> firstname >>> Kevin

Jun 25, 2020 2:33:44 PM Logger.FileLogger write
INFO: >>> createPlayerAccount >>> lastname >>> Tran

Jun 25, 2020 2:33:44 PM Logger.FileLogger write
INFO: >>> createPlayerAccount >>> password >>> Kevin123

Jun 25, 2020 2:33:44 PM Logger.FileLogger write
INFO: >>> createPlayerAccount >>> age >>> 23

Jun 25, 2020 2:33:44 PM Logger.FileLogger write
INFO: >>> createPlayerAccount >>> ipadddress >>> 93.1.1.1

Jun 25, 2020 2:33:44 PM Logger.FileLogger write
INFO: >>> createPlayerAccount >>> User information stored

Jun 26, 2020 5:27:28 PM Logger.FileLogger write
INFO: >>> createPlayerAccount

Jun 26, 2020 5:27:28 PM Logger.FileLogger write
INFO: >>> createPlayerAccount >>> username >>> Kevin123

Jun 26, 2020 5:27:28 PM Logger.FileLogger write
INFO: >>> createPlayerAccount >>> firstname >>> Kevin

Jun 26, 2020 5:27:28 PM Logger.FileLogger write
INFO: >>> createPlayerAccount >>> lastname >>> Tran

Jun 26, 2020 5:27:28 PM Logger.FileLogger write
INFO: >>> createPlayerAccount >>> password >>> Kevin123

Jun 26, 2020 5:27:28 PM Logger.FileLogger write
INFO: >>> createPlayerAccount >>> age >>> 23

Jun 26, 2020 5:27:28 PM Logger.FileLogger write
INFO: >>> createPlayerAccount >>> ipadddress >>> 93.1.1.1

Jun 26, 2020 5:27:28 PM Logger.FileLogger write
INFO: >>> createPlayerAccount >>> User information stored

Jun 26, 2020 5:39:07 PM Logger.FileLogger write
INFO: >>> createPlayerAccount

Jun 26, 2020 5:39:07 PM Logger.FileLogger write
INFO: >>> createPlayerAccount >>> username >>> Kevin123

Jun 26, 2020 5:39:07 PM Logger.FileLogger write
INFO: >>> createPlayerAccount >>> firstname >>> Kevin

Jun 26, 2020 5:39:07 PM Logger.FileLogger write
INFO: >>> createPlayerAccount >>> lastname >>> Tran

Jun 26, 2020 5:39:07 PM Logger.FileLogger write
INFO: >>> createPlayerAccount >>> password >>> Kevin123

Jun 26, 2020 5:39:07 PM Logger.FileLogger write
INFO: >>> createPlayerAccount >>> age >>> 23

Jun 26, 2020 5:39:07 PM Logger.FileLogger write
INFO: >>> createPlayerAccount >>> ipadddress >>> 93.1.1.1

Jun 26, 2020 5:39:07 PM Logger.FileLogger write
INFO: >>> createPlayerAccount >>> User information stored

Jun 26, 2020 6:23:24 PM Logger.FileLogger write
INFO: >>> createPlayerAccount

Jun 26, 2020 6:23:24 PM Logger.FileLogger write
INFO: >>> createPlayerAccount >>> username >>> Kevin123

Jun 26, 2020 6:23:24 PM Logger.FileLogger write
INFO: >>> createPlayerAccount >>> firstname >>> Kevin

Jun 26, 2020 6:23:24 PM Logger.FileLogger write
INFO: >>> createPlayerAccount >>> lastname >>> Tran

Jun 26, 2020 6:23:24 PM Logger.FileLogger write
INFO: >>> createPlayerAccount >>> password >>> Kevin123

Jun 26, 2020 6:23:24 PM Logger.FileLogger write
INFO: >>> createPlayerAccount >>> age >>> 23

Jun 26, 2020 6:23:24 PM Logger.FileLogger write
INFO: >>> createPlayerAccount >>> ipadddress >>> 93.1.1.1

Jun 26, 2020 6:23:24 PM Logger.FileLogger write
INFO: >>> createPlayerAccount >>> User information stored

Jun 26, 2020 10:46:14 PM Logger.FileLogger write
INFO: >>> createPlayerAccount

Jun 26, 2020 10:46:14 PM Logger.FileLogger write
INFO: >>> createPlayerAccount >>> username >>> Kevin123

Jun 26, 2020 10:46:14 PM Logger.FileLogger write
INFO: >>> createPlayerAccount >>> firstname >>> Kevin

Jun 26, 2020 10:46:14 PM Logger.FileLogger write
INFO: >>> createPlayerAccount >>> lastname >>> Tran

Jun 26, 2020 10:46:14 PM Logger.FileLogger write
INFO: >>> createPlayerAccount >>> password >>> Kevin123

Jun 26, 2020 10:46:14 PM Logger.FileLogger write
INFO: >>> createPlayerAccount >>> age >>> 23

Jun 26, 2020 10:46:14 PM Logger.FileLogger write
INFO: >>> createPlayerAccount >>> ipadddress >>> 93.1.1.1

Jun 26, 2020 10:46:14 PM Logger.FileLogger write
INFO: >>> createPlayerAccount >>> User information stored

Jun 27, 2020 2:19:48 AM Logger.FileLogger write
INFO: >>> createPlayerAccount

Jun 27, 2020 2:19:48 AM Logger.FileLogger write
INFO: >>> createPlayerAccount >>> username >>> Kevin123

Jun 27, 2020 2:19:48 AM Logger.FileLogger write
INFO: >>> createPlayerAccount >>> firstname >>> Kevin

Jun 27, 2020 2:19:48 AM Logger.FileLogger write
INFO: >>> createPlayerAccount >>> lastname >>> Tran

Jun 27, 2020 2:19:48 AM Logger.FileLogger write
INFO: >>> createPlayerAccount >>> password >>> Kevin123

Jun 27, 2020 2:19:48 AM Logger.FileLogger write
INFO: >>> createPlayerAccount >>> age >>> 23

Jun 27, 2020 2:19:48 AM Logger.FileLogger write
INFO: >>> createPlayerAccount >>> ipadddress >>> 93.1.1.1

Jun 27, 2020 2:19:48 AM Logger.FileLogger write
INFO: >>> createPlayerAccount >>> User information stored

Jun 27, 2020 3:12:01 PM Logger.FileLogger write
INFO: >>> createPlayerAccount

Jun 27, 2020 3:12:01 PM Logger.FileLogger write
INFO: >>> createPlayerAccount >>> username >>> Kevin123

Jun 27, 2020 3:12:01 PM Logger.FileLogger write
INFO: >>> createPlayerAccount >>> firstname >>> Kevin

Jun 27, 2020 3:12:01 PM Logger.FileLogger write
INFO: >>> createPlayerAccount >>> lastname >>> Tran

Jun 27, 2020 3:12:01 PM Logger.FileLogger write
INFO: >>> createPlayerAccount >>> password >>> Kevin123

Jun 27, 2020 3:12:01 PM Logger.FileLogger write
INFO: >>> createPlayerAccount >>> age >>> 23

Jun 27, 2020 3:12:01 PM Logger.FileLogger write
INFO: >>> createPlayerAccount >>> ipadddress >>> 93.1.1.1

Jun 27, 2020 3:12:01 PM Logger.FileLogger write
INFO: >>> createPlayerAccount >>> User information stored

Jun 27, 2020 11:42:24 PM Logger.FileLogger write
INFO: >>> createPlayerAccount

Jun 27, 2020 11:42:24 PM Logger.FileLogger write
INFO: >>> createPlayerAccount >>> username >>> Kevin123

Jun 27, 2020 11:42:24 PM Logger.FileLogger write
INFO: >>> createPlayerAccount >>> firstname >>> Kevin

Jun 27, 2020 11:42:24 PM Logger.FileLogger write
INFO: >>> createPlayerAccount >>> lastname >>> Tran

Jun 27, 2020 11:42:24 PM Logger.FileLogger write
INFO: >>> createPlayerAccount >>> password >>> Kevin123

Jun 27, 2020 11:42:24 PM Logger.FileLogger write
INFO: >>> createPlayerAccount >>> age >>> 23

Jun 27, 2020 11:42:24 PM Logger.FileLogger write
INFO: >>> createPlayerAccount >>> ipadddress >>> 93.11.1.1

Jun 27, 2020 11:42:24 PM Logger.FileLogger write
INFO: >>> createPlayerAccount >>> User information stored

Jun 29, 2020 1:16:57 AM Logger.FileLogger write
INFO: >>> createPlayerAccount

Jun 29, 2020 1:16:57 AM Logger.FileLogger write
INFO: >>> createPlayerAccount >>> username >>> Kevin123

Jun 29, 2020 1:16:57 AM Logger.FileLogger write
INFO: >>> createPlayerAccount >>> firstname >>> Kevin

Jun 29, 2020 1:16:57 AM Logger.FileLogger write
INFO: >>> createPlayerAccount >>> lastname >>> Tran

Jun 29, 2020 1:16:57 AM Logger.FileLogger write
INFO: >>> createPlayerAccount >>> password >>> Kevin123

Jun 29, 2020 1:16:57 AM Logger.FileLogger write
INFO: >>> createPlayerAccount >>> age >>> 23

Jun 29, 2020 1:16:57 AM Logger.FileLogger write
INFO: >>> createPlayerAccount >>> ipadddress >>> 93.67.9.2

Jun 29, 2020 1:16:57 AM Logger.FileLogger write
INFO: >>> createPlayerAccount >>> User information stored

