Jul 07, 2020 10:25:28 PM logger.FileLogger write
INFO: >>> createPlayerAccount

Jul 07, 2020 10:25:28 PM logger.FileLogger write
INFO: >>> createPlayerAccount >>> username >>> Morce123

Jul 07, 2020 10:25:28 PM logger.FileLogger write
INFO: >>> createPlayerAccount >>> firstname >>> Daly

Jul 07, 2020 10:25:28 PM logger.FileLogger write
INFO: >>> createPlayerAccount >>> lastname >>> Morce

Jul 07, 2020 10:25:28 PM logger.FileLogger write
INFO: >>> createPlayerAccount >>> password >>> Morce123

Jul 07, 2020 10:25:28 PM logger.FileLogger write
INFO: >>> createPlayerAccount >>> age >>> 15

Jul 07, 2020 10:25:28 PM logger.FileLogger write
INFO: >>> createPlayerAccount >>> ipadddress >>> 132.34.2.2

Jul 07, 2020 10:25:28 PM logger.FileLogger write
INFO: >>> createPlayerAccount >>> User information stored

Jul 08, 2020 12:54:59 AM logger.FileLogger write
INFO: >>> createPlayerAccount

Jul 08, 2020 12:54:59 AM logger.FileLogger write
INFO: >>> createPlayerAccount >>> username >>> Morce123

Jul 08, 2020 12:54:59 AM logger.FileLogger write
INFO: >>> createPlayerAccount >>> firstname >>> Daly

Jul 08, 2020 12:54:59 AM logger.FileLogger write
INFO: >>> createPlayerAccount >>> lastname >>> Morce

Jul 08, 2020 12:54:59 AM logger.FileLogger write
INFO: >>> createPlayerAccount >>> password >>> Morce123

Jul 08, 2020 12:54:59 AM logger.FileLogger write
INFO: >>> createPlayerAccount >>> age >>> 15

Jul 08, 2020 12:54:59 AM logger.FileLogger write
INFO: >>> createPlayerAccount >>> ipadddress >>> 132.34.2.2

Jul 08, 2020 12:54:59 AM logger.FileLogger write
INFO: >>> createPlayerAccount >>> User information stored

Jul 08, 2020 4:34:12 PM logger.FileLogger write
INFO: >>> createPlayerAccount

Jul 08, 2020 4:34:12 PM logger.FileLogger write
INFO: >>> createPlayerAccount >>> username >>> Morce123

Jul 08, 2020 4:34:12 PM logger.FileLogger write
INFO: >>> createPlayerAccount >>> firstname >>> Daly

Jul 08, 2020 4:34:12 PM logger.FileLogger write
INFO: >>> createPlayerAccount >>> lastname >>> Morce

Jul 08, 2020 4:34:12 PM logger.FileLogger write
INFO: >>> createPlayerAccount >>> password >>> Morce123

Jul 08, 2020 4:34:12 PM logger.FileLogger write
INFO: >>> createPlayerAccount >>> age >>> 15

Jul 08, 2020 4:34:12 PM logger.FileLogger write
INFO: >>> createPlayerAccount >>> ipadddress >>> 132.34.2.2

Jul 08, 2020 4:34:12 PM logger.FileLogger write
INFO: >>> createPlayerAccount >>> User information stored

