Jun. 07, 2020 6:09:04 P.M. Logger.FileLogger write
INFO: >>> createPlayerAccount

Jun. 07, 2020 6:09:04 P.M. Logger.FileLogger write
INFO: >>> createPlayerAccount >>> username >>> Varun123

Jun. 07, 2020 6:09:04 P.M. Logger.FileLogger write
INFO: >>> createPlayerAccount >>> firstname >>> Varun

Jun. 07, 2020 6:09:04 P.M. Logger.FileLogger write
INFO: >>> createPlayerAccount >>> lastname >>> Patel

Jun. 07, 2020 6:09:04 P.M. Logger.FileLogger write
INFO: >>> createPlayerAccount >>> password >>> Varun123

Jun. 07, 2020 6:09:04 P.M. Logger.FileLogger write
INFO: >>> createPlayerAccount >>> age >>> 20

Jun. 07, 2020 6:09:04 P.M. Logger.FileLogger write
INFO: >>> createPlayerAccount >>> ipadddress >>> 182.34.2.4

Jun. 07, 2020 6:09:04 P.M. Logger.FileLogger write
INFO: >>> createPlayerAccount >>> User information stored

Jun. 07, 2020 6:11:05 P.M. Logger.FileLogger write
INFO: >>> playerSignIn >>> Varun123 signed in successfully...

Jun. 07, 2020 6:35:38 P.M. Logger.FileLogger write
INFO: >>> createPlayerAccount

Jun. 07, 2020 6:35:38 P.M. Logger.FileLogger write
INFO: >>> createPlayerAccount >>> username >>> Varun123

Jun. 07, 2020 6:35:38 P.M. Logger.FileLogger write
INFO: >>> createPlayerAccount >>> firstname >>> Varun

Jun. 07, 2020 6:35:38 P.M. Logger.FileLogger write
INFO: >>> createPlayerAccount >>> lastname >>> Patel

Jun. 07, 2020 6:35:38 P.M. Logger.FileLogger write
INFO: >>> createPlayerAccount >>> password >>> Varun123

Jun. 07, 2020 6:35:38 P.M. Logger.FileLogger write
INFO: >>> createPlayerAccount >>> age >>> 20

Jun. 07, 2020 6:35:38 P.M. Logger.FileLogger write
INFO: >>> createPlayerAccount >>> ipadddress >>> 182.34.2.4

Jun. 07, 2020 6:35:38 P.M. Logger.FileLogger write
INFO: >>> createPlayerAccount >>> User information stored

Jun. 07, 2020 10:25:12 P.M. Logger.FileLogger write
INFO: >>> createPlayerAccount

Jun. 07, 2020 10:25:12 P.M. Logger.FileLogger write
INFO: >>> createPlayerAccount >>> username >>> Varun123

Jun. 07, 2020 10:25:12 P.M. Logger.FileLogger write
INFO: >>> createPlayerAccount >>> firstname >>> Varun

Jun. 07, 2020 10:25:12 P.M. Logger.FileLogger write
INFO: >>> createPlayerAccount >>> lastname >>> Patel

Jun. 07, 2020 10:25:12 P.M. Logger.FileLogger write
INFO: >>> createPlayerAccount >>> password >>> Varun123

Jun. 07, 2020 10:25:12 P.M. Logger.FileLogger write
INFO: >>> createPlayerAccount >>> age >>> 20

Jun. 07, 2020 10:25:12 P.M. Logger.FileLogger write
INFO: >>> createPlayerAccount >>> ipadddress >>> 182.34.2.4

Jun. 07, 2020 10:25:12 P.M. Logger.FileLogger write
INFO: >>> createPlayerAccount >>> User information stored

Jun. 07, 2020 10:29:52 P.M. Logger.FileLogger write
INFO: >>> playerSignIn >>> Varun123 signed in successfully...

