Jul 08, 2020 1:35:01 AM logger.FileLogger write
INFO: >>> Get Status

Jul 08, 2020 1:35:09 AM logger.FileLogger write
INFO: >>> Get Status >>> username >>>  Admin

Jul 08, 2020 1:35:09 AM logger.FileLogger write
INFO: >>> Get Status >>> password >>> Admin

Jul 08, 2020 1:35:09 AM logger.FileLogger write
INFO: >>> Get Status >>> ipaddress >>> 93.56.3.2

Jul 08, 2020 1:35:09 AM logger.FileLogger write
INFO: >>> Get Status >>> Sending request to server

Jul 08, 2020 1:35:09 AM logger.FileLogger write
INFO: >>> Get Player Status >>> Sending request to Europe

Jul 08, 2020 4:34:18 PM logger.FileLogger write
INFO: >>> Get Status

Jul 08, 2020 4:34:26 PM logger.FileLogger write
INFO: >>> Get Status >>> username >>>  Admin

Jul 08, 2020 4:34:26 PM logger.FileLogger write
INFO: >>> Get Status >>> password >>> Admin

Jul 08, 2020 4:34:26 PM logger.FileLogger write
INFO: >>> Get Status >>> ipaddress >>> 93.5.4.2

Jul 08, 2020 4:34:26 PM logger.FileLogger write
INFO: >>> Get Status >>> Sending request to server

Jul 08, 2020 4:34:26 PM logger.FileLogger write
INFO: >>> Get Player Status >>> Sending request to Europe

Jul 08, 2020 4:34:27 PM logger.FileLogger write
INFO: >>> Get Status >>> Response >>> 
EU: 0 online, 5 offline, AS: 0 online, 5 offline, NA: 0 online, 5 offline.

Jul 08, 2020 4:34:29 PM logger.FileLogger write
INFO: >>> Get Status

Jul 08, 2020 4:34:37 PM logger.FileLogger write
INFO: >>> Get Status >>> username >>>  Admin

Jul 08, 2020 4:34:37 PM logger.FileLogger write
INFO: >>> Get Status >>> password >>> Admin

Jul 08, 2020 4:34:37 PM logger.FileLogger write
INFO: >>> Get Status >>> ipaddress >>> 182.45.34.2

Jul 08, 2020 4:34:37 PM logger.FileLogger write
INFO: >>> Get Status >>> Sending request to server

Jul 08, 2020 4:34:37 PM logger.FileLogger write
INFO: >>> Get Player Status >>> Sending request to Asia

Jul 08, 2020 4:34:38 PM logger.FileLogger write
INFO: >>> Get Status >>> Response >>> 
AS: 0 online, 5 offline, EU: 0 online, 5 offline, NA: 0 online, 5 offline.

Jul 08, 2020 4:35:36 PM logger.FileLogger write
INFO: >>> Get Status

Jul 08, 2020 4:35:55 PM logger.FileLogger write
INFO: >>> Get Status >>> username >>>  Admin

Jul 08, 2020 4:35:55 PM logger.FileLogger write
INFO: >>> Get Status >>> password >>> Admin

Jul 08, 2020 4:35:55 PM logger.FileLogger write
INFO: >>> Get Status >>> ipaddress >>> 132.68.2.1

Jul 08, 2020 4:35:55 PM logger.FileLogger write
INFO: >>> Get Status >>> Sending request to server

Jul 08, 2020 4:35:55 PM logger.FileLogger write
INFO: >>> Get Player Status >>> Sending request to NorthAmerica

Jul 08, 2020 4:35:56 PM logger.FileLogger write
INFO: >>> Get Status >>> Response >>> 
NA: 0 online, 5 offline, EU: 0 online, 5 offline, AS: 0 online, 5 offline.

Jul 08, 2020 4:36:00 PM logger.FileLogger write
INFO: >>> Suspend Account

Jul 08, 2020 4:36:07 PM logger.FileLogger write
INFO: >>> Error >>> Invalid IP address formate

Jul 08, 2020 4:36:18 PM logger.FileLogger write
INFO: >>> Suspend Account >>> username >>>  Admin

Jul 08, 2020 4:36:18 PM logger.FileLogger write
INFO: >>> Suspend Account >>> password >>> Admin

Jul 08, 2020 4:36:18 PM logger.FileLogger write
INFO: >>> Suspend Account >>> ipaddress >>> 182.456.2.2.

Jul 08, 2020 4:36:18 PM logger.FileLogger write
INFO: >>> Suspend Account >>> Username To Suspend >>> Varun123

Jul 08, 2020 4:36:18 PM logger.FileLogger write
INFO: >>> Suspend Account >>> Sending request to server

Jul 08, 2020 4:36:18 PM logger.FileLogger write
INFO: >>> Suspend Account >>> Sending request to Asia

Jul 08, 2020 4:36:18 PM logger.FileLogger write
INFO: >>> Suspend Account >>> Response >>> 
A player account with "Varun123" username is suspended

Jul 08, 2020 4:36:27 PM logger.FileLogger write
INFO: >>> Suspend Account

Jul 08, 2020 4:36:40 PM logger.FileLogger write
INFO: >>> Suspend Account >>> username >>>  Admin

Jul 08, 2020 4:36:40 PM logger.FileLogger write
INFO: >>> Suspend Account >>> password >>> Admin

Jul 08, 2020 4:36:40 PM logger.FileLogger write
INFO: >>> Suspend Account >>> ipaddress >>> 182.46.2.4

Jul 08, 2020 4:36:40 PM logger.FileLogger write
INFO: >>> Suspend Account >>> Username To Suspend >>> Kevin123

Jul 08, 2020 4:36:40 PM logger.FileLogger write
INFO: >>> Suspend Account >>> Sending request to server

Jul 08, 2020 4:36:40 PM logger.FileLogger write
INFO: >>> Suspend Account >>> Sending request to Asia

Jul 08, 2020 4:36:40 PM logger.FileLogger write
INFO: >>> Suspend Account >>> Response >>> 
A player account with "Kevin123" username is suspended

Jul 08, 2020 4:36:43 PM logger.FileLogger write
INFO: >>> Get Status

Jul 08, 2020 4:36:51 PM logger.FileLogger write
INFO: >>> Get Status >>> username >>>  Admin

Jul 08, 2020 4:36:51 PM logger.FileLogger write
INFO: >>> Get Status >>> password >>> Admin

Jul 08, 2020 4:36:51 PM logger.FileLogger write
INFO: >>> Get Status >>> ipaddress >>> 182.4.23.2

Jul 08, 2020 4:36:51 PM logger.FileLogger write
INFO: >>> Get Status >>> Sending request to server

Jul 08, 2020 4:36:51 PM logger.FileLogger write
INFO: >>> Get Player Status >>> Sending request to Asia

Jul 08, 2020 4:36:51 PM logger.FileLogger write
INFO: >>> Get Status >>> Response >>> 
AS: 0 online, 3 offline, EU: 0 online, 5 offline, NA: 0 online, 5 offline.

Jul 08, 2020 4:53:11 PM logger.FileLogger write
INFO: >>> inputChoice >>> Please input Integer only

