Aug 02, 2020 5:17:27 PM Utilities.FileLogger write
INFO: >>> createPlayerAccount

Aug 02, 2020 5:17:27 PM Utilities.FileLogger write
INFO: >>> createPlayerAccount >>> username >>> Gyles123

Aug 02, 2020 5:17:27 PM Utilities.FileLogger write
INFO: >>> createPlayerAccount >>> firstname >>> Gyles

Aug 02, 2020 5:17:27 PM Utilities.FileLogger write
INFO: >>> createPlayerAccount >>> lastname >>> Key

Aug 02, 2020 5:17:27 PM Utilities.FileLogger write
INFO: >>> createPlayerAccount >>> password >>> Gyles123

Aug 02, 2020 5:17:27 PM Utilities.FileLogger write
INFO: >>> createPlayerAccount >>> age >>> 23

Aug 02, 2020 5:17:27 PM Utilities.FileLogger write
INFO: >>> createPlayerAccount >>> ipadddress >>> 93.5.4.5

Aug 02, 2020 5:17:27 PM Utilities.FileLogger write
INFO: >>> createPlayerAccount >>> User information stored

Aug 03, 2020 2:00:30 PM Utilities.FileLogger write
INFO: >>> createPlayerAccount

Aug 03, 2020 2:00:30 PM Utilities.FileLogger write
INFO: >>> createPlayerAccount >>> username >>> Gyles123

Aug 03, 2020 2:00:30 PM Utilities.FileLogger write
INFO: >>> createPlayerAccount >>> firstname >>> Gyles

Aug 03, 2020 2:00:30 PM Utilities.FileLogger write
INFO: >>> createPlayerAccount >>> lastname >>> Key

Aug 03, 2020 2:00:30 PM Utilities.FileLogger write
INFO: >>> createPlayerAccount >>> password >>> Gyles123

Aug 03, 2020 2:00:30 PM Utilities.FileLogger write
INFO: >>> createPlayerAccount >>> age >>> 23

Aug 03, 2020 2:00:30 PM Utilities.FileLogger write
INFO: >>> createPlayerAccount >>> ipadddress >>> 93.5.4.5

Aug 03, 2020 2:00:30 PM Utilities.FileLogger write
INFO: >>> createPlayerAccount >>> User information stored

Aug 03, 2020 2:16:27 PM Utilities.FileLogger write
INFO: >>> createPlayerAccount

Aug 03, 2020 2:16:27 PM Utilities.FileLogger write
INFO: >>> createPlayerAccount >>> username >>> Gyles123

Aug 03, 2020 2:16:27 PM Utilities.FileLogger write
INFO: >>> createPlayerAccount >>> firstname >>> Gyles

Aug 03, 2020 2:16:27 PM Utilities.FileLogger write
INFO: >>> createPlayerAccount >>> lastname >>> Key

Aug 03, 2020 2:16:27 PM Utilities.FileLogger write
INFO: >>> createPlayerAccount >>> password >>> Gyles123

Aug 03, 2020 2:16:27 PM Utilities.FileLogger write
INFO: >>> createPlayerAccount >>> age >>> 23

Aug 03, 2020 2:16:27 PM Utilities.FileLogger write
INFO: >>> createPlayerAccount >>> ipadddress >>> 93.5.4.5

Aug 03, 2020 2:16:27 PM Utilities.FileLogger write
INFO: >>> createPlayerAccount >>> User information stored

Aug 03, 2020 2:19:57 PM Utilities.FileLogger write
INFO: >>> createPlayerAccount

Aug 03, 2020 2:19:57 PM Utilities.FileLogger write
INFO: >>> createPlayerAccount >>> username >>> Gyles123

Aug 03, 2020 2:19:57 PM Utilities.FileLogger write
INFO: >>> createPlayerAccount >>> firstname >>> Gyles

Aug 03, 2020 2:19:57 PM Utilities.FileLogger write
INFO: >>> createPlayerAccount >>> lastname >>> Key

Aug 03, 2020 2:19:57 PM Utilities.FileLogger write
INFO: >>> createPlayerAccount >>> password >>> Gyles123

Aug 03, 2020 2:19:57 PM Utilities.FileLogger write
INFO: >>> createPlayerAccount >>> age >>> 23

Aug 03, 2020 2:19:57 PM Utilities.FileLogger write
INFO: >>> createPlayerAccount >>> ipadddress >>> 93.5.4.5

Aug 03, 2020 2:19:57 PM Utilities.FileLogger write
INFO: >>> createPlayerAccount >>> User information stored

Aug 03, 2020 2:25:48 PM Utilities.FileLogger write
INFO: >>> createPlayerAccount

Aug 03, 2020 2:25:48 PM Utilities.FileLogger write
INFO: >>> createPlayerAccount >>> username >>> Gyles123

Aug 03, 2020 2:25:48 PM Utilities.FileLogger write
INFO: >>> createPlayerAccount >>> firstname >>> Gyles

Aug 03, 2020 2:25:48 PM Utilities.FileLogger write
INFO: >>> createPlayerAccount >>> lastname >>> Key

Aug 03, 2020 2:25:48 PM Utilities.FileLogger write
INFO: >>> createPlayerAccount >>> password >>> Gyles123

Aug 03, 2020 2:25:48 PM Utilities.FileLogger write
INFO: >>> createPlayerAccount >>> age >>> 23

Aug 03, 2020 2:25:48 PM Utilities.FileLogger write
INFO: >>> createPlayerAccount >>> ipadddress >>> 93.5.4.5

Aug 03, 2020 2:25:48 PM Utilities.FileLogger write
INFO: >>> createPlayerAccount >>> User information stored

Aug 03, 2020 2:32:28 PM Utilities.FileLogger write
INFO: >>> createPlayerAccount

Aug 03, 2020 2:32:28 PM Utilities.FileLogger write
INFO: >>> createPlayerAccount >>> username >>> Gyles123

Aug 03, 2020 2:32:28 PM Utilities.FileLogger write
INFO: >>> createPlayerAccount >>> firstname >>> Gyles

Aug 03, 2020 2:32:28 PM Utilities.FileLogger write
INFO: >>> createPlayerAccount >>> lastname >>> Key

Aug 03, 2020 2:32:28 PM Utilities.FileLogger write
INFO: >>> createPlayerAccount >>> password >>> Gyles123

Aug 03, 2020 2:32:28 PM Utilities.FileLogger write
INFO: >>> createPlayerAccount >>> age >>> 23

Aug 03, 2020 2:32:28 PM Utilities.FileLogger write
INFO: >>> createPlayerAccount >>> ipadddress >>> 93.5.4.5

Aug 03, 2020 2:32:28 PM Utilities.FileLogger write
INFO: >>> createPlayerAccount >>> User information stored

Aug 03, 2020 3:09:54 PM Utilities.FileLogger write
INFO: >>> createPlayerAccount

Aug 03, 2020 3:09:54 PM Utilities.FileLogger write
INFO: >>> createPlayerAccount >>> username >>> Gyles123

Aug 03, 2020 3:09:54 PM Utilities.FileLogger write
INFO: >>> createPlayerAccount >>> firstname >>> Gyles

Aug 03, 2020 3:09:54 PM Utilities.FileLogger write
INFO: >>> createPlayerAccount >>> lastname >>> Key

Aug 03, 2020 3:09:54 PM Utilities.FileLogger write
INFO: >>> createPlayerAccount >>> password >>> Gyles123

Aug 03, 2020 3:09:54 PM Utilities.FileLogger write
INFO: >>> createPlayerAccount >>> age >>> 23

Aug 03, 2020 3:09:54 PM Utilities.FileLogger write
INFO: >>> createPlayerAccount >>> ipadddress >>> 93.5.4.5

Aug 03, 2020 3:09:54 PM Utilities.FileLogger write
INFO: >>> createPlayerAccount >>> User information stored

Aug 03, 2020 3:11:08 PM Utilities.FileLogger write
INFO: >>> createPlayerAccount

Aug 03, 2020 3:11:08 PM Utilities.FileLogger write
INFO: >>> createPlayerAccount >>> username >>> Gyles123

Aug 03, 2020 3:11:08 PM Utilities.FileLogger write
INFO: >>> createPlayerAccount >>> firstname >>> Gyles

Aug 03, 2020 3:11:08 PM Utilities.FileLogger write
INFO: >>> createPlayerAccount >>> lastname >>> Key

Aug 03, 2020 3:11:08 PM Utilities.FileLogger write
INFO: >>> createPlayerAccount >>> password >>> Gyles123

Aug 03, 2020 3:11:08 PM Utilities.FileLogger write
INFO: >>> createPlayerAccount >>> age >>> 23

Aug 03, 2020 3:11:08 PM Utilities.FileLogger write
INFO: >>> createPlayerAccount >>> ipadddress >>> 93.5.4.5

Aug 03, 2020 3:11:08 PM Utilities.FileLogger write
INFO: >>> createPlayerAccount >>> User information stored

Aug 03, 2020 3:12:23 PM Utilities.FileLogger write
INFO: >>> createPlayerAccount

Aug 03, 2020 3:12:23 PM Utilities.FileLogger write
INFO: >>> createPlayerAccount >>> username >>> Gyles123

Aug 03, 2020 3:12:23 PM Utilities.FileLogger write
INFO: >>> createPlayerAccount >>> firstname >>> Gyles

Aug 03, 2020 3:12:23 PM Utilities.FileLogger write
INFO: >>> createPlayerAccount >>> lastname >>> Key

Aug 03, 2020 3:12:23 PM Utilities.FileLogger write
INFO: >>> createPlayerAccount >>> password >>> Gyles123

Aug 03, 2020 3:12:23 PM Utilities.FileLogger write
INFO: >>> createPlayerAccount >>> age >>> 23

Aug 03, 2020 3:12:23 PM Utilities.FileLogger write
INFO: >>> createPlayerAccount >>> ipadddress >>> 93.5.4.5

Aug 03, 2020 3:12:23 PM Utilities.FileLogger write
INFO: >>> createPlayerAccount >>> User information stored

Aug 03, 2020 3:16:21 PM Utilities.FileLogger write
INFO: >>> createPlayerAccount

Aug 03, 2020 3:16:21 PM Utilities.FileLogger write
INFO: >>> createPlayerAccount >>> username >>> Gyles123

Aug 03, 2020 3:16:21 PM Utilities.FileLogger write
INFO: >>> createPlayerAccount >>> firstname >>> Gyles

Aug 03, 2020 3:16:21 PM Utilities.FileLogger write
INFO: >>> createPlayerAccount >>> lastname >>> Key

Aug 03, 2020 3:16:21 PM Utilities.FileLogger write
INFO: >>> createPlayerAccount >>> password >>> Gyles123

Aug 03, 2020 3:16:21 PM Utilities.FileLogger write
INFO: >>> createPlayerAccount >>> age >>> 23

Aug 03, 2020 3:16:21 PM Utilities.FileLogger write
INFO: >>> createPlayerAccount >>> ipadddress >>> 93.5.4.5

Aug 03, 2020 3:16:21 PM Utilities.FileLogger write
INFO: >>> createPlayerAccount >>> User information stored

Aug 03, 2020 3:17:30 PM Utilities.FileLogger write
INFO: >>> createPlayerAccount

Aug 03, 2020 3:17:30 PM Utilities.FileLogger write
INFO: >>> createPlayerAccount >>> username >>> Gyles123

Aug 03, 2020 3:17:30 PM Utilities.FileLogger write
INFO: >>> createPlayerAccount >>> firstname >>> Gyles

Aug 03, 2020 3:17:30 PM Utilities.FileLogger write
INFO: >>> createPlayerAccount >>> lastname >>> Key

Aug 03, 2020 3:17:30 PM Utilities.FileLogger write
INFO: >>> createPlayerAccount >>> password >>> Gyles123

Aug 03, 2020 3:17:30 PM Utilities.FileLogger write
INFO: >>> createPlayerAccount >>> age >>> 23

Aug 03, 2020 3:17:30 PM Utilities.FileLogger write
INFO: >>> createPlayerAccount >>> ipadddress >>> 93.5.4.5

Aug 03, 2020 3:17:30 PM Utilities.FileLogger write
INFO: >>> createPlayerAccount >>> User information stored

Aug 05, 2020 3:59:49 PM Utilities.FileLogger write
INFO: >>> createPlayerAccount

Aug 05, 2020 3:59:49 PM Utilities.FileLogger write
INFO: >>> createPlayerAccount >>> username >>> Gyles123

Aug 05, 2020 3:59:49 PM Utilities.FileLogger write
INFO: >>> createPlayerAccount >>> firstname >>> Gyles

Aug 05, 2020 3:59:49 PM Utilities.FileLogger write
INFO: >>> createPlayerAccount >>> lastname >>> Key

Aug 05, 2020 3:59:49 PM Utilities.FileLogger write
INFO: >>> createPlayerAccount >>> password >>> Gyles123

Aug 05, 2020 3:59:49 PM Utilities.FileLogger write
INFO: >>> createPlayerAccount >>> age >>> 23

Aug 05, 2020 3:59:49 PM Utilities.FileLogger write
INFO: >>> createPlayerAccount >>> ipadddress >>> 93.5.4.5

Aug 05, 2020 3:59:49 PM Utilities.FileLogger write
INFO: >>> createPlayerAccount >>> User information stored

Aug 05, 2020 8:04:56 PM Utilities.FileLogger write
INFO: >>> createPlayerAccount

Aug 05, 2020 8:04:56 PM Utilities.FileLogger write
INFO: >>> createPlayerAccount >>> username >>> Gyles123

Aug 05, 2020 8:04:56 PM Utilities.FileLogger write
INFO: >>> createPlayerAccount >>> firstname >>> Gyles

Aug 05, 2020 8:04:56 PM Utilities.FileLogger write
INFO: >>> createPlayerAccount >>> lastname >>> Key

Aug 05, 2020 8:04:56 PM Utilities.FileLogger write
INFO: >>> createPlayerAccount >>> password >>> Gyles123

Aug 05, 2020 8:04:56 PM Utilities.FileLogger write
INFO: >>> createPlayerAccount >>> age >>> 23

Aug 05, 2020 8:04:56 PM Utilities.FileLogger write
INFO: >>> createPlayerAccount >>> ipadddress >>> 93.5.4.5

Aug 05, 2020 8:04:56 PM Utilities.FileLogger write
INFO: >>> createPlayerAccount >>> User information stored

Aug 05, 2020 8:05:31 PM Utilities.FileLogger write
INFO: >>> createPlayerAccount

Aug 05, 2020 8:05:31 PM Utilities.FileLogger write
INFO: >>> createPlayerAccount >>> username >>> Gyles123

Aug 05, 2020 8:05:31 PM Utilities.FileLogger write
INFO: >>> createPlayerAccount >>> firstname >>> Gyles

Aug 05, 2020 8:05:31 PM Utilities.FileLogger write
INFO: >>> createPlayerAccount >>> lastname >>> Key

Aug 05, 2020 8:05:31 PM Utilities.FileLogger write
INFO: >>> createPlayerAccount >>> password >>> Gyles123

Aug 05, 2020 8:05:31 PM Utilities.FileLogger write
INFO: >>> createPlayerAccount >>> age >>> 23

Aug 05, 2020 8:05:31 PM Utilities.FileLogger write
INFO: >>> createPlayerAccount >>> ipadddress >>> 93.5.4.5

Aug 05, 2020 8:05:31 PM Utilities.FileLogger write
INFO: >>> createPlayerAccount >>> User information stored

Aug 05, 2020 8:28:43 PM Utilities.FileLogger write
INFO: >>> createPlayerAccount

Aug 05, 2020 8:28:43 PM Utilities.FileLogger write
INFO: >>> createPlayerAccount >>> username >>> Gyles123

Aug 05, 2020 8:28:43 PM Utilities.FileLogger write
INFO: >>> createPlayerAccount >>> firstname >>> Gyles

Aug 05, 2020 8:28:43 PM Utilities.FileLogger write
INFO: >>> createPlayerAccount >>> lastname >>> Key

Aug 05, 2020 8:28:43 PM Utilities.FileLogger write
INFO: >>> createPlayerAccount >>> password >>> Gyles123

Aug 05, 2020 8:28:43 PM Utilities.FileLogger write
INFO: >>> createPlayerAccount >>> age >>> 23

Aug 05, 2020 8:28:43 PM Utilities.FileLogger write
INFO: >>> createPlayerAccount >>> ipadddress >>> 93.5.4.5

Aug 05, 2020 8:28:43 PM Utilities.FileLogger write
INFO: >>> createPlayerAccount >>> User information stored

Aug 05, 2020 8:29:07 PM Utilities.FileLogger write
INFO: >>> createPlayerAccount

Aug 05, 2020 8:29:07 PM Utilities.FileLogger write
INFO: >>> createPlayerAccount >>> username >>> Gyles123

Aug 05, 2020 8:29:07 PM Utilities.FileLogger write
INFO: >>> createPlayerAccount >>> firstname >>> Gyles

Aug 05, 2020 8:29:07 PM Utilities.FileLogger write
INFO: >>> createPlayerAccount >>> lastname >>> Key

Aug 05, 2020 8:29:07 PM Utilities.FileLogger write
INFO: >>> createPlayerAccount >>> password >>> Gyles123

Aug 05, 2020 8:29:07 PM Utilities.FileLogger write
INFO: >>> createPlayerAccount >>> age >>> 23

Aug 05, 2020 8:29:07 PM Utilities.FileLogger write
INFO: >>> createPlayerAccount >>> ipadddress >>> 93.5.4.5

Aug 05, 2020 8:29:07 PM Utilities.FileLogger write
INFO: >>> createPlayerAccount >>> User information stored

Aug 06, 2020 12:47:30 AM Utilities.FileLogger write
INFO: >>> createPlayerAccount

Aug 06, 2020 12:47:30 AM Utilities.FileLogger write
INFO: >>> createPlayerAccount >>> username >>> Gyles123

Aug 06, 2020 12:47:30 AM Utilities.FileLogger write
INFO: >>> createPlayerAccount >>> firstname >>> Gyles

Aug 06, 2020 12:47:30 AM Utilities.FileLogger write
INFO: >>> createPlayerAccount >>> lastname >>> Key

Aug 06, 2020 12:47:30 AM Utilities.FileLogger write
INFO: >>> createPlayerAccount >>> password >>> Gyles123

Aug 06, 2020 12:47:30 AM Utilities.FileLogger write
INFO: >>> createPlayerAccount >>> age >>> 23

Aug 06, 2020 12:47:30 AM Utilities.FileLogger write
INFO: >>> createPlayerAccount >>> ipadddress >>> 93.5.4.5

Aug 06, 2020 12:47:30 AM Utilities.FileLogger write
INFO: >>> createPlayerAccount >>> User information stored

Aug 06, 2020 3:11:37 PM Utilities.FileLogger write
INFO: >>> createPlayerAccount

Aug 06, 2020 3:11:37 PM Utilities.FileLogger write
INFO: >>> createPlayerAccount >>> username >>> Gyles123

Aug 06, 2020 3:11:37 PM Utilities.FileLogger write
INFO: >>> createPlayerAccount >>> firstname >>> Gyles

Aug 06, 2020 3:11:37 PM Utilities.FileLogger write
INFO: >>> createPlayerAccount >>> lastname >>> Key

Aug 06, 2020 3:11:37 PM Utilities.FileLogger write
INFO: >>> createPlayerAccount >>> password >>> Gyles123

Aug 06, 2020 3:11:37 PM Utilities.FileLogger write
INFO: >>> createPlayerAccount >>> age >>> 23

Aug 06, 2020 3:11:37 PM Utilities.FileLogger write
INFO: >>> createPlayerAccount >>> ipadddress >>> 93.5.4.5

Aug 06, 2020 3:11:37 PM Utilities.FileLogger write
INFO: >>> createPlayerAccount >>> User information stored

Aug 06, 2020 3:14:36 PM Utilities.FileLogger write
INFO: >>> createPlayerAccount

Aug 06, 2020 3:14:36 PM Utilities.FileLogger write
INFO: >>> createPlayerAccount >>> username >>> Gyles123

Aug 06, 2020 3:14:36 PM Utilities.FileLogger write
INFO: >>> createPlayerAccount >>> firstname >>> Gyles

Aug 06, 2020 3:14:36 PM Utilities.FileLogger write
INFO: >>> createPlayerAccount >>> lastname >>> Key

Aug 06, 2020 3:14:36 PM Utilities.FileLogger write
INFO: >>> createPlayerAccount >>> password >>> Gyles123

Aug 06, 2020 3:14:36 PM Utilities.FileLogger write
INFO: >>> createPlayerAccount >>> age >>> 23

Aug 06, 2020 3:14:36 PM Utilities.FileLogger write
INFO: >>> createPlayerAccount >>> ipadddress >>> 93.5.4.5

Aug 06, 2020 3:14:36 PM Utilities.FileLogger write
INFO: >>> createPlayerAccount >>> User information stored

Aug 06, 2020 3:18:04 PM Utilities.FileLogger write
INFO: >>> createPlayerAccount

Aug 06, 2020 3:18:04 PM Utilities.FileLogger write
INFO: >>> createPlayerAccount >>> username >>> Gyles123

Aug 06, 2020 3:18:04 PM Utilities.FileLogger write
INFO: >>> createPlayerAccount >>> firstname >>> Gyles

Aug 06, 2020 3:18:04 PM Utilities.FileLogger write
INFO: >>> createPlayerAccount >>> lastname >>> Key

Aug 06, 2020 3:18:04 PM Utilities.FileLogger write
INFO: >>> createPlayerAccount >>> password >>> Gyles123

Aug 06, 2020 3:18:04 PM Utilities.FileLogger write
INFO: >>> createPlayerAccount >>> age >>> 23

Aug 06, 2020 3:18:04 PM Utilities.FileLogger write
INFO: >>> createPlayerAccount >>> ipadddress >>> 93.5.4.5

Aug 06, 2020 3:18:04 PM Utilities.FileLogger write
INFO: >>> createPlayerAccount >>> User information stored

Aug 06, 2020 3:21:10 PM Utilities.FileLogger write
INFO: >>> createPlayerAccount

Aug 06, 2020 3:21:10 PM Utilities.FileLogger write
INFO: >>> createPlayerAccount >>> username >>> Gyles123

Aug 06, 2020 3:21:10 PM Utilities.FileLogger write
INFO: >>> createPlayerAccount >>> firstname >>> Gyles

Aug 06, 2020 3:21:10 PM Utilities.FileLogger write
INFO: >>> createPlayerAccount >>> lastname >>> Key

Aug 06, 2020 3:21:10 PM Utilities.FileLogger write
INFO: >>> createPlayerAccount >>> password >>> Gyles123

Aug 06, 2020 3:21:10 PM Utilities.FileLogger write
INFO: >>> createPlayerAccount >>> age >>> 23

Aug 06, 2020 3:21:10 PM Utilities.FileLogger write
INFO: >>> createPlayerAccount >>> ipadddress >>> 93.5.4.5

Aug 06, 2020 3:21:10 PM Utilities.FileLogger write
INFO: >>> createPlayerAccount >>> User information stored

Aug 06, 2020 3:37:29 PM Utilities.FileLogger write
INFO: >>> createPlayerAccount

Aug 06, 2020 3:37:29 PM Utilities.FileLogger write
INFO: >>> createPlayerAccount >>> username >>> Gyles123

Aug 06, 2020 3:37:29 PM Utilities.FileLogger write
INFO: >>> createPlayerAccount >>> firstname >>> Gyles

Aug 06, 2020 3:37:29 PM Utilities.FileLogger write
INFO: >>> createPlayerAccount >>> lastname >>> Key

Aug 06, 2020 3:37:29 PM Utilities.FileLogger write
INFO: >>> createPlayerAccount >>> password >>> Gyles123

Aug 06, 2020 3:37:29 PM Utilities.FileLogger write
INFO: >>> createPlayerAccount >>> age >>> 23

Aug 06, 2020 3:37:29 PM Utilities.FileLogger write
INFO: >>> createPlayerAccount >>> ipadddress >>> 93.5.4.5

Aug 06, 2020 3:37:29 PM Utilities.FileLogger write
INFO: >>> createPlayerAccount >>> User information stored

Aug 06, 2020 3:38:05 PM Utilities.FileLogger write
INFO: >>> createPlayerAccount

Aug 06, 2020 3:38:05 PM Utilities.FileLogger write
INFO: >>> createPlayerAccount >>> username >>> Gyles123

Aug 06, 2020 3:38:05 PM Utilities.FileLogger write
INFO: >>> createPlayerAccount >>> firstname >>> Gyles

Aug 06, 2020 3:38:05 PM Utilities.FileLogger write
INFO: >>> createPlayerAccount >>> lastname >>> Key

Aug 06, 2020 3:38:05 PM Utilities.FileLogger write
INFO: >>> createPlayerAccount >>> password >>> Gyles123

Aug 06, 2020 3:38:05 PM Utilities.FileLogger write
INFO: >>> createPlayerAccount >>> age >>> 23

Aug 06, 2020 3:38:05 PM Utilities.FileLogger write
INFO: >>> createPlayerAccount >>> ipadddress >>> 93.5.4.5

Aug 06, 2020 3:38:05 PM Utilities.FileLogger write
INFO: >>> createPlayerAccount >>> User information stored

Aug 06, 2020 3:38:48 PM Utilities.FileLogger write
INFO: >>> createPlayerAccount

Aug 06, 2020 3:38:48 PM Utilities.FileLogger write
INFO: >>> createPlayerAccount >>> username >>> Gyles123

Aug 06, 2020 3:38:48 PM Utilities.FileLogger write
INFO: >>> createPlayerAccount >>> firstname >>> Gyles

Aug 06, 2020 3:38:48 PM Utilities.FileLogger write
INFO: >>> createPlayerAccount >>> lastname >>> Key

Aug 06, 2020 3:38:48 PM Utilities.FileLogger write
INFO: >>> createPlayerAccount >>> password >>> Gyles123

Aug 06, 2020 3:38:48 PM Utilities.FileLogger write
INFO: >>> createPlayerAccount >>> age >>> 23

Aug 06, 2020 3:38:48 PM Utilities.FileLogger write
INFO: >>> createPlayerAccount >>> ipadddress >>> 93.5.4.5

Aug 06, 2020 3:38:49 PM Utilities.FileLogger write
INFO: >>> createPlayerAccount >>> User information stored

Aug 06, 2020 3:46:59 PM Utilities.FileLogger write
INFO: >>> createPlayerAccount

Aug 06, 2020 3:46:59 PM Utilities.FileLogger write
INFO: >>> createPlayerAccount >>> username >>> Gyles123

Aug 06, 2020 3:46:59 PM Utilities.FileLogger write
INFO: >>> createPlayerAccount >>> firstname >>> Gyles

Aug 06, 2020 3:46:59 PM Utilities.FileLogger write
INFO: >>> createPlayerAccount >>> lastname >>> Key

Aug 06, 2020 3:46:59 PM Utilities.FileLogger write
INFO: >>> createPlayerAccount >>> password >>> Gyles123

Aug 06, 2020 3:46:59 PM Utilities.FileLogger write
INFO: >>> createPlayerAccount >>> age >>> 23

Aug 06, 2020 3:46:59 PM Utilities.FileLogger write
INFO: >>> createPlayerAccount >>> ipadddress >>> 93.5.4.5

Aug 06, 2020 3:46:59 PM Utilities.FileLogger write
INFO: >>> createPlayerAccount >>> User information stored

Aug 06, 2020 3:48:17 PM Utilities.FileLogger write
INFO: >>> createPlayerAccount

Aug 06, 2020 3:48:17 PM Utilities.FileLogger write
INFO: >>> createPlayerAccount >>> username >>> Gyles123

Aug 06, 2020 3:48:17 PM Utilities.FileLogger write
INFO: >>> createPlayerAccount >>> firstname >>> Gyles

Aug 06, 2020 3:48:17 PM Utilities.FileLogger write
INFO: >>> createPlayerAccount >>> lastname >>> Key

Aug 06, 2020 3:48:17 PM Utilities.FileLogger write
INFO: >>> createPlayerAccount >>> password >>> Gyles123

Aug 06, 2020 3:48:17 PM Utilities.FileLogger write
INFO: >>> createPlayerAccount >>> age >>> 23

Aug 06, 2020 3:48:17 PM Utilities.FileLogger write
INFO: >>> createPlayerAccount >>> ipadddress >>> 93.5.4.5

Aug 06, 2020 3:48:17 PM Utilities.FileLogger write
INFO: >>> createPlayerAccount >>> User information stored

Aug 06, 2020 3:50:01 PM Utilities.FileLogger write
INFO: >>> createPlayerAccount

Aug 06, 2020 3:50:01 PM Utilities.FileLogger write
INFO: >>> createPlayerAccount >>> username >>> Gyles123

Aug 06, 2020 3:50:01 PM Utilities.FileLogger write
INFO: >>> createPlayerAccount >>> firstname >>> Gyles

Aug 06, 2020 3:50:01 PM Utilities.FileLogger write
INFO: >>> createPlayerAccount >>> lastname >>> Key

Aug 06, 2020 3:50:01 PM Utilities.FileLogger write
INFO: >>> createPlayerAccount >>> password >>> Gyles123

Aug 06, 2020 3:50:01 PM Utilities.FileLogger write
INFO: >>> createPlayerAccount >>> age >>> 23

Aug 06, 2020 3:50:01 PM Utilities.FileLogger write
INFO: >>> createPlayerAccount >>> ipadddress >>> 93.5.4.5

Aug 06, 2020 3:50:01 PM Utilities.FileLogger write
INFO: >>> createPlayerAccount >>> User information stored

Aug 06, 2020 3:52:08 PM Utilities.FileLogger write
INFO: >>> createPlayerAccount

Aug 06, 2020 3:52:08 PM Utilities.FileLogger write
INFO: >>> createPlayerAccount >>> username >>> Gyles123

Aug 06, 2020 3:52:08 PM Utilities.FileLogger write
INFO: >>> createPlayerAccount >>> firstname >>> Gyles

Aug 06, 2020 3:52:08 PM Utilities.FileLogger write
INFO: >>> createPlayerAccount >>> lastname >>> Key

Aug 06, 2020 3:52:08 PM Utilities.FileLogger write
INFO: >>> createPlayerAccount >>> password >>> Gyles123

Aug 06, 2020 3:52:08 PM Utilities.FileLogger write
INFO: >>> createPlayerAccount >>> age >>> 23

Aug 06, 2020 3:52:08 PM Utilities.FileLogger write
INFO: >>> createPlayerAccount >>> ipadddress >>> 93.5.4.5

Aug 06, 2020 3:52:08 PM Utilities.FileLogger write
INFO: >>> createPlayerAccount >>> User information stored

Aug 06, 2020 4:00:10 PM Utilities.FileLogger write
INFO: >>> createPlayerAccount

Aug 06, 2020 4:00:10 PM Utilities.FileLogger write
INFO: >>> createPlayerAccount >>> username >>> Gyles123

Aug 06, 2020 4:00:10 PM Utilities.FileLogger write
INFO: >>> createPlayerAccount >>> firstname >>> Gyles

Aug 06, 2020 4:00:10 PM Utilities.FileLogger write
INFO: >>> createPlayerAccount >>> lastname >>> Key

Aug 06, 2020 4:00:10 PM Utilities.FileLogger write
INFO: >>> createPlayerAccount >>> password >>> Gyles123

Aug 06, 2020 4:00:10 PM Utilities.FileLogger write
INFO: >>> createPlayerAccount >>> age >>> 23

Aug 06, 2020 4:00:10 PM Utilities.FileLogger write
INFO: >>> createPlayerAccount >>> ipadddress >>> 93.5.4.5

Aug 06, 2020 4:00:10 PM Utilities.FileLogger write
INFO: >>> createPlayerAccount >>> User information stored

Aug 06, 2020 4:00:45 PM Utilities.FileLogger write
INFO: >>> createPlayerAccount

Aug 06, 2020 4:00:45 PM Utilities.FileLogger write
INFO: >>> createPlayerAccount >>> username >>> Gyles123

Aug 06, 2020 4:00:45 PM Utilities.FileLogger write
INFO: >>> createPlayerAccount >>> firstname >>> Gyles

Aug 06, 2020 4:00:45 PM Utilities.FileLogger write
INFO: >>> createPlayerAccount >>> lastname >>> Key

Aug 06, 2020 4:00:45 PM Utilities.FileLogger write
INFO: >>> createPlayerAccount >>> password >>> Gyles123

Aug 06, 2020 4:00:45 PM Utilities.FileLogger write
INFO: >>> createPlayerAccount >>> age >>> 23

Aug 06, 2020 4:00:45 PM Utilities.FileLogger write
INFO: >>> createPlayerAccount >>> ipadddress >>> 93.5.4.5

Aug 06, 2020 4:00:45 PM Utilities.FileLogger write
INFO: >>> createPlayerAccount >>> User information stored

Aug 06, 2020 4:02:51 PM Utilities.FileLogger write
INFO: >>> createPlayerAccount

Aug 06, 2020 4:02:51 PM Utilities.FileLogger write
INFO: >>> createPlayerAccount >>> username >>> Gyles123

Aug 06, 2020 4:02:51 PM Utilities.FileLogger write
INFO: >>> createPlayerAccount >>> firstname >>> Gyles

Aug 06, 2020 4:02:51 PM Utilities.FileLogger write
INFO: >>> createPlayerAccount >>> lastname >>> Key

Aug 06, 2020 4:02:51 PM Utilities.FileLogger write
INFO: >>> createPlayerAccount >>> password >>> Gyles123

Aug 06, 2020 4:02:51 PM Utilities.FileLogger write
INFO: >>> createPlayerAccount >>> age >>> 23

Aug 06, 2020 4:02:51 PM Utilities.FileLogger write
INFO: >>> createPlayerAccount >>> ipadddress >>> 93.5.4.5

Aug 06, 2020 4:02:51 PM Utilities.FileLogger write
INFO: >>> createPlayerAccount >>> User information stored

Aug 06, 2020 4:06:24 PM Utilities.FileLogger write
INFO: >>> createPlayerAccount

Aug 06, 2020 4:06:24 PM Utilities.FileLogger write
INFO: >>> createPlayerAccount >>> username >>> Gyles123

Aug 06, 2020 4:06:24 PM Utilities.FileLogger write
INFO: >>> createPlayerAccount >>> firstname >>> Gyles

Aug 06, 2020 4:06:24 PM Utilities.FileLogger write
INFO: >>> createPlayerAccount >>> lastname >>> Key

Aug 06, 2020 4:06:24 PM Utilities.FileLogger write
INFO: >>> createPlayerAccount >>> password >>> Gyles123

Aug 06, 2020 4:06:24 PM Utilities.FileLogger write
INFO: >>> createPlayerAccount >>> age >>> 23

Aug 06, 2020 4:06:24 PM Utilities.FileLogger write
INFO: >>> createPlayerAccount >>> ipadddress >>> 93.5.4.5

Aug 06, 2020 4:06:24 PM Utilities.FileLogger write
INFO: >>> createPlayerAccount >>> User information stored

Aug 06, 2020 4:09:27 PM Utilities.FileLogger write
INFO: >>> createPlayerAccount

Aug 06, 2020 4:09:27 PM Utilities.FileLogger write
INFO: >>> createPlayerAccount >>> username >>> Gyles123

Aug 06, 2020 4:09:27 PM Utilities.FileLogger write
INFO: >>> createPlayerAccount >>> firstname >>> Gyles

Aug 06, 2020 4:09:27 PM Utilities.FileLogger write
INFO: >>> createPlayerAccount >>> lastname >>> Key

Aug 06, 2020 4:09:27 PM Utilities.FileLogger write
INFO: >>> createPlayerAccount >>> password >>> Gyles123

Aug 06, 2020 4:09:27 PM Utilities.FileLogger write
INFO: >>> createPlayerAccount >>> age >>> 23

Aug 06, 2020 4:09:27 PM Utilities.FileLogger write
INFO: >>> createPlayerAccount >>> ipadddress >>> 93.5.4.5

Aug 06, 2020 4:09:27 PM Utilities.FileLogger write
INFO: >>> createPlayerAccount >>> User information stored

Aug 06, 2020 4:32:03 PM Utilities.FileLogger write
INFO: >>> createPlayerAccount

Aug 06, 2020 4:32:03 PM Utilities.FileLogger write
INFO: >>> createPlayerAccount >>> username >>> Gyles123

Aug 06, 2020 4:32:03 PM Utilities.FileLogger write
INFO: >>> createPlayerAccount >>> firstname >>> Gyles

Aug 06, 2020 4:32:03 PM Utilities.FileLogger write
INFO: >>> createPlayerAccount >>> lastname >>> Key

Aug 06, 2020 4:32:03 PM Utilities.FileLogger write
INFO: >>> createPlayerAccount >>> password >>> Gyles123

Aug 06, 2020 4:32:03 PM Utilities.FileLogger write
INFO: >>> createPlayerAccount >>> age >>> 23

Aug 06, 2020 4:32:03 PM Utilities.FileLogger write
INFO: >>> createPlayerAccount >>> ipadddress >>> 93.5.4.5

Aug 06, 2020 4:32:03 PM Utilities.FileLogger write
INFO: >>> createPlayerAccount >>> User information stored

Aug 06, 2020 4:33:25 PM Utilities.FileLogger write
INFO: >>> createPlayerAccount

Aug 06, 2020 4:33:25 PM Utilities.FileLogger write
INFO: >>> createPlayerAccount >>> username >>> Gyles123

Aug 06, 2020 4:33:25 PM Utilities.FileLogger write
INFO: >>> createPlayerAccount >>> firstname >>> Gyles

Aug 06, 2020 4:33:25 PM Utilities.FileLogger write
INFO: >>> createPlayerAccount >>> lastname >>> Key

Aug 06, 2020 4:33:25 PM Utilities.FileLogger write
INFO: >>> createPlayerAccount >>> password >>> Gyles123

Aug 06, 2020 4:33:25 PM Utilities.FileLogger write
INFO: >>> createPlayerAccount >>> age >>> 23

Aug 06, 2020 4:33:25 PM Utilities.FileLogger write
INFO: >>> createPlayerAccount >>> ipadddress >>> 93.5.4.5

Aug 06, 2020 4:33:25 PM Utilities.FileLogger write
INFO: >>> createPlayerAccount >>> User information stored

Aug 06, 2020 4:33:30 PM Utilities.FileLogger write
INFO: >>> createPlayerAccount

Aug 06, 2020 4:33:30 PM Utilities.FileLogger write
INFO: >>> createPlayerAccount >>> username >>> Gyles123

Aug 06, 2020 4:33:30 PM Utilities.FileLogger write
INFO: >>> createPlayerAccount >>> firstname >>> Gyles

Aug 06, 2020 4:33:30 PM Utilities.FileLogger write
INFO: >>> createPlayerAccount >>> lastname >>> Key

Aug 06, 2020 4:33:30 PM Utilities.FileLogger write
INFO: >>> createPlayerAccount >>> password >>> Gyles123

Aug 06, 2020 4:33:30 PM Utilities.FileLogger write
INFO: >>> createPlayerAccount >>> age >>> 23

Aug 06, 2020 4:33:30 PM Utilities.FileLogger write
INFO: >>> createPlayerAccount >>> ipadddress >>> 93.5.4.5

Aug 06, 2020 4:33:30 PM Utilities.FileLogger write
INFO: >>> createPlayerAccount >>> User information stored

Aug 06, 2020 4:55:22 PM Utilities.FileLogger write
INFO: >>> createPlayerAccount

Aug 06, 2020 4:55:22 PM Utilities.FileLogger write
INFO: >>> createPlayerAccount >>> username >>> Gyles123

Aug 06, 2020 4:55:22 PM Utilities.FileLogger write
INFO: >>> createPlayerAccount >>> firstname >>> Gyles

Aug 06, 2020 4:55:22 PM Utilities.FileLogger write
INFO: >>> createPlayerAccount >>> lastname >>> Key

Aug 06, 2020 4:55:22 PM Utilities.FileLogger write
INFO: >>> createPlayerAccount >>> password >>> Gyles123

Aug 06, 2020 4:55:22 PM Utilities.FileLogger write
INFO: >>> createPlayerAccount >>> age >>> 23

Aug 06, 2020 4:55:22 PM Utilities.FileLogger write
INFO: >>> createPlayerAccount >>> ipadddress >>> 93.5.4.5

Aug 06, 2020 4:55:22 PM Utilities.FileLogger write
INFO: >>> createPlayerAccount >>> User information stored

Aug 06, 2020 10:16:01 PM Utilities.FileLogger write
INFO: >>> createPlayerAccount

Aug 06, 2020 10:16:01 PM Utilities.FileLogger write
INFO: >>> createPlayerAccount >>> username >>> Gyles123

Aug 06, 2020 10:16:01 PM Utilities.FileLogger write
INFO: >>> createPlayerAccount >>> firstname >>> Gyles

Aug 06, 2020 10:16:01 PM Utilities.FileLogger write
INFO: >>> createPlayerAccount >>> lastname >>> Key

Aug 06, 2020 10:16:01 PM Utilities.FileLogger write
INFO: >>> createPlayerAccount >>> password >>> Gyles123

Aug 06, 2020 10:16:01 PM Utilities.FileLogger write
INFO: >>> createPlayerAccount >>> age >>> 23

Aug 06, 2020 10:16:01 PM Utilities.FileLogger write
INFO: >>> createPlayerAccount >>> ipadddress >>> 93.5.4.5

Aug 06, 2020 10:16:01 PM Utilities.FileLogger write
INFO: >>> createPlayerAccount >>> User information stored

