Jun 12, 2020 12:03:20 AM Logger.FileLogger write
INFO: >>> Get Status

Jun 12, 2020 12:03:31 AM Logger.FileLogger write
INFO: >>> Get Status >>> username >>>  Admin

Jun 12, 2020 12:03:31 AM Logger.FileLogger write
INFO: >>> Get Status >>> password >>> Admin

Jun 12, 2020 12:03:31 AM Logger.FileLogger write
INFO: >>> Get Status >>> ipaddress >>> 182.1.1.1

Jun 12, 2020 12:03:31 AM Logger.FileLogger write
INFO: >>> Get Status >>> Sending request to server

Jun 12, 2020 12:03:31 AM Logger.FileLogger write
INFO: >>> Get Player Status >>> Sending request to Asia

Jun 12, 2020 12:03:32 AM Logger.FileLogger write
INFO: >>> Get Status >>> Response >>> 
AS: 0 online, 5 offline, EU: 0 online, 5 offline, NA: 0 online, 5 offline.

Jun 12, 2020 12:03:35 AM Logger.FileLogger write
INFO: >>> Suspend Account

Jun 12, 2020 12:05:56 AM Logger.FileLogger write
INFO: >>> Suspend Account >>> username >>>  Admin

Jun 12, 2020 12:05:56 AM Logger.FileLogger write
INFO: >>> Suspend Account >>> password >>> Admin

Jun 12, 2020 12:05:56 AM Logger.FileLogger write
INFO: >>> Suspend Account >>> ipaddress >>> 182.1.1.1

Jun 12, 2020 12:05:56 AM Logger.FileLogger write
INFO: >>> Suspend Account >>> Username To Suspend >>> Adak123

Jun 12, 2020 12:05:56 AM Logger.FileLogger write
INFO: >>> Suspend Account >>> Sending request to server

Jun 12, 2020 12:05:56 AM Logger.FileLogger write
INFO: >>> Suspend Account >>> Sending request to Asia

Jun 12, 2020 12:05:56 AM Logger.FileLogger write
INFO: >>> Suspend Account >>> Response >>> 
A player doesn't exixts with given username

Jun 12, 2020 12:08:32 AM Logger.FileLogger write
INFO: >>> Get Status

Jun 12, 2020 12:08:39 AM Logger.FileLogger write
INFO: >>> Get Status >>> username >>>  Admin

Jun 12, 2020 12:08:39 AM Logger.FileLogger write
INFO: >>> Get Status >>> password >>> Admin

Jun 12, 2020 12:08:39 AM Logger.FileLogger write
INFO: >>> Get Status >>> ipaddress >>> 182.1.1.1

Jun 12, 2020 12:08:39 AM Logger.FileLogger write
INFO: >>> Get Status >>> Sending request to server

Jun 12, 2020 12:08:39 AM Logger.FileLogger write
INFO: >>> Get Player Status >>> Sending request to Asia

Jun 12, 2020 12:08:39 AM Logger.FileLogger write
INFO: >>> Get Status >>> Response >>> 
AS: 0 online, 4 offline, EU: 0 online, 5 offline, NA: 0 online, 5 offline.

Jun 12, 2020 12:09:02 AM Logger.FileLogger write
INFO: >>> Suspend Account

Jun 12, 2020 12:09:12 AM Logger.FileLogger write
INFO: >>> Suspend Account >>> username >>>  Admin

Jun 12, 2020 12:09:12 AM Logger.FileLogger write
INFO: >>> Suspend Account >>> password >>> Admin

Jun 12, 2020 12:09:12 AM Logger.FileLogger write
INFO: >>> Suspend Account >>> ipaddress >>> 182.1.1.1

Jun 12, 2020 12:09:12 AM Logger.FileLogger write
INFO: >>> Suspend Account >>> Username To Suspend >>> Bruce123

Jun 12, 2020 12:09:12 AM Logger.FileLogger write
INFO: >>> Suspend Account >>> Sending request to server

Jun 12, 2020 12:09:12 AM Logger.FileLogger write
INFO: >>> Suspend Account >>> Sending request to Asia

Jun 12, 2020 12:09:12 AM Logger.FileLogger write
INFO: >>> Suspend Account >>> Response >>> 
A player doesn't exixts with given username

Jun 12, 2020 12:09:17 AM Logger.FileLogger write
INFO: >>> Suspend Account

Jun 12, 2020 12:09:31 AM Logger.FileLogger write
INFO: >>> Suspend Account >>> username >>>  Admin

Jun 12, 2020 12:09:31 AM Logger.FileLogger write
INFO: >>> Suspend Account >>> password >>> Admin

Jun 12, 2020 12:09:31 AM Logger.FileLogger write
INFO: >>> Suspend Account >>> ipaddress >>> 182.1.1.1

Jun 12, 2020 12:09:31 AM Logger.FileLogger write
INFO: >>> Suspend Account >>> Username To Suspend >>> Charles123

Jun 12, 2020 12:09:31 AM Logger.FileLogger write
INFO: >>> Suspend Account >>> Sending request to server

Jun 12, 2020 12:09:31 AM Logger.FileLogger write
INFO: >>> Suspend Account >>> Sending request to Asia

Jun 12, 2020 12:09:31 AM Logger.FileLogger write
INFO: >>> Suspend Account >>> Response >>> 
A player doesn't exixts with given username

Jun 12, 2020 12:09:36 AM Logger.FileLogger write
INFO: >>> Suspend Account

Jun 12, 2020 12:09:46 AM Logger.FileLogger write
INFO: >>> Suspend Account >>> username >>>  Admin

Jun 12, 2020 12:09:46 AM Logger.FileLogger write
INFO: >>> Suspend Account >>> password >>> Admin

Jun 12, 2020 12:09:46 AM Logger.FileLogger write
INFO: >>> Suspend Account >>> ipaddress >>> 182.1.1.1

Jun 12, 2020 12:09:46 AM Logger.FileLogger write
INFO: >>> Suspend Account >>> Username To Suspend >>> Kevin123

Jun 12, 2020 12:09:46 AM Logger.FileLogger write
INFO: >>> Suspend Account >>> Sending request to server

Jun 12, 2020 12:09:46 AM Logger.FileLogger write
INFO: >>> Suspend Account >>> Sending request to Asia

Jun 12, 2020 12:09:46 AM Logger.FileLogger write
INFO: >>> Suspend Account >>> Response >>> 
A player doesn't exixts with given username

Jun 12, 2020 12:09:49 AM Logger.FileLogger write
INFO: >>> Get Status

Jun 12, 2020 12:09:56 AM Logger.FileLogger write
INFO: >>> Get Status >>> username >>>  Admin

Jun 12, 2020 12:09:56 AM Logger.FileLogger write
INFO: >>> Get Status >>> password >>> Admin

Jun 12, 2020 12:09:56 AM Logger.FileLogger write
INFO: >>> Get Status >>> ipaddress >>> 182.1.1.1

Jun 12, 2020 12:09:56 AM Logger.FileLogger write
INFO: >>> Get Status >>> Sending request to server

Jun 12, 2020 12:09:56 AM Logger.FileLogger write
INFO: >>> Get Player Status >>> Sending request to Asia

Jun 12, 2020 12:09:56 AM Logger.FileLogger write
INFO: >>> Get Status >>> Response >>> 
AS: 0 online, 1 offline, EU: 0 online, 5 offline, NA: 0 online, 5 offline.

Jun 12, 2020 12:11:47 AM Logger.FileLogger write
INFO: >>> Get Status

Jun 12, 2020 12:11:53 AM Logger.FileLogger write
INFO: >>> Get Status >>> username >>>  Admin

Jun 12, 2020 12:11:53 AM Logger.FileLogger write
INFO: >>> Get Status >>> password >>> Admin

Jun 12, 2020 12:11:53 AM Logger.FileLogger write
INFO: >>> Get Status >>> ipaddress >>> 182.1.1.1

Jun 12, 2020 12:11:53 AM Logger.FileLogger write
INFO: >>> Get Status >>> Sending request to server

Jun 12, 2020 12:11:53 AM Logger.FileLogger write
INFO: >>> Get Player Status >>> Sending request to Asia

Jun 12, 2020 12:11:54 AM Logger.FileLogger write
INFO: >>> Get Status >>> Response >>> 
AS: 0 online, 5 offline, EU: 0 online, 5 offline, NA: 0 online, 5 offline.

Jun 12, 2020 12:11:57 AM Logger.FileLogger write
INFO: >>> Suspend Account

Jun 12, 2020 12:12:09 AM Logger.FileLogger write
INFO: >>> Suspend Account >>> username >>>  Admin

Jun 12, 2020 12:12:09 AM Logger.FileLogger write
INFO: >>> Suspend Account >>> password >>> Admin

Jun 12, 2020 12:12:09 AM Logger.FileLogger write
INFO: >>> Suspend Account >>> ipaddress >>> 182.1.1.1

Jun 12, 2020 12:12:09 AM Logger.FileLogger write
INFO: >>> Suspend Account >>> Username To Suspend >>> Kevin123

Jun 12, 2020 12:12:09 AM Logger.FileLogger write
INFO: >>> Suspend Account >>> Sending request to server

Jun 12, 2020 12:12:09 AM Logger.FileLogger write
INFO: >>> Suspend Account >>> Sending request to Asia

Jun 12, 2020 12:12:09 AM Logger.FileLogger write
INFO: >>> Suspend Account >>> Response >>> 
A player accountwith "Kevin123" username is suspended

Jun 12, 2020 12:12:18 AM Logger.FileLogger write
INFO: >>> Suspend Account

Jun 12, 2020 12:12:30 AM Logger.FileLogger write
INFO: >>> Suspend Account >>> username >>>  Admin

Jun 12, 2020 12:12:30 AM Logger.FileLogger write
INFO: >>> Suspend Account >>> password >>> Admin

Jun 12, 2020 12:12:30 AM Logger.FileLogger write
INFO: >>> Suspend Account >>> ipaddress >>> 182.1.1.1

Jun 12, 2020 12:12:30 AM Logger.FileLogger write
INFO: >>> Suspend Account >>> Username To Suspend >>> djgsdfg

Jun 12, 2020 12:12:30 AM Logger.FileLogger write
INFO: >>> Suspend Account >>> Sending request to server

Jun 12, 2020 12:12:30 AM Logger.FileLogger write
INFO: >>> Suspend Account >>> Sending request to Asia

Jun 12, 2020 12:12:30 AM Logger.FileLogger write
INFO: >>> Suspend Account >>> Response >>> 
A player doesn't exixts with given username

Jun 12, 2020 12:13:03 AM Logger.FileLogger write
INFO: >>> Suspend Account

Jun 12, 2020 12:13:22 AM Logger.FileLogger write
INFO: >>> Suspend Account >>> username >>>  182.1.1.1

Jun 12, 2020 12:13:22 AM Logger.FileLogger write
INFO: >>> Suspend Account >>> password >>> Admin

Jun 12, 2020 12:13:22 AM Logger.FileLogger write
INFO: >>> Suspend Account >>> ipaddress >>> 182.1.1.1

Jun 12, 2020 12:13:22 AM Logger.FileLogger write
INFO: >>> Suspend Account >>> Username To Suspend >>> dfgsdf

Jun 12, 2020 12:13:22 AM Logger.FileLogger write
INFO: >>> Suspend Account >>> Sending request to server

Jun 12, 2020 12:13:22 AM Logger.FileLogger write
INFO: >>> Suspend Account >>> Sending request to Asia

Jun 12, 2020 12:13:22 AM Logger.FileLogger write
INFO: >>> Suspend Account >>> Response >>> 
A player doesn't exixts with given username

Jun 12, 2020 12:25:27 AM Logger.FileLogger write
INFO: >>> Get Status

Jun 12, 2020 12:25:35 AM Logger.FileLogger write
INFO: >>> Get Status >>> username >>>  Admin

Jun 12, 2020 12:25:35 AM Logger.FileLogger write
INFO: >>> Get Status >>> password >>> Admin

Jun 12, 2020 12:25:35 AM Logger.FileLogger write
INFO: >>> Get Status >>> ipaddress >>> 182.1.1.1

Jun 12, 2020 12:25:35 AM Logger.FileLogger write
INFO: >>> Get Status >>> Sending request to server

Jun 12, 2020 12:25:35 AM Logger.FileLogger write
INFO: >>> Get Player Status >>> Sending request to Asia

Jun 12, 2020 12:25:35 AM Logger.FileLogger write
INFO: >>> Get Status >>> Response >>> 
AS: 0 online, 5 offline, EU: 0 online, 5 offline, NA: 0 online, 5 offline.

Jun 12, 2020 12:25:50 AM Logger.FileLogger write
INFO: >>> Suspend Account

Jun 12, 2020 12:26:03 AM Logger.FileLogger write
INFO: >>> Suspend Account >>> username >>>  214325434

Jun 12, 2020 12:26:03 AM Logger.FileLogger write
INFO: >>> Suspend Account >>> password >>> Admin

Jun 12, 2020 12:26:03 AM Logger.FileLogger write
INFO: >>> Suspend Account >>> ipaddress >>> 182.1.1.1

Jun 12, 2020 12:26:03 AM Logger.FileLogger write
INFO: >>> Suspend Account >>> Username To Suspend >>> Addzfd

Jun 12, 2020 12:26:03 AM Logger.FileLogger write
INFO: >>> Suspend Account >>> Sending request to server

Jun 12, 2020 12:26:03 AM Logger.FileLogger write
INFO: >>> Suspend Account >>> Sending request to Asia

Jun 12, 2020 12:26:03 AM Logger.FileLogger write
INFO: >>> Suspend Account >>> Response >>> 
Wrong username or password...

Jun 12, 2020 12:26:07 AM Logger.FileLogger write
INFO: >>> Suspend Account

Jun 12, 2020 12:26:16 AM Logger.FileLogger write
INFO: >>> Suspend Account >>> username >>>  Admin

Jun 12, 2020 12:26:16 AM Logger.FileLogger write
INFO: >>> Suspend Account >>> password >>> Admin

Jun 12, 2020 12:26:16 AM Logger.FileLogger write
INFO: >>> Suspend Account >>> ipaddress >>> 182.1.1.1

Jun 12, 2020 12:26:16 AM Logger.FileLogger write
INFO: >>> Suspend Account >>> Username To Suspend >>> Adak123

Jun 12, 2020 12:26:16 AM Logger.FileLogger write
INFO: >>> Suspend Account >>> Sending request to server

Jun 12, 2020 12:26:16 AM Logger.FileLogger write
INFO: >>> Suspend Account >>> Sending request to Asia

Jun 12, 2020 12:26:16 AM Logger.FileLogger write
INFO: >>> Suspend Account >>> Response >>> 
A player accountwith "Adak123" username is suspended

Jun 12, 2020 12:26:33 AM Logger.FileLogger write
INFO: >>> Suspend Account

Jun 12, 2020 12:26:42 AM Logger.FileLogger write
INFO: >>> Suspend Account >>> username >>>  Admin

Jun 12, 2020 12:26:42 AM Logger.FileLogger write
INFO: >>> Suspend Account >>> password >>> Admin

Jun 12, 2020 12:26:42 AM Logger.FileLogger write
INFO: >>> Suspend Account >>> ipaddress >>> 93.1.1.1

Jun 12, 2020 12:26:42 AM Logger.FileLogger write
INFO: >>> Suspend Account >>> Username To Suspend >>> Amsel97

Jun 12, 2020 12:26:42 AM Logger.FileLogger write
INFO: >>> Suspend Account >>> Sending request to server

Jun 12, 2020 12:26:42 AM Logger.FileLogger write
INFO: >>> Suspend Account >>> Sending request to Europe

Jun 12, 2020 12:26:42 AM Logger.FileLogger write
INFO: >>> Suspend Account >>> Response >>> 
A player accountwith "Amsel97" username is suspended

Jun 12, 2020 12:26:45 AM Logger.FileLogger write
INFO: >>> Suspend Account

Jun 12, 2020 12:27:06 AM Logger.FileLogger write
INFO: >>> Suspend Account >>> username >>>  Admin

Jun 12, 2020 12:27:06 AM Logger.FileLogger write
INFO: >>> Suspend Account >>> password >>> Admin

Jun 12, 2020 12:27:06 AM Logger.FileLogger write
INFO: >>> Suspend Account >>> ipaddress >>> 132.1.1.1

Jun 12, 2020 12:27:06 AM Logger.FileLogger write
INFO: >>> Suspend Account >>> Username To Suspend >>> Garfield123

Jun 12, 2020 12:27:06 AM Logger.FileLogger write
INFO: >>> Suspend Account >>> Sending request to server

Jun 12, 2020 12:27:06 AM Logger.FileLogger write
INFO: >>> Suspend Account >>> Sending request to NorthAmerica

Jun 12, 2020 12:27:06 AM Logger.FileLogger write
INFO: >>> Suspend Account >>> Response >>> 
A player accountwith "Garfield123" username is suspended

Jun 12, 2020 12:27:09 AM Logger.FileLogger write
INFO: >>> Get Status

Jun 12, 2020 12:27:22 AM Logger.FileLogger write
INFO: >>> Get Status >>> username >>>  Admin

Jun 12, 2020 12:27:22 AM Logger.FileLogger write
INFO: >>> Get Status >>> password >>> Admin

Jun 12, 2020 12:27:22 AM Logger.FileLogger write
INFO: >>> Get Status >>> ipaddress >>> 93.1.1.1

Jun 12, 2020 12:27:22 AM Logger.FileLogger write
INFO: >>> Get Status >>> Sending request to server

Jun 12, 2020 12:27:22 AM Logger.FileLogger write
INFO: >>> Get Player Status >>> Sending request to Europe

Jun 12, 2020 12:27:22 AM Logger.FileLogger write
INFO: >>> Get Status >>> Response >>> 
EU: 0 online, 4 offline, AS: 0 online, 4 offline, NA: 0 online, 4 offline.

Jun 12, 2020 12:32:23 AM Logger.FileLogger write
INFO: >>> Suspend Account

Jun 12, 2020 12:33:35 AM Logger.FileLogger write
INFO: >>> Suspend Account >>> username >>>  Admin

Jun 12, 2020 12:33:35 AM Logger.FileLogger write
INFO: >>> Suspend Account >>> password >>> Admin

Jun 12, 2020 12:33:35 AM Logger.FileLogger write
INFO: >>> Suspend Account >>> ipaddress >>> 182.1.1.1

Jun 12, 2020 12:33:35 AM Logger.FileLogger write
INFO: >>> Suspend Account >>> Username To Suspend >>> fgfdsggf

Jun 12, 2020 12:33:35 AM Logger.FileLogger write
INFO: >>> Suspend Account >>> Sending request to server

Jun 12, 2020 12:33:35 AM Logger.FileLogger write
INFO: >>> Suspend Account >>> Sending request to Asia

Jun 12, 2020 12:33:36 AM Logger.FileLogger write
INFO: >>> Suspend Account >>> Response >>> 
A player doesn't exixts with given username

Jun 12, 2020 12:33:38 AM Logger.FileLogger write
INFO: >>> Suspend Account

Jun 12, 2020 12:33:52 AM Logger.FileLogger write
INFO: >>> Suspend Account >>> username >>>  Admin

Jun 12, 2020 12:33:52 AM Logger.FileLogger write
INFO: >>> Suspend Account >>> password >>> Admin

Jun 12, 2020 12:33:52 AM Logger.FileLogger write
INFO: >>> Suspend Account >>> ipaddress >>> 93.2.2.2

Jun 12, 2020 12:33:52 AM Logger.FileLogger write
INFO: >>> Suspend Account >>> Username To Suspend >>> Key007

Jun 12, 2020 12:33:52 AM Logger.FileLogger write
INFO: >>> Suspend Account >>> Sending request to server

Jun 12, 2020 12:33:52 AM Logger.FileLogger write
INFO: >>> Suspend Account >>> Sending request to Europe

Jun 12, 2020 12:33:52 AM Logger.FileLogger write
INFO: >>> Suspend Account >>> Response >>> 
A player accountwith "Key007" username is suspended

Jun 12, 2020 12:33:56 AM Logger.FileLogger write
INFO: >>> Get Status

Jun 12, 2020 12:34:07 AM Logger.FileLogger write
INFO: >>> Get Status >>> username >>>  Admin

Jun 12, 2020 12:34:07 AM Logger.FileLogger write
INFO: >>> Get Status >>> password >>> Admin

Jun 12, 2020 12:34:07 AM Logger.FileLogger write
INFO: >>> Get Status >>> ipaddress >>> 182.1.1.1

Jun 12, 2020 12:34:07 AM Logger.FileLogger write
INFO: >>> Get Status >>> Sending request to server

Jun 12, 2020 12:34:07 AM Logger.FileLogger write
INFO: >>> Get Player Status >>> Sending request to Asia

Jun 12, 2020 12:34:07 AM Logger.FileLogger write
INFO: >>> Get Status >>> Response >>> 
AS: 0 online, 4 offline, EU: 0 online, 3 offline, NA: 0 online, 4 offline.

Jun 12, 2020 3:47:48 PM Logger.FileLogger write
INFO: >>> Get Status

Jun 12, 2020 3:47:55 PM Logger.FileLogger write
INFO: >>> Get Status >>> username >>>  Admn

Jun 12, 2020 3:47:55 PM Logger.FileLogger write
INFO: >>> Get Status >>> password >>> Admin

Jun 12, 2020 3:47:55 PM Logger.FileLogger write
INFO: >>> Get Status >>> ipaddress >>> 182.1.1.1

Jun 12, 2020 3:47:55 PM Logger.FileLogger write
INFO: >>> Get Status >>> Sending request to server

Jun 12, 2020 3:47:55 PM Logger.FileLogger write
INFO: >>> Get Player Status >>> Sending request to Asia

Jun 12, 2020 3:47:55 PM Logger.FileLogger write
INFO: >>> Get Status >>> Response >>> 
Wrong username or password...

Jun 12, 2020 3:47:58 PM Logger.FileLogger write
INFO: >>> Get Status

Jun 12, 2020 3:48:05 PM Logger.FileLogger write
INFO: >>> Get Status >>> username >>>  Admin

Jun 12, 2020 3:48:05 PM Logger.FileLogger write
INFO: >>> Get Status >>> password >>> Admin

Jun 12, 2020 3:48:05 PM Logger.FileLogger write
INFO: >>> Get Status >>> ipaddress >>> 182.1.1.1

Jun 12, 2020 3:48:05 PM Logger.FileLogger write
INFO: >>> Get Status >>> Sending request to server

Jun 12, 2020 3:48:05 PM Logger.FileLogger write
INFO: >>> Get Player Status >>> Sending request to Asia

Jun 12, 2020 3:48:05 PM Logger.FileLogger write
INFO: >>> Get Status >>> Response >>> 
AS: 0 online, 5 offline, , .

Jun 12, 2020 3:50:42 PM Logger.FileLogger write
INFO: >>> Get Status

Jun 12, 2020 3:50:49 PM Logger.FileLogger write
INFO: >>> Get Status >>> username >>>  Admin

Jun 12, 2020 3:50:49 PM Logger.FileLogger write
INFO: >>> Get Status >>> password >>> Admin

Jun 12, 2020 3:50:49 PM Logger.FileLogger write
INFO: >>> Get Status >>> ipaddress >>> 182.1.1.1

Jun 12, 2020 3:50:49 PM Logger.FileLogger write
INFO: >>> Get Status >>> Sending request to server

Jun 12, 2020 3:50:49 PM Logger.FileLogger write
INFO: >>> Get Player Status >>> Sending request to Asia

Jun 12, 2020 3:50:49 PM Logger.FileLogger write
INFO: >>> Get Status >>> Response >>> 
AS: 0 online, 5 offline, EU: 0 online, 5 offline, NA: 0 online, 5 offline.

Jun 12, 2020 5:39:52 PM Logger.FileLogger write
INFO: >>> inputChoice >>> Please input Integer only

Jun 12, 2020 5:40:34 PM Logger.FileLogger write
INFO: >>> Get Status

Jun 12, 2020 5:40:42 PM Logger.FileLogger write
INFO: >>> Get Status >>> username >>>  Admin

Jun 12, 2020 5:40:42 PM Logger.FileLogger write
INFO: >>> Get Status >>> password >>> Admin

Jun 12, 2020 5:40:42 PM Logger.FileLogger write
INFO: >>> Get Status >>> ipaddress >>> 182.1.1.1

Jun 12, 2020 5:40:42 PM Logger.FileLogger write
INFO: >>> Get Status >>> Sending request to server

Jun 12, 2020 5:40:42 PM Logger.FileLogger write
INFO: >>> Get Player Status >>> Sending request to Asia

Jun 12, 2020 5:40:42 PM Logger.FileLogger write
INFO: >>> Get Status >>> Response >>> 
AS: 0 online, 5 offline, EU: 0 online, 5 offline, NA: 0 online, 5 offline.

Jun 12, 2020 5:40:45 PM Logger.FileLogger write
INFO: >>> Suspend Account

Jun 12, 2020 5:41:00 PM Logger.FileLogger write
INFO: >>> Suspend Account >>> username >>>  Admin

Jun 12, 2020 5:41:00 PM Logger.FileLogger write
INFO: >>> Suspend Account >>> password >>> Admin

Jun 12, 2020 5:41:00 PM Logger.FileLogger write
INFO: >>> Suspend Account >>> ipaddress >>> 182.1.1.1

Jun 12, 2020 5:41:00 PM Logger.FileLogger write
INFO: >>> Suspend Account >>> Username To Suspend >>> Varun123

Jun 12, 2020 5:41:00 PM Logger.FileLogger write
INFO: >>> Suspend Account >>> Sending request to server

Jun 12, 2020 5:41:00 PM Logger.FileLogger write
INFO: >>> Suspend Account >>> Sending request to Asia

Jun 12, 2020 5:41:00 PM Logger.FileLogger write
INFO: >>> Suspend Account >>> Response >>> 
A player account with "Varun123" username is suspended

Jun 12, 2020 5:41:03 PM Logger.FileLogger write
INFO: >>> Get Status

Jun 12, 2020 5:41:13 PM Logger.FileLogger write
INFO: >>> Get Status >>> username >>>  Admin

Jun 12, 2020 5:41:13 PM Logger.FileLogger write
INFO: >>> Get Status >>> password >>> Admin

Jun 12, 2020 5:41:13 PM Logger.FileLogger write
INFO: >>> Get Status >>> ipaddress >>> 182.1.1.1

Jun 12, 2020 5:41:13 PM Logger.FileLogger write
INFO: >>> Get Status >>> Sending request to server

Jun 12, 2020 5:41:13 PM Logger.FileLogger write
INFO: >>> Get Player Status >>> Sending request to Asia

Jun 12, 2020 5:41:13 PM Logger.FileLogger write
INFO: >>> Get Status >>> Response >>> 
AS: 0 online, 4 offline, EU: 0 online, 5 offline, NA: 0 online, 5 offline.

Jun 12, 2020 5:41:40 PM Logger.FileLogger write
INFO: >>> Suspend Account

Jun 12, 2020 5:41:50 PM Logger.FileLogger write
INFO: >>> Suspend Account >>> username >>>  Admin

Jun 12, 2020 5:41:50 PM Logger.FileLogger write
INFO: >>> Suspend Account >>> password >>> Admin

Jun 12, 2020 5:41:50 PM Logger.FileLogger write
INFO: >>> Suspend Account >>> ipaddress >>> 93.1.1.1

Jun 12, 2020 5:41:50 PM Logger.FileLogger write
INFO: >>> Suspend Account >>> Username To Suspend >>> tapani15

Jun 12, 2020 5:41:50 PM Logger.FileLogger write
INFO: >>> Suspend Account >>> Sending request to server

Jun 12, 2020 5:41:50 PM Logger.FileLogger write
INFO: >>> Suspend Account >>> Sending request to Europe

Jun 12, 2020 5:41:50 PM Logger.FileLogger write
INFO: >>> Suspend Account >>> Response >>> 
A player account with "tapani15" username is suspended

Jun 12, 2020 5:42:05 PM Logger.FileLogger write
INFO: >>> Suspend Account

Jun 12, 2020 5:42:17 PM Logger.FileLogger write
INFO: >>> Suspend Account >>> username >>>  Admin

Jun 12, 2020 5:42:17 PM Logger.FileLogger write
INFO: >>> Suspend Account >>> password >>> Admin

Jun 12, 2020 5:42:17 PM Logger.FileLogger write
INFO: >>> Suspend Account >>> ipaddress >>> 132.1.1.1

Jun 12, 2020 5:42:17 PM Logger.FileLogger write
INFO: >>> Suspend Account >>> Username To Suspend >>> Siddall123

Jun 12, 2020 5:42:17 PM Logger.FileLogger write
INFO: >>> Suspend Account >>> Sending request to server

Jun 12, 2020 5:42:17 PM Logger.FileLogger write
INFO: >>> Suspend Account >>> Sending request to NorthAmerica

Jun 12, 2020 5:42:17 PM Logger.FileLogger write
INFO: >>> Suspend Account >>> Response >>> 
A player account with "Siddall123" username is suspended

Jun 12, 2020 5:42:21 PM Logger.FileLogger write
INFO: >>> Get Status

Jun 12, 2020 5:42:31 PM Logger.FileLogger write
INFO: >>> Get Status >>> username >>>  Admin

Jun 12, 2020 5:42:31 PM Logger.FileLogger write
INFO: >>> Get Status >>> password >>> Admin

Jun 12, 2020 5:42:31 PM Logger.FileLogger write
INFO: >>> Get Status >>> ipaddress >>> 93.12.1.1

Jun 12, 2020 5:42:31 PM Logger.FileLogger write
INFO: >>> Get Status >>> Sending request to server

Jun 12, 2020 5:42:31 PM Logger.FileLogger write
INFO: >>> Get Player Status >>> Sending request to Europe

Jun 12, 2020 5:42:31 PM Logger.FileLogger write
INFO: >>> Get Status >>> Response >>> 
EU: 0 online, 4 offline, AS: 0 online, 4 offline, NA: 0 online, 4 offline.

Jun 12, 2020 6:06:16 PM Logger.FileLogger write
INFO: >>> Get Status

Jun 12, 2020 6:06:25 PM Logger.FileLogger write
INFO: >>> Get Status >>> username >>>  Admin

Jun 12, 2020 6:06:25 PM Logger.FileLogger write
INFO: >>> Get Status >>> password >>> Admin

Jun 12, 2020 6:06:25 PM Logger.FileLogger write
INFO: >>> Get Status >>> ipaddress >>> 182.1.1.1

Jun 12, 2020 6:06:25 PM Logger.FileLogger write
INFO: >>> Get Status >>> Sending request to server

Jun 12, 2020 6:06:25 PM Logger.FileLogger write
INFO: >>> Get Player Status >>> Sending request to Asia

Jun 12, 2020 6:06:26 PM Logger.FileLogger write
INFO: >>> Get Status >>> Response >>> 
AS: 0 online, 4 offline, EU: 0 online, 5 offline, NA: 0 online, 6 offline.

Jun 12, 2020 9:35:12 PM Logger.FileLogger write
INFO: >>> inputChoice >>> Please input Integer only

Jun 12, 2020 9:36:21 PM Logger.FileLogger write
INFO: >>> Get Status

Jun 12, 2020 9:36:26 PM Logger.FileLogger write
INFO: >>> Get Status >>> username >>>  Admin

Jun 12, 2020 9:36:26 PM Logger.FileLogger write
INFO: >>> Get Status >>> password >>> Admin

Jun 12, 2020 9:36:26 PM Logger.FileLogger write
INFO: >>> Get Status >>> ipaddress >>> 93.1.1.1

Jun 12, 2020 9:36:26 PM Logger.FileLogger write
INFO: >>> Get Status >>> Sending request to server

Jun 12, 2020 9:36:26 PM Logger.FileLogger write
INFO: >>> Get Player Status >>> Sending request to Europe

Jun 12, 2020 9:36:27 PM Logger.FileLogger write
INFO: >>> Get Status >>> Response >>> 
EU: 0 online, 6 offline, AS: 0 online, 4 offline, NA: 0 online, 5 offline.

Jun 12, 2020 9:39:03 PM Logger.FileLogger write
INFO: >>> Get Status

Jun 12, 2020 9:39:21 PM Logger.FileLogger write
INFO: >>> Get Status >>> username >>>  Admin

Jun 12, 2020 9:39:21 PM Logger.FileLogger write
INFO: >>> Get Status >>> password >>> Admin

Jun 12, 2020 9:39:21 PM Logger.FileLogger write
INFO: >>> Get Status >>> ipaddress >>> 182.1.1.1

Jun 12, 2020 9:39:21 PM Logger.FileLogger write
INFO: >>> Get Status >>> Sending request to server

Jun 12, 2020 9:39:21 PM Logger.FileLogger write
INFO: >>> Get Player Status >>> Sending request to Asia

Jun 12, 2020 9:39:21 PM Logger.FileLogger write
INFO: >>> Get Status >>> Response >>> 
AS: 0 online, 5 offline, EU: 0 online, 5 offline, NA: 0 online, 5 offline.

Jun 12, 2020 9:40:29 PM Logger.FileLogger write
INFO: >>> Get Status

Jun 12, 2020 9:40:37 PM Logger.FileLogger write
INFO: >>> Get Status >>> username >>>  Admin

Jun 12, 2020 9:40:37 PM Logger.FileLogger write
INFO: >>> Get Status >>> password >>> Admin

Jun 12, 2020 9:40:37 PM Logger.FileLogger write
INFO: >>> Get Status >>> ipaddress >>> 182.1.1.1

Jun 12, 2020 9:40:37 PM Logger.FileLogger write
INFO: >>> Get Status >>> Sending request to server

Jun 12, 2020 9:40:37 PM Logger.FileLogger write
INFO: >>> Get Player Status >>> Sending request to Asia

Jun 12, 2020 9:40:37 PM Logger.FileLogger write
INFO: >>> Get Status >>> Response >>> 
AS: 0 online, 5 offline, EU: 0 online, 5 offline, NA: 0 online, 5 offline.

Jun 12, 2020 9:50:22 PM Logger.FileLogger write
INFO: >>> inputChoice >>> Please input Integer only

Jun 12, 2020 9:50:58 PM Logger.FileLogger write
INFO: >>> Get Status

Jun 12, 2020 9:51:04 PM Logger.FileLogger write
INFO: >>> Error >>> Invalid IP address

Jun 12, 2020 9:51:09 PM Logger.FileLogger write
INFO: >>> Get Status >>> username >>>  Admin

Jun 12, 2020 9:51:09 PM Logger.FileLogger write
INFO: >>> Get Status >>> password >>> Admin

Jun 12, 2020 9:51:09 PM Logger.FileLogger write
INFO: >>> Get Status >>> ipaddress >>> 182.1.1.1

Jun 12, 2020 9:51:09 PM Logger.FileLogger write
INFO: >>> Get Status >>> Sending request to server

Jun 12, 2020 9:51:09 PM Logger.FileLogger write
INFO: >>> Get Player Status >>> Sending request to Asia

Jun 12, 2020 9:51:09 PM Logger.FileLogger write
INFO: >>> Get Status >>> Response >>> 
AS: 0 online, 5 offline, EU: 0 online, 5 offline, NA: 0 online, 5 offline.

Jun 12, 2020 9:56:51 PM Logger.FileLogger write
INFO: >>> Get Status

Jun 12, 2020 9:57:02 PM Logger.FileLogger write
INFO: >>> Error >>> Invalid IP address

Jun 12, 2020 9:57:09 PM Logger.FileLogger write
INFO: >>> Error >>> Invalid IP address

Jun 12, 2020 9:57:12 PM Logger.FileLogger write
INFO: >>> Get Status >>> username >>>  Admin

Jun 12, 2020 9:57:12 PM Logger.FileLogger write
INFO: >>> Get Status >>> password >>> Admin

Jun 12, 2020 9:57:12 PM Logger.FileLogger write
INFO: >>> Get Status >>> ipaddress >>> 182.1.1.1

Jun 12, 2020 9:57:12 PM Logger.FileLogger write
INFO: >>> Get Status >>> Sending request to server

Jun 12, 2020 9:57:12 PM Logger.FileLogger write
INFO: >>> Get Player Status >>> Sending request to Asia

Jun 12, 2020 9:57:13 PM Logger.FileLogger write
INFO: >>> Get Status >>> Response >>> 
AS: 0 online, 4 offline, EU: 0 online, 5 offline, NA: 0 online, 6 offline.

Jun 12, 2020 10:04:01 PM Logger.FileLogger write
INFO: >>> Get Status

Jun 12, 2020 10:04:11 PM Logger.FileLogger write
INFO: >>> Get Status >>> username >>>  Admin

Jun 12, 2020 10:04:11 PM Logger.FileLogger write
INFO: >>> Get Status >>> password >>> Admin

Jun 12, 2020 10:04:11 PM Logger.FileLogger write
INFO: >>> Get Status >>> ipaddress >>> 182.1.1.1

Jun 12, 2020 10:04:11 PM Logger.FileLogger write
INFO: >>> Get Status >>> Sending request to server

Jun 12, 2020 10:04:11 PM Logger.FileLogger write
INFO: >>> Get Player Status >>> Sending request to Asia

Jun 12, 2020 10:04:11 PM Logger.FileLogger write
INFO: >>> Get Status >>> Response >>> 
AS: 0 online, 4 offline, EU: 1 online, 5 offline, NA: 0 online, 5 offline.

Jun 12, 2020 10:08:26 PM Logger.FileLogger write
INFO: >>> inputChoice >>> Please input Integer only

Jun 12, 2020 10:08:26 PM Logger.FileLogger write
INFO: >>> inputChoice >>> Please input Integer only

Jun 12, 2020 10:08:26 PM Logger.FileLogger write
INFO: >>> inputChoice >>> Please input Integer only

Jun 12, 2020 10:13:22 PM Logger.FileLogger write
INFO: >>> Get Status

Jun 12, 2020 10:13:29 PM Logger.FileLogger write
INFO: >>> Get Status >>> username >>>  Admin

Jun 12, 2020 10:13:29 PM Logger.FileLogger write
INFO: >>> Get Status >>> password >>> Admin

Jun 12, 2020 10:13:29 PM Logger.FileLogger write
INFO: >>> Get Status >>> ipaddress >>> 182.1.1.1

Jun 12, 2020 10:13:29 PM Logger.FileLogger write
INFO: >>> Get Status >>> Sending request to server

Jun 12, 2020 10:13:29 PM Logger.FileLogger write
INFO: >>> Get Player Status >>> Sending request to Asia

Jun 12, 2020 10:13:29 PM Logger.FileLogger write
INFO: >>> Get Status >>> Response >>> 
AS: 0 online, 4 offline, EU: 0 online, 6 offline, NA: 0 online, 5 offline.

Jun 12, 2020 10:15:51 PM Logger.FileLogger write
INFO: >>> Get Status

Jun 12, 2020 10:15:58 PM Logger.FileLogger write
INFO: >>> Get Status >>> username >>>  Admi

Jun 12, 2020 10:15:58 PM Logger.FileLogger write
INFO: >>> Get Status >>> password >>> Admin

Jun 12, 2020 10:15:58 PM Logger.FileLogger write
INFO: >>> Get Status >>> ipaddress >>> 182.1.1.1

Jun 12, 2020 10:15:58 PM Logger.FileLogger write
INFO: >>> Get Status >>> Sending request to server

Jun 12, 2020 10:15:58 PM Logger.FileLogger write
INFO: >>> Get Player Status >>> Sending request to Asia

Jun 12, 2020 10:15:58 PM Logger.FileLogger write
INFO: >>> Get Status >>> Response >>> 
Wrong username or password...

Jun 12, 2020 10:16:01 PM Logger.FileLogger write
INFO: >>> inputChoice >>> Please input Integer only

Jun 12, 2020 10:16:02 PM Logger.FileLogger write
INFO: >>> inputChoice >>> Please input Integer only

Jun 12, 2020 10:16:08 PM Logger.FileLogger write
INFO: >>> Get Status

Jun 12, 2020 10:16:14 PM Logger.FileLogger write
INFO: >>> Get Status >>> username >>>  Admin

Jun 12, 2020 10:16:14 PM Logger.FileLogger write
INFO: >>> Get Status >>> password >>> Admin

Jun 12, 2020 10:16:14 PM Logger.FileLogger write
INFO: >>> Get Status >>> ipaddress >>> 182.1.1.1

Jun 12, 2020 10:16:14 PM Logger.FileLogger write
INFO: >>> Get Status >>> Sending request to server

Jun 12, 2020 10:16:14 PM Logger.FileLogger write
INFO: >>> Get Player Status >>> Sending request to Asia

Jun 12, 2020 10:16:14 PM Logger.FileLogger write
INFO: >>> Get Status >>> Response >>> 
AS: 0 online, 4 offline, EU: 0 online, 6 offline, NA: 0 online, 5 offline.

Jun 12, 2020 10:16:31 PM Logger.FileLogger write
INFO: >>> inputChoice >>> Please input Integer only

