Jun 12, 2020 6:05:57 PM Logger.FileLogger write
INFO: >>> createPlayerAccount

Jun 12, 2020 6:05:57 PM Logger.FileLogger write
INFO: >>> createPlayerAccount >>> username >>> Varun123

Jun 12, 2020 6:05:57 PM Logger.FileLogger write
INFO: >>> createPlayerAccount >>> firstname >>> Varun

Jun 12, 2020 6:05:57 PM Logger.FileLogger write
INFO: >>> createPlayerAccount >>> lastname >>> Patel

Jun 12, 2020 6:05:57 PM Logger.FileLogger write
INFO: >>> createPlayerAccount >>> password >>> Varun123

Jun 12, 2020 6:05:57 PM Logger.FileLogger write
INFO: >>> createPlayerAccount >>> age >>> 20

Jun 12, 2020 6:05:57 PM Logger.FileLogger write
INFO: >>> createPlayerAccount >>> ipadddress >>> 132.1.1.1

Jun 12, 2020 6:05:57 PM Logger.FileLogger write
INFO: >>> createPlayerAccount >>> User information stored

Jun 12, 2020 9:55:27 PM Logger.FileLogger write
INFO: >>> createPlayerAccount

Jun 12, 2020 9:55:27 PM Logger.FileLogger write
INFO: >>> createPlayerAccount >>> username >>> Varun123

Jun 12, 2020 9:55:27 PM Logger.FileLogger write
INFO: >>> createPlayerAccount >>> firstname >>> Varun

Jun 12, 2020 9:55:27 PM Logger.FileLogger write
INFO: >>> createPlayerAccount >>> lastname >>> Patel

Jun 12, 2020 9:55:27 PM Logger.FileLogger write
INFO: >>> createPlayerAccount >>> password >>> Varun123

Jun 12, 2020 9:55:27 PM Logger.FileLogger write
INFO: >>> createPlayerAccount >>> age >>> 20

Jun 12, 2020 9:55:27 PM Logger.FileLogger write
INFO: >>> createPlayerAccount >>> ipadddress >>> 132.1.1.1

Jun 12, 2020 9:55:27 PM Logger.FileLogger write
INFO: >>> createPlayerAccount >>> User information stored

Jun 12, 2020 9:56:41 PM Logger.FileLogger write
INFO: >>> createPlayerAccount

Jun 12, 2020 9:56:41 PM Logger.FileLogger write
INFO: >>> createPlayerAccount >>> username >>> Varun123

Jun 12, 2020 9:56:41 PM Logger.FileLogger write
INFO: >>> createPlayerAccount >>> firstname >>> Varun

Jun 12, 2020 9:56:41 PM Logger.FileLogger write
INFO: >>> createPlayerAccount >>> lastname >>> Patel

Jun 12, 2020 9:56:41 PM Logger.FileLogger write
INFO: >>> createPlayerAccount >>> password >>> Varun123

Jun 12, 2020 9:56:41 PM Logger.FileLogger write
INFO: >>> createPlayerAccount >>> age >>> 20

Jun 12, 2020 9:56:41 PM Logger.FileLogger write
INFO: >>> createPlayerAccount >>> ipadddress >>> 132.1.1.1

Jun 12, 2020 9:56:41 PM Logger.FileLogger write
INFO: >>> createPlayerAccount >>> User information stored

Jun 12, 2020 10:00:49 PM Logger.FileLogger write
INFO: >>> playerSignIn >>> Varun123 signed in successfully...

Jun 12, 2020 10:01:06 PM Logger.FileLogger write
INFO: >>> playerSignOut >>> Varun123 signed out successfully...

