Jul 04, 2020 10:26:00 PM Logger.FileLogger write
INFO: >>> suspendAccount

Jul 04, 2020 10:26:00 PM Logger.FileLogger write
INFO: >>> suspendAccount >>> Admin Username >>> Admin

Jul 04, 2020 10:26:00 PM Logger.FileLogger write
INFO: >>> suspendAccount >>> Admin Password >>> Admin

Jul 04, 2020 10:26:00 PM Logger.FileLogger write
INFO: >>> suspendAccount >>> Admin IPAddress >>> 182.45.6.1

Jul 04, 2020 10:26:00 PM Logger.FileLogger write
INFO: >>> suspendAccount >>> Username To Suspend >>> Varun123

Jul 04, 2020 10:26:00 PM Logger.FileLogger write
INFO: >>> suspendAccount >>> A player account with "Varun123" username is suspended

Jul 04, 2020 10:26:00 PM Logger.FileLogger write
INFO: >>> getPlayerStatus

Jul 04, 2020 10:26:00 PM Logger.FileLogger write
INFO: >>> getPlayerStatus >>> username >>> Admin

Jul 04, 2020 10:26:00 PM Logger.FileLogger write
INFO: >>> getPlayerStatus >>> password >>> Admin

Jul 04, 2020 10:26:00 PM Logger.FileLogger write
INFO: >>> getPlayerStatus >>> ipadddress >>> 182.45.6.1

Jul 04, 2020 10:26:00 PM Logger.FileLogger write
INFO: >>> getPlayerStatus >>> getOwnStatus

Jul 04, 2020 10:26:00 PM Logger.FileLogger write
INFO: >>> getPlayerStatus >>> getOwnStatus >>> AS: 0 online, 4 offline

Jul 04, 2020 10:42:20 PM Logger.FileLogger write
INFO: >>> getPlayerStatus

Jul 04, 2020 10:42:20 PM Logger.FileLogger write
INFO: >>> getPlayerStatus >>> username >>> Admin

Jul 04, 2020 10:42:20 PM Logger.FileLogger write
INFO: >>> getPlayerStatus >>> password >>> Admin

Jul 04, 2020 10:42:20 PM Logger.FileLogger write
INFO: >>> getPlayerStatus >>> ipadddress >>> 182.1.1.1

Jul 04, 2020 10:42:20 PM Logger.FileLogger write
INFO: >>> getPlayerStatus >>> getOwnStatus

Jul 04, 2020 10:42:20 PM Logger.FileLogger write
INFO: >>> getPlayerStatus >>> getOwnStatus >>> AS: 0 online, 5 offline

Jul 04, 2020 10:42:20 PM Logger.FileLogger write
INFO: >>> getPlayerStatus >>> Sending response to Admin >>> AS: 0 online, 5 offline, EU: 0 online, 5 offline, NA: 0 online, 5 offline.

Jul 04, 2020 10:43:03 PM Logger.FileLogger write
INFO: >>> suspendAccount

Jul 04, 2020 10:43:03 PM Logger.FileLogger write
INFO: >>> suspendAccount >>> Admin Username >>> Admin

Jul 04, 2020 10:43:03 PM Logger.FileLogger write
INFO: >>> suspendAccount >>> Admin Password >>> Admin

Jul 04, 2020 10:43:03 PM Logger.FileLogger write
INFO: >>> suspendAccount >>> Admin IPAddress >>> 182.23.1.3

Jul 04, 2020 10:43:03 PM Logger.FileLogger write
INFO: >>> suspendAccount >>> Username To Suspend >>> Kevin123

Jul 04, 2020 10:43:03 PM Logger.FileLogger write
INFO: >>> suspendAccount >>> A player account with "Kevin123" username is suspended

Jul 04, 2020 10:43:55 PM Logger.FileLogger write
INFO: >>> getPlayerStatus

Jul 04, 2020 10:43:55 PM Logger.FileLogger write
INFO: >>> getPlayerStatus >>> username >>> Admin

Jul 04, 2020 10:43:55 PM Logger.FileLogger write
INFO: >>> getPlayerStatus >>> password >>> Admin

Jul 04, 2020 10:43:55 PM Logger.FileLogger write
INFO: >>> getPlayerStatus >>> ipadddress >>> 182.1.1.1

Jul 04, 2020 10:43:55 PM Logger.FileLogger write
INFO: >>> getPlayerStatus >>> getOwnStatus

Jul 04, 2020 10:43:55 PM Logger.FileLogger write
INFO: >>> getPlayerStatus >>> getOwnStatus >>> AS: 1 online, 3 offline

Jul 04, 2020 10:43:55 PM Logger.FileLogger write
INFO: >>> getPlayerStatus >>> Sending response to Admin >>> AS: 1 online, 3 offline, EU: 0 online, 5 offline, NA: 0 online, 5 offline.

