Aug 10, 2020 4:09:23 PM Utilities.FileLogger write
INFO: >>> Replica >>> Starting Asian Server...

Aug 10, 2020 4:09:23 PM Utilities.FileLogger write
INFO: >>> Replica >>> Starting European Server...

Aug 10, 2020 4:09:23 PM Utilities.FileLogger write
INFO: >>> Replica >>> Starting North American Server...

Aug 10, 2020 4:09:25 PM Utilities.FileLogger write
INFO: >>> UDPServer >>> UDPHeartBeat recived from RM

Aug 10, 2020 4:09:25 PM Utilities.FileLogger write
INFO: >>> UDPServer >>> UDPHeartBeat recived from RM

Aug 10, 2020 4:09:25 PM Utilities.FileLogger write
INFO: >>> UDPServer >>> UDPHeartBeat recived from RM

Aug 10, 2020 4:09:25 PM Utilities.FileLogger write
INFO: >>> UDPServer >>> UDPHeartBeat recived from RM

Aug 10, 2020 4:09:25 PM Utilities.FileLogger write
INFO: >>> UDPServer >>> UDPHeartBeat recived from RM

Aug 10, 2020 4:09:25 PM Utilities.FileLogger write
INFO: >>> UDPServer >>> UDPHeartBeat recived from RM

Aug 10, 2020 4:09:25 PM Utilities.FileLogger write
INFO: >>> UDPServer >>> UDPHeartBeat recived from RM

Aug 10, 2020 4:09:25 PM Utilities.FileLogger write
INFO: >>> UDPServer >>> UDPHeartBeat recived from RM

Aug 10, 2020 4:09:25 PM Utilities.FileLogger write
INFO: >>> UDPServer >>> UDPHeartBeat recived from RM

Aug 10, 2020 4:09:25 PM Utilities.FileLogger write
INFO: >>> UDPServer >>> UDPHeartBeat recived from RM

Aug 10, 2020 4:09:26 PM Utilities.FileLogger write
INFO: >>> UDPServer >>> UDPHeartBeat recived from RM

Aug 10, 2020 4:09:26 PM Utilities.FileLogger write
INFO: >>> UDPServer >>> UDPHeartBeat recived from RM

Aug 10, 2020 4:09:26 PM Utilities.FileLogger write
INFO: >>> UDPServer >>> UDPHeartBeat recived from RM

Aug 10, 2020 4:09:26 PM Utilities.FileLogger write
INFO: >>> UDPServer >>> UDPHeartBeat recived from RM

Aug 10, 2020 4:09:26 PM Utilities.FileLogger write
INFO: >>> UDPServer >>> UDPHeartBeat recived from RM

Aug 10, 2020 4:09:26 PM Utilities.FileLogger write
INFO: >>> UDPServer >>> UDPHeartBeat recived from RM

Aug 10, 2020 4:09:26 PM Utilities.FileLogger write
INFO: >>> UDPServer >>> UDPHeartBeat recived from RM

Aug 10, 2020 4:09:26 PM Utilities.FileLogger write
INFO: >>> UDPServer >>> UDPHeartBeat recived from RM

Aug 10, 2020 4:09:26 PM Utilities.FileLogger write
INFO: >>> UDPServer >>> UDPHeartBeat recived from RM

Aug 10, 2020 4:09:26 PM Utilities.FileLogger write
INFO: >>> UDPServer >>> UDPHeartBeat recived from RM

Aug 10, 2020 4:09:26 PM Utilities.FileLogger write
INFO: >>> UDPServer >>> UDPHeartBeat recived from RM

Aug 10, 2020 4:09:26 PM Utilities.FileLogger write
INFO: >>> UDPServer >>> UDPHeartBeat recived from RM

Aug 10, 2020 4:09:27 PM Utilities.FileLogger write
INFO: >>> UDPServer >>> UDPHeartBeat recived from RM

Aug 10, 2020 4:09:27 PM Utilities.FileLogger write
INFO: >>> UDPServer >>> UDPHeartBeat recived from RM

Aug 10, 2020 4:09:27 PM Utilities.FileLogger write
INFO: >>> UDPServer >>> UDPHeartBeat recived from RM

Aug 10, 2020 4:09:27 PM Utilities.FileLogger write
INFO: >>> UDPServer >>> UDPHeartBeat recived from RM

Aug 10, 2020 4:09:27 PM Utilities.FileLogger write
INFO: >>> UDPServer >>> UDPHeartBeat recived from RM

Aug 10, 2020 4:09:27 PM Utilities.FileLogger write
INFO: >>> UDPServer >>> UDPHeartBeat recived from RM

Aug 10, 2020 4:09:27 PM Utilities.FileLogger write
INFO: >>> UDPServer >>> UDPHeartBeat recived from RM

Aug 10, 2020 4:09:28 PM Utilities.FileLogger write
INFO: >>> UDPServer >>> UDPHeartBeat recived from RM

Aug 10, 2020 4:09:28 PM Utilities.FileLogger write
INFO: >>> UDPServer >>> UDPHeartBeat recived from RM

Aug 10, 2020 4:09:28 PM Utilities.FileLogger write
INFO: >>> UDPServer >>> UDPHeartBeat recived from RM

Aug 10, 2020 4:09:28 PM Utilities.FileLogger write
INFO: >>> UDPServer >>> UDPHeartBeat recived from RM

Aug 10, 2020 4:09:28 PM Utilities.FileLogger write
INFO: >>> UDPServer >>> UDPHeartBeat recived from RM

Aug 10, 2020 4:09:28 PM Utilities.FileLogger write
INFO: >>> UDPServer >>> UDPHeartBeat recived from RM

Aug 10, 2020 4:09:28 PM Utilities.FileLogger write
INFO: >>> UDPServer >>> UDPHeartBeat recived from RM

Aug 10, 2020 4:09:28 PM Utilities.FileLogger write
INFO: >>> UDPServer >>> UDPHeartBeat recived from RM

Aug 10, 2020 4:09:28 PM Utilities.FileLogger write
INFO: >>> UDPServer >>> UDPHeartBeat recived from RM

Aug 10, 2020 4:09:28 PM Utilities.FileLogger write
INFO: >>> UDPServer >>> UDPHeartBeat recived from RM

Aug 10, 2020 4:09:28 PM Utilities.FileLogger write
INFO: >>> UDPServer >>> UDPHeartBeat recived from RM

Aug 10, 2020 4:09:28 PM Utilities.FileLogger write
INFO: >>> UDPServer >>> UDPHeartBeat recived from RM

Aug 10, 2020 4:09:29 PM Utilities.FileLogger write
INFO: >>> UDPServer >>> UDPHeartBeat recived from RM

Aug 10, 2020 4:09:29 PM Utilities.FileLogger write
INFO: >>> UDPServer >>> UDPHeartBeat recived from RM

Aug 10, 2020 4:09:29 PM Utilities.FileLogger write
INFO: >>> UDPServer >>> UDPHeartBeat recived from RM

Aug 10, 2020 4:09:29 PM Utilities.FileLogger write
INFO: >>> UDPServer >>> UDPHeartBeat recived from RM

Aug 10, 2020 4:09:29 PM Utilities.FileLogger write
INFO: >>> UDPServer >>> UDPHeartBeat recived from RM

Aug 10, 2020 4:09:29 PM Utilities.FileLogger write
INFO: >>> UDPServer >>> UDPHeartBeat recived from RM

Aug 10, 2020 4:09:29 PM Utilities.FileLogger write
INFO: >>> UDPServer >>> UDPHeartBeat recived from RM

Aug 10, 2020 4:09:29 PM Utilities.FileLogger write
INFO: >>> UDPServer >>> UDPHeartBeat recived from RM

Aug 10, 2020 4:09:29 PM Utilities.FileLogger write
INFO: >>> UDPServer >>> UDPHeartBeat recived from RM

Aug 10, 2020 4:09:30 PM Utilities.FileLogger write
INFO: >>> UDPServer >>> UDPHeartBeat recived from RM

Aug 10, 2020 4:09:30 PM Utilities.FileLogger write
INFO: >>> UDPServer >>> UDPHeartBeat recived from RM

Aug 10, 2020 4:09:30 PM Utilities.FileLogger write
INFO: >>> UDPServer >>> UDPHeartBeat recived from RM

Aug 10, 2020 4:09:30 PM Utilities.FileLogger write
INFO: >>> UDPServer >>> UDPHeartBeat recived from RM

Aug 10, 2020 4:09:30 PM Utilities.FileLogger write
INFO: >>> UDPServer >>> UDPHeartBeat recived from RM

Aug 10, 2020 4:09:30 PM Utilities.FileLogger write
INFO: >>> UDPServer >>> UDPHeartBeat recived from RM

Aug 10, 2020 4:09:30 PM Utilities.FileLogger write
INFO: >>> UDPServer >>> UDPHeartBeat recived from RM

Aug 10, 2020 4:09:30 PM Utilities.FileLogger write
INFO: >>> UDPServer >>> UDPHeartBeat recived from RM

Aug 10, 2020 4:09:30 PM Utilities.FileLogger write
INFO: >>> UDPServer >>> UDPHeartBeat recived from RM

Aug 10, 2020 4:09:30 PM Utilities.FileLogger write
INFO: >>> UDPServer >>> UDPHeartBeat recived from RM

Aug 10, 2020 4:09:30 PM Utilities.FileLogger write
INFO: >>> UDPServer >>> UDPHeartBeat recived from RM

Aug 10, 2020 4:09:31 PM Utilities.FileLogger write
INFO: >>> UDPServer >>> UDPHeartBeat recived from RM

Aug 10, 2020 4:09:31 PM Utilities.FileLogger write
INFO: >>> UDPServer >>> UDPHeartBeat recived from RM

Aug 10, 2020 4:09:31 PM Utilities.FileLogger write
INFO: >>> UDPServer >>> UDPHeartBeat recived from RM

Aug 10, 2020 4:09:31 PM Utilities.FileLogger write
INFO: >>> UDPServer >>> UDPHeartBeat recived from RM

Aug 10, 2020 4:09:31 PM Utilities.FileLogger write
INFO: >>> UDPServer >>> UDPHeartBeat recived from RM

Aug 10, 2020 4:09:31 PM Utilities.FileLogger write
INFO: >>> UDPServer >>> UDPHeartBeat recived from RM

Aug 10, 2020 4:09:31 PM Utilities.FileLogger write
INFO: >>> UDPServer >>> UDPHeartBeat recived from RM

Aug 10, 2020 4:09:31 PM Utilities.FileLogger write
INFO: >>> UDPServer >>> UDPHeartBeat recived from RM

Aug 10, 2020 4:09:31 PM Utilities.FileLogger write
INFO: >>> UDPServer >>> UDPHeartBeat recived from RM

Aug 10, 2020 4:09:32 PM Utilities.FileLogger write
INFO: >>> UDPServer >>> UDPHeartBeat recived from RM

Aug 10, 2020 4:09:32 PM Utilities.FileLogger write
INFO: >>> UDPServer >>> UDPHeartBeat recived from RM

Aug 10, 2020 4:09:32 PM Utilities.FileLogger write
INFO: >>> UDPServer >>> UDPHeartBeat recived from RM

Aug 10, 2020 4:09:32 PM Utilities.FileLogger write
INFO: >>> UDPServer >>> UDPHeartBeat recived from RM

Aug 10, 2020 4:09:32 PM Utilities.FileLogger write
INFO: >>> UDPServer >>> UDPHeartBeat recived from RM

Aug 10, 2020 4:09:32 PM Utilities.FileLogger write
INFO: >>> UDPServer >>> UDPHeartBeat recived from RM

Aug 10, 2020 4:09:32 PM Utilities.FileLogger write
INFO: >>> UDPServer >>> UDPHeartBeat recived from RM

Aug 10, 2020 4:09:32 PM Utilities.FileLogger write
INFO: >>> UDPServer >>> UDPHeartBeat recived from RM

Aug 10, 2020 4:09:32 PM Utilities.FileLogger write
INFO: >>> UDPServer >>> UDPHeartBeat recived from RM

Aug 10, 2020 4:09:33 PM Utilities.FileLogger write
INFO: >>> UDPServer >>> UDPHeartBeat recived from RM

Aug 10, 2020 4:09:33 PM Utilities.FileLogger write
INFO: >>> UDPServer >>> UDPHeartBeat recived from RM

Aug 10, 2020 4:09:33 PM Utilities.FileLogger write
INFO: >>> UDPServer >>> UDPHeartBeat recived from RM

Aug 10, 2020 4:09:33 PM Utilities.FileLogger write
INFO: >>> UDPServer >>> UDPHeartBeat recived from RM

Aug 10, 2020 4:09:33 PM Utilities.FileLogger write
INFO: >>> UDPServer >>> UDPHeartBeat recived from RM

Aug 10, 2020 4:09:33 PM Utilities.FileLogger write
INFO: >>> UDPServer >>> UDPHeartBeat recived from RM

Aug 10, 2020 4:09:33 PM Utilities.FileLogger write
INFO: >>> UDPServer >>> UDPHeartBeat recived from RM

Aug 10, 2020 4:09:33 PM Utilities.FileLogger write
INFO: >>> UDPServer >>> UDPHeartBeat recived from RM

Aug 10, 2020 4:09:33 PM Utilities.FileLogger write
INFO: >>> UDPServer >>> UDPHeartBeat recived from RM

Aug 10, 2020 4:09:33 PM Utilities.FileLogger write
INFO: >>> UDPServer >>> UDPHeartBeat recived from RM

Aug 10, 2020 4:09:34 PM Utilities.FileLogger write
INFO: >>> UDPServer >>> UDPHeartBeat recived from RM

Aug 10, 2020 4:09:34 PM Utilities.FileLogger write
INFO: >>> UDPServer >>> UDPHeartBeat recived from RM

Aug 10, 2020 4:09:34 PM Utilities.FileLogger write
INFO: >>> UDPServer >>> UDPHeartBeat recived from RM

Aug 10, 2020 4:09:34 PM Utilities.FileLogger write
INFO: >>> UDPServer >>> UDPHeartBeat recived from RM

Aug 10, 2020 4:09:34 PM Utilities.FileLogger write
INFO: >>> UDPServer >>> UDPHeartBeat recived from RM

Aug 10, 2020 4:09:34 PM Utilities.FileLogger write
INFO: >>> UDPServer >>> UDPHeartBeat recived from RM

Aug 10, 2020 4:09:34 PM Utilities.FileLogger write
INFO: >>> UDPServer >>> UDPHeartBeat recived from RM

Aug 10, 2020 4:09:34 PM Utilities.FileLogger write
INFO: >>> UDPServer >>> UDPHeartBeat recived from RM

Aug 10, 2020 4:09:34 PM Utilities.FileLogger write
INFO: >>> UDPServer >>> UDPHeartBeat recived from RM

Aug 10, 2020 4:09:34 PM Utilities.FileLogger write
INFO: >>> UDPServer >>> UDPHeartBeat recived from RM

Aug 10, 2020 4:09:34 PM Utilities.FileLogger write
INFO: >>> UDPServer >>> UDPHeartBeat recived from RM

Aug 10, 2020 4:09:34 PM Utilities.FileLogger write
INFO: >>> UDPServer >>> UDPHeartBeat recived from RM

Aug 10, 2020 4:09:35 PM Utilities.FileLogger write
INFO: >>> UDPServer >>> UDPHeartBeat recived from RM

Aug 10, 2020 4:09:35 PM Utilities.FileLogger write
INFO: >>> UDPServer >>> UDPHeartBeat recived from RM

Aug 10, 2020 4:09:35 PM Utilities.FileLogger write
INFO: >>> UDPServer >>> UDPHeartBeat recived from RM

Aug 10, 2020 4:09:35 PM Utilities.FileLogger write
INFO: >>> UDPServer >>> UDPHeartBeat recived from RM

Aug 10, 2020 4:09:35 PM Utilities.FileLogger write
INFO: >>> UDPServer >>> UDPHeartBeat recived from RM

Aug 10, 2020 4:09:35 PM Utilities.FileLogger write
INFO: >>> UDPServer >>> UDPHeartBeat recived from RM

Aug 10, 2020 4:09:35 PM Utilities.FileLogger write
INFO: >>> UDPServer >>> UDPHeartBeat recived from RM

Aug 10, 2020 4:09:35 PM Utilities.FileLogger write
INFO: >>> UDPServer >>> UDPHeartBeat recived from RM

Aug 10, 2020 4:09:35 PM Utilities.FileLogger write
INFO: >>> UDPServer >>> UDPHeartBeat recived from RM

Aug 10, 2020 4:09:35 PM Utilities.FileLogger write
INFO: >>> UDPServer >>> UDPHeartBeat recived from RM

Aug 10, 2020 4:09:36 PM Utilities.FileLogger write
INFO: >>> UDPServer >>> UDPHeartBeat recived from RM

Aug 10, 2020 4:09:36 PM Utilities.FileLogger write
INFO: >>> UDPServer >>> UDPHeartBeat recived from RM

Aug 10, 2020 4:09:36 PM Utilities.FileLogger write
INFO: >>> UDPServer >>> UDPHeartBeat recived from RM

Aug 10, 2020 4:09:36 PM Utilities.FileLogger write
INFO: >>> UDPServer >>> UDPHeartBeat recived from RM

Aug 10, 2020 4:09:36 PM Utilities.FileLogger write
INFO: >>> UDPServer >>> UDPHeartBeat recived from RM

Aug 10, 2020 4:09:36 PM Utilities.FileLogger write
INFO: >>> UDPServer >>> UDPHeartBeat recived from RM

Aug 10, 2020 4:09:36 PM Utilities.FileLogger write
INFO: >>> UDPServer >>> UDPHeartBeat recived from RM

Aug 10, 2020 4:09:36 PM Utilities.FileLogger write
INFO: >>> UDPServer >>> UDPHeartBeat recived from RM

Aug 10, 2020 4:09:36 PM Utilities.FileLogger write
INFO: >>> UDPServer >>> UDPHeartBeat recived from RM

Aug 10, 2020 4:09:36 PM Utilities.FileLogger write
INFO: >>> UDPServer >>> UDPHeartBeat recived from RM

Aug 10, 2020 4:09:36 PM Utilities.FileLogger write
INFO: >>> UDPServer >>> UDPHeartBeat recived from RM

Aug 10, 2020 4:09:36 PM Utilities.FileLogger write
INFO: >>> UDPServer >>> UDPHeartBeat recived from RM

Aug 10, 2020 4:09:36 PM Utilities.FileLogger write
INFO: >>> UDPServer >>> UDPHeartBeat recived from RM

Aug 10, 2020 4:09:36 PM Utilities.FileLogger write
INFO: >>> UDPServer >>> UDPHeartBeat recived from RM

Aug 10, 2020 4:09:37 PM Utilities.FileLogger write
INFO: >>> UDPServer >>> UDPHeartBeat recived from RM

Aug 10, 2020 4:09:37 PM Utilities.FileLogger write
INFO: >>> UDPServer >>> UDPHeartBeat recived from RM

Aug 10, 2020 4:09:37 PM Utilities.FileLogger write
INFO: >>> UDPServer >>> UDPHeartBeat recived from RM

Aug 10, 2020 4:09:37 PM Utilities.FileLogger write
INFO: >>> UDPServer >>> UDPHeartBeat recived from RM

Aug 10, 2020 4:09:37 PM Utilities.FileLogger write
INFO: >>> UDPServer >>> UDPHeartBeat recived from RM

Aug 10, 2020 4:09:37 PM Utilities.FileLogger write
INFO: >>> UDPServer >>> UDPHeartBeat recived from RM

Aug 10, 2020 4:09:37 PM Utilities.FileLogger write
INFO: >>> UDPServer >>> UDPHeartBeat recived from RM

Aug 10, 2020 4:09:37 PM Utilities.FileLogger write
INFO: >>> UDPServer >>> UDPHeartBeat recived from RM

Aug 10, 2020 4:09:37 PM Utilities.FileLogger write
INFO: >>> UDPServer >>> UDPHeartBeat recived from RM

Aug 10, 2020 4:09:37 PM Utilities.FileLogger write
INFO: >>> UDPServer >>> UDPHeartBeat recived from RM

Aug 10, 2020 4:09:38 PM Utilities.FileLogger write
INFO: >>> UDPServer >>> UDPHeartBeat recived from RM

Aug 10, 2020 4:09:38 PM Utilities.FileLogger write
INFO: >>> UDPServer >>> UDPHeartBeat recived from RM

Aug 10, 2020 4:09:38 PM Utilities.FileLogger write
INFO: >>> UDPServer >>> UDPHeartBeat recived from RM

Aug 10, 2020 4:09:38 PM Utilities.FileLogger write
INFO: >>> UDPServer >>> UDPHeartBeat recived from RM

Aug 10, 2020 4:09:38 PM Utilities.FileLogger write
INFO: >>> UDPServer >>> UDPHeartBeat recived from RM

Aug 10, 2020 4:09:38 PM Utilities.FileLogger write
INFO: >>> UDPServer >>> UDPHeartBeat recived from RM

Aug 10, 2020 4:09:38 PM Utilities.FileLogger write
INFO: >>> UDPServer >>> UDPHeartBeat recived from RM

Aug 10, 2020 4:09:38 PM Utilities.FileLogger write
INFO: >>> UDPServer >>> UDPHeartBeat recived from RM

Aug 10, 2020 4:09:38 PM Utilities.FileLogger write
INFO: >>> UDPServer >>> UDPHeartBeat recived from RM

Aug 10, 2020 4:09:39 PM Utilities.FileLogger write
INFO: >>> UDPServer >>> UDPHeartBeat recived from RM

Aug 10, 2020 4:09:39 PM Utilities.FileLogger write
INFO: >>> UDPServer >>> UDPHeartBeat recived from RM

Aug 10, 2020 4:09:39 PM Utilities.FileLogger write
INFO: >>> UDPServer >>> UDPHeartBeat recived from RM

Aug 10, 2020 4:09:39 PM Utilities.FileLogger write
INFO: >>> UDPServer >>> UDPHeartBeat recived from RM

Aug 10, 2020 4:09:39 PM Utilities.FileLogger write
INFO: >>> UDPServer >>> UDPHeartBeat recived from RM

Aug 10, 2020 4:09:39 PM Utilities.FileLogger write
INFO: >>> UDPServer >>> UDPHeartBeat recived from RM

Aug 10, 2020 4:09:39 PM Utilities.FileLogger write
INFO: >>> UDPServer >>> UDPHeartBeat recived from RM

Aug 10, 2020 4:09:39 PM Utilities.FileLogger write
INFO: >>> UDPServer >>> UDPHeartBeat recived from RM

Aug 10, 2020 4:09:39 PM Utilities.FileLogger write
INFO: >>> UDPServer >>> UDPHeartBeat recived from RM

Aug 10, 2020 4:09:40 PM Utilities.FileLogger write
INFO: >>> UDPServer >>> UDPHeartBeat recived from RM

Aug 10, 2020 4:09:40 PM Utilities.FileLogger write
INFO: >>> UDPServer >>> UDPHeartBeat recived from RM

Aug 10, 2020 4:09:40 PM Utilities.FileLogger write
INFO: >>> UDPServer >>> UDPHeartBeat recived from RM

Aug 10, 2020 4:09:40 PM Utilities.FileLogger write
INFO: >>> UDPServer >>> UDPHeartBeat recived from RM

Aug 10, 2020 4:09:40 PM Utilities.FileLogger write
INFO: >>> UDPServer >>> UDPHeartBeat recived from RM

Aug 10, 2020 4:09:40 PM Utilities.FileLogger write
INFO: >>> UDPServer >>> UDPHeartBeat recived from RM

Aug 10, 2020 4:09:40 PM Utilities.FileLogger write
INFO: >>> UDPServer >>> UDPHeartBeat recived from RM

Aug 10, 2020 4:09:40 PM Utilities.FileLogger write
INFO: >>> UDPServer >>> UDPHeartBeat recived from RM

Aug 10, 2020 4:09:41 PM Utilities.FileLogger write
INFO: >>> UDPServer >>> UDPHeartBeat recived from RM

Aug 10, 2020 4:09:41 PM Utilities.FileLogger write
INFO: >>> UDPServer >>> UDPHeartBeat recived from RM

Aug 10, 2020 4:09:41 PM Utilities.FileLogger write
INFO: >>> UDPServer >>> UDPHeartBeat recived from RM

Aug 10, 2020 4:09:41 PM Utilities.FileLogger write
INFO: >>> UDPServer >>> UDPHeartBeat recived from RM

Aug 10, 2020 4:09:41 PM Utilities.FileLogger write
INFO: >>> UDPServer >>> UDPHeartBeat recived from RM

Aug 10, 2020 4:09:41 PM Utilities.FileLogger write
INFO: >>> UDPServer >>> UDPHeartBeat recived from RM

Aug 10, 2020 4:09:41 PM Utilities.FileLogger write
INFO: >>> UDPServer >>> UDPHeartBeat recived from RM

Aug 10, 2020 4:09:41 PM Utilities.FileLogger write
INFO: >>> UDPServer >>> UDPHeartBeat recived from RM

Aug 10, 2020 4:09:41 PM Utilities.FileLogger write
INFO: >>> UDPServer >>> UDPHeartBeat recived from RM

Aug 10, 2020 4:09:42 PM Utilities.FileLogger write
INFO: >>> UDPServer >>> UDPHeartBeat recived from RM

Aug 10, 2020 4:09:42 PM Utilities.FileLogger write
INFO: >>> UDPServer >>> UDPHeartBeat recived from RM

Aug 10, 2020 4:09:42 PM Utilities.FileLogger write
INFO: >>> UDPServer >>> UDPHeartBeat recived from RM

Aug 10, 2020 4:09:42 PM Utilities.FileLogger write
INFO: >>> UDPServer >>> UDPHeartBeat recived from RM

Aug 10, 2020 4:09:42 PM Utilities.FileLogger write
INFO: >>> UDPServer >>> UDPHeartBeat recived from RM

Aug 10, 2020 4:09:42 PM Utilities.FileLogger write
INFO: >>> UDPServer >>> UDPHeartBeat recived from RM

Aug 10, 2020 4:09:42 PM Utilities.FileLogger write
INFO: >>> UDPServer >>> UDPHeartBeat recived from RM

Aug 10, 2020 4:09:42 PM Utilities.FileLogger write
INFO: >>> UDPServer >>> UDPHeartBeat recived from RM

Aug 10, 2020 4:09:42 PM Utilities.FileLogger write
INFO: >>> UDPServer >>> UDPHeartBeat recived from RM

Aug 10, 2020 4:09:43 PM Utilities.FileLogger write
INFO: >>> UDPServer >>> UDPHeartBeat recived from RM

Aug 10, 2020 4:09:43 PM Utilities.FileLogger write
INFO: >>> UDPServer >>> UDPHeartBeat recived from RM

Aug 10, 2020 4:09:43 PM Utilities.FileLogger write
INFO: >>> UDPServer >>> UDPHeartBeat recived from RM

Aug 10, 2020 4:09:43 PM Utilities.FileLogger write
INFO: >>> UDPServer >>> UDPHeartBeat recived from RM

Aug 10, 2020 4:09:43 PM Utilities.FileLogger write
INFO: >>> UDPServer >>> UDPHeartBeat recived from RM

Aug 10, 2020 4:09:43 PM Utilities.FileLogger write
INFO: >>> UDPServer >>> UDPHeartBeat recived from RM

Aug 10, 2020 4:09:43 PM Utilities.FileLogger write
INFO: >>> UDPServer >>> UDPHeartBeat recived from RM

Aug 10, 2020 4:09:43 PM Utilities.FileLogger write
INFO: >>> UDPServer >>> UDPHeartBeat recived from RM

Aug 10, 2020 4:09:43 PM Utilities.FileLogger write
INFO: >>> UDPServer >>> UDPHeartBeat recived from RM

Aug 10, 2020 4:09:44 PM Utilities.FileLogger write
INFO: >>> UDPServer >>> UDPHeartBeat recived from RM

Aug 10, 2020 4:09:44 PM Utilities.FileLogger write
INFO: >>> UDPServer >>> UDPHeartBeat recived from RM

Aug 10, 2020 4:09:44 PM Utilities.FileLogger write
INFO: >>> UDPServer >>> UDPHeartBeat recived from RM

Aug 10, 2020 4:09:44 PM Utilities.FileLogger write
INFO: >>> UDPServer >>> UDPHeartBeat recived from RM

Aug 10, 2020 4:09:44 PM Utilities.FileLogger write
INFO: >>> UDPServer >>> UDPHeartBeat recived from RM

Aug 10, 2020 4:09:44 PM Utilities.FileLogger write
INFO: >>> UDPServer >>> UDPHeartBeat recived from RM

Aug 10, 2020 4:09:44 PM Utilities.FileLogger write
INFO: >>> UDPServer >>> UDPHeartBeat recived from RM

Aug 10, 2020 4:09:44 PM Utilities.FileLogger write
INFO: >>> UDPServer >>> UDPHeartBeat recived from RM

Aug 10, 2020 4:09:44 PM Utilities.FileLogger write
INFO: >>> UDPServer >>> UDPHeartBeat recived from RM

Aug 10, 2020 4:09:45 PM Utilities.FileLogger write
INFO: >>> UDPServer >>> UDPHeartBeat recived from RM

Aug 10, 2020 4:09:45 PM Utilities.FileLogger write
INFO: >>> UDPServer >>> UDPHeartBeat recived from RM

Aug 10, 2020 4:09:45 PM Utilities.FileLogger write
INFO: >>> UDPServer >>> UDPHeartBeat recived from RM

Aug 10, 2020 4:09:45 PM Utilities.FileLogger write
INFO: >>> UDPServer >>> UDPHeartBeat recived from RM

Aug 10, 2020 4:09:45 PM Utilities.FileLogger write
INFO: >>> UDPServer >>> UDPHeartBeat recived from RM

Aug 10, 2020 4:09:45 PM Utilities.FileLogger write
INFO: >>> UDPServer >>> UDPHeartBeat recived from RM

Aug 10, 2020 4:09:45 PM Utilities.FileLogger write
INFO: >>> UDPServer >>> UDPHeartBeat recived from RM

Aug 10, 2020 4:09:45 PM Utilities.FileLogger write
INFO: >>> UDPServer >>> UDPHeartBeat recived from RM

Aug 10, 2020 4:09:46 PM Utilities.FileLogger write
INFO: >>> UDPServer >>> UDPHeartBeat recived from RM

Aug 10, 2020 4:09:46 PM Utilities.FileLogger write
INFO: >>> UDPServer >>> UDPHeartBeat recived from RM

Aug 10, 2020 4:09:46 PM Utilities.FileLogger write
INFO: >>> UDPServer >>> UDPHeartBeat recived from RM

Aug 10, 2020 4:09:46 PM Utilities.FileLogger write
INFO: >>> UDPServer >>> UDPHeartBeat recived from RM

Aug 10, 2020 4:09:46 PM Utilities.FileLogger write
INFO: >>> UDPServer >>> UDPHeartBeat recived from RM

Aug 10, 2020 4:09:46 PM Utilities.FileLogger write
INFO: >>> UDPServer >>> UDPHeartBeat recived from RM

Aug 10, 2020 4:09:47 PM Utilities.FileLogger write
INFO: >>> UDPServer >>> UDPHeartBeat recived from RM

Aug 10, 2020 4:09:47 PM Utilities.FileLogger write
INFO: >>> UDPServer >>> UDPHeartBeat recived from RM

Aug 10, 2020 4:09:47 PM Utilities.FileLogger write
INFO: >>> UDPServer >>> UDPHeartBeat recived from RM

Aug 10, 2020 4:09:47 PM Utilities.FileLogger write
INFO: >>> UDPServer >>> UDPHeartBeat recived from RM

Aug 10, 2020 4:09:47 PM Utilities.FileLogger write
INFO: >>> UDPServer >>> UDPHeartBeat recived from RM

Aug 10, 2020 4:09:47 PM Utilities.FileLogger write
INFO: >>> UDPServer >>> UDPHeartBeat recived from RM

Aug 10, 2020 4:09:47 PM Utilities.FileLogger write
INFO: >>> UDPServer >>> UDPHeartBeat recived from RM

Aug 10, 2020 4:09:47 PM Utilities.FileLogger write
INFO: >>> UDPServer >>> UDPHeartBeat recived from RM

Aug 10, 2020 4:09:47 PM Utilities.FileLogger write
INFO: >>> UDPServer >>> UDPHeartBeat recived from RM

Aug 10, 2020 4:09:48 PM Utilities.FileLogger write
INFO: >>> UDPServer >>> UDPHeartBeat recived from RM

Aug 10, 2020 4:09:48 PM Utilities.FileLogger write
INFO: >>> UDPServer >>> UDPHeartBeat recived from RM

Aug 10, 2020 4:09:48 PM Utilities.FileLogger write
INFO: >>> UDPServer >>> UDPHeartBeat recived from RM

Aug 10, 2020 4:09:48 PM Utilities.FileLogger write
INFO: >>> UDPServer >>> UDPHeartBeat recived from RM

Aug 10, 2020 4:09:48 PM Utilities.FileLogger write
INFO: >>> UDPServer >>> UDPHeartBeat recived from RM

Aug 10, 2020 4:09:48 PM Utilities.FileLogger write
INFO: >>> UDPServer >>> UDPHeartBeat recived from RM

Aug 10, 2020 4:09:48 PM Utilities.FileLogger write
INFO: >>> UDPServer >>> UDPHeartBeat recived from RM

Aug 10, 2020 4:09:48 PM Utilities.FileLogger write
INFO: >>> UDPServer >>> UDPHeartBeat recived from RM

Aug 10, 2020 4:09:49 PM Utilities.FileLogger write
INFO: >>> UDPServer >>> UDPHeartBeat recived from RM

Aug 10, 2020 4:09:49 PM Utilities.FileLogger write
INFO: >>> UDPServer >>> UDPHeartBeat recived from RM

Aug 10, 2020 4:09:49 PM Utilities.FileLogger write
INFO: >>> UDPServer >>> UDPHeartBeat recived from RM

Aug 10, 2020 4:09:49 PM Utilities.FileLogger write
INFO: >>> UDPServer >>> UDPHeartBeat recived from RM

Aug 10, 2020 4:09:49 PM Utilities.FileLogger write
INFO: >>> UDPServer >>> UDPHeartBeat recived from RM

Aug 10, 2020 4:09:49 PM Utilities.FileLogger write
INFO: >>> UDPServer >>> UDPHeartBeat recived from RM

Aug 10, 2020 4:09:49 PM Utilities.FileLogger write
INFO: >>> UDPServer >>> UDPHeartBeat recived from RM

Aug 10, 2020 4:09:49 PM Utilities.FileLogger write
INFO: >>> UDPServer >>> UDPHeartBeat recived from RM

Aug 10, 2020 4:09:49 PM Utilities.FileLogger write
INFO: >>> UDPServer >>> UDPHeartBeat recived from RM

Aug 10, 2020 4:09:50 PM Utilities.FileLogger write
INFO: >>> UDPServer >>> UDPHeartBeat recived from RM

Aug 10, 2020 4:09:50 PM Utilities.FileLogger write
INFO: >>> UDPServer >>> UDPHeartBeat recived from RM

Aug 10, 2020 4:09:50 PM Utilities.FileLogger write
INFO: >>> UDPServer >>> UDPHeartBeat recived from RM

Aug 10, 2020 4:09:50 PM Utilities.FileLogger write
INFO: >>> UDPServer >>> UDPHeartBeat recived from RM

Aug 10, 2020 4:09:50 PM Utilities.FileLogger write
INFO: >>> UDPServer >>> UDPHeartBeat recived from RM

Aug 10, 2020 4:09:50 PM Utilities.FileLogger write
INFO: >>> UDPServer >>> UDPHeartBeat recived from RM

Aug 10, 2020 4:09:50 PM Utilities.FileLogger write
INFO: >>> UDPServer >>> UDPHeartBeat recived from RM

Aug 10, 2020 4:09:50 PM Utilities.FileLogger write
INFO: >>> UDPServer >>> UDPHeartBeat recived from RM

Aug 10, 2020 4:09:50 PM Utilities.FileLogger write
INFO: >>> UDPServer >>> UDPHeartBeat recived from RM

Aug 10, 2020 4:09:51 PM Utilities.FileLogger write
INFO: >>> UDPServer >>> UDPHeartBeat recived from RM

Aug 10, 2020 4:09:51 PM Utilities.FileLogger write
INFO: >>> UDPServer >>> UDPHeartBeat recived from RM

Aug 10, 2020 4:09:51 PM Utilities.FileLogger write
INFO: >>> UDPServer >>> UDPHeartBeat recived from RM

Aug 10, 2020 4:09:51 PM Utilities.FileLogger write
INFO: >>> UDPServer >>> UDPHeartBeat recived from RM

Aug 10, 2020 4:09:51 PM Utilities.FileLogger write
INFO: >>> UDPServer >>> UDPHeartBeat recived from RM

Aug 10, 2020 4:09:51 PM Utilities.FileLogger write
INFO: >>> UDPServer >>> UDPHeartBeat recived from RM

Aug 10, 2020 4:09:51 PM Utilities.FileLogger write
INFO: >>> UDPServer >>> UDPHeartBeat recived from RM

Aug 10, 2020 4:09:51 PM Utilities.FileLogger write
INFO: >>> UDPServer >>> UDPHeartBeat recived from RM

Aug 10, 2020 4:09:52 PM Utilities.FileLogger write
INFO: >>> UDPServer >>> UDPHeartBeat recived from RM

Aug 10, 2020 4:09:52 PM Utilities.FileLogger write
INFO: >>> UDPServer >>> UDPHeartBeat recived from RM

Aug 10, 2020 4:09:52 PM Utilities.FileLogger write
INFO: >>> UDPServer >>> UDPHeartBeat recived from RM

Aug 10, 2020 4:09:52 PM Utilities.FileLogger write
INFO: >>> UDPServer >>> UDPHeartBeat recived from RM

Aug 10, 2020 4:09:52 PM Utilities.FileLogger write
INFO: >>> UDPServer >>> UDPHeartBeat recived from RM

Aug 10, 2020 4:09:52 PM Utilities.FileLogger write
INFO: >>> UDPServer >>> UDPHeartBeat recived from RM

Aug 10, 2020 4:09:52 PM Utilities.FileLogger write
INFO: >>> UDPServer >>> UDPHeartBeat recived from RM

Aug 10, 2020 4:09:52 PM Utilities.FileLogger write
INFO: >>> UDPServer >>> UDPHeartBeat recived from RM

Aug 10, 2020 4:09:53 PM Utilities.FileLogger write
INFO: >>> UDPServer >>> UDPHeartBeat recived from RM

Aug 10, 2020 4:09:53 PM Utilities.FileLogger write
INFO: >>> UDPServer >>> UDPHeartBeat recived from RM

Aug 10, 2020 4:09:53 PM Utilities.FileLogger write
INFO: >>> UDPServer >>> UDPHeartBeat recived from RM

Aug 10, 2020 4:09:53 PM Utilities.FileLogger write
INFO: >>> UDPServer >>> UDPHeartBeat recived from RM

Aug 10, 2020 4:09:53 PM Utilities.FileLogger write
INFO: >>> UDPServer >>> UDPHeartBeat recived from RM

Aug 10, 2020 4:09:54 PM Utilities.FileLogger write
INFO: >>> UDPServer >>> UDPHeartBeat recived from RM

Aug 10, 2020 4:09:54 PM Utilities.FileLogger write
INFO: >>> UDPServer >>> UDPHeartBeat recived from RM

Aug 10, 2020 4:09:54 PM Utilities.FileLogger write
INFO: >>> UDPServer >>> UDPHeartBeat recived from RM

Aug 10, 2020 4:09:54 PM Utilities.FileLogger write
INFO: >>> UDPServer >>> UDPHeartBeat recived from RM

Aug 10, 2020 4:09:54 PM Utilities.FileLogger write
INFO: >>> UDPServer >>> UDPHeartBeat recived from RM

Aug 10, 2020 4:09:54 PM Utilities.FileLogger write
INFO: >>> UDPServer >>> UDPHeartBeat recived from RM

Aug 10, 2020 4:09:54 PM Utilities.FileLogger write
INFO: >>> UDPServer >>> UDPHeartBeat recived from RM

Aug 10, 2020 4:09:55 PM Utilities.FileLogger write
INFO: >>> UDPServer >>> UDPHeartBeat recived from RM

Aug 10, 2020 4:09:55 PM Utilities.FileLogger write
INFO: >>> UDPServer >>> UDPHeartBeat recived from RM

Aug 10, 2020 4:09:55 PM Utilities.FileLogger write
INFO: >>> UDPServer >>> UDPHeartBeat recived from RM

Aug 10, 2020 4:09:55 PM Utilities.FileLogger write
INFO: >>> UDPServer >>> UDPHeartBeat recived from RM

Aug 10, 2020 4:09:55 PM Utilities.FileLogger write
INFO: >>> UDPServer >>> UDPHeartBeat recived from RM

Aug 10, 2020 4:09:55 PM Utilities.FileLogger write
INFO: >>> UDPServer >>> UDPHeartBeat recived from RM

Aug 10, 2020 4:09:56 PM Utilities.FileLogger write
INFO: >>> UDPServer >>> UDPHeartBeat recived from RM

Aug 10, 2020 4:09:56 PM Utilities.FileLogger write
INFO: >>> UDPServer >>> UDPHeartBeat recived from RM

Aug 10, 2020 4:09:57 PM Utilities.FileLogger write
INFO: >>> UDPServer >>> UDPHeartBeat recived from RM

Aug 10, 2020 4:09:57 PM Utilities.FileLogger write
INFO: >>> UDPServer >>> UDPHeartBeat recived from RM

Aug 10, 2020 4:09:58 PM Utilities.FileLogger write
INFO: >>> UDPServer >>> UDPHeartBeat recived from RM

Aug 10, 2020 4:09:58 PM Utilities.FileLogger write
INFO: >>> UDPServer >>> UDPHeartBeat recived from RM

Aug 10, 2020 4:09:59 PM Utilities.FileLogger write
INFO: >>> UDPServer >>> UDPHeartBeat recived from RM

Aug 10, 2020 4:09:59 PM Utilities.FileLogger write
INFO: >>> UDPServer >>> UDPHeartBeat recived from RM

Aug 10, 2020 4:09:59 PM Utilities.FileLogger write
INFO: >>> UDPServer >>> UDPHeartBeat recived from RM

Aug 10, 2020 4:10:00 PM Utilities.FileLogger write
INFO: >>> UDPServer >>> replicaActions response >>> AS: 0 online, 5 offline, EU: 0 online, 5 offline, NA: 0 online, 5 offline.

Aug 10, 2020 4:10:01 PM Utilities.FileLogger write
INFO: >>> UDPServer >>> UDPHeartBeat recived from RM

Aug 10, 2020 4:10:01 PM Utilities.FileLogger write
INFO: >>> UDPServer >>> UDPHeartBeat recived from RM

Aug 10, 2020 4:10:01 PM Utilities.FileLogger write
INFO: >>> UDPServer >>> UDPHeartBeat recived from RM

Aug 10, 2020 4:10:02 PM Utilities.FileLogger write
INFO: >>> UDPServer >>> UDPHeartBeat recived from RM

Aug 10, 2020 4:10:02 PM Utilities.FileLogger write
INFO: >>> UDPServer >>> UDPHeartBeat recived from RM

Aug 10, 2020 4:10:02 PM Utilities.FileLogger write
INFO: >>> UDPServer >>> UDPHeartBeat recived from RM

Aug 10, 2020 4:10:03 PM Utilities.FileLogger write
INFO: >>> UDPServer >>> UDPHeartBeat recived from RM

Aug 10, 2020 4:10:03 PM Utilities.FileLogger write
INFO: >>> UDPServer >>> UDPHeartBeat recived from RM

Aug 10, 2020 4:10:04 PM Utilities.FileLogger write
INFO: >>> UDPServer >>> UDPHeartBeat recived from RM

Aug 10, 2020 4:10:04 PM Utilities.FileLogger write
INFO: >>> UDPServer >>> UDPHeartBeat recived from RM

Aug 10, 2020 4:10:05 PM Utilities.FileLogger write
INFO: >>> UDPServer >>> UDPHeartBeat recived from RM

Aug 10, 2020 4:10:05 PM Utilities.FileLogger write
INFO: >>> UDPServer >>> UDPHeartBeat recived from RM

Aug 10, 2020 4:10:05 PM Utilities.FileLogger write
INFO: >>> UDPServer >>> UDPHeartBeat recived from RM

Aug 10, 2020 4:10:06 PM Utilities.FileLogger write
INFO: >>> UDPServer >>> UDPHeartBeat recived from RM

Aug 10, 2020 4:10:06 PM Utilities.FileLogger write
INFO: >>> UDPServer >>> UDPHeartBeat recived from RM

Aug 10, 2020 4:10:06 PM Utilities.FileLogger write
INFO: >>> UDPServer >>> UDPHeartBeat recived from RM

Aug 10, 2020 4:10:07 PM Utilities.FileLogger write
INFO: >>> UDPServer >>> UDPHeartBeat recived from RM

Aug 10, 2020 4:10:07 PM Utilities.FileLogger write
INFO: >>> UDPServer >>> UDPHeartBeat recived from RM

Aug 10, 2020 4:10:08 PM Utilities.FileLogger write
INFO: >>> UDPServer >>> UDPHeartBeat recived from RM

Aug 10, 2020 4:10:08 PM Utilities.FileLogger write
INFO: >>> UDPServer >>> UDPHeartBeat recived from RM

Aug 10, 2020 4:10:08 PM Utilities.FileLogger write
INFO: >>> UDPServer >>> UDPHeartBeat recived from RM

Aug 10, 2020 4:10:09 PM Utilities.FileLogger write
INFO: >>> UDPServer >>> UDPHeartBeat recived from RM

Aug 10, 2020 4:10:09 PM Utilities.FileLogger write
INFO: >>> UDPServer >>> UDPHeartBeat recived from RM

Aug 10, 2020 4:10:09 PM Utilities.FileLogger write
INFO: >>> UDPServer >>> UDPHeartBeat recived from RM

Aug 10, 2020 4:10:10 PM Utilities.FileLogger write
INFO: >>> UDPServer >>> UDPHeartBeat recived from RM

Aug 10, 2020 4:10:10 PM Utilities.FileLogger write
INFO: >>> UDPServer >>> UDPHeartBeat recived from RM

Aug 10, 2020 4:10:10 PM Utilities.FileLogger write
INFO: >>> UDPServer >>> UDPHeartBeat recived from RM

Aug 10, 2020 4:10:10 PM Utilities.FileLogger write
INFO: >>> UDPServer >>> UDPHeartBeat recived from RM

Aug 10, 2020 4:10:10 PM Utilities.FileLogger write
INFO: >>> UDPServer >>> UDPHeartBeat recived from RM

Aug 10, 2020 4:10:10 PM Utilities.FileLogger write
INFO: >>> UDPServer >>> UDPHeartBeat recived from RM

Aug 10, 2020 4:10:11 PM Utilities.FileLogger write
INFO: >>> UDPServer >>> UDPHeartBeat recived from RM

Aug 10, 2020 4:10:11 PM Utilities.FileLogger write
INFO: >>> UDPServer >>> UDPHeartBeat recived from RM

Aug 10, 2020 4:10:11 PM Utilities.FileLogger write
INFO: >>> UDPServer >>> UDPHeartBeat recived from RM

Aug 10, 2020 4:10:11 PM Utilities.FileLogger write
INFO: >>> UDPServer >>> UDPHeartBeat recived from RM

Aug 10, 2020 4:10:11 PM Utilities.FileLogger write
INFO: >>> UDPServer >>> UDPHeartBeat recived from RM

Aug 10, 2020 4:10:11 PM Utilities.FileLogger write
INFO: >>> UDPServer >>> UDPHeartBeat recived from RM

Aug 10, 2020 4:10:11 PM Utilities.FileLogger write
INFO: >>> UDPServer >>> UDPHeartBeat recived from RM

Aug 10, 2020 4:10:12 PM Utilities.FileLogger write
INFO: >>> UDPServer >>> UDPHeartBeat recived from RM

Aug 10, 2020 4:10:12 PM Utilities.FileLogger write
INFO: >>> UDPServer >>> UDPHeartBeat recived from RM

Aug 10, 2020 4:10:12 PM Utilities.FileLogger write
INFO: >>> UDPServer >>> UDPHeartBeat recived from RM

Aug 10, 2020 4:10:12 PM Utilities.FileLogger write
INFO: >>> UDPServer >>> UDPHeartBeat recived from RM

Aug 10, 2020 4:10:12 PM Utilities.FileLogger write
INFO: >>> UDPServer >>> UDPHeartBeat recived from RM

Aug 10, 2020 4:10:12 PM Utilities.FileLogger write
INFO: >>> UDPServer >>> UDPHeartBeat recived from RM

Aug 10, 2020 4:10:12 PM Utilities.FileLogger write
INFO: >>> UDPServer >>> UDPHeartBeat recived from RM

Aug 10, 2020 4:10:13 PM Utilities.FileLogger write
INFO: >>> UDPServer >>> UDPHeartBeat recived from RM

Aug 10, 2020 4:10:13 PM Utilities.FileLogger write
INFO: >>> UDPServer >>> UDPHeartBeat recived from RM

Aug 10, 2020 4:10:13 PM Utilities.FileLogger write
INFO: >>> UDPServer >>> UDPHeartBeat recived from RM

Aug 10, 2020 4:10:13 PM Utilities.FileLogger write
INFO: >>> UDPServer >>> UDPHeartBeat recived from RM

Aug 10, 2020 4:10:13 PM Utilities.FileLogger write
INFO: >>> UDPServer >>> UDPHeartBeat recived from RM

Aug 10, 2020 4:10:13 PM Utilities.FileLogger write
INFO: >>> UDPServer >>> UDPHeartBeat recived from RM

Aug 10, 2020 4:10:13 PM Utilities.FileLogger write
INFO: >>> UDPServer >>> UDPHeartBeat recived from RM

Aug 10, 2020 4:10:14 PM Utilities.FileLogger write
INFO: >>> UDPServer >>> UDPHeartBeat recived from RM

Aug 10, 2020 4:10:14 PM Utilities.FileLogger write
INFO: >>> UDPServer >>> UDPHeartBeat recived from RM

Aug 10, 2020 4:10:14 PM Utilities.FileLogger write
INFO: >>> UDPServer >>> UDPHeartBeat recived from RM

Aug 10, 2020 4:10:14 PM Utilities.FileLogger write
INFO: >>> UDPServer >>> UDPHeartBeat recived from RM

Aug 10, 2020 4:10:14 PM Utilities.FileLogger write
INFO: >>> UDPServer >>> UDPHeartBeat recived from RM

Aug 10, 2020 4:10:14 PM Utilities.FileLogger write
INFO: >>> UDPServer >>> UDPHeartBeat recived from RM

Aug 10, 2020 4:10:14 PM Utilities.FileLogger write
INFO: >>> UDPServer >>> UDPHeartBeat recived from RM

Aug 10, 2020 4:10:15 PM Utilities.FileLogger write
INFO: >>> UDPServer >>> UDPHeartBeat recived from RM

Aug 10, 2020 4:10:15 PM Utilities.FileLogger write
INFO: >>> UDPServer >>> UDPHeartBeat recived from RM

Aug 10, 2020 4:10:15 PM Utilities.FileLogger write
INFO: >>> UDPServer >>> UDPHeartBeat recived from RM

Aug 10, 2020 4:10:15 PM Utilities.FileLogger write
INFO: >>> UDPServer >>> UDPHeartBeat recived from RM

Aug 10, 2020 4:10:15 PM Utilities.FileLogger write
INFO: >>> UDPServer >>> UDPHeartBeat recived from RM

Aug 10, 2020 4:10:16 PM Utilities.FileLogger write
INFO: >>> UDPServer >>> UDPHeartBeat recived from RM

Aug 10, 2020 4:10:16 PM Utilities.FileLogger write
INFO: >>> UDPServer >>> UDPHeartBeat recived from RM

Aug 10, 2020 4:10:16 PM Utilities.FileLogger write
INFO: >>> UDPServer >>> UDPHeartBeat recived from RM

Aug 10, 2020 4:10:16 PM Utilities.FileLogger write
INFO: >>> UDPServer >>> UDPHeartBeat recived from RM

Aug 10, 2020 4:10:16 PM Utilities.FileLogger write
INFO: >>> UDPServer >>> UDPHeartBeat recived from RM

Aug 10, 2020 4:10:16 PM Utilities.FileLogger write
INFO: >>> UDPServer >>> UDPHeartBeat recived from RM

Aug 10, 2020 4:10:16 PM Utilities.FileLogger write
INFO: >>> UDPServer >>> UDPHeartBeat recived from RM

Aug 10, 2020 4:10:17 PM Utilities.FileLogger write
INFO: >>> UDPServer >>> UDPHeartBeat recived from RM

Aug 10, 2020 4:10:17 PM Utilities.FileLogger write
INFO: >>> UDPServer >>> UDPHeartBeat recived from RM

Aug 10, 2020 4:10:17 PM Utilities.FileLogger write
INFO: >>> UDPServer >>> UDPHeartBeat recived from RM

Aug 10, 2020 4:10:17 PM Utilities.FileLogger write
INFO: >>> UDPServer >>> UDPHeartBeat recived from RM

Aug 10, 2020 4:10:17 PM Utilities.FileLogger write
INFO: >>> UDPServer >>> UDPHeartBeat recived from RM

Aug 10, 2020 4:10:17 PM Utilities.FileLogger write
INFO: >>> UDPServer >>> UDPHeartBeat recived from RM

Aug 10, 2020 4:10:17 PM Utilities.FileLogger write
INFO: >>> UDPServer >>> UDPHeartBeat recived from RM

Aug 10, 2020 4:10:18 PM Utilities.FileLogger write
INFO: >>> UDPServer >>> UDPHeartBeat recived from RM

Aug 10, 2020 4:10:18 PM Utilities.FileLogger write
INFO: >>> UDPServer >>> UDPHeartBeat recived from RM

Aug 10, 2020 4:10:18 PM Utilities.FileLogger write
INFO: >>> UDPServer >>> UDPHeartBeat recived from RM

Aug 10, 2020 4:10:18 PM Utilities.FileLogger write
INFO: >>> UDPServer >>> UDPHeartBeat recived from RM

Aug 10, 2020 4:10:18 PM Utilities.FileLogger write
INFO: >>> UDPServer >>> UDPHeartBeat recived from RM

Aug 10, 2020 4:10:18 PM Utilities.FileLogger write
INFO: >>> UDPServer >>> UDPHeartBeat recived from RM

Aug 10, 2020 4:10:19 PM Utilities.FileLogger write
INFO: >>> UDPServer >>> UDPHeartBeat recived from RM

Aug 10, 2020 4:10:19 PM Utilities.FileLogger write
INFO: >>> UDPServer >>> UDPHeartBeat recived from RM

Aug 10, 2020 4:10:19 PM Utilities.FileLogger write
INFO: >>> UDPServer >>> UDPHeartBeat recived from RM

Aug 10, 2020 4:10:19 PM Utilities.FileLogger write
INFO: >>> UDPServer >>> UDPHeartBeat recived from RM

Aug 10, 2020 4:10:19 PM Utilities.FileLogger write
INFO: >>> UDPServer >>> replicaActions response >>> Wrong password...

Aug 10, 2020 4:10:19 PM Utilities.FileLogger write
INFO: >>> UDPServer >>> UDPHeartBeat recived from RM

Aug 10, 2020 4:10:19 PM Utilities.FileLogger write
INFO: >>> UDPServer >>> UDPHeartBeat recived from RM

Aug 10, 2020 4:10:20 PM Utilities.FileLogger write
INFO: >>> UDPServer >>> UDPHeartBeat recived from RM

Aug 10, 2020 4:10:20 PM Utilities.FileLogger write
INFO: >>> UDPServer >>> UDPHeartBeat recived from RM

Aug 10, 2020 4:10:20 PM Utilities.FileLogger write
INFO: >>> UDPServer >>> UDPHeartBeat recived from RM

Aug 10, 2020 4:10:20 PM Utilities.FileLogger write
INFO: >>> UDPServer >>> UDPHeartBeat recived from RM

Aug 10, 2020 4:10:20 PM Utilities.FileLogger write
INFO: >>> UDPServer >>> UDPHeartBeat recived from RM

Aug 10, 2020 4:10:20 PM Utilities.FileLogger write
INFO: >>> UDPServer >>> UDPHeartBeat recived from RM

Aug 10, 2020 4:10:21 PM Utilities.FileLogger write
INFO: >>> UDPServer >>> UDPHeartBeat recived from RM

Aug 10, 2020 4:10:21 PM Utilities.FileLogger write
INFO: >>> UDPServer >>> UDPHeartBeat recived from RM

Aug 10, 2020 4:10:21 PM Utilities.FileLogger write
INFO: >>> UDPServer >>> UDPHeartBeat recived from RM

Aug 10, 2020 4:10:21 PM Utilities.FileLogger write
INFO: >>> UDPServer >>> UDPHeartBeat recived from RM

Aug 10, 2020 4:10:21 PM Utilities.FileLogger write
INFO: >>> UDPServer >>> UDPHeartBeat recived from RM

Aug 10, 2020 4:10:21 PM Utilities.FileLogger write
INFO: >>> UDPServer >>> UDPHeartBeat recived from RM

Aug 10, 2020 4:10:21 PM Utilities.FileLogger write
INFO: >>> UDPServer >>> UDPHeartBeat recived from RM

Aug 10, 2020 4:10:22 PM Utilities.FileLogger write
INFO: >>> UDPServer >>> UDPHeartBeat recived from RM

Aug 10, 2020 4:10:22 PM Utilities.FileLogger write
INFO: >>> UDPServer >>> UDPHeartBeat recived from RM

Aug 10, 2020 4:10:22 PM Utilities.FileLogger write
INFO: >>> UDPServer >>> UDPHeartBeat recived from RM

Aug 10, 2020 4:10:22 PM Utilities.FileLogger write
INFO: >>> UDPServer >>> UDPHeartBeat recived from RM

Aug 10, 2020 4:10:22 PM Utilities.FileLogger write
INFO: >>> UDPServer >>> UDPHeartBeat recived from RM

Aug 10, 2020 4:10:22 PM Utilities.FileLogger write
INFO: >>> UDPServer >>> UDPHeartBeat recived from RM

Aug 10, 2020 4:10:23 PM Utilities.FileLogger write
INFO: >>> UDPServer >>> UDPHeartBeat recived from RM

Aug 10, 2020 4:10:23 PM Utilities.FileLogger write
INFO: >>> UDPServer >>> UDPHeartBeat recived from RM

Aug 10, 2020 4:10:23 PM Utilities.FileLogger write
INFO: >>> UDPServer >>> UDPHeartBeat recived from RM

Aug 10, 2020 4:10:23 PM Utilities.FileLogger write
INFO: >>> UDPServer >>> UDPHeartBeat recived from RM

Aug 10, 2020 4:10:23 PM Utilities.FileLogger write
INFO: >>> UDPServer >>> UDPHeartBeat recived from RM

Aug 10, 2020 4:10:23 PM Utilities.FileLogger write
INFO: >>> UDPServer >>> UDPHeartBeat recived from RM

Aug 10, 2020 4:10:23 PM Utilities.FileLogger write
INFO: >>> UDPServer >>> UDPHeartBeat recived from RM

Aug 10, 2020 4:10:24 PM Utilities.FileLogger write
INFO: >>> UDPServer >>> UDPHeartBeat recived from RM

Aug 10, 2020 4:10:24 PM Utilities.FileLogger write
INFO: >>> UDPServer >>> UDPHeartBeat recived from RM

Aug 10, 2020 4:10:24 PM Utilities.FileLogger write
INFO: >>> UDPServer >>> UDPHeartBeat recived from RM

Aug 10, 2020 4:10:24 PM Utilities.FileLogger write
INFO: >>> UDPServer >>> UDPHeartBeat recived from RM

Aug 10, 2020 4:10:24 PM Utilities.FileLogger write
INFO: >>> UDPServer >>> UDPHeartBeat recived from RM

Aug 10, 2020 4:10:24 PM Utilities.FileLogger write
INFO: >>> UDPServer >>> UDPHeartBeat recived from RM

Aug 10, 2020 4:10:24 PM Utilities.FileLogger write
INFO: >>> UDPServer >>> UDPHeartBeat recived from RM

Aug 10, 2020 4:10:25 PM Utilities.FileLogger write
INFO: >>> UDPServer >>> UDPHeartBeat recived from RM

Aug 10, 2020 4:10:25 PM Utilities.FileLogger write
INFO: >>> UDPServer >>> UDPHeartBeat recived from RM

Aug 10, 2020 4:10:25 PM Utilities.FileLogger write
INFO: >>> UDPServer >>> UDPHeartBeat recived from RM

Aug 10, 2020 4:10:25 PM Utilities.FileLogger write
INFO: >>> UDPServer >>> UDPHeartBeat recived from RM

Aug 10, 2020 4:10:25 PM Utilities.FileLogger write
INFO: >>> UDPServer >>> UDPHeartBeat recived from RM

Aug 10, 2020 4:10:25 PM Utilities.FileLogger write
INFO: >>> UDPServer >>> UDPHeartBeat recived from RM

Aug 10, 2020 4:10:26 PM Utilities.FileLogger write
INFO: >>> UDPServer >>> UDPHeartBeat recived from RM

Aug 10, 2020 4:10:26 PM Utilities.FileLogger write
INFO: >>> UDPServer >>> UDPHeartBeat recived from RM

Aug 10, 2020 4:10:26 PM Utilities.FileLogger write
INFO: >>> UDPServer >>> UDPHeartBeat recived from RM

Aug 10, 2020 4:10:26 PM Utilities.FileLogger write
INFO: >>> UDPServer >>> UDPHeartBeat recived from RM

Aug 10, 2020 4:10:26 PM Utilities.FileLogger write
INFO: >>> UDPServer >>> UDPHeartBeat recived from RM

Aug 10, 2020 4:10:26 PM Utilities.FileLogger write
INFO: >>> UDPServer >>> UDPHeartBeat recived from RM

Aug 10, 2020 4:10:26 PM Utilities.FileLogger write
INFO: >>> UDPServer >>> UDPHeartBeat recived from RM

Aug 10, 2020 4:10:27 PM Utilities.FileLogger write
INFO: >>> UDPServer >>> UDPHeartBeat recived from RM

Aug 10, 2020 4:10:27 PM Utilities.FileLogger write
INFO: >>> UDPServer >>> UDPHeartBeat recived from RM

Aug 10, 2020 4:10:27 PM Utilities.FileLogger write
INFO: >>> UDPServer >>> UDPHeartBeat recived from RM

Aug 10, 2020 4:10:27 PM Utilities.FileLogger write
INFO: >>> UDPServer >>> UDPHeartBeat recived from RM

Aug 10, 2020 4:10:27 PM Utilities.FileLogger write
INFO: >>> UDPServer >>> UDPHeartBeat recived from RM

Aug 10, 2020 4:10:27 PM Utilities.FileLogger write
INFO: >>> UDPServer >>> UDPHeartBeat recived from RM

Aug 10, 2020 4:10:27 PM Utilities.FileLogger write
INFO: >>> UDPServer >>> UDPHeartBeat recived from RM

Aug 10, 2020 4:10:28 PM Utilities.FileLogger write
INFO: >>> UDPServer >>> UDPHeartBeat recived from RM

Aug 10, 2020 4:10:28 PM Utilities.FileLogger write
INFO: >>> UDPServer >>> UDPHeartBeat recived from RM

Aug 10, 2020 4:10:28 PM Utilities.FileLogger write
INFO: >>> UDPServer >>> UDPHeartBeat recived from RM

Aug 10, 2020 4:10:28 PM Utilities.FileLogger write
INFO: >>> UDPServer >>> UDPHeartBeat recived from RM

Aug 10, 2020 4:10:28 PM Utilities.FileLogger write
INFO: >>> UDPServer >>> UDPHeartBeat recived from RM

Aug 10, 2020 4:10:28 PM Utilities.FileLogger write
INFO: >>> UDPServer >>> UDPHeartBeat recived from RM

Aug 10, 2020 4:10:28 PM Utilities.FileLogger write
INFO: >>> UDPServer >>> UDPHeartBeat recived from RM

Aug 10, 2020 4:10:29 PM Utilities.FileLogger write
INFO: >>> UDPServer >>> UDPHeartBeat recived from RM

Aug 10, 2020 4:10:29 PM Utilities.FileLogger write
INFO: >>> UDPServer >>> UDPHeartBeat recived from RM

Aug 10, 2020 4:10:29 PM Utilities.FileLogger write
INFO: >>> UDPServer >>> UDPHeartBeat recived from RM

Aug 10, 2020 4:10:29 PM Utilities.FileLogger write
INFO: >>> UDPServer >>> UDPHeartBeat recived from RM

Aug 10, 2020 4:10:29 PM Utilities.FileLogger write
INFO: >>> UDPServer >>> UDPHeartBeat recived from RM

Aug 10, 2020 4:10:29 PM Utilities.FileLogger write
INFO: >>> UDPServer >>> UDPHeartBeat recived from RM

Aug 10, 2020 4:10:30 PM Utilities.FileLogger write
INFO: >>> UDPServer >>> UDPHeartBeat recived from RM

Aug 10, 2020 4:10:30 PM Utilities.FileLogger write
INFO: >>> UDPServer >>> UDPHeartBeat recived from RM

Aug 10, 2020 4:10:30 PM Utilities.FileLogger write
INFO: >>> UDPServer >>> UDPHeartBeat recived from RM

Aug 10, 2020 4:10:30 PM Utilities.FileLogger write
INFO: >>> UDPServer >>> UDPHeartBeat recived from RM

Aug 10, 2020 4:10:30 PM Utilities.FileLogger write
INFO: >>> UDPServer >>> UDPHeartBeat recived from RM

Aug 10, 2020 4:10:30 PM Utilities.FileLogger write
INFO: >>> UDPServer >>> UDPHeartBeat recived from RM

Aug 10, 2020 4:10:31 PM Utilities.FileLogger write
INFO: >>> UDPServer >>> UDPHeartBeat recived from RM

Aug 10, 2020 4:10:31 PM Utilities.FileLogger write
INFO: >>> UDPServer >>> UDPHeartBeat recived from RM

Aug 10, 2020 4:10:31 PM Utilities.FileLogger write
INFO: >>> UDPServer >>> UDPHeartBeat recived from RM

Aug 10, 2020 4:10:31 PM Utilities.FileLogger write
INFO: >>> UDPServer >>> UDPHeartBeat recived from RM

Aug 10, 2020 4:10:31 PM Utilities.FileLogger write
INFO: >>> UDPServer >>> UDPHeartBeat recived from RM

Aug 10, 2020 4:10:31 PM Utilities.FileLogger write
INFO: >>> UDPServer >>> UDPHeartBeat recived from RM

Aug 10, 2020 4:10:32 PM Utilities.FileLogger write
INFO: >>> UDPServer >>> UDPHeartBeat recived from RM

Aug 10, 2020 4:10:32 PM Utilities.FileLogger write
INFO: >>> UDPServer >>> UDPHeartBeat recived from RM

Aug 10, 2020 4:10:32 PM Utilities.FileLogger write
INFO: >>> UDPServer >>> UDPHeartBeat recived from RM

Aug 10, 2020 4:10:32 PM Utilities.FileLogger write
INFO: >>> UDPServer >>> UDPHeartBeat recived from RM

Aug 10, 2020 4:10:32 PM Utilities.FileLogger write
INFO: >>> UDPServer >>> UDPHeartBeat recived from RM

Aug 10, 2020 4:10:32 PM Utilities.FileLogger write
INFO: >>> UDPServer >>> UDPHeartBeat recived from RM

Aug 10, 2020 4:10:33 PM Utilities.FileLogger write
INFO: >>> UDPServer >>> UDPHeartBeat recived from RM

Aug 10, 2020 4:10:33 PM Utilities.FileLogger write
INFO: >>> UDPServer >>> UDPHeartBeat recived from RM

Aug 10, 2020 4:10:33 PM Utilities.FileLogger write
INFO: >>> UDPServer >>> UDPHeartBeat recived from RM

Aug 10, 2020 4:10:33 PM Utilities.FileLogger write
INFO: >>> UDPServer >>> UDPHeartBeat recived from RM

Aug 10, 2020 4:10:33 PM Utilities.FileLogger write
INFO: >>> UDPServer >>> UDPHeartBeat recived from RM

Aug 10, 2020 4:10:33 PM Utilities.FileLogger write
INFO: >>> UDPServer >>> UDPHeartBeat recived from RM

Aug 10, 2020 4:10:34 PM Utilities.FileLogger write
INFO: >>> UDPServer >>> UDPHeartBeat recived from RM

Aug 10, 2020 4:10:34 PM Utilities.FileLogger write
INFO: >>> UDPServer >>> replicaActions response >>> Account signed in successfully...

Aug 10, 2020 4:10:34 PM Utilities.FileLogger write
INFO: >>> UDPServer >>> UDPHeartBeat recived from RM

Aug 10, 2020 4:10:44 PM Utilities.FileLogger write
INFO: >>> UDPServer >>> UDPHeartBeat recived from RM

Aug 10, 2020 4:10:45 PM Utilities.FileLogger write
INFO: >>> UDPServer >>> UDPHeartBeat recived from RM

Aug 10, 2020 4:10:45 PM Utilities.FileLogger write
INFO: >>> UDPServer >>> UDPHeartBeat recived from RM

Aug 10, 2020 4:10:45 PM Utilities.FileLogger write
INFO: >>> UDPServer >>> UDPHeartBeat recived from RM

Aug 10, 2020 4:10:46 PM Utilities.FileLogger write
INFO: >>> UDPServer >>> UDPHeartBeat recived from RM

Aug 10, 2020 4:10:46 PM Utilities.FileLogger write
INFO: >>> UDPServer >>> UDPHeartBeat recived from RM

Aug 10, 2020 4:10:47 PM Utilities.FileLogger write
INFO: >>> UDPServer >>> UDPHeartBeat recived from RM

Aug 10, 2020 4:10:47 PM Utilities.FileLogger write
INFO: >>> UDPServer >>> UDPHeartBeat recived from RM

Aug 10, 2020 4:10:47 PM Utilities.FileLogger write
INFO: >>> UDPServer >>> UDPHeartBeat recived from RM

Aug 10, 2020 4:10:48 PM Utilities.FileLogger write
INFO: >>> UDPServer >>> UDPHeartBeat recived from RM

Aug 10, 2020 4:10:48 PM Utilities.FileLogger write
INFO: >>> UDPServer >>> UDPHeartBeat recived from RM

Aug 10, 2020 4:10:48 PM Utilities.FileLogger write
INFO: >>> UDPServer >>> UDPHeartBeat recived from RM

Aug 10, 2020 4:10:48 PM Utilities.FileLogger write
INFO: >>> UDPServer >>> UDPHeartBeat recived from RM

Aug 10, 2020 4:10:48 PM Utilities.FileLogger write
INFO: >>> UDPServer >>> UDPHeartBeat recived from RM

Aug 10, 2020 4:10:48 PM Utilities.FileLogger write
INFO: >>> UDPServer >>> UDPHeartBeat recived from RM

Aug 10, 2020 4:10:49 PM Utilities.FileLogger write
INFO: >>> UDPServer >>> UDPHeartBeat recived from RM

Aug 10, 2020 4:10:49 PM Utilities.FileLogger write
INFO: >>> UDPServer >>> UDPHeartBeat recived from RM

Aug 10, 2020 4:10:49 PM Utilities.FileLogger write
INFO: >>> UDPServer >>> UDPHeartBeat recived from RM

Aug 10, 2020 4:10:49 PM Utilities.FileLogger write
INFO: >>> UDPServer >>> UDPHeartBeat recived from RM

Aug 10, 2020 4:10:49 PM Utilities.FileLogger write
INFO: >>> UDPServer >>> UDPHeartBeat recived from RM

Aug 10, 2020 4:10:49 PM Utilities.FileLogger write
INFO: >>> UDPServer >>> UDPHeartBeat recived from RM

Aug 10, 2020 4:10:49 PM Utilities.FileLogger write
INFO: >>> UDPServer >>> UDPHeartBeat recived from RM

Aug 10, 2020 4:10:50 PM Utilities.FileLogger write
INFO: >>> UDPServer >>> UDPHeartBeat recived from RM

Aug 10, 2020 4:10:50 PM Utilities.FileLogger write
INFO: >>> UDPServer >>> UDPHeartBeat recived from RM

Aug 10, 2020 4:10:50 PM Utilities.FileLogger write
INFO: >>> UDPServer >>> UDPHeartBeat recived from RM

Aug 10, 2020 4:10:50 PM Utilities.FileLogger write
INFO: >>> UDPServer >>> UDPHeartBeat recived from RM

Aug 10, 2020 4:10:50 PM Utilities.FileLogger write
INFO: >>> UDPServer >>> UDPHeartBeat recived from RM

Aug 10, 2020 4:10:51 PM Utilities.FileLogger write
INFO: >>> UDPServer >>> UDPHeartBeat recived from RM

Aug 10, 2020 4:10:51 PM Utilities.FileLogger write
INFO: >>> UDPServer >>> UDPHeartBeat recived from RM

Aug 10, 2020 4:10:51 PM Utilities.FileLogger write
INFO: >>> UDPServer >>> UDPHeartBeat recived from RM

Aug 10, 2020 4:10:51 PM Utilities.FileLogger write
INFO: >>> UDPServer >>> UDPHeartBeat recived from RM

Aug 10, 2020 4:10:51 PM Utilities.FileLogger write
INFO: >>> UDPServer >>> UDPHeartBeat recived from RM

Aug 10, 2020 4:10:52 PM Utilities.FileLogger write
INFO: >>> UDPServer >>> UDPHeartBeat recived from RM

Aug 10, 2020 4:10:52 PM Utilities.FileLogger write
INFO: >>> UDPServer >>> UDPHeartBeat recived from RM

Aug 10, 2020 4:10:52 PM Utilities.FileLogger write
INFO: >>> UDPServer >>> UDPHeartBeat recived from RM

Aug 10, 2020 4:10:52 PM Utilities.FileLogger write
INFO: >>> UDPServer >>> UDPHeartBeat recived from RM

Aug 10, 2020 4:10:52 PM Utilities.FileLogger write
INFO: >>> UDPServer >>> UDPHeartBeat recived from RM

Aug 10, 2020 4:10:52 PM Utilities.FileLogger write
INFO: >>> UDPServer >>> UDPHeartBeat recived from RM

Aug 10, 2020 4:10:53 PM Utilities.FileLogger write
INFO: >>> UDPServer >>> UDPHeartBeat recived from RM

Aug 10, 2020 4:10:53 PM Utilities.FileLogger write
INFO: >>> UDPServer >>> UDPHeartBeat recived from RM

Aug 10, 2020 4:10:53 PM Utilities.FileLogger write
INFO: >>> UDPServer >>> UDPHeartBeat recived from RM

Aug 10, 2020 4:10:53 PM Utilities.FileLogger write
INFO: >>> UDPServer >>> UDPHeartBeat recived from RM

Aug 10, 2020 4:10:53 PM Utilities.FileLogger write
INFO: >>> UDPServer >>> UDPHeartBeat recived from RM

Aug 10, 2020 4:10:54 PM Utilities.FileLogger write
INFO: >>> UDPServer >>> UDPHeartBeat recived from RM

Aug 10, 2020 4:10:54 PM Utilities.FileLogger write
INFO: >>> UDPServer >>> UDPHeartBeat recived from RM

Aug 10, 2020 4:10:54 PM Utilities.FileLogger write
INFO: >>> UDPServer >>> UDPHeartBeat recived from RM

Aug 10, 2020 4:10:54 PM Utilities.FileLogger write
INFO: >>> UDPServer >>> UDPHeartBeat recived from RM

Aug 10, 2020 4:10:54 PM Utilities.FileLogger write
INFO: >>> UDPServer >>> UDPHeartBeat recived from RM

Aug 10, 2020 4:10:54 PM Utilities.FileLogger write
INFO: >>> UDPServer >>> UDPHeartBeat recived from RM

Aug 10, 2020 4:10:55 PM Utilities.FileLogger write
INFO: >>> UDPServer >>> UDPHeartBeat recived from RM

Aug 10, 2020 4:10:55 PM Utilities.FileLogger write
INFO: >>> UDPServer >>> UDPHeartBeat recived from RM

Aug 10, 2020 4:10:55 PM Utilities.FileLogger write
INFO: >>> UDPServer >>> UDPHeartBeat recived from RM

Aug 10, 2020 4:10:55 PM Utilities.FileLogger write
INFO: >>> UDPServer >>> UDPHeartBeat recived from RM

Aug 10, 2020 4:10:56 PM Utilities.FileLogger write
INFO: >>> UDPServer >>> UDPHeartBeat recived from RM

Aug 10, 2020 4:10:56 PM Utilities.FileLogger write
INFO: >>> UDPServer >>> UDPHeartBeat recived from RM

Aug 10, 2020 4:10:56 PM Utilities.FileLogger write
INFO: >>> UDPServer >>> UDPHeartBeat recived from RM

Aug 10, 2020 4:10:56 PM Utilities.FileLogger write
INFO: >>> UDPServer >>> UDPHeartBeat recived from RM

Aug 10, 2020 4:10:56 PM Utilities.FileLogger write
INFO: >>> UDPServer >>> UDPHeartBeat recived from RM

Aug 10, 2020 4:10:56 PM Utilities.FileLogger write
INFO: >>> UDPServer >>> UDPHeartBeat recived from RM

Aug 10, 2020 4:10:57 PM Utilities.FileLogger write
INFO: >>> UDPServer >>> UDPHeartBeat recived from RM

Aug 10, 2020 4:10:57 PM Utilities.FileLogger write
INFO: >>> UDPServer >>> UDPHeartBeat recived from RM

Aug 10, 2020 4:10:57 PM Utilities.FileLogger write
INFO: >>> UDPServer >>> UDPHeartBeat recived from RM

Aug 10, 2020 4:10:57 PM Utilities.FileLogger write
INFO: >>> UDPServer >>> UDPHeartBeat recived from RM

Aug 10, 2020 4:10:57 PM Utilities.FileLogger write
INFO: >>> UDPServer >>> UDPHeartBeat recived from RM

Aug 10, 2020 4:10:57 PM Utilities.FileLogger write
INFO: >>> UDPServer >>> UDPHeartBeat recived from RM

Aug 10, 2020 4:10:58 PM Utilities.FileLogger write
INFO: >>> UDPServer >>> Reciving request >>> UDP Heart Beat

Aug 10, 2020 4:10:58 PM Utilities.FileLogger write
INFO: >>> UDPServer >>> replicaActions response >>> Account signed out successfully...

Aug 10, 2020 4:10:58 PM Utilities.FileLogger write
INFO: >>> UDPServer >>> UDPHeartBeat recived from RM

Aug 10, 2020 4:10:58 PM Utilities.FileLogger write
INFO: >>> UDPServer >>> UDPHeartBeat recived from RM

Aug 10, 2020 4:10:58 PM Utilities.FileLogger write
INFO: >>> UDPServer >>> UDPHeartBeat recived from RM

Aug 10, 2020 4:10:58 PM Utilities.FileLogger write
INFO: >>> UDPServer >>> UDPHeartBeat recived from RM

Aug 10, 2020 4:10:59 PM Utilities.FileLogger write
INFO: >>> UDPServer >>> UDPHeartBeat recived from RM

Aug 10, 2020 4:10:59 PM Utilities.FileLogger write
INFO: >>> UDPServer >>> UDPHeartBeat recived from RM

Aug 10, 2020 4:10:59 PM Utilities.FileLogger write
INFO: >>> UDPServer >>> UDPHeartBeat recived from RM

Aug 10, 2020 4:10:59 PM Utilities.FileLogger write
INFO: >>> UDPServer >>> UDPHeartBeat recived from RM

Aug 10, 2020 4:11:00 PM Utilities.FileLogger write
INFO: >>> UDPServer >>> UDPHeartBeat recived from RM

Aug 10, 2020 4:11:00 PM Utilities.FileLogger write
INFO: >>> UDPServer >>> UDPHeartBeat recived from RM

Aug 10, 2020 4:11:00 PM Utilities.FileLogger write
INFO: >>> UDPServer >>> UDPHeartBeat recived from RM

Aug 10, 2020 4:11:00 PM Utilities.FileLogger write
INFO: >>> UDPServer >>> UDPHeartBeat recived from RM

Aug 10, 2020 4:11:01 PM Utilities.FileLogger write
INFO: >>> UDPServer >>> UDPHeartBeat recived from RM

Aug 10, 2020 4:11:01 PM Utilities.FileLogger write
INFO: >>> UDPServer >>> UDPHeartBeat recived from RM

Aug 10, 2020 4:11:01 PM Utilities.FileLogger write
INFO: >>> UDPServer >>> UDPHeartBeat recived from RM

Aug 10, 2020 4:11:01 PM Utilities.FileLogger write
INFO: >>> UDPServer >>> UDPHeartBeat recived from RM

Aug 10, 2020 4:11:02 PM Utilities.FileLogger write
INFO: >>> UDPServer >>> UDPHeartBeat recived from RM

Aug 10, 2020 4:11:02 PM Utilities.FileLogger write
INFO: >>> UDPServer >>> UDPHeartBeat recived from RM

Aug 10, 2020 4:11:02 PM Utilities.FileLogger write
INFO: >>> UDPServer >>> UDPHeartBeat recived from RM

Aug 10, 2020 4:11:02 PM Utilities.FileLogger write
INFO: >>> UDPServer >>> UDPHeartBeat recived from RM

Aug 10, 2020 4:11:02 PM Utilities.FileLogger write
INFO: >>> UDPServer >>> UDPHeartBeat recived from RM

Aug 10, 2020 4:11:03 PM Utilities.FileLogger write
INFO: >>> UDPServer >>> UDPHeartBeat recived from RM

Aug 10, 2020 4:11:03 PM Utilities.FileLogger write
INFO: >>> UDPServer >>> UDPHeartBeat recived from RM

Aug 10, 2020 4:11:03 PM Utilities.FileLogger write
INFO: >>> UDPServer >>> UDPHeartBeat recived from RM

Aug 10, 2020 4:11:03 PM Utilities.FileLogger write
INFO: >>> UDPServer >>> UDPHeartBeat recived from RM

Aug 10, 2020 4:11:04 PM Utilities.FileLogger write
INFO: >>> UDPServer >>> UDPHeartBeat recived from RM

Aug 10, 2020 4:11:04 PM Utilities.FileLogger write
INFO: >>> UDPServer >>> UDPHeartBeat recived from RM

Aug 10, 2020 4:11:04 PM Utilities.FileLogger write
INFO: >>> UDPServer >>> UDPHeartBeat recived from RM

Aug 10, 2020 4:11:04 PM Utilities.FileLogger write
INFO: >>> UDPServer >>> UDPHeartBeat recived from RM

Aug 10, 2020 4:11:04 PM Utilities.FileLogger write
INFO: >>> UDPServer >>> UDPHeartBeat recived from RM

Aug 10, 2020 4:11:05 PM Utilities.FileLogger write
INFO: >>> UDPServer >>> UDPHeartBeat recived from RM

Aug 10, 2020 4:11:05 PM Utilities.FileLogger write
INFO: >>> UDPServer >>> UDPHeartBeat recived from RM

Aug 10, 2020 4:11:05 PM Utilities.FileLogger write
INFO: >>> UDPServer >>> UDPHeartBeat recived from RM

Aug 10, 2020 4:11:05 PM Utilities.FileLogger write
INFO: >>> UDPServer >>> UDPHeartBeat recived from RM

Aug 10, 2020 4:11:06 PM Utilities.FileLogger write
INFO: >>> UDPServer >>> UDPHeartBeat recived from RM

Aug 10, 2020 4:11:06 PM Utilities.FileLogger write
INFO: >>> UDPServer >>> UDPHeartBeat recived from RM

Aug 10, 2020 4:11:06 PM Utilities.FileLogger write
INFO: >>> UDPServer >>> UDPHeartBeat recived from RM

Aug 10, 2020 4:11:06 PM Utilities.FileLogger write
INFO: >>> UDPServer >>> UDPHeartBeat recived from RM

Aug 10, 2020 4:11:06 PM Utilities.FileLogger write
INFO: >>> UDPServer >>> UDPHeartBeat recived from RM

Aug 10, 2020 4:11:07 PM Utilities.FileLogger write
INFO: >>> UDPServer >>> UDPHeartBeat recived from RM

Aug 10, 2020 4:11:07 PM Utilities.FileLogger write
INFO: >>> UDPServer >>> UDPHeartBeat recived from RM

Aug 10, 2020 4:11:07 PM Utilities.FileLogger write
INFO: >>> UDPServer >>> UDPHeartBeat recived from RM

Aug 10, 2020 4:11:08 PM Utilities.FileLogger write
INFO: >>> UDPServer >>> UDPHeartBeat recived from RM

Aug 10, 2020 4:11:08 PM Utilities.FileLogger write
INFO: >>> UDPServer >>> UDPHeartBeat recived from RM

Aug 10, 2020 4:11:08 PM Utilities.FileLogger write
INFO: >>> UDPServer >>> UDPHeartBeat recived from RM

Aug 10, 2020 4:11:08 PM Utilities.FileLogger write
INFO: >>> UDPServer >>> UDPHeartBeat recived from RM

Aug 10, 2020 4:11:08 PM Utilities.FileLogger write
INFO: >>> UDPServer >>> UDPHeartBeat recived from RM

Aug 10, 2020 4:11:09 PM Utilities.FileLogger write
INFO: >>> UDPServer >>> UDPHeartBeat recived from RM

Aug 10, 2020 4:11:09 PM Utilities.FileLogger write
INFO: >>> UDPServer >>> UDPHeartBeat recived from RM

Aug 10, 2020 4:11:09 PM Utilities.FileLogger write
INFO: >>> UDPServer >>> UDPHeartBeat recived from RM

Aug 10, 2020 4:11:09 PM Utilities.FileLogger write
INFO: >>> UDPServer >>> UDPHeartBeat recived from RM

Aug 10, 2020 4:11:10 PM Utilities.FileLogger write
INFO: >>> UDPServer >>> UDPHeartBeat recived from RM

Aug 10, 2020 4:11:10 PM Utilities.FileLogger write
INFO: >>> UDPServer >>> UDPHeartBeat recived from RM

