Jun 23, 2020 5:42:10 PM Logger.FileLogger write
INFO: >>> createPlayerAccount

Jun 23, 2020 5:42:10 PM Logger.FileLogger write
INFO: >>> createPlayerAccount >>> username >>> Bruce123

Jun 23, 2020 5:42:10 PM Logger.FileLogger write
INFO: >>> createPlayerAccount >>> firstname >>> Bruce

Jun 23, 2020 5:42:10 PM Logger.FileLogger write
INFO: >>> createPlayerAccount >>> lastname >>> Nguyen

Jun 23, 2020 5:42:10 PM Logger.FileLogger write
INFO: >>> createPlayerAccount >>> password >>> Bruce123

Jun 23, 2020 5:42:10 PM Logger.FileLogger write
INFO: >>> createPlayerAccount >>> age >>> 19

Jun 23, 2020 5:42:11 PM Logger.FileLogger write
INFO: >>> createPlayerAccount >>> ipadddress >>> 93.1.1.1

Jun 23, 2020 5:42:11 PM Logger.FileLogger write
INFO: >>> createPlayerAccount >>> User information stored

Jun 23, 2020 6:58:37 PM Logger.FileLogger write
INFO: >>> playerSignIn >>> Bruce123 signed in successfully...

Jun 26, 2020 5:29:50 PM Logger.FileLogger write
INFO: >>> createPlayerAccount

Jun 26, 2020 5:29:50 PM Logger.FileLogger write
INFO: >>> createPlayerAccount >>> username >>> Bruce123

Jun 26, 2020 5:29:50 PM Logger.FileLogger write
INFO: >>> createPlayerAccount >>> firstname >>> Bruce

Jun 26, 2020 5:29:50 PM Logger.FileLogger write
INFO: >>> createPlayerAccount >>> lastname >>> Nguyen

Jun 26, 2020 5:29:50 PM Logger.FileLogger write
INFO: >>> createPlayerAccount >>> password >>> Bruce123

Jun 26, 2020 5:29:50 PM Logger.FileLogger write
INFO: >>> createPlayerAccount >>> age >>> 19

Jun 26, 2020 5:29:50 PM Logger.FileLogger write
INFO: >>> createPlayerAccount >>> ipadddress >>> 93.1.1.1

Jun 26, 2020 5:29:50 PM Logger.FileLogger write
INFO: >>> createPlayerAccount >>> User information stored

Jun 26, 2020 5:55:06 PM Logger.FileLogger write
INFO: >>> createPlayerAccount

Jun 26, 2020 5:55:06 PM Logger.FileLogger write
INFO: >>> createPlayerAccount >>> username >>> Bruce123

Jun 26, 2020 5:55:06 PM Logger.FileLogger write
INFO: >>> createPlayerAccount >>> firstname >>> Bruce

Jun 26, 2020 5:55:06 PM Logger.FileLogger write
INFO: >>> createPlayerAccount >>> lastname >>> Nguyen

Jun 26, 2020 5:55:06 PM Logger.FileLogger write
INFO: >>> createPlayerAccount >>> password >>> Bruce123

Jun 26, 2020 5:55:06 PM Logger.FileLogger write
INFO: >>> createPlayerAccount >>> age >>> 19

Jun 26, 2020 5:55:06 PM Logger.FileLogger write
INFO: >>> createPlayerAccount >>> ipadddress >>> 93.1.1.1

Jun 26, 2020 5:55:06 PM Logger.FileLogger write
INFO: >>> createPlayerAccount >>> User information stored

Jun 26, 2020 10:51:05 PM Logger.FileLogger write
INFO: >>> createPlayerAccount

Jun 26, 2020 10:51:05 PM Logger.FileLogger write
INFO: >>> createPlayerAccount >>> username >>> Bruce123

Jun 26, 2020 10:51:05 PM Logger.FileLogger write
INFO: >>> createPlayerAccount >>> firstname >>> Bruce

Jun 26, 2020 10:51:05 PM Logger.FileLogger write
INFO: >>> createPlayerAccount >>> lastname >>> Nguyen

Jun 26, 2020 10:51:05 PM Logger.FileLogger write
INFO: >>> createPlayerAccount >>> password >>> Bruce123

Jun 26, 2020 10:51:05 PM Logger.FileLogger write
INFO: >>> createPlayerAccount >>> age >>> 19

Jun 26, 2020 10:51:05 PM Logger.FileLogger write
INFO: >>> createPlayerAccount >>> ipadddress >>> 93.1.1.1

Jun 26, 2020 10:51:05 PM Logger.FileLogger write
INFO: >>> createPlayerAccount >>> User information stored

Jun 26, 2020 10:58:15 PM Logger.FileLogger write
INFO: >>> createPlayerAccount

Jun 26, 2020 10:58:15 PM Logger.FileLogger write
INFO: >>> createPlayerAccount >>> username >>> Bruce123

Jun 26, 2020 10:58:15 PM Logger.FileLogger write
INFO: >>> createPlayerAccount >>> firstname >>> Bruce

Jun 26, 2020 10:58:15 PM Logger.FileLogger write
INFO: >>> createPlayerAccount >>> lastname >>> Nguyen

Jun 26, 2020 10:58:15 PM Logger.FileLogger write
INFO: >>> createPlayerAccount >>> password >>> Bruce123

Jun 26, 2020 10:58:15 PM Logger.FileLogger write
INFO: >>> createPlayerAccount >>> age >>> 19

Jun 26, 2020 10:58:15 PM Logger.FileLogger write
INFO: >>> createPlayerAccount >>> ipadddress >>> 93.1.1.1

Jun 26, 2020 10:58:15 PM Logger.FileLogger write
INFO: >>> createPlayerAccount >>> User information stored

