Jun. 07, 2020 6:09:04 P.M. Logger.FileLogger write
INFO: >>> createPlayerAccount

Jun. 07, 2020 6:09:04 P.M. Logger.FileLogger write
INFO: >>> createPlayerAccount >>> username >>> Kevin123

Jun. 07, 2020 6:09:04 P.M. Logger.FileLogger write
INFO: >>> createPlayerAccount >>> firstname >>> Kevin

Jun. 07, 2020 6:09:04 P.M. Logger.FileLogger write
INFO: >>> createPlayerAccount >>> lastname >>> Tran

Jun. 07, 2020 6:09:04 P.M. Logger.FileLogger write
INFO: >>> createPlayerAccount >>> password >>> Kevin123

Jun. 07, 2020 6:09:04 P.M. Logger.FileLogger write
INFO: >>> createPlayerAccount >>> age >>> 23

Jun. 07, 2020 6:09:04 P.M. Logger.FileLogger write
INFO: >>> createPlayerAccount >>> ipadddress >>> 182.34.2.5

Jun. 07, 2020 6:09:04 P.M. Logger.FileLogger write
INFO: >>> createPlayerAccount >>> User information stored

Jun. 07, 2020 6:11:18 P.M. Logger.FileLogger write
INFO: >>> playerSignIn >>> Kevin123 signed in successfully...

Jun. 07, 2020 6:35:38 P.M. Logger.FileLogger write
INFO: >>> createPlayerAccount

Jun. 07, 2020 6:35:38 P.M. Logger.FileLogger write
INFO: >>> createPlayerAccount >>> username >>> Kevin123

Jun. 07, 2020 6:35:38 P.M. Logger.FileLogger write
INFO: >>> createPlayerAccount >>> firstname >>> Kevin

Jun. 07, 2020 6:35:38 P.M. Logger.FileLogger write
INFO: >>> createPlayerAccount >>> lastname >>> Tran

Jun. 07, 2020 6:35:38 P.M. Logger.FileLogger write
INFO: >>> createPlayerAccount >>> password >>> Kevin123

Jun. 07, 2020 6:35:38 P.M. Logger.FileLogger write
INFO: >>> createPlayerAccount >>> age >>> 23

Jun. 07, 2020 6:35:38 P.M. Logger.FileLogger write
INFO: >>> createPlayerAccount >>> ipadddress >>> 182.34.2.5

Jun. 07, 2020 6:35:38 P.M. Logger.FileLogger write
INFO: >>> createPlayerAccount >>> User information stored

Jun. 07, 2020 10:25:12 P.M. Logger.FileLogger write
INFO: >>> createPlayerAccount

Jun. 07, 2020 10:25:12 P.M. Logger.FileLogger write
INFO: >>> createPlayerAccount >>> username >>> Kevin123

Jun. 07, 2020 10:25:12 P.M. Logger.FileLogger write
INFO: >>> createPlayerAccount >>> firstname >>> Kevin

Jun. 07, 2020 10:25:12 P.M. Logger.FileLogger write
INFO: >>> createPlayerAccount >>> lastname >>> Tran

Jun. 07, 2020 10:25:12 P.M. Logger.FileLogger write
INFO: >>> createPlayerAccount >>> password >>> Kevin123

Jun. 07, 2020 10:25:12 P.M. Logger.FileLogger write
INFO: >>> createPlayerAccount >>> age >>> 23

Jun. 07, 2020 10:25:12 P.M. Logger.FileLogger write
INFO: >>> createPlayerAccount >>> ipadddress >>> 182.34.2.5

Jun. 07, 2020 10:25:12 P.M. Logger.FileLogger write
INFO: >>> createPlayerAccount >>> User information stored

