Jun 12, 2020 12:03:12 AM Logger.FileLogger write
INFO: >>> createPlayerAccount

Jun 12, 2020 12:03:12 AM Logger.FileLogger write
INFO: >>> createPlayerAccount >>> username >>> Upton123

Jun 12, 2020 12:03:12 AM Logger.FileLogger write
INFO: >>> createPlayerAccount >>> firstname >>> Bailee

Jun 12, 2020 12:03:12 AM Logger.FileLogger write
INFO: >>> createPlayerAccount >>> lastname >>> Upton

Jun 12, 2020 12:03:12 AM Logger.FileLogger write
INFO: >>> createPlayerAccount >>> password >>> Upton123

Jun 12, 2020 12:03:12 AM Logger.FileLogger write
INFO: >>> createPlayerAccount >>> age >>> 20

Jun 12, 2020 12:03:12 AM Logger.FileLogger write
INFO: >>> createPlayerAccount >>> ipadddress >>> 132.34.2.4

Jun 12, 2020 12:03:12 AM Logger.FileLogger write
INFO: >>> createPlayerAccount >>> User information stored

Jun 12, 2020 12:25:24 AM Logger.FileLogger write
INFO: >>> createPlayerAccount

Jun 12, 2020 12:25:24 AM Logger.FileLogger write
INFO: >>> createPlayerAccount >>> username >>> Upton123

Jun 12, 2020 12:25:24 AM Logger.FileLogger write
INFO: >>> createPlayerAccount >>> firstname >>> Bailee

Jun 12, 2020 12:25:24 AM Logger.FileLogger write
INFO: >>> createPlayerAccount >>> lastname >>> Upton

Jun 12, 2020 12:25:24 AM Logger.FileLogger write
INFO: >>> createPlayerAccount >>> password >>> Upton123

Jun 12, 2020 12:25:24 AM Logger.FileLogger write
INFO: >>> createPlayerAccount >>> age >>> 20

Jun 12, 2020 12:25:24 AM Logger.FileLogger write
INFO: >>> createPlayerAccount >>> ipadddress >>> 132.34.2.4

Jun 12, 2020 12:25:24 AM Logger.FileLogger write
INFO: >>> createPlayerAccount >>> User information stored

