Jul 07, 2020 8:40:16 PM logger.FileLogger write
INFO: >>> createPlayerAccount

Jul 07, 2020 8:40:16 PM logger.FileLogger write
INFO: >>> createPlayerAccount >>> username >>> Bruce123

Jul 07, 2020 8:40:16 PM logger.FileLogger write
INFO: >>> createPlayerAccount >>> firstname >>> Bruce

Jul 07, 2020 8:40:16 PM logger.FileLogger write
INFO: >>> createPlayerAccount >>> lastname >>> Nguyen

Jul 07, 2020 8:40:16 PM logger.FileLogger write
INFO: >>> createPlayerAccount >>> password >>> Bruce123

Jul 07, 2020 8:40:17 PM logger.FileLogger write
INFO: >>> createPlayerAccount >>> age >>> 19

Jul 07, 2020 8:40:17 PM logger.FileLogger write
INFO: >>> createPlayerAccount >>> ipadddress >>> 182.34.2.1

Jul 07, 2020 8:40:17 PM logger.FileLogger write
INFO: >>> createPlayerAccount >>> User information stored

Jul 07, 2020 8:40:17 PM logger.FileLogger write
INFO: >>> createPlayerAccount

Jul 07, 2020 8:40:17 PM logger.FileLogger write
INFO: >>> createPlayerAccount >>> username >>> Charles123

Jul 07, 2020 8:40:17 PM logger.FileLogger write
INFO: >>> createPlayerAccount >>> firstname >>> Charles

Jul 07, 2020 8:40:17 PM logger.FileLogger write
INFO: >>> createPlayerAccount >>> lastname >>> Lee

Jul 07, 2020 8:40:17 PM logger.FileLogger write
INFO: >>> createPlayerAccount >>> password >>> Charles123

Jul 07, 2020 8:40:17 PM logger.FileLogger write
INFO: >>> createPlayerAccount >>> age >>> 15

Jul 07, 2020 8:40:17 PM logger.FileLogger write
INFO: >>> createPlayerAccount >>> ipadddress >>> 182.34.2.2

Jul 07, 2020 8:40:17 PM logger.FileLogger write
INFO: >>> createPlayerAccount >>> User information stored

Jul 07, 2020 8:40:17 PM logger.FileLogger write
INFO: >>> createPlayerAccount

Jul 07, 2020 8:40:17 PM logger.FileLogger write
INFO: >>> createPlayerAccount >>> username >>> Adak123

Jul 07, 2020 8:40:17 PM logger.FileLogger write
INFO: >>> createPlayerAccount >>> firstname >>> Ada

Jul 07, 2020 8:40:17 PM logger.FileLogger write
INFO: >>> createPlayerAccount >>> lastname >>> Kim

Jul 07, 2020 8:40:17 PM logger.FileLogger write
INFO: >>> createPlayerAccount >>> password >>> Adak123

Jul 07, 2020 8:40:17 PM logger.FileLogger write
INFO: >>> createPlayerAccount >>> age >>> 18

Jul 07, 2020 8:40:17 PM logger.FileLogger write
INFO: >>> createPlayerAccount >>> ipadddress >>> 182.34.2.3

Jul 07, 2020 8:40:17 PM logger.FileLogger write
INFO: >>> createPlayerAccount >>> User information stored

Jul 07, 2020 8:40:17 PM logger.FileLogger write
INFO: >>> createPlayerAccount

Jul 07, 2020 8:40:17 PM logger.FileLogger write
INFO: >>> createPlayerAccount >>> username >>> Varun123

Jul 07, 2020 8:40:17 PM logger.FileLogger write
INFO: >>> createPlayerAccount >>> firstname >>> Varun

Jul 07, 2020 8:40:17 PM logger.FileLogger write
INFO: >>> createPlayerAccount >>> lastname >>> Patel

Jul 07, 2020 8:40:17 PM logger.FileLogger write
INFO: >>> createPlayerAccount >>> password >>> Varun123

Jul 07, 2020 8:40:17 PM logger.FileLogger write
INFO: >>> createPlayerAccount >>> age >>> 20

Jul 07, 2020 8:40:17 PM logger.FileLogger write
INFO: >>> createPlayerAccount >>> ipadddress >>> 182.34.2.4

Jul 07, 2020 8:40:17 PM logger.FileLogger write
INFO: >>> createPlayerAccount >>> User information stored

Jul 07, 2020 8:40:17 PM logger.FileLogger write
INFO: >>> createPlayerAccount

Jul 07, 2020 8:40:17 PM logger.FileLogger write
INFO: >>> createPlayerAccount >>> username >>> Kevin123

Jul 07, 2020 8:40:17 PM logger.FileLogger write
INFO: >>> createPlayerAccount >>> firstname >>> Kevin

Jul 07, 2020 8:40:17 PM logger.FileLogger write
INFO: >>> createPlayerAccount >>> lastname >>> Tran

Jul 07, 2020 8:40:17 PM logger.FileLogger write
INFO: >>> createPlayerAccount >>> password >>> Kevin123

Jul 07, 2020 8:40:17 PM logger.FileLogger write
INFO: >>> createPlayerAccount >>> age >>> 23

Jul 07, 2020 8:40:17 PM logger.FileLogger write
INFO: >>> createPlayerAccount >>> ipadddress >>> 182.34.2.5

Jul 07, 2020 8:40:17 PM logger.FileLogger write
INFO: >>> createPlayerAccount >>> User information stored

Jul 07, 2020 9:52:47 PM logger.FileLogger write
INFO: >>> createPlayerAccount

Jul 07, 2020 9:52:47 PM logger.FileLogger write
INFO: >>> createPlayerAccount >>> username >>> Bruce123

Jul 07, 2020 9:52:47 PM logger.FileLogger write
INFO: >>> createPlayerAccount >>> firstname >>> Bruce

Jul 07, 2020 9:52:47 PM logger.FileLogger write
INFO: >>> createPlayerAccount >>> lastname >>> Nguyen

Jul 07, 2020 9:52:47 PM logger.FileLogger write
INFO: >>> createPlayerAccount >>> password >>> Bruce123

Jul 07, 2020 9:52:47 PM logger.FileLogger write
INFO: >>> createPlayerAccount >>> age >>> 19

Jul 07, 2020 9:52:47 PM logger.FileLogger write
INFO: >>> createPlayerAccount >>> ipadddress >>> 182.34.2.1

Jul 07, 2020 9:52:47 PM logger.FileLogger write
INFO: >>> createPlayerAccount >>> User information stored

Jul 07, 2020 9:52:47 PM logger.FileLogger write
INFO: >>> createPlayerAccount

Jul 07, 2020 9:52:47 PM logger.FileLogger write
INFO: >>> createPlayerAccount >>> username >>> Charles123

Jul 07, 2020 9:52:47 PM logger.FileLogger write
INFO: >>> createPlayerAccount >>> firstname >>> Charles

Jul 07, 2020 9:52:47 PM logger.FileLogger write
INFO: >>> createPlayerAccount >>> lastname >>> Lee

Jul 07, 2020 9:52:47 PM logger.FileLogger write
INFO: >>> createPlayerAccount >>> password >>> Charles123

Jul 07, 2020 9:52:47 PM logger.FileLogger write
INFO: >>> createPlayerAccount >>> age >>> 15

Jul 07, 2020 9:52:47 PM logger.FileLogger write
INFO: >>> createPlayerAccount >>> ipadddress >>> 182.34.2.2

Jul 07, 2020 9:52:47 PM logger.FileLogger write
INFO: >>> createPlayerAccount >>> User information stored

Jul 07, 2020 9:52:47 PM logger.FileLogger write
INFO: >>> createPlayerAccount

Jul 07, 2020 9:52:47 PM logger.FileLogger write
INFO: >>> createPlayerAccount >>> username >>> Adak123

Jul 07, 2020 9:52:47 PM logger.FileLogger write
INFO: >>> createPlayerAccount >>> firstname >>> Ada

Jul 07, 2020 9:52:47 PM logger.FileLogger write
INFO: >>> createPlayerAccount >>> lastname >>> Kim

Jul 07, 2020 9:52:47 PM logger.FileLogger write
INFO: >>> createPlayerAccount >>> password >>> Adak123

Jul 07, 2020 9:52:47 PM logger.FileLogger write
INFO: >>> createPlayerAccount >>> age >>> 18

Jul 07, 2020 9:52:47 PM logger.FileLogger write
INFO: >>> createPlayerAccount >>> ipadddress >>> 182.34.2.3

Jul 07, 2020 9:52:47 PM logger.FileLogger write
INFO: >>> createPlayerAccount >>> User information stored

Jul 07, 2020 9:52:47 PM logger.FileLogger write
INFO: >>> createPlayerAccount

Jul 07, 2020 9:52:47 PM logger.FileLogger write
INFO: >>> createPlayerAccount >>> username >>> Varun123

Jul 07, 2020 9:52:47 PM logger.FileLogger write
INFO: >>> createPlayerAccount >>> firstname >>> Varun

Jul 07, 2020 9:52:47 PM logger.FileLogger write
INFO: >>> createPlayerAccount >>> lastname >>> Patel

Jul 07, 2020 9:52:47 PM logger.FileLogger write
INFO: >>> createPlayerAccount >>> password >>> Varun123

Jul 07, 2020 9:52:47 PM logger.FileLogger write
INFO: >>> createPlayerAccount >>> age >>> 20

Jul 07, 2020 9:52:47 PM logger.FileLogger write
INFO: >>> createPlayerAccount >>> ipadddress >>> 182.34.2.4

Jul 07, 2020 9:52:47 PM logger.FileLogger write
INFO: >>> createPlayerAccount >>> User information stored

Jul 07, 2020 9:52:47 PM logger.FileLogger write
INFO: >>> createPlayerAccount

Jul 07, 2020 9:52:47 PM logger.FileLogger write
INFO: >>> createPlayerAccount >>> username >>> Kevin123

Jul 07, 2020 9:52:47 PM logger.FileLogger write
INFO: >>> createPlayerAccount >>> firstname >>> Kevin

Jul 07, 2020 9:52:47 PM logger.FileLogger write
INFO: >>> createPlayerAccount >>> lastname >>> Tran

Jul 07, 2020 9:52:47 PM logger.FileLogger write
INFO: >>> createPlayerAccount >>> password >>> Kevin123

Jul 07, 2020 9:52:47 PM logger.FileLogger write
INFO: >>> createPlayerAccount >>> age >>> 23

Jul 07, 2020 9:52:47 PM logger.FileLogger write
INFO: >>> createPlayerAccount >>> ipadddress >>> 182.34.2.5

Jul 07, 2020 9:52:47 PM logger.FileLogger write
INFO: >>> createPlayerAccount >>> User information stored

Jul 07, 2020 9:54:02 PM logger.FileLogger write
INFO: >>> createPlayerAccount

Jul 07, 2020 9:54:02 PM logger.FileLogger write
INFO: >>> createPlayerAccount >>> username >>> Bruce123

Jul 07, 2020 9:54:02 PM logger.FileLogger write
INFO: >>> createPlayerAccount >>> firstname >>> Bruce

Jul 07, 2020 9:54:02 PM logger.FileLogger write
INFO: >>> createPlayerAccount >>> lastname >>> Nguyen

Jul 07, 2020 9:54:02 PM logger.FileLogger write
INFO: >>> createPlayerAccount >>> password >>> Bruce123

Jul 07, 2020 9:54:02 PM logger.FileLogger write
INFO: >>> createPlayerAccount >>> age >>> 19

Jul 07, 2020 9:54:02 PM logger.FileLogger write
INFO: >>> createPlayerAccount >>> ipadddress >>> 182.34.2.1

Jul 07, 2020 9:54:02 PM logger.FileLogger write
INFO: >>> createPlayerAccount >>> User information stored

Jul 07, 2020 9:54:02 PM logger.FileLogger write
INFO: >>> createPlayerAccount

Jul 07, 2020 9:54:02 PM logger.FileLogger write
INFO: >>> createPlayerAccount >>> username >>> Charles123

Jul 07, 2020 9:54:02 PM logger.FileLogger write
INFO: >>> createPlayerAccount >>> firstname >>> Charles

Jul 07, 2020 9:54:02 PM logger.FileLogger write
INFO: >>> createPlayerAccount >>> lastname >>> Lee

Jul 07, 2020 9:54:02 PM logger.FileLogger write
INFO: >>> createPlayerAccount >>> password >>> Charles123

Jul 07, 2020 9:54:02 PM logger.FileLogger write
INFO: >>> createPlayerAccount >>> age >>> 15

Jul 07, 2020 9:54:02 PM logger.FileLogger write
INFO: >>> createPlayerAccount >>> ipadddress >>> 182.34.2.2

Jul 07, 2020 9:54:02 PM logger.FileLogger write
INFO: >>> createPlayerAccount >>> User information stored

Jul 07, 2020 9:54:02 PM logger.FileLogger write
INFO: >>> createPlayerAccount

Jul 07, 2020 9:54:02 PM logger.FileLogger write
INFO: >>> createPlayerAccount >>> username >>> Adak123

Jul 07, 2020 9:54:02 PM logger.FileLogger write
INFO: >>> createPlayerAccount >>> firstname >>> Ada

Jul 07, 2020 9:54:02 PM logger.FileLogger write
INFO: >>> createPlayerAccount >>> lastname >>> Kim

Jul 07, 2020 9:54:02 PM logger.FileLogger write
INFO: >>> createPlayerAccount >>> password >>> Adak123

Jul 07, 2020 9:54:03 PM logger.FileLogger write
INFO: >>> createPlayerAccount >>> age >>> 18

Jul 07, 2020 9:54:03 PM logger.FileLogger write
INFO: >>> createPlayerAccount >>> ipadddress >>> 182.34.2.3

Jul 07, 2020 9:54:03 PM logger.FileLogger write
INFO: >>> createPlayerAccount >>> User information stored

Jul 07, 2020 9:54:03 PM logger.FileLogger write
INFO: >>> createPlayerAccount

Jul 07, 2020 9:54:03 PM logger.FileLogger write
INFO: >>> createPlayerAccount >>> username >>> Varun123

Jul 07, 2020 9:54:03 PM logger.FileLogger write
INFO: >>> createPlayerAccount >>> firstname >>> Varun

Jul 07, 2020 9:54:03 PM logger.FileLogger write
INFO: >>> createPlayerAccount >>> lastname >>> Patel

Jul 07, 2020 9:54:03 PM logger.FileLogger write
INFO: >>> createPlayerAccount >>> password >>> Varun123

Jul 07, 2020 9:54:03 PM logger.FileLogger write
INFO: >>> createPlayerAccount >>> age >>> 20

Jul 07, 2020 9:54:03 PM logger.FileLogger write
INFO: >>> createPlayerAccount >>> ipadddress >>> 182.34.2.4

Jul 07, 2020 9:54:03 PM logger.FileLogger write
INFO: >>> createPlayerAccount >>> User information stored

Jul 07, 2020 9:54:03 PM logger.FileLogger write
INFO: >>> createPlayerAccount

Jul 07, 2020 9:54:03 PM logger.FileLogger write
INFO: >>> createPlayerAccount >>> username >>> Kevin123

Jul 07, 2020 9:54:03 PM logger.FileLogger write
INFO: >>> createPlayerAccount >>> firstname >>> Kevin

Jul 07, 2020 9:54:03 PM logger.FileLogger write
INFO: >>> createPlayerAccount >>> lastname >>> Tran

Jul 07, 2020 9:54:03 PM logger.FileLogger write
INFO: >>> createPlayerAccount >>> password >>> Kevin123

Jul 07, 2020 9:54:03 PM logger.FileLogger write
INFO: >>> createPlayerAccount >>> age >>> 23

Jul 07, 2020 9:54:03 PM logger.FileLogger write
INFO: >>> createPlayerAccount >>> ipadddress >>> 182.34.2.5

Jul 07, 2020 9:54:03 PM logger.FileLogger write
INFO: >>> createPlayerAccount >>> User information stored

Jul 07, 2020 9:54:03 PM logger.FileLogger write
INFO: >>> suspendAccount

Jul 07, 2020 9:54:03 PM logger.FileLogger write
INFO: >>> suspendAccount >>> Admin Username >>> Admin

Jul 07, 2020 9:54:03 PM logger.FileLogger write
INFO: >>> suspendAccount >>> Admin Password >>> Admin

Jul 07, 2020 9:54:03 PM logger.FileLogger write
INFO: >>> suspendAccount >>> Admin IPAddress >>> 182.5.34.2

Jul 07, 2020 9:54:03 PM logger.FileLogger write
INFO: >>> suspendAccount >>> Username To Suspend >>> Kevin123

Jul 07, 2020 9:54:03 PM logger.FileLogger write
INFO: >>> suspendAccount >>> A player account with "Kevin123" username is suspended

Jul 07, 2020 9:58:47 PM logger.FileLogger write
INFO: >>> createPlayerAccount

Jul 07, 2020 9:58:47 PM logger.FileLogger write
INFO: >>> createPlayerAccount >>> username >>> Bruce123

Jul 07, 2020 9:58:47 PM logger.FileLogger write
INFO: >>> createPlayerAccount >>> firstname >>> Bruce

Jul 07, 2020 9:58:47 PM logger.FileLogger write
INFO: >>> createPlayerAccount >>> lastname >>> Nguyen

Jul 07, 2020 9:58:47 PM logger.FileLogger write
INFO: >>> createPlayerAccount >>> password >>> Bruce123

Jul 07, 2020 9:58:47 PM logger.FileLogger write
INFO: >>> createPlayerAccount >>> age >>> 19

Jul 07, 2020 9:58:47 PM logger.FileLogger write
INFO: >>> createPlayerAccount >>> ipadddress >>> 182.34.2.1

Jul 07, 2020 9:58:47 PM logger.FileLogger write
INFO: >>> createPlayerAccount >>> User information stored

Jul 07, 2020 9:58:47 PM logger.FileLogger write
INFO: >>> createPlayerAccount

Jul 07, 2020 9:58:47 PM logger.FileLogger write
INFO: >>> createPlayerAccount >>> username >>> Charles123

Jul 07, 2020 9:58:47 PM logger.FileLogger write
INFO: >>> createPlayerAccount >>> firstname >>> Charles

Jul 07, 2020 9:58:47 PM logger.FileLogger write
INFO: >>> createPlayerAccount >>> lastname >>> Lee

Jul 07, 2020 9:58:47 PM logger.FileLogger write
INFO: >>> createPlayerAccount >>> password >>> Charles123

Jul 07, 2020 9:58:47 PM logger.FileLogger write
INFO: >>> createPlayerAccount >>> age >>> 15

Jul 07, 2020 9:58:47 PM logger.FileLogger write
INFO: >>> createPlayerAccount >>> ipadddress >>> 182.34.2.2

Jul 07, 2020 9:58:47 PM logger.FileLogger write
INFO: >>> createPlayerAccount >>> User information stored

Jul 07, 2020 9:58:47 PM logger.FileLogger write
INFO: >>> createPlayerAccount

Jul 07, 2020 9:58:47 PM logger.FileLogger write
INFO: >>> createPlayerAccount >>> username >>> Adak123

Jul 07, 2020 9:58:47 PM logger.FileLogger write
INFO: >>> createPlayerAccount >>> firstname >>> Ada

Jul 07, 2020 9:58:47 PM logger.FileLogger write
INFO: >>> createPlayerAccount >>> lastname >>> Kim

Jul 07, 2020 9:58:47 PM logger.FileLogger write
INFO: >>> createPlayerAccount >>> password >>> Adak123

Jul 07, 2020 9:58:47 PM logger.FileLogger write
INFO: >>> createPlayerAccount >>> age >>> 18

Jul 07, 2020 9:58:47 PM logger.FileLogger write
INFO: >>> createPlayerAccount >>> ipadddress >>> 182.34.2.3

Jul 07, 2020 9:58:47 PM logger.FileLogger write
INFO: >>> createPlayerAccount >>> User information stored

Jul 07, 2020 9:58:47 PM logger.FileLogger write
INFO: >>> createPlayerAccount

Jul 07, 2020 9:58:47 PM logger.FileLogger write
INFO: >>> createPlayerAccount >>> username >>> Varun123

Jul 07, 2020 9:58:47 PM logger.FileLogger write
INFO: >>> createPlayerAccount >>> firstname >>> Varun

Jul 07, 2020 9:58:47 PM logger.FileLogger write
INFO: >>> createPlayerAccount >>> lastname >>> Patel

Jul 07, 2020 9:58:47 PM logger.FileLogger write
INFO: >>> createPlayerAccount >>> password >>> Varun123

Jul 07, 2020 9:58:47 PM logger.FileLogger write
INFO: >>> createPlayerAccount >>> age >>> 20

Jul 07, 2020 9:58:47 PM logger.FileLogger write
INFO: >>> createPlayerAccount >>> ipadddress >>> 182.34.2.4

Jul 07, 2020 9:58:48 PM logger.FileLogger write
INFO: >>> createPlayerAccount >>> User information stored

Jul 07, 2020 9:58:48 PM logger.FileLogger write
INFO: >>> createPlayerAccount

Jul 07, 2020 9:58:48 PM logger.FileLogger write
INFO: >>> createPlayerAccount >>> username >>> Kevin123

Jul 07, 2020 9:58:48 PM logger.FileLogger write
INFO: >>> createPlayerAccount >>> firstname >>> Kevin

Jul 07, 2020 9:58:48 PM logger.FileLogger write
INFO: >>> createPlayerAccount >>> lastname >>> Tran

Jul 07, 2020 9:58:48 PM logger.FileLogger write
INFO: >>> createPlayerAccount >>> password >>> Kevin123

Jul 07, 2020 9:58:48 PM logger.FileLogger write
INFO: >>> createPlayerAccount >>> age >>> 23

Jul 07, 2020 9:58:48 PM logger.FileLogger write
INFO: >>> createPlayerAccount >>> ipadddress >>> 182.34.2.5

Jul 07, 2020 9:58:48 PM logger.FileLogger write
INFO: >>> createPlayerAccount >>> User information stored

Jul 07, 2020 9:58:56 PM logger.FileLogger write
INFO: >>> createPlayerAccount

Jul 07, 2020 9:58:56 PM logger.FileLogger write
INFO: >>> createPlayerAccount >>> username >>> Bruce123

Jul 07, 2020 9:58:56 PM logger.FileLogger write
INFO: >>> createPlayerAccount >>> firstname >>> Bruce

Jul 07, 2020 9:58:56 PM logger.FileLogger write
INFO: >>> createPlayerAccount >>> lastname >>> Nguyen

Jul 07, 2020 9:58:56 PM logger.FileLogger write
INFO: >>> createPlayerAccount >>> password >>> Bruce123

Jul 07, 2020 9:58:56 PM logger.FileLogger write
INFO: >>> createPlayerAccount >>> age >>> 19

Jul 07, 2020 9:58:56 PM logger.FileLogger write
INFO: >>> createPlayerAccount >>> ipadddress >>> 182.34.2.1

Jul 07, 2020 9:58:56 PM logger.FileLogger write
INFO: >>> createPlayerAccount >>> User information stored

Jul 07, 2020 9:58:56 PM logger.FileLogger write
INFO: >>> createPlayerAccount

Jul 07, 2020 9:58:56 PM logger.FileLogger write
INFO: >>> createPlayerAccount >>> username >>> Charles123

Jul 07, 2020 9:58:56 PM logger.FileLogger write
INFO: >>> createPlayerAccount >>> firstname >>> Charles

Jul 07, 2020 9:58:56 PM logger.FileLogger write
INFO: >>> createPlayerAccount >>> lastname >>> Lee

Jul 07, 2020 9:58:56 PM logger.FileLogger write
INFO: >>> createPlayerAccount >>> password >>> Charles123

Jul 07, 2020 9:58:56 PM logger.FileLogger write
INFO: >>> createPlayerAccount >>> age >>> 15

Jul 07, 2020 9:58:56 PM logger.FileLogger write
INFO: >>> createPlayerAccount >>> ipadddress >>> 182.34.2.2

Jul 07, 2020 9:58:56 PM logger.FileLogger write
INFO: >>> createPlayerAccount >>> User information stored

Jul 07, 2020 9:58:56 PM logger.FileLogger write
INFO: >>> createPlayerAccount

Jul 07, 2020 9:58:56 PM logger.FileLogger write
INFO: >>> createPlayerAccount >>> username >>> Adak123

Jul 07, 2020 9:58:56 PM logger.FileLogger write
INFO: >>> createPlayerAccount >>> firstname >>> Ada

Jul 07, 2020 9:58:56 PM logger.FileLogger write
INFO: >>> createPlayerAccount >>> lastname >>> Kim

Jul 07, 2020 9:58:56 PM logger.FileLogger write
INFO: >>> createPlayerAccount >>> password >>> Adak123

Jul 07, 2020 9:58:56 PM logger.FileLogger write
INFO: >>> createPlayerAccount >>> age >>> 18

Jul 07, 2020 9:58:56 PM logger.FileLogger write
INFO: >>> createPlayerAccount >>> ipadddress >>> 182.34.2.3

Jul 07, 2020 9:58:56 PM logger.FileLogger write
INFO: >>> createPlayerAccount >>> User information stored

Jul 07, 2020 9:58:56 PM logger.FileLogger write
INFO: >>> createPlayerAccount

Jul 07, 2020 9:58:56 PM logger.FileLogger write
INFO: >>> createPlayerAccount >>> username >>> Varun123

Jul 07, 2020 9:58:56 PM logger.FileLogger write
INFO: >>> createPlayerAccount >>> firstname >>> Varun

Jul 07, 2020 9:58:56 PM logger.FileLogger write
INFO: >>> createPlayerAccount >>> lastname >>> Patel

Jul 07, 2020 9:58:56 PM logger.FileLogger write
INFO: >>> createPlayerAccount >>> password >>> Varun123

Jul 07, 2020 9:58:56 PM logger.FileLogger write
INFO: >>> createPlayerAccount >>> age >>> 20

Jul 07, 2020 9:58:56 PM logger.FileLogger write
INFO: >>> createPlayerAccount >>> ipadddress >>> 182.34.2.4

Jul 07, 2020 9:58:56 PM logger.FileLogger write
INFO: >>> createPlayerAccount >>> User information stored

Jul 07, 2020 9:58:56 PM logger.FileLogger write
INFO: >>> createPlayerAccount

Jul 07, 2020 9:58:56 PM logger.FileLogger write
INFO: >>> createPlayerAccount >>> username >>> Kevin123

Jul 07, 2020 9:58:56 PM logger.FileLogger write
INFO: >>> createPlayerAccount >>> firstname >>> Kevin

Jul 07, 2020 9:58:56 PM logger.FileLogger write
INFO: >>> createPlayerAccount >>> lastname >>> Tran

Jul 07, 2020 9:58:56 PM logger.FileLogger write
INFO: >>> createPlayerAccount >>> password >>> Kevin123

Jul 07, 2020 9:58:56 PM logger.FileLogger write
INFO: >>> createPlayerAccount >>> age >>> 23

Jul 07, 2020 9:58:56 PM logger.FileLogger write
INFO: >>> createPlayerAccount >>> ipadddress >>> 182.34.2.5

Jul 07, 2020 9:58:56 PM logger.FileLogger write
INFO: >>> createPlayerAccount >>> User information stored

Jul 07, 2020 9:58:56 PM logger.FileLogger write
INFO: >>> suspendAccount

Jul 07, 2020 9:58:56 PM logger.FileLogger write
INFO: >>> suspendAccount >>> Admin Username >>> Admin

Jul 07, 2020 9:58:56 PM logger.FileLogger write
INFO: >>> suspendAccount >>> Admin Password >>> Admin

Jul 07, 2020 9:58:56 PM logger.FileLogger write
INFO: >>> suspendAccount >>> Admin IPAddress >>> 182.5.34.2

Jul 07, 2020 9:58:56 PM logger.FileLogger write
INFO: >>> suspendAccount >>> Username To Suspend >>> Kevin123

Jul 07, 2020 9:58:56 PM logger.FileLogger write
INFO: >>> suspendAccount >>> A player account with "Kevin123" username is suspended

Jul 08, 2020 12:03:58 AM logger.FileLogger write
INFO: >>> createPlayerAccount

Jul 08, 2020 12:03:58 AM logger.FileLogger write
INFO: >>> createPlayerAccount >>> username >>> Bruce123

Jul 08, 2020 12:03:58 AM logger.FileLogger write
INFO: >>> createPlayerAccount >>> firstname >>> Bruce

Jul 08, 2020 12:03:58 AM logger.FileLogger write
INFO: >>> createPlayerAccount >>> lastname >>> Nguyen

Jul 08, 2020 12:03:58 AM logger.FileLogger write
INFO: >>> createPlayerAccount >>> password >>> Bruce123

Jul 08, 2020 12:03:58 AM logger.FileLogger write
INFO: >>> createPlayerAccount >>> age >>> 19

Jul 08, 2020 12:03:58 AM logger.FileLogger write
INFO: >>> createPlayerAccount >>> ipadddress >>> 182.34.2.1

Jul 08, 2020 12:03:58 AM logger.FileLogger write
INFO: >>> createPlayerAccount >>> User information stored

Jul 08, 2020 12:03:58 AM logger.FileLogger write
INFO: >>> createPlayerAccount

Jul 08, 2020 12:03:58 AM logger.FileLogger write
INFO: >>> createPlayerAccount >>> username >>> Charles123

Jul 08, 2020 12:03:58 AM logger.FileLogger write
INFO: >>> createPlayerAccount >>> firstname >>> Charles

Jul 08, 2020 12:03:58 AM logger.FileLogger write
INFO: >>> createPlayerAccount >>> lastname >>> Lee

Jul 08, 2020 12:03:58 AM logger.FileLogger write
INFO: >>> createPlayerAccount >>> password >>> Charles123

Jul 08, 2020 12:03:58 AM logger.FileLogger write
INFO: >>> createPlayerAccount >>> age >>> 15

Jul 08, 2020 12:03:58 AM logger.FileLogger write
INFO: >>> createPlayerAccount >>> ipadddress >>> 182.34.2.2

Jul 08, 2020 12:03:58 AM logger.FileLogger write
INFO: >>> createPlayerAccount >>> User information stored

Jul 08, 2020 12:03:58 AM logger.FileLogger write
INFO: >>> createPlayerAccount

Jul 08, 2020 12:03:58 AM logger.FileLogger write
INFO: >>> createPlayerAccount >>> username >>> Adak123

Jul 08, 2020 12:03:58 AM logger.FileLogger write
INFO: >>> createPlayerAccount >>> firstname >>> Ada

Jul 08, 2020 12:03:58 AM logger.FileLogger write
INFO: >>> createPlayerAccount >>> lastname >>> Kim

Jul 08, 2020 12:03:58 AM logger.FileLogger write
INFO: >>> createPlayerAccount >>> password >>> Adak123

Jul 08, 2020 12:03:58 AM logger.FileLogger write
INFO: >>> createPlayerAccount >>> age >>> 18

Jul 08, 2020 12:03:58 AM logger.FileLogger write
INFO: >>> createPlayerAccount >>> ipadddress >>> 182.34.2.3

Jul 08, 2020 12:03:58 AM logger.FileLogger write
INFO: >>> createPlayerAccount >>> User information stored

Jul 08, 2020 12:03:58 AM logger.FileLogger write
INFO: >>> createPlayerAccount

Jul 08, 2020 12:03:58 AM logger.FileLogger write
INFO: >>> createPlayerAccount >>> username >>> Varun123

Jul 08, 2020 12:03:58 AM logger.FileLogger write
INFO: >>> createPlayerAccount >>> firstname >>> Varun

Jul 08, 2020 12:03:58 AM logger.FileLogger write
INFO: >>> createPlayerAccount >>> lastname >>> Patel

Jul 08, 2020 12:03:58 AM logger.FileLogger write
INFO: >>> createPlayerAccount >>> password >>> Varun123

Jul 08, 2020 12:03:58 AM logger.FileLogger write
INFO: >>> createPlayerAccount >>> age >>> 20

Jul 08, 2020 12:03:58 AM logger.FileLogger write
INFO: >>> createPlayerAccount >>> ipadddress >>> 182.34.2.4

Jul 08, 2020 12:03:58 AM logger.FileLogger write
INFO: >>> createPlayerAccount >>> User information stored

Jul 08, 2020 12:03:58 AM logger.FileLogger write
INFO: >>> createPlayerAccount

Jul 08, 2020 12:03:58 AM logger.FileLogger write
INFO: >>> createPlayerAccount >>> username >>> Kevin123

Jul 08, 2020 12:03:58 AM logger.FileLogger write
INFO: >>> createPlayerAccount >>> firstname >>> Kevin

Jul 08, 2020 12:03:58 AM logger.FileLogger write
INFO: >>> createPlayerAccount >>> lastname >>> Tran

Jul 08, 2020 12:03:58 AM logger.FileLogger write
INFO: >>> createPlayerAccount >>> password >>> Kevin123

Jul 08, 2020 12:03:58 AM logger.FileLogger write
INFO: >>> createPlayerAccount >>> age >>> 23

Jul 08, 2020 12:03:58 AM logger.FileLogger write
INFO: >>> createPlayerAccount >>> ipadddress >>> 182.34.2.5

Jul 08, 2020 12:03:58 AM logger.FileLogger write
INFO: >>> createPlayerAccount >>> User information stored

Jul 08, 2020 12:16:05 AM logger.FileLogger write
INFO: >>> suspendAccount

Jul 08, 2020 12:16:05 AM logger.FileLogger write
INFO: >>> suspendAccount >>> Admin Username >>> Admin

Jul 08, 2020 12:16:05 AM logger.FileLogger write
INFO: >>> suspendAccount >>> Admin Password >>> Admin

Jul 08, 2020 12:16:05 AM logger.FileLogger write
INFO: >>> suspendAccount >>> Admin IPAddress >>> 182.56.3.4

Jul 08, 2020 12:16:05 AM logger.FileLogger write
INFO: >>> suspendAccount >>> Username To Suspend >>> Kevin123

Jul 08, 2020 12:16:05 AM logger.FileLogger write
INFO: >>> suspendAccount >>> A player account with "Kevin123" username is suspended

Jul 08, 2020 12:54:46 AM logger.FileLogger write
INFO: >>> createPlayerAccount

Jul 08, 2020 12:54:46 AM logger.FileLogger write
INFO: >>> createPlayerAccount >>> username >>> Bruce123

Jul 08, 2020 12:54:46 AM logger.FileLogger write
INFO: >>> createPlayerAccount >>> firstname >>> Bruce

Jul 08, 2020 12:54:47 AM logger.FileLogger write
INFO: >>> createPlayerAccount >>> lastname >>> Nguyen

Jul 08, 2020 12:54:47 AM logger.FileLogger write
INFO: >>> createPlayerAccount >>> password >>> Bruce123

Jul 08, 2020 12:54:47 AM logger.FileLogger write
INFO: >>> createPlayerAccount >>> age >>> 19

Jul 08, 2020 12:54:47 AM logger.FileLogger write
INFO: >>> createPlayerAccount >>> ipadddress >>> 182.34.2.1

Jul 08, 2020 12:54:47 AM logger.FileLogger write
INFO: >>> createPlayerAccount >>> User information stored

Jul 08, 2020 12:54:47 AM logger.FileLogger write
INFO: >>> createPlayerAccount

Jul 08, 2020 12:54:47 AM logger.FileLogger write
INFO: >>> createPlayerAccount >>> username >>> Charles123

Jul 08, 2020 12:54:47 AM logger.FileLogger write
INFO: >>> createPlayerAccount >>> firstname >>> Charles

Jul 08, 2020 12:54:47 AM logger.FileLogger write
INFO: >>> createPlayerAccount >>> lastname >>> Lee

Jul 08, 2020 12:54:47 AM logger.FileLogger write
INFO: >>> createPlayerAccount >>> password >>> Charles123

Jul 08, 2020 12:54:47 AM logger.FileLogger write
INFO: >>> createPlayerAccount >>> age >>> 15

Jul 08, 2020 12:54:47 AM logger.FileLogger write
INFO: >>> createPlayerAccount >>> ipadddress >>> 182.34.2.2

Jul 08, 2020 12:54:47 AM logger.FileLogger write
INFO: >>> createPlayerAccount >>> User information stored

Jul 08, 2020 12:54:47 AM logger.FileLogger write
INFO: >>> createPlayerAccount

Jul 08, 2020 12:54:47 AM logger.FileLogger write
INFO: >>> createPlayerAccount >>> username >>> Adak123

Jul 08, 2020 12:54:47 AM logger.FileLogger write
INFO: >>> createPlayerAccount >>> firstname >>> Ada

Jul 08, 2020 12:54:47 AM logger.FileLogger write
INFO: >>> createPlayerAccount >>> lastname >>> Kim

Jul 08, 2020 12:54:47 AM logger.FileLogger write
INFO: >>> createPlayerAccount >>> password >>> Adak123

Jul 08, 2020 12:54:47 AM logger.FileLogger write
INFO: >>> createPlayerAccount >>> age >>> 18

Jul 08, 2020 12:54:47 AM logger.FileLogger write
INFO: >>> createPlayerAccount >>> ipadddress >>> 182.34.2.3

Jul 08, 2020 12:54:47 AM logger.FileLogger write
INFO: >>> createPlayerAccount >>> User information stored

Jul 08, 2020 12:54:47 AM logger.FileLogger write
INFO: >>> createPlayerAccount

Jul 08, 2020 12:54:47 AM logger.FileLogger write
INFO: >>> createPlayerAccount >>> username >>> Varun123

Jul 08, 2020 12:54:47 AM logger.FileLogger write
INFO: >>> createPlayerAccount >>> firstname >>> Varun

Jul 08, 2020 12:54:47 AM logger.FileLogger write
INFO: >>> createPlayerAccount >>> lastname >>> Patel

Jul 08, 2020 12:54:47 AM logger.FileLogger write
INFO: >>> createPlayerAccount >>> password >>> Varun123

Jul 08, 2020 12:54:47 AM logger.FileLogger write
INFO: >>> createPlayerAccount >>> age >>> 20

Jul 08, 2020 12:54:47 AM logger.FileLogger write
INFO: >>> createPlayerAccount >>> ipadddress >>> 182.34.2.4

Jul 08, 2020 12:54:47 AM logger.FileLogger write
INFO: >>> createPlayerAccount >>> User information stored

Jul 08, 2020 12:54:47 AM logger.FileLogger write
INFO: >>> createPlayerAccount

Jul 08, 2020 12:54:47 AM logger.FileLogger write
INFO: >>> createPlayerAccount >>> username >>> Kevin123

Jul 08, 2020 12:54:47 AM logger.FileLogger write
INFO: >>> createPlayerAccount >>> firstname >>> Kevin

Jul 08, 2020 12:54:47 AM logger.FileLogger write
INFO: >>> createPlayerAccount >>> lastname >>> Tran

Jul 08, 2020 12:54:47 AM logger.FileLogger write
INFO: >>> createPlayerAccount >>> password >>> Kevin123

Jul 08, 2020 12:54:47 AM logger.FileLogger write
INFO: >>> createPlayerAccount >>> age >>> 23

Jul 08, 2020 12:54:47 AM logger.FileLogger write
INFO: >>> createPlayerAccount >>> ipadddress >>> 182.34.2.5

Jul 08, 2020 12:54:47 AM logger.FileLogger write
INFO: >>> createPlayerAccount >>> User information stored

Jul 08, 2020 1:17:13 AM logger.FileLogger write
INFO: >>> playerSignIn

Jul 08, 2020 1:17:13 AM logger.FileLogger write
INFO: >>> playerSignIn >>> username >>> Varun123

Jul 08, 2020 1:17:13 AM logger.FileLogger write
INFO: >>> playerSignIn >>> password >>> Varun123

Jul 08, 2020 1:17:13 AM logger.FileLogger write
INFO: >>> playerSignIn >>> ipadddress >>> 182.45.122.1

Jul 08, 2020 1:17:13 AM logger.FileLogger write
INFO: >>> playerSignIn >>> Varun123 signed in successfully...

Jul 08, 2020 1:20:46 AM logger.FileLogger write
INFO: >>> createPlayerAccount

Jul 08, 2020 1:20:46 AM logger.FileLogger write
INFO: >>> createPlayerAccount >>> username >>> anqiwang

Jul 08, 2020 1:20:46 AM logger.FileLogger write
INFO: >>> createPlayerAccount >>> firstname >>> Anqi

Jul 08, 2020 1:20:46 AM logger.FileLogger write
INFO: >>> createPlayerAccount >>> lastname >>> Wang

Jul 08, 2020 1:20:46 AM logger.FileLogger write
INFO: >>> createPlayerAccount >>> password >>> anqi123

Jul 08, 2020 1:20:46 AM logger.FileLogger write
INFO: >>> createPlayerAccount >>> age >>> 0

Jul 08, 2020 1:20:46 AM logger.FileLogger write
INFO: >>> createPlayerAccount >>> ipadddress >>> 182.45.23.1

Jul 08, 2020 1:20:46 AM logger.FileLogger write
INFO: >>> createPlayerAccount >>> User information stored

Jul 08, 2020 4:33:56 PM logger.FileLogger write
INFO: >>> createPlayerAccount

Jul 08, 2020 4:33:56 PM logger.FileLogger write
INFO: >>> createPlayerAccount >>> username >>> Bruce123

Jul 08, 2020 4:33:56 PM logger.FileLogger write
INFO: >>> createPlayerAccount >>> firstname >>> Bruce

Jul 08, 2020 4:33:56 PM logger.FileLogger write
INFO: >>> createPlayerAccount >>> lastname >>> Nguyen

Jul 08, 2020 4:33:56 PM logger.FileLogger write
INFO: >>> createPlayerAccount >>> password >>> Bruce123

Jul 08, 2020 4:33:56 PM logger.FileLogger write
INFO: >>> createPlayerAccount >>> age >>> 19

Jul 08, 2020 4:33:56 PM logger.FileLogger write
INFO: >>> createPlayerAccount >>> ipadddress >>> 182.34.2.1

Jul 08, 2020 4:33:56 PM logger.FileLogger write
INFO: >>> createPlayerAccount >>> User information stored

Jul 08, 2020 4:33:56 PM logger.FileLogger write
INFO: >>> createPlayerAccount

Jul 08, 2020 4:33:56 PM logger.FileLogger write
INFO: >>> createPlayerAccount >>> username >>> Charles123

Jul 08, 2020 4:33:56 PM logger.FileLogger write
INFO: >>> createPlayerAccount >>> firstname >>> Charles

Jul 08, 2020 4:33:56 PM logger.FileLogger write
INFO: >>> createPlayerAccount >>> lastname >>> Lee

Jul 08, 2020 4:33:56 PM logger.FileLogger write
INFO: >>> createPlayerAccount >>> password >>> Charles123

Jul 08, 2020 4:33:56 PM logger.FileLogger write
INFO: >>> createPlayerAccount >>> age >>> 15

Jul 08, 2020 4:33:56 PM logger.FileLogger write
INFO: >>> createPlayerAccount >>> ipadddress >>> 182.34.2.2

Jul 08, 2020 4:33:56 PM logger.FileLogger write
INFO: >>> createPlayerAccount >>> User information stored

Jul 08, 2020 4:33:56 PM logger.FileLogger write
INFO: >>> createPlayerAccount

Jul 08, 2020 4:33:56 PM logger.FileLogger write
INFO: >>> createPlayerAccount >>> username >>> Adak123

Jul 08, 2020 4:33:56 PM logger.FileLogger write
INFO: >>> createPlayerAccount >>> firstname >>> Ada

Jul 08, 2020 4:33:56 PM logger.FileLogger write
INFO: >>> createPlayerAccount >>> lastname >>> Kim

Jul 08, 2020 4:33:56 PM logger.FileLogger write
INFO: >>> createPlayerAccount >>> password >>> Adak123

Jul 08, 2020 4:33:56 PM logger.FileLogger write
INFO: >>> createPlayerAccount >>> age >>> 18

Jul 08, 2020 4:33:56 PM logger.FileLogger write
INFO: >>> createPlayerAccount >>> ipadddress >>> 182.34.2.3

Jul 08, 2020 4:33:56 PM logger.FileLogger write
INFO: >>> createPlayerAccount >>> User information stored

Jul 08, 2020 4:33:56 PM logger.FileLogger write
INFO: >>> createPlayerAccount

Jul 08, 2020 4:33:56 PM logger.FileLogger write
INFO: >>> createPlayerAccount >>> username >>> Varun123

Jul 08, 2020 4:33:56 PM logger.FileLogger write
INFO: >>> createPlayerAccount >>> firstname >>> Varun

Jul 08, 2020 4:33:56 PM logger.FileLogger write
INFO: >>> createPlayerAccount >>> lastname >>> Patel

Jul 08, 2020 4:33:56 PM logger.FileLogger write
INFO: >>> createPlayerAccount >>> password >>> Varun123

Jul 08, 2020 4:33:56 PM logger.FileLogger write
INFO: >>> createPlayerAccount >>> age >>> 20

Jul 08, 2020 4:33:56 PM logger.FileLogger write
INFO: >>> createPlayerAccount >>> ipadddress >>> 182.34.2.4

Jul 08, 2020 4:33:56 PM logger.FileLogger write
INFO: >>> createPlayerAccount >>> User information stored

Jul 08, 2020 4:33:56 PM logger.FileLogger write
INFO: >>> createPlayerAccount

Jul 08, 2020 4:33:56 PM logger.FileLogger write
INFO: >>> createPlayerAccount >>> username >>> Kevin123

Jul 08, 2020 4:33:56 PM logger.FileLogger write
INFO: >>> createPlayerAccount >>> firstname >>> Kevin

Jul 08, 2020 4:33:56 PM logger.FileLogger write
INFO: >>> createPlayerAccount >>> lastname >>> Tran

Jul 08, 2020 4:33:56 PM logger.FileLogger write
INFO: >>> createPlayerAccount >>> password >>> Kevin123

Jul 08, 2020 4:33:56 PM logger.FileLogger write
INFO: >>> createPlayerAccount >>> age >>> 23

Jul 08, 2020 4:33:56 PM logger.FileLogger write
INFO: >>> createPlayerAccount >>> ipadddress >>> 182.34.2.5

Jul 08, 2020 4:33:56 PM logger.FileLogger write
INFO: >>> createPlayerAccount >>> User information stored

Jul 08, 2020 4:34:27 PM logger.FileLogger write
INFO: >>> Recived UDP request

Jul 08, 2020 4:34:27 PM logger.FileLogger write
INFO: >>> getOwnStatus >>> AS: 0 online, 5 offline

Jul 08, 2020 4:34:27 PM logger.FileLogger write
INFO: >>> Sending response of UDP request

Jul 08, 2020 4:34:37 PM logger.FileLogger write
INFO: >>> getPlayerStatus

Jul 08, 2020 4:34:37 PM logger.FileLogger write
INFO: >>> getPlayerStatus >>> username >>> Admin

Jul 08, 2020 4:34:37 PM logger.FileLogger write
INFO: >>> getPlayerStatus >>> password >>> Admin

Jul 08, 2020 4:34:37 PM logger.FileLogger write
INFO: >>> getPlayerStatus >>> ipadddress >>> 182.45.34.2

Jul 08, 2020 4:34:37 PM logger.FileLogger write
INFO: >>> getPlayerStatus >>> getOwnStatus

Jul 08, 2020 4:34:37 PM logger.FileLogger write
INFO: >>> getPlayerStatus >>> getOwnStatus >>> AS: 0 online, 5 offline

Jul 08, 2020 4:34:38 PM logger.FileLogger write
INFO: >>> getPlayerStatus >>> Sending response to Admin >>> AS: 0 online, 5 offline, EU: 0 online, 5 offline, NA: 0 online, 5 offline.

Jul 08, 2020 4:35:56 PM logger.FileLogger write
INFO: >>> Recived UDP request

Jul 08, 2020 4:35:56 PM logger.FileLogger write
INFO: >>> getOwnStatus >>> AS: 0 online, 5 offline

Jul 08, 2020 4:35:56 PM logger.FileLogger write
INFO: >>> Sending response of UDP request

Jul 08, 2020 4:36:18 PM logger.FileLogger write
INFO: >>> suspendAccount

Jul 08, 2020 4:36:18 PM logger.FileLogger write
INFO: >>> suspendAccount >>> Admin Username >>> Admin

Jul 08, 2020 4:36:18 PM logger.FileLogger write
INFO: >>> suspendAccount >>> Admin Password >>> Admin

Jul 08, 2020 4:36:18 PM logger.FileLogger write
INFO: >>> suspendAccount >>> Admin IPAddress >>> 182.456.2.2.

Jul 08, 2020 4:36:18 PM logger.FileLogger write
INFO: >>> suspendAccount >>> Username To Suspend >>> Varun123

Jul 08, 2020 4:36:18 PM logger.FileLogger write
INFO: >>> suspendAccount >>> A player account with "Varun123" username is suspended

Jul 08, 2020 4:36:40 PM logger.FileLogger write
INFO: >>> suspendAccount

Jul 08, 2020 4:36:40 PM logger.FileLogger write
INFO: >>> suspendAccount >>> Admin Username >>> Admin

Jul 08, 2020 4:36:40 PM logger.FileLogger write
INFO: >>> suspendAccount >>> Admin Password >>> Admin

Jul 08, 2020 4:36:40 PM logger.FileLogger write
INFO: >>> suspendAccount >>> Admin IPAddress >>> 182.46.2.4

Jul 08, 2020 4:36:40 PM logger.FileLogger write
INFO: >>> suspendAccount >>> Username To Suspend >>> Kevin123

Jul 08, 2020 4:36:40 PM logger.FileLogger write
INFO: >>> suspendAccount >>> A player account with "Kevin123" username is suspended

Jul 08, 2020 4:36:51 PM logger.FileLogger write
INFO: >>> getPlayerStatus

Jul 08, 2020 4:36:51 PM logger.FileLogger write
INFO: >>> getPlayerStatus >>> username >>> Admin

Jul 08, 2020 4:36:51 PM logger.FileLogger write
INFO: >>> getPlayerStatus >>> password >>> Admin

Jul 08, 2020 4:36:51 PM logger.FileLogger write
INFO: >>> getPlayerStatus >>> ipadddress >>> 182.4.23.2

Jul 08, 2020 4:36:51 PM logger.FileLogger write
INFO: >>> getPlayerStatus >>> getOwnStatus

Jul 08, 2020 4:36:51 PM logger.FileLogger write
INFO: >>> getPlayerStatus >>> getOwnStatus >>> AS: 0 online, 3 offline

Jul 08, 2020 4:36:51 PM logger.FileLogger write
INFO: >>> getPlayerStatus >>> Sending response to Admin >>> AS: 0 online, 3 offline, EU: 0 online, 5 offline, NA: 0 online, 5 offline.

Jul 08, 2020 5:28:52 PM logger.FileLogger write
INFO: >>> createPlayerAccount

Jul 08, 2020 5:28:52 PM logger.FileLogger write
INFO: >>> createPlayerAccount >>> username >>> Bruce123

Jul 08, 2020 5:28:52 PM logger.FileLogger write
INFO: >>> createPlayerAccount >>> firstname >>> Bruce

Jul 08, 2020 5:28:52 PM logger.FileLogger write
INFO: >>> createPlayerAccount >>> lastname >>> Nguyen

Jul 08, 2020 5:28:52 PM logger.FileLogger write
INFO: >>> createPlayerAccount >>> password >>> Bruce123

Jul 08, 2020 5:28:52 PM logger.FileLogger write
INFO: >>> createPlayerAccount >>> age >>> 19

Jul 08, 2020 5:28:52 PM logger.FileLogger write
INFO: >>> createPlayerAccount >>> ipadddress >>> 182.34.2.1

Jul 08, 2020 5:28:52 PM logger.FileLogger write
INFO: >>> createPlayerAccount >>> User information stored

Jul 08, 2020 5:28:52 PM logger.FileLogger write
INFO: >>> createPlayerAccount

Jul 08, 2020 5:28:52 PM logger.FileLogger write
INFO: >>> createPlayerAccount >>> username >>> Charles123

Jul 08, 2020 5:28:52 PM logger.FileLogger write
INFO: >>> createPlayerAccount >>> firstname >>> Charles

Jul 08, 2020 5:28:52 PM logger.FileLogger write
INFO: >>> createPlayerAccount >>> lastname >>> Lee

Jul 08, 2020 5:28:52 PM logger.FileLogger write
INFO: >>> createPlayerAccount >>> password >>> Charles123

Jul 08, 2020 5:28:52 PM logger.FileLogger write
INFO: >>> createPlayerAccount >>> age >>> 15

Jul 08, 2020 5:28:52 PM logger.FileLogger write
INFO: >>> createPlayerAccount >>> ipadddress >>> 182.34.2.2

Jul 08, 2020 5:28:52 PM logger.FileLogger write
INFO: >>> createPlayerAccount >>> User information stored

Jul 08, 2020 5:28:52 PM logger.FileLogger write
INFO: >>> createPlayerAccount

Jul 08, 2020 5:28:52 PM logger.FileLogger write
INFO: >>> createPlayerAccount >>> username >>> Adak123

Jul 08, 2020 5:28:52 PM logger.FileLogger write
INFO: >>> createPlayerAccount >>> firstname >>> Ada

Jul 08, 2020 5:28:52 PM logger.FileLogger write
INFO: >>> createPlayerAccount >>> lastname >>> Kim

Jul 08, 2020 5:28:52 PM logger.FileLogger write
INFO: >>> createPlayerAccount >>> password >>> Adak123

Jul 08, 2020 5:28:52 PM logger.FileLogger write
INFO: >>> createPlayerAccount >>> age >>> 18

Jul 08, 2020 5:28:52 PM logger.FileLogger write
INFO: >>> createPlayerAccount >>> ipadddress >>> 182.34.2.3

Jul 08, 2020 5:28:52 PM logger.FileLogger write
INFO: >>> createPlayerAccount >>> User information stored

Jul 08, 2020 5:28:52 PM logger.FileLogger write
INFO: >>> createPlayerAccount

Jul 08, 2020 5:28:52 PM logger.FileLogger write
INFO: >>> createPlayerAccount >>> username >>> Varun123

Jul 08, 2020 5:28:52 PM logger.FileLogger write
INFO: >>> createPlayerAccount >>> firstname >>> Varun

Jul 08, 2020 5:28:52 PM logger.FileLogger write
INFO: >>> createPlayerAccount >>> lastname >>> Patel

Jul 08, 2020 5:28:52 PM logger.FileLogger write
INFO: >>> createPlayerAccount >>> password >>> Varun123

Jul 08, 2020 5:28:52 PM logger.FileLogger write
INFO: >>> createPlayerAccount >>> age >>> 20

Jul 08, 2020 5:28:52 PM logger.FileLogger write
INFO: >>> createPlayerAccount >>> ipadddress >>> 182.34.2.4

Jul 08, 2020 5:28:52 PM logger.FileLogger write
INFO: >>> createPlayerAccount >>> User information stored

Jul 08, 2020 5:28:52 PM logger.FileLogger write
INFO: >>> createPlayerAccount

Jul 08, 2020 5:28:52 PM logger.FileLogger write
INFO: >>> createPlayerAccount >>> username >>> Kevin123

Jul 08, 2020 5:28:52 PM logger.FileLogger write
INFO: >>> createPlayerAccount >>> firstname >>> Kevin

Jul 08, 2020 5:28:52 PM logger.FileLogger write
INFO: >>> createPlayerAccount >>> lastname >>> Tran

Jul 08, 2020 5:28:52 PM logger.FileLogger write
INFO: >>> createPlayerAccount >>> password >>> Kevin123

Jul 08, 2020 5:28:52 PM logger.FileLogger write
INFO: >>> createPlayerAccount >>> age >>> 23

Jul 08, 2020 5:28:52 PM logger.FileLogger write
INFO: >>> createPlayerAccount >>> ipadddress >>> 182.34.2.5

Jul 08, 2020 5:28:52 PM logger.FileLogger write
INFO: >>> createPlayerAccount >>> User information stored

Jul 08, 2020 6:01:35 PM logger.FileLogger write
INFO: >>> Recived UDP request

Jul 08, 2020 6:01:35 PM logger.FileLogger write
INFO: >>> createPlayerAccount

Jul 08, 2020 6:01:35 PM logger.FileLogger write
INFO: >>> createPlayerAccount >>> username >>> Vasu1997

Jul 08, 2020 6:01:35 PM logger.FileLogger write
INFO: >>> createPlayerAccount >>> firstname >>> Vasu

Jul 08, 2020 6:01:35 PM logger.FileLogger write
INFO: >>> createPlayerAccount >>> lastname >>> Ratanpara

Jul 08, 2020 6:01:35 PM logger.FileLogger write
INFO: >>> createPlayerAccount >>> password >>> Vasu1997

Jul 08, 2020 6:01:35 PM logger.FileLogger write
INFO: >>> createPlayerAccount >>> age >>> 23

Jul 08, 2020 6:01:35 PM logger.FileLogger write
INFO: >>> createPlayerAccount >>> ipadddress >>> 182.54.7.2

Jul 08, 2020 6:01:35 PM logger.FileLogger write
INFO: >>> createPlayerAccount >>> User information stored

Jul 08, 2020 6:01:35 PM logger.FileLogger write
INFO: >>> transferAccountStatus >>> true

Jul 08, 2020 6:01:35 PM logger.FileLogger write
INFO: >>> Sending response of UDP request

Jul 08, 2020 6:12:08 PM logger.FileLogger write
INFO: >>> getPlayerStatus

Jul 08, 2020 6:12:08 PM logger.FileLogger write
INFO: >>> getPlayerStatus >>> username >>> Admin

Jul 08, 2020 6:12:08 PM logger.FileLogger write
INFO: >>> getPlayerStatus >>> password >>> Admin

Jul 08, 2020 6:12:08 PM logger.FileLogger write
INFO: >>> getPlayerStatus >>> ipadddress >>> 182.56.3.2

Jul 08, 2020 6:12:08 PM logger.FileLogger write
INFO: >>> getPlayerStatus >>> getOwnStatus

Jul 08, 2020 6:12:08 PM logger.FileLogger write
INFO: >>> getPlayerStatus >>> getOwnStatus >>> AS: 0 online, 6 offline

Jul 08, 2020 6:12:08 PM logger.FileLogger write
INFO: >>> getPlayerStatus >>> Sending response to Admin >>> AS: 0 online, 6 offline, EU: 0 online, 5 offline, NA: 0 online, 5 offline.

Jul 08, 2020 6:15:30 PM logger.FileLogger write
INFO: >>> suspendAccount

Jul 08, 2020 6:15:30 PM logger.FileLogger write
INFO: >>> suspendAccount >>> Admin Username >>> Admin

Jul 08, 2020 6:15:30 PM logger.FileLogger write
INFO: >>> suspendAccount >>> Admin Password >>> Admin

Jul 08, 2020 6:15:30 PM logger.FileLogger write
INFO: >>> suspendAccount >>> Admin IPAddress >>> 182.5.3.3

Jul 08, 2020 6:15:30 PM logger.FileLogger write
INFO: >>> suspendAccount >>> Username To Suspend >>> Vasu1997

Jul 08, 2020 6:15:30 PM logger.FileLogger write
INFO: >>> suspendAccount >>> A player account with "Vasu1997" username is suspended

Jul 08, 2020 6:20:23 PM logger.FileLogger write
INFO: >>> suspendAccount

Jul 08, 2020 6:20:23 PM logger.FileLogger write
INFO: >>> suspendAccount >>> Admin Username >>> Admin

Jul 08, 2020 6:20:23 PM logger.FileLogger write
INFO: >>> suspendAccount >>> Admin Password >>> Admin

Jul 08, 2020 6:20:23 PM logger.FileLogger write
INFO: >>> suspendAccount >>> Admin IPAddress >>> 182.34.5.2

Jul 08, 2020 6:20:23 PM logger.FileLogger write
INFO: >>> suspendAccount >>> Username To Suspend >>> Varun123

Jul 08, 2020 6:20:23 PM logger.FileLogger write
INFO: >>> suspendAccount >>> A player account with "Varun123" username is suspended

Jul 08, 2020 6:20:24 PM logger.FileLogger write
INFO: >>> transferAccount

Jul 08, 2020 6:20:24 PM logger.FileLogger write
INFO: >>> transferAccount >>> username >>> Varun123

Jul 08, 2020 6:20:24 PM logger.FileLogger write
INFO: >>> transferAccount >>> password >>> Varun123

Jul 08, 2020 6:20:24 PM logger.FileLogger write
INFO: >>> transferAccount >>> ipadddress >>> 182.34.5.2

Jul 08, 2020 6:20:24 PM logger.FileLogger write
INFO: >>> transferAccount >>> NewIPAdddress >>> 132.45.3.2

Jul 08, 2020 6:20:24 PM logger.FileLogger write
INFO: >>> transferAccount >>> A player doesn't exixts with Varun123 username

Jul 08, 2020 6:20:24 PM logger.FileLogger write
INFO: >>> getPlayerStatus

Jul 08, 2020 6:20:24 PM logger.FileLogger write
INFO: >>> getPlayerStatus >>> username >>> Admin

Jul 08, 2020 6:20:24 PM logger.FileLogger write
INFO: >>> getPlayerStatus >>> password >>> Admin

Jul 08, 2020 6:20:24 PM logger.FileLogger write
INFO: >>> getPlayerStatus >>> ipadddress >>> 182.34.5.2

Jul 08, 2020 6:20:24 PM logger.FileLogger write
INFO: >>> getPlayerStatus >>> getOwnStatus

Jul 08, 2020 6:20:24 PM logger.FileLogger write
INFO: >>> getPlayerStatus >>> getOwnStatus >>> AS: 0 online, 4 offline

Jul 08, 2020 6:20:24 PM logger.FileLogger write
INFO: >>> getPlayerStatus >>> Sending response to Admin >>> AS: 0 online, 4 offline, EU: 0 online, 5 offline, NA: 0 online, 5 offline.

Jul 08, 2020 6:22:05 PM logger.FileLogger write
INFO: >>> transferAccount

Jul 08, 2020 6:22:05 PM logger.FileLogger write
INFO: >>> transferAccount >>> username >>> Kevin123

Jul 08, 2020 6:22:05 PM logger.FileLogger write
INFO: >>> transferAccount >>> password >>> Kevin123

Jul 08, 2020 6:22:05 PM logger.FileLogger write
INFO: >>> transferAccount >>> ipadddress >>> 182.45.3.6

Jul 08, 2020 6:22:05 PM logger.FileLogger write
INFO: >>> transferAccount >>> NewIPAdddress >>> 132.5.4.7

Jul 08, 2020 6:22:05 PM logger.FileLogger write
INFO: >>> transferAccount >>> New IPAdddress is North American Server IP

Jul 08, 2020 6:22:06 PM logger.FileLogger write
INFO: >>> transferAccount >>> Account is succesfully transfered

Jul 08, 2020 6:22:06 PM logger.FileLogger write
INFO: >>> suspendAccount

Jul 08, 2020 6:22:06 PM logger.FileLogger write
INFO: >>> suspendAccount >>> Admin Username >>> Admin

Jul 08, 2020 6:22:06 PM logger.FileLogger write
INFO: >>> suspendAccount >>> Admin Password >>> Admin

Jul 08, 2020 6:22:06 PM logger.FileLogger write
INFO: >>> suspendAccount >>> Admin IPAddress >>> 182.45.3.6

Jul 08, 2020 6:22:06 PM logger.FileLogger write
INFO: >>> suspendAccount >>> Username To Suspend >>> Kevin123

Jul 08, 2020 6:22:06 PM logger.FileLogger write
INFO: >>> suspendAccount >>> A player doesn't exixts with Kevin123 username

Jul 08, 2020 6:22:06 PM logger.FileLogger write
INFO: >>> getPlayerStatus

Jul 08, 2020 6:22:06 PM logger.FileLogger write
INFO: >>> getPlayerStatus >>> username >>> Admin

Jul 08, 2020 6:22:06 PM logger.FileLogger write
INFO: >>> getPlayerStatus >>> password >>> Admin

Jul 08, 2020 6:22:06 PM logger.FileLogger write
INFO: >>> getPlayerStatus >>> ipadddress >>> 182.45.3.6

Jul 08, 2020 6:22:06 PM logger.FileLogger write
INFO: >>> getPlayerStatus >>> getOwnStatus

Jul 08, 2020 6:22:06 PM logger.FileLogger write
INFO: >>> getPlayerStatus >>> getOwnStatus >>> AS: 0 online, 3 offline

Jul 08, 2020 6:22:06 PM logger.FileLogger write
INFO: >>> getPlayerStatus >>> Sending response to Admin >>> AS: 0 online, 3 offline, EU: 0 online, 5 offline, NA: 0 online, 6 offline.

Jul 08, 2020 6:45:20 PM logger.FileLogger write
INFO: >>> Recived UDP request

Jul 08, 2020 6:45:20 PM logger.FileLogger write
INFO: >>> getOwnStatus >>> AS: 0 online, 3 offline

Jul 08, 2020 6:45:20 PM logger.FileLogger write
INFO: >>> Sending response of UDP request

Jul 08, 2020 6:48:07 PM logger.FileLogger write
INFO: >>> createPlayerAccount

Jul 08, 2020 6:48:07 PM logger.FileLogger write
INFO: >>> createPlayerAccount >>> username >>> Bruce123

Jul 08, 2020 6:48:07 PM logger.FileLogger write
INFO: >>> createPlayerAccount >>> firstname >>> Bruce

Jul 08, 2020 6:48:07 PM logger.FileLogger write
INFO: >>> createPlayerAccount >>> lastname >>> Nguyen

Jul 08, 2020 6:48:07 PM logger.FileLogger write
INFO: >>> createPlayerAccount >>> password >>> Bruce123

Jul 08, 2020 6:48:07 PM logger.FileLogger write
INFO: >>> createPlayerAccount >>> age >>> 19

Jul 08, 2020 6:48:07 PM logger.FileLogger write
INFO: >>> createPlayerAccount >>> ipadddress >>> 182.34.2.1

Jul 08, 2020 6:48:07 PM logger.FileLogger write
INFO: >>> createPlayerAccount >>> User information stored

Jul 08, 2020 6:48:07 PM logger.FileLogger write
INFO: >>> createPlayerAccount

Jul 08, 2020 6:48:07 PM logger.FileLogger write
INFO: >>> createPlayerAccount >>> username >>> Charles123

Jul 08, 2020 6:48:07 PM logger.FileLogger write
INFO: >>> createPlayerAccount >>> firstname >>> Charles

Jul 08, 2020 6:48:07 PM logger.FileLogger write
INFO: >>> createPlayerAccount >>> lastname >>> Lee

Jul 08, 2020 6:48:07 PM logger.FileLogger write
INFO: >>> createPlayerAccount >>> password >>> Charles123

Jul 08, 2020 6:48:07 PM logger.FileLogger write
INFO: >>> createPlayerAccount >>> age >>> 15

Jul 08, 2020 6:48:07 PM logger.FileLogger write
INFO: >>> createPlayerAccount >>> ipadddress >>> 182.34.2.2

Jul 08, 2020 6:48:07 PM logger.FileLogger write
INFO: >>> createPlayerAccount >>> User information stored

Jul 08, 2020 6:48:07 PM logger.FileLogger write
INFO: >>> createPlayerAccount

Jul 08, 2020 6:48:07 PM logger.FileLogger write
INFO: >>> createPlayerAccount >>> username >>> Adak123

Jul 08, 2020 6:48:07 PM logger.FileLogger write
INFO: >>> createPlayerAccount >>> firstname >>> Ada

Jul 08, 2020 6:48:07 PM logger.FileLogger write
INFO: >>> createPlayerAccount >>> lastname >>> Kim

Jul 08, 2020 6:48:07 PM logger.FileLogger write
INFO: >>> createPlayerAccount >>> password >>> Adak123

Jul 08, 2020 6:48:07 PM logger.FileLogger write
INFO: >>> createPlayerAccount >>> age >>> 18

Jul 08, 2020 6:48:07 PM logger.FileLogger write
INFO: >>> createPlayerAccount >>> ipadddress >>> 182.34.2.3

Jul 08, 2020 6:48:07 PM logger.FileLogger write
INFO: >>> createPlayerAccount >>> User information stored

Jul 08, 2020 6:48:07 PM logger.FileLogger write
INFO: >>> createPlayerAccount

Jul 08, 2020 6:48:07 PM logger.FileLogger write
INFO: >>> createPlayerAccount >>> username >>> Varun123

Jul 08, 2020 6:48:07 PM logger.FileLogger write
INFO: >>> createPlayerAccount >>> firstname >>> Varun

Jul 08, 2020 6:48:07 PM logger.FileLogger write
INFO: >>> createPlayerAccount >>> lastname >>> Patel

Jul 08, 2020 6:48:07 PM logger.FileLogger write
INFO: >>> createPlayerAccount >>> password >>> Varun123

Jul 08, 2020 6:48:07 PM logger.FileLogger write
INFO: >>> createPlayerAccount >>> age >>> 20

Jul 08, 2020 6:48:07 PM logger.FileLogger write
INFO: >>> createPlayerAccount >>> ipadddress >>> 182.34.2.4

Jul 08, 2020 6:48:07 PM logger.FileLogger write
INFO: >>> createPlayerAccount >>> User information stored

Jul 08, 2020 6:48:07 PM logger.FileLogger write
INFO: >>> createPlayerAccount

Jul 08, 2020 6:48:07 PM logger.FileLogger write
INFO: >>> createPlayerAccount >>> username >>> Kevin123

Jul 08, 2020 6:48:07 PM logger.FileLogger write
INFO: >>> createPlayerAccount >>> firstname >>> Kevin

Jul 08, 2020 6:48:07 PM logger.FileLogger write
INFO: >>> createPlayerAccount >>> lastname >>> Tran

Jul 08, 2020 6:48:07 PM logger.FileLogger write
INFO: >>> createPlayerAccount >>> password >>> Kevin123

Jul 08, 2020 6:48:08 PM logger.FileLogger write
INFO: >>> createPlayerAccount >>> age >>> 23

Jul 08, 2020 6:48:08 PM logger.FileLogger write
INFO: >>> createPlayerAccount >>> ipadddress >>> 182.34.2.5

Jul 08, 2020 6:48:08 PM logger.FileLogger write
INFO: >>> createPlayerAccount >>> User information stored

Jul 08, 2020 6:48:48 PM logger.FileLogger write
INFO: >>> suspendAccount

Jul 08, 2020 6:48:48 PM logger.FileLogger write
INFO: >>> transferAccount

Jul 08, 2020 6:48:48 PM logger.FileLogger write
INFO: >>> suspendAccount >>> Admin Username >>> Admin

Jul 08, 2020 6:48:48 PM logger.FileLogger write
INFO: >>> transferAccount >>> username >>> Varun123

Jul 08, 2020 6:48:48 PM logger.FileLogger write
INFO: >>> suspendAccount >>> Admin Password >>> Admin

Jul 08, 2020 6:48:48 PM logger.FileLogger write
INFO: >>> transferAccount >>> password >>> Varun123

Jul 08, 2020 6:48:48 PM logger.FileLogger write
INFO: >>> suspendAccount >>> Admin IPAddress >>> 182.54.4.23

Jul 08, 2020 6:48:48 PM logger.FileLogger write
INFO: >>> transferAccount >>> ipadddress >>> 182.54.4.23

Jul 08, 2020 6:48:48 PM logger.FileLogger write
INFO: >>> suspendAccount >>> Username To Suspend >>> Varun123

Jul 08, 2020 6:48:48 PM logger.FileLogger write
INFO: >>> suspendAccount

Jul 08, 2020 6:48:48 PM logger.FileLogger write
INFO: >>> transferAccount >>> NewIPAdddress >>> 93.5.6.3

Jul 08, 2020 6:48:48 PM logger.FileLogger write
INFO: >>> suspendAccount >>> Admin Username >>> Admin

Jul 08, 2020 6:48:48 PM logger.FileLogger write
INFO: >>> transferAccount >>> New IPAdddress is European Server IP

Jul 08, 2020 6:48:48 PM logger.FileLogger write
INFO: >>> suspendAccount >>> Admin Password >>> Admin

Jul 08, 2020 6:48:48 PM logger.FileLogger write
INFO: >>> suspendAccount >>> Admin IPAddress >>> 182.54.4.23

Jul 08, 2020 6:48:48 PM logger.FileLogger write
INFO: >>> suspendAccount >>> Username To Suspend >>> Varun123

Jul 08, 2020 6:48:48 PM logger.FileLogger write
INFO: >>> suspendAccount >>> A player account with "Varun123" username is suspended

Jul 08, 2020 6:48:48 PM logger.FileLogger write
INFO: >>> suspendAccount >>> A player account with "Varun123" username is suspended

Jul 08, 2020 6:48:48 PM logger.FileLogger write
INFO: >>> transferAccount >>> Something went wrong during account transfer rollback started...
Rollback successfully finshed...

Jul 08, 2020 6:48:48 PM logger.FileLogger write
INFO: >>> getPlayerStatus

Jul 08, 2020 6:48:48 PM logger.FileLogger write
INFO: >>> getPlayerStatus >>> username >>> Admin

Jul 08, 2020 6:48:48 PM logger.FileLogger write
INFO: >>> getPlayerStatus >>> password >>> Admin

Jul 08, 2020 6:48:48 PM logger.FileLogger write
INFO: >>> getPlayerStatus >>> ipadddress >>> 182.54.4.23

Jul 08, 2020 6:48:48 PM logger.FileLogger write
INFO: >>> getPlayerStatus

Jul 08, 2020 6:48:48 PM logger.FileLogger write
INFO: >>> getPlayerStatus >>> username >>> Admin

Jul 08, 2020 6:48:48 PM logger.FileLogger write
INFO: >>> getPlayerStatus >>> password >>> Admin

Jul 08, 2020 6:48:48 PM logger.FileLogger write
INFO: >>> getPlayerStatus >>> ipadddress >>> 182.54.4.23

Jul 08, 2020 6:48:48 PM logger.FileLogger write
INFO: >>> getPlayerStatus >>> getOwnStatus

Jul 08, 2020 6:48:48 PM logger.FileLogger write
INFO: >>> getPlayerStatus >>> getOwnStatus

Jul 08, 2020 6:48:48 PM logger.FileLogger write
INFO: >>> getPlayerStatus >>> getOwnStatus >>> AS: 0 online, 4 offline

Jul 08, 2020 6:48:48 PM logger.FileLogger write
INFO: >>> getPlayerStatus >>> getOwnStatus >>> AS: 0 online, 4 offline

Jul 08, 2020 6:48:48 PM logger.FileLogger write
INFO: >>> getPlayerStatus >>> Sending response to Admin >>> AS: 0 online, 4 offline, EU: 0 online, 5 offline, NA: 0 online, 5 offline.

Jul 08, 2020 6:48:48 PM logger.FileLogger write
INFO: >>> getPlayerStatus >>> Sending response to Admin >>> AS: 0 online, 4 offline, EU: 0 online, 5 offline, NA: 0 online, 5 offline.

