Jun 12, 2020 9:36:10 PM Logger.FileLogger write
INFO: >>> createPlayerAccount

Jun 12, 2020 9:36:10 PM Logger.FileLogger write
INFO: >>> createPlayerAccount >>> username >>> Varun123

Jun 12, 2020 9:36:10 PM Logger.FileLogger write
INFO: >>> createPlayerAccount >>> firstname >>> Varun

Jun 12, 2020 9:36:10 PM Logger.FileLogger write
INFO: >>> createPlayerAccount >>> lastname >>> Patel

Jun 12, 2020 9:36:10 PM Logger.FileLogger write
INFO: >>> createPlayerAccount >>> password >>> Varun123

Jun 12, 2020 9:36:10 PM Logger.FileLogger write
INFO: >>> createPlayerAccount >>> age >>> 20

Jun 12, 2020 9:36:10 PM Logger.FileLogger write
INFO: >>> createPlayerAccount >>> ipadddress >>> 93.1.1.1

Jun 12, 2020 9:36:10 PM Logger.FileLogger write
INFO: >>> createPlayerAccount >>> User information stored

Jun 12, 2020 10:01:26 PM Logger.FileLogger write
INFO: >>> createPlayerAccount

Jun 12, 2020 10:01:26 PM Logger.FileLogger write
INFO: >>> createPlayerAccount >>> username >>> Varun123

Jun 12, 2020 10:01:26 PM Logger.FileLogger write
INFO: >>> createPlayerAccount >>> firstname >>> Varun

Jun 12, 2020 10:01:26 PM Logger.FileLogger write
INFO: >>> createPlayerAccount >>> lastname >>> Patel

Jun 12, 2020 10:01:26 PM Logger.FileLogger write
INFO: >>> createPlayerAccount >>> password >>> Varun123

Jun 12, 2020 10:01:26 PM Logger.FileLogger write
INFO: >>> createPlayerAccount >>> age >>> 20

Jun 12, 2020 10:01:26 PM Logger.FileLogger write
INFO: >>> createPlayerAccount >>> ipadddress >>> 93.1.1.1

Jun 12, 2020 10:01:26 PM Logger.FileLogger write
INFO: >>> createPlayerAccount >>> User information stored

Jun 12, 2020 10:01:42 PM Logger.FileLogger write
INFO: >>> playerSignIn >>> Varun123 signed in successfully...

Jun 12, 2020 10:13:17 PM Logger.FileLogger write
INFO: >>> createPlayerAccount

Jun 12, 2020 10:13:17 PM Logger.FileLogger write
INFO: >>> createPlayerAccount >>> username >>> Varun123

Jun 12, 2020 10:13:17 PM Logger.FileLogger write
INFO: >>> createPlayerAccount >>> firstname >>> Varun

Jun 12, 2020 10:13:17 PM Logger.FileLogger write
INFO: >>> createPlayerAccount >>> lastname >>> Patel

Jun 12, 2020 10:13:17 PM Logger.FileLogger write
INFO: >>> createPlayerAccount >>> password >>> Varun123

Jun 12, 2020 10:13:17 PM Logger.FileLogger write
INFO: >>> createPlayerAccount >>> age >>> 20

Jun 12, 2020 10:13:17 PM Logger.FileLogger write
INFO: >>> createPlayerAccount >>> ipadddress >>> 93.1.1.1

Jun 12, 2020 10:13:17 PM Logger.FileLogger write
INFO: >>> createPlayerAccount >>> User information stored

Jun 25, 2020 9:31:29 AM Logger.FileLogger write
INFO: >>> createPlayerAccount

Jun 25, 2020 9:31:29 AM Logger.FileLogger write
INFO: >>> createPlayerAccount >>> username >>> Varun123

Jun 25, 2020 9:31:29 AM Logger.FileLogger write
INFO: >>> createPlayerAccount >>> firstname >>> Varun

Jun 25, 2020 9:31:29 AM Logger.FileLogger write
INFO: >>> createPlayerAccount >>> lastname >>> Patel

Jun 25, 2020 9:31:29 AM Logger.FileLogger write
INFO: >>> createPlayerAccount >>> password >>> Varun123

Jun 25, 2020 9:31:29 AM Logger.FileLogger write
INFO: >>> createPlayerAccount >>> age >>> 20

Jun 25, 2020 9:31:29 AM Logger.FileLogger write
INFO: >>> createPlayerAccount >>> ipadddress >>> 93.1.1.1

Jun 25, 2020 9:31:29 AM Logger.FileLogger write
INFO: >>> createPlayerAccount >>> User information stored

Jun 25, 2020 9:42:10 AM Logger.FileLogger write
INFO: >>> createPlayerAccount

Jun 25, 2020 9:42:10 AM Logger.FileLogger write
INFO: >>> createPlayerAccount >>> username >>> Varun123

Jun 25, 2020 9:42:10 AM Logger.FileLogger write
INFO: >>> createPlayerAccount >>> firstname >>> Varun

Jun 25, 2020 9:42:10 AM Logger.FileLogger write
INFO: >>> createPlayerAccount >>> lastname >>> Patel

Jun 25, 2020 9:42:10 AM Logger.FileLogger write
INFO: >>> createPlayerAccount >>> password >>> Varun123

Jun 25, 2020 9:42:10 AM Logger.FileLogger write
INFO: >>> createPlayerAccount >>> age >>> 20

Jun 25, 2020 9:42:10 AM Logger.FileLogger write
INFO: >>> createPlayerAccount >>> ipadddress >>> 93.1.1.1

Jun 25, 2020 9:42:10 AM Logger.FileLogger write
INFO: >>> createPlayerAccount >>> User information stored

Jun 25, 2020 11:50:47 AM Logger.FileLogger write
INFO: >>> createPlayerAccount

Jun 25, 2020 11:50:47 AM Logger.FileLogger write
INFO: >>> createPlayerAccount >>> username >>> Varun123

Jun 25, 2020 11:50:47 AM Logger.FileLogger write
INFO: >>> createPlayerAccount >>> firstname >>> Varun

Jun 25, 2020 11:50:47 AM Logger.FileLogger write
INFO: >>> createPlayerAccount >>> lastname >>> Patel

Jun 25, 2020 11:50:47 AM Logger.FileLogger write
INFO: >>> createPlayerAccount >>> password >>> Varun123

Jun 25, 2020 11:50:47 AM Logger.FileLogger write
INFO: >>> createPlayerAccount >>> age >>> 20

Jun 25, 2020 11:50:47 AM Logger.FileLogger write
INFO: >>> createPlayerAccount >>> ipadddress >>> 93.1.1.1

Jun 25, 2020 11:50:47 AM Logger.FileLogger write
INFO: >>> createPlayerAccount >>> User information stored

Jun 25, 2020 12:20:55 PM Logger.FileLogger write
INFO: >>> createPlayerAccount

Jun 25, 2020 12:20:55 PM Logger.FileLogger write
INFO: >>> createPlayerAccount >>> username >>> Varun123

Jun 25, 2020 12:20:55 PM Logger.FileLogger write
INFO: >>> createPlayerAccount >>> firstname >>> Varun

Jun 25, 2020 12:20:55 PM Logger.FileLogger write
INFO: >>> createPlayerAccount >>> lastname >>> Patel

Jun 25, 2020 12:20:55 PM Logger.FileLogger write
INFO: >>> createPlayerAccount >>> password >>> Varun123

Jun 25, 2020 12:20:55 PM Logger.FileLogger write
INFO: >>> createPlayerAccount >>> age >>> 20

Jun 25, 2020 12:20:55 PM Logger.FileLogger write
INFO: >>> createPlayerAccount >>> ipadddress >>> 93.1.1.1

Jun 25, 2020 12:20:55 PM Logger.FileLogger write
INFO: >>> createPlayerAccount >>> User information stored

Jun 25, 2020 1:39:46 PM Logger.FileLogger write
INFO: >>> createPlayerAccount

Jun 25, 2020 1:39:46 PM Logger.FileLogger write
INFO: >>> createPlayerAccount >>> username >>> Varun123

Jun 25, 2020 1:39:46 PM Logger.FileLogger write
INFO: >>> createPlayerAccount >>> firstname >>> Varun

Jun 25, 2020 1:39:46 PM Logger.FileLogger write
INFO: >>> createPlayerAccount >>> lastname >>> Patel

Jun 25, 2020 1:39:46 PM Logger.FileLogger write
INFO: >>> createPlayerAccount >>> password >>> Varun123

Jun 25, 2020 1:39:46 PM Logger.FileLogger write
INFO: >>> createPlayerAccount >>> age >>> 20

Jun 25, 2020 1:39:46 PM Logger.FileLogger write
INFO: >>> createPlayerAccount >>> ipadddress >>> 93.1.1.1

Jun 25, 2020 1:39:46 PM Logger.FileLogger write
INFO: >>> createPlayerAccount >>> User information stored

Jun 25, 2020 1:40:40 PM Logger.FileLogger write
INFO: >>> playerSignIn >>> Varun123 signed in successfully...

Jun 25, 2020 3:42:31 PM Logger.FileLogger write
INFO: >>> createPlayerAccount

Jun 25, 2020 3:42:31 PM Logger.FileLogger write
INFO: >>> createPlayerAccount >>> username >>> Varun123

Jun 25, 2020 3:42:31 PM Logger.FileLogger write
INFO: >>> createPlayerAccount >>> firstname >>> Varun

Jun 25, 2020 3:42:31 PM Logger.FileLogger write
INFO: >>> createPlayerAccount >>> lastname >>> Patel

Jun 25, 2020 3:42:31 PM Logger.FileLogger write
INFO: >>> createPlayerAccount >>> password >>> Varun123

Jun 25, 2020 3:42:31 PM Logger.FileLogger write
INFO: >>> createPlayerAccount >>> age >>> 20

Jun 25, 2020 3:42:31 PM Logger.FileLogger write
INFO: >>> createPlayerAccount >>> ipadddress >>> 93.1.1.1

Jun 25, 2020 3:42:31 PM Logger.FileLogger write
INFO: >>> createPlayerAccount >>> User information stored

Jun 26, 2020 5:23:27 PM Logger.FileLogger write
INFO: >>> createPlayerAccount

Jun 26, 2020 5:23:27 PM Logger.FileLogger write
INFO: >>> createPlayerAccount >>> username >>> Varun123

Jun 26, 2020 5:23:27 PM Logger.FileLogger write
INFO: >>> createPlayerAccount >>> firstname >>> Varun

Jun 26, 2020 5:23:27 PM Logger.FileLogger write
INFO: >>> createPlayerAccount >>> lastname >>> Patel

Jun 26, 2020 5:23:27 PM Logger.FileLogger write
INFO: >>> createPlayerAccount >>> password >>> Varun123

Jun 26, 2020 5:23:27 PM Logger.FileLogger write
INFO: >>> createPlayerAccount >>> age >>> 20

Jun 26, 2020 5:23:27 PM Logger.FileLogger write
INFO: >>> createPlayerAccount >>> ipadddress >>> 93.1.1.1

Jun 26, 2020 5:23:27 PM Logger.FileLogger write
INFO: >>> createPlayerAccount >>> User information stored

Jun 26, 2020 5:35:16 PM Logger.FileLogger write
INFO: >>> createPlayerAccount

Jun 26, 2020 5:35:16 PM Logger.FileLogger write
INFO: >>> createPlayerAccount >>> username >>> Varun123

Jun 26, 2020 5:35:16 PM Logger.FileLogger write
INFO: >>> createPlayerAccount >>> firstname >>> Varun

Jun 26, 2020 5:35:16 PM Logger.FileLogger write
INFO: >>> createPlayerAccount >>> lastname >>> Patel

Jun 26, 2020 5:35:16 PM Logger.FileLogger write
INFO: >>> createPlayerAccount >>> password >>> Varun123

Jun 26, 2020 5:35:16 PM Logger.FileLogger write
INFO: >>> createPlayerAccount >>> age >>> 20

Jun 26, 2020 5:35:16 PM Logger.FileLogger write
INFO: >>> createPlayerAccount >>> ipadddress >>> 93.1.1.1

Jun 26, 2020 5:35:16 PM Logger.FileLogger write
INFO: >>> createPlayerAccount >>> User information stored

Jun 26, 2020 5:47:40 PM Logger.FileLogger write
INFO: >>> createPlayerAccount

Jun 26, 2020 5:47:40 PM Logger.FileLogger write
INFO: >>> createPlayerAccount >>> username >>> Varun123

Jun 26, 2020 5:47:40 PM Logger.FileLogger write
INFO: >>> createPlayerAccount >>> firstname >>> Varun

Jun 26, 2020 5:47:40 PM Logger.FileLogger write
INFO: >>> createPlayerAccount >>> lastname >>> Patel

Jun 26, 2020 5:47:40 PM Logger.FileLogger write
INFO: >>> createPlayerAccount >>> password >>> Varun123

Jun 26, 2020 5:47:40 PM Logger.FileLogger write
INFO: >>> createPlayerAccount >>> age >>> 20

Jun 26, 2020 5:47:40 PM Logger.FileLogger write
INFO: >>> createPlayerAccount >>> ipadddress >>> 93.1.1.1

Jun 26, 2020 5:47:40 PM Logger.FileLogger write
INFO: >>> createPlayerAccount >>> User information stored

Jun 26, 2020 5:51:50 PM Logger.FileLogger write
INFO: >>> createPlayerAccount

Jun 26, 2020 5:51:50 PM Logger.FileLogger write
INFO: >>> createPlayerAccount >>> username >>> Varun123

Jun 26, 2020 5:51:50 PM Logger.FileLogger write
INFO: >>> createPlayerAccount >>> firstname >>> Varun

Jun 26, 2020 5:51:50 PM Logger.FileLogger write
INFO: >>> createPlayerAccount >>> lastname >>> Patel

Jun 26, 2020 5:51:50 PM Logger.FileLogger write
INFO: >>> createPlayerAccount >>> password >>> Varun123

Jun 26, 2020 5:51:50 PM Logger.FileLogger write
INFO: >>> createPlayerAccount >>> age >>> 20

Jun 26, 2020 5:51:50 PM Logger.FileLogger write
INFO: >>> createPlayerAccount >>> ipadddress >>> 93.1.1.1

Jun 26, 2020 5:51:50 PM Logger.FileLogger write
INFO: >>> createPlayerAccount >>> User information stored

Jun 26, 2020 6:05:48 PM Logger.FileLogger write
INFO: >>> createPlayerAccount

Jun 26, 2020 6:05:48 PM Logger.FileLogger write
INFO: >>> createPlayerAccount >>> username >>> Varun123

Jun 26, 2020 6:05:48 PM Logger.FileLogger write
INFO: >>> createPlayerAccount >>> firstname >>> Varun

Jun 26, 2020 6:05:48 PM Logger.FileLogger write
INFO: >>> createPlayerAccount >>> lastname >>> Patel

Jun 26, 2020 6:05:48 PM Logger.FileLogger write
INFO: >>> createPlayerAccount >>> password >>> Varun123

Jun 26, 2020 6:05:48 PM Logger.FileLogger write
INFO: >>> createPlayerAccount >>> age >>> 20

Jun 26, 2020 6:05:48 PM Logger.FileLogger write
INFO: >>> createPlayerAccount >>> ipadddress >>> 93.1.1.1

Jun 26, 2020 6:05:48 PM Logger.FileLogger write
INFO: >>> createPlayerAccount >>> User information stored

Jun 26, 2020 6:14:16 PM Logger.FileLogger write
INFO: >>> createPlayerAccount

Jun 26, 2020 6:14:16 PM Logger.FileLogger write
INFO: >>> createPlayerAccount >>> username >>> Varun123

Jun 26, 2020 6:14:16 PM Logger.FileLogger write
INFO: >>> createPlayerAccount >>> firstname >>> Varun

Jun 26, 2020 6:14:16 PM Logger.FileLogger write
INFO: >>> createPlayerAccount >>> lastname >>> Patel

Jun 26, 2020 6:14:16 PM Logger.FileLogger write
INFO: >>> createPlayerAccount >>> password >>> Varun123

Jun 26, 2020 6:14:16 PM Logger.FileLogger write
INFO: >>> createPlayerAccount >>> age >>> 20

Jun 26, 2020 6:14:16 PM Logger.FileLogger write
INFO: >>> createPlayerAccount >>> ipadddress >>> 93.1.1.1

Jun 26, 2020 6:14:16 PM Logger.FileLogger write
INFO: >>> createPlayerAccount >>> User information stored

Jun 26, 2020 6:19:35 PM Logger.FileLogger write
INFO: >>> createPlayerAccount

Jun 26, 2020 6:19:35 PM Logger.FileLogger write
INFO: >>> createPlayerAccount >>> username >>> Varun123

Jun 26, 2020 6:19:35 PM Logger.FileLogger write
INFO: >>> createPlayerAccount >>> firstname >>> Varun

Jun 26, 2020 6:19:35 PM Logger.FileLogger write
INFO: >>> createPlayerAccount >>> lastname >>> Patel

Jun 26, 2020 6:19:35 PM Logger.FileLogger write
INFO: >>> createPlayerAccount >>> password >>> Varun123

Jun 26, 2020 6:19:35 PM Logger.FileLogger write
INFO: >>> createPlayerAccount >>> age >>> 20

Jun 26, 2020 6:19:35 PM Logger.FileLogger write
INFO: >>> createPlayerAccount >>> ipadddress >>> 93.1.1.1

Jun 26, 2020 6:19:35 PM Logger.FileLogger write
INFO: >>> createPlayerAccount >>> User information stored

Jun 26, 2020 6:41:44 PM Logger.FileLogger write
INFO: >>> createPlayerAccount

Jun 26, 2020 6:41:44 PM Logger.FileLogger write
INFO: >>> createPlayerAccount >>> username >>> Varun123

Jun 26, 2020 6:41:44 PM Logger.FileLogger write
INFO: >>> createPlayerAccount >>> firstname >>> Varun

Jun 26, 2020 6:41:44 PM Logger.FileLogger write
INFO: >>> createPlayerAccount >>> lastname >>> Patel

Jun 26, 2020 6:41:44 PM Logger.FileLogger write
INFO: >>> createPlayerAccount >>> password >>> Varun123

Jun 26, 2020 6:41:44 PM Logger.FileLogger write
INFO: >>> createPlayerAccount >>> age >>> 20

Jun 26, 2020 6:41:44 PM Logger.FileLogger write
INFO: >>> createPlayerAccount >>> ipadddress >>> 93.1.1.1

Jun 26, 2020 6:41:44 PM Logger.FileLogger write
INFO: >>> createPlayerAccount >>> User information stored

Jun 26, 2020 10:42:07 PM Logger.FileLogger write
INFO: >>> createPlayerAccount

Jun 26, 2020 10:42:07 PM Logger.FileLogger write
INFO: >>> createPlayerAccount >>> username >>> Varun123

Jun 26, 2020 10:42:07 PM Logger.FileLogger write
INFO: >>> createPlayerAccount >>> firstname >>> Varun

Jun 26, 2020 10:42:07 PM Logger.FileLogger write
INFO: >>> createPlayerAccount >>> lastname >>> Patel

Jun 26, 2020 10:42:07 PM Logger.FileLogger write
INFO: >>> createPlayerAccount >>> password >>> Varun123

Jun 26, 2020 10:42:07 PM Logger.FileLogger write
INFO: >>> createPlayerAccount >>> age >>> 20

Jun 26, 2020 10:42:07 PM Logger.FileLogger write
INFO: >>> createPlayerAccount >>> ipadddress >>> 93.1.1.1

Jun 26, 2020 10:42:07 PM Logger.FileLogger write
INFO: >>> createPlayerAccount >>> User information stored

Jun 26, 2020 10:57:01 PM Logger.FileLogger write
INFO: >>> createPlayerAccount

Jun 26, 2020 10:57:01 PM Logger.FileLogger write
INFO: >>> createPlayerAccount >>> username >>> Varun123

Jun 26, 2020 10:57:01 PM Logger.FileLogger write
INFO: >>> createPlayerAccount >>> firstname >>> Varun

Jun 26, 2020 10:57:01 PM Logger.FileLogger write
INFO: >>> createPlayerAccount >>> lastname >>> Patel

Jun 26, 2020 10:57:01 PM Logger.FileLogger write
INFO: >>> createPlayerAccount >>> password >>> Varun123

Jun 26, 2020 10:57:01 PM Logger.FileLogger write
INFO: >>> createPlayerAccount >>> age >>> 20

Jun 26, 2020 10:57:01 PM Logger.FileLogger write
INFO: >>> createPlayerAccount >>> ipadddress >>> 93.1.1.1

Jun 26, 2020 10:57:01 PM Logger.FileLogger write
INFO: >>> createPlayerAccount >>> User information stored

Jun 26, 2020 11:57:40 PM Logger.FileLogger write
INFO: >>> createPlayerAccount

Jun 26, 2020 11:57:40 PM Logger.FileLogger write
INFO: >>> createPlayerAccount >>> username >>> Varun123

Jun 26, 2020 11:57:40 PM Logger.FileLogger write
INFO: >>> createPlayerAccount >>> firstname >>> Varun

Jun 26, 2020 11:57:40 PM Logger.FileLogger write
INFO: >>> createPlayerAccount >>> lastname >>> Patel

Jun 26, 2020 11:57:40 PM Logger.FileLogger write
INFO: >>> createPlayerAccount >>> password >>> Varun123

Jun 26, 2020 11:57:40 PM Logger.FileLogger write
INFO: >>> createPlayerAccount >>> age >>> 20

Jun 26, 2020 11:57:40 PM Logger.FileLogger write
INFO: >>> createPlayerAccount >>> ipadddress >>> 93.1.1.1

Jun 26, 2020 11:57:40 PM Logger.FileLogger write
INFO: >>> createPlayerAccount >>> User information stored

Jun 27, 2020 2:15:48 AM Logger.FileLogger write
INFO: >>> createPlayerAccount

Jun 27, 2020 2:15:48 AM Logger.FileLogger write
INFO: >>> createPlayerAccount >>> username >>> Varun123

Jun 27, 2020 2:15:48 AM Logger.FileLogger write
INFO: >>> createPlayerAccount >>> firstname >>> Varun

Jun 27, 2020 2:15:48 AM Logger.FileLogger write
INFO: >>> createPlayerAccount >>> lastname >>> Patel

Jun 27, 2020 2:15:48 AM Logger.FileLogger write
INFO: >>> createPlayerAccount >>> password >>> Varun123

Jun 27, 2020 2:15:48 AM Logger.FileLogger write
INFO: >>> createPlayerAccount >>> age >>> 20

Jun 27, 2020 2:15:48 AM Logger.FileLogger write
INFO: >>> createPlayerAccount >>> ipadddress >>> 93.1.1.1

Jun 27, 2020 2:15:48 AM Logger.FileLogger write
INFO: >>> createPlayerAccount >>> User information stored

Jun 28, 2020 11:42:58 PM Logger.FileLogger write
INFO: >>> createPlayerAccount

Jun 28, 2020 11:42:58 PM Logger.FileLogger write
INFO: >>> createPlayerAccount >>> username >>> Varun123

Jun 28, 2020 11:42:58 PM Logger.FileLogger write
INFO: >>> createPlayerAccount >>> firstname >>> Varun

Jun 28, 2020 11:42:58 PM Logger.FileLogger write
INFO: >>> createPlayerAccount >>> lastname >>> Patel

Jun 28, 2020 11:42:58 PM Logger.FileLogger write
INFO: >>> createPlayerAccount >>> password >>> Varun123

Jun 28, 2020 11:42:58 PM Logger.FileLogger write
INFO: >>> createPlayerAccount >>> age >>> 20

Jun 28, 2020 11:42:58 PM Logger.FileLogger write
INFO: >>> createPlayerAccount >>> ipadddress >>> 93.1.1.1

Jun 28, 2020 11:42:58 PM Logger.FileLogger write
INFO: >>> createPlayerAccount >>> User information stored

Jun 29, 2020 12:40:33 AM Logger.FileLogger write
INFO: >>> createPlayerAccount

Jun 29, 2020 12:40:33 AM Logger.FileLogger write
INFO: >>> createPlayerAccount >>> username >>> Varun123

Jun 29, 2020 12:40:33 AM Logger.FileLogger write
INFO: >>> createPlayerAccount >>> firstname >>> Varun

Jun 29, 2020 12:40:33 AM Logger.FileLogger write
INFO: >>> createPlayerAccount >>> lastname >>> Patel

Jun 29, 2020 12:40:33 AM Logger.FileLogger write
INFO: >>> createPlayerAccount >>> password >>> Varun123

Jun 29, 2020 12:40:33 AM Logger.FileLogger write
INFO: >>> createPlayerAccount >>> age >>> 20

Jun 29, 2020 12:40:33 AM Logger.FileLogger write
INFO: >>> createPlayerAccount >>> ipadddress >>> 93.56.7.8

Jun 29, 2020 12:40:33 AM Logger.FileLogger write
INFO: >>> createPlayerAccount >>> User information stored

