Jul 08, 2020 11:45:11 PM logger.FileLogger write
INFO: >>> createPlayerAccount

Jul 08, 2020 11:45:11 PM logger.FileLogger write
INFO: >>> createPlayerAccount >>> username >>> Morce123

Jul 08, 2020 11:45:11 PM logger.FileLogger write
INFO: >>> createPlayerAccount >>> firstname >>> Daly

Jul 08, 2020 11:45:11 PM logger.FileLogger write
INFO: >>> createPlayerAccount >>> lastname >>> Morce

Jul 08, 2020 11:45:11 PM logger.FileLogger write
INFO: >>> createPlayerAccount >>> password >>> Morce123

Jul 08, 2020 11:45:11 PM logger.FileLogger write
INFO: >>> createPlayerAccount >>> age >>> 15

Jul 08, 2020 11:45:11 PM logger.FileLogger write
INFO: >>> createPlayerAccount >>> ipadddress >>> 132.34.2.2

Jul 08, 2020 11:45:11 PM logger.FileLogger write
INFO: >>> createPlayerAccount >>> User information stored

Jul 10, 2020 6:37:45 PM logger.FileLogger write
INFO: >>> createPlayerAccount

Jul 10, 2020 6:37:45 PM logger.FileLogger write
INFO: >>> createPlayerAccount >>> username >>> Morce123

Jul 10, 2020 6:37:45 PM logger.FileLogger write
INFO: >>> createPlayerAccount >>> firstname >>> Daly

Jul 10, 2020 6:37:45 PM logger.FileLogger write
INFO: >>> createPlayerAccount >>> lastname >>> Morce

Jul 10, 2020 6:37:45 PM logger.FileLogger write
INFO: >>> createPlayerAccount >>> password >>> Morce123

Jul 10, 2020 6:37:45 PM logger.FileLogger write
INFO: >>> createPlayerAccount >>> age >>> 15

Jul 10, 2020 6:37:45 PM logger.FileLogger write
INFO: >>> createPlayerAccount >>> ipadddress >>> 132.34.2.2

Jul 10, 2020 6:37:45 PM logger.FileLogger write
INFO: >>> createPlayerAccount >>> User information stored

Jul 10, 2020 11:28:18 PM logger.FileLogger write
INFO: >>> createPlayerAccount

Jul 10, 2020 11:28:18 PM logger.FileLogger write
INFO: >>> createPlayerAccount >>> username >>> Morce123

Jul 10, 2020 11:28:18 PM logger.FileLogger write
INFO: >>> createPlayerAccount >>> firstname >>> Daly

Jul 10, 2020 11:28:18 PM logger.FileLogger write
INFO: >>> createPlayerAccount >>> lastname >>> Morce

Jul 10, 2020 11:28:18 PM logger.FileLogger write
INFO: >>> createPlayerAccount >>> password >>> Morce123

Jul 10, 2020 11:28:18 PM logger.FileLogger write
INFO: >>> createPlayerAccount >>> age >>> 15

Jul 10, 2020 11:28:18 PM logger.FileLogger write
INFO: >>> createPlayerAccount >>> ipadddress >>> 132.34.2.2

Jul 10, 2020 11:28:18 PM logger.FileLogger write
INFO: >>> createPlayerAccount >>> User information stored

Jul 11, 2020 6:23:21 PM logger.FileLogger write
INFO: >>> createPlayerAccount

Jul 11, 2020 6:23:21 PM logger.FileLogger write
INFO: >>> createPlayerAccount >>> username >>> Morce123

Jul 11, 2020 6:23:21 PM logger.FileLogger write
INFO: >>> createPlayerAccount >>> firstname >>> Daly

Jul 11, 2020 6:23:21 PM logger.FileLogger write
INFO: >>> createPlayerAccount >>> lastname >>> Morce

Jul 11, 2020 6:23:21 PM logger.FileLogger write
INFO: >>> createPlayerAccount >>> password >>> Morce123

Jul 11, 2020 6:23:21 PM logger.FileLogger write
INFO: >>> createPlayerAccount >>> age >>> 15

Jul 11, 2020 6:23:21 PM logger.FileLogger write
INFO: >>> createPlayerAccount >>> ipadddress >>> 132.34.2.2

Jul 11, 2020 6:23:21 PM logger.FileLogger write
INFO: >>> createPlayerAccount >>> User information stored

