Jul 08, 2020 11:45:01 PM logger.FileLogger write
INFO: >>> createPlayerAccount

Jul 08, 2020 11:45:01 PM logger.FileLogger write
INFO: >>> createPlayerAccount >>> username >>> Charles123

Jul 08, 2020 11:45:01 PM logger.FileLogger write
INFO: >>> createPlayerAccount >>> firstname >>> Charles

Jul 08, 2020 11:45:01 PM logger.FileLogger write
INFO: >>> createPlayerAccount >>> lastname >>> Lee

Jul 08, 2020 11:45:01 PM logger.FileLogger write
INFO: >>> createPlayerAccount >>> password >>> Charles123

Jul 08, 2020 11:45:01 PM logger.FileLogger write
INFO: >>> createPlayerAccount >>> age >>> 15

Jul 08, 2020 11:45:01 PM logger.FileLogger write
INFO: >>> createPlayerAccount >>> ipadddress >>> 182.34.2.2

Jul 08, 2020 11:45:01 PM logger.FileLogger write
INFO: >>> createPlayerAccount >>> User information stored

Jul 10, 2020 6:36:29 PM logger.FileLogger write
INFO: >>> createPlayerAccount

Jul 10, 2020 6:36:29 PM logger.FileLogger write
INFO: >>> createPlayerAccount >>> username >>> Charles123

Jul 10, 2020 6:36:29 PM logger.FileLogger write
INFO: >>> createPlayerAccount >>> firstname >>> Charles

Jul 10, 2020 6:36:29 PM logger.FileLogger write
INFO: >>> createPlayerAccount >>> lastname >>> Lee

Jul 10, 2020 6:36:29 PM logger.FileLogger write
INFO: >>> createPlayerAccount >>> password >>> Charles123

Jul 10, 2020 6:36:29 PM logger.FileLogger write
INFO: >>> createPlayerAccount >>> age >>> 15

Jul 10, 2020 6:36:29 PM logger.FileLogger write
INFO: >>> createPlayerAccount >>> ipadddress >>> 182.34.2.2

Jul 10, 2020 6:36:29 PM logger.FileLogger write
INFO: >>> createPlayerAccount >>> User information stored

Jul 10, 2020 11:28:09 PM logger.FileLogger write
INFO: >>> createPlayerAccount

Jul 10, 2020 11:28:09 PM logger.FileLogger write
INFO: >>> createPlayerAccount >>> username >>> Charles123

Jul 10, 2020 11:28:09 PM logger.FileLogger write
INFO: >>> createPlayerAccount >>> firstname >>> Charles

Jul 10, 2020 11:28:09 PM logger.FileLogger write
INFO: >>> createPlayerAccount >>> lastname >>> Lee

Jul 10, 2020 11:28:09 PM logger.FileLogger write
INFO: >>> createPlayerAccount >>> password >>> Charles123

Jul 10, 2020 11:28:09 PM logger.FileLogger write
INFO: >>> createPlayerAccount >>> age >>> 15

Jul 10, 2020 11:28:09 PM logger.FileLogger write
INFO: >>> createPlayerAccount >>> ipadddress >>> 182.34.2.2

Jul 10, 2020 11:28:09 PM logger.FileLogger write
INFO: >>> createPlayerAccount >>> User information stored

Jul 11, 2020 6:23:12 PM logger.FileLogger write
INFO: >>> createPlayerAccount

Jul 11, 2020 6:23:12 PM logger.FileLogger write
INFO: >>> createPlayerAccount >>> username >>> Charles123

Jul 11, 2020 6:23:12 PM logger.FileLogger write
INFO: >>> createPlayerAccount >>> firstname >>> Charles

Jul 11, 2020 6:23:12 PM logger.FileLogger write
INFO: >>> createPlayerAccount >>> lastname >>> Lee

Jul 11, 2020 6:23:12 PM logger.FileLogger write
INFO: >>> createPlayerAccount >>> password >>> Charles123

Jul 11, 2020 6:23:12 PM logger.FileLogger write
INFO: >>> createPlayerAccount >>> age >>> 15

Jul 11, 2020 6:23:12 PM logger.FileLogger write
INFO: >>> createPlayerAccount >>> ipadddress >>> 182.34.2.2

Jul 11, 2020 6:23:12 PM logger.FileLogger write
INFO: >>> createPlayerAccount >>> User information stored

