Jun 23, 2020 5:39:55 PM Logger.FileLogger write
INFO: >>> createPlayerAccount

Jun 23, 2020 5:39:55 PM Logger.FileLogger write
INFO: >>> createPlayerAccount >>> username >>> Philipa123

Jun 23, 2020 5:39:55 PM Logger.FileLogger write
INFO: >>> createPlayerAccount >>> firstname >>> Philipa

Jun 23, 2020 5:39:55 PM Logger.FileLogger write
INFO: >>> createPlayerAccount >>> lastname >>> Alphonzo

Jun 23, 2020 5:39:55 PM Logger.FileLogger write
INFO: >>> createPlayerAccount >>> password >>> Philipa123

Jun 23, 2020 5:39:55 PM Logger.FileLogger write
INFO: >>> createPlayerAccount >>> age >>> 18

Jun 23, 2020 5:39:55 PM Logger.FileLogger write
INFO: >>> createPlayerAccount >>> ipadddress >>> 93.5.4.3

Jun 23, 2020 5:39:55 PM Logger.FileLogger write
INFO: >>> createPlayerAccount >>> User information stored

Jun 25, 2020 11:44:36 AM Logger.FileLogger write
INFO: >>> createPlayerAccount

Jun 25, 2020 11:44:36 AM Logger.FileLogger write
INFO: >>> createPlayerAccount >>> username >>> Philipa123

Jun 25, 2020 11:44:36 AM Logger.FileLogger write
INFO: >>> createPlayerAccount >>> firstname >>> Philipa

Jun 25, 2020 11:44:36 AM Logger.FileLogger write
INFO: >>> createPlayerAccount >>> lastname >>> Alphonzo

Jun 25, 2020 11:44:36 AM Logger.FileLogger write
INFO: >>> createPlayerAccount >>> password >>> Philipa123

Jun 25, 2020 11:44:36 AM Logger.FileLogger write
INFO: >>> createPlayerAccount >>> age >>> 18

Jun 25, 2020 11:44:36 AM Logger.FileLogger write
INFO: >>> createPlayerAccount >>> ipadddress >>> 93.5.4.3

Jun 25, 2020 11:44:36 AM Logger.FileLogger write
INFO: >>> createPlayerAccount >>> User information stored

Jun 25, 2020 12:19:46 PM Logger.FileLogger write
INFO: >>> createPlayerAccount

Jun 25, 2020 12:19:46 PM Logger.FileLogger write
INFO: >>> createPlayerAccount >>> username >>> Philipa123

Jun 25, 2020 12:19:46 PM Logger.FileLogger write
INFO: >>> createPlayerAccount >>> firstname >>> Philipa

Jun 25, 2020 12:19:46 PM Logger.FileLogger write
INFO: >>> createPlayerAccount >>> lastname >>> Alphonzo

Jun 25, 2020 12:19:46 PM Logger.FileLogger write
INFO: >>> createPlayerAccount >>> password >>> Philipa123

Jun 25, 2020 12:19:46 PM Logger.FileLogger write
INFO: >>> createPlayerAccount >>> age >>> 18

Jun 25, 2020 12:19:46 PM Logger.FileLogger write
INFO: >>> createPlayerAccount >>> ipadddress >>> 93.5.4.3

Jun 25, 2020 12:19:46 PM Logger.FileLogger write
INFO: >>> createPlayerAccount >>> User information stored

Jun 25, 2020 12:40:47 PM Logger.FileLogger write
INFO: >>> createPlayerAccount

Jun 25, 2020 12:40:47 PM Logger.FileLogger write
INFO: >>> createPlayerAccount >>> username >>> Philipa123

Jun 25, 2020 12:40:47 PM Logger.FileLogger write
INFO: >>> createPlayerAccount >>> firstname >>> Philipa

Jun 25, 2020 12:40:47 PM Logger.FileLogger write
INFO: >>> createPlayerAccount >>> lastname >>> Alphonzo

Jun 25, 2020 12:40:47 PM Logger.FileLogger write
INFO: >>> createPlayerAccount >>> password >>> Philipa123

Jun 25, 2020 12:40:47 PM Logger.FileLogger write
INFO: >>> createPlayerAccount >>> age >>> 18

Jun 25, 2020 12:40:47 PM Logger.FileLogger write
INFO: >>> createPlayerAccount >>> ipadddress >>> 93.5.4.3

Jun 25, 2020 12:40:47 PM Logger.FileLogger write
INFO: >>> createPlayerAccount >>> User information stored

Jun 25, 2020 12:54:25 PM Logger.FileLogger write
INFO: >>> createPlayerAccount

Jun 25, 2020 12:54:25 PM Logger.FileLogger write
INFO: >>> createPlayerAccount >>> username >>> Philipa123

Jun 25, 2020 12:54:25 PM Logger.FileLogger write
INFO: >>> createPlayerAccount >>> firstname >>> Philipa

Jun 25, 2020 12:54:25 PM Logger.FileLogger write
INFO: >>> createPlayerAccount >>> lastname >>> Alphonzo

Jun 25, 2020 12:54:25 PM Logger.FileLogger write
INFO: >>> createPlayerAccount >>> password >>> Philipa123

Jun 25, 2020 12:54:25 PM Logger.FileLogger write
INFO: >>> createPlayerAccount >>> age >>> 18

Jun 25, 2020 12:54:25 PM Logger.FileLogger write
INFO: >>> createPlayerAccount >>> ipadddress >>> 93.5.4.3

Jun 25, 2020 12:54:25 PM Logger.FileLogger write
INFO: >>> createPlayerAccount >>> User information stored

Jun 25, 2020 1:19:58 PM Logger.FileLogger write
INFO: >>> createPlayerAccount

Jun 25, 2020 1:19:58 PM Logger.FileLogger write
INFO: >>> createPlayerAccount >>> username >>> Philipa123

Jun 25, 2020 1:19:58 PM Logger.FileLogger write
INFO: >>> createPlayerAccount >>> firstname >>> Philipa

Jun 25, 2020 1:19:58 PM Logger.FileLogger write
INFO: >>> createPlayerAccount >>> lastname >>> Alphonzo

Jun 25, 2020 1:19:58 PM Logger.FileLogger write
INFO: >>> createPlayerAccount >>> password >>> Philipa123

Jun 25, 2020 1:19:58 PM Logger.FileLogger write
INFO: >>> createPlayerAccount >>> age >>> 18

Jun 25, 2020 1:19:58 PM Logger.FileLogger write
INFO: >>> createPlayerAccount >>> ipadddress >>> 93.5.4.3

Jun 25, 2020 1:19:58 PM Logger.FileLogger write
INFO: >>> createPlayerAccount >>> User information stored

Jun 25, 2020 2:30:49 PM Logger.FileLogger write
INFO: >>> createPlayerAccount

Jun 25, 2020 2:30:49 PM Logger.FileLogger write
INFO: >>> createPlayerAccount >>> username >>> Philipa123

Jun 25, 2020 2:30:49 PM Logger.FileLogger write
INFO: >>> createPlayerAccount >>> firstname >>> Philipa

Jun 25, 2020 2:30:49 PM Logger.FileLogger write
INFO: >>> createPlayerAccount >>> lastname >>> Alphonzo

Jun 25, 2020 2:30:49 PM Logger.FileLogger write
INFO: >>> createPlayerAccount >>> password >>> Philipa123

Jun 25, 2020 2:30:49 PM Logger.FileLogger write
INFO: >>> createPlayerAccount >>> age >>> 18

Jun 25, 2020 2:30:49 PM Logger.FileLogger write
INFO: >>> createPlayerAccount >>> ipadddress >>> 93.5.4.3

Jun 25, 2020 2:30:49 PM Logger.FileLogger write
INFO: >>> createPlayerAccount >>> User information stored

Jun 25, 2020 3:42:01 PM Logger.FileLogger write
INFO: >>> createPlayerAccount

Jun 25, 2020 3:42:01 PM Logger.FileLogger write
INFO: >>> createPlayerAccount >>> username >>> Philipa123

Jun 25, 2020 3:42:01 PM Logger.FileLogger write
INFO: >>> createPlayerAccount >>> firstname >>> Philipa

Jun 25, 2020 3:42:01 PM Logger.FileLogger write
INFO: >>> createPlayerAccount >>> lastname >>> Alphonzo

Jun 25, 2020 3:42:01 PM Logger.FileLogger write
INFO: >>> createPlayerAccount >>> password >>> Philipa123

Jun 25, 2020 3:42:01 PM Logger.FileLogger write
INFO: >>> createPlayerAccount >>> age >>> 18

Jun 25, 2020 3:42:01 PM Logger.FileLogger write
INFO: >>> createPlayerAccount >>> ipadddress >>> 93.5.4.3

Jun 25, 2020 3:42:01 PM Logger.FileLogger write
INFO: >>> createPlayerAccount >>> User information stored

Jun 26, 2020 5:22:47 PM Logger.FileLogger write
INFO: >>> createPlayerAccount

Jun 26, 2020 5:22:47 PM Logger.FileLogger write
INFO: >>> createPlayerAccount >>> username >>> Philipa123

Jun 26, 2020 5:22:47 PM Logger.FileLogger write
INFO: >>> createPlayerAccount >>> firstname >>> Philipa

Jun 26, 2020 5:22:47 PM Logger.FileLogger write
INFO: >>> createPlayerAccount >>> lastname >>> Alphonzo

Jun 26, 2020 5:22:47 PM Logger.FileLogger write
INFO: >>> createPlayerAccount >>> password >>> Philipa123

Jun 26, 2020 5:22:47 PM Logger.FileLogger write
INFO: >>> createPlayerAccount >>> age >>> 18

Jun 26, 2020 5:22:47 PM Logger.FileLogger write
INFO: >>> createPlayerAccount >>> ipadddress >>> 93.5.4.3

Jun 26, 2020 5:22:47 PM Logger.FileLogger write
INFO: >>> createPlayerAccount >>> User information stored

Jun 26, 2020 5:34:49 PM Logger.FileLogger write
INFO: >>> createPlayerAccount

Jun 26, 2020 5:34:49 PM Logger.FileLogger write
INFO: >>> createPlayerAccount >>> username >>> Philipa123

Jun 26, 2020 5:34:49 PM Logger.FileLogger write
INFO: >>> createPlayerAccount >>> firstname >>> Philipa

Jun 26, 2020 5:34:49 PM Logger.FileLogger write
INFO: >>> createPlayerAccount >>> lastname >>> Alphonzo

Jun 26, 2020 5:34:49 PM Logger.FileLogger write
INFO: >>> createPlayerAccount >>> password >>> Philipa123

Jun 26, 2020 5:34:49 PM Logger.FileLogger write
INFO: >>> createPlayerAccount >>> age >>> 18

Jun 26, 2020 5:34:49 PM Logger.FileLogger write
INFO: >>> createPlayerAccount >>> ipadddress >>> 93.5.4.3

Jun 26, 2020 5:34:49 PM Logger.FileLogger write
INFO: >>> createPlayerAccount >>> User information stored

Jun 26, 2020 5:47:19 PM Logger.FileLogger write
INFO: >>> createPlayerAccount

Jun 26, 2020 5:47:19 PM Logger.FileLogger write
INFO: >>> createPlayerAccount >>> username >>> Philipa123

Jun 26, 2020 5:47:19 PM Logger.FileLogger write
INFO: >>> createPlayerAccount >>> firstname >>> Philipa

Jun 26, 2020 5:47:19 PM Logger.FileLogger write
INFO: >>> createPlayerAccount >>> lastname >>> Alphonzo

Jun 26, 2020 5:47:19 PM Logger.FileLogger write
INFO: >>> createPlayerAccount >>> password >>> Philipa123

Jun 26, 2020 5:47:19 PM Logger.FileLogger write
INFO: >>> createPlayerAccount >>> age >>> 18

Jun 26, 2020 5:47:19 PM Logger.FileLogger write
INFO: >>> createPlayerAccount >>> ipadddress >>> 93.5.4.3

Jun 26, 2020 5:47:19 PM Logger.FileLogger write
INFO: >>> createPlayerAccount >>> User information stored

Jun 26, 2020 5:51:26 PM Logger.FileLogger write
INFO: >>> createPlayerAccount

Jun 26, 2020 5:51:26 PM Logger.FileLogger write
INFO: >>> createPlayerAccount >>> username >>> Philipa123

Jun 26, 2020 5:51:26 PM Logger.FileLogger write
INFO: >>> createPlayerAccount >>> firstname >>> Philipa

Jun 26, 2020 5:51:26 PM Logger.FileLogger write
INFO: >>> createPlayerAccount >>> lastname >>> Alphonzo

Jun 26, 2020 5:51:26 PM Logger.FileLogger write
INFO: >>> createPlayerAccount >>> password >>> Philipa123

Jun 26, 2020 5:51:26 PM Logger.FileLogger write
INFO: >>> createPlayerAccount >>> age >>> 18

Jun 26, 2020 5:51:26 PM Logger.FileLogger write
INFO: >>> createPlayerAccount >>> ipadddress >>> 93.5.4.3

Jun 26, 2020 5:51:26 PM Logger.FileLogger write
INFO: >>> createPlayerAccount >>> User information stored

Jun 26, 2020 6:04:16 PM Logger.FileLogger write
INFO: >>> createPlayerAccount

Jun 26, 2020 6:04:16 PM Logger.FileLogger write
INFO: >>> createPlayerAccount >>> username >>> Philipa123

Jun 26, 2020 6:04:16 PM Logger.FileLogger write
INFO: >>> createPlayerAccount >>> firstname >>> Philipa

Jun 26, 2020 6:04:16 PM Logger.FileLogger write
INFO: >>> createPlayerAccount >>> lastname >>> Alphonzo

Jun 26, 2020 6:04:16 PM Logger.FileLogger write
INFO: >>> createPlayerAccount >>> password >>> Philipa123

Jun 26, 2020 6:04:16 PM Logger.FileLogger write
INFO: >>> createPlayerAccount >>> age >>> 18

Jun 26, 2020 6:04:16 PM Logger.FileLogger write
INFO: >>> createPlayerAccount >>> ipadddress >>> 93.5.4.3

Jun 26, 2020 6:04:16 PM Logger.FileLogger write
INFO: >>> createPlayerAccount >>> User information stored

Jun 26, 2020 6:13:56 PM Logger.FileLogger write
INFO: >>> createPlayerAccount

Jun 26, 2020 6:13:56 PM Logger.FileLogger write
INFO: >>> createPlayerAccount >>> username >>> Philipa123

Jun 26, 2020 6:13:56 PM Logger.FileLogger write
INFO: >>> createPlayerAccount >>> firstname >>> Philipa

Jun 26, 2020 6:13:56 PM Logger.FileLogger write
INFO: >>> createPlayerAccount >>> lastname >>> Alphonzo

Jun 26, 2020 6:13:56 PM Logger.FileLogger write
INFO: >>> createPlayerAccount >>> password >>> Philipa123

Jun 26, 2020 6:13:56 PM Logger.FileLogger write
INFO: >>> createPlayerAccount >>> age >>> 18

Jun 26, 2020 6:13:56 PM Logger.FileLogger write
INFO: >>> createPlayerAccount >>> ipadddress >>> 93.5.4.3

Jun 26, 2020 6:13:56 PM Logger.FileLogger write
INFO: >>> createPlayerAccount >>> User information stored

Jun 26, 2020 6:17:46 PM Logger.FileLogger write
INFO: >>> createPlayerAccount

Jun 26, 2020 6:17:46 PM Logger.FileLogger write
INFO: >>> createPlayerAccount >>> username >>> Philipa123

Jun 26, 2020 6:17:46 PM Logger.FileLogger write
INFO: >>> createPlayerAccount >>> firstname >>> Philipa

Jun 26, 2020 6:17:46 PM Logger.FileLogger write
INFO: >>> createPlayerAccount >>> lastname >>> Alphonzo

Jun 26, 2020 6:17:46 PM Logger.FileLogger write
INFO: >>> createPlayerAccount >>> password >>> Philipa123

Jun 26, 2020 6:17:46 PM Logger.FileLogger write
INFO: >>> createPlayerAccount >>> age >>> 18

Jun 26, 2020 6:17:46 PM Logger.FileLogger write
INFO: >>> createPlayerAccount >>> ipadddress >>> 93.5.4.3

Jun 26, 2020 6:17:46 PM Logger.FileLogger write
INFO: >>> createPlayerAccount >>> User information stored

Jun 26, 2020 6:22:43 PM Logger.FileLogger write
INFO: >>> createPlayerAccount

Jun 26, 2020 6:22:43 PM Logger.FileLogger write
INFO: >>> createPlayerAccount >>> username >>> Philipa123

Jun 26, 2020 6:22:43 PM Logger.FileLogger write
INFO: >>> createPlayerAccount >>> firstname >>> Philipa

Jun 26, 2020 6:22:43 PM Logger.FileLogger write
INFO: >>> createPlayerAccount >>> lastname >>> Alphonzo

Jun 26, 2020 6:22:43 PM Logger.FileLogger write
INFO: >>> createPlayerAccount >>> password >>> Philipa123

Jun 26, 2020 6:22:43 PM Logger.FileLogger write
INFO: >>> createPlayerAccount >>> age >>> 18

Jun 26, 2020 6:22:43 PM Logger.FileLogger write
INFO: >>> createPlayerAccount >>> ipadddress >>> 93.5.4.3

Jun 26, 2020 6:22:43 PM Logger.FileLogger write
INFO: >>> createPlayerAccount >>> User information stored

Jun 26, 2020 6:40:37 PM Logger.FileLogger write
INFO: >>> createPlayerAccount

Jun 26, 2020 6:40:37 PM Logger.FileLogger write
INFO: >>> createPlayerAccount >>> username >>> Philipa123

Jun 26, 2020 6:40:37 PM Logger.FileLogger write
INFO: >>> createPlayerAccount >>> firstname >>> Philipa

Jun 26, 2020 6:40:37 PM Logger.FileLogger write
INFO: >>> createPlayerAccount >>> lastname >>> Alphonzo

Jun 26, 2020 6:40:37 PM Logger.FileLogger write
INFO: >>> createPlayerAccount >>> password >>> Philipa123

Jun 26, 2020 6:40:37 PM Logger.FileLogger write
INFO: >>> createPlayerAccount >>> age >>> 18

Jun 26, 2020 6:40:37 PM Logger.FileLogger write
INFO: >>> createPlayerAccount >>> ipadddress >>> 93.5.4.3

Jun 26, 2020 6:40:37 PM Logger.FileLogger write
INFO: >>> createPlayerAccount >>> User information stored

Jun 26, 2020 6:47:27 PM Logger.FileLogger write
INFO: >>> createPlayerAccount

Jun 26, 2020 6:47:27 PM Logger.FileLogger write
INFO: >>> createPlayerAccount >>> username >>> Philipa123

Jun 26, 2020 6:47:27 PM Logger.FileLogger write
INFO: >>> createPlayerAccount >>> firstname >>> Philipa

Jun 26, 2020 6:47:27 PM Logger.FileLogger write
INFO: >>> createPlayerAccount >>> lastname >>> Alphonzo

Jun 26, 2020 6:47:27 PM Logger.FileLogger write
INFO: >>> createPlayerAccount >>> password >>> Philipa123

Jun 26, 2020 6:47:27 PM Logger.FileLogger write
INFO: >>> createPlayerAccount >>> age >>> 18

Jun 26, 2020 6:47:27 PM Logger.FileLogger write
INFO: >>> createPlayerAccount >>> ipadddress >>> 93.5.4.3

Jun 26, 2020 6:47:27 PM Logger.FileLogger write
INFO: >>> createPlayerAccount >>> User information stored

Jun 26, 2020 10:40:53 PM Logger.FileLogger write
INFO: >>> createPlayerAccount

Jun 26, 2020 10:40:53 PM Logger.FileLogger write
INFO: >>> createPlayerAccount >>> username >>> Philipa123

Jun 26, 2020 10:40:53 PM Logger.FileLogger write
INFO: >>> createPlayerAccount >>> firstname >>> Philipa

Jun 26, 2020 10:40:53 PM Logger.FileLogger write
INFO: >>> createPlayerAccount >>> lastname >>> Alphonzo

Jun 26, 2020 10:40:53 PM Logger.FileLogger write
INFO: >>> createPlayerAccount >>> password >>> Philipa123

Jun 26, 2020 10:40:53 PM Logger.FileLogger write
INFO: >>> createPlayerAccount >>> age >>> 18

Jun 26, 2020 10:40:53 PM Logger.FileLogger write
INFO: >>> createPlayerAccount >>> ipadddress >>> 93.5.4.3

Jun 26, 2020 10:40:53 PM Logger.FileLogger write
INFO: >>> createPlayerAccount >>> User information stored

Jun 26, 2020 10:41:42 PM Logger.FileLogger write
INFO: >>> createPlayerAccount

Jun 26, 2020 10:41:42 PM Logger.FileLogger write
INFO: >>> createPlayerAccount >>> username >>> Philipa123

Jun 26, 2020 10:41:42 PM Logger.FileLogger write
INFO: >>> createPlayerAccount >>> firstname >>> Philipa

Jun 26, 2020 10:41:42 PM Logger.FileLogger write
INFO: >>> createPlayerAccount >>> lastname >>> Alphonzo

Jun 26, 2020 10:41:42 PM Logger.FileLogger write
INFO: >>> createPlayerAccount >>> password >>> Philipa123

Jun 26, 2020 10:41:42 PM Logger.FileLogger write
INFO: >>> createPlayerAccount >>> age >>> 18

Jun 26, 2020 10:41:42 PM Logger.FileLogger write
INFO: >>> createPlayerAccount >>> ipadddress >>> 93.5.4.3

Jun 26, 2020 10:41:42 PM Logger.FileLogger write
INFO: >>> createPlayerAccount >>> User information stored

Jun 26, 2020 10:56:28 PM Logger.FileLogger write
INFO: >>> createPlayerAccount

Jun 26, 2020 10:56:28 PM Logger.FileLogger write
INFO: >>> createPlayerAccount >>> username >>> Philipa123

Jun 26, 2020 10:56:28 PM Logger.FileLogger write
INFO: >>> createPlayerAccount >>> firstname >>> Philipa

Jun 26, 2020 10:56:28 PM Logger.FileLogger write
INFO: >>> createPlayerAccount >>> lastname >>> Alphonzo

Jun 26, 2020 10:56:28 PM Logger.FileLogger write
INFO: >>> createPlayerAccount >>> password >>> Philipa123

Jun 26, 2020 10:56:28 PM Logger.FileLogger write
INFO: >>> createPlayerAccount >>> age >>> 18

Jun 26, 2020 10:56:28 PM Logger.FileLogger write
INFO: >>> createPlayerAccount >>> ipadddress >>> 93.5.4.3

Jun 26, 2020 10:56:28 PM Logger.FileLogger write
INFO: >>> createPlayerAccount >>> User information stored

Jun 26, 2020 11:26:04 PM Logger.FileLogger write
INFO: >>> createPlayerAccount

Jun 26, 2020 11:26:04 PM Logger.FileLogger write
INFO: >>> createPlayerAccount >>> username >>> Philipa123

Jun 26, 2020 11:26:04 PM Logger.FileLogger write
INFO: >>> createPlayerAccount >>> firstname >>> Philipa

Jun 26, 2020 11:26:04 PM Logger.FileLogger write
INFO: >>> createPlayerAccount >>> lastname >>> Alphonzo

Jun 26, 2020 11:26:04 PM Logger.FileLogger write
INFO: >>> createPlayerAccount >>> password >>> Philipa123

Jun 26, 2020 11:26:04 PM Logger.FileLogger write
INFO: >>> createPlayerAccount >>> age >>> 18

Jun 26, 2020 11:26:04 PM Logger.FileLogger write
INFO: >>> createPlayerAccount >>> ipadddress >>> 93.5.4.3

Jun 26, 2020 11:26:04 PM Logger.FileLogger write
INFO: >>> createPlayerAccount >>> User information stored

Jun 26, 2020 11:56:42 PM Logger.FileLogger write
INFO: >>> createPlayerAccount

Jun 26, 2020 11:56:42 PM Logger.FileLogger write
INFO: >>> createPlayerAccount >>> username >>> Philipa123

Jun 26, 2020 11:56:42 PM Logger.FileLogger write
INFO: >>> createPlayerAccount >>> firstname >>> Philipa

Jun 26, 2020 11:56:42 PM Logger.FileLogger write
INFO: >>> createPlayerAccount >>> lastname >>> Alphonzo

Jun 26, 2020 11:56:42 PM Logger.FileLogger write
INFO: >>> createPlayerAccount >>> password >>> Philipa123

Jun 26, 2020 11:56:42 PM Logger.FileLogger write
INFO: >>> createPlayerAccount >>> age >>> 18

Jun 26, 2020 11:56:42 PM Logger.FileLogger write
INFO: >>> createPlayerAccount >>> ipadddress >>> 93.5.4.3

Jun 26, 2020 11:56:42 PM Logger.FileLogger write
INFO: >>> createPlayerAccount >>> User information stored

Jun 26, 2020 11:57:10 PM Logger.FileLogger write
INFO: >>> createPlayerAccount

Jun 26, 2020 11:57:10 PM Logger.FileLogger write
INFO: >>> createPlayerAccount >>> username >>> Philipa123

Jun 26, 2020 11:57:10 PM Logger.FileLogger write
INFO: >>> createPlayerAccount >>> firstname >>> Philipa

Jun 26, 2020 11:57:10 PM Logger.FileLogger write
INFO: >>> createPlayerAccount >>> lastname >>> Alphonzo

Jun 26, 2020 11:57:10 PM Logger.FileLogger write
INFO: >>> createPlayerAccount >>> password >>> Philipa123

Jun 26, 2020 11:57:10 PM Logger.FileLogger write
INFO: >>> createPlayerAccount >>> age >>> 18

Jun 26, 2020 11:57:10 PM Logger.FileLogger write
INFO: >>> createPlayerAccount >>> ipadddress >>> 93.5.4.3

Jun 26, 2020 11:57:10 PM Logger.FileLogger write
INFO: >>> createPlayerAccount >>> User information stored

Jun 27, 2020 12:31:06 AM Logger.FileLogger write
INFO: >>> createPlayerAccount

Jun 27, 2020 12:31:06 AM Logger.FileLogger write
INFO: >>> createPlayerAccount >>> username >>> Philipa123

Jun 27, 2020 12:31:06 AM Logger.FileLogger write
INFO: >>> createPlayerAccount >>> firstname >>> Philipa

Jun 27, 2020 12:31:06 AM Logger.FileLogger write
INFO: >>> createPlayerAccount >>> lastname >>> Alphonzo

Jun 27, 2020 12:31:06 AM Logger.FileLogger write
INFO: >>> createPlayerAccount >>> password >>> Philipa123

Jun 27, 2020 12:31:06 AM Logger.FileLogger write
INFO: >>> createPlayerAccount >>> age >>> 18

Jun 27, 2020 12:31:06 AM Logger.FileLogger write
INFO: >>> createPlayerAccount >>> ipadddress >>> 93.5.4.3

Jun 27, 2020 12:31:06 AM Logger.FileLogger write
INFO: >>> createPlayerAccount >>> User information stored

Jun 27, 2020 1:55:59 AM Logger.FileLogger write
INFO: >>> createPlayerAccount

Jun 27, 2020 1:55:59 AM Logger.FileLogger write
INFO: >>> createPlayerAccount >>> username >>> Philipa123

Jun 27, 2020 1:55:59 AM Logger.FileLogger write
INFO: >>> createPlayerAccount >>> firstname >>> Philipa

Jun 27, 2020 1:55:59 AM Logger.FileLogger write
INFO: >>> createPlayerAccount >>> lastname >>> Alphonzo

Jun 27, 2020 1:55:59 AM Logger.FileLogger write
INFO: >>> createPlayerAccount >>> password >>> Philipa123

Jun 27, 2020 1:55:59 AM Logger.FileLogger write
INFO: >>> createPlayerAccount >>> age >>> 18

Jun 27, 2020 1:55:59 AM Logger.FileLogger write
INFO: >>> createPlayerAccount >>> ipadddress >>> 93.5.4.3

Jun 27, 2020 1:55:59 AM Logger.FileLogger write
INFO: >>> createPlayerAccount >>> User information stored

Jun 27, 2020 2:35:43 AM Logger.FileLogger write
INFO: >>> createPlayerAccount

Jun 27, 2020 2:35:43 AM Logger.FileLogger write
INFO: >>> createPlayerAccount >>> username >>> Philipa123

Jun 27, 2020 2:35:43 AM Logger.FileLogger write
INFO: >>> createPlayerAccount >>> firstname >>> Philipa

Jun 27, 2020 2:35:43 AM Logger.FileLogger write
INFO: >>> createPlayerAccount >>> lastname >>> Alphonzo

Jun 27, 2020 2:35:43 AM Logger.FileLogger write
INFO: >>> createPlayerAccount >>> password >>> Philipa123

Jun 27, 2020 2:35:43 AM Logger.FileLogger write
INFO: >>> createPlayerAccount >>> age >>> 18

Jun 27, 2020 2:35:43 AM Logger.FileLogger write
INFO: >>> createPlayerAccount >>> ipadddress >>> 93.5.4.3

Jun 27, 2020 2:35:43 AM Logger.FileLogger write
INFO: >>> createPlayerAccount >>> User information stored

Jun 27, 2020 3:09:46 PM Logger.FileLogger write
INFO: >>> createPlayerAccount

Jun 27, 2020 3:09:46 PM Logger.FileLogger write
INFO: >>> createPlayerAccount >>> username >>> Philipa123

Jun 27, 2020 3:09:46 PM Logger.FileLogger write
INFO: >>> createPlayerAccount >>> firstname >>> Philipa

Jun 27, 2020 3:09:46 PM Logger.FileLogger write
INFO: >>> createPlayerAccount >>> lastname >>> Alphonzo

Jun 27, 2020 3:09:46 PM Logger.FileLogger write
INFO: >>> createPlayerAccount >>> password >>> Philipa123

Jun 27, 2020 3:09:46 PM Logger.FileLogger write
INFO: >>> createPlayerAccount >>> age >>> 18

Jun 27, 2020 3:09:46 PM Logger.FileLogger write
INFO: >>> createPlayerAccount >>> ipadddress >>> 93.5.4.3

Jun 27, 2020 3:09:46 PM Logger.FileLogger write
INFO: >>> createPlayerAccount >>> User information stored

Jun 27, 2020 10:58:56 PM Logger.FileLogger write
INFO: >>> createPlayerAccount

Jun 27, 2020 10:58:56 PM Logger.FileLogger write
INFO: >>> createPlayerAccount >>> username >>> Philipa123

Jun 27, 2020 10:58:56 PM Logger.FileLogger write
INFO: >>> createPlayerAccount >>> firstname >>> Philipa

Jun 27, 2020 10:58:56 PM Logger.FileLogger write
INFO: >>> createPlayerAccount >>> lastname >>> Alphonzo

Jun 27, 2020 10:58:56 PM Logger.FileLogger write
INFO: >>> createPlayerAccount >>> password >>> Philipa123

Jun 27, 2020 10:58:56 PM Logger.FileLogger write
INFO: >>> createPlayerAccount >>> age >>> 18

Jun 27, 2020 10:58:56 PM Logger.FileLogger write
INFO: >>> createPlayerAccount >>> ipadddress >>> 93.5.4.3

Jun 27, 2020 10:58:56 PM Logger.FileLogger write
INFO: >>> createPlayerAccount >>> User information stored

Jun 27, 2020 11:36:09 PM Logger.FileLogger write
INFO: >>> createPlayerAccount

Jun 27, 2020 11:36:09 PM Logger.FileLogger write
INFO: >>> createPlayerAccount >>> username >>> Philipa123

Jun 27, 2020 11:36:09 PM Logger.FileLogger write
INFO: >>> createPlayerAccount >>> firstname >>> Philipa

Jun 27, 2020 11:36:09 PM Logger.FileLogger write
INFO: >>> createPlayerAccount >>> lastname >>> Alphonzo

Jun 27, 2020 11:36:09 PM Logger.FileLogger write
INFO: >>> createPlayerAccount >>> password >>> Philipa123

Jun 27, 2020 11:36:09 PM Logger.FileLogger write
INFO: >>> createPlayerAccount >>> age >>> 18

Jun 27, 2020 11:36:09 PM Logger.FileLogger write
INFO: >>> createPlayerAccount >>> ipadddress >>> 93.5.4.3

Jun 27, 2020 11:36:09 PM Logger.FileLogger write
INFO: >>> createPlayerAccount >>> User information stored

