Jun. 07, 2020 5:16:16 P.M. Logger.FileLogger write
INFO: >>> playerSignIn >>> ksammie45 signed in successfully...

Jun. 07, 2020 5:34:16 P.M. Logger.FileLogger write
INFO: >>> createPlayerAccount

Jun. 07, 2020 5:34:16 P.M. Logger.FileLogger write
INFO: >>> createPlayerAccount >>> username >>> ksammie45

Jun. 07, 2020 5:34:16 P.M. Logger.FileLogger write
INFO: >>> createPlayerAccount >>> firstname >>> Darcie

Jun. 07, 2020 5:34:16 P.M. Logger.FileLogger write
INFO: >>> createPlayerAccount >>> lastname >>> Sammie

Jun. 07, 2020 5:34:16 P.M. Logger.FileLogger write
INFO: >>> createPlayerAccount >>> password >>> Darcie123

Jun. 07, 2020 5:34:16 P.M. Logger.FileLogger write
INFO: >>> createPlayerAccount >>> age >>> 15

Jun. 07, 2020 5:34:16 P.M. Logger.FileLogger write
INFO: >>> createPlayerAccount >>> ipadddress >>> 93.5.4.2

Jun. 07, 2020 5:34:16 P.M. Logger.FileLogger write
INFO: >>> createPlayerAccount >>> User information stored

Jun. 07, 2020 5:36:04 P.M. Logger.FileLogger write
INFO: >>> playerSignIn >>> ksammie45 signed in successfully...

Jun. 07, 2020 5:37:51 P.M. Logger.FileLogger write
INFO: >>> createPlayerAccount

Jun. 07, 2020 5:37:51 P.M. Logger.FileLogger write
INFO: >>> createPlayerAccount >>> username >>> ksammie45

Jun. 07, 2020 5:37:51 P.M. Logger.FileLogger write
INFO: >>> createPlayerAccount >>> firstname >>> Darcie

Jun. 07, 2020 5:37:51 P.M. Logger.FileLogger write
INFO: >>> createPlayerAccount >>> lastname >>> Sammie

Jun. 07, 2020 5:37:51 P.M. Logger.FileLogger write
INFO: >>> createPlayerAccount >>> password >>> Darcie123

Jun. 07, 2020 5:37:51 P.M. Logger.FileLogger write
INFO: >>> createPlayerAccount >>> age >>> 15

Jun. 07, 2020 5:37:51 P.M. Logger.FileLogger write
INFO: >>> createPlayerAccount >>> ipadddress >>> 93.5.4.2

Jun. 07, 2020 5:37:51 P.M. Logger.FileLogger write
INFO: >>> createPlayerAccount >>> User information stored

Jun. 07, 2020 5:38:23 P.M. Logger.FileLogger write
INFO: >>> playerSignIn >>> ksammie45 signed in successfully...

Jun. 07, 2020 5:43:22 P.M. Logger.FileLogger write
INFO: >>> createPlayerAccount

Jun. 07, 2020 5:43:22 P.M. Logger.FileLogger write
INFO: >>> createPlayerAccount >>> username >>> ksammie45

Jun. 07, 2020 5:43:22 P.M. Logger.FileLogger write
INFO: >>> createPlayerAccount >>> firstname >>> Darcie

Jun. 07, 2020 5:43:22 P.M. Logger.FileLogger write
INFO: >>> createPlayerAccount >>> lastname >>> Sammie

Jun. 07, 2020 5:43:22 P.M. Logger.FileLogger write
INFO: >>> createPlayerAccount >>> password >>> Darcie123

Jun. 07, 2020 5:43:22 P.M. Logger.FileLogger write
INFO: >>> createPlayerAccount >>> age >>> 15

Jun. 07, 2020 5:43:22 P.M. Logger.FileLogger write
INFO: >>> createPlayerAccount >>> ipadddress >>> 93.5.4.2

Jun. 07, 2020 5:43:22 P.M. Logger.FileLogger write
INFO: >>> createPlayerAccount >>> User information stored

Jun. 07, 2020 5:43:50 P.M. Logger.FileLogger write
INFO: >>> playerSignIn >>> ksammie45 signed in successfully...

Jun. 07, 2020 5:45:51 P.M. Logger.FileLogger write
INFO: >>> createPlayerAccount

Jun. 07, 2020 5:45:51 P.M. Logger.FileLogger write
INFO: >>> createPlayerAccount >>> username >>> ksammie45

Jun. 07, 2020 5:45:51 P.M. Logger.FileLogger write
INFO: >>> createPlayerAccount >>> firstname >>> Darcie

Jun. 07, 2020 5:45:51 P.M. Logger.FileLogger write
INFO: >>> createPlayerAccount >>> lastname >>> Sammie

Jun. 07, 2020 5:45:51 P.M. Logger.FileLogger write
INFO: >>> createPlayerAccount >>> password >>> Darcie123

Jun. 07, 2020 5:45:51 P.M. Logger.FileLogger write
INFO: >>> createPlayerAccount >>> age >>> 15

Jun. 07, 2020 5:45:51 P.M. Logger.FileLogger write
INFO: >>> createPlayerAccount >>> ipadddress >>> 93.5.4.2

Jun. 07, 2020 5:45:51 P.M. Logger.FileLogger write
INFO: >>> createPlayerAccount >>> User information stored

Jun. 07, 2020 5:46:10 P.M. Logger.FileLogger write
INFO: >>> playerSignIn >>> ksammie45 signed in successfully...

Jun. 07, 2020 5:59:48 P.M. Logger.FileLogger write
INFO: >>> createPlayerAccount

Jun. 07, 2020 5:59:48 P.M. Logger.FileLogger write
INFO: >>> createPlayerAccount >>> username >>> ksammie45

Jun. 07, 2020 5:59:48 P.M. Logger.FileLogger write
INFO: >>> createPlayerAccount >>> firstname >>> Darcie

Jun. 07, 2020 5:59:48 P.M. Logger.FileLogger write
INFO: >>> createPlayerAccount >>> lastname >>> Sammie

Jun. 07, 2020 5:59:48 P.M. Logger.FileLogger write
INFO: >>> createPlayerAccount >>> password >>> Darcie123

Jun. 07, 2020 5:59:48 P.M. Logger.FileLogger write
INFO: >>> createPlayerAccount >>> age >>> 15

Jun. 07, 2020 5:59:48 P.M. Logger.FileLogger write
INFO: >>> createPlayerAccount >>> ipadddress >>> 93.5.4.2

Jun. 07, 2020 5:59:48 P.M. Logger.FileLogger write
INFO: >>> createPlayerAccount >>> User information stored

Jun. 07, 2020 6:01:20 P.M. Logger.FileLogger write
INFO: >>> playerSignIn >>> ksammie45 signed in successfully...

Jun. 07, 2020 6:35:44 P.M. Logger.FileLogger write
INFO: >>> createPlayerAccount

Jun. 07, 2020 6:35:44 P.M. Logger.FileLogger write
INFO: >>> createPlayerAccount >>> username >>> ksammie45

Jun. 07, 2020 6:35:44 P.M. Logger.FileLogger write
INFO: >>> createPlayerAccount >>> firstname >>> Darcie

Jun. 07, 2020 6:35:44 P.M. Logger.FileLogger write
INFO: >>> createPlayerAccount >>> lastname >>> Sammie

Jun. 07, 2020 6:35:44 P.M. Logger.FileLogger write
INFO: >>> createPlayerAccount >>> password >>> Darcie123

Jun. 07, 2020 6:35:44 P.M. Logger.FileLogger write
INFO: >>> createPlayerAccount >>> age >>> 15

Jun. 07, 2020 6:35:44 P.M. Logger.FileLogger write
INFO: >>> createPlayerAccount >>> ipadddress >>> 93.5.4.2

Jun. 07, 2020 6:35:44 P.M. Logger.FileLogger write
INFO: >>> createPlayerAccount >>> User information stored

Jun. 07, 2020 10:25:25 P.M. Logger.FileLogger write
INFO: >>> createPlayerAccount

Jun. 07, 2020 10:25:25 P.M. Logger.FileLogger write
INFO: >>> createPlayerAccount >>> username >>> ksammie45

Jun. 07, 2020 10:25:25 P.M. Logger.FileLogger write
INFO: >>> createPlayerAccount >>> firstname >>> Darcie

Jun. 07, 2020 10:25:25 P.M. Logger.FileLogger write
INFO: >>> createPlayerAccount >>> lastname >>> Sammie

Jun. 07, 2020 10:25:25 P.M. Logger.FileLogger write
INFO: >>> createPlayerAccount >>> password >>> Darcie123

Jun. 07, 2020 10:25:25 P.M. Logger.FileLogger write
INFO: >>> createPlayerAccount >>> age >>> 15

Jun. 07, 2020 10:25:25 P.M. Logger.FileLogger write
INFO: >>> createPlayerAccount >>> ipadddress >>> 93.5.4.2

Jun. 07, 2020 10:25:25 P.M. Logger.FileLogger write
INFO: >>> createPlayerAccount >>> User information stored

