Jul 04, 2020 10:39:37 PM Logger.FileLogger write
INFO: >>> Get Status

Jul 04, 2020 10:39:47 PM Logger.FileLogger write
INFO: >>> Get Status >>> username >>>  Admin

Jul 04, 2020 10:39:47 PM Logger.FileLogger write
INFO: >>> Get Status >>> password >>> Admin

Jul 04, 2020 10:39:47 PM Logger.FileLogger write
INFO: >>> Get Status >>> ipaddress >>> 182.34.56.1

Jul 04, 2020 10:39:47 PM Logger.FileLogger write
INFO: >>> Get Status >>> Sending request to server

Jul 04, 2020 10:39:47 PM Logger.FileLogger write
INFO: >>> Get Player Status >>> Sending request to Asia

Jul 04, 2020 10:42:12 PM Logger.FileLogger write
INFO: >>> Get Status

Jul 04, 2020 10:42:19 PM Logger.FileLogger write
INFO: >>> Get Status >>> username >>>  Admin

Jul 04, 2020 10:42:19 PM Logger.FileLogger write
INFO: >>> Get Status >>> password >>> Admin

Jul 04, 2020 10:42:19 PM Logger.FileLogger write
INFO: >>> Get Status >>> ipaddress >>> 182.1.1.1

Jul 04, 2020 10:42:19 PM Logger.FileLogger write
INFO: >>> Get Status >>> Sending request to server

Jul 04, 2020 10:42:19 PM Logger.FileLogger write
INFO: >>> Get Player Status >>> Sending request to Asia

Jul 04, 2020 10:42:20 PM Logger.FileLogger write
INFO: >>> Get Status >>> Response >>> 
AS: 0 online, 5 offline, EU: 0 online, 5 offline, NA: 0 online, 5 offline.

Jul 04, 2020 10:42:27 PM Logger.FileLogger write
INFO: >>> Suspend Account

Jul 04, 2020 10:42:44 PM Logger.FileLogger write
INFO: >>> Suspend Account >>> username >>>  Kevin123

Jul 04, 2020 10:42:44 PM Logger.FileLogger write
INFO: >>> Suspend Account >>> password >>> Kevin123

Jul 04, 2020 10:42:44 PM Logger.FileLogger write
INFO: >>> Suspend Account >>> ipaddress >>> 182.1.1.1

Jul 04, 2020 10:42:44 PM Logger.FileLogger write
INFO: >>> Suspend Account >>> Username To Suspend >>> sfdasd

Jul 04, 2020 10:42:44 PM Logger.FileLogger write
INFO: >>> Suspend Account >>> Sending request to server

Jul 04, 2020 10:42:44 PM Logger.FileLogger write
INFO: >>> Suspend Account >>> Sending request to Asia

Jul 04, 2020 10:42:44 PM Logger.FileLogger write
INFO: >>> Suspend Account >>> Response >>> 
Wrong username or password...

Jul 04, 2020 10:42:49 PM Logger.FileLogger write
INFO: >>> Suspend Account

Jul 04, 2020 10:43:03 PM Logger.FileLogger write
INFO: >>> Suspend Account >>> username >>>  Admin

Jul 04, 2020 10:43:03 PM Logger.FileLogger write
INFO: >>> Suspend Account >>> password >>> Admin

Jul 04, 2020 10:43:03 PM Logger.FileLogger write
INFO: >>> Suspend Account >>> ipaddress >>> 182.23.1.3

Jul 04, 2020 10:43:03 PM Logger.FileLogger write
INFO: >>> Suspend Account >>> Username To Suspend >>> Kevin123

Jul 04, 2020 10:43:03 PM Logger.FileLogger write
INFO: >>> Suspend Account >>> Sending request to server

Jul 04, 2020 10:43:03 PM Logger.FileLogger write
INFO: >>> Suspend Account >>> Sending request to Asia

Jul 04, 2020 10:43:03 PM Logger.FileLogger write
INFO: >>> Suspend Account >>> Response >>> 
A player account with "Kevin123" username is suspended

Jul 04, 2020 10:43:48 PM Logger.FileLogger write
INFO: >>> Get Status

Jul 04, 2020 10:43:55 PM Logger.FileLogger write
INFO: >>> Get Status >>> username >>>  Admin

Jul 04, 2020 10:43:55 PM Logger.FileLogger write
INFO: >>> Get Status >>> password >>> Admin

Jul 04, 2020 10:43:55 PM Logger.FileLogger write
INFO: >>> Get Status >>> ipaddress >>> 182.1.1.1

Jul 04, 2020 10:43:55 PM Logger.FileLogger write
INFO: >>> Get Status >>> Sending request to server

Jul 04, 2020 10:43:55 PM Logger.FileLogger write
INFO: >>> Get Player Status >>> Sending request to Asia

Jul 04, 2020 10:43:55 PM Logger.FileLogger write
INFO: >>> Get Status >>> Response >>> 
AS: 1 online, 3 offline, EU: 0 online, 5 offline, NA: 0 online, 5 offline.

Jul 04, 2020 10:44:08 PM Logger.FileLogger write
INFO: >>> inputChoice >>> Please input Integer only

Jul 04, 2020 10:44:08 PM Logger.FileLogger write
INFO: >>> inputChoice >>> Please input Integer only

