Jun. 07, 2020 5:34:16 P.M. Logger.FileLogger write
INFO: >>> createPlayerAccount

Jun. 07, 2020 5:34:16 P.M. Logger.FileLogger write
INFO: >>> createPlayerAccount >>> username >>> Amsel97

Jun. 07, 2020 5:34:16 P.M. Logger.FileLogger write
INFO: >>> createPlayerAccount >>> firstname >>> Davinia

Jun. 07, 2020 5:34:16 P.M. Logger.FileLogger write
INFO: >>> createPlayerAccount >>> lastname >>> Amsel

Jun. 07, 2020 5:34:16 P.M. Logger.FileLogger write
INFO: >>> createPlayerAccount >>> password >>> Davinia123

Jun. 07, 2020 5:34:16 P.M. Logger.FileLogger write
INFO: >>> createPlayerAccount >>> age >>> 20

Jun. 07, 2020 5:34:16 P.M. Logger.FileLogger write
INFO: >>> createPlayerAccount >>> ipadddress >>> 93.5.4.4

Jun. 07, 2020 5:34:16 P.M. Logger.FileLogger write
INFO: >>> createPlayerAccount >>> User information stored

Jun. 07, 2020 5:37:51 P.M. Logger.FileLogger write
INFO: >>> createPlayerAccount

Jun. 07, 2020 5:37:51 P.M. Logger.FileLogger write
INFO: >>> createPlayerAccount >>> username >>> Amsel97

Jun. 07, 2020 5:37:51 P.M. Logger.FileLogger write
INFO: >>> createPlayerAccount >>> firstname >>> Davinia

Jun. 07, 2020 5:37:51 P.M. Logger.FileLogger write
INFO: >>> createPlayerAccount >>> lastname >>> Amsel

Jun. 07, 2020 5:37:51 P.M. Logger.FileLogger write
INFO: >>> createPlayerAccount >>> password >>> Davinia123

Jun. 07, 2020 5:37:51 P.M. Logger.FileLogger write
INFO: >>> createPlayerAccount >>> age >>> 20

Jun. 07, 2020 5:37:51 P.M. Logger.FileLogger write
INFO: >>> createPlayerAccount >>> ipadddress >>> 93.5.4.4

Jun. 07, 2020 5:37:51 P.M. Logger.FileLogger write
INFO: >>> createPlayerAccount >>> User information stored

Jun. 07, 2020 5:43:22 P.M. Logger.FileLogger write
INFO: >>> createPlayerAccount

Jun. 07, 2020 5:43:22 P.M. Logger.FileLogger write
INFO: >>> createPlayerAccount >>> username >>> Amsel97

Jun. 07, 2020 5:43:22 P.M. Logger.FileLogger write
INFO: >>> createPlayerAccount >>> firstname >>> Davinia

Jun. 07, 2020 5:43:22 P.M. Logger.FileLogger write
INFO: >>> createPlayerAccount >>> lastname >>> Amsel

Jun. 07, 2020 5:43:22 P.M. Logger.FileLogger write
INFO: >>> createPlayerAccount >>> password >>> Davinia123

Jun. 07, 2020 5:43:22 P.M. Logger.FileLogger write
INFO: >>> createPlayerAccount >>> age >>> 20

Jun. 07, 2020 5:43:22 P.M. Logger.FileLogger write
INFO: >>> createPlayerAccount >>> ipadddress >>> 93.5.4.4

Jun. 07, 2020 5:43:22 P.M. Logger.FileLogger write
INFO: >>> createPlayerAccount >>> User information stored

Jun. 07, 2020 5:45:51 P.M. Logger.FileLogger write
INFO: >>> createPlayerAccount

Jun. 07, 2020 5:45:51 P.M. Logger.FileLogger write
INFO: >>> createPlayerAccount >>> username >>> Amsel97

Jun. 07, 2020 5:45:51 P.M. Logger.FileLogger write
INFO: >>> createPlayerAccount >>> firstname >>> Davinia

Jun. 07, 2020 5:45:51 P.M. Logger.FileLogger write
INFO: >>> createPlayerAccount >>> lastname >>> Amsel

Jun. 07, 2020 5:45:51 P.M. Logger.FileLogger write
INFO: >>> createPlayerAccount >>> password >>> Davinia123

Jun. 07, 2020 5:45:51 P.M. Logger.FileLogger write
INFO: >>> createPlayerAccount >>> age >>> 20

Jun. 07, 2020 5:45:51 P.M. Logger.FileLogger write
INFO: >>> createPlayerAccount >>> ipadddress >>> 93.5.4.4

Jun. 07, 2020 5:45:51 P.M. Logger.FileLogger write
INFO: >>> createPlayerAccount >>> User information stored

Jun. 07, 2020 5:59:48 P.M. Logger.FileLogger write
INFO: >>> createPlayerAccount

Jun. 07, 2020 5:59:48 P.M. Logger.FileLogger write
INFO: >>> createPlayerAccount >>> username >>> Amsel97

Jun. 07, 2020 5:59:48 P.M. Logger.FileLogger write
INFO: >>> createPlayerAccount >>> firstname >>> Davinia

Jun. 07, 2020 5:59:48 P.M. Logger.FileLogger write
INFO: >>> createPlayerAccount >>> lastname >>> Amsel

Jun. 07, 2020 5:59:48 P.M. Logger.FileLogger write
INFO: >>> createPlayerAccount >>> password >>> Davinia123

Jun. 07, 2020 5:59:48 P.M. Logger.FileLogger write
INFO: >>> createPlayerAccount >>> age >>> 20

Jun. 07, 2020 5:59:48 P.M. Logger.FileLogger write
INFO: >>> createPlayerAccount >>> ipadddress >>> 93.5.4.4

Jun. 07, 2020 5:59:48 P.M. Logger.FileLogger write
INFO: >>> createPlayerAccount >>> User information stored

Jun. 07, 2020 6:02:00 P.M. Logger.FileLogger write
INFO: >>> playerSignIn >>> Amsel97 signed in successfully...

Jun. 07, 2020 6:35:44 P.M. Logger.FileLogger write
INFO: >>> createPlayerAccount

Jun. 07, 2020 6:35:44 P.M. Logger.FileLogger write
INFO: >>> createPlayerAccount >>> username >>> Amsel97

Jun. 07, 2020 6:35:44 P.M. Logger.FileLogger write
INFO: >>> createPlayerAccount >>> firstname >>> Davinia

Jun. 07, 2020 6:35:44 P.M. Logger.FileLogger write
INFO: >>> createPlayerAccount >>> lastname >>> Amsel

Jun. 07, 2020 6:35:44 P.M. Logger.FileLogger write
INFO: >>> createPlayerAccount >>> password >>> Davinia123

Jun. 07, 2020 6:35:44 P.M. Logger.FileLogger write
INFO: >>> createPlayerAccount >>> age >>> 20

Jun. 07, 2020 6:35:44 P.M. Logger.FileLogger write
INFO: >>> createPlayerAccount >>> ipadddress >>> 93.5.4.4

Jun. 07, 2020 6:35:44 P.M. Logger.FileLogger write
INFO: >>> createPlayerAccount >>> User information stored

Jun. 07, 2020 10:25:25 P.M. Logger.FileLogger write
INFO: >>> createPlayerAccount

Jun. 07, 2020 10:25:25 P.M. Logger.FileLogger write
INFO: >>> createPlayerAccount >>> username >>> Amsel97

Jun. 07, 2020 10:25:25 P.M. Logger.FileLogger write
INFO: >>> createPlayerAccount >>> firstname >>> Davinia

Jun. 07, 2020 10:25:25 P.M. Logger.FileLogger write
INFO: >>> createPlayerAccount >>> lastname >>> Amsel

Jun. 07, 2020 10:25:25 P.M. Logger.FileLogger write
INFO: >>> createPlayerAccount >>> password >>> Davinia123

Jun. 07, 2020 10:25:25 P.M. Logger.FileLogger write
INFO: >>> createPlayerAccount >>> age >>> 20

Jun. 07, 2020 10:25:25 P.M. Logger.FileLogger write
INFO: >>> createPlayerAccount >>> ipadddress >>> 93.5.4.4

Jun. 07, 2020 10:25:25 P.M. Logger.FileLogger write
INFO: >>> createPlayerAccount >>> User information stored

