Jul 04, 2020 9:18:33 PM Logger.FileLogger write
INFO: >>> createPlayerAccount

Jul 04, 2020 9:18:33 PM Logger.FileLogger write
INFO: >>> createPlayerAccount >>> username >>> Adak123

Jul 04, 2020 9:18:33 PM Logger.FileLogger write
INFO: >>> createPlayerAccount >>> firstname >>> Ada

Jul 04, 2020 9:18:33 PM Logger.FileLogger write
INFO: >>> createPlayerAccount >>> lastname >>> Kim

Jul 04, 2020 9:18:33 PM Logger.FileLogger write
INFO: >>> createPlayerAccount >>> password >>> Adak123

Jul 04, 2020 9:18:33 PM Logger.FileLogger write
INFO: >>> createPlayerAccount >>> age >>> 18

Jul 04, 2020 9:18:33 PM Logger.FileLogger write
INFO: >>> createPlayerAccount >>> ipadddress >>> 182.34.2.3

Jul 04, 2020 9:18:33 PM Logger.FileLogger write
INFO: >>> createPlayerAccount >>> User information stored

Jul 04, 2020 9:23:37 PM Logger.FileLogger write
INFO: >>> createPlayerAccount

Jul 04, 2020 9:23:37 PM Logger.FileLogger write
INFO: >>> createPlayerAccount >>> username >>> Adak123

Jul 04, 2020 9:23:37 PM Logger.FileLogger write
INFO: >>> createPlayerAccount >>> firstname >>> Ada

Jul 04, 2020 9:23:37 PM Logger.FileLogger write
INFO: >>> createPlayerAccount >>> lastname >>> Kim

Jul 04, 2020 9:23:37 PM Logger.FileLogger write
INFO: >>> createPlayerAccount >>> password >>> Adak123

Jul 04, 2020 9:23:37 PM Logger.FileLogger write
INFO: >>> createPlayerAccount >>> age >>> 18

Jul 04, 2020 9:23:37 PM Logger.FileLogger write
INFO: >>> createPlayerAccount >>> ipadddress >>> 182.34.2.3

Jul 04, 2020 9:23:37 PM Logger.FileLogger write
INFO: >>> createPlayerAccount >>> User information stored

Jul 04, 2020 9:48:11 PM Logger.FileLogger write
INFO: >>> createPlayerAccount

Jul 04, 2020 9:48:11 PM Logger.FileLogger write
INFO: >>> createPlayerAccount >>> username >>> Adak123

Jul 04, 2020 9:48:11 PM Logger.FileLogger write
INFO: >>> createPlayerAccount >>> firstname >>> Ada

Jul 04, 2020 9:48:11 PM Logger.FileLogger write
INFO: >>> createPlayerAccount >>> lastname >>> Kim

Jul 04, 2020 9:48:11 PM Logger.FileLogger write
INFO: >>> createPlayerAccount >>> password >>> Adak123

Jul 04, 2020 9:48:11 PM Logger.FileLogger write
INFO: >>> createPlayerAccount >>> age >>> 18

Jul 04, 2020 9:48:11 PM Logger.FileLogger write
INFO: >>> createPlayerAccount >>> ipadddress >>> 182.34.2.3

Jul 04, 2020 9:48:11 PM Logger.FileLogger write
INFO: >>> createPlayerAccount >>> User information stored

Jul 04, 2020 10:13:54 PM Logger.FileLogger write
INFO: >>> createPlayerAccount

Jul 04, 2020 10:13:54 PM Logger.FileLogger write
INFO: >>> createPlayerAccount >>> username >>> Adak123

Jul 04, 2020 10:13:54 PM Logger.FileLogger write
INFO: >>> createPlayerAccount >>> firstname >>> Ada

Jul 04, 2020 10:13:54 PM Logger.FileLogger write
INFO: >>> createPlayerAccount >>> lastname >>> Kim

Jul 04, 2020 10:13:54 PM Logger.FileLogger write
INFO: >>> createPlayerAccount >>> password >>> Adak123

Jul 04, 2020 10:13:54 PM Logger.FileLogger write
INFO: >>> createPlayerAccount >>> age >>> 18

Jul 04, 2020 10:13:54 PM Logger.FileLogger write
INFO: >>> createPlayerAccount >>> ipadddress >>> 182.34.2.3

Jul 04, 2020 10:13:54 PM Logger.FileLogger write
INFO: >>> createPlayerAccount >>> User information stored

Jul 04, 2020 10:19:42 PM Logger.FileLogger write
INFO: >>> createPlayerAccount

Jul 04, 2020 10:19:42 PM Logger.FileLogger write
INFO: >>> createPlayerAccount >>> username >>> Adak123

Jul 04, 2020 10:19:42 PM Logger.FileLogger write
INFO: >>> createPlayerAccount >>> firstname >>> Ada

Jul 04, 2020 10:19:42 PM Logger.FileLogger write
INFO: >>> createPlayerAccount >>> lastname >>> Kim

Jul 04, 2020 10:19:42 PM Logger.FileLogger write
INFO: >>> createPlayerAccount >>> password >>> Adak123

Jul 04, 2020 10:19:42 PM Logger.FileLogger write
INFO: >>> createPlayerAccount >>> age >>> 18

Jul 04, 2020 10:19:42 PM Logger.FileLogger write
INFO: >>> createPlayerAccount >>> ipadddress >>> 182.34.2.3

Jul 04, 2020 10:19:42 PM Logger.FileLogger write
INFO: >>> createPlayerAccount >>> User information stored

Jul 04, 2020 10:41:38 PM Logger.FileLogger write
INFO: >>> createPlayerAccount

Jul 04, 2020 10:41:38 PM Logger.FileLogger write
INFO: >>> createPlayerAccount >>> username >>> Adak123

Jul 04, 2020 10:41:38 PM Logger.FileLogger write
INFO: >>> createPlayerAccount >>> firstname >>> Ada

Jul 04, 2020 10:41:38 PM Logger.FileLogger write
INFO: >>> createPlayerAccount >>> lastname >>> Kim

Jul 04, 2020 10:41:38 PM Logger.FileLogger write
INFO: >>> createPlayerAccount >>> password >>> Adak123

Jul 04, 2020 10:41:38 PM Logger.FileLogger write
INFO: >>> createPlayerAccount >>> age >>> 18

Jul 04, 2020 10:41:38 PM Logger.FileLogger write
INFO: >>> createPlayerAccount >>> ipadddress >>> 182.34.2.3

Jul 04, 2020 10:41:38 PM Logger.FileLogger write
INFO: >>> createPlayerAccount >>> User information stored

