Jul 07, 2020 10:01:14 PM logger.FileLogger write
INFO: >>> createPlayerAccount

Jul 07, 2020 10:01:14 PM logger.FileLogger write
INFO: >>> createPlayerAccount >>> username >>> Gyles123

Jul 07, 2020 10:01:14 PM logger.FileLogger write
INFO: >>> createPlayerAccount >>> firstname >>> Gyles

Jul 07, 2020 10:01:14 PM logger.FileLogger write
INFO: >>> createPlayerAccount >>> lastname >>> Key

Jul 07, 2020 10:01:14 PM logger.FileLogger write
INFO: >>> createPlayerAccount >>> password >>> Gyles123

Jul 07, 2020 10:01:14 PM logger.FileLogger write
INFO: >>> createPlayerAccount >>> age >>> 23

Jul 07, 2020 10:01:14 PM logger.FileLogger write
INFO: >>> createPlayerAccount >>> ipadddress >>> 93.5.4.5

Jul 07, 2020 10:01:14 PM logger.FileLogger write
INFO: >>> createPlayerAccount >>> User information stored

Jul 08, 2020 12:54:52 AM logger.FileLogger write
INFO: >>> createPlayerAccount

Jul 08, 2020 12:54:52 AM logger.FileLogger write
INFO: >>> createPlayerAccount >>> username >>> Gyles123

Jul 08, 2020 12:54:52 AM logger.FileLogger write
INFO: >>> createPlayerAccount >>> firstname >>> Gyles

Jul 08, 2020 12:54:52 AM logger.FileLogger write
INFO: >>> createPlayerAccount >>> lastname >>> Key

Jul 08, 2020 12:54:52 AM logger.FileLogger write
INFO: >>> createPlayerAccount >>> password >>> Gyles123

Jul 08, 2020 12:54:52 AM logger.FileLogger write
INFO: >>> createPlayerAccount >>> age >>> 23

Jul 08, 2020 12:54:52 AM logger.FileLogger write
INFO: >>> createPlayerAccount >>> ipadddress >>> 93.5.4.5

Jul 08, 2020 12:54:52 AM logger.FileLogger write
INFO: >>> createPlayerAccount >>> User information stored

Jul 08, 2020 4:34:06 PM logger.FileLogger write
INFO: >>> createPlayerAccount

Jul 08, 2020 4:34:06 PM logger.FileLogger write
INFO: >>> createPlayerAccount >>> username >>> Gyles123

Jul 08, 2020 4:34:06 PM logger.FileLogger write
INFO: >>> createPlayerAccount >>> firstname >>> Gyles

Jul 08, 2020 4:34:06 PM logger.FileLogger write
INFO: >>> createPlayerAccount >>> lastname >>> Key

Jul 08, 2020 4:34:06 PM logger.FileLogger write
INFO: >>> createPlayerAccount >>> password >>> Gyles123

Jul 08, 2020 4:34:06 PM logger.FileLogger write
INFO: >>> createPlayerAccount >>> age >>> 23

Jul 08, 2020 4:34:06 PM logger.FileLogger write
INFO: >>> createPlayerAccount >>> ipadddress >>> 93.5.4.5

Jul 08, 2020 4:34:06 PM logger.FileLogger write
INFO: >>> createPlayerAccount >>> User information stored

Jul 08, 2020 5:28:58 PM logger.FileLogger write
INFO: >>> createPlayerAccount

Jul 08, 2020 5:28:58 PM logger.FileLogger write
INFO: >>> createPlayerAccount >>> username >>> Gyles123

Jul 08, 2020 5:28:58 PM logger.FileLogger write
INFO: >>> createPlayerAccount >>> firstname >>> Gyles

Jul 08, 2020 5:28:58 PM logger.FileLogger write
INFO: >>> createPlayerAccount >>> lastname >>> Key

Jul 08, 2020 5:28:58 PM logger.FileLogger write
INFO: >>> createPlayerAccount >>> password >>> Gyles123

Jul 08, 2020 5:28:58 PM logger.FileLogger write
INFO: >>> createPlayerAccount >>> age >>> 23

Jul 08, 2020 5:28:58 PM logger.FileLogger write
INFO: >>> createPlayerAccount >>> ipadddress >>> 93.5.4.5

Jul 08, 2020 5:28:58 PM logger.FileLogger write
INFO: >>> createPlayerAccount >>> User information stored

Jul 08, 2020 6:48:11 PM logger.FileLogger write
INFO: >>> createPlayerAccount

Jul 08, 2020 6:48:11 PM logger.FileLogger write
INFO: >>> createPlayerAccount >>> username >>> Gyles123

Jul 08, 2020 6:48:11 PM logger.FileLogger write
INFO: >>> createPlayerAccount >>> firstname >>> Gyles

Jul 08, 2020 6:48:11 PM logger.FileLogger write
INFO: >>> createPlayerAccount >>> lastname >>> Key

Jul 08, 2020 6:48:11 PM logger.FileLogger write
INFO: >>> createPlayerAccount >>> password >>> Gyles123

Jul 08, 2020 6:48:11 PM logger.FileLogger write
INFO: >>> createPlayerAccount >>> age >>> 23

Jul 08, 2020 6:48:11 PM logger.FileLogger write
INFO: >>> createPlayerAccount >>> ipadddress >>> 93.5.4.5

Jul 08, 2020 6:48:11 PM logger.FileLogger write
INFO: >>> createPlayerAccount >>> User information stored

