Jul 08, 2020 11:45:08 PM logger.FileLogger write
INFO: >>> createPlayerAccount

Jul 08, 2020 11:45:08 PM logger.FileLogger write
INFO: >>> createPlayerAccount >>> username >>> Philipa123

Jul 08, 2020 11:45:08 PM logger.FileLogger write
INFO: >>> createPlayerAccount >>> firstname >>> Philipa

Jul 08, 2020 11:45:08 PM logger.FileLogger write
INFO: >>> createPlayerAccount >>> lastname >>> Alphonzo

Jul 08, 2020 11:45:08 PM logger.FileLogger write
INFO: >>> createPlayerAccount >>> password >>> Philipa123

Jul 08, 2020 11:45:08 PM logger.FileLogger write
INFO: >>> createPlayerAccount >>> age >>> 18

Jul 08, 2020 11:45:08 PM logger.FileLogger write
INFO: >>> createPlayerAccount >>> ipadddress >>> 93.5.4.3

Jul 08, 2020 11:45:08 PM logger.FileLogger write
INFO: >>> createPlayerAccount >>> User information stored

Jul 10, 2020 6:37:09 PM logger.FileLogger write
INFO: >>> createPlayerAccount

Jul 10, 2020 6:37:09 PM logger.FileLogger write
INFO: >>> createPlayerAccount >>> username >>> Philipa123

Jul 10, 2020 6:37:09 PM logger.FileLogger write
INFO: >>> createPlayerAccount >>> firstname >>> Philipa

Jul 10, 2020 6:37:09 PM logger.FileLogger write
INFO: >>> createPlayerAccount >>> lastname >>> Alphonzo

Jul 10, 2020 6:37:09 PM logger.FileLogger write
INFO: >>> createPlayerAccount >>> password >>> Philipa123

Jul 10, 2020 6:37:09 PM logger.FileLogger write
INFO: >>> createPlayerAccount >>> age >>> 18

Jul 10, 2020 6:37:09 PM logger.FileLogger write
INFO: >>> createPlayerAccount >>> ipadddress >>> 93.5.4.3

Jul 10, 2020 6:37:09 PM logger.FileLogger write
INFO: >>> createPlayerAccount >>> User information stored

Jul 10, 2020 11:28:13 PM logger.FileLogger write
INFO: >>> createPlayerAccount

Jul 10, 2020 11:28:14 PM logger.FileLogger write
INFO: >>> createPlayerAccount >>> username >>> Philipa123

Jul 10, 2020 11:28:14 PM logger.FileLogger write
INFO: >>> createPlayerAccount >>> firstname >>> Philipa

Jul 10, 2020 11:28:14 PM logger.FileLogger write
INFO: >>> createPlayerAccount >>> lastname >>> Alphonzo

Jul 10, 2020 11:28:14 PM logger.FileLogger write
INFO: >>> createPlayerAccount >>> password >>> Philipa123

Jul 10, 2020 11:28:14 PM logger.FileLogger write
INFO: >>> createPlayerAccount >>> age >>> 18

Jul 10, 2020 11:28:14 PM logger.FileLogger write
INFO: >>> createPlayerAccount >>> ipadddress >>> 93.5.4.3

Jul 10, 2020 11:28:14 PM logger.FileLogger write
INFO: >>> createPlayerAccount >>> User information stored

Jul 11, 2020 6:23:16 PM logger.FileLogger write
INFO: >>> createPlayerAccount

Jul 11, 2020 6:23:16 PM logger.FileLogger write
INFO: >>> createPlayerAccount >>> username >>> Philipa123

Jul 11, 2020 6:23:16 PM logger.FileLogger write
INFO: >>> createPlayerAccount >>> firstname >>> Philipa

Jul 11, 2020 6:23:16 PM logger.FileLogger write
INFO: >>> createPlayerAccount >>> lastname >>> Alphonzo

Jul 11, 2020 6:23:16 PM logger.FileLogger write
INFO: >>> createPlayerAccount >>> password >>> Philipa123

Jul 11, 2020 6:23:16 PM logger.FileLogger write
INFO: >>> createPlayerAccount >>> age >>> 18

Jul 11, 2020 6:23:16 PM logger.FileLogger write
INFO: >>> createPlayerAccount >>> ipadddress >>> 93.5.4.3

Jul 11, 2020 6:23:16 PM logger.FileLogger write
INFO: >>> createPlayerAccount >>> User information stored

