Jul 04, 2020 9:36:18 PM Logger.FileLogger write
INFO: >>> createPlayerAccount

Jul 04, 2020 9:36:18 PM Logger.FileLogger write
INFO: >>> createPlayerAccount >>> username >>> Philipa123

Jul 04, 2020 9:36:18 PM Logger.FileLogger write
INFO: >>> createPlayerAccount >>> firstname >>> Philipa

Jul 04, 2020 9:36:18 PM Logger.FileLogger write
INFO: >>> createPlayerAccount >>> lastname >>> Alphonzo

Jul 04, 2020 9:36:18 PM Logger.FileLogger write
INFO: >>> createPlayerAccount >>> password >>> Philipa123

Jul 04, 2020 9:36:18 PM Logger.FileLogger write
INFO: >>> createPlayerAccount >>> age >>> 18

Jul 04, 2020 9:36:18 PM Logger.FileLogger write
INFO: >>> createPlayerAccount >>> ipadddress >>> 93.5.4.3

Jul 04, 2020 9:36:18 PM Logger.FileLogger write
INFO: >>> createPlayerAccount >>> User information stored

Jul 04, 2020 9:48:17 PM Logger.FileLogger write
INFO: >>> createPlayerAccount

Jul 04, 2020 9:48:17 PM Logger.FileLogger write
INFO: >>> createPlayerAccount >>> username >>> Philipa123

Jul 04, 2020 9:48:17 PM Logger.FileLogger write
INFO: >>> createPlayerAccount >>> firstname >>> Philipa

Jul 04, 2020 9:48:17 PM Logger.FileLogger write
INFO: >>> createPlayerAccount >>> lastname >>> Alphonzo

Jul 04, 2020 9:48:17 PM Logger.FileLogger write
INFO: >>> createPlayerAccount >>> password >>> Philipa123

Jul 04, 2020 9:48:17 PM Logger.FileLogger write
INFO: >>> createPlayerAccount >>> age >>> 18

Jul 04, 2020 9:48:17 PM Logger.FileLogger write
INFO: >>> createPlayerAccount >>> ipadddress >>> 93.5.4.3

Jul 04, 2020 9:48:17 PM Logger.FileLogger write
INFO: >>> createPlayerAccount >>> User information stored

Jul 04, 2020 10:20:20 PM Logger.FileLogger write
INFO: >>> createPlayerAccount

Jul 04, 2020 10:20:20 PM Logger.FileLogger write
INFO: >>> createPlayerAccount >>> username >>> Philipa123

Jul 04, 2020 10:20:20 PM Logger.FileLogger write
INFO: >>> createPlayerAccount >>> firstname >>> Philipa

Jul 04, 2020 10:20:20 PM Logger.FileLogger write
INFO: >>> createPlayerAccount >>> lastname >>> Alphonzo

Jul 04, 2020 10:20:20 PM Logger.FileLogger write
INFO: >>> createPlayerAccount >>> password >>> Philipa123

Jul 04, 2020 10:20:20 PM Logger.FileLogger write
INFO: >>> createPlayerAccount >>> age >>> 18

Jul 04, 2020 10:20:20 PM Logger.FileLogger write
INFO: >>> createPlayerAccount >>> ipadddress >>> 93.5.4.3

Jul 04, 2020 10:20:20 PM Logger.FileLogger write
INFO: >>> createPlayerAccount >>> User information stored

Jul 04, 2020 10:41:42 PM Logger.FileLogger write
INFO: >>> createPlayerAccount

Jul 04, 2020 10:41:42 PM Logger.FileLogger write
INFO: >>> createPlayerAccount >>> username >>> Philipa123

Jul 04, 2020 10:41:42 PM Logger.FileLogger write
INFO: >>> createPlayerAccount >>> firstname >>> Philipa

Jul 04, 2020 10:41:42 PM Logger.FileLogger write
INFO: >>> createPlayerAccount >>> lastname >>> Alphonzo

Jul 04, 2020 10:41:42 PM Logger.FileLogger write
INFO: >>> createPlayerAccount >>> password >>> Philipa123

Jul 04, 2020 10:41:42 PM Logger.FileLogger write
INFO: >>> createPlayerAccount >>> age >>> 18

Jul 04, 2020 10:41:42 PM Logger.FileLogger write
INFO: >>> createPlayerAccount >>> ipadddress >>> 93.5.4.3

Jul 04, 2020 10:41:42 PM Logger.FileLogger write
INFO: >>> createPlayerAccount >>> User information stored

