Jun 12, 2020 12:02:22 AM Logger.FileLogger write
INFO: >>> createPlayerAccount

Jun 12, 2020 12:02:22 AM Logger.FileLogger write
INFO: >>> createPlayerAccount >>> username >>> Charles123

Jun 12, 2020 12:02:22 AM Logger.FileLogger write
INFO: >>> createPlayerAccount >>> firstname >>> Charles

Jun 12, 2020 12:02:22 AM Logger.FileLogger write
INFO: >>> createPlayerAccount >>> lastname >>> Lee

Jun 12, 2020 12:02:22 AM Logger.FileLogger write
INFO: >>> createPlayerAccount >>> password >>> Charles123

Jun 12, 2020 12:02:22 AM Logger.FileLogger write
INFO: >>> createPlayerAccount >>> age >>> 15

Jun 12, 2020 12:02:22 AM Logger.FileLogger write
INFO: >>> createPlayerAccount >>> ipadddress >>> 182.34.2.2

Jun 12, 2020 12:02:22 AM Logger.FileLogger write
INFO: >>> createPlayerAccount >>> User information stored

Jun 12, 2020 12:11:37 AM Logger.FileLogger write
INFO: >>> createPlayerAccount

Jun 12, 2020 12:11:37 AM Logger.FileLogger write
INFO: >>> createPlayerAccount >>> username >>> Charles123

Jun 12, 2020 12:11:37 AM Logger.FileLogger write
INFO: >>> createPlayerAccount >>> firstname >>> Charles

Jun 12, 2020 12:11:37 AM Logger.FileLogger write
INFO: >>> createPlayerAccount >>> lastname >>> Lee

Jun 12, 2020 12:11:37 AM Logger.FileLogger write
INFO: >>> createPlayerAccount >>> password >>> Charles123

Jun 12, 2020 12:11:37 AM Logger.FileLogger write
INFO: >>> createPlayerAccount >>> age >>> 15

Jun 12, 2020 12:11:37 AM Logger.FileLogger write
INFO: >>> createPlayerAccount >>> ipadddress >>> 182.34.2.2

Jun 12, 2020 12:11:37 AM Logger.FileLogger write
INFO: >>> createPlayerAccount >>> User information stored

Jun 12, 2020 12:25:13 AM Logger.FileLogger write
INFO: >>> createPlayerAccount

Jun 12, 2020 12:25:13 AM Logger.FileLogger write
INFO: >>> createPlayerAccount >>> username >>> Charles123

Jun 12, 2020 12:25:13 AM Logger.FileLogger write
INFO: >>> createPlayerAccount >>> firstname >>> Charles

Jun 12, 2020 12:25:13 AM Logger.FileLogger write
INFO: >>> createPlayerAccount >>> lastname >>> Lee

Jun 12, 2020 12:25:13 AM Logger.FileLogger write
INFO: >>> createPlayerAccount >>> password >>> Charles123

Jun 12, 2020 12:25:13 AM Logger.FileLogger write
INFO: >>> createPlayerAccount >>> age >>> 15

Jun 12, 2020 12:25:13 AM Logger.FileLogger write
INFO: >>> createPlayerAccount >>> ipadddress >>> 182.34.2.2

Jun 12, 2020 12:25:13 AM Logger.FileLogger write
INFO: >>> createPlayerAccount >>> User information stored

