Aug 10, 2020 4:09:23 PM Utilities.FileLogger write
INFO: >>> createPlayerAccount

Aug 10, 2020 4:09:23 PM Utilities.FileLogger write
INFO: >>> createPlayerAccount >>> username >>> Varun123

Aug 10, 2020 4:09:23 PM Utilities.FileLogger write
INFO: >>> createPlayerAccount >>> firstname >>> Varun

Aug 10, 2020 4:09:23 PM Utilities.FileLogger write
INFO: >>> createPlayerAccount >>> lastname >>> Patel

Aug 10, 2020 4:09:23 PM Utilities.FileLogger write
INFO: >>> createPlayerAccount >>> password >>> Varun123

Aug 10, 2020 4:09:23 PM Utilities.FileLogger write
INFO: >>> createPlayerAccount >>> age >>> 20

Aug 10, 2020 4:09:23 PM Utilities.FileLogger write
INFO: >>> createPlayerAccount >>> ipadddress >>> 182.34.2.4

Aug 10, 2020 4:09:23 PM Utilities.FileLogger write
INFO: >>> createPlayerAccount >>> User information stored

Aug 10, 2020 4:10:19 PM Utilities.FileLogger write
INFO: >>> playerSignIn >>> Varun123 entered wrong password...

Aug 10, 2020 4:10:34 PM Utilities.FileLogger write
INFO: >>> playerSignIn >>> Varun123 signed in successfully...

Aug 10, 2020 4:10:58 PM Utilities.FileLogger write
INFO: >>> playerSignOut >>> Varun123 signed out successfully...

