Aug 02, 2020 5:17:26 PM Utilities.FileLogger write
INFO: >>> createPlayerAccount

Aug 02, 2020 5:17:26 PM Utilities.FileLogger write
INFO: >>> createPlayerAccount >>> username >>> Philipa123

Aug 02, 2020 5:17:26 PM Utilities.FileLogger write
INFO: >>> createPlayerAccount >>> firstname >>> Philipa

Aug 02, 2020 5:17:26 PM Utilities.FileLogger write
INFO: >>> createPlayerAccount >>> lastname >>> Alphonzo

Aug 02, 2020 5:17:26 PM Utilities.FileLogger write
INFO: >>> createPlayerAccount >>> password >>> Philipa123

Aug 02, 2020 5:17:26 PM Utilities.FileLogger write
INFO: >>> createPlayerAccount >>> age >>> 18

Aug 02, 2020 5:17:26 PM Utilities.FileLogger write
INFO: >>> createPlayerAccount >>> ipadddress >>> 93.5.4.3

Aug 02, 2020 5:17:26 PM Utilities.FileLogger write
INFO: >>> createPlayerAccount >>> User information stored

Aug 03, 2020 2:00:30 PM Utilities.FileLogger write
INFO: >>> createPlayerAccount

Aug 03, 2020 2:00:30 PM Utilities.FileLogger write
INFO: >>> createPlayerAccount >>> username >>> Philipa123

Aug 03, 2020 2:00:30 PM Utilities.FileLogger write
INFO: >>> createPlayerAccount >>> firstname >>> Philipa

Aug 03, 2020 2:00:30 PM Utilities.FileLogger write
INFO: >>> createPlayerAccount >>> lastname >>> Alphonzo

Aug 03, 2020 2:00:30 PM Utilities.FileLogger write
INFO: >>> createPlayerAccount >>> password >>> Philipa123

Aug 03, 2020 2:00:30 PM Utilities.FileLogger write
INFO: >>> createPlayerAccount >>> age >>> 18

Aug 03, 2020 2:00:30 PM Utilities.FileLogger write
INFO: >>> createPlayerAccount >>> ipadddress >>> 93.5.4.3

Aug 03, 2020 2:00:30 PM Utilities.FileLogger write
INFO: >>> createPlayerAccount >>> User information stored

Aug 03, 2020 2:16:27 PM Utilities.FileLogger write
INFO: >>> createPlayerAccount

Aug 03, 2020 2:16:27 PM Utilities.FileLogger write
INFO: >>> createPlayerAccount >>> username >>> Philipa123

Aug 03, 2020 2:16:27 PM Utilities.FileLogger write
INFO: >>> createPlayerAccount >>> firstname >>> Philipa

Aug 03, 2020 2:16:27 PM Utilities.FileLogger write
INFO: >>> createPlayerAccount >>> lastname >>> Alphonzo

Aug 03, 2020 2:16:27 PM Utilities.FileLogger write
INFO: >>> createPlayerAccount >>> password >>> Philipa123

Aug 03, 2020 2:16:27 PM Utilities.FileLogger write
INFO: >>> createPlayerAccount >>> age >>> 18

Aug 03, 2020 2:16:27 PM Utilities.FileLogger write
INFO: >>> createPlayerAccount >>> ipadddress >>> 93.5.4.3

Aug 03, 2020 2:16:27 PM Utilities.FileLogger write
INFO: >>> createPlayerAccount >>> User information stored

Aug 03, 2020 2:19:56 PM Utilities.FileLogger write
INFO: >>> createPlayerAccount

Aug 03, 2020 2:19:56 PM Utilities.FileLogger write
INFO: >>> createPlayerAccount >>> username >>> Philipa123

Aug 03, 2020 2:19:56 PM Utilities.FileLogger write
INFO: >>> createPlayerAccount >>> firstname >>> Philipa

Aug 03, 2020 2:19:56 PM Utilities.FileLogger write
INFO: >>> createPlayerAccount >>> lastname >>> Alphonzo

Aug 03, 2020 2:19:56 PM Utilities.FileLogger write
INFO: >>> createPlayerAccount >>> password >>> Philipa123

Aug 03, 2020 2:19:56 PM Utilities.FileLogger write
INFO: >>> createPlayerAccount >>> age >>> 18

Aug 03, 2020 2:19:56 PM Utilities.FileLogger write
INFO: >>> createPlayerAccount >>> ipadddress >>> 93.5.4.3

Aug 03, 2020 2:19:56 PM Utilities.FileLogger write
INFO: >>> createPlayerAccount >>> User information stored

Aug 03, 2020 2:25:48 PM Utilities.FileLogger write
INFO: >>> createPlayerAccount

Aug 03, 2020 2:25:48 PM Utilities.FileLogger write
INFO: >>> createPlayerAccount >>> username >>> Philipa123

Aug 03, 2020 2:25:48 PM Utilities.FileLogger write
INFO: >>> createPlayerAccount >>> firstname >>> Philipa

Aug 03, 2020 2:25:48 PM Utilities.FileLogger write
INFO: >>> createPlayerAccount >>> lastname >>> Alphonzo

Aug 03, 2020 2:25:48 PM Utilities.FileLogger write
INFO: >>> createPlayerAccount >>> password >>> Philipa123

Aug 03, 2020 2:25:48 PM Utilities.FileLogger write
INFO: >>> createPlayerAccount >>> age >>> 18

Aug 03, 2020 2:25:48 PM Utilities.FileLogger write
INFO: >>> createPlayerAccount >>> ipadddress >>> 93.5.4.3

Aug 03, 2020 2:25:48 PM Utilities.FileLogger write
INFO: >>> createPlayerAccount >>> User information stored

Aug 03, 2020 2:32:28 PM Utilities.FileLogger write
INFO: >>> createPlayerAccount

Aug 03, 2020 2:32:28 PM Utilities.FileLogger write
INFO: >>> createPlayerAccount >>> username >>> Philipa123

Aug 03, 2020 2:32:28 PM Utilities.FileLogger write
INFO: >>> createPlayerAccount >>> firstname >>> Philipa

Aug 03, 2020 2:32:28 PM Utilities.FileLogger write
INFO: >>> createPlayerAccount >>> lastname >>> Alphonzo

Aug 03, 2020 2:32:28 PM Utilities.FileLogger write
INFO: >>> createPlayerAccount >>> password >>> Philipa123

Aug 03, 2020 2:32:28 PM Utilities.FileLogger write
INFO: >>> createPlayerAccount >>> age >>> 18

Aug 03, 2020 2:32:28 PM Utilities.FileLogger write
INFO: >>> createPlayerAccount >>> ipadddress >>> 93.5.4.3

Aug 03, 2020 2:32:28 PM Utilities.FileLogger write
INFO: >>> createPlayerAccount >>> User information stored

Aug 03, 2020 3:09:54 PM Utilities.FileLogger write
INFO: >>> createPlayerAccount

Aug 03, 2020 3:09:54 PM Utilities.FileLogger write
INFO: >>> createPlayerAccount >>> username >>> Philipa123

Aug 03, 2020 3:09:54 PM Utilities.FileLogger write
INFO: >>> createPlayerAccount >>> firstname >>> Philipa

Aug 03, 2020 3:09:54 PM Utilities.FileLogger write
INFO: >>> createPlayerAccount >>> lastname >>> Alphonzo

Aug 03, 2020 3:09:54 PM Utilities.FileLogger write
INFO: >>> createPlayerAccount >>> password >>> Philipa123

Aug 03, 2020 3:09:54 PM Utilities.FileLogger write
INFO: >>> createPlayerAccount >>> age >>> 18

Aug 03, 2020 3:09:54 PM Utilities.FileLogger write
INFO: >>> createPlayerAccount >>> ipadddress >>> 93.5.4.3

Aug 03, 2020 3:09:54 PM Utilities.FileLogger write
INFO: >>> createPlayerAccount >>> User information stored

Aug 03, 2020 3:11:08 PM Utilities.FileLogger write
INFO: >>> createPlayerAccount

Aug 03, 2020 3:11:08 PM Utilities.FileLogger write
INFO: >>> createPlayerAccount >>> username >>> Philipa123

Aug 03, 2020 3:11:08 PM Utilities.FileLogger write
INFO: >>> createPlayerAccount >>> firstname >>> Philipa

Aug 03, 2020 3:11:08 PM Utilities.FileLogger write
INFO: >>> createPlayerAccount >>> lastname >>> Alphonzo

Aug 03, 2020 3:11:08 PM Utilities.FileLogger write
INFO: >>> createPlayerAccount >>> password >>> Philipa123

Aug 03, 2020 3:11:08 PM Utilities.FileLogger write
INFO: >>> createPlayerAccount >>> age >>> 18

Aug 03, 2020 3:11:08 PM Utilities.FileLogger write
INFO: >>> createPlayerAccount >>> ipadddress >>> 93.5.4.3

Aug 03, 2020 3:11:08 PM Utilities.FileLogger write
INFO: >>> createPlayerAccount >>> User information stored

Aug 03, 2020 3:12:23 PM Utilities.FileLogger write
INFO: >>> createPlayerAccount

Aug 03, 2020 3:12:23 PM Utilities.FileLogger write
INFO: >>> createPlayerAccount >>> username >>> Philipa123

Aug 03, 2020 3:12:23 PM Utilities.FileLogger write
INFO: >>> createPlayerAccount >>> firstname >>> Philipa

Aug 03, 2020 3:12:23 PM Utilities.FileLogger write
INFO: >>> createPlayerAccount >>> lastname >>> Alphonzo

Aug 03, 2020 3:12:23 PM Utilities.FileLogger write
INFO: >>> createPlayerAccount >>> password >>> Philipa123

Aug 03, 2020 3:12:23 PM Utilities.FileLogger write
INFO: >>> createPlayerAccount >>> age >>> 18

Aug 03, 2020 3:12:23 PM Utilities.FileLogger write
INFO: >>> createPlayerAccount >>> ipadddress >>> 93.5.4.3

Aug 03, 2020 3:12:23 PM Utilities.FileLogger write
INFO: >>> createPlayerAccount >>> User information stored

Aug 03, 2020 3:16:20 PM Utilities.FileLogger write
INFO: >>> createPlayerAccount

Aug 03, 2020 3:16:20 PM Utilities.FileLogger write
INFO: >>> createPlayerAccount >>> username >>> Philipa123

Aug 03, 2020 3:16:20 PM Utilities.FileLogger write
INFO: >>> createPlayerAccount >>> firstname >>> Philipa

Aug 03, 2020 3:16:20 PM Utilities.FileLogger write
INFO: >>> createPlayerAccount >>> lastname >>> Alphonzo

Aug 03, 2020 3:16:20 PM Utilities.FileLogger write
INFO: >>> createPlayerAccount >>> password >>> Philipa123

Aug 03, 2020 3:16:20 PM Utilities.FileLogger write
INFO: >>> createPlayerAccount >>> age >>> 18

Aug 03, 2020 3:16:20 PM Utilities.FileLogger write
INFO: >>> createPlayerAccount >>> ipadddress >>> 93.5.4.3

Aug 03, 2020 3:16:20 PM Utilities.FileLogger write
INFO: >>> createPlayerAccount >>> User information stored

Aug 03, 2020 3:17:30 PM Utilities.FileLogger write
INFO: >>> createPlayerAccount

Aug 03, 2020 3:17:30 PM Utilities.FileLogger write
INFO: >>> createPlayerAccount >>> username >>> Philipa123

Aug 03, 2020 3:17:30 PM Utilities.FileLogger write
INFO: >>> createPlayerAccount >>> firstname >>> Philipa

Aug 03, 2020 3:17:30 PM Utilities.FileLogger write
INFO: >>> createPlayerAccount >>> lastname >>> Alphonzo

Aug 03, 2020 3:17:30 PM Utilities.FileLogger write
INFO: >>> createPlayerAccount >>> password >>> Philipa123

Aug 03, 2020 3:17:30 PM Utilities.FileLogger write
INFO: >>> createPlayerAccount >>> age >>> 18

Aug 03, 2020 3:17:30 PM Utilities.FileLogger write
INFO: >>> createPlayerAccount >>> ipadddress >>> 93.5.4.3

Aug 03, 2020 3:17:30 PM Utilities.FileLogger write
INFO: >>> createPlayerAccount >>> User information stored

Aug 05, 2020 3:59:49 PM Utilities.FileLogger write
INFO: >>> createPlayerAccount

Aug 05, 2020 3:59:49 PM Utilities.FileLogger write
INFO: >>> createPlayerAccount >>> username >>> Philipa123

Aug 05, 2020 3:59:49 PM Utilities.FileLogger write
INFO: >>> createPlayerAccount >>> firstname >>> Philipa

Aug 05, 2020 3:59:49 PM Utilities.FileLogger write
INFO: >>> createPlayerAccount >>> lastname >>> Alphonzo

Aug 05, 2020 3:59:49 PM Utilities.FileLogger write
INFO: >>> createPlayerAccount >>> password >>> Philipa123

Aug 05, 2020 3:59:49 PM Utilities.FileLogger write
INFO: >>> createPlayerAccount >>> age >>> 18

Aug 05, 2020 3:59:49 PM Utilities.FileLogger write
INFO: >>> createPlayerAccount >>> ipadddress >>> 93.5.4.3

Aug 05, 2020 3:59:49 PM Utilities.FileLogger write
INFO: >>> createPlayerAccount >>> User information stored

Aug 05, 2020 8:04:56 PM Utilities.FileLogger write
INFO: >>> createPlayerAccount

Aug 05, 2020 8:04:56 PM Utilities.FileLogger write
INFO: >>> createPlayerAccount >>> username >>> Philipa123

Aug 05, 2020 8:04:56 PM Utilities.FileLogger write
INFO: >>> createPlayerAccount >>> firstname >>> Philipa

Aug 05, 2020 8:04:56 PM Utilities.FileLogger write
INFO: >>> createPlayerAccount >>> lastname >>> Alphonzo

Aug 05, 2020 8:04:56 PM Utilities.FileLogger write
INFO: >>> createPlayerAccount >>> password >>> Philipa123

Aug 05, 2020 8:04:56 PM Utilities.FileLogger write
INFO: >>> createPlayerAccount >>> age >>> 18

Aug 05, 2020 8:04:56 PM Utilities.FileLogger write
INFO: >>> createPlayerAccount >>> ipadddress >>> 93.5.4.3

Aug 05, 2020 8:04:56 PM Utilities.FileLogger write
INFO: >>> createPlayerAccount >>> User information stored

Aug 05, 2020 8:05:31 PM Utilities.FileLogger write
INFO: >>> createPlayerAccount

Aug 05, 2020 8:05:31 PM Utilities.FileLogger write
INFO: >>> createPlayerAccount >>> username >>> Philipa123

Aug 05, 2020 8:05:31 PM Utilities.FileLogger write
INFO: >>> createPlayerAccount >>> firstname >>> Philipa

Aug 05, 2020 8:05:31 PM Utilities.FileLogger write
INFO: >>> createPlayerAccount >>> lastname >>> Alphonzo

Aug 05, 2020 8:05:31 PM Utilities.FileLogger write
INFO: >>> createPlayerAccount >>> password >>> Philipa123

Aug 05, 2020 8:05:31 PM Utilities.FileLogger write
INFO: >>> createPlayerAccount >>> age >>> 18

Aug 05, 2020 8:05:31 PM Utilities.FileLogger write
INFO: >>> createPlayerAccount >>> ipadddress >>> 93.5.4.3

Aug 05, 2020 8:05:31 PM Utilities.FileLogger write
INFO: >>> createPlayerAccount >>> User information stored

Aug 05, 2020 8:28:43 PM Utilities.FileLogger write
INFO: >>> createPlayerAccount

Aug 05, 2020 8:28:43 PM Utilities.FileLogger write
INFO: >>> createPlayerAccount >>> username >>> Philipa123

Aug 05, 2020 8:28:43 PM Utilities.FileLogger write
INFO: >>> createPlayerAccount >>> firstname >>> Philipa

Aug 05, 2020 8:28:43 PM Utilities.FileLogger write
INFO: >>> createPlayerAccount >>> lastname >>> Alphonzo

Aug 05, 2020 8:28:43 PM Utilities.FileLogger write
INFO: >>> createPlayerAccount >>> password >>> Philipa123

Aug 05, 2020 8:28:43 PM Utilities.FileLogger write
INFO: >>> createPlayerAccount >>> age >>> 18

Aug 05, 2020 8:28:43 PM Utilities.FileLogger write
INFO: >>> createPlayerAccount >>> ipadddress >>> 93.5.4.3

Aug 05, 2020 8:28:43 PM Utilities.FileLogger write
INFO: >>> createPlayerAccount >>> User information stored

Aug 05, 2020 8:29:06 PM Utilities.FileLogger write
INFO: >>> createPlayerAccount

Aug 05, 2020 8:29:06 PM Utilities.FileLogger write
INFO: >>> createPlayerAccount >>> username >>> Philipa123

Aug 05, 2020 8:29:06 PM Utilities.FileLogger write
INFO: >>> createPlayerAccount >>> firstname >>> Philipa

Aug 05, 2020 8:29:06 PM Utilities.FileLogger write
INFO: >>> createPlayerAccount >>> lastname >>> Alphonzo

Aug 05, 2020 8:29:06 PM Utilities.FileLogger write
INFO: >>> createPlayerAccount >>> password >>> Philipa123

Aug 05, 2020 8:29:06 PM Utilities.FileLogger write
INFO: >>> createPlayerAccount >>> age >>> 18

Aug 05, 2020 8:29:06 PM Utilities.FileLogger write
INFO: >>> createPlayerAccount >>> ipadddress >>> 93.5.4.3

Aug 05, 2020 8:29:06 PM Utilities.FileLogger write
INFO: >>> createPlayerAccount >>> User information stored

Aug 06, 2020 12:47:29 AM Utilities.FileLogger write
INFO: >>> createPlayerAccount

Aug 06, 2020 12:47:29 AM Utilities.FileLogger write
INFO: >>> createPlayerAccount >>> username >>> Philipa123

Aug 06, 2020 12:47:29 AM Utilities.FileLogger write
INFO: >>> createPlayerAccount >>> firstname >>> Philipa

Aug 06, 2020 12:47:29 AM Utilities.FileLogger write
INFO: >>> createPlayerAccount >>> lastname >>> Alphonzo

Aug 06, 2020 12:47:29 AM Utilities.FileLogger write
INFO: >>> createPlayerAccount >>> password >>> Philipa123

Aug 06, 2020 12:47:29 AM Utilities.FileLogger write
INFO: >>> createPlayerAccount >>> age >>> 18

Aug 06, 2020 12:47:29 AM Utilities.FileLogger write
INFO: >>> createPlayerAccount >>> ipadddress >>> 93.5.4.3

Aug 06, 2020 12:47:29 AM Utilities.FileLogger write
INFO: >>> createPlayerAccount >>> User information stored

Aug 06, 2020 3:11:37 PM Utilities.FileLogger write
INFO: >>> createPlayerAccount

Aug 06, 2020 3:11:37 PM Utilities.FileLogger write
INFO: >>> createPlayerAccount >>> username >>> Philipa123

Aug 06, 2020 3:11:37 PM Utilities.FileLogger write
INFO: >>> createPlayerAccount >>> firstname >>> Philipa

Aug 06, 2020 3:11:37 PM Utilities.FileLogger write
INFO: >>> createPlayerAccount >>> lastname >>> Alphonzo

Aug 06, 2020 3:11:37 PM Utilities.FileLogger write
INFO: >>> createPlayerAccount >>> password >>> Philipa123

Aug 06, 2020 3:11:37 PM Utilities.FileLogger write
INFO: >>> createPlayerAccount >>> age >>> 18

Aug 06, 2020 3:11:37 PM Utilities.FileLogger write
INFO: >>> createPlayerAccount >>> ipadddress >>> 93.5.4.3

Aug 06, 2020 3:11:37 PM Utilities.FileLogger write
INFO: >>> createPlayerAccount >>> User information stored

Aug 06, 2020 3:14:36 PM Utilities.FileLogger write
INFO: >>> createPlayerAccount

Aug 06, 2020 3:14:36 PM Utilities.FileLogger write
INFO: >>> createPlayerAccount >>> username >>> Philipa123

Aug 06, 2020 3:14:36 PM Utilities.FileLogger write
INFO: >>> createPlayerAccount >>> firstname >>> Philipa

Aug 06, 2020 3:14:36 PM Utilities.FileLogger write
INFO: >>> createPlayerAccount >>> lastname >>> Alphonzo

Aug 06, 2020 3:14:36 PM Utilities.FileLogger write
INFO: >>> createPlayerAccount >>> password >>> Philipa123

Aug 06, 2020 3:14:36 PM Utilities.FileLogger write
INFO: >>> createPlayerAccount >>> age >>> 18

Aug 06, 2020 3:14:36 PM Utilities.FileLogger write
INFO: >>> createPlayerAccount >>> ipadddress >>> 93.5.4.3

Aug 06, 2020 3:14:36 PM Utilities.FileLogger write
INFO: >>> createPlayerAccount >>> User information stored

Aug 06, 2020 3:18:04 PM Utilities.FileLogger write
INFO: >>> createPlayerAccount

Aug 06, 2020 3:18:04 PM Utilities.FileLogger write
INFO: >>> createPlayerAccount >>> username >>> Philipa123

Aug 06, 2020 3:18:04 PM Utilities.FileLogger write
INFO: >>> createPlayerAccount >>> firstname >>> Philipa

Aug 06, 2020 3:18:04 PM Utilities.FileLogger write
INFO: >>> createPlayerAccount >>> lastname >>> Alphonzo

Aug 06, 2020 3:18:04 PM Utilities.FileLogger write
INFO: >>> createPlayerAccount >>> password >>> Philipa123

Aug 06, 2020 3:18:04 PM Utilities.FileLogger write
INFO: >>> createPlayerAccount >>> age >>> 18

Aug 06, 2020 3:18:04 PM Utilities.FileLogger write
INFO: >>> createPlayerAccount >>> ipadddress >>> 93.5.4.3

Aug 06, 2020 3:18:04 PM Utilities.FileLogger write
INFO: >>> createPlayerAccount >>> User information stored

Aug 06, 2020 3:21:10 PM Utilities.FileLogger write
INFO: >>> createPlayerAccount

Aug 06, 2020 3:21:10 PM Utilities.FileLogger write
INFO: >>> createPlayerAccount >>> username >>> Philipa123

Aug 06, 2020 3:21:10 PM Utilities.FileLogger write
INFO: >>> createPlayerAccount >>> firstname >>> Philipa

Aug 06, 2020 3:21:10 PM Utilities.FileLogger write
INFO: >>> createPlayerAccount >>> lastname >>> Alphonzo

Aug 06, 2020 3:21:10 PM Utilities.FileLogger write
INFO: >>> createPlayerAccount >>> password >>> Philipa123

Aug 06, 2020 3:21:10 PM Utilities.FileLogger write
INFO: >>> createPlayerAccount >>> age >>> 18

Aug 06, 2020 3:21:10 PM Utilities.FileLogger write
INFO: >>> createPlayerAccount >>> ipadddress >>> 93.5.4.3

Aug 06, 2020 3:21:10 PM Utilities.FileLogger write
INFO: >>> createPlayerAccount >>> User information stored

Aug 06, 2020 3:37:29 PM Utilities.FileLogger write
INFO: >>> createPlayerAccount

Aug 06, 2020 3:37:29 PM Utilities.FileLogger write
INFO: >>> createPlayerAccount >>> username >>> Philipa123

Aug 06, 2020 3:37:29 PM Utilities.FileLogger write
INFO: >>> createPlayerAccount >>> firstname >>> Philipa

Aug 06, 2020 3:37:29 PM Utilities.FileLogger write
INFO: >>> createPlayerAccount >>> lastname >>> Alphonzo

Aug 06, 2020 3:37:29 PM Utilities.FileLogger write
INFO: >>> createPlayerAccount >>> password >>> Philipa123

Aug 06, 2020 3:37:29 PM Utilities.FileLogger write
INFO: >>> createPlayerAccount >>> age >>> 18

Aug 06, 2020 3:37:29 PM Utilities.FileLogger write
INFO: >>> createPlayerAccount >>> ipadddress >>> 93.5.4.3

Aug 06, 2020 3:37:29 PM Utilities.FileLogger write
INFO: >>> createPlayerAccount >>> User information stored

Aug 06, 2020 3:38:05 PM Utilities.FileLogger write
INFO: >>> createPlayerAccount

Aug 06, 2020 3:38:05 PM Utilities.FileLogger write
INFO: >>> createPlayerAccount >>> username >>> Philipa123

Aug 06, 2020 3:38:05 PM Utilities.FileLogger write
INFO: >>> createPlayerAccount >>> firstname >>> Philipa

Aug 06, 2020 3:38:05 PM Utilities.FileLogger write
INFO: >>> createPlayerAccount >>> lastname >>> Alphonzo

Aug 06, 2020 3:38:05 PM Utilities.FileLogger write
INFO: >>> createPlayerAccount >>> password >>> Philipa123

Aug 06, 2020 3:38:05 PM Utilities.FileLogger write
INFO: >>> createPlayerAccount >>> age >>> 18

Aug 06, 2020 3:38:05 PM Utilities.FileLogger write
INFO: >>> createPlayerAccount >>> ipadddress >>> 93.5.4.3

Aug 06, 2020 3:38:05 PM Utilities.FileLogger write
INFO: >>> createPlayerAccount >>> User information stored

Aug 06, 2020 3:38:48 PM Utilities.FileLogger write
INFO: >>> createPlayerAccount

Aug 06, 2020 3:38:48 PM Utilities.FileLogger write
INFO: >>> createPlayerAccount >>> username >>> Philipa123

Aug 06, 2020 3:38:48 PM Utilities.FileLogger write
INFO: >>> createPlayerAccount >>> firstname >>> Philipa

Aug 06, 2020 3:38:48 PM Utilities.FileLogger write
INFO: >>> createPlayerAccount >>> lastname >>> Alphonzo

Aug 06, 2020 3:38:48 PM Utilities.FileLogger write
INFO: >>> createPlayerAccount >>> password >>> Philipa123

Aug 06, 2020 3:38:48 PM Utilities.FileLogger write
INFO: >>> createPlayerAccount >>> age >>> 18

Aug 06, 2020 3:38:48 PM Utilities.FileLogger write
INFO: >>> createPlayerAccount >>> ipadddress >>> 93.5.4.3

Aug 06, 2020 3:38:48 PM Utilities.FileLogger write
INFO: >>> createPlayerAccount >>> User information stored

Aug 06, 2020 3:46:58 PM Utilities.FileLogger write
INFO: >>> createPlayerAccount

Aug 06, 2020 3:46:58 PM Utilities.FileLogger write
INFO: >>> createPlayerAccount >>> username >>> Philipa123

Aug 06, 2020 3:46:58 PM Utilities.FileLogger write
INFO: >>> createPlayerAccount >>> firstname >>> Philipa

Aug 06, 2020 3:46:58 PM Utilities.FileLogger write
INFO: >>> createPlayerAccount >>> lastname >>> Alphonzo

Aug 06, 2020 3:46:58 PM Utilities.FileLogger write
INFO: >>> createPlayerAccount >>> password >>> Philipa123

Aug 06, 2020 3:46:58 PM Utilities.FileLogger write
INFO: >>> createPlayerAccount >>> age >>> 18

Aug 06, 2020 3:46:58 PM Utilities.FileLogger write
INFO: >>> createPlayerAccount >>> ipadddress >>> 93.5.4.3

Aug 06, 2020 3:46:58 PM Utilities.FileLogger write
INFO: >>> createPlayerAccount >>> User information stored

Aug 06, 2020 3:48:17 PM Utilities.FileLogger write
INFO: >>> createPlayerAccount

Aug 06, 2020 3:48:17 PM Utilities.FileLogger write
INFO: >>> createPlayerAccount >>> username >>> Philipa123

Aug 06, 2020 3:48:17 PM Utilities.FileLogger write
INFO: >>> createPlayerAccount >>> firstname >>> Philipa

Aug 06, 2020 3:48:17 PM Utilities.FileLogger write
INFO: >>> createPlayerAccount >>> lastname >>> Alphonzo

Aug 06, 2020 3:48:17 PM Utilities.FileLogger write
INFO: >>> createPlayerAccount >>> password >>> Philipa123

Aug 06, 2020 3:48:17 PM Utilities.FileLogger write
INFO: >>> createPlayerAccount >>> age >>> 18

Aug 06, 2020 3:48:17 PM Utilities.FileLogger write
INFO: >>> createPlayerAccount >>> ipadddress >>> 93.5.4.3

Aug 06, 2020 3:48:17 PM Utilities.FileLogger write
INFO: >>> createPlayerAccount >>> User information stored

Aug 06, 2020 3:50:00 PM Utilities.FileLogger write
INFO: >>> createPlayerAccount

Aug 06, 2020 3:50:00 PM Utilities.FileLogger write
INFO: >>> createPlayerAccount >>> username >>> Philipa123

Aug 06, 2020 3:50:00 PM Utilities.FileLogger write
INFO: >>> createPlayerAccount >>> firstname >>> Philipa

Aug 06, 2020 3:50:00 PM Utilities.FileLogger write
INFO: >>> createPlayerAccount >>> lastname >>> Alphonzo

Aug 06, 2020 3:50:00 PM Utilities.FileLogger write
INFO: >>> createPlayerAccount >>> password >>> Philipa123

Aug 06, 2020 3:50:00 PM Utilities.FileLogger write
INFO: >>> createPlayerAccount >>> age >>> 18

Aug 06, 2020 3:50:00 PM Utilities.FileLogger write
INFO: >>> createPlayerAccount >>> ipadddress >>> 93.5.4.3

Aug 06, 2020 3:50:00 PM Utilities.FileLogger write
INFO: >>> createPlayerAccount >>> User information stored

Aug 06, 2020 3:52:08 PM Utilities.FileLogger write
INFO: >>> createPlayerAccount

Aug 06, 2020 3:52:08 PM Utilities.FileLogger write
INFO: >>> createPlayerAccount >>> username >>> Philipa123

Aug 06, 2020 3:52:08 PM Utilities.FileLogger write
INFO: >>> createPlayerAccount >>> firstname >>> Philipa

Aug 06, 2020 3:52:08 PM Utilities.FileLogger write
INFO: >>> createPlayerAccount >>> lastname >>> Alphonzo

Aug 06, 2020 3:52:08 PM Utilities.FileLogger write
INFO: >>> createPlayerAccount >>> password >>> Philipa123

Aug 06, 2020 3:52:08 PM Utilities.FileLogger write
INFO: >>> createPlayerAccount >>> age >>> 18

Aug 06, 2020 3:52:08 PM Utilities.FileLogger write
INFO: >>> createPlayerAccount >>> ipadddress >>> 93.5.4.3

Aug 06, 2020 3:52:08 PM Utilities.FileLogger write
INFO: >>> createPlayerAccount >>> User information stored

Aug 06, 2020 4:00:10 PM Utilities.FileLogger write
INFO: >>> createPlayerAccount

Aug 06, 2020 4:00:10 PM Utilities.FileLogger write
INFO: >>> createPlayerAccount >>> username >>> Philipa123

Aug 06, 2020 4:00:10 PM Utilities.FileLogger write
INFO: >>> createPlayerAccount >>> firstname >>> Philipa

Aug 06, 2020 4:00:10 PM Utilities.FileLogger write
INFO: >>> createPlayerAccount >>> lastname >>> Alphonzo

Aug 06, 2020 4:00:10 PM Utilities.FileLogger write
INFO: >>> createPlayerAccount >>> password >>> Philipa123

Aug 06, 2020 4:00:10 PM Utilities.FileLogger write
INFO: >>> createPlayerAccount >>> age >>> 18

Aug 06, 2020 4:00:10 PM Utilities.FileLogger write
INFO: >>> createPlayerAccount >>> ipadddress >>> 93.5.4.3

Aug 06, 2020 4:00:10 PM Utilities.FileLogger write
INFO: >>> createPlayerAccount >>> User information stored

Aug 06, 2020 4:00:45 PM Utilities.FileLogger write
INFO: >>> createPlayerAccount

Aug 06, 2020 4:00:45 PM Utilities.FileLogger write
INFO: >>> createPlayerAccount >>> username >>> Philipa123

Aug 06, 2020 4:00:45 PM Utilities.FileLogger write
INFO: >>> createPlayerAccount >>> firstname >>> Philipa

Aug 06, 2020 4:00:45 PM Utilities.FileLogger write
INFO: >>> createPlayerAccount >>> lastname >>> Alphonzo

Aug 06, 2020 4:00:45 PM Utilities.FileLogger write
INFO: >>> createPlayerAccount >>> password >>> Philipa123

Aug 06, 2020 4:00:45 PM Utilities.FileLogger write
INFO: >>> createPlayerAccount >>> age >>> 18

Aug 06, 2020 4:00:45 PM Utilities.FileLogger write
INFO: >>> createPlayerAccount >>> ipadddress >>> 93.5.4.3

Aug 06, 2020 4:00:45 PM Utilities.FileLogger write
INFO: >>> createPlayerAccount >>> User information stored

Aug 06, 2020 4:02:51 PM Utilities.FileLogger write
INFO: >>> createPlayerAccount

Aug 06, 2020 4:02:51 PM Utilities.FileLogger write
INFO: >>> createPlayerAccount >>> username >>> Philipa123

Aug 06, 2020 4:02:51 PM Utilities.FileLogger write
INFO: >>> createPlayerAccount >>> firstname >>> Philipa

Aug 06, 2020 4:02:51 PM Utilities.FileLogger write
INFO: >>> createPlayerAccount >>> lastname >>> Alphonzo

Aug 06, 2020 4:02:51 PM Utilities.FileLogger write
INFO: >>> createPlayerAccount >>> password >>> Philipa123

Aug 06, 2020 4:02:51 PM Utilities.FileLogger write
INFO: >>> createPlayerAccount >>> age >>> 18

Aug 06, 2020 4:02:51 PM Utilities.FileLogger write
INFO: >>> createPlayerAccount >>> ipadddress >>> 93.5.4.3

Aug 06, 2020 4:02:51 PM Utilities.FileLogger write
INFO: >>> createPlayerAccount >>> User information stored

Aug 06, 2020 4:06:24 PM Utilities.FileLogger write
INFO: >>> createPlayerAccount

Aug 06, 2020 4:06:24 PM Utilities.FileLogger write
INFO: >>> createPlayerAccount >>> username >>> Philipa123

Aug 06, 2020 4:06:24 PM Utilities.FileLogger write
INFO: >>> createPlayerAccount >>> firstname >>> Philipa

Aug 06, 2020 4:06:24 PM Utilities.FileLogger write
INFO: >>> createPlayerAccount >>> lastname >>> Alphonzo

Aug 06, 2020 4:06:24 PM Utilities.FileLogger write
INFO: >>> createPlayerAccount >>> password >>> Philipa123

Aug 06, 2020 4:06:24 PM Utilities.FileLogger write
INFO: >>> createPlayerAccount >>> age >>> 18

Aug 06, 2020 4:06:24 PM Utilities.FileLogger write
INFO: >>> createPlayerAccount >>> ipadddress >>> 93.5.4.3

Aug 06, 2020 4:06:24 PM Utilities.FileLogger write
INFO: >>> createPlayerAccount >>> User information stored

Aug 06, 2020 4:09:27 PM Utilities.FileLogger write
INFO: >>> createPlayerAccount

Aug 06, 2020 4:09:27 PM Utilities.FileLogger write
INFO: >>> createPlayerAccount >>> username >>> Philipa123

Aug 06, 2020 4:09:27 PM Utilities.FileLogger write
INFO: >>> createPlayerAccount >>> firstname >>> Philipa

Aug 06, 2020 4:09:27 PM Utilities.FileLogger write
INFO: >>> createPlayerAccount >>> lastname >>> Alphonzo

Aug 06, 2020 4:09:27 PM Utilities.FileLogger write
INFO: >>> createPlayerAccount >>> password >>> Philipa123

Aug 06, 2020 4:09:27 PM Utilities.FileLogger write
INFO: >>> createPlayerAccount >>> age >>> 18

Aug 06, 2020 4:09:27 PM Utilities.FileLogger write
INFO: >>> createPlayerAccount >>> ipadddress >>> 93.5.4.3

Aug 06, 2020 4:09:27 PM Utilities.FileLogger write
INFO: >>> createPlayerAccount >>> User information stored

Aug 06, 2020 4:32:02 PM Utilities.FileLogger write
INFO: >>> createPlayerAccount

Aug 06, 2020 4:32:03 PM Utilities.FileLogger write
INFO: >>> createPlayerAccount >>> username >>> Philipa123

Aug 06, 2020 4:32:03 PM Utilities.FileLogger write
INFO: >>> createPlayerAccount >>> firstname >>> Philipa

Aug 06, 2020 4:32:03 PM Utilities.FileLogger write
INFO: >>> createPlayerAccount >>> lastname >>> Alphonzo

Aug 06, 2020 4:32:03 PM Utilities.FileLogger write
INFO: >>> createPlayerAccount >>> password >>> Philipa123

Aug 06, 2020 4:32:03 PM Utilities.FileLogger write
INFO: >>> createPlayerAccount >>> age >>> 18

Aug 06, 2020 4:32:03 PM Utilities.FileLogger write
INFO: >>> createPlayerAccount >>> ipadddress >>> 93.5.4.3

Aug 06, 2020 4:32:03 PM Utilities.FileLogger write
INFO: >>> createPlayerAccount >>> User information stored

Aug 06, 2020 4:33:25 PM Utilities.FileLogger write
INFO: >>> createPlayerAccount

Aug 06, 2020 4:33:25 PM Utilities.FileLogger write
INFO: >>> createPlayerAccount >>> username >>> Philipa123

Aug 06, 2020 4:33:25 PM Utilities.FileLogger write
INFO: >>> createPlayerAccount >>> firstname >>> Philipa

Aug 06, 2020 4:33:25 PM Utilities.FileLogger write
INFO: >>> createPlayerAccount >>> lastname >>> Alphonzo

Aug 06, 2020 4:33:25 PM Utilities.FileLogger write
INFO: >>> createPlayerAccount >>> password >>> Philipa123

Aug 06, 2020 4:33:25 PM Utilities.FileLogger write
INFO: >>> createPlayerAccount >>> age >>> 18

Aug 06, 2020 4:33:25 PM Utilities.FileLogger write
INFO: >>> createPlayerAccount >>> ipadddress >>> 93.5.4.3

Aug 06, 2020 4:33:25 PM Utilities.FileLogger write
INFO: >>> createPlayerAccount >>> User information stored

Aug 06, 2020 4:33:29 PM Utilities.FileLogger write
INFO: >>> createPlayerAccount

Aug 06, 2020 4:33:29 PM Utilities.FileLogger write
INFO: >>> createPlayerAccount >>> username >>> Philipa123

Aug 06, 2020 4:33:29 PM Utilities.FileLogger write
INFO: >>> createPlayerAccount >>> firstname >>> Philipa

Aug 06, 2020 4:33:29 PM Utilities.FileLogger write
INFO: >>> createPlayerAccount >>> lastname >>> Alphonzo

Aug 06, 2020 4:33:29 PM Utilities.FileLogger write
INFO: >>> createPlayerAccount >>> password >>> Philipa123

Aug 06, 2020 4:33:29 PM Utilities.FileLogger write
INFO: >>> createPlayerAccount >>> age >>> 18

Aug 06, 2020 4:33:29 PM Utilities.FileLogger write
INFO: >>> createPlayerAccount >>> ipadddress >>> 93.5.4.3

Aug 06, 2020 4:33:29 PM Utilities.FileLogger write
INFO: >>> createPlayerAccount >>> User information stored

Aug 06, 2020 4:55:22 PM Utilities.FileLogger write
INFO: >>> createPlayerAccount

Aug 06, 2020 4:55:22 PM Utilities.FileLogger write
INFO: >>> createPlayerAccount >>> username >>> Philipa123

Aug 06, 2020 4:55:22 PM Utilities.FileLogger write
INFO: >>> createPlayerAccount >>> firstname >>> Philipa

Aug 06, 2020 4:55:22 PM Utilities.FileLogger write
INFO: >>> createPlayerAccount >>> lastname >>> Alphonzo

Aug 06, 2020 4:55:22 PM Utilities.FileLogger write
INFO: >>> createPlayerAccount >>> password >>> Philipa123

Aug 06, 2020 4:55:22 PM Utilities.FileLogger write
INFO: >>> createPlayerAccount >>> age >>> 18

Aug 06, 2020 4:55:22 PM Utilities.FileLogger write
INFO: >>> createPlayerAccount >>> ipadddress >>> 93.5.4.3

Aug 06, 2020 4:55:22 PM Utilities.FileLogger write
INFO: >>> createPlayerAccount >>> User information stored

Aug 06, 2020 10:16:01 PM Utilities.FileLogger write
INFO: >>> createPlayerAccount

Aug 06, 2020 10:16:01 PM Utilities.FileLogger write
INFO: >>> createPlayerAccount >>> username >>> Philipa123

Aug 06, 2020 10:16:01 PM Utilities.FileLogger write
INFO: >>> createPlayerAccount >>> firstname >>> Philipa

Aug 06, 2020 10:16:01 PM Utilities.FileLogger write
INFO: >>> createPlayerAccount >>> lastname >>> Alphonzo

Aug 06, 2020 10:16:01 PM Utilities.FileLogger write
INFO: >>> createPlayerAccount >>> password >>> Philipa123

Aug 06, 2020 10:16:01 PM Utilities.FileLogger write
INFO: >>> createPlayerAccount >>> age >>> 18

Aug 06, 2020 10:16:01 PM Utilities.FileLogger write
INFO: >>> createPlayerAccount >>> ipadddress >>> 93.5.4.3

Aug 06, 2020 10:16:01 PM Utilities.FileLogger write
INFO: >>> createPlayerAccount >>> User information stored

