Aug 02, 2020 5:17:26 PM Utilities.FileLogger write
INFO: >>> createPlayerAccount

Aug 02, 2020 5:17:26 PM Utilities.FileLogger write
INFO: >>> createPlayerAccount >>> username >>> Gyles123

Aug 02, 2020 5:17:26 PM Utilities.FileLogger write
INFO: >>> createPlayerAccount >>> firstname >>> Gyles

Aug 02, 2020 5:17:26 PM Utilities.FileLogger write
INFO: >>> createPlayerAccount >>> lastname >>> Key

Aug 02, 2020 5:17:26 PM Utilities.FileLogger write
INFO: >>> createPlayerAccount >>> password >>> Gyles123

Aug 02, 2020 5:17:26 PM Utilities.FileLogger write
INFO: >>> createPlayerAccount >>> age >>> 23

Aug 02, 2020 5:17:26 PM Utilities.FileLogger write
INFO: >>> createPlayerAccount >>> ipadddress >>> 93.5.4.5

Aug 02, 2020 5:17:26 PM Utilities.FileLogger write
INFO: >>> createPlayerAccount >>> User information stored

Aug 03, 2020 2:00:29 PM Utilities.FileLogger write
INFO: >>> createPlayerAccount

Aug 03, 2020 2:00:29 PM Utilities.FileLogger write
INFO: >>> createPlayerAccount >>> username >>> Gyles123

Aug 03, 2020 2:00:29 PM Utilities.FileLogger write
INFO: >>> createPlayerAccount >>> firstname >>> Gyles

Aug 03, 2020 2:00:29 PM Utilities.FileLogger write
INFO: >>> createPlayerAccount >>> lastname >>> Key

Aug 03, 2020 2:00:29 PM Utilities.FileLogger write
INFO: >>> createPlayerAccount >>> password >>> Gyles123

Aug 03, 2020 2:00:29 PM Utilities.FileLogger write
INFO: >>> createPlayerAccount >>> age >>> 23

Aug 03, 2020 2:00:29 PM Utilities.FileLogger write
INFO: >>> createPlayerAccount >>> ipadddress >>> 93.5.4.5

Aug 03, 2020 2:00:29 PM Utilities.FileLogger write
INFO: >>> createPlayerAccount >>> User information stored

Aug 03, 2020 2:16:27 PM Utilities.FileLogger write
INFO: >>> createPlayerAccount

Aug 03, 2020 2:16:27 PM Utilities.FileLogger write
INFO: >>> createPlayerAccount >>> username >>> Gyles123

Aug 03, 2020 2:16:27 PM Utilities.FileLogger write
INFO: >>> createPlayerAccount >>> firstname >>> Gyles

Aug 03, 2020 2:16:27 PM Utilities.FileLogger write
INFO: >>> createPlayerAccount >>> lastname >>> Key

Aug 03, 2020 2:16:27 PM Utilities.FileLogger write
INFO: >>> createPlayerAccount >>> password >>> Gyles123

Aug 03, 2020 2:16:27 PM Utilities.FileLogger write
INFO: >>> createPlayerAccount >>> age >>> 23

Aug 03, 2020 2:16:27 PM Utilities.FileLogger write
INFO: >>> createPlayerAccount >>> ipadddress >>> 93.5.4.5

Aug 03, 2020 2:16:27 PM Utilities.FileLogger write
INFO: >>> createPlayerAccount >>> User information stored

Aug 03, 2020 2:19:56 PM Utilities.FileLogger write
INFO: >>> createPlayerAccount

Aug 03, 2020 2:19:56 PM Utilities.FileLogger write
INFO: >>> createPlayerAccount >>> username >>> Gyles123

Aug 03, 2020 2:19:56 PM Utilities.FileLogger write
INFO: >>> createPlayerAccount >>> firstname >>> Gyles

Aug 03, 2020 2:19:56 PM Utilities.FileLogger write
INFO: >>> createPlayerAccount >>> lastname >>> Key

Aug 03, 2020 2:19:56 PM Utilities.FileLogger write
INFO: >>> createPlayerAccount >>> password >>> Gyles123

Aug 03, 2020 2:19:56 PM Utilities.FileLogger write
INFO: >>> createPlayerAccount >>> age >>> 23

Aug 03, 2020 2:19:56 PM Utilities.FileLogger write
INFO: >>> createPlayerAccount >>> ipadddress >>> 93.5.4.5

Aug 03, 2020 2:19:56 PM Utilities.FileLogger write
INFO: >>> createPlayerAccount >>> User information stored

Aug 03, 2020 2:25:48 PM Utilities.FileLogger write
INFO: >>> createPlayerAccount

Aug 03, 2020 2:25:48 PM Utilities.FileLogger write
INFO: >>> createPlayerAccount >>> username >>> Gyles123

Aug 03, 2020 2:25:48 PM Utilities.FileLogger write
INFO: >>> createPlayerAccount >>> firstname >>> Gyles

Aug 03, 2020 2:25:48 PM Utilities.FileLogger write
INFO: >>> createPlayerAccount >>> lastname >>> Key

Aug 03, 2020 2:25:48 PM Utilities.FileLogger write
INFO: >>> createPlayerAccount >>> password >>> Gyles123

Aug 03, 2020 2:25:48 PM Utilities.FileLogger write
INFO: >>> createPlayerAccount >>> age >>> 23

Aug 03, 2020 2:25:48 PM Utilities.FileLogger write
INFO: >>> createPlayerAccount >>> ipadddress >>> 93.5.4.5

Aug 03, 2020 2:25:48 PM Utilities.FileLogger write
INFO: >>> createPlayerAccount >>> User information stored

Aug 03, 2020 2:32:28 PM Utilities.FileLogger write
INFO: >>> createPlayerAccount

Aug 03, 2020 2:32:28 PM Utilities.FileLogger write
INFO: >>> createPlayerAccount >>> username >>> Gyles123

Aug 03, 2020 2:32:28 PM Utilities.FileLogger write
INFO: >>> createPlayerAccount >>> firstname >>> Gyles

Aug 03, 2020 2:32:28 PM Utilities.FileLogger write
INFO: >>> createPlayerAccount >>> lastname >>> Key

Aug 03, 2020 2:32:28 PM Utilities.FileLogger write
INFO: >>> createPlayerAccount >>> password >>> Gyles123

Aug 03, 2020 2:32:28 PM Utilities.FileLogger write
INFO: >>> createPlayerAccount >>> age >>> 23

Aug 03, 2020 2:32:28 PM Utilities.FileLogger write
INFO: >>> createPlayerAccount >>> ipadddress >>> 93.5.4.5

Aug 03, 2020 2:32:28 PM Utilities.FileLogger write
INFO: >>> createPlayerAccount >>> User information stored

Aug 03, 2020 3:09:53 PM Utilities.FileLogger write
INFO: >>> createPlayerAccount

Aug 03, 2020 3:09:53 PM Utilities.FileLogger write
INFO: >>> createPlayerAccount >>> username >>> Gyles123

Aug 03, 2020 3:09:53 PM Utilities.FileLogger write
INFO: >>> createPlayerAccount >>> firstname >>> Gyles

Aug 03, 2020 3:09:53 PM Utilities.FileLogger write
INFO: >>> createPlayerAccount >>> lastname >>> Key

Aug 03, 2020 3:09:53 PM Utilities.FileLogger write
INFO: >>> createPlayerAccount >>> password >>> Gyles123

Aug 03, 2020 3:09:53 PM Utilities.FileLogger write
INFO: >>> createPlayerAccount >>> age >>> 23

Aug 03, 2020 3:09:53 PM Utilities.FileLogger write
INFO: >>> createPlayerAccount >>> ipadddress >>> 93.5.4.5

Aug 03, 2020 3:09:53 PM Utilities.FileLogger write
INFO: >>> createPlayerAccount >>> User information stored

Aug 03, 2020 3:11:07 PM Utilities.FileLogger write
INFO: >>> createPlayerAccount

Aug 03, 2020 3:11:07 PM Utilities.FileLogger write
INFO: >>> createPlayerAccount >>> username >>> Gyles123

Aug 03, 2020 3:11:07 PM Utilities.FileLogger write
INFO: >>> createPlayerAccount >>> firstname >>> Gyles

Aug 03, 2020 3:11:07 PM Utilities.FileLogger write
INFO: >>> createPlayerAccount >>> lastname >>> Key

Aug 03, 2020 3:11:07 PM Utilities.FileLogger write
INFO: >>> createPlayerAccount >>> password >>> Gyles123

Aug 03, 2020 3:11:07 PM Utilities.FileLogger write
INFO: >>> createPlayerAccount >>> age >>> 23

Aug 03, 2020 3:11:07 PM Utilities.FileLogger write
INFO: >>> createPlayerAccount >>> ipadddress >>> 93.5.4.5

Aug 03, 2020 3:11:07 PM Utilities.FileLogger write
INFO: >>> createPlayerAccount >>> User information stored

Aug 03, 2020 3:12:23 PM Utilities.FileLogger write
INFO: >>> createPlayerAccount

Aug 03, 2020 3:12:23 PM Utilities.FileLogger write
INFO: >>> createPlayerAccount >>> username >>> Gyles123

Aug 03, 2020 3:12:23 PM Utilities.FileLogger write
INFO: >>> createPlayerAccount >>> firstname >>> Gyles

Aug 03, 2020 3:12:23 PM Utilities.FileLogger write
INFO: >>> createPlayerAccount >>> lastname >>> Key

Aug 03, 2020 3:12:23 PM Utilities.FileLogger write
INFO: >>> createPlayerAccount >>> password >>> Gyles123

Aug 03, 2020 3:12:23 PM Utilities.FileLogger write
INFO: >>> createPlayerAccount >>> age >>> 23

Aug 03, 2020 3:12:23 PM Utilities.FileLogger write
INFO: >>> createPlayerAccount >>> ipadddress >>> 93.5.4.5

Aug 03, 2020 3:12:23 PM Utilities.FileLogger write
INFO: >>> createPlayerAccount >>> User information stored

Aug 03, 2020 3:16:20 PM Utilities.FileLogger write
INFO: >>> createPlayerAccount

Aug 03, 2020 3:16:20 PM Utilities.FileLogger write
INFO: >>> createPlayerAccount >>> username >>> Gyles123

Aug 03, 2020 3:16:20 PM Utilities.FileLogger write
INFO: >>> createPlayerAccount >>> firstname >>> Gyles

Aug 03, 2020 3:16:20 PM Utilities.FileLogger write
INFO: >>> createPlayerAccount >>> lastname >>> Key

Aug 03, 2020 3:16:20 PM Utilities.FileLogger write
INFO: >>> createPlayerAccount >>> password >>> Gyles123

Aug 03, 2020 3:16:20 PM Utilities.FileLogger write
INFO: >>> createPlayerAccount >>> age >>> 23

Aug 03, 2020 3:16:20 PM Utilities.FileLogger write
INFO: >>> createPlayerAccount >>> ipadddress >>> 93.5.4.5

Aug 03, 2020 3:16:20 PM Utilities.FileLogger write
INFO: >>> createPlayerAccount >>> User information stored

Aug 05, 2020 3:59:48 PM Utilities.FileLogger write
INFO: >>> createPlayerAccount

Aug 05, 2020 3:59:48 PM Utilities.FileLogger write
INFO: >>> createPlayerAccount >>> username >>> Gyles123

Aug 05, 2020 3:59:48 PM Utilities.FileLogger write
INFO: >>> createPlayerAccount >>> firstname >>> Gyles

Aug 05, 2020 3:59:48 PM Utilities.FileLogger write
INFO: >>> createPlayerAccount >>> lastname >>> Key

Aug 05, 2020 3:59:48 PM Utilities.FileLogger write
INFO: >>> createPlayerAccount >>> password >>> Gyles123

Aug 05, 2020 3:59:48 PM Utilities.FileLogger write
INFO: >>> createPlayerAccount >>> age >>> 23

Aug 05, 2020 3:59:48 PM Utilities.FileLogger write
INFO: >>> createPlayerAccount >>> ipadddress >>> 93.5.4.5

Aug 05, 2020 3:59:48 PM Utilities.FileLogger write
INFO: >>> createPlayerAccount >>> User information stored

Aug 05, 2020 8:04:55 PM Utilities.FileLogger write
INFO: >>> createPlayerAccount

Aug 05, 2020 8:04:55 PM Utilities.FileLogger write
INFO: >>> createPlayerAccount >>> username >>> Gyles123

Aug 05, 2020 8:04:55 PM Utilities.FileLogger write
INFO: >>> createPlayerAccount >>> firstname >>> Gyles

Aug 05, 2020 8:04:55 PM Utilities.FileLogger write
INFO: >>> createPlayerAccount >>> lastname >>> Key

Aug 05, 2020 8:04:55 PM Utilities.FileLogger write
INFO: >>> createPlayerAccount >>> password >>> Gyles123

Aug 05, 2020 8:04:55 PM Utilities.FileLogger write
INFO: >>> createPlayerAccount >>> age >>> 23

Aug 05, 2020 8:04:55 PM Utilities.FileLogger write
INFO: >>> createPlayerAccount >>> ipadddress >>> 93.5.4.5

Aug 05, 2020 8:04:55 PM Utilities.FileLogger write
INFO: >>> createPlayerAccount >>> User information stored

Aug 05, 2020 8:05:31 PM Utilities.FileLogger write
INFO: >>> createPlayerAccount

Aug 05, 2020 8:05:31 PM Utilities.FileLogger write
INFO: >>> createPlayerAccount >>> username >>> Gyles123

Aug 05, 2020 8:05:31 PM Utilities.FileLogger write
INFO: >>> createPlayerAccount >>> firstname >>> Gyles

Aug 05, 2020 8:05:31 PM Utilities.FileLogger write
INFO: >>> createPlayerAccount >>> lastname >>> Key

Aug 05, 2020 8:05:31 PM Utilities.FileLogger write
INFO: >>> createPlayerAccount >>> password >>> Gyles123

Aug 05, 2020 8:05:31 PM Utilities.FileLogger write
INFO: >>> createPlayerAccount >>> age >>> 23

Aug 05, 2020 8:05:31 PM Utilities.FileLogger write
INFO: >>> createPlayerAccount >>> ipadddress >>> 93.5.4.5

Aug 05, 2020 8:05:31 PM Utilities.FileLogger write
INFO: >>> createPlayerAccount >>> User information stored

Aug 05, 2020 8:28:43 PM Utilities.FileLogger write
INFO: >>> createPlayerAccount

Aug 05, 2020 8:28:43 PM Utilities.FileLogger write
INFO: >>> createPlayerAccount >>> username >>> Gyles123

Aug 05, 2020 8:28:43 PM Utilities.FileLogger write
INFO: >>> createPlayerAccount >>> firstname >>> Gyles

Aug 05, 2020 8:28:43 PM Utilities.FileLogger write
INFO: >>> createPlayerAccount >>> lastname >>> Key

Aug 05, 2020 8:28:43 PM Utilities.FileLogger write
INFO: >>> createPlayerAccount >>> password >>> Gyles123

Aug 05, 2020 8:28:43 PM Utilities.FileLogger write
INFO: >>> createPlayerAccount >>> age >>> 23

Aug 05, 2020 8:28:43 PM Utilities.FileLogger write
INFO: >>> createPlayerAccount >>> ipadddress >>> 93.5.4.5

Aug 05, 2020 8:28:43 PM Utilities.FileLogger write
INFO: >>> createPlayerAccount >>> User information stored

Aug 05, 2020 8:29:06 PM Utilities.FileLogger write
INFO: >>> createPlayerAccount

Aug 05, 2020 8:29:06 PM Utilities.FileLogger write
INFO: >>> createPlayerAccount >>> username >>> Gyles123

Aug 05, 2020 8:29:06 PM Utilities.FileLogger write
INFO: >>> createPlayerAccount >>> firstname >>> Gyles

Aug 05, 2020 8:29:06 PM Utilities.FileLogger write
INFO: >>> createPlayerAccount >>> lastname >>> Key

Aug 05, 2020 8:29:06 PM Utilities.FileLogger write
INFO: >>> createPlayerAccount >>> password >>> Gyles123

Aug 05, 2020 8:29:06 PM Utilities.FileLogger write
INFO: >>> createPlayerAccount >>> age >>> 23

Aug 05, 2020 8:29:06 PM Utilities.FileLogger write
INFO: >>> createPlayerAccount >>> ipadddress >>> 93.5.4.5

Aug 05, 2020 8:29:06 PM Utilities.FileLogger write
INFO: >>> createPlayerAccount >>> User information stored

Aug 06, 2020 12:47:29 AM Utilities.FileLogger write
INFO: >>> createPlayerAccount

Aug 06, 2020 12:47:29 AM Utilities.FileLogger write
INFO: >>> createPlayerAccount >>> username >>> Gyles123

Aug 06, 2020 12:47:29 AM Utilities.FileLogger write
INFO: >>> createPlayerAccount >>> firstname >>> Gyles

Aug 06, 2020 12:47:29 AM Utilities.FileLogger write
INFO: >>> createPlayerAccount >>> lastname >>> Key

Aug 06, 2020 12:47:29 AM Utilities.FileLogger write
INFO: >>> createPlayerAccount >>> password >>> Gyles123

Aug 06, 2020 12:47:29 AM Utilities.FileLogger write
INFO: >>> createPlayerAccount >>> age >>> 23

Aug 06, 2020 12:47:29 AM Utilities.FileLogger write
INFO: >>> createPlayerAccount >>> ipadddress >>> 93.5.4.5

Aug 06, 2020 12:47:29 AM Utilities.FileLogger write
INFO: >>> createPlayerAccount >>> User information stored

Aug 06, 2020 3:11:34 PM Utilities.FileLogger write
INFO: >>> createPlayerAccount

Aug 06, 2020 3:11:34 PM Utilities.FileLogger write
INFO: >>> createPlayerAccount >>> username >>> Gyles123

Aug 06, 2020 3:11:34 PM Utilities.FileLogger write
INFO: >>> createPlayerAccount >>> firstname >>> Gyles

Aug 06, 2020 3:11:34 PM Utilities.FileLogger write
INFO: >>> createPlayerAccount >>> lastname >>> Key

Aug 06, 2020 3:11:34 PM Utilities.FileLogger write
INFO: >>> createPlayerAccount >>> password >>> Gyles123

Aug 06, 2020 3:11:34 PM Utilities.FileLogger write
INFO: >>> createPlayerAccount >>> age >>> 23

Aug 06, 2020 3:11:34 PM Utilities.FileLogger write
INFO: >>> createPlayerAccount >>> ipadddress >>> 93.5.4.5

Aug 06, 2020 3:11:34 PM Utilities.FileLogger write
INFO: >>> createPlayerAccount >>> User information stored

Aug 06, 2020 3:14:32 PM Utilities.FileLogger write
INFO: >>> createPlayerAccount

Aug 06, 2020 3:14:32 PM Utilities.FileLogger write
INFO: >>> createPlayerAccount >>> username >>> Gyles123

Aug 06, 2020 3:14:32 PM Utilities.FileLogger write
INFO: >>> createPlayerAccount >>> firstname >>> Gyles

Aug 06, 2020 3:14:32 PM Utilities.FileLogger write
INFO: >>> createPlayerAccount >>> lastname >>> Key

Aug 06, 2020 3:14:32 PM Utilities.FileLogger write
INFO: >>> createPlayerAccount >>> password >>> Gyles123

Aug 06, 2020 3:14:32 PM Utilities.FileLogger write
INFO: >>> createPlayerAccount >>> age >>> 23

Aug 06, 2020 3:14:32 PM Utilities.FileLogger write
INFO: >>> createPlayerAccount >>> ipadddress >>> 93.5.4.5

Aug 06, 2020 3:14:32 PM Utilities.FileLogger write
INFO: >>> createPlayerAccount >>> User information stored

Aug 06, 2020 3:18:00 PM Utilities.FileLogger write
INFO: >>> createPlayerAccount

Aug 06, 2020 3:18:00 PM Utilities.FileLogger write
INFO: >>> createPlayerAccount >>> username >>> Gyles123

Aug 06, 2020 3:18:00 PM Utilities.FileLogger write
INFO: >>> createPlayerAccount >>> firstname >>> Gyles

Aug 06, 2020 3:18:00 PM Utilities.FileLogger write
INFO: >>> createPlayerAccount >>> lastname >>> Key

Aug 06, 2020 3:18:00 PM Utilities.FileLogger write
INFO: >>> createPlayerAccount >>> password >>> Gyles123

Aug 06, 2020 3:18:00 PM Utilities.FileLogger write
INFO: >>> createPlayerAccount >>> age >>> 23

Aug 06, 2020 3:18:00 PM Utilities.FileLogger write
INFO: >>> createPlayerAccount >>> ipadddress >>> 93.5.4.5

Aug 06, 2020 3:18:00 PM Utilities.FileLogger write
INFO: >>> createPlayerAccount >>> User information stored

Aug 06, 2020 3:21:09 PM Utilities.FileLogger write
INFO: >>> createPlayerAccount

Aug 06, 2020 3:21:09 PM Utilities.FileLogger write
INFO: >>> createPlayerAccount >>> username >>> Gyles123

Aug 06, 2020 3:21:09 PM Utilities.FileLogger write
INFO: >>> createPlayerAccount >>> firstname >>> Gyles

Aug 06, 2020 3:21:09 PM Utilities.FileLogger write
INFO: >>> createPlayerAccount >>> lastname >>> Key

Aug 06, 2020 3:21:09 PM Utilities.FileLogger write
INFO: >>> createPlayerAccount >>> password >>> Gyles123

Aug 06, 2020 3:21:09 PM Utilities.FileLogger write
INFO: >>> createPlayerAccount >>> age >>> 23

Aug 06, 2020 3:21:09 PM Utilities.FileLogger write
INFO: >>> createPlayerAccount >>> ipadddress >>> 93.5.4.5

Aug 06, 2020 3:21:09 PM Utilities.FileLogger write
INFO: >>> createPlayerAccount >>> User information stored

Aug 06, 2020 3:37:27 PM Utilities.FileLogger write
INFO: >>> createPlayerAccount

Aug 06, 2020 3:37:28 PM Utilities.FileLogger write
INFO: >>> createPlayerAccount >>> username >>> Gyles123

Aug 06, 2020 3:37:28 PM Utilities.FileLogger write
INFO: >>> createPlayerAccount >>> firstname >>> Gyles

Aug 06, 2020 3:37:28 PM Utilities.FileLogger write
INFO: >>> createPlayerAccount >>> lastname >>> Key

Aug 06, 2020 3:37:28 PM Utilities.FileLogger write
INFO: >>> createPlayerAccount >>> password >>> Gyles123

Aug 06, 2020 3:37:28 PM Utilities.FileLogger write
INFO: >>> createPlayerAccount >>> age >>> 23

Aug 06, 2020 3:37:28 PM Utilities.FileLogger write
INFO: >>> createPlayerAccount >>> ipadddress >>> 93.5.4.5

Aug 06, 2020 3:37:28 PM Utilities.FileLogger write
INFO: >>> createPlayerAccount >>> User information stored

Aug 06, 2020 3:38:04 PM Utilities.FileLogger write
INFO: >>> createPlayerAccount

Aug 06, 2020 3:38:04 PM Utilities.FileLogger write
INFO: >>> createPlayerAccount >>> username >>> Gyles123

Aug 06, 2020 3:38:04 PM Utilities.FileLogger write
INFO: >>> createPlayerAccount >>> firstname >>> Gyles

Aug 06, 2020 3:38:04 PM Utilities.FileLogger write
INFO: >>> createPlayerAccount >>> lastname >>> Key

Aug 06, 2020 3:38:04 PM Utilities.FileLogger write
INFO: >>> createPlayerAccount >>> password >>> Gyles123

Aug 06, 2020 3:38:04 PM Utilities.FileLogger write
INFO: >>> createPlayerAccount >>> age >>> 23

Aug 06, 2020 3:38:04 PM Utilities.FileLogger write
INFO: >>> createPlayerAccount >>> ipadddress >>> 93.5.4.5

Aug 06, 2020 3:38:04 PM Utilities.FileLogger write
INFO: >>> createPlayerAccount >>> User information stored

Aug 06, 2020 3:38:47 PM Utilities.FileLogger write
INFO: >>> createPlayerAccount

Aug 06, 2020 3:38:47 PM Utilities.FileLogger write
INFO: >>> createPlayerAccount >>> username >>> Gyles123

Aug 06, 2020 3:38:47 PM Utilities.FileLogger write
INFO: >>> createPlayerAccount >>> firstname >>> Gyles

Aug 06, 2020 3:38:47 PM Utilities.FileLogger write
INFO: >>> createPlayerAccount >>> lastname >>> Key

Aug 06, 2020 3:38:47 PM Utilities.FileLogger write
INFO: >>> createPlayerAccount >>> password >>> Gyles123

Aug 06, 2020 3:38:48 PM Utilities.FileLogger write
INFO: >>> createPlayerAccount >>> age >>> 23

Aug 06, 2020 3:38:48 PM Utilities.FileLogger write
INFO: >>> createPlayerAccount >>> ipadddress >>> 93.5.4.5

Aug 06, 2020 3:38:48 PM Utilities.FileLogger write
INFO: >>> createPlayerAccount >>> User information stored

Aug 06, 2020 3:46:57 PM Utilities.FileLogger write
INFO: >>> createPlayerAccount

Aug 06, 2020 3:46:57 PM Utilities.FileLogger write
INFO: >>> createPlayerAccount >>> username >>> Gyles123

Aug 06, 2020 3:46:57 PM Utilities.FileLogger write
INFO: >>> createPlayerAccount >>> firstname >>> Gyles

Aug 06, 2020 3:46:57 PM Utilities.FileLogger write
INFO: >>> createPlayerAccount >>> lastname >>> Key

Aug 06, 2020 3:46:57 PM Utilities.FileLogger write
INFO: >>> createPlayerAccount >>> password >>> Gyles123

Aug 06, 2020 3:46:57 PM Utilities.FileLogger write
INFO: >>> createPlayerAccount >>> age >>> 23

Aug 06, 2020 3:46:57 PM Utilities.FileLogger write
INFO: >>> createPlayerAccount >>> ipadddress >>> 93.5.4.5

Aug 06, 2020 3:46:57 PM Utilities.FileLogger write
INFO: >>> createPlayerAccount >>> User information stored

Aug 06, 2020 3:48:16 PM Utilities.FileLogger write
INFO: >>> createPlayerAccount

Aug 06, 2020 3:48:16 PM Utilities.FileLogger write
INFO: >>> createPlayerAccount >>> username >>> Gyles123

Aug 06, 2020 3:48:16 PM Utilities.FileLogger write
INFO: >>> createPlayerAccount >>> firstname >>> Gyles

Aug 06, 2020 3:48:16 PM Utilities.FileLogger write
INFO: >>> createPlayerAccount >>> lastname >>> Key

Aug 06, 2020 3:48:16 PM Utilities.FileLogger write
INFO: >>> createPlayerAccount >>> password >>> Gyles123

Aug 06, 2020 3:48:16 PM Utilities.FileLogger write
INFO: >>> createPlayerAccount >>> age >>> 23

Aug 06, 2020 3:48:16 PM Utilities.FileLogger write
INFO: >>> createPlayerAccount >>> ipadddress >>> 93.5.4.5

Aug 06, 2020 3:48:16 PM Utilities.FileLogger write
INFO: >>> createPlayerAccount >>> User information stored

Aug 06, 2020 3:50:00 PM Utilities.FileLogger write
INFO: >>> createPlayerAccount

Aug 06, 2020 3:50:00 PM Utilities.FileLogger write
INFO: >>> createPlayerAccount >>> username >>> Gyles123

Aug 06, 2020 3:50:00 PM Utilities.FileLogger write
INFO: >>> createPlayerAccount >>> firstname >>> Gyles

Aug 06, 2020 3:50:00 PM Utilities.FileLogger write
INFO: >>> createPlayerAccount >>> lastname >>> Key

Aug 06, 2020 3:50:00 PM Utilities.FileLogger write
INFO: >>> createPlayerAccount >>> password >>> Gyles123

Aug 06, 2020 3:50:00 PM Utilities.FileLogger write
INFO: >>> createPlayerAccount >>> age >>> 23

Aug 06, 2020 3:50:00 PM Utilities.FileLogger write
INFO: >>> createPlayerAccount >>> ipadddress >>> 93.5.4.5

Aug 06, 2020 3:50:00 PM Utilities.FileLogger write
INFO: >>> createPlayerAccount >>> User information stored

Aug 06, 2020 3:52:08 PM Utilities.FileLogger write
INFO: >>> createPlayerAccount

Aug 06, 2020 3:52:08 PM Utilities.FileLogger write
INFO: >>> createPlayerAccount >>> username >>> Gyles123

Aug 06, 2020 3:52:08 PM Utilities.FileLogger write
INFO: >>> createPlayerAccount >>> firstname >>> Gyles

Aug 06, 2020 3:52:08 PM Utilities.FileLogger write
INFO: >>> createPlayerAccount >>> lastname >>> Key

Aug 06, 2020 3:52:08 PM Utilities.FileLogger write
INFO: >>> createPlayerAccount >>> password >>> Gyles123

Aug 06, 2020 3:52:08 PM Utilities.FileLogger write
INFO: >>> createPlayerAccount >>> age >>> 23

Aug 06, 2020 3:52:08 PM Utilities.FileLogger write
INFO: >>> createPlayerAccount >>> ipadddress >>> 93.5.4.5

Aug 06, 2020 3:52:08 PM Utilities.FileLogger write
INFO: >>> createPlayerAccount >>> User information stored

Aug 06, 2020 4:00:09 PM Utilities.FileLogger write
INFO: >>> createPlayerAccount

Aug 06, 2020 4:00:09 PM Utilities.FileLogger write
INFO: >>> createPlayerAccount >>> username >>> Gyles123

Aug 06, 2020 4:00:09 PM Utilities.FileLogger write
INFO: >>> createPlayerAccount >>> firstname >>> Gyles

Aug 06, 2020 4:00:09 PM Utilities.FileLogger write
INFO: >>> createPlayerAccount >>> lastname >>> Key

Aug 06, 2020 4:00:09 PM Utilities.FileLogger write
INFO: >>> createPlayerAccount >>> password >>> Gyles123

Aug 06, 2020 4:00:09 PM Utilities.FileLogger write
INFO: >>> createPlayerAccount >>> age >>> 23

Aug 06, 2020 4:00:09 PM Utilities.FileLogger write
INFO: >>> createPlayerAccount >>> ipadddress >>> 93.5.4.5

Aug 06, 2020 4:00:09 PM Utilities.FileLogger write
INFO: >>> createPlayerAccount >>> User information stored

Aug 06, 2020 4:00:44 PM Utilities.FileLogger write
INFO: >>> createPlayerAccount

Aug 06, 2020 4:00:44 PM Utilities.FileLogger write
INFO: >>> createPlayerAccount >>> username >>> Gyles123

Aug 06, 2020 4:00:44 PM Utilities.FileLogger write
INFO: >>> createPlayerAccount >>> firstname >>> Gyles

Aug 06, 2020 4:00:44 PM Utilities.FileLogger write
INFO: >>> createPlayerAccount >>> lastname >>> Key

Aug 06, 2020 4:00:44 PM Utilities.FileLogger write
INFO: >>> createPlayerAccount >>> password >>> Gyles123

Aug 06, 2020 4:00:44 PM Utilities.FileLogger write
INFO: >>> createPlayerAccount >>> age >>> 23

Aug 06, 2020 4:00:44 PM Utilities.FileLogger write
INFO: >>> createPlayerAccount >>> ipadddress >>> 93.5.4.5

Aug 06, 2020 4:00:44 PM Utilities.FileLogger write
INFO: >>> createPlayerAccount >>> User information stored

Aug 06, 2020 4:02:50 PM Utilities.FileLogger write
INFO: >>> createPlayerAccount

Aug 06, 2020 4:02:50 PM Utilities.FileLogger write
INFO: >>> createPlayerAccount >>> username >>> Gyles123

Aug 06, 2020 4:02:50 PM Utilities.FileLogger write
INFO: >>> createPlayerAccount >>> firstname >>> Gyles

Aug 06, 2020 4:02:50 PM Utilities.FileLogger write
INFO: >>> createPlayerAccount >>> lastname >>> Key

Aug 06, 2020 4:02:50 PM Utilities.FileLogger write
INFO: >>> createPlayerAccount >>> password >>> Gyles123

Aug 06, 2020 4:02:50 PM Utilities.FileLogger write
INFO: >>> createPlayerAccount >>> age >>> 23

Aug 06, 2020 4:02:50 PM Utilities.FileLogger write
INFO: >>> createPlayerAccount >>> ipadddress >>> 93.5.4.5

Aug 06, 2020 4:02:50 PM Utilities.FileLogger write
INFO: >>> createPlayerAccount >>> User information stored

Aug 06, 2020 4:06:23 PM Utilities.FileLogger write
INFO: >>> createPlayerAccount

Aug 06, 2020 4:06:23 PM Utilities.FileLogger write
INFO: >>> createPlayerAccount >>> username >>> Gyles123

Aug 06, 2020 4:06:23 PM Utilities.FileLogger write
INFO: >>> createPlayerAccount >>> firstname >>> Gyles

Aug 06, 2020 4:06:23 PM Utilities.FileLogger write
INFO: >>> createPlayerAccount >>> lastname >>> Key

Aug 06, 2020 4:06:23 PM Utilities.FileLogger write
INFO: >>> createPlayerAccount >>> password >>> Gyles123

Aug 06, 2020 4:06:23 PM Utilities.FileLogger write
INFO: >>> createPlayerAccount >>> age >>> 23

Aug 06, 2020 4:06:23 PM Utilities.FileLogger write
INFO: >>> createPlayerAccount >>> ipadddress >>> 93.5.4.5

Aug 06, 2020 4:06:23 PM Utilities.FileLogger write
INFO: >>> createPlayerAccount >>> User information stored

Aug 06, 2020 4:09:26 PM Utilities.FileLogger write
INFO: >>> createPlayerAccount

Aug 06, 2020 4:09:26 PM Utilities.FileLogger write
INFO: >>> createPlayerAccount >>> username >>> Gyles123

Aug 06, 2020 4:09:26 PM Utilities.FileLogger write
INFO: >>> createPlayerAccount >>> firstname >>> Gyles

Aug 06, 2020 4:09:26 PM Utilities.FileLogger write
INFO: >>> createPlayerAccount >>> lastname >>> Key

Aug 06, 2020 4:09:26 PM Utilities.FileLogger write
INFO: >>> createPlayerAccount >>> password >>> Gyles123

Aug 06, 2020 4:09:26 PM Utilities.FileLogger write
INFO: >>> createPlayerAccount >>> age >>> 23

Aug 06, 2020 4:09:26 PM Utilities.FileLogger write
INFO: >>> createPlayerAccount >>> ipadddress >>> 93.5.4.5

Aug 06, 2020 4:09:26 PM Utilities.FileLogger write
INFO: >>> createPlayerAccount >>> User information stored

Aug 06, 2020 4:32:02 PM Utilities.FileLogger write
INFO: >>> createPlayerAccount

Aug 06, 2020 4:32:02 PM Utilities.FileLogger write
INFO: >>> createPlayerAccount >>> username >>> Gyles123

Aug 06, 2020 4:32:02 PM Utilities.FileLogger write
INFO: >>> createPlayerAccount >>> firstname >>> Gyles

Aug 06, 2020 4:32:02 PM Utilities.FileLogger write
INFO: >>> createPlayerAccount >>> lastname >>> Key

Aug 06, 2020 4:32:02 PM Utilities.FileLogger write
INFO: >>> createPlayerAccount >>> password >>> Gyles123

Aug 06, 2020 4:32:02 PM Utilities.FileLogger write
INFO: >>> createPlayerAccount >>> age >>> 23

Aug 06, 2020 4:32:02 PM Utilities.FileLogger write
INFO: >>> createPlayerAccount >>> ipadddress >>> 93.5.4.5

Aug 06, 2020 4:32:02 PM Utilities.FileLogger write
INFO: >>> createPlayerAccount >>> User information stored

Aug 06, 2020 4:33:24 PM Utilities.FileLogger write
INFO: >>> createPlayerAccount

Aug 06, 2020 4:33:24 PM Utilities.FileLogger write
INFO: >>> createPlayerAccount >>> username >>> Gyles123

Aug 06, 2020 4:33:24 PM Utilities.FileLogger write
INFO: >>> createPlayerAccount >>> firstname >>> Gyles

Aug 06, 2020 4:33:24 PM Utilities.FileLogger write
INFO: >>> createPlayerAccount >>> lastname >>> Key

Aug 06, 2020 4:33:24 PM Utilities.FileLogger write
INFO: >>> createPlayerAccount >>> password >>> Gyles123

Aug 06, 2020 4:33:24 PM Utilities.FileLogger write
INFO: >>> createPlayerAccount >>> age >>> 23

Aug 06, 2020 4:33:24 PM Utilities.FileLogger write
INFO: >>> createPlayerAccount >>> ipadddress >>> 93.5.4.5

Aug 06, 2020 4:33:24 PM Utilities.FileLogger write
INFO: >>> createPlayerAccount >>> User information stored

Aug 06, 2020 4:33:28 PM Utilities.FileLogger write
INFO: >>> createPlayerAccount

Aug 06, 2020 4:33:28 PM Utilities.FileLogger write
INFO: >>> createPlayerAccount >>> username >>> Gyles123

Aug 06, 2020 4:33:28 PM Utilities.FileLogger write
INFO: >>> createPlayerAccount >>> firstname >>> Gyles

Aug 06, 2020 4:33:28 PM Utilities.FileLogger write
INFO: >>> createPlayerAccount >>> lastname >>> Key

Aug 06, 2020 4:33:28 PM Utilities.FileLogger write
INFO: >>> createPlayerAccount >>> password >>> Gyles123

Aug 06, 2020 4:33:28 PM Utilities.FileLogger write
INFO: >>> createPlayerAccount >>> age >>> 23

Aug 06, 2020 4:33:28 PM Utilities.FileLogger write
INFO: >>> createPlayerAccount >>> ipadddress >>> 93.5.4.5

Aug 06, 2020 4:33:28 PM Utilities.FileLogger write
INFO: >>> createPlayerAccount >>> User information stored

Aug 06, 2020 4:55:22 PM Utilities.FileLogger write
INFO: >>> createPlayerAccount

Aug 06, 2020 4:55:22 PM Utilities.FileLogger write
INFO: >>> createPlayerAccount >>> username >>> Gyles123

Aug 06, 2020 4:55:22 PM Utilities.FileLogger write
INFO: >>> createPlayerAccount >>> firstname >>> Gyles

Aug 06, 2020 4:55:22 PM Utilities.FileLogger write
INFO: >>> createPlayerAccount >>> lastname >>> Key

Aug 06, 2020 4:55:22 PM Utilities.FileLogger write
INFO: >>> createPlayerAccount >>> password >>> Gyles123

Aug 06, 2020 4:55:22 PM Utilities.FileLogger write
INFO: >>> createPlayerAccount >>> age >>> 23

Aug 06, 2020 4:55:22 PM Utilities.FileLogger write
INFO: >>> createPlayerAccount >>> ipadddress >>> 93.5.4.5

Aug 06, 2020 4:55:22 PM Utilities.FileLogger write
INFO: >>> createPlayerAccount >>> User information stored

Aug 06, 2020 10:16:00 PM Utilities.FileLogger write
INFO: >>> createPlayerAccount

Aug 06, 2020 10:16:00 PM Utilities.FileLogger write
INFO: >>> createPlayerAccount >>> username >>> Gyles123

Aug 06, 2020 10:16:00 PM Utilities.FileLogger write
INFO: >>> createPlayerAccount >>> firstname >>> Gyles

Aug 06, 2020 10:16:00 PM Utilities.FileLogger write
INFO: >>> createPlayerAccount >>> lastname >>> Key

Aug 06, 2020 10:16:00 PM Utilities.FileLogger write
INFO: >>> createPlayerAccount >>> password >>> Gyles123

Aug 06, 2020 10:16:00 PM Utilities.FileLogger write
INFO: >>> createPlayerAccount >>> age >>> 23

Aug 06, 2020 10:16:00 PM Utilities.FileLogger write
INFO: >>> createPlayerAccount >>> ipadddress >>> 93.5.4.5

Aug 06, 2020 10:16:00 PM Utilities.FileLogger write
INFO: >>> createPlayerAccount >>> User information stored

