Jul 07, 2020 10:25:28 PM logger.FileLogger write
INFO: >>> createPlayerAccount

Jul 07, 2020 10:25:28 PM logger.FileLogger write
INFO: >>> createPlayerAccount >>> username >>> Seabrook123

Jul 07, 2020 10:25:28 PM logger.FileLogger write
INFO: >>> createPlayerAccount >>> firstname >>> Lorena

Jul 07, 2020 10:25:28 PM logger.FileLogger write
INFO: >>> createPlayerAccount >>> lastname >>> Seabrook

Jul 07, 2020 10:25:28 PM logger.FileLogger write
INFO: >>> createPlayerAccount >>> password >>> Seabrook123

Jul 07, 2020 10:25:28 PM logger.FileLogger write
INFO: >>> createPlayerAccount >>> age >>> 18

Jul 07, 2020 10:25:28 PM logger.FileLogger write
INFO: >>> createPlayerAccount >>> ipadddress >>> 132.34.2.3

Jul 07, 2020 10:25:28 PM logger.FileLogger write
INFO: >>> createPlayerAccount >>> User information stored

Jul 08, 2020 12:54:59 AM logger.FileLogger write
INFO: >>> createPlayerAccount

Jul 08, 2020 12:54:59 AM logger.FileLogger write
INFO: >>> createPlayerAccount >>> username >>> Seabrook123

Jul 08, 2020 12:54:59 AM logger.FileLogger write
INFO: >>> createPlayerAccount >>> firstname >>> Lorena

Jul 08, 2020 12:54:59 AM logger.FileLogger write
INFO: >>> createPlayerAccount >>> lastname >>> Seabrook

Jul 08, 2020 12:54:59 AM logger.FileLogger write
INFO: >>> createPlayerAccount >>> password >>> Seabrook123

Jul 08, 2020 12:54:59 AM logger.FileLogger write
INFO: >>> createPlayerAccount >>> age >>> 18

Jul 08, 2020 12:54:59 AM logger.FileLogger write
INFO: >>> createPlayerAccount >>> ipadddress >>> 132.34.2.3

Jul 08, 2020 12:54:59 AM logger.FileLogger write
INFO: >>> createPlayerAccount >>> User information stored

Jul 08, 2020 4:34:12 PM logger.FileLogger write
INFO: >>> createPlayerAccount

Jul 08, 2020 4:34:12 PM logger.FileLogger write
INFO: >>> createPlayerAccount >>> username >>> Seabrook123

Jul 08, 2020 4:34:12 PM logger.FileLogger write
INFO: >>> createPlayerAccount >>> firstname >>> Lorena

Jul 08, 2020 4:34:12 PM logger.FileLogger write
INFO: >>> createPlayerAccount >>> lastname >>> Seabrook

Jul 08, 2020 4:34:12 PM logger.FileLogger write
INFO: >>> createPlayerAccount >>> password >>> Seabrook123

Jul 08, 2020 4:34:12 PM logger.FileLogger write
INFO: >>> createPlayerAccount >>> age >>> 18

Jul 08, 2020 4:34:12 PM logger.FileLogger write
INFO: >>> createPlayerAccount >>> ipadddress >>> 132.34.2.3

Jul 08, 2020 4:34:12 PM logger.FileLogger write
INFO: >>> createPlayerAccount >>> User information stored

