Jun 12, 2020 12:03:32 AM Logger.FileLogger write
INFO: >>> getPlayerStatus

Jun 12, 2020 12:03:32 AM Logger.FileLogger write
INFO: >>> getPlayerStatus >>> username >>> Admin

Jun 12, 2020 12:03:32 AM Logger.FileLogger write
INFO: >>> getPlayerStatus >>> password >>> Admin

Jun 12, 2020 12:03:32 AM Logger.FileLogger write
INFO: >>> getPlayerStatus >>> ipadddress >>> 182.1.1.1

Jun 12, 2020 12:03:32 AM Logger.FileLogger write
INFO: >>> getPlayerStatus >>> getOwnStatus

Jun 12, 2020 12:03:32 AM Logger.FileLogger write
INFO: >>> getPlayerStatus >>> getOwnStatus >>> AS: 0 online, 5 offline

Jun 12, 2020 12:03:32 AM Logger.FileLogger write
INFO: >>> getPlayerStatus >>> Sending request to European Server

Jun 12, 2020 12:03:32 AM Logger.FileLogger write
INFO: >>> getPlayerStatus >>> Reciving response from European Server

Jun 12, 2020 12:03:32 AM Logger.FileLogger write
INFO: >>> getPlayerStatus >>> Response from European Server >>> EU: 0 online, 5 offline

Jun 12, 2020 12:03:32 AM Logger.FileLogger write
INFO: >>> getPlayerStatus >>> Sending request to North American Server

Jun 12, 2020 12:03:32 AM Logger.FileLogger write
INFO: >>> getPlayerStatus >>> Reciving response from North American Server

Jun 12, 2020 12:03:32 AM Logger.FileLogger write
INFO: >>> getPlayerStatus >>> Response from North American Server >>> NA: 0 online, 5 offline

Jun 12, 2020 12:03:32 AM Logger.FileLogger write
INFO: >>> getPlayerStatus >>> Sending response to Admin >>> AS: 0 online, 5 offline, EU: 0 online, 5 offline, NA: 0 online, 5 offline.

Jun 12, 2020 12:08:39 AM Logger.FileLogger write
INFO: >>> getPlayerStatus

Jun 12, 2020 12:08:39 AM Logger.FileLogger write
INFO: >>> getPlayerStatus >>> username >>> Admin

Jun 12, 2020 12:08:39 AM Logger.FileLogger write
INFO: >>> getPlayerStatus >>> password >>> Admin

Jun 12, 2020 12:08:39 AM Logger.FileLogger write
INFO: >>> getPlayerStatus >>> ipadddress >>> 182.1.1.1

Jun 12, 2020 12:08:39 AM Logger.FileLogger write
INFO: >>> getPlayerStatus >>> getOwnStatus

Jun 12, 2020 12:08:39 AM Logger.FileLogger write
INFO: >>> getPlayerStatus >>> getOwnStatus >>> AS: 0 online, 4 offline

Jun 12, 2020 12:08:39 AM Logger.FileLogger write
INFO: >>> getPlayerStatus >>> Sending request to European Server

Jun 12, 2020 12:08:39 AM Logger.FileLogger write
INFO: >>> getPlayerStatus >>> Reciving response from European Server

Jun 12, 2020 12:08:39 AM Logger.FileLogger write
INFO: >>> getPlayerStatus >>> Response from European Server >>> EU: 0 online, 5 offline

Jun 12, 2020 12:08:39 AM Logger.FileLogger write
INFO: >>> getPlayerStatus >>> Sending request to North American Server

Jun 12, 2020 12:08:39 AM Logger.FileLogger write
INFO: >>> getPlayerStatus >>> Reciving response from North American Server

Jun 12, 2020 12:08:39 AM Logger.FileLogger write
INFO: >>> getPlayerStatus >>> Response from North American Server >>> NA: 0 online, 5 offline

Jun 12, 2020 12:08:39 AM Logger.FileLogger write
INFO: >>> getPlayerStatus >>> Sending response to Admin >>> AS: 0 online, 4 offline, EU: 0 online, 5 offline, NA: 0 online, 5 offline.

Jun 12, 2020 12:09:56 AM Logger.FileLogger write
INFO: >>> getPlayerStatus

Jun 12, 2020 12:09:56 AM Logger.FileLogger write
INFO: >>> getPlayerStatus >>> username >>> Admin

Jun 12, 2020 12:09:56 AM Logger.FileLogger write
INFO: >>> getPlayerStatus >>> password >>> Admin

Jun 12, 2020 12:09:56 AM Logger.FileLogger write
INFO: >>> getPlayerStatus >>> ipadddress >>> 182.1.1.1

Jun 12, 2020 12:09:56 AM Logger.FileLogger write
INFO: >>> getPlayerStatus >>> getOwnStatus

Jun 12, 2020 12:09:56 AM Logger.FileLogger write
INFO: >>> getPlayerStatus >>> getOwnStatus >>> AS: 0 online, 1 offline

Jun 12, 2020 12:09:56 AM Logger.FileLogger write
INFO: >>> getPlayerStatus >>> Sending request to European Server

Jun 12, 2020 12:09:56 AM Logger.FileLogger write
INFO: >>> getPlayerStatus >>> Reciving response from European Server

Jun 12, 2020 12:09:56 AM Logger.FileLogger write
INFO: >>> getPlayerStatus >>> Response from European Server >>> EU: 0 online, 5 offline

Jun 12, 2020 12:09:56 AM Logger.FileLogger write
INFO: >>> getPlayerStatus >>> Sending request to North American Server

Jun 12, 2020 12:09:56 AM Logger.FileLogger write
INFO: >>> getPlayerStatus >>> Reciving response from North American Server

Jun 12, 2020 12:09:56 AM Logger.FileLogger write
INFO: >>> getPlayerStatus >>> Response from North American Server >>> NA: 0 online, 5 offline

Jun 12, 2020 12:09:56 AM Logger.FileLogger write
INFO: >>> getPlayerStatus >>> Sending response to Admin >>> AS: 0 online, 1 offline, EU: 0 online, 5 offline, NA: 0 online, 5 offline.

Jun 12, 2020 12:11:54 AM Logger.FileLogger write
INFO: >>> getPlayerStatus

Jun 12, 2020 12:11:54 AM Logger.FileLogger write
INFO: >>> getPlayerStatus >>> username >>> Admin

Jun 12, 2020 12:11:54 AM Logger.FileLogger write
INFO: >>> getPlayerStatus >>> password >>> Admin

Jun 12, 2020 12:11:54 AM Logger.FileLogger write
INFO: >>> getPlayerStatus >>> ipadddress >>> 182.1.1.1

Jun 12, 2020 12:11:54 AM Logger.FileLogger write
INFO: >>> getPlayerStatus >>> getOwnStatus

Jun 12, 2020 12:11:54 AM Logger.FileLogger write
INFO: >>> getPlayerStatus >>> getOwnStatus >>> AS: 0 online, 5 offline

Jun 12, 2020 12:11:54 AM Logger.FileLogger write
INFO: >>> getPlayerStatus >>> Sending request to European Server

Jun 12, 2020 12:11:54 AM Logger.FileLogger write
INFO: >>> getPlayerStatus >>> Reciving response from European Server

Jun 12, 2020 12:11:54 AM Logger.FileLogger write
INFO: >>> getPlayerStatus >>> Response from European Server >>> EU: 0 online, 5 offline

Jun 12, 2020 12:11:54 AM Logger.FileLogger write
INFO: >>> getPlayerStatus >>> Sending request to North American Server

Jun 12, 2020 12:11:54 AM Logger.FileLogger write
INFO: >>> getPlayerStatus >>> Reciving response from North American Server

Jun 12, 2020 12:11:54 AM Logger.FileLogger write
INFO: >>> getPlayerStatus >>> Response from North American Server >>> NA: 0 online, 5 offline

Jun 12, 2020 12:11:54 AM Logger.FileLogger write
INFO: >>> getPlayerStatus >>> Sending response to Admin >>> AS: 0 online, 5 offline, EU: 0 online, 5 offline, NA: 0 online, 5 offline.

Jun 12, 2020 12:25:35 AM Logger.FileLogger write
INFO: >>> getPlayerStatus

Jun 12, 2020 12:25:35 AM Logger.FileLogger write
INFO: >>> getPlayerStatus >>> username >>> Admin

Jun 12, 2020 12:25:35 AM Logger.FileLogger write
INFO: >>> getPlayerStatus >>> password >>> Admin

Jun 12, 2020 12:25:35 AM Logger.FileLogger write
INFO: >>> getPlayerStatus >>> ipadddress >>> 182.1.1.1

Jun 12, 2020 12:25:35 AM Logger.FileLogger write
INFO: >>> getPlayerStatus >>> getOwnStatus

Jun 12, 2020 12:25:35 AM Logger.FileLogger write
INFO: >>> getPlayerStatus >>> getOwnStatus >>> AS: 0 online, 5 offline

Jun 12, 2020 12:25:35 AM Logger.FileLogger write
INFO: >>> getPlayerStatus >>> Sending request to European Server

Jun 12, 2020 12:25:35 AM Logger.FileLogger write
INFO: >>> getPlayerStatus >>> Reciving response from European Server

Jun 12, 2020 12:25:35 AM Logger.FileLogger write
INFO: >>> getPlayerStatus >>> Response from European Server >>> EU: 0 online, 5 offline

Jun 12, 2020 12:25:35 AM Logger.FileLogger write
INFO: >>> getPlayerStatus >>> Sending request to North American Server

Jun 12, 2020 12:25:35 AM Logger.FileLogger write
INFO: >>> getPlayerStatus >>> Reciving response from North American Server

Jun 12, 2020 12:25:35 AM Logger.FileLogger write
INFO: >>> getPlayerStatus >>> Response from North American Server >>> NA: 0 online, 5 offline

Jun 12, 2020 12:25:35 AM Logger.FileLogger write
INFO: >>> getPlayerStatus >>> Sending response to Admin >>> AS: 0 online, 5 offline, EU: 0 online, 5 offline, NA: 0 online, 5 offline.

Jun 12, 2020 12:26:16 AM Logger.FileLogger write
INFO: >>> suspendAccount

Jun 12, 2020 12:26:16 AM Logger.FileLogger write
INFO: >>> suspendAccount >>> Admin Username >>> Admin

Jun 12, 2020 12:26:16 AM Logger.FileLogger write
INFO: >>> suspendAccount >>> Admin Password >>> Admin

Jun 12, 2020 12:26:16 AM Logger.FileLogger write
INFO: >>> suspendAccount >>> Admin IPAddress >>> 182.1.1.1

Jun 12, 2020 12:26:16 AM Logger.FileLogger write
INFO: >>> suspendAccount >>> Username To Suspend >>> Adak123

Jun 12, 2020 12:26:16 AM Logger.FileLogger write
INFO: >>> suspendAccount >>> A player accountwith "Adak123" username is suspended

Jun 12, 2020 12:33:35 AM Logger.FileLogger write
INFO: >>> suspendAccount

Jun 12, 2020 12:33:36 AM Logger.FileLogger write
INFO: >>> suspendAccount >>> Admin Username >>> Admin

Jun 12, 2020 12:33:36 AM Logger.FileLogger write
INFO: >>> suspendAccount >>> Admin Password >>> Admin

Jun 12, 2020 12:33:36 AM Logger.FileLogger write
INFO: >>> suspendAccount >>> Admin IPAddress >>> 182.1.1.1

Jun 12, 2020 12:33:36 AM Logger.FileLogger write
INFO: >>> suspendAccount >>> Username To Suspend >>> fgfdsggf

Jun 12, 2020 12:33:36 AM Logger.FileLogger write
INFO: >>> suspendAccount >>> A player doesn't exixts with fgfdsggf username

Jun 12, 2020 12:34:07 AM Logger.FileLogger write
INFO: >>> getPlayerStatus

Jun 12, 2020 12:34:07 AM Logger.FileLogger write
INFO: >>> getPlayerStatus >>> username >>> Admin

Jun 12, 2020 12:34:07 AM Logger.FileLogger write
INFO: >>> getPlayerStatus >>> password >>> Admin

Jun 12, 2020 12:34:07 AM Logger.FileLogger write
INFO: >>> getPlayerStatus >>> ipadddress >>> 182.1.1.1

Jun 12, 2020 12:34:07 AM Logger.FileLogger write
INFO: >>> getPlayerStatus >>> getOwnStatus

Jun 12, 2020 12:34:07 AM Logger.FileLogger write
INFO: >>> getPlayerStatus >>> getOwnStatus >>> AS: 0 online, 4 offline

Jun 12, 2020 12:34:07 AM Logger.FileLogger write
INFO: >>> getPlayerStatus >>> Sending request to European Server

Jun 12, 2020 12:34:07 AM Logger.FileLogger write
INFO: >>> getPlayerStatus >>> Reciving response from European Server

Jun 12, 2020 12:34:07 AM Logger.FileLogger write
INFO: >>> getPlayerStatus >>> Response from European Server >>> EU: 0 online, 3 offline

Jun 12, 2020 12:34:07 AM Logger.FileLogger write
INFO: >>> getPlayerStatus >>> Sending request to North American Server

Jun 12, 2020 12:34:07 AM Logger.FileLogger write
INFO: >>> getPlayerStatus >>> Reciving response from North American Server

Jun 12, 2020 12:34:07 AM Logger.FileLogger write
INFO: >>> getPlayerStatus >>> Response from North American Server >>> NA: 0 online, 4 offline

Jun 12, 2020 12:34:07 AM Logger.FileLogger write
INFO: >>> getPlayerStatus >>> Sending response to Admin >>> AS: 0 online, 4 offline, EU: 0 online, 3 offline, NA: 0 online, 4 offline.

Jun 12, 2020 3:48:05 PM Logger.FileLogger write
INFO: >>> getPlayerStatus

Jun 12, 2020 3:48:05 PM Logger.FileLogger write
INFO: >>> getPlayerStatus >>> username >>> Admin

Jun 12, 2020 3:48:05 PM Logger.FileLogger write
INFO: >>> getPlayerStatus >>> password >>> Admin

Jun 12, 2020 3:48:05 PM Logger.FileLogger write
INFO: >>> getPlayerStatus >>> ipadddress >>> 182.1.1.1

Jun 12, 2020 3:48:05 PM Logger.FileLogger write
INFO: >>> getPlayerStatus >>> getOwnStatus

Jun 12, 2020 3:48:05 PM Logger.FileLogger write
INFO: >>> getPlayerStatus >>> getOwnStatus >>> AS: 0 online, 5 offline

Jun 12, 2020 3:48:05 PM Logger.FileLogger write
INFO: >>> getPlayerStatus >>> Sending response to Admin >>> AS: 0 online, 5 offline, , .

Jun 12, 2020 3:50:49 PM Logger.FileLogger write
INFO: >>> getPlayerStatus

Jun 12, 2020 3:50:49 PM Logger.FileLogger write
INFO: >>> getPlayerStatus >>> username >>> Admin

Jun 12, 2020 3:50:49 PM Logger.FileLogger write
INFO: >>> getPlayerStatus >>> password >>> Admin

Jun 12, 2020 3:50:49 PM Logger.FileLogger write
INFO: >>> getPlayerStatus >>> ipadddress >>> 182.1.1.1

Jun 12, 2020 3:50:49 PM Logger.FileLogger write
INFO: >>> getPlayerStatus >>> getOwnStatus

Jun 12, 2020 3:50:49 PM Logger.FileLogger write
INFO: >>> getPlayerStatus >>> getOwnStatus >>> AS: 0 online, 5 offline

Jun 12, 2020 3:50:49 PM Logger.FileLogger write
INFO: >>> getPlayerStatus >>> Sending response to Admin >>> AS: 0 online, 5 offline, EU: 0 online, 5 offline, NA: 0 online, 5 offline.

Jun 12, 2020 5:40:42 PM Logger.FileLogger write
INFO: >>> getPlayerStatus

Jun 12, 2020 5:40:42 PM Logger.FileLogger write
INFO: >>> getPlayerStatus >>> username >>> Admin

Jun 12, 2020 5:40:42 PM Logger.FileLogger write
INFO: >>> getPlayerStatus >>> password >>> Admin

Jun 12, 2020 5:40:42 PM Logger.FileLogger write
INFO: >>> getPlayerStatus >>> ipadddress >>> 182.1.1.1

Jun 12, 2020 5:40:42 PM Logger.FileLogger write
INFO: >>> getPlayerStatus >>> getOwnStatus

Jun 12, 2020 5:40:42 PM Logger.FileLogger write
INFO: >>> getPlayerStatus >>> getOwnStatus >>> AS: 0 online, 5 offline

Jun 12, 2020 5:40:42 PM Logger.FileLogger write
INFO: >>> getPlayerStatus >>> Sending response to Admin >>> AS: 0 online, 5 offline, EU: 0 online, 5 offline, NA: 0 online, 5 offline.

Jun 12, 2020 5:41:00 PM Logger.FileLogger write
INFO: >>> suspendAccount

Jun 12, 2020 5:41:00 PM Logger.FileLogger write
INFO: >>> suspendAccount >>> Admin Username >>> Admin

Jun 12, 2020 5:41:00 PM Logger.FileLogger write
INFO: >>> suspendAccount >>> Admin Password >>> Admin

Jun 12, 2020 5:41:00 PM Logger.FileLogger write
INFO: >>> suspendAccount >>> Admin IPAddress >>> 182.1.1.1

Jun 12, 2020 5:41:00 PM Logger.FileLogger write
INFO: >>> suspendAccount >>> Username To Suspend >>> Varun123

Jun 12, 2020 5:41:00 PM Logger.FileLogger write
INFO: >>> suspendAccount >>> A player account with "Varun123" username is suspended

Jun 12, 2020 5:41:13 PM Logger.FileLogger write
INFO: >>> getPlayerStatus

Jun 12, 2020 5:41:13 PM Logger.FileLogger write
INFO: >>> getPlayerStatus >>> username >>> Admin

Jun 12, 2020 5:41:13 PM Logger.FileLogger write
INFO: >>> getPlayerStatus >>> password >>> Admin

Jun 12, 2020 5:41:13 PM Logger.FileLogger write
INFO: >>> getPlayerStatus >>> ipadddress >>> 182.1.1.1

Jun 12, 2020 5:41:13 PM Logger.FileLogger write
INFO: >>> getPlayerStatus >>> getOwnStatus

Jun 12, 2020 5:41:13 PM Logger.FileLogger write
INFO: >>> getPlayerStatus >>> getOwnStatus >>> AS: 0 online, 4 offline

Jun 12, 2020 5:41:13 PM Logger.FileLogger write
INFO: >>> getPlayerStatus >>> Sending response to Admin >>> AS: 0 online, 4 offline, EU: 0 online, 5 offline, NA: 0 online, 5 offline.

Jun 12, 2020 6:06:26 PM Logger.FileLogger write
INFO: >>> getPlayerStatus

Jun 12, 2020 6:06:26 PM Logger.FileLogger write
INFO: >>> getPlayerStatus >>> username >>> Admin

Jun 12, 2020 6:06:26 PM Logger.FileLogger write
INFO: >>> getPlayerStatus >>> password >>> Admin

Jun 12, 2020 6:06:26 PM Logger.FileLogger write
INFO: >>> getPlayerStatus >>> ipadddress >>> 182.1.1.1

Jun 12, 2020 6:06:26 PM Logger.FileLogger write
INFO: >>> getPlayerStatus >>> getOwnStatus

Jun 12, 2020 6:06:26 PM Logger.FileLogger write
INFO: >>> getPlayerStatus >>> getOwnStatus >>> AS: 0 online, 4 offline

Jun 12, 2020 6:06:26 PM Logger.FileLogger write
INFO: >>> getPlayerStatus >>> Sending response to Admin >>> AS: 0 online, 4 offline, EU: 0 online, 5 offline, NA: 0 online, 6 offline.

Jun 12, 2020 9:39:21 PM Logger.FileLogger write
INFO: >>> getPlayerStatus

Jun 12, 2020 9:39:21 PM Logger.FileLogger write
INFO: >>> getPlayerStatus >>> username >>> Admin

Jun 12, 2020 9:39:21 PM Logger.FileLogger write
INFO: >>> getPlayerStatus >>> password >>> Admin

Jun 12, 2020 9:39:21 PM Logger.FileLogger write
INFO: >>> getPlayerStatus >>> ipadddress >>> 182.1.1.1

Jun 12, 2020 9:39:21 PM Logger.FileLogger write
INFO: >>> getPlayerStatus >>> getOwnStatus

Jun 12, 2020 9:39:21 PM Logger.FileLogger write
INFO: >>> getPlayerStatus >>> getOwnStatus >>> AS: 0 online, 5 offline

Jun 12, 2020 9:39:21 PM Logger.FileLogger write
INFO: >>> getPlayerStatus >>> Sending response to Admin >>> AS: 0 online, 5 offline, EU: 0 online, 5 offline, NA: 0 online, 5 offline.

Jun 12, 2020 9:40:37 PM Logger.FileLogger write
INFO: >>> getPlayerStatus

Jun 12, 2020 9:40:37 PM Logger.FileLogger write
INFO: >>> getPlayerStatus >>> username >>> Admin

Jun 12, 2020 9:40:37 PM Logger.FileLogger write
INFO: >>> getPlayerStatus >>> password >>> Admin

Jun 12, 2020 9:40:37 PM Logger.FileLogger write
INFO: >>> getPlayerStatus >>> ipadddress >>> 182.1.1.1

Jun 12, 2020 9:40:37 PM Logger.FileLogger write
INFO: >>> getPlayerStatus >>> getOwnStatus

Jun 12, 2020 9:40:37 PM Logger.FileLogger write
INFO: >>> getPlayerStatus >>> getOwnStatus >>> AS: 0 online, 5 offline

Jun 12, 2020 9:40:37 PM Logger.FileLogger write
INFO: >>> getPlayerStatus >>> Sending response to Admin >>> AS: 0 online, 5 offline, EU: 0 online, 5 offline, NA: 0 online, 5 offline.

Jun 12, 2020 9:51:09 PM Logger.FileLogger write
INFO: >>> getPlayerStatus

Jun 12, 2020 9:51:09 PM Logger.FileLogger write
INFO: >>> getPlayerStatus >>> username >>> Admin

Jun 12, 2020 9:51:09 PM Logger.FileLogger write
INFO: >>> getPlayerStatus >>> password >>> Admin

Jun 12, 2020 9:51:09 PM Logger.FileLogger write
INFO: >>> getPlayerStatus >>> ipadddress >>> 182.1.1.1

Jun 12, 2020 9:51:09 PM Logger.FileLogger write
INFO: >>> getPlayerStatus >>> getOwnStatus

Jun 12, 2020 9:51:09 PM Logger.FileLogger write
INFO: >>> getPlayerStatus >>> getOwnStatus >>> AS: 0 online, 5 offline

Jun 12, 2020 9:51:09 PM Logger.FileLogger write
INFO: >>> getPlayerStatus >>> Sending response to Admin >>> AS: 0 online, 5 offline, EU: 0 online, 5 offline, NA: 0 online, 5 offline.

Jun 12, 2020 9:57:13 PM Logger.FileLogger write
INFO: >>> getPlayerStatus

Jun 12, 2020 9:57:13 PM Logger.FileLogger write
INFO: >>> getPlayerStatus >>> username >>> Admin

Jun 12, 2020 9:57:13 PM Logger.FileLogger write
INFO: >>> getPlayerStatus >>> password >>> Admin

Jun 12, 2020 9:57:13 PM Logger.FileLogger write
INFO: >>> getPlayerStatus >>> ipadddress >>> 182.1.1.1

Jun 12, 2020 9:57:13 PM Logger.FileLogger write
INFO: >>> getPlayerStatus >>> getOwnStatus

Jun 12, 2020 9:57:13 PM Logger.FileLogger write
INFO: >>> getPlayerStatus >>> getOwnStatus >>> AS: 0 online, 4 offline

Jun 12, 2020 9:57:13 PM Logger.FileLogger write
INFO: >>> getPlayerStatus >>> Sending response to Admin >>> AS: 0 online, 4 offline, EU: 0 online, 5 offline, NA: 0 online, 6 offline.

Jun 12, 2020 10:04:11 PM Logger.FileLogger write
INFO: >>> getPlayerStatus

Jun 12, 2020 10:04:11 PM Logger.FileLogger write
INFO: >>> getPlayerStatus >>> username >>> Admin

Jun 12, 2020 10:04:11 PM Logger.FileLogger write
INFO: >>> getPlayerStatus >>> password >>> Admin

Jun 12, 2020 10:04:11 PM Logger.FileLogger write
INFO: >>> getPlayerStatus >>> ipadddress >>> 182.1.1.1

Jun 12, 2020 10:04:11 PM Logger.FileLogger write
INFO: >>> getPlayerStatus >>> getOwnStatus

Jun 12, 2020 10:04:11 PM Logger.FileLogger write
INFO: >>> getPlayerStatus >>> getOwnStatus >>> AS: 0 online, 4 offline

Jun 12, 2020 10:04:11 PM Logger.FileLogger write
INFO: >>> getPlayerStatus >>> Sending response to Admin >>> AS: 0 online, 4 offline, EU: 1 online, 5 offline, NA: 0 online, 5 offline.

Jun 12, 2020 10:13:29 PM Logger.FileLogger write
INFO: >>> getPlayerStatus

Jun 12, 2020 10:13:29 PM Logger.FileLogger write
INFO: >>> getPlayerStatus >>> username >>> Admin

Jun 12, 2020 10:13:29 PM Logger.FileLogger write
INFO: >>> getPlayerStatus >>> password >>> Admin

Jun 12, 2020 10:13:29 PM Logger.FileLogger write
INFO: >>> getPlayerStatus >>> ipadddress >>> 182.1.1.1

Jun 12, 2020 10:13:29 PM Logger.FileLogger write
INFO: >>> getPlayerStatus >>> getOwnStatus

Jun 12, 2020 10:13:29 PM Logger.FileLogger write
INFO: >>> getPlayerStatus >>> getOwnStatus >>> AS: 0 online, 4 offline

Jun 12, 2020 10:13:29 PM Logger.FileLogger write
INFO: >>> getPlayerStatus >>> Sending response to Admin >>> AS: 0 online, 4 offline, EU: 0 online, 6 offline, NA: 0 online, 5 offline.

Jun 12, 2020 10:16:14 PM Logger.FileLogger write
INFO: >>> getPlayerStatus

Jun 12, 2020 10:16:14 PM Logger.FileLogger write
INFO: >>> getPlayerStatus >>> username >>> Admin

Jun 12, 2020 10:16:14 PM Logger.FileLogger write
INFO: >>> getPlayerStatus >>> password >>> Admin

Jun 12, 2020 10:16:14 PM Logger.FileLogger write
INFO: >>> getPlayerStatus >>> ipadddress >>> 182.1.1.1

Jun 12, 2020 10:16:14 PM Logger.FileLogger write
INFO: >>> getPlayerStatus >>> getOwnStatus

Jun 12, 2020 10:16:14 PM Logger.FileLogger write
INFO: >>> getPlayerStatus >>> getOwnStatus >>> AS: 0 online, 4 offline

Jun 12, 2020 10:16:14 PM Logger.FileLogger write
INFO: >>> getPlayerStatus >>> Sending response to Admin >>> AS: 0 online, 4 offline, EU: 0 online, 6 offline, NA: 0 online, 5 offline.

Jun 23, 2020 5:40:46 PM Logger.FileLogger write
INFO: >>> getPlayerStatus

Jun 23, 2020 5:40:46 PM Logger.FileLogger write
INFO: >>> getPlayerStatus >>> username >>> Admin

Jun 23, 2020 5:40:46 PM Logger.FileLogger write
INFO: >>> getPlayerStatus >>> password >>> Admin

Jun 23, 2020 5:40:46 PM Logger.FileLogger write
INFO: >>> getPlayerStatus >>> ipadddress >>> 182.1.1.1

Jun 23, 2020 5:40:46 PM Logger.FileLogger write
INFO: >>> getPlayerStatus >>> getOwnStatus

Jun 23, 2020 5:40:46 PM Logger.FileLogger write
INFO: >>> getPlayerStatus >>> getOwnStatus >>> AS: 0 online, 5 offline

Jun 23, 2020 5:40:46 PM Logger.FileLogger write
INFO: >>> getPlayerStatus >>> Sending response to Admin >>> AS: 0 online, 5 offline, EU: 0 online, 5 offline, NA: 0 online, 5 offline.

Jun 23, 2020 5:43:20 PM Logger.FileLogger write
INFO: >>> getPlayerStatus

Jun 23, 2020 5:43:20 PM Logger.FileLogger write
INFO: >>> getPlayerStatus >>> username >>> Admin

Jun 23, 2020 5:43:20 PM Logger.FileLogger write
INFO: >>> getPlayerStatus >>> password >>> Admin

Jun 23, 2020 5:43:20 PM Logger.FileLogger write
INFO: >>> getPlayerStatus >>> ipadddress >>> 182.1.1.1

Jun 23, 2020 5:43:20 PM Logger.FileLogger write
INFO: >>> getPlayerStatus >>> getOwnStatus

Jun 23, 2020 5:43:20 PM Logger.FileLogger write
INFO: >>> getPlayerStatus >>> getOwnStatus >>> AS: 0 online, 4 offline

Jun 23, 2020 5:43:20 PM Logger.FileLogger write
INFO: >>> getPlayerStatus >>> Sending response to Admin >>> AS: 0 online, 4 offline, EU: 0 online, 6 offline, NA: 0 online, 5 offline.

Jun 23, 2020 7:36:54 PM Logger.FileLogger write
INFO: >>> getPlayerStatus

Jun 23, 2020 7:36:54 PM Logger.FileLogger write
INFO: >>> getPlayerStatus >>> username >>> Admin

Jun 23, 2020 7:36:54 PM Logger.FileLogger write
INFO: >>> getPlayerStatus >>> password >>> Admin

Jun 23, 2020 7:36:54 PM Logger.FileLogger write
INFO: >>> getPlayerStatus >>> ipadddress >>> 182.1.1.1

Jun 23, 2020 7:36:54 PM Logger.FileLogger write
INFO: >>> getPlayerStatus >>> getOwnStatus

Jun 23, 2020 7:36:54 PM Logger.FileLogger write
INFO: >>> getPlayerStatus >>> getOwnStatus >>> AS: 1 online, 4 offline

Jun 23, 2020 7:36:54 PM Logger.FileLogger write
INFO: >>> getPlayerStatus >>> Sending response to Admin >>> AS: 1 online, 4 offline, EU: 1 online, 5 offline, NA: 0 online, 5 offline.

Jun 23, 2020 7:38:12 PM Logger.FileLogger write
INFO: >>> suspendAccount

Jun 23, 2020 7:38:12 PM Logger.FileLogger write
INFO: >>> suspendAccount >>> Admin Username >>> Admin

Jun 23, 2020 7:38:12 PM Logger.FileLogger write
INFO: >>> suspendAccount >>> Admin Password >>> Admmin

Jun 23, 2020 7:38:12 PM Logger.FileLogger write
INFO: >>> suspendAccount >>> Admin IPAddress >>> 182.1.1.1

Jun 23, 2020 7:38:12 PM Logger.FileLogger write
INFO: >>> suspendAccount >>> Username To Suspend >>> Bruce123

Jun 23, 2020 7:38:12 PM Logger.FileLogger write
INFO: >>> suspendAccount >>> Wrong username or password...

Jun 23, 2020 7:38:36 PM Logger.FileLogger write
INFO: >>> suspendAccount

Jun 23, 2020 7:38:36 PM Logger.FileLogger write
INFO: >>> suspendAccount >>> Admin Username >>> Admin

Jun 23, 2020 7:38:36 PM Logger.FileLogger write
INFO: >>> suspendAccount >>> Admin Password >>> Admin

Jun 23, 2020 7:38:36 PM Logger.FileLogger write
INFO: >>> suspendAccount >>> Admin IPAddress >>> 182.1.1.1

Jun 23, 2020 7:38:36 PM Logger.FileLogger write
INFO: >>> suspendAccount >>> Username To Suspend >>> Bruce123

Jun 23, 2020 7:38:36 PM Logger.FileLogger write
INFO: >>> suspendAccount >>> A player account with "Bruce123" username is suspended

Jun 23, 2020 7:38:57 PM Logger.FileLogger write
INFO: >>> getPlayerStatus

Jun 23, 2020 7:38:57 PM Logger.FileLogger write
INFO: >>> getPlayerStatus >>> username >>> Admin

Jun 23, 2020 7:38:57 PM Logger.FileLogger write
INFO: >>> getPlayerStatus >>> password >>> Admin

Jun 23, 2020 7:38:57 PM Logger.FileLogger write
INFO: >>> getPlayerStatus >>> ipadddress >>> 182.1.1.1

Jun 23, 2020 7:38:57 PM Logger.FileLogger write
INFO: >>> getPlayerStatus >>> getOwnStatus

Jun 23, 2020 7:38:57 PM Logger.FileLogger write
INFO: >>> getPlayerStatus >>> getOwnStatus >>> AS: 0 online, 4 offline

Jun 23, 2020 7:38:57 PM Logger.FileLogger write
INFO: >>> getPlayerStatus >>> Sending response to Admin >>> AS: 0 online, 4 offline, EU: 1 online, 5 offline, NA: 0 online, 5 offline.

Jun 25, 2020 2:30:59 PM Logger.FileLogger write
INFO: >>> suspendAccount

Jun 25, 2020 2:30:59 PM Logger.FileLogger write
INFO: >>> suspendAccount >>> Admin Username >>> Admin

Jun 25, 2020 2:30:59 PM Logger.FileLogger write
INFO: >>> suspendAccount >>> Admin Password >>> Admin

Jun 25, 2020 2:30:59 PM Logger.FileLogger write
INFO: >>> suspendAccount >>> Admin IPAddress >>> 182.1.1.1

Jun 25, 2020 2:30:59 PM Logger.FileLogger write
INFO: >>> suspendAccount >>> Username To Suspend >>> Varun123

Jun 25, 2020 2:30:59 PM Logger.FileLogger write
INFO: >>> suspendAccount >>> A player account with "Varun123" username is suspended

Jun 25, 2020 2:32:25 PM Logger.FileLogger write
INFO: >>> suspendAccount

Jun 25, 2020 2:32:25 PM Logger.FileLogger write
INFO: >>> suspendAccount >>> Admin Username >>> Admin

Jun 25, 2020 2:32:25 PM Logger.FileLogger write
INFO: >>> suspendAccount >>> Admin Password >>> Admin

Jun 25, 2020 2:32:25 PM Logger.FileLogger write
INFO: >>> suspendAccount >>> Admin IPAddress >>> 182.1.1.1

Jun 25, 2020 2:32:25 PM Logger.FileLogger write
INFO: >>> suspendAccount >>> Username To Suspend >>> Varun123

Jun 25, 2020 2:32:25 PM Logger.FileLogger write
INFO: >>> suspendAccount >>> A player doesn't exixts with Varun123 username

Jun 25, 2020 2:33:44 PM Logger.FileLogger write
INFO: >>> suspendAccount

Jun 25, 2020 2:33:44 PM Logger.FileLogger write
INFO: >>> suspendAccount >>> Admin Username >>> Admin

Jun 25, 2020 2:33:44 PM Logger.FileLogger write
INFO: >>> suspendAccount >>> Admin Password >>> Admin

Jun 25, 2020 2:33:44 PM Logger.FileLogger write
INFO: >>> suspendAccount >>> Admin IPAddress >>> 182.1.1.1

Jun 25, 2020 2:33:44 PM Logger.FileLogger write
INFO: >>> suspendAccount >>> Username To Suspend >>> Kevin123

Jun 25, 2020 2:33:44 PM Logger.FileLogger write
INFO: >>> suspendAccount >>> A player doesn't exixts with Kevin123 username

Jun 25, 2020 3:42:31 PM Logger.FileLogger write
INFO: >>> suspendAccount

Jun 25, 2020 3:42:31 PM Logger.FileLogger write
INFO: >>> suspendAccount >>> Admin Username >>> Admin

Jun 25, 2020 3:42:31 PM Logger.FileLogger write
INFO: >>> suspendAccount >>> Admin Password >>> Admin

Jun 25, 2020 3:42:31 PM Logger.FileLogger write
INFO: >>> suspendAccount >>> Admin IPAddress >>> 182.1.1.1

Jun 25, 2020 3:42:31 PM Logger.FileLogger write
INFO: >>> suspendAccount >>> Username To Suspend >>> Varun123

Jun 25, 2020 3:42:31 PM Logger.FileLogger write
INFO: >>> suspendAccount >>> A player account with "Varun123" username is suspended

Jun 25, 2020 3:46:09 PM Logger.FileLogger write
INFO: >>> getPlayerStatus

Jun 25, 2020 3:46:09 PM Logger.FileLogger write
INFO: >>> getPlayerStatus >>> username >>> Admin

Jun 25, 2020 3:46:09 PM Logger.FileLogger write
INFO: >>> getPlayerStatus >>> password >>> Admin

Jun 25, 2020 3:46:09 PM Logger.FileLogger write
INFO: >>> getPlayerStatus >>> ipadddress >>> 182.1.1.1

Jun 25, 2020 3:46:09 PM Logger.FileLogger write
INFO: >>> getPlayerStatus >>> getOwnStatus

Jun 25, 2020 3:46:09 PM Logger.FileLogger write
INFO: >>> getPlayerStatus >>> getOwnStatus >>> AS: 0 online, 4 offline

Jun 25, 2020 3:46:09 PM Logger.FileLogger write
INFO: >>> getPlayerStatus >>> Sending response to Admin >>> AS: 0 online, 4 offline, EU: 0 online, 6 offline, NA: 0 online, 5 offline.

Jun 26, 2020 5:23:27 PM Logger.FileLogger write
INFO: >>> suspendAccount

Jun 26, 2020 5:23:27 PM Logger.FileLogger write
INFO: >>> suspendAccount >>> Admin Username >>> Admin

Jun 26, 2020 5:23:27 PM Logger.FileLogger write
INFO: >>> suspendAccount >>> Admin Password >>> Admin

Jun 26, 2020 5:23:27 PM Logger.FileLogger write
INFO: >>> suspendAccount >>> Admin IPAddress >>> 182.1.1.1

Jun 26, 2020 5:23:27 PM Logger.FileLogger write
INFO: >>> suspendAccount >>> Username To Suspend >>> Varun123

Jun 26, 2020 5:23:27 PM Logger.FileLogger write
INFO: >>> suspendAccount >>> A player account with "Varun123" username is suspended

Jun 26, 2020 5:27:28 PM Logger.FileLogger write
INFO: >>> suspendAccount

Jun 26, 2020 5:27:28 PM Logger.FileLogger write
INFO: >>> suspendAccount >>> Admin Username >>> Admin

Jun 26, 2020 5:27:28 PM Logger.FileLogger write
INFO: >>> suspendAccount >>> Admin Password >>> Admin

Jun 26, 2020 5:27:28 PM Logger.FileLogger write
INFO: >>> suspendAccount >>> Admin IPAddress >>> 182.1.1.1

Jun 26, 2020 5:27:28 PM Logger.FileLogger write
INFO: >>> suspendAccount >>> Username To Suspend >>> Kevin123

Jun 26, 2020 5:27:28 PM Logger.FileLogger write
INFO: >>> suspendAccount >>> A player account with "Kevin123" username is suspended

Jun 26, 2020 5:29:50 PM Logger.FileLogger write
INFO: >>> suspendAccount

Jun 26, 2020 5:29:50 PM Logger.FileLogger write
INFO: >>> suspendAccount >>> Admin Username >>> Admin

Jun 26, 2020 5:29:50 PM Logger.FileLogger write
INFO: >>> suspendAccount >>> Admin Password >>> Admin

Jun 26, 2020 5:29:50 PM Logger.FileLogger write
INFO: >>> suspendAccount >>> Admin IPAddress >>> 182.1.1.1

Jun 26, 2020 5:29:50 PM Logger.FileLogger write
INFO: >>> suspendAccount >>> Username To Suspend >>> Bruce123

Jun 26, 2020 5:29:50 PM Logger.FileLogger write
INFO: >>> suspendAccount >>> A player account with "Bruce123" username is suspended

Jun 26, 2020 5:35:16 PM Logger.FileLogger write
INFO: >>> suspendAccount

Jun 26, 2020 5:35:16 PM Logger.FileLogger write
INFO: >>> suspendAccount >>> Admin Username >>> Admin

Jun 26, 2020 5:35:16 PM Logger.FileLogger write
INFO: >>> suspendAccount >>> Admin Password >>> Admin

Jun 26, 2020 5:35:16 PM Logger.FileLogger write
INFO: >>> suspendAccount >>> Admin IPAddress >>> 182.1.1.1

Jun 26, 2020 5:35:16 PM Logger.FileLogger write
INFO: >>> suspendAccount >>> Username To Suspend >>> Varun123

Jun 26, 2020 5:35:16 PM Logger.FileLogger write
INFO: >>> suspendAccount >>> A player account with "Varun123" username is suspended

Jun 26, 2020 5:36:56 PM Logger.FileLogger write
INFO: >>> getPlayerStatus

Jun 26, 2020 5:36:56 PM Logger.FileLogger write
INFO: >>> getPlayerStatus >>> username >>> Admin

Jun 26, 2020 5:36:56 PM Logger.FileLogger write
INFO: >>> getPlayerStatus >>> password >>> Admin

Jun 26, 2020 5:36:56 PM Logger.FileLogger write
INFO: >>> getPlayerStatus >>> ipadddress >>> 182.1.1.1

Jun 26, 2020 5:36:56 PM Logger.FileLogger write
INFO: >>> getPlayerStatus >>> getOwnStatus

Jun 26, 2020 5:36:56 PM Logger.FileLogger write
INFO: >>> getPlayerStatus >>> getOwnStatus >>> AS: 0 online, 4 offline

Jun 26, 2020 5:36:56 PM Logger.FileLogger write
INFO: >>> getPlayerStatus >>> Sending response to Admin >>> AS: 0 online, 4 offline, EU: 0 online, 6 offline, NA: 0 online, 5 offline.

Jun 26, 2020 5:39:07 PM Logger.FileLogger write
INFO: >>> suspendAccount

Jun 26, 2020 5:39:07 PM Logger.FileLogger write
INFO: >>> suspendAccount >>> Admin Username >>> Admin

Jun 26, 2020 5:39:07 PM Logger.FileLogger write
INFO: >>> suspendAccount >>> Admin Password >>> Admin

Jun 26, 2020 5:39:07 PM Logger.FileLogger write
INFO: >>> suspendAccount >>> Admin IPAddress >>> 182.1.1.1

Jun 26, 2020 5:39:07 PM Logger.FileLogger write
INFO: >>> suspendAccount >>> Username To Suspend >>> Kevin123

Jun 26, 2020 5:39:07 PM Logger.FileLogger write
INFO: >>> suspendAccount >>> A player account with "Kevin123" username is suspended

Jun 26, 2020 5:44:36 PM Logger.FileLogger write
INFO: >>> suspendAccount

Jun 26, 2020 5:44:36 PM Logger.FileLogger write
INFO: >>> suspendAccount >>> Admin Username >>> Admin

Jun 26, 2020 5:44:36 PM Logger.FileLogger write
INFO: >>> suspendAccount >>> Admin Password >>> Admin

Jun 26, 2020 5:44:36 PM Logger.FileLogger write
INFO: >>> suspendAccount >>> Admin IPAddress >>> 182.1.1.1

Jun 26, 2020 5:44:36 PM Logger.FileLogger write
INFO: >>> suspendAccount >>> Username To Suspend >>> Adak123

Jun 26, 2020 5:44:36 PM Logger.FileLogger write
INFO: >>> suspendAccount >>> A player account with "Adak123" username is suspended

Jun 26, 2020 5:47:40 PM Logger.FileLogger write
INFO: >>> suspendAccount

Jun 26, 2020 5:47:40 PM Logger.FileLogger write
INFO: >>> suspendAccount >>> Admin Username >>> Admin

Jun 26, 2020 5:47:40 PM Logger.FileLogger write
INFO: >>> suspendAccount >>> Admin Password >>> Admin

Jun 26, 2020 5:47:40 PM Logger.FileLogger write
INFO: >>> suspendAccount >>> Admin IPAddress >>> 182.1.1.1

Jun 26, 2020 5:47:40 PM Logger.FileLogger write
INFO: >>> suspendAccount >>> Username To Suspend >>> Varun123

Jun 26, 2020 5:47:40 PM Logger.FileLogger write
INFO: >>> suspendAccount >>> A player account with "Varun123" username is suspended

Jun 26, 2020 5:51:50 PM Logger.FileLogger write
INFO: >>> suspendAccount

Jun 26, 2020 5:51:50 PM Logger.FileLogger write
INFO: >>> suspendAccount >>> Admin Username >>> Admin

Jun 26, 2020 5:51:50 PM Logger.FileLogger write
INFO: >>> suspendAccount >>> Admin Password >>> Admin

Jun 26, 2020 5:51:50 PM Logger.FileLogger write
INFO: >>> suspendAccount >>> Admin IPAddress >>> 182.1.1.1

Jun 26, 2020 5:51:50 PM Logger.FileLogger write
INFO: >>> suspendAccount >>> Username To Suspend >>> Varun123

Jun 26, 2020 5:51:50 PM Logger.FileLogger write
INFO: >>> suspendAccount >>> A player account with "Varun123" username is suspended

Jun 26, 2020 5:55:06 PM Logger.FileLogger write
INFO: >>> suspendAccount

Jun 26, 2020 5:55:06 PM Logger.FileLogger write
INFO: >>> suspendAccount >>> Admin Username >>> Admin

Jun 26, 2020 5:55:06 PM Logger.FileLogger write
INFO: >>> suspendAccount >>> Admin Password >>> Admin

Jun 26, 2020 5:55:06 PM Logger.FileLogger write
INFO: >>> suspendAccount >>> Admin IPAddress >>> 182.1.1.1

Jun 26, 2020 5:55:06 PM Logger.FileLogger write
INFO: >>> suspendAccount >>> Username To Suspend >>> Bruce123

Jun 26, 2020 5:55:06 PM Logger.FileLogger write
INFO: >>> suspendAccount >>> A player account with "Bruce123" username is suspended

Jun 26, 2020 5:58:41 PM Logger.FileLogger write
INFO: >>> suspendAccount

Jun 26, 2020 5:58:41 PM Logger.FileLogger write
INFO: >>> suspendAccount >>> Admin Username >>> Admin

Jun 26, 2020 5:58:41 PM Logger.FileLogger write
INFO: >>> suspendAccount >>> Admin Password >>> Admin

Jun 26, 2020 5:58:41 PM Logger.FileLogger write
INFO: >>> suspendAccount >>> Admin IPAddress >>> 182.1.1.1

Jun 26, 2020 5:58:41 PM Logger.FileLogger write
INFO: >>> suspendAccount >>> Username To Suspend >>> Adak123

Jun 26, 2020 5:58:41 PM Logger.FileLogger write
INFO: >>> suspendAccount >>> A player account with "Adak123" username is suspended

Jun 26, 2020 6:05:48 PM Logger.FileLogger write
INFO: >>> suspendAccount

Jun 26, 2020 6:05:48 PM Logger.FileLogger write
INFO: >>> suspendAccount >>> Admin Username >>> Admin

Jun 26, 2020 6:05:48 PM Logger.FileLogger write
INFO: >>> suspendAccount >>> Admin Password >>> Admin

Jun 26, 2020 6:05:48 PM Logger.FileLogger write
INFO: >>> suspendAccount >>> Admin IPAddress >>> 182.1.1.1

Jun 26, 2020 6:05:48 PM Logger.FileLogger write
INFO: >>> suspendAccount >>> Username To Suspend >>> Varun123

Jun 26, 2020 6:05:48 PM Logger.FileLogger write
INFO: >>> suspendAccount >>> A player account with "Varun123" username is suspended

Jun 26, 2020 6:12:26 PM Logger.FileLogger write
INFO: >>> suspendAccount

Jun 26, 2020 6:12:26 PM Logger.FileLogger write
INFO: >>> suspendAccount >>> Admin Username >>> Admin

Jun 26, 2020 6:12:26 PM Logger.FileLogger write
INFO: >>> suspendAccount >>> Admin Password >>> Admin

Jun 26, 2020 6:12:26 PM Logger.FileLogger write
INFO: >>> suspendAccount >>> Admin IPAddress >>> 182.1.1.1

Jun 26, 2020 6:12:26 PM Logger.FileLogger write
INFO: >>> suspendAccount >>> Username To Suspend >>> Charles123

Jun 26, 2020 6:12:26 PM Logger.FileLogger write
INFO: >>> suspendAccount >>> A player account with "Charles123" username is suspended

Jun 26, 2020 6:14:16 PM Logger.FileLogger write
INFO: >>> suspendAccount

Jun 26, 2020 6:14:16 PM Logger.FileLogger write
INFO: >>> suspendAccount >>> Admin Username >>> Admin

Jun 26, 2020 6:14:16 PM Logger.FileLogger write
INFO: >>> suspendAccount >>> Admin Password >>> Admin

Jun 26, 2020 6:14:16 PM Logger.FileLogger write
INFO: >>> suspendAccount >>> Admin IPAddress >>> 182.1.1.1

Jun 26, 2020 6:14:16 PM Logger.FileLogger write
INFO: >>> suspendAccount >>> Username To Suspend >>> Varun123

Jun 26, 2020 6:14:16 PM Logger.FileLogger write
INFO: >>> suspendAccount >>> A player account with "Varun123" username is suspended

Jun 26, 2020 6:19:35 PM Logger.FileLogger write
INFO: >>> suspendAccount

Jun 26, 2020 6:19:35 PM Logger.FileLogger write
INFO: >>> suspendAccount >>> Admin Username >>> Admin

Jun 26, 2020 6:19:35 PM Logger.FileLogger write
INFO: >>> suspendAccount >>> Admin Password >>> Admin

Jun 26, 2020 6:19:35 PM Logger.FileLogger write
INFO: >>> suspendAccount >>> Admin IPAddress >>> 182.1.1.1

Jun 26, 2020 6:19:35 PM Logger.FileLogger write
INFO: >>> suspendAccount >>> Username To Suspend >>> Varun123

Jun 26, 2020 6:19:35 PM Logger.FileLogger write
INFO: >>> suspendAccount >>> A player account with "Varun123" username is suspended

Jun 26, 2020 6:23:24 PM Logger.FileLogger write
INFO: >>> suspendAccount

Jun 26, 2020 6:23:24 PM Logger.FileLogger write
INFO: >>> suspendAccount >>> Admin Username >>> Admin

Jun 26, 2020 6:23:24 PM Logger.FileLogger write
INFO: >>> suspendAccount >>> Admin Password >>> Admin

Jun 26, 2020 6:23:24 PM Logger.FileLogger write
INFO: >>> suspendAccount >>> Admin IPAddress >>> 182.1.1.1

Jun 26, 2020 6:23:24 PM Logger.FileLogger write
INFO: >>> suspendAccount >>> Username To Suspend >>> Kevin123

Jun 26, 2020 6:23:24 PM Logger.FileLogger write
INFO: >>> suspendAccount >>> A player account with "Kevin123" username is suspended

Jun 26, 2020 6:41:44 PM Logger.FileLogger write
INFO: >>> suspendAccount

Jun 26, 2020 6:41:44 PM Logger.FileLogger write
INFO: >>> suspendAccount >>> Admin Username >>> Admin

Jun 26, 2020 6:41:44 PM Logger.FileLogger write
INFO: >>> suspendAccount >>> Admin Password >>> Admin

Jun 26, 2020 6:41:44 PM Logger.FileLogger write
INFO: >>> suspendAccount >>> Admin IPAddress >>> 182.1.1.1

Jun 26, 2020 6:41:44 PM Logger.FileLogger write
INFO: >>> suspendAccount >>> Username To Suspend >>> Varun123

Jun 26, 2020 6:41:44 PM Logger.FileLogger write
INFO: >>> suspendAccount >>> A player account with "Varun123" username is suspended

Jun 26, 2020 6:48:47 PM Logger.FileLogger write
INFO: >>> suspendAccount

Jun 26, 2020 6:48:47 PM Logger.FileLogger write
INFO: >>> suspendAccount >>> Admin Username >>> Admin

Jun 26, 2020 6:48:47 PM Logger.FileLogger write
INFO: >>> suspendAccount >>> Admin Password >>> Admin

Jun 26, 2020 6:48:47 PM Logger.FileLogger write
INFO: >>> suspendAccount >>> Admin IPAddress >>> 182.1.1.1

Jun 26, 2020 6:48:47 PM Logger.FileLogger write
INFO: >>> suspendAccount >>> Username To Suspend >>> Charles123

Jun 26, 2020 6:48:47 PM Logger.FileLogger write
INFO: >>> suspendAccount >>> A player account with "Charles123" username is suspended

Jun 26, 2020 10:42:07 PM Logger.FileLogger write
INFO: >>> suspendAccount

Jun 26, 2020 10:42:07 PM Logger.FileLogger write
INFO: >>> suspendAccount >>> Admin Username >>> Admin

Jun 26, 2020 10:42:07 PM Logger.FileLogger write
INFO: >>> suspendAccount >>> Admin Password >>> Admin

Jun 26, 2020 10:42:07 PM Logger.FileLogger write
INFO: >>> suspendAccount >>> Admin IPAddress >>> 182.1.1.1

Jun 26, 2020 10:42:07 PM Logger.FileLogger write
INFO: >>> suspendAccount >>> Username To Suspend >>> Varun123

Jun 26, 2020 10:42:07 PM Logger.FileLogger write
INFO: >>> suspendAccount >>> A player account with "Varun123" username is suspended

Jun 26, 2020 10:46:13 PM Logger.FileLogger write
INFO: >>> suspendAccount

Jun 26, 2020 10:46:13 PM Logger.FileLogger write
INFO: >>> suspendAccount >>> Admin Username >>> Admin

Jun 26, 2020 10:46:13 PM Logger.FileLogger write
INFO: >>> suspendAccount >>> Admin Password >>> Admin

Jun 26, 2020 10:46:13 PM Logger.FileLogger write
INFO: >>> suspendAccount >>> Admin IPAddress >>> 182.1.1.1

Jun 26, 2020 10:46:14 PM Logger.FileLogger write
INFO: >>> suspendAccount >>> Username To Suspend >>> Kevin123

Jun 26, 2020 10:46:14 PM Logger.FileLogger write
INFO: >>> suspendAccount >>> A player account with "Kevin123" username is suspended

Jun 26, 2020 10:51:15 PM Logger.FileLogger write
INFO: >>> suspendAccount

Jun 26, 2020 10:51:15 PM Logger.FileLogger write
INFO: >>> suspendAccount >>> Admin Username >>> Admin

Jun 26, 2020 10:51:15 PM Logger.FileLogger write
INFO: >>> suspendAccount >>> Admin Password >>> Admin

Jun 26, 2020 10:51:15 PM Logger.FileLogger write
INFO: >>> suspendAccount >>> Admin IPAddress >>> 182.1.1.1

Jun 26, 2020 10:51:15 PM Logger.FileLogger write
INFO: >>> suspendAccount >>> Username To Suspend >>> Bruce123

Jun 26, 2020 10:51:15 PM Logger.FileLogger write
INFO: >>> suspendAccount >>> A player doesn't exixts with Bruce123 username

Jun 26, 2020 10:52:51 PM Logger.FileLogger write
INFO: >>> suspendAccount

Jun 26, 2020 10:52:51 PM Logger.FileLogger write
INFO: >>> suspendAccount >>> Admin Username >>> Admin

Jun 26, 2020 10:52:51 PM Logger.FileLogger write
INFO: >>> suspendAccount >>> Admin Password >>> Admin

Jun 26, 2020 10:52:51 PM Logger.FileLogger write
INFO: >>> suspendAccount >>> Admin IPAddress >>> 182.1.1.1

Jun 26, 2020 10:52:51 PM Logger.FileLogger write
INFO: >>> suspendAccount >>> Username To Suspend >>> Charles123

Jun 26, 2020 10:52:51 PM Logger.FileLogger write
INFO: >>> suspendAccount >>> A player account with "Charles123" username is suspended

Jun 26, 2020 10:54:40 PM Logger.FileLogger write
INFO: >>> suspendAccount

Jun 26, 2020 10:54:40 PM Logger.FileLogger write
INFO: >>> suspendAccount >>> Admin Username >>> Admin

Jun 26, 2020 10:54:40 PM Logger.FileLogger write
INFO: >>> suspendAccount >>> Admin Password >>> Admin

Jun 26, 2020 10:54:40 PM Logger.FileLogger write
INFO: >>> suspendAccount >>> Admin IPAddress >>> 182.1.1.1

Jun 26, 2020 10:54:40 PM Logger.FileLogger write
INFO: >>> suspendAccount >>> Username To Suspend >>> Adak123

Jun 26, 2020 10:54:40 PM Logger.FileLogger write
INFO: >>> suspendAccount >>> A player doesn't exixts with Adak123 username

Jun 26, 2020 10:57:01 PM Logger.FileLogger write
INFO: >>> suspendAccount

Jun 26, 2020 10:57:01 PM Logger.FileLogger write
INFO: >>> suspendAccount >>> Admin Username >>> Admin

Jun 26, 2020 10:57:01 PM Logger.FileLogger write
INFO: >>> suspendAccount >>> Admin Password >>> Admin

Jun 26, 2020 10:57:01 PM Logger.FileLogger write
INFO: >>> suspendAccount >>> Admin IPAddress >>> 182.1.1.1

Jun 26, 2020 10:57:01 PM Logger.FileLogger write
INFO: >>> suspendAccount >>> Username To Suspend >>> Varun123

Jun 26, 2020 10:57:01 PM Logger.FileLogger write
INFO: >>> suspendAccount >>> A player doesn't exixts with Varun123 username

Jun 26, 2020 10:58:15 PM Logger.FileLogger write
INFO: >>> suspendAccount

Jun 26, 2020 10:58:15 PM Logger.FileLogger write
INFO: >>> suspendAccount >>> Admin Username >>> Admin

Jun 26, 2020 10:58:15 PM Logger.FileLogger write
INFO: >>> suspendAccount >>> Admin Password >>> Admin

Jun 26, 2020 10:58:15 PM Logger.FileLogger write
INFO: >>> suspendAccount >>> Admin IPAddress >>> 182.1.1.1

Jun 26, 2020 10:58:15 PM Logger.FileLogger write
INFO: >>> suspendAccount >>> Username To Suspend >>> Bruce123

Jun 26, 2020 10:58:15 PM Logger.FileLogger write
INFO: >>> suspendAccount >>> A player account with "Bruce123" username is suspended

Jun 26, 2020 11:06:48 PM Logger.FileLogger write
INFO: >>> suspendAccount

Jun 26, 2020 11:06:48 PM Logger.FileLogger write
INFO: >>> suspendAccount >>> Admin Username >>> Admin

Jun 26, 2020 11:06:48 PM Logger.FileLogger write
INFO: >>> suspendAccount >>> Admin Password >>> Admin

Jun 26, 2020 11:06:48 PM Logger.FileLogger write
INFO: >>> suspendAccount >>> Admin IPAddress >>> 182.1.1.1

Jun 26, 2020 11:06:48 PM Logger.FileLogger write
INFO: >>> suspendAccount >>> Username To Suspend >>> Adak123

Jun 26, 2020 11:06:48 PM Logger.FileLogger write
INFO: >>> suspendAccount >>> A player account with "Adak123" username is suspended

Jun 26, 2020 11:12:10 PM Logger.FileLogger write
INFO: >>> suspendAccount

Jun 26, 2020 11:12:10 PM Logger.FileLogger write
INFO: >>> suspendAccount >>> Admin Username >>> Admin

Jun 26, 2020 11:12:10 PM Logger.FileLogger write
INFO: >>> suspendAccount >>> Admin Password >>> Admin

Jun 26, 2020 11:12:10 PM Logger.FileLogger write
INFO: >>> suspendAccount >>> Admin IPAddress >>> 182.1.1.1

Jun 26, 2020 11:12:10 PM Logger.FileLogger write
INFO: >>> suspendAccount >>> Username To Suspend >>> Charles123

Jun 26, 2020 11:12:10 PM Logger.FileLogger write
INFO: >>> suspendAccount >>> A player account with "Charles123" username is suspended

Jun 26, 2020 11:57:40 PM Logger.FileLogger write
INFO: >>> suspendAccount

Jun 26, 2020 11:57:40 PM Logger.FileLogger write
INFO: >>> suspendAccount >>> Admin Username >>> Admin

Jun 26, 2020 11:57:40 PM Logger.FileLogger write
INFO: >>> suspendAccount >>> Admin Password >>> Admin

Jun 26, 2020 11:57:40 PM Logger.FileLogger write
INFO: >>> suspendAccount >>> Admin IPAddress >>> 182.1.1.1

Jun 26, 2020 11:57:40 PM Logger.FileLogger write
INFO: >>> suspendAccount >>> Username To Suspend >>> Varun123

Jun 26, 2020 11:57:40 PM Logger.FileLogger write
INFO: >>> suspendAccount >>> A player account with "Varun123" username is suspended

Jun 27, 2020 2:15:48 AM Logger.FileLogger write
INFO: >>> suspendAccount

Jun 27, 2020 2:15:48 AM Logger.FileLogger write
INFO: >>> suspendAccount >>> Admin Username >>> Admin

Jun 27, 2020 2:15:48 AM Logger.FileLogger write
INFO: >>> suspendAccount >>> Admin Password >>> Admin

Jun 27, 2020 2:15:48 AM Logger.FileLogger write
INFO: >>> suspendAccount >>> Admin IPAddress >>> 182.1.1.1

Jun 27, 2020 2:15:48 AM Logger.FileLogger write
INFO: >>> suspendAccount >>> Username To Suspend >>> Varun123

Jun 27, 2020 2:15:48 AM Logger.FileLogger write
INFO: >>> suspendAccount >>> A player account with "Varun123" username is suspended

Jun 27, 2020 2:15:49 AM Logger.FileLogger write
INFO: >>> getPlayerStatus

Jun 27, 2020 2:15:49 AM Logger.FileLogger write
INFO: >>> getPlayerStatus >>> username >>> Admin

Jun 27, 2020 2:15:49 AM Logger.FileLogger write
INFO: >>> getPlayerStatus >>> password >>> Admin

Jun 27, 2020 2:15:49 AM Logger.FileLogger write
INFO: >>> getPlayerStatus >>> ipadddress >>> 182.1.1.1

Jun 27, 2020 2:15:49 AM Logger.FileLogger write
INFO: >>> getPlayerStatus >>> getOwnStatus

Jun 27, 2020 2:15:49 AM Logger.FileLogger write
INFO: >>> getPlayerStatus >>> getOwnStatus >>> AS: 0 online, 4 offline

Jun 27, 2020 2:15:49 AM Logger.FileLogger write
INFO: >>> getPlayerStatus >>> Sending response to Admin >>> AS: 0 online, 4 offline, EU: 0 online, 5 offline, NA: 0 online, 5 offline.

Jun 27, 2020 2:19:48 AM Logger.FileLogger write
INFO: >>> suspendAccount

Jun 27, 2020 2:19:48 AM Logger.FileLogger write
INFO: >>> suspendAccount >>> Admin Username >>> Admin

Jun 27, 2020 2:19:48 AM Logger.FileLogger write
INFO: >>> suspendAccount >>> Admin Password >>> Admin

Jun 27, 2020 2:19:48 AM Logger.FileLogger write
INFO: >>> suspendAccount >>> Admin IPAddress >>> 182.1.1.1

Jun 27, 2020 2:19:48 AM Logger.FileLogger write
INFO: >>> suspendAccount >>> Username To Suspend >>> Kevin123

Jun 27, 2020 2:19:48 AM Logger.FileLogger write
INFO: >>> suspendAccount >>> A player account with "Kevin123" username is suspended

Jun 27, 2020 2:19:48 AM Logger.FileLogger write
INFO: >>> getPlayerStatus

Jun 27, 2020 2:19:48 AM Logger.FileLogger write
INFO: >>> getPlayerStatus >>> username >>> Admin

Jun 27, 2020 2:19:48 AM Logger.FileLogger write
INFO: >>> getPlayerStatus >>> password >>> Admin

Jun 27, 2020 2:19:48 AM Logger.FileLogger write
INFO: >>> getPlayerStatus >>> ipadddress >>> 182.1.1.1

Jun 27, 2020 2:19:48 AM Logger.FileLogger write
INFO: >>> getPlayerStatus >>> getOwnStatus

Jun 27, 2020 2:19:48 AM Logger.FileLogger write
INFO: >>> getPlayerStatus >>> getOwnStatus >>> AS: 0 online, 3 offline

Jun 27, 2020 2:19:48 AM Logger.FileLogger write
INFO: >>> getPlayerStatus >>> Sending response to Admin >>> AS: 0 online, 3 offline, EU: 0 online, 5 offline, NA: 0 online, 5 offline.

Jun 27, 2020 2:47:00 AM Logger.FileLogger write
INFO: >>> suspendAccount

Jun 27, 2020 2:47:00 AM Logger.FileLogger write
INFO: >>> suspendAccount >>> Admin Username >>> Admin

Jun 27, 2020 2:47:00 AM Logger.FileLogger write
INFO: >>> suspendAccount >>> Admin Password >>> Admin

Jun 27, 2020 2:47:00 AM Logger.FileLogger write
INFO: >>> suspendAccount >>> Admin IPAddress >>> 182.1.1.1

Jun 27, 2020 2:47:00 AM Logger.FileLogger write
INFO: >>> suspendAccount >>> Username To Suspend >>> VArun123

Jun 27, 2020 2:47:00 AM Logger.FileLogger write
INFO: >>> suspendAccount >>> A player doesn't exixts with VArun123 username

Jun 27, 2020 2:47:01 AM Logger.FileLogger write
INFO: >>> getPlayerStatus

Jun 27, 2020 2:47:01 AM Logger.FileLogger write
INFO: >>> getPlayerStatus >>> username >>> Admin

Jun 27, 2020 2:47:01 AM Logger.FileLogger write
INFO: >>> getPlayerStatus >>> password >>> Admin

Jun 27, 2020 2:47:01 AM Logger.FileLogger write
INFO: >>> getPlayerStatus >>> ipadddress >>> 182.1.1.1

Jun 27, 2020 2:47:01 AM Logger.FileLogger write
INFO: >>> getPlayerStatus >>> getOwnStatus

Jun 27, 2020 2:47:01 AM Logger.FileLogger write
INFO: >>> getPlayerStatus >>> getOwnStatus >>> AS: 0 online, 5 offline

Jun 27, 2020 2:47:01 AM Logger.FileLogger write
INFO: >>> getPlayerStatus >>> Sending response to Admin >>> AS: 0 online, 5 offline, EU: 0 online, 4 offline, NA: 0 online, 4 offline.

Jun 27, 2020 2:50:13 AM Logger.FileLogger write
INFO: >>> suspendAccount

Jun 27, 2020 2:50:13 AM Logger.FileLogger write
INFO: >>> suspendAccount >>> Admin Username >>> Admin

Jun 27, 2020 2:50:13 AM Logger.FileLogger write
INFO: >>> suspendAccount >>> Admin Password >>> Admin

Jun 27, 2020 2:50:13 AM Logger.FileLogger write
INFO: >>> suspendAccount >>> Admin IPAddress >>> 182.1.1.1

Jun 27, 2020 2:50:13 AM Logger.FileLogger write
INFO: >>> suspendAccount >>> Username To Suspend >>> Varun123

Jun 27, 2020 2:50:13 AM Logger.FileLogger write
INFO: >>> suspendAccount >>> A player account with "Varun123" username is suspended

Jun 27, 2020 2:50:14 AM Logger.FileLogger write
INFO: >>> getPlayerStatus

Jun 27, 2020 2:50:14 AM Logger.FileLogger write
INFO: >>> getPlayerStatus >>> username >>> Admin

Jun 27, 2020 2:50:14 AM Logger.FileLogger write
INFO: >>> getPlayerStatus >>> password >>> Admin

Jun 27, 2020 2:50:14 AM Logger.FileLogger write
INFO: >>> getPlayerStatus >>> ipadddress >>> 182.1.1.1

Jun 27, 2020 2:50:14 AM Logger.FileLogger write
INFO: >>> getPlayerStatus >>> getOwnStatus

Jun 27, 2020 2:50:14 AM Logger.FileLogger write
INFO: >>> getPlayerStatus >>> getOwnStatus >>> AS: 0 online, 4 offline

Jun 27, 2020 2:50:14 AM Logger.FileLogger write
INFO: >>> getPlayerStatus >>> Sending response to Admin >>> AS: 0 online, 4 offline, EU: 0 online, 4 offline, NA: 0 online, 4 offline.

Jun 27, 2020 2:52:07 AM Logger.FileLogger write
INFO: >>> suspendAccount

Jun 27, 2020 2:52:07 AM Logger.FileLogger write
INFO: >>> suspendAccount >>> Admin Username >>> Admin

Jun 27, 2020 2:52:07 AM Logger.FileLogger write
INFO: >>> suspendAccount >>> Admin Password >>> Admin

Jun 27, 2020 2:52:07 AM Logger.FileLogger write
INFO: >>> suspendAccount >>> Admin IPAddress >>> 182.1.1.1

Jun 27, 2020 2:52:07 AM Logger.FileLogger write
INFO: >>> suspendAccount >>> Username To Suspend >>> Adak123

Jun 27, 2020 2:52:07 AM Logger.FileLogger write
INFO: >>> suspendAccount >>> A player account with "Adak123" username is suspended

Jun 27, 2020 2:52:07 AM Logger.FileLogger write
INFO: >>> getPlayerStatus

Jun 27, 2020 2:52:07 AM Logger.FileLogger write
INFO: >>> getPlayerStatus >>> username >>> Admin

Jun 27, 2020 2:52:07 AM Logger.FileLogger write
INFO: >>> getPlayerStatus >>> password >>> Admin

Jun 27, 2020 2:52:07 AM Logger.FileLogger write
INFO: >>> getPlayerStatus >>> ipadddress >>> 182.1.1.1

Jun 27, 2020 2:52:07 AM Logger.FileLogger write
INFO: >>> getPlayerStatus >>> getOwnStatus

Jun 27, 2020 2:52:07 AM Logger.FileLogger write
INFO: >>> getPlayerStatus >>> getOwnStatus >>> AS: 0 online, 3 offline

Jun 27, 2020 2:52:07 AM Logger.FileLogger write
INFO: >>> getPlayerStatus >>> Sending response to Admin >>> AS: 0 online, 3 offline, EU: 0 online, 3 offline, NA: 0 online, 5 offline.

Jun 27, 2020 3:10:13 PM Logger.FileLogger write
INFO: >>> suspendAccount

Jun 27, 2020 3:10:13 PM Logger.FileLogger write
INFO: >>> suspendAccount >>> Admin Username >>> Admin

Jun 27, 2020 3:10:13 PM Logger.FileLogger write
INFO: >>> suspendAccount >>> Admin Password >>> Admin

Jun 27, 2020 3:10:13 PM Logger.FileLogger write
INFO: >>> suspendAccount >>> Admin IPAddress >>> 182.1.1.1

Jun 27, 2020 3:10:13 PM Logger.FileLogger write
INFO: >>> suspendAccount >>> Username To Suspend >>> Varun123

Jun 27, 2020 3:10:13 PM Logger.FileLogger write
INFO: >>> suspendAccount >>> A player account with "Varun123" username is suspended

Jun 27, 2020 3:10:14 PM Logger.FileLogger write
INFO: >>> getPlayerStatus

Jun 27, 2020 3:10:14 PM Logger.FileLogger write
INFO: >>> getPlayerStatus >>> username >>> Admin

Jun 27, 2020 3:10:14 PM Logger.FileLogger write
INFO: >>> getPlayerStatus >>> password >>> Admin

Jun 27, 2020 3:10:14 PM Logger.FileLogger write
INFO: >>> getPlayerStatus >>> ipadddress >>> 182.1.1.1

Jun 27, 2020 3:10:14 PM Logger.FileLogger write
INFO: >>> getPlayerStatus >>> getOwnStatus

Jun 27, 2020 3:10:14 PM Logger.FileLogger write
INFO: >>> getPlayerStatus >>> getOwnStatus >>> AS: 0 online, 4 offline

Jun 27, 2020 3:10:14 PM Logger.FileLogger write
INFO: >>> getPlayerStatus >>> Sending response to Admin >>> AS: 0 online, 4 offline, EU: 0 online, 5 offline, NA: 0 online, 5 offline.

Jun 27, 2020 3:12:02 PM Logger.FileLogger write
INFO: >>> suspendAccount

Jun 27, 2020 3:12:02 PM Logger.FileLogger write
INFO: >>> suspendAccount >>> Admin Username >>> Admin

Jun 27, 2020 3:12:02 PM Logger.FileLogger write
INFO: >>> suspendAccount >>> Admin Password >>> Admin

Jun 27, 2020 3:12:02 PM Logger.FileLogger write
INFO: >>> suspendAccount >>> Admin IPAddress >>> 182.1.1.1

Jun 27, 2020 3:12:02 PM Logger.FileLogger write
INFO: >>> suspendAccount >>> Username To Suspend >>> Kevin123

Jun 27, 2020 3:12:02 PM Logger.FileLogger write
INFO: >>> suspendAccount >>> A player doesn't exixts with Kevin123 username

Jun 27, 2020 3:12:02 PM Logger.FileLogger write
INFO: >>> getPlayerStatus

Jun 27, 2020 3:12:02 PM Logger.FileLogger write
INFO: >>> getPlayerStatus >>> username >>> Admin

Jun 27, 2020 3:12:02 PM Logger.FileLogger write
INFO: >>> getPlayerStatus >>> password >>> Admin

Jun 27, 2020 3:12:02 PM Logger.FileLogger write
INFO: >>> getPlayerStatus >>> ipadddress >>> 182.1.1.1

Jun 27, 2020 3:12:02 PM Logger.FileLogger write
INFO: >>> getPlayerStatus >>> getOwnStatus

Jun 27, 2020 3:12:02 PM Logger.FileLogger write
INFO: >>> getPlayerStatus >>> getOwnStatus >>> AS: 0 online, 3 offline

Jun 27, 2020 3:12:02 PM Logger.FileLogger write
INFO: >>> getPlayerStatus >>> Sending response to Admin >>> AS: 0 online, 3 offline, EU: 0 online, 6 offline, NA: 0 online, 5 offline.

Jun 27, 2020 3:21:03 PM Logger.FileLogger write
INFO: >>> suspendAccount

Jun 27, 2020 3:21:03 PM Logger.FileLogger write
INFO: >>> suspendAccount >>> Admin Username >>> Admin

Jun 27, 2020 3:21:03 PM Logger.FileLogger write
INFO: >>> suspendAccount >>> Admin Password >>> Admin

Jun 27, 2020 3:21:03 PM Logger.FileLogger write
INFO: >>> suspendAccount >>> Admin IPAddress >>> 182.1.1.1

Jun 27, 2020 3:21:03 PM Logger.FileLogger write
INFO: >>> suspendAccount >>> Username To Suspend >>> Bruce123

Jun 27, 2020 3:21:03 PM Logger.FileLogger write
INFO: >>> suspendAccount >>> A player account with "Bruce123" username is suspended

Jun 27, 2020 3:21:03 PM Logger.FileLogger write
INFO: >>> getPlayerStatus

Jun 27, 2020 3:21:03 PM Logger.FileLogger write
INFO: >>> getPlayerStatus >>> username >>> Admin

Jun 27, 2020 3:21:03 PM Logger.FileLogger write
INFO: >>> getPlayerStatus >>> password >>> Admin

Jun 27, 2020 3:21:03 PM Logger.FileLogger write
INFO: >>> getPlayerStatus >>> ipadddress >>> 182.1.1.1

Jun 27, 2020 3:21:03 PM Logger.FileLogger write
INFO: >>> getPlayerStatus >>> getOwnStatus

Jun 27, 2020 3:21:03 PM Logger.FileLogger write
INFO: >>> getPlayerStatus >>> getOwnStatus >>> AS: 0 online, 2 offline

Jun 27, 2020 3:21:03 PM Logger.FileLogger write
INFO: >>> getPlayerStatus >>> Sending response to Admin >>> AS: 0 online, 2 offline, EU: 0 online, 6 offline, NA: 0 online, 5 offline.

Jun 27, 2020 3:27:21 PM Logger.FileLogger write
INFO: >>> getPlayerStatus

Jun 27, 2020 3:27:21 PM Logger.FileLogger write
INFO: >>> getPlayerStatus >>> username >>> Admin

Jun 27, 2020 3:27:21 PM Logger.FileLogger write
INFO: >>> getPlayerStatus >>> password >>> Admin

Jun 27, 2020 3:27:21 PM Logger.FileLogger write
INFO: >>> getPlayerStatus >>> ipadddress >>> 182.1.1.1

Jun 27, 2020 3:27:21 PM Logger.FileLogger write
INFO: >>> getPlayerStatus >>> getOwnStatus

Jun 27, 2020 3:27:21 PM Logger.FileLogger write
INFO: >>> getPlayerStatus >>> getOwnStatus >>> AS: 0 online, 2 offline

Jun 27, 2020 3:27:21 PM Logger.FileLogger write
INFO: >>> getPlayerStatus >>> Sending response to Admin >>> AS: 0 online, 2 offline, EU: 0 online, 6 offline, NA: 0 online, 5 offline.

Jun 27, 2020 10:59:23 PM Logger.FileLogger write
INFO: >>> suspendAccount

Jun 27, 2020 10:59:23 PM Logger.FileLogger write
INFO: >>> suspendAccount >>> Admin Username >>> Admin

Jun 27, 2020 10:59:23 PM Logger.FileLogger write
INFO: >>> suspendAccount >>> Admin Password >>> Admin

Jun 27, 2020 10:59:23 PM Logger.FileLogger write
INFO: >>> suspendAccount >>> Admin IPAddress >>> 182.1.1.1

Jun 27, 2020 10:59:23 PM Logger.FileLogger write
INFO: >>> suspendAccount >>> Username To Suspend >>> Varun123

Jun 27, 2020 10:59:23 PM Logger.FileLogger write
INFO: >>> suspendAccount >>> A player account with "Varun123" username is suspended

Jun 27, 2020 10:59:23 PM Logger.FileLogger write
INFO: >>> getPlayerStatus

Jun 27, 2020 10:59:23 PM Logger.FileLogger write
INFO: >>> getPlayerStatus >>> username >>> Admin

Jun 27, 2020 10:59:23 PM Logger.FileLogger write
INFO: >>> getPlayerStatus >>> password >>> Admin

Jun 27, 2020 10:59:23 PM Logger.FileLogger write
INFO: >>> getPlayerStatus >>> ipadddress >>> 182.1.1.1

Jun 27, 2020 10:59:23 PM Logger.FileLogger write
INFO: >>> getPlayerStatus >>> getOwnStatus

Jun 27, 2020 10:59:23 PM Logger.FileLogger write
INFO: >>> getPlayerStatus >>> getOwnStatus >>> AS: 0 online, 4 offline

Jun 27, 2020 10:59:23 PM Logger.FileLogger write
INFO: >>> getPlayerStatus >>> Sending response to Admin >>> AS: 0 online, 4 offline, EU: 0 online, 5 offline, NA: 0 online, 5 offline.

Jun 27, 2020 11:36:49 PM Logger.FileLogger write
INFO: >>> getPlayerStatus

Jun 27, 2020 11:36:49 PM Logger.FileLogger write
INFO: >>> getPlayerStatus >>> username >>> Admin

Jun 27, 2020 11:36:49 PM Logger.FileLogger write
INFO: >>> getPlayerStatus >>> password >>> Admin

Jun 27, 2020 11:36:49 PM Logger.FileLogger write
INFO: >>> getPlayerStatus >>> ipadddress >>> 182.11.1.1

Jun 27, 2020 11:36:49 PM Logger.FileLogger write
INFO: >>> getPlayerStatus >>> getOwnStatus

Jun 27, 2020 11:36:49 PM Logger.FileLogger write
INFO: >>> getPlayerStatus >>> getOwnStatus >>> AS: 0 online, 5 offline

Jun 27, 2020 11:36:49 PM Logger.FileLogger write
INFO: >>> getPlayerStatus >>> Sending response to Admin >>> AS: 0 online, 5 offline, EU: 0 online, 5 offline, NA: 0 online, 5 offline.

Jun 27, 2020 11:37:54 PM Logger.FileLogger write
INFO: >>> suspendAccount

Jun 27, 2020 11:37:54 PM Logger.FileLogger write
INFO: >>> suspendAccount >>> Admin Username >>> Admin

Jun 27, 2020 11:37:54 PM Logger.FileLogger write
INFO: >>> suspendAccount >>> Admin Password >>> Admin

Jun 27, 2020 11:37:54 PM Logger.FileLogger write
INFO: >>> suspendAccount >>> Admin IPAddress >>> 182.1.1.1

Jun 27, 2020 11:37:54 PM Logger.FileLogger write
INFO: >>> suspendAccount >>> Username To Suspend >>> Varun123

Jun 27, 2020 11:37:54 PM Logger.FileLogger write
INFO: >>> suspendAccount >>> A player account with "Varun123" username is suspended

Jun 27, 2020 11:42:24 PM Logger.FileLogger write
INFO: >>> suspendAccount

Jun 27, 2020 11:42:24 PM Logger.FileLogger write
INFO: >>> suspendAccount >>> Admin Username >>> Admin

Jun 27, 2020 11:42:24 PM Logger.FileLogger write
INFO: >>> suspendAccount >>> Admin Password >>> Admin

Jun 27, 2020 11:42:24 PM Logger.FileLogger write
INFO: >>> suspendAccount >>> Admin IPAddress >>> 182.1.1.1

Jun 27, 2020 11:42:24 PM Logger.FileLogger write
INFO: >>> suspendAccount >>> Username To Suspend >>> Kevin123

Jun 27, 2020 11:42:24 PM Logger.FileLogger write
INFO: >>> suspendAccount >>> A player account with "Kevin123" username is suspended

Jun 27, 2020 11:42:24 PM Logger.FileLogger write
INFO: >>> getPlayerStatus

Jun 27, 2020 11:42:24 PM Logger.FileLogger write
INFO: >>> getPlayerStatus >>> username >>> Admin

Jun 27, 2020 11:42:24 PM Logger.FileLogger write
INFO: >>> getPlayerStatus >>> password >>> Admin

Jun 27, 2020 11:42:24 PM Logger.FileLogger write
INFO: >>> getPlayerStatus >>> ipadddress >>> 182.1.1.1

Jun 27, 2020 11:42:24 PM Logger.FileLogger write
INFO: >>> getPlayerStatus >>> getOwnStatus

Jun 27, 2020 11:42:24 PM Logger.FileLogger write
INFO: >>> getPlayerStatus >>> getOwnStatus >>> AS: 0 online, 3 offline

Jun 27, 2020 11:42:24 PM Logger.FileLogger write
INFO: >>> getPlayerStatus >>> Sending response to Admin >>> AS: 0 online, 3 offline, EU: 0 online, 5 offline, NA: 0 online, 5 offline.

Jun 28, 2020 10:15:24 PM Logger.FileLogger write
INFO: >>> suspendAccount

Jun 28, 2020 10:15:24 PM Logger.FileLogger write
INFO: >>> suspendAccount >>> Admin Username >>> Admin

Jun 28, 2020 10:15:24 PM Logger.FileLogger write
INFO: >>> suspendAccount >>> Admin Password >>> Admin

Jun 28, 2020 10:15:24 PM Logger.FileLogger write
INFO: >>> suspendAccount >>> Admin IPAddress >>> 182.1.1.1

Jun 28, 2020 10:15:24 PM Logger.FileLogger write
INFO: >>> suspendAccount >>> Username To Suspend >>> Varun123

Jun 28, 2020 10:15:24 PM Logger.FileLogger write
INFO: >>> suspendAccount >>> A player account with "Varun123" username is suspended

Jun 28, 2020 10:26:56 PM Logger.FileLogger write
INFO: >>> getPlayerStatus

Jun 28, 2020 10:26:56 PM Logger.FileLogger write
INFO: >>> getPlayerStatus >>> username >>> Admin

Jun 28, 2020 10:26:56 PM Logger.FileLogger write
INFO: >>> getPlayerStatus >>> password >>> Admin

Jun 28, 2020 10:26:56 PM Logger.FileLogger write
INFO: >>> getPlayerStatus >>> ipadddress >>> 182.1.1.1

Jun 28, 2020 10:26:56 PM Logger.FileLogger write
INFO: >>> getPlayerStatus >>> getOwnStatus

Jun 28, 2020 10:26:56 PM Logger.FileLogger write
INFO: >>> getPlayerStatus >>> getOwnStatus >>> AS: 0 online, 4 offline

Jun 28, 2020 10:26:56 PM Logger.FileLogger write
INFO: >>> getPlayerStatus >>> Sending response to Admin >>> AS: 0 online, 4 offline, EU: 0 online, 5 offline, NA: 1 online, 5 offline.

Jun 28, 2020 11:13:06 PM Logger.FileLogger write
INFO: >>> suspendAccount

Jun 28, 2020 11:13:06 PM Logger.FileLogger write
INFO: >>> suspendAccount >>> Admin Username >>> Admin

Jun 28, 2020 11:13:06 PM Logger.FileLogger write
INFO: >>> suspendAccount >>> Admin Password >>> Admin

Jun 28, 2020 11:13:06 PM Logger.FileLogger write
INFO: >>> suspendAccount >>> Admin IPAddress >>> 182.1.1.1

Jun 28, 2020 11:13:06 PM Logger.FileLogger write
INFO: >>> suspendAccount >>> Username To Suspend >>> Bruce123

Jun 28, 2020 11:13:06 PM Logger.FileLogger write
INFO: >>> suspendAccount >>> A player account with "Bruce123" username is suspended

Jun 28, 2020 11:13:06 PM Logger.FileLogger write
INFO: >>> getPlayerStatus

Jun 28, 2020 11:13:06 PM Logger.FileLogger write
INFO: >>> getPlayerStatus >>> username >>> Admin

Jun 28, 2020 11:13:06 PM Logger.FileLogger write
INFO: >>> getPlayerStatus >>> password >>> Admin

Jun 28, 2020 11:13:06 PM Logger.FileLogger write
INFO: >>> getPlayerStatus >>> ipadddress >>> 182.1.1.1

Jun 28, 2020 11:13:06 PM Logger.FileLogger write
INFO: >>> getPlayerStatus >>> getOwnStatus

Jun 28, 2020 11:13:06 PM Logger.FileLogger write
INFO: >>> getPlayerStatus >>> getOwnStatus >>> AS: 0 online, 4 offline

Jun 28, 2020 11:13:06 PM Logger.FileLogger write
INFO: >>> getPlayerStatus >>> Sending response to Admin >>> AS: 0 online, 4 offline, EU: 0 online, 5 offline, NA: 0 online, 4 offline.

Jun 28, 2020 11:13:51 PM Logger.FileLogger write
INFO: >>> suspendAccount

Jun 28, 2020 11:13:51 PM Logger.FileLogger write
INFO: >>> suspendAccount >>> Admin Username >>> Admin

Jun 28, 2020 11:13:51 PM Logger.FileLogger write
INFO: >>> suspendAccount >>> Admin Password >>> Admin

Jun 28, 2020 11:13:51 PM Logger.FileLogger write
INFO: >>> suspendAccount >>> Admin IPAddress >>> 182.45.2.6

Jun 28, 2020 11:13:51 PM Logger.FileLogger write
INFO: >>> suspendAccount >>> Username To Suspend >>> Charles123

Jun 28, 2020 11:13:51 PM Logger.FileLogger write
INFO: >>> suspendAccount >>> A player doesn't exixts with Charles123 username

Jun 28, 2020 11:13:51 PM Logger.FileLogger write
INFO: >>> getPlayerStatus

Jun 28, 2020 11:13:51 PM Logger.FileLogger write
INFO: >>> getPlayerStatus >>> username >>> Admin

Jun 28, 2020 11:13:51 PM Logger.FileLogger write
INFO: >>> getPlayerStatus >>> password >>> Admin

Jun 28, 2020 11:13:51 PM Logger.FileLogger write
INFO: >>> getPlayerStatus >>> ipadddress >>> 182.45.2.6

Jun 28, 2020 11:13:51 PM Logger.FileLogger write
INFO: >>> getPlayerStatus >>> getOwnStatus

Jun 28, 2020 11:13:51 PM Logger.FileLogger write
INFO: >>> getPlayerStatus >>> getOwnStatus >>> AS: 0 online, 3 offline

Jun 28, 2020 11:13:51 PM Logger.FileLogger write
INFO: >>> getPlayerStatus >>> Sending response to Admin >>> AS: 0 online, 3 offline, EU: 0 online, 6 offline, NA: 0 online, 4 offline.

Jun 28, 2020 11:14:45 PM Logger.FileLogger write
INFO: >>> suspendAccount

Jun 28, 2020 11:14:45 PM Logger.FileLogger write
INFO: >>> suspendAccount >>> Admin Username >>> Admin

Jun 28, 2020 11:14:45 PM Logger.FileLogger write
INFO: >>> suspendAccount >>> Admin Password >>> Admin

Jun 28, 2020 11:14:45 PM Logger.FileLogger write
INFO: >>> suspendAccount >>> Admin IPAddress >>> 182.12.97.43

Jun 28, 2020 11:14:45 PM Logger.FileLogger write
INFO: >>> suspendAccount >>> Username To Suspend >>> Adak123

Jun 28, 2020 11:14:45 PM Logger.FileLogger write
INFO: >>> suspendAccount >>> A player account with "Adak123" username is suspended

Jun 28, 2020 11:14:45 PM Logger.FileLogger write
INFO: >>> getPlayerStatus

Jun 28, 2020 11:14:45 PM Logger.FileLogger write
INFO: >>> getPlayerStatus >>> username >>> Admin

Jun 28, 2020 11:14:45 PM Logger.FileLogger write
INFO: >>> getPlayerStatus >>> password >>> Admin

Jun 28, 2020 11:14:45 PM Logger.FileLogger write
INFO: >>> getPlayerStatus >>> ipadddress >>> 182.12.97.43

Jun 28, 2020 11:14:45 PM Logger.FileLogger write
INFO: >>> getPlayerStatus >>> getOwnStatus

Jun 28, 2020 11:14:45 PM Logger.FileLogger write
INFO: >>> getPlayerStatus >>> getOwnStatus >>> AS: 0 online, 2 offline

Jun 28, 2020 11:14:45 PM Logger.FileLogger write
INFO: >>> getPlayerStatus >>> Sending response to Admin >>> AS: 0 online, 2 offline, EU: 0 online, 6 offline, NA: 0 online, 4 offline.

Jun 28, 2020 11:42:58 PM Logger.FileLogger write
INFO: >>> suspendAccount

Jun 28, 2020 11:42:58 PM Logger.FileLogger write
INFO: >>> suspendAccount >>> Admin Username >>> Admin

Jun 28, 2020 11:42:58 PM Logger.FileLogger write
INFO: >>> suspendAccount >>> Admin Password >>> Admin

Jun 28, 2020 11:42:58 PM Logger.FileLogger write
INFO: >>> suspendAccount >>> Admin IPAddress >>> 182.1.1.1

Jun 28, 2020 11:42:58 PM Logger.FileLogger write
INFO: >>> suspendAccount >>> Username To Suspend >>> Varun123

Jun 28, 2020 11:42:58 PM Logger.FileLogger write
INFO: >>> suspendAccount >>> A player doesn't exixts with Varun123 username

Jun 28, 2020 11:42:59 PM Logger.FileLogger write
INFO: >>> getPlayerStatus

Jun 28, 2020 11:42:59 PM Logger.FileLogger write
INFO: >>> getPlayerStatus >>> username >>> Admin

Jun 28, 2020 11:42:59 PM Logger.FileLogger write
INFO: >>> getPlayerStatus >>> password >>> Admin

Jun 28, 2020 11:42:59 PM Logger.FileLogger write
INFO: >>> getPlayerStatus >>> ipadddress >>> 182.1.1.1

Jun 28, 2020 11:42:59 PM Logger.FileLogger write
INFO: >>> getPlayerStatus >>> getOwnStatus

Jun 28, 2020 11:42:59 PM Logger.FileLogger write
INFO: >>> getPlayerStatus >>> getOwnStatus >>> AS: 0 online, 4 offline

Jun 28, 2020 11:42:59 PM Logger.FileLogger write
INFO: >>> getPlayerStatus >>> Sending response to Admin >>> AS: 0 online, 4 offline, EU: 0 online, 6 offline, NA: 0 online, 5 offline.

Jun 28, 2020 11:43:40 PM Logger.FileLogger write
INFO: >>> suspendAccount

Jun 28, 2020 11:43:40 PM Logger.FileLogger write
INFO: >>> suspendAccount >>> Admin Username >>> Admin

Jun 28, 2020 11:43:40 PM Logger.FileLogger write
INFO: >>> suspendAccount >>> Admin Password >>> Admin

Jun 28, 2020 11:43:40 PM Logger.FileLogger write
INFO: >>> suspendAccount >>> Admin IPAddress >>> 182.56.3.7

Jun 28, 2020 11:43:40 PM Logger.FileLogger write
INFO: >>> suspendAccount >>> Username To Suspend >>> Kevin123

Jun 28, 2020 11:43:40 PM Logger.FileLogger write
INFO: >>> suspendAccount >>> A player account with "Kevin123" username is suspended

Jun 28, 2020 11:43:40 PM Logger.FileLogger write
INFO: >>> getPlayerStatus

Jun 28, 2020 11:43:40 PM Logger.FileLogger write
INFO: >>> getPlayerStatus >>> username >>> Admin

Jun 28, 2020 11:43:40 PM Logger.FileLogger write
INFO: >>> getPlayerStatus >>> password >>> Admin

Jun 28, 2020 11:43:40 PM Logger.FileLogger write
INFO: >>> getPlayerStatus >>> ipadddress >>> 182.56.3.7

Jun 28, 2020 11:43:40 PM Logger.FileLogger write
INFO: >>> getPlayerStatus >>> getOwnStatus

Jun 28, 2020 11:43:40 PM Logger.FileLogger write
INFO: >>> getPlayerStatus >>> getOwnStatus >>> AS: 0 online, 3 offline

Jun 28, 2020 11:43:40 PM Logger.FileLogger write
INFO: >>> getPlayerStatus >>> Sending response to Admin >>> AS: 0 online, 3 offline, EU: 0 online, 6 offline, NA: 0 online, 5 offline.

Jun 28, 2020 11:54:00 PM Logger.FileLogger write
INFO: >>> suspendAccount

Jun 28, 2020 11:54:00 PM Logger.FileLogger write
INFO: >>> suspendAccount >>> Admin Username >>> Admin

Jun 28, 2020 11:54:00 PM Logger.FileLogger write
INFO: >>> suspendAccount >>> Admin Password >>> Admin

Jun 28, 2020 11:54:00 PM Logger.FileLogger write
INFO: >>> suspendAccount >>> Admin IPAddress >>> 182.45.2.4

Jun 28, 2020 11:54:00 PM Logger.FileLogger write
INFO: >>> suspendAccount >>> Username To Suspend >>> Varun123

Jun 28, 2020 11:54:00 PM Logger.FileLogger write
INFO: >>> suspendAccount >>> A player account with "Varun123" username is suspended

Jun 28, 2020 11:54:00 PM Logger.FileLogger write
INFO: >>> getPlayerStatus

Jun 28, 2020 11:54:00 PM Logger.FileLogger write
INFO: >>> getPlayerStatus >>> username >>> Admin

Jun 28, 2020 11:54:00 PM Logger.FileLogger write
INFO: >>> getPlayerStatus >>> password >>> Admin

Jun 28, 2020 11:54:00 PM Logger.FileLogger write
INFO: >>> getPlayerStatus >>> ipadddress >>> 182.45.2.4

Jun 28, 2020 11:54:00 PM Logger.FileLogger write
INFO: >>> getPlayerStatus >>> getOwnStatus

Jun 28, 2020 11:54:00 PM Logger.FileLogger write
INFO: >>> getPlayerStatus >>> getOwnStatus >>> AS: 0 online, 4 offline

Jun 28, 2020 11:54:00 PM Logger.FileLogger write
INFO: >>> getPlayerStatus >>> Sending response to Admin >>> AS: 0 online, 4 offline, EU: 0 online, 5 offline, NA: 0 online, 5 offline.

Jun 28, 2020 11:54:36 PM Logger.FileLogger write
INFO: >>> suspendAccount

Jun 28, 2020 11:54:36 PM Logger.FileLogger write
INFO: >>> suspendAccount >>> Admin Username >>> Admin

Jun 28, 2020 11:54:36 PM Logger.FileLogger write
INFO: >>> suspendAccount >>> Admin Password >>> Admin

Jun 28, 2020 11:54:36 PM Logger.FileLogger write
INFO: >>> suspendAccount >>> Admin IPAddress >>> 182.45.2.5

Jun 28, 2020 11:54:36 PM Logger.FileLogger write
INFO: >>> suspendAccount >>> Username To Suspend >>> Kevin123

Jun 28, 2020 11:54:36 PM Logger.FileLogger write
INFO: >>> suspendAccount >>> A player doesn't exixts with Kevin123 username

Jun 28, 2020 11:54:36 PM Logger.FileLogger write
INFO: >>> getPlayerStatus

Jun 28, 2020 11:54:36 PM Logger.FileLogger write
INFO: >>> getPlayerStatus >>> username >>> Admin

Jun 28, 2020 11:54:36 PM Logger.FileLogger write
INFO: >>> getPlayerStatus >>> password >>> Admin

Jun 28, 2020 11:54:36 PM Logger.FileLogger write
INFO: >>> getPlayerStatus >>> ipadddress >>> 182.45.2.5

Jun 28, 2020 11:54:36 PM Logger.FileLogger write
INFO: >>> getPlayerStatus >>> getOwnStatus

Jun 28, 2020 11:54:36 PM Logger.FileLogger write
INFO: >>> getPlayerStatus >>> getOwnStatus >>> AS: 0 online, 3 offline

Jun 28, 2020 11:54:36 PM Logger.FileLogger write
INFO: >>> getPlayerStatus >>> Sending response to Admin >>> AS: 0 online, 3 offline, EU: 0 online, 5 offline, NA: 0 online, 6 offline.

Jun 29, 2020 12:35:24 AM Logger.FileLogger write
INFO: >>> suspendAccount

Jun 29, 2020 12:35:24 AM Logger.FileLogger write
INFO: >>> suspendAccount >>> Admin Username >>> Admin

Jun 29, 2020 12:35:24 AM Logger.FileLogger write
INFO: >>> suspendAccount >>> Admin Password >>> Admin

Jun 29, 2020 12:35:24 AM Logger.FileLogger write
INFO: >>> suspendAccount >>> Admin IPAddress >>> 182.11.1.1

Jun 29, 2020 12:35:24 AM Logger.FileLogger write
INFO: >>> suspendAccount >>> Username To Suspend >>> Kevin123

Jun 29, 2020 12:35:24 AM Logger.FileLogger write
INFO: >>> suspendAccount >>> A player doesn't exixts with Kevin123 username

Jun 29, 2020 12:35:24 AM Logger.FileLogger write
INFO: >>> getPlayerStatus

Jun 29, 2020 12:35:24 AM Logger.FileLogger write
INFO: >>> getPlayerStatus >>> username >>> Admin

Jun 29, 2020 12:35:24 AM Logger.FileLogger write
INFO: >>> getPlayerStatus >>> password >>> Admin

Jun 29, 2020 12:35:24 AM Logger.FileLogger write
INFO: >>> getPlayerStatus >>> ipadddress >>> 182.11.1.1

Jun 29, 2020 12:35:24 AM Logger.FileLogger write
INFO: >>> getPlayerStatus >>> getOwnStatus

Jun 29, 2020 12:35:24 AM Logger.FileLogger write
INFO: >>> getPlayerStatus >>> getOwnStatus >>> AS: 0 online, 3 offline

Jun 29, 2020 12:35:24 AM Logger.FileLogger write
INFO: >>> getPlayerStatus >>> Sending response to Admin >>> AS: 0 online, 3 offline, EU: 0 online, 5 offline, NA: 0 online, 6 offline.

Jun 29, 2020 12:36:03 AM Logger.FileLogger write
INFO: >>> suspendAccount

Jun 29, 2020 12:36:03 AM Logger.FileLogger write
INFO: >>> suspendAccount >>> Admin Username >>> Admin

Jun 29, 2020 12:36:03 AM Logger.FileLogger write
INFO: >>> suspendAccount >>> Admin Password >>> Admin

Jun 29, 2020 12:36:03 AM Logger.FileLogger write
INFO: >>> suspendAccount >>> Admin IPAddress >>> 182.4.3.4

Jun 29, 2020 12:36:03 AM Logger.FileLogger write
INFO: >>> suspendAccount >>> Username To Suspend >>> Charles123

Jun 29, 2020 12:36:03 AM Logger.FileLogger write
INFO: >>> suspendAccount >>> A player doesn't exixts with Charles123 username

Jun 29, 2020 12:36:03 AM Logger.FileLogger write
INFO: >>> getPlayerStatus

Jun 29, 2020 12:36:03 AM Logger.FileLogger write
INFO: >>> getPlayerStatus >>> username >>> Admin

Jun 29, 2020 12:36:03 AM Logger.FileLogger write
INFO: >>> getPlayerStatus >>> password >>> Admin

Jun 29, 2020 12:36:03 AM Logger.FileLogger write
INFO: >>> getPlayerStatus >>> ipadddress >>> 182.4.3.4

Jun 29, 2020 12:36:03 AM Logger.FileLogger write
INFO: >>> getPlayerStatus >>> getOwnStatus

Jun 29, 2020 12:36:03 AM Logger.FileLogger write
INFO: >>> getPlayerStatus >>> getOwnStatus >>> AS: 0 online, 2 offline

Jun 29, 2020 12:36:03 AM Logger.FileLogger write
INFO: >>> getPlayerStatus >>> Sending response to Admin >>> AS: 0 online, 2 offline, EU: 0 online, 6 offline, NA: 0 online, 6 offline.

Jun 29, 2020 12:40:33 AM Logger.FileLogger write
INFO: >>> suspendAccount

Jun 29, 2020 12:40:33 AM Logger.FileLogger write
INFO: >>> suspendAccount >>> Admin Username >>> Admin

Jun 29, 2020 12:40:33 AM Logger.FileLogger write
INFO: >>> suspendAccount >>> Admin Password >>> Admin

Jun 29, 2020 12:40:33 AM Logger.FileLogger write
INFO: >>> suspendAccount >>> Admin IPAddress >>> 182.45.3.2

Jun 29, 2020 12:40:33 AM Logger.FileLogger write
INFO: >>> suspendAccount >>> Username To Suspend >>> Varun123

Jun 29, 2020 12:40:33 AM Logger.FileLogger write
INFO: >>> suspendAccount >>> A player account with "Varun123" username is suspended

Jun 29, 2020 12:40:33 AM Logger.FileLogger write
INFO: >>> getPlayerStatus

Jun 29, 2020 12:40:33 AM Logger.FileLogger write
INFO: >>> getPlayerStatus >>> username >>> Admin

Jun 29, 2020 12:40:33 AM Logger.FileLogger write
INFO: >>> getPlayerStatus >>> password >>> Admin

Jun 29, 2020 12:40:33 AM Logger.FileLogger write
INFO: >>> getPlayerStatus >>> ipadddress >>> 182.45.3.2

Jun 29, 2020 12:40:33 AM Logger.FileLogger write
INFO: >>> getPlayerStatus >>> getOwnStatus

Jun 29, 2020 12:40:33 AM Logger.FileLogger write
INFO: >>> getPlayerStatus >>> getOwnStatus >>> AS: 0 online, 4 offline

Jun 29, 2020 12:40:33 AM Logger.FileLogger write
INFO: >>> getPlayerStatus >>> Sending response to Admin >>> AS: 0 online, 4 offline, EU: 0 online, 5 offline, NA: 0 online, 5 offline.

Jun 29, 2020 1:16:57 AM Logger.FileLogger write
INFO: >>> suspendAccount

Jun 29, 2020 1:16:57 AM Logger.FileLogger write
INFO: >>> suspendAccount >>> Admin Username >>> Admin

Jun 29, 2020 1:16:57 AM Logger.FileLogger write
INFO: >>> suspendAccount >>> Admin Password >>> Admin

Jun 29, 2020 1:16:57 AM Logger.FileLogger write
INFO: >>> suspendAccount >>> Admin IPAddress >>> 182.45.67.3

Jun 29, 2020 1:16:57 AM Logger.FileLogger write
INFO: >>> suspendAccount >>> Username To Suspend >>> Kevin123

Jun 29, 2020 1:16:57 AM Logger.FileLogger write
INFO: >>> suspendAccount >>> A player account with "Kevin123" username is suspended

Jun 29, 2020 1:16:57 AM Logger.FileLogger write
INFO: >>> getPlayerStatus

Jun 29, 2020 1:16:57 AM Logger.FileLogger write
INFO: >>> getPlayerStatus >>> username >>> Admin

Jun 29, 2020 1:16:57 AM Logger.FileLogger write
INFO: >>> getPlayerStatus >>> password >>> Admin

Jun 29, 2020 1:16:57 AM Logger.FileLogger write
INFO: >>> getPlayerStatus >>> ipadddress >>> 182.45.67.3

Jun 29, 2020 1:16:57 AM Logger.FileLogger write
INFO: >>> getPlayerStatus >>> getOwnStatus

Jun 29, 2020 1:16:57 AM Logger.FileLogger write
INFO: >>> getPlayerStatus >>> getOwnStatus >>> AS: 0 online, 3 offline

Jun 29, 2020 1:16:58 AM Logger.FileLogger write
INFO: >>> getPlayerStatus >>> Sending response to Admin >>> AS: 0 online, 3 offline, EU: 0 online, 5 offline, NA: 0 online, 5 offline.

Jun 29, 2020 1:38:17 AM Logger.FileLogger write
INFO: >>> getPlayerStatus

Jun 29, 2020 1:38:17 AM Logger.FileLogger write
INFO: >>> getPlayerStatus >>> username >>> Admin

Jun 29, 2020 1:38:17 AM Logger.FileLogger write
INFO: >>> getPlayerStatus >>> password >>> Admin

Jun 29, 2020 1:38:17 AM Logger.FileLogger write
INFO: >>> getPlayerStatus >>> ipadddress >>> 182.35.65.7

Jun 29, 2020 1:38:17 AM Logger.FileLogger write
INFO: >>> getPlayerStatus >>> getOwnStatus

Jun 29, 2020 1:38:17 AM Logger.FileLogger write
INFO: >>> getPlayerStatus >>> getOwnStatus >>> AS: 0 online, 5 offline

Jun 29, 2020 1:38:17 AM Logger.FileLogger write
INFO: >>> getPlayerStatus >>> Sending response to Admin >>> AS: 0 online, 5 offline, EU: 0 online, 5 offline, NA: 0 online, 5 offline.

Jun 29, 2020 1:39:20 AM Logger.FileLogger write
INFO: >>> suspendAccount

Jun 29, 2020 1:39:20 AM Logger.FileLogger write
INFO: >>> suspendAccount >>> Admin Username >>> Admin

Jun 29, 2020 1:39:20 AM Logger.FileLogger write
INFO: >>> suspendAccount >>> Admin Password >>> Admin

Jun 29, 2020 1:39:20 AM Logger.FileLogger write
INFO: >>> suspendAccount >>> Admin IPAddress >>> 182.56.32.2

Jun 29, 2020 1:39:20 AM Logger.FileLogger write
INFO: >>> suspendAccount >>> Username To Suspend >>> Varun123

Jun 29, 2020 1:39:20 AM Logger.FileLogger write
INFO: >>> suspendAccount >>> A player doesn't exixts with Varun123 username

Jun 29, 2020 1:39:20 AM Logger.FileLogger write
INFO: >>> getPlayerStatus

Jun 29, 2020 1:39:20 AM Logger.FileLogger write
INFO: >>> getPlayerStatus >>> username >>> Admin

Jun 29, 2020 1:39:20 AM Logger.FileLogger write
INFO: >>> getPlayerStatus >>> password >>> Admin

Jun 29, 2020 1:39:20 AM Logger.FileLogger write
INFO: >>> getPlayerStatus >>> ipadddress >>> 182.56.32.2

Jun 29, 2020 1:39:20 AM Logger.FileLogger write
INFO: >>> getPlayerStatus >>> getOwnStatus

Jun 29, 2020 1:39:20 AM Logger.FileLogger write
INFO: >>> getPlayerStatus >>> getOwnStatus >>> AS: 0 online, 4 offline

Jun 29, 2020 1:39:20 AM Logger.FileLogger write
INFO: >>> getPlayerStatus >>> Sending response to Admin >>> AS: 0 online, 4 offline, EU: 0 online, 5 offline, NA: 0 online, 6 offline.

Jun 29, 2020 11:04:51 PM Logger.FileLogger write
INFO: >>> getPlayerStatus

Jun 29, 2020 11:04:51 PM Logger.FileLogger write
INFO: >>> getPlayerStatus >>> username >>> Admin

Jun 29, 2020 11:04:51 PM Logger.FileLogger write
INFO: >>> getPlayerStatus >>> password >>> Admin

Jun 29, 2020 11:04:51 PM Logger.FileLogger write
INFO: >>> getPlayerStatus >>> ipadddress >>> 182.3.1.1

Jun 29, 2020 11:04:51 PM Logger.FileLogger write
INFO: >>> getPlayerStatus >>> getOwnStatus

Jun 29, 2020 11:04:51 PM Logger.FileLogger write
INFO: >>> getPlayerStatus >>> getOwnStatus >>> AS: 0 online, 5 offline

Jun 29, 2020 11:04:51 PM Logger.FileLogger write
INFO: >>> getPlayerStatus >>> Sending response to Admin >>> AS: 0 online, 5 offline, EU: 0 online, 5 offline, NA: 0 online, 5 offline.

Jul 17, 2020 5:22:10 PM Logger.FileLogger write
INFO: >>> getPlayerStatus

Jul 17, 2020 5:22:10 PM Logger.FileLogger write
INFO: >>> getPlayerStatus >>> username >>> Admin

Jul 17, 2020 5:22:10 PM Logger.FileLogger write
INFO: >>> getPlayerStatus >>> password >>> Admin

Jul 17, 2020 5:22:10 PM Logger.FileLogger write
INFO: >>> getPlayerStatus >>> ipadddress >>> 182.45.4.3

Jul 17, 2020 5:22:10 PM Logger.FileLogger write
INFO: >>> getPlayerStatus >>> getOwnStatus

Jul 17, 2020 5:22:10 PM Logger.FileLogger write
INFO: >>> getPlayerStatus >>> getOwnStatus >>> AS: 0 online, 5 offline

Jul 17, 2020 5:22:10 PM Logger.FileLogger write
INFO: >>> getPlayerStatus >>> Sending response to Admin >>> AS: 0 online, 5 offline, EU: 0 online, 5 offline, NA: 0 online, 5 offline.

Aug 01, 2020 4:56:34 AM Util.FileLogger write
INFO: >>> getPlayerStatus

Aug 01, 2020 4:56:34 AM Util.FileLogger write
INFO: >>> getPlayerStatus >>> username >>> Admin

Aug 01, 2020 4:56:34 AM Util.FileLogger write
INFO: >>> getPlayerStatus >>> password >>> Admin

Aug 01, 2020 4:56:34 AM Util.FileLogger write
INFO: >>> getPlayerStatus >>> ipadddress >>> 182.454.2.1

Aug 01, 2020 4:56:34 AM Util.FileLogger write
INFO: >>> getPlayerStatus >>> getOwnStatus

Aug 01, 2020 4:56:34 AM Util.FileLogger write
INFO: >>> getPlayerStatus >>> getOwnStatus >>> AS: 0 online, 5 offline

Aug 01, 2020 4:56:34 AM Util.FileLogger write
INFO: >>> getPlayerStatus >>> Sending response to Admin >>> AS: 0 online, 5 offline, EU: 0 online, 5 offline, NA: 0 online, 5 offline.

Aug 01, 2020 4:56:34 AM Util.FileLogger write
INFO: >>> getPlayerStatus

Aug 01, 2020 4:56:34 AM Util.FileLogger write
INFO: >>> getPlayerStatus >>> username >>> Admin

Aug 01, 2020 4:56:34 AM Util.FileLogger write
INFO: >>> getPlayerStatus >>> password >>> Admin

Aug 01, 2020 4:56:34 AM Util.FileLogger write
INFO: >>> getPlayerStatus >>> ipadddress >>> 182.454.2.1

Aug 01, 2020 4:56:34 AM Util.FileLogger write
INFO: >>> getPlayerStatus >>> getOwnStatus

Aug 01, 2020 4:56:34 AM Util.FileLogger write
INFO: >>> getPlayerStatus >>> getOwnStatus >>> AS: 0 online, 5 offline

Aug 01, 2020 4:56:34 AM Util.FileLogger write
INFO: >>> getPlayerStatus >>> Sending response to Admin >>> AS: 0 online, 5 offline, EU: 0 online, 5 offline, NA: 0 online, 5 offline.

Aug 01, 2020 4:56:34 AM Util.FileLogger write
INFO: >>> getPlayerStatus

Aug 01, 2020 4:56:34 AM Util.FileLogger write
INFO: >>> getPlayerStatus >>> username >>> Admin

Aug 01, 2020 4:56:34 AM Util.FileLogger write
INFO: >>> getPlayerStatus >>> password >>> Admin

Aug 01, 2020 4:56:34 AM Util.FileLogger write
INFO: >>> getPlayerStatus >>> ipadddress >>> 182.454.2.1

Aug 01, 2020 4:56:34 AM Util.FileLogger write
INFO: >>> getPlayerStatus >>> getOwnStatus

Aug 01, 2020 4:56:34 AM Util.FileLogger write
INFO: >>> getPlayerStatus >>> getOwnStatus >>> AS: 0 online, 5 offline

Aug 01, 2020 4:56:34 AM Util.FileLogger write
INFO: >>> getPlayerStatus >>> Sending response to Admin >>> AS: 0 online, 5 offline, EU: 0 online, 5 offline, NA: 0 online, 5 offline.

Aug 01, 2020 5:03:52 AM Util.FileLogger write
INFO: >>> getPlayerStatus

Aug 01, 2020 5:03:52 AM Util.FileLogger write
INFO: >>> getPlayerStatus >>> username >>> Admin

Aug 01, 2020 5:03:52 AM Util.FileLogger write
INFO: >>> getPlayerStatus >>> password >>> Admin

Aug 01, 2020 5:03:52 AM Util.FileLogger write
INFO: >>> getPlayerStatus >>> ipadddress >>> 182.45.5.4

Aug 01, 2020 5:03:52 AM Util.FileLogger write
INFO: >>> getPlayerStatus >>> getOwnStatus

Aug 01, 2020 5:03:52 AM Util.FileLogger write
INFO: >>> getPlayerStatus >>> getOwnStatus >>> AS: 0 online, 5 offline

Aug 01, 2020 5:03:52 AM Util.FileLogger write
INFO: >>> getPlayerStatus >>> Sending response to Admin >>> AS: 0 online, 5 offline, EU: 0 online, 5 offline, NA: 0 online, 5 offline.

Aug 01, 2020 5:03:52 AM Util.FileLogger write
INFO: >>> getPlayerStatus

Aug 01, 2020 5:03:52 AM Util.FileLogger write
INFO: >>> getPlayerStatus >>> username >>> Admin

Aug 01, 2020 5:03:52 AM Util.FileLogger write
INFO: >>> getPlayerStatus >>> password >>> Admin

Aug 01, 2020 5:03:52 AM Util.FileLogger write
INFO: >>> getPlayerStatus >>> ipadddress >>> 182.45.5.4

Aug 01, 2020 5:03:52 AM Util.FileLogger write
INFO: >>> getPlayerStatus >>> getOwnStatus

Aug 01, 2020 5:03:52 AM Util.FileLogger write
INFO: >>> getPlayerStatus >>> getOwnStatus >>> AS: 0 online, 5 offline

Aug 01, 2020 5:03:52 AM Util.FileLogger write
INFO: >>> getPlayerStatus >>> Sending response to Admin >>> AS: 0 online, 5 offline, EU: 0 online, 5 offline, NA: 0 online, 5 offline.

Aug 01, 2020 5:03:52 AM Util.FileLogger write
INFO: >>> getPlayerStatus

Aug 01, 2020 5:03:52 AM Util.FileLogger write
INFO: >>> getPlayerStatus >>> username >>> Admin

Aug 01, 2020 5:03:52 AM Util.FileLogger write
INFO: >>> getPlayerStatus >>> password >>> Admin

Aug 01, 2020 5:03:52 AM Util.FileLogger write
INFO: >>> getPlayerStatus >>> ipadddress >>> 182.45.5.4

Aug 01, 2020 5:03:52 AM Util.FileLogger write
INFO: >>> getPlayerStatus >>> getOwnStatus

Aug 01, 2020 5:03:52 AM Util.FileLogger write
INFO: >>> getPlayerStatus >>> getOwnStatus >>> AS: 0 online, 5 offline

Aug 01, 2020 5:03:52 AM Util.FileLogger write
INFO: >>> getPlayerStatus >>> Sending response to Admin >>> AS: 0 online, 5 offline, EU: 0 online, 5 offline, NA: 0 online, 5 offline.

Aug 01, 2020 5:07:35 AM Util.FileLogger write
INFO: >>> getPlayerStatus

Aug 01, 2020 5:07:35 AM Util.FileLogger write
INFO: >>> getPlayerStatus >>> username >>> Admin

Aug 01, 2020 5:07:35 AM Util.FileLogger write
INFO: >>> getPlayerStatus >>> password >>> Admin

Aug 01, 2020 5:07:35 AM Util.FileLogger write
INFO: >>> getPlayerStatus >>> ipadddress >>> 182.45.32.2

Aug 01, 2020 5:07:35 AM Util.FileLogger write
INFO: >>> getPlayerStatus >>> getOwnStatus

Aug 01, 2020 5:07:35 AM Util.FileLogger write
INFO: >>> getPlayerStatus >>> getOwnStatus >>> AS: 0 online, 5 offline

Aug 01, 2020 5:07:35 AM Util.FileLogger write
INFO: >>> getPlayerStatus >>> Sending response to Admin >>> AS: 0 online, 5 offline, EU: 0 online, 5 offline, NA: 0 online, 5 offline.

Aug 01, 2020 5:07:35 AM Util.FileLogger write
INFO: >>> getPlayerStatus

Aug 01, 2020 5:07:35 AM Util.FileLogger write
INFO: >>> getPlayerStatus >>> username >>> Admin

Aug 01, 2020 5:07:35 AM Util.FileLogger write
INFO: >>> getPlayerStatus >>> password >>> Admin

Aug 01, 2020 5:07:35 AM Util.FileLogger write
INFO: >>> getPlayerStatus >>> ipadddress >>> 182.45.32.2

Aug 01, 2020 5:07:35 AM Util.FileLogger write
INFO: >>> getPlayerStatus >>> getOwnStatus

Aug 01, 2020 5:07:35 AM Util.FileLogger write
INFO: >>> getPlayerStatus >>> getOwnStatus >>> AS: 0 online, 5 offline

Aug 01, 2020 5:07:35 AM Util.FileLogger write
INFO: >>> getPlayerStatus >>> Sending response to Admin >>> AS: 0 online, 5 offline, EU: 0 online, 5 offline, NA: 0 online, 5 offline.

Aug 01, 2020 5:07:35 AM Util.FileLogger write
INFO: >>> getPlayerStatus

Aug 01, 2020 5:07:35 AM Util.FileLogger write
INFO: >>> Sending response of UDP request

Aug 01, 2020 5:07:35 AM Util.FileLogger write
INFO: >>> getPlayerStatus >>> username >>> Admin

Aug 01, 2020 5:07:35 AM Util.FileLogger write
INFO: >>> getPlayerStatus >>> password >>> Admin

Aug 01, 2020 5:07:35 AM Util.FileLogger write
INFO: >>> getPlayerStatus >>> ipadddress >>> 182.45.32.2

Aug 01, 2020 5:07:35 AM Util.FileLogger write
INFO: >>> getPlayerStatus >>> getOwnStatus

Aug 01, 2020 5:07:35 AM Util.FileLogger write
INFO: >>> getPlayerStatus >>> getOwnStatus >>> AS: 0 online, 5 offline

Aug 01, 2020 5:07:35 AM Util.FileLogger write
INFO: >>> getPlayerStatus >>> Sending response to Admin >>> AS: 0 online, 5 offline, EU: 0 online, 5 offline, NA: 0 online, 5 offline.

Aug 01, 2020 5:08:59 AM Util.FileLogger write
INFO: >>> getPlayerStatus

Aug 01, 2020 5:08:59 AM Util.FileLogger write
INFO: >>> getPlayerStatus >>> username >>> Admin

Aug 01, 2020 5:08:59 AM Util.FileLogger write
INFO: >>> getPlayerStatus >>> password >>> Admin

Aug 01, 2020 5:08:59 AM Util.FileLogger write
INFO: >>> getPlayerStatus >>> ipadddress >>> 182.45.2.1

Aug 01, 2020 5:08:59 AM Util.FileLogger write
INFO: >>> getPlayerStatus >>> getOwnStatus

Aug 01, 2020 5:08:59 AM Util.FileLogger write
INFO: >>> getPlayerStatus >>> getOwnStatus >>> AS: 0 online, 5 offline

Aug 01, 2020 5:08:59 AM Util.FileLogger write
INFO: >>> getPlayerStatus >>> Sending response to Admin >>> AS: 0 online, 5 offline, EU: 0 online, 5 offline, NA: 0 online, 5 offline.

Aug 01, 2020 5:08:59 AM Util.FileLogger write
INFO: >>> getPlayerStatus

Aug 01, 2020 5:08:59 AM Util.FileLogger write
INFO: >>> getPlayerStatus >>> username >>> Admin

Aug 01, 2020 5:08:59 AM Util.FileLogger write
INFO: >>> getPlayerStatus >>> password >>> Admin

Aug 01, 2020 5:08:59 AM Util.FileLogger write
INFO: >>> getPlayerStatus >>> ipadddress >>> 182.45.2.1

Aug 01, 2020 5:08:59 AM Util.FileLogger write
INFO: >>> getPlayerStatus >>> getOwnStatus

Aug 01, 2020 5:08:59 AM Util.FileLogger write
INFO: >>> getPlayerStatus >>> getOwnStatus >>> AS: 0 online, 5 offline

Aug 01, 2020 5:08:59 AM Util.FileLogger write
INFO: >>> getPlayerStatus >>> Sending response to Admin >>> AS: 0 online, 5 offline, EU: 0 online, 5 offline, NA: 0 online, 5 offline.

Aug 01, 2020 5:08:59 AM Util.FileLogger write
INFO: >>> getPlayerStatus

Aug 01, 2020 5:08:59 AM Util.FileLogger write
INFO: >>> getPlayerStatus >>> username >>> Admin

Aug 01, 2020 5:08:59 AM Util.FileLogger write
INFO: >>> getPlayerStatus >>> password >>> Admin

Aug 01, 2020 5:08:59 AM Util.FileLogger write
INFO: >>> getPlayerStatus >>> ipadddress >>> 182.45.2.1

Aug 01, 2020 5:08:59 AM Util.FileLogger write
INFO: >>> getPlayerStatus >>> getOwnStatus

Aug 01, 2020 5:08:59 AM Util.FileLogger write
INFO: >>> getPlayerStatus >>> getOwnStatus >>> AS: 0 online, 5 offline

Aug 01, 2020 5:08:59 AM Util.FileLogger write
INFO: >>> getPlayerStatus >>> Sending response to Admin >>> AS: 0 online, 5 offline, EU: 0 online, 5 offline, NA: 0 online, 5 offline.

