Jul 04, 2020 9:36:18 PM Logger.FileLogger write
INFO: >>> createPlayerAccount

Jul 04, 2020 9:36:18 PM Logger.FileLogger write
INFO: >>> createPlayerAccount >>> username >>> Darcie123

Jul 04, 2020 9:36:18 PM Logger.FileLogger write
INFO: >>> createPlayerAccount >>> firstname >>> Darcie

Jul 04, 2020 9:36:18 PM Logger.FileLogger write
INFO: >>> createPlayerAccount >>> lastname >>> Sammie

Jul 04, 2020 9:36:18 PM Logger.FileLogger write
INFO: >>> createPlayerAccount >>> password >>> Darcie123

Jul 04, 2020 9:36:18 PM Logger.FileLogger write
INFO: >>> createPlayerAccount >>> age >>> 15

Jul 04, 2020 9:36:18 PM Logger.FileLogger write
INFO: >>> createPlayerAccount >>> ipadddress >>> 93.5.4.2

Jul 04, 2020 9:36:18 PM Logger.FileLogger write
INFO: >>> createPlayerAccount >>> User information stored

Jul 04, 2020 9:48:17 PM Logger.FileLogger write
INFO: >>> createPlayerAccount

Jul 04, 2020 9:48:17 PM Logger.FileLogger write
INFO: >>> createPlayerAccount >>> username >>> Darcie123

Jul 04, 2020 9:48:17 PM Logger.FileLogger write
INFO: >>> createPlayerAccount >>> firstname >>> Darcie

Jul 04, 2020 9:48:17 PM Logger.FileLogger write
INFO: >>> createPlayerAccount >>> lastname >>> Sammie

Jul 04, 2020 9:48:17 PM Logger.FileLogger write
INFO: >>> createPlayerAccount >>> password >>> Darcie123

Jul 04, 2020 9:48:17 PM Logger.FileLogger write
INFO: >>> createPlayerAccount >>> age >>> 15

Jul 04, 2020 9:48:17 PM Logger.FileLogger write
INFO: >>> createPlayerAccount >>> ipadddress >>> 93.5.4.2

Jul 04, 2020 9:48:17 PM Logger.FileLogger write
INFO: >>> createPlayerAccount >>> User information stored

Jul 04, 2020 10:20:19 PM Logger.FileLogger write
INFO: >>> createPlayerAccount

Jul 04, 2020 10:20:19 PM Logger.FileLogger write
INFO: >>> createPlayerAccount >>> username >>> Darcie123

Jul 04, 2020 10:20:19 PM Logger.FileLogger write
INFO: >>> createPlayerAccount >>> firstname >>> Darcie

Jul 04, 2020 10:20:19 PM Logger.FileLogger write
INFO: >>> createPlayerAccount >>> lastname >>> Sammie

Jul 04, 2020 10:20:19 PM Logger.FileLogger write
INFO: >>> createPlayerAccount >>> password >>> Darcie123

Jul 04, 2020 10:20:19 PM Logger.FileLogger write
INFO: >>> createPlayerAccount >>> age >>> 15

Jul 04, 2020 10:20:19 PM Logger.FileLogger write
INFO: >>> createPlayerAccount >>> ipadddress >>> 93.5.4.2

Jul 04, 2020 10:20:19 PM Logger.FileLogger write
INFO: >>> createPlayerAccount >>> User information stored

Jul 04, 2020 10:41:42 PM Logger.FileLogger write
INFO: >>> createPlayerAccount

Jul 04, 2020 10:41:42 PM Logger.FileLogger write
INFO: >>> createPlayerAccount >>> username >>> Darcie123

Jul 04, 2020 10:41:42 PM Logger.FileLogger write
INFO: >>> createPlayerAccount >>> firstname >>> Darcie

Jul 04, 2020 10:41:42 PM Logger.FileLogger write
INFO: >>> createPlayerAccount >>> lastname >>> Sammie

Jul 04, 2020 10:41:42 PM Logger.FileLogger write
INFO: >>> createPlayerAccount >>> password >>> Darcie123

Jul 04, 2020 10:41:42 PM Logger.FileLogger write
INFO: >>> createPlayerAccount >>> age >>> 15

Jul 04, 2020 10:41:42 PM Logger.FileLogger write
INFO: >>> createPlayerAccount >>> ipadddress >>> 93.5.4.2

Jul 04, 2020 10:41:42 PM Logger.FileLogger write
INFO: >>> createPlayerAccount >>> User information stored

