Jul 28, 2020 9:48:15 PM Util.FileLogger write
INFO: >>> createPlayerAccount

Jul 28, 2020 9:48:15 PM Util.FileLogger write
INFO: >>> createPlayerAccount >>> username >>> Darcie123

Jul 28, 2020 9:48:15 PM Util.FileLogger write
INFO: >>> createPlayerAccount >>> firstname >>> Darcie

Jul 28, 2020 9:48:15 PM Util.FileLogger write
INFO: >>> createPlayerAccount >>> lastname >>> Sammie

Jul 28, 2020 9:48:16 PM Util.FileLogger write
INFO: >>> createPlayerAccount >>> password >>> Darcie123

Jul 28, 2020 9:48:16 PM Util.FileLogger write
INFO: >>> createPlayerAccount >>> age >>> 15

Jul 28, 2020 9:48:16 PM Util.FileLogger write
INFO: >>> createPlayerAccount >>> ipadddress >>> 93.5.4.2

Jul 28, 2020 9:48:16 PM Util.FileLogger write
INFO: >>> createPlayerAccount >>> User information stored

Jul 29, 2020 12:02:29 PM Util.FileLogger write
INFO: >>> createPlayerAccount

Jul 29, 2020 12:02:29 PM Util.FileLogger write
INFO: >>> createPlayerAccount >>> username >>> Darcie123

Jul 29, 2020 12:02:29 PM Util.FileLogger write
INFO: >>> createPlayerAccount >>> firstname >>> Darcie

Jul 29, 2020 12:02:29 PM Util.FileLogger write
INFO: >>> createPlayerAccount >>> lastname >>> Sammie

Jul 29, 2020 12:02:29 PM Util.FileLogger write
INFO: >>> createPlayerAccount >>> password >>> Darcie123

Jul 29, 2020 12:02:29 PM Util.FileLogger write
INFO: >>> createPlayerAccount >>> age >>> 15

Jul 29, 2020 12:02:29 PM Util.FileLogger write
INFO: >>> createPlayerAccount >>> ipadddress >>> 93.5.4.2

Jul 29, 2020 12:02:29 PM Util.FileLogger write
INFO: >>> createPlayerAccount >>> User information stored

Jul 29, 2020 12:05:36 PM Util.FileLogger write
INFO: >>> createPlayerAccount

Jul 29, 2020 12:05:36 PM Util.FileLogger write
INFO: >>> createPlayerAccount >>> username >>> Darcie123

Jul 29, 2020 12:05:36 PM Util.FileLogger write
INFO: >>> createPlayerAccount >>> firstname >>> Darcie

Jul 29, 2020 12:05:36 PM Util.FileLogger write
INFO: >>> createPlayerAccount >>> lastname >>> Sammie

Jul 29, 2020 12:05:36 PM Util.FileLogger write
INFO: >>> createPlayerAccount >>> password >>> Darcie123

Jul 29, 2020 12:05:36 PM Util.FileLogger write
INFO: >>> createPlayerAccount >>> age >>> 15

Jul 29, 2020 12:05:36 PM Util.FileLogger write
INFO: >>> createPlayerAccount >>> ipadddress >>> 93.5.4.2

Jul 29, 2020 12:05:36 PM Util.FileLogger write
INFO: >>> createPlayerAccount >>> User information stored

Jul 29, 2020 3:46:28 PM Util.FileLogger write
INFO: >>> createPlayerAccount

Jul 29, 2020 3:46:28 PM Util.FileLogger write
INFO: >>> createPlayerAccount >>> username >>> Darcie123

Jul 29, 2020 3:46:28 PM Util.FileLogger write
INFO: >>> createPlayerAccount >>> firstname >>> Darcie

Jul 29, 2020 3:46:28 PM Util.FileLogger write
INFO: >>> createPlayerAccount >>> lastname >>> Sammie

Jul 29, 2020 3:46:28 PM Util.FileLogger write
INFO: >>> createPlayerAccount >>> password >>> Darcie123

Jul 29, 2020 3:46:28 PM Util.FileLogger write
INFO: >>> createPlayerAccount >>> age >>> 15

Jul 29, 2020 3:46:28 PM Util.FileLogger write
INFO: >>> createPlayerAccount >>> ipadddress >>> 93.5.4.2

Jul 29, 2020 3:46:28 PM Util.FileLogger write
INFO: >>> createPlayerAccount >>> User information stored

Jul 29, 2020 3:48:04 PM Util.FileLogger write
INFO: >>> createPlayerAccount

Jul 29, 2020 3:48:04 PM Util.FileLogger write
INFO: >>> createPlayerAccount >>> username >>> Darcie123

Jul 29, 2020 3:48:04 PM Util.FileLogger write
INFO: >>> createPlayerAccount >>> firstname >>> Darcie

Jul 29, 2020 3:48:04 PM Util.FileLogger write
INFO: >>> createPlayerAccount >>> lastname >>> Sammie

Jul 29, 2020 3:48:04 PM Util.FileLogger write
INFO: >>> createPlayerAccount >>> password >>> Darcie123

Jul 29, 2020 3:48:04 PM Util.FileLogger write
INFO: >>> createPlayerAccount >>> age >>> 15

Jul 29, 2020 3:48:04 PM Util.FileLogger write
INFO: >>> createPlayerAccount >>> ipadddress >>> 93.5.4.2

Jul 29, 2020 3:48:04 PM Util.FileLogger write
INFO: >>> createPlayerAccount >>> User information stored

Jul 29, 2020 3:48:30 PM Util.FileLogger write
INFO: >>> createPlayerAccount

Jul 29, 2020 3:48:30 PM Util.FileLogger write
INFO: >>> createPlayerAccount >>> username >>> Darcie123

Jul 29, 2020 3:48:30 PM Util.FileLogger write
INFO: >>> createPlayerAccount >>> firstname >>> Darcie

Jul 29, 2020 3:48:30 PM Util.FileLogger write
INFO: >>> createPlayerAccount >>> lastname >>> Sammie

Jul 29, 2020 3:48:30 PM Util.FileLogger write
INFO: >>> createPlayerAccount >>> password >>> Darcie123

Jul 29, 2020 3:48:30 PM Util.FileLogger write
INFO: >>> createPlayerAccount >>> age >>> 15

Jul 29, 2020 3:48:30 PM Util.FileLogger write
INFO: >>> createPlayerAccount >>> ipadddress >>> 93.5.4.2

Jul 29, 2020 3:48:30 PM Util.FileLogger write
INFO: >>> createPlayerAccount >>> User information stored

Jul 29, 2020 3:49:03 PM Util.FileLogger write
INFO: >>> createPlayerAccount

Jul 29, 2020 3:49:03 PM Util.FileLogger write
INFO: >>> createPlayerAccount >>> username >>> Darcie123

Jul 29, 2020 3:49:03 PM Util.FileLogger write
INFO: >>> createPlayerAccount >>> firstname >>> Darcie

Jul 29, 2020 3:49:03 PM Util.FileLogger write
INFO: >>> createPlayerAccount >>> lastname >>> Sammie

Jul 29, 2020 3:49:03 PM Util.FileLogger write
INFO: >>> createPlayerAccount >>> password >>> Darcie123

Jul 29, 2020 3:49:03 PM Util.FileLogger write
INFO: >>> createPlayerAccount >>> age >>> 15

Jul 29, 2020 3:49:03 PM Util.FileLogger write
INFO: >>> createPlayerAccount >>> ipadddress >>> 93.5.4.2

Jul 29, 2020 3:49:03 PM Util.FileLogger write
INFO: >>> createPlayerAccount >>> User information stored

Jul 29, 2020 3:50:09 PM Util.FileLogger write
INFO: >>> createPlayerAccount

Jul 29, 2020 3:50:09 PM Util.FileLogger write
INFO: >>> createPlayerAccount >>> username >>> Darcie123

Jul 29, 2020 3:50:09 PM Util.FileLogger write
INFO: >>> createPlayerAccount >>> firstname >>> Darcie

Jul 29, 2020 3:50:09 PM Util.FileLogger write
INFO: >>> createPlayerAccount >>> lastname >>> Sammie

Jul 29, 2020 3:50:09 PM Util.FileLogger write
INFO: >>> createPlayerAccount >>> password >>> Darcie123

Jul 29, 2020 3:50:09 PM Util.FileLogger write
INFO: >>> createPlayerAccount >>> age >>> 15

Jul 29, 2020 3:50:09 PM Util.FileLogger write
INFO: >>> createPlayerAccount >>> ipadddress >>> 93.5.4.2

Jul 29, 2020 3:50:09 PM Util.FileLogger write
INFO: >>> createPlayerAccount >>> User information stored

Jul 29, 2020 3:50:49 PM Util.FileLogger write
INFO: >>> createPlayerAccount

Jul 29, 2020 3:50:49 PM Util.FileLogger write
INFO: >>> createPlayerAccount >>> username >>> Darcie123

Jul 29, 2020 3:50:49 PM Util.FileLogger write
INFO: >>> createPlayerAccount >>> firstname >>> Darcie

Jul 29, 2020 3:50:49 PM Util.FileLogger write
INFO: >>> createPlayerAccount >>> lastname >>> Sammie

Jul 29, 2020 3:50:49 PM Util.FileLogger write
INFO: >>> createPlayerAccount >>> password >>> Darcie123

Jul 29, 2020 3:50:49 PM Util.FileLogger write
INFO: >>> createPlayerAccount >>> age >>> 15

Jul 29, 2020 3:50:49 PM Util.FileLogger write
INFO: >>> createPlayerAccount >>> ipadddress >>> 93.5.4.2

Jul 29, 2020 3:50:49 PM Util.FileLogger write
INFO: >>> createPlayerAccount >>> User information stored

Jul 29, 2020 3:51:21 PM Util.FileLogger write
INFO: >>> createPlayerAccount

Jul 29, 2020 3:51:21 PM Util.FileLogger write
INFO: >>> createPlayerAccount >>> username >>> Darcie123

Jul 29, 2020 3:51:21 PM Util.FileLogger write
INFO: >>> createPlayerAccount >>> firstname >>> Darcie

Jul 29, 2020 3:51:21 PM Util.FileLogger write
INFO: >>> createPlayerAccount >>> lastname >>> Sammie

Jul 29, 2020 3:51:21 PM Util.FileLogger write
INFO: >>> createPlayerAccount >>> password >>> Darcie123

Jul 29, 2020 3:51:21 PM Util.FileLogger write
INFO: >>> createPlayerAccount >>> age >>> 15

Jul 29, 2020 3:51:21 PM Util.FileLogger write
INFO: >>> createPlayerAccount >>> ipadddress >>> 93.5.4.2

Jul 29, 2020 3:51:21 PM Util.FileLogger write
INFO: >>> createPlayerAccount >>> User information stored

Jul 29, 2020 3:51:48 PM Util.FileLogger write
INFO: >>> createPlayerAccount

Jul 29, 2020 3:51:48 PM Util.FileLogger write
INFO: >>> createPlayerAccount >>> username >>> Darcie123

Jul 29, 2020 3:51:48 PM Util.FileLogger write
INFO: >>> createPlayerAccount >>> firstname >>> Darcie

Jul 29, 2020 3:51:48 PM Util.FileLogger write
INFO: >>> createPlayerAccount >>> lastname >>> Sammie

Jul 29, 2020 3:51:48 PM Util.FileLogger write
INFO: >>> createPlayerAccount >>> password >>> Darcie123

Jul 29, 2020 3:51:48 PM Util.FileLogger write
INFO: >>> createPlayerAccount >>> age >>> 15

Jul 29, 2020 3:51:48 PM Util.FileLogger write
INFO: >>> createPlayerAccount >>> ipadddress >>> 93.5.4.2

Jul 29, 2020 3:51:48 PM Util.FileLogger write
INFO: >>> createPlayerAccount >>> User information stored

Jul 29, 2020 3:52:32 PM Util.FileLogger write
INFO: >>> createPlayerAccount

Jul 29, 2020 3:52:32 PM Util.FileLogger write
INFO: >>> createPlayerAccount >>> username >>> Darcie123

Jul 29, 2020 3:52:32 PM Util.FileLogger write
INFO: >>> createPlayerAccount >>> firstname >>> Darcie

Jul 29, 2020 3:52:32 PM Util.FileLogger write
INFO: >>> createPlayerAccount >>> lastname >>> Sammie

Jul 29, 2020 3:52:32 PM Util.FileLogger write
INFO: >>> createPlayerAccount >>> password >>> Darcie123

Jul 29, 2020 3:52:32 PM Util.FileLogger write
INFO: >>> createPlayerAccount >>> age >>> 15

Jul 29, 2020 3:52:32 PM Util.FileLogger write
INFO: >>> createPlayerAccount >>> ipadddress >>> 93.5.4.2

Jul 29, 2020 3:52:32 PM Util.FileLogger write
INFO: >>> createPlayerAccount >>> User information stored

Jul 29, 2020 4:10:30 PM Util.FileLogger write
INFO: >>> createPlayerAccount

Jul 29, 2020 4:10:30 PM Util.FileLogger write
INFO: >>> createPlayerAccount >>> username >>> Darcie123

Jul 29, 2020 4:10:30 PM Util.FileLogger write
INFO: >>> createPlayerAccount >>> firstname >>> Darcie

Jul 29, 2020 4:10:30 PM Util.FileLogger write
INFO: >>> createPlayerAccount >>> lastname >>> Sammie

Jul 29, 2020 4:10:30 PM Util.FileLogger write
INFO: >>> createPlayerAccount >>> password >>> Darcie123

Jul 29, 2020 4:10:30 PM Util.FileLogger write
INFO: >>> createPlayerAccount >>> age >>> 15

Jul 29, 2020 4:10:30 PM Util.FileLogger write
INFO: >>> createPlayerAccount >>> ipadddress >>> 93.5.4.2

Jul 29, 2020 4:10:30 PM Util.FileLogger write
INFO: >>> createPlayerAccount >>> User information stored

Jul 29, 2020 4:19:53 PM Util.FileLogger write
INFO: >>> createPlayerAccount

Jul 29, 2020 4:19:53 PM Util.FileLogger write
INFO: >>> createPlayerAccount >>> username >>> Darcie123

Jul 29, 2020 4:19:53 PM Util.FileLogger write
INFO: >>> createPlayerAccount >>> firstname >>> Darcie

Jul 29, 2020 4:19:53 PM Util.FileLogger write
INFO: >>> createPlayerAccount >>> lastname >>> Sammie

Jul 29, 2020 4:19:54 PM Util.FileLogger write
INFO: >>> createPlayerAccount >>> password >>> Darcie123

Jul 29, 2020 4:19:54 PM Util.FileLogger write
INFO: >>> createPlayerAccount >>> age >>> 15

Jul 29, 2020 4:19:54 PM Util.FileLogger write
INFO: >>> createPlayerAccount >>> ipadddress >>> 93.5.4.2

Jul 29, 2020 4:19:54 PM Util.FileLogger write
INFO: >>> createPlayerAccount >>> User information stored

Jul 29, 2020 4:23:48 PM Util.FileLogger write
INFO: >>> createPlayerAccount

Jul 29, 2020 4:23:48 PM Util.FileLogger write
INFO: >>> createPlayerAccount >>> username >>> Darcie123

Jul 29, 2020 4:23:48 PM Util.FileLogger write
INFO: >>> createPlayerAccount >>> firstname >>> Darcie

Jul 29, 2020 4:23:48 PM Util.FileLogger write
INFO: >>> createPlayerAccount >>> lastname >>> Sammie

Jul 29, 2020 4:23:48 PM Util.FileLogger write
INFO: >>> createPlayerAccount >>> password >>> Darcie123

Jul 29, 2020 4:23:48 PM Util.FileLogger write
INFO: >>> createPlayerAccount >>> age >>> 15

Jul 29, 2020 4:23:48 PM Util.FileLogger write
INFO: >>> createPlayerAccount >>> ipadddress >>> 93.5.4.2

Jul 29, 2020 4:23:48 PM Util.FileLogger write
INFO: >>> createPlayerAccount >>> User information stored

Jul 29, 2020 4:24:16 PM Util.FileLogger write
INFO: >>> createPlayerAccount

Jul 29, 2020 4:24:16 PM Util.FileLogger write
INFO: >>> createPlayerAccount >>> username >>> Darcie123

Jul 29, 2020 4:24:16 PM Util.FileLogger write
INFO: >>> createPlayerAccount >>> firstname >>> Darcie

Jul 29, 2020 4:24:16 PM Util.FileLogger write
INFO: >>> createPlayerAccount >>> lastname >>> Sammie

Jul 29, 2020 4:24:16 PM Util.FileLogger write
INFO: >>> createPlayerAccount >>> password >>> Darcie123

Jul 29, 2020 4:24:16 PM Util.FileLogger write
INFO: >>> createPlayerAccount >>> age >>> 15

Jul 29, 2020 4:24:16 PM Util.FileLogger write
INFO: >>> createPlayerAccount >>> ipadddress >>> 93.5.4.2

Jul 29, 2020 4:24:16 PM Util.FileLogger write
INFO: >>> createPlayerAccount >>> User information stored

Jul 29, 2020 4:25:18 PM Util.FileLogger write
INFO: >>> createPlayerAccount

Jul 29, 2020 4:25:18 PM Util.FileLogger write
INFO: >>> createPlayerAccount >>> username >>> Darcie123

Jul 29, 2020 4:25:18 PM Util.FileLogger write
INFO: >>> createPlayerAccount >>> firstname >>> Darcie

Jul 29, 2020 4:25:18 PM Util.FileLogger write
INFO: >>> createPlayerAccount >>> lastname >>> Sammie

Jul 29, 2020 4:25:18 PM Util.FileLogger write
INFO: >>> createPlayerAccount >>> password >>> Darcie123

Jul 29, 2020 4:25:18 PM Util.FileLogger write
INFO: >>> createPlayerAccount >>> age >>> 15

Jul 29, 2020 4:25:18 PM Util.FileLogger write
INFO: >>> createPlayerAccount >>> ipadddress >>> 93.5.4.2

Jul 29, 2020 4:25:18 PM Util.FileLogger write
INFO: >>> createPlayerAccount >>> User information stored

Jul 29, 2020 4:29:25 PM Util.FileLogger write
INFO: >>> createPlayerAccount

Jul 29, 2020 4:29:25 PM Util.FileLogger write
INFO: >>> createPlayerAccount >>> username >>> Darcie123

Jul 29, 2020 4:29:25 PM Util.FileLogger write
INFO: >>> createPlayerAccount >>> firstname >>> Darcie

Jul 29, 2020 4:29:25 PM Util.FileLogger write
INFO: >>> createPlayerAccount >>> lastname >>> Sammie

Jul 29, 2020 4:29:25 PM Util.FileLogger write
INFO: >>> createPlayerAccount >>> password >>> Darcie123

Jul 29, 2020 4:29:25 PM Util.FileLogger write
INFO: >>> createPlayerAccount >>> age >>> 15

Jul 29, 2020 4:29:25 PM Util.FileLogger write
INFO: >>> createPlayerAccount >>> ipadddress >>> 93.5.4.2

Jul 29, 2020 4:29:25 PM Util.FileLogger write
INFO: >>> createPlayerAccount >>> User information stored

Jul 29, 2020 4:35:41 PM Util.FileLogger write
INFO: >>> createPlayerAccount

Jul 29, 2020 4:35:41 PM Util.FileLogger write
INFO: >>> createPlayerAccount >>> username >>> Darcie123

Jul 29, 2020 4:35:41 PM Util.FileLogger write
INFO: >>> createPlayerAccount >>> firstname >>> Darcie

Jul 29, 2020 4:35:41 PM Util.FileLogger write
INFO: >>> createPlayerAccount >>> lastname >>> Sammie

Jul 29, 2020 4:35:41 PM Util.FileLogger write
INFO: >>> createPlayerAccount >>> password >>> Darcie123

Jul 29, 2020 4:35:41 PM Util.FileLogger write
INFO: >>> createPlayerAccount >>> age >>> 15

Jul 29, 2020 4:35:41 PM Util.FileLogger write
INFO: >>> createPlayerAccount >>> ipadddress >>> 93.5.4.2

Jul 29, 2020 4:35:41 PM Util.FileLogger write
INFO: >>> createPlayerAccount >>> User information stored

Jul 29, 2020 4:36:26 PM Util.FileLogger write
INFO: >>> createPlayerAccount

Jul 29, 2020 4:36:26 PM Util.FileLogger write
INFO: >>> createPlayerAccount >>> username >>> Darcie123

Jul 29, 2020 4:36:26 PM Util.FileLogger write
INFO: >>> createPlayerAccount >>> firstname >>> Darcie

Jul 29, 2020 4:36:26 PM Util.FileLogger write
INFO: >>> createPlayerAccount >>> lastname >>> Sammie

Jul 29, 2020 4:36:26 PM Util.FileLogger write
INFO: >>> createPlayerAccount >>> password >>> Darcie123

Jul 29, 2020 4:36:26 PM Util.FileLogger write
INFO: >>> createPlayerAccount >>> age >>> 15

Jul 29, 2020 4:36:26 PM Util.FileLogger write
INFO: >>> createPlayerAccount >>> ipadddress >>> 93.5.4.2

Jul 29, 2020 4:36:26 PM Util.FileLogger write
INFO: >>> createPlayerAccount >>> User information stored

Jul 29, 2020 4:41:58 PM Util.FileLogger write
INFO: >>> createPlayerAccount

Jul 29, 2020 4:41:58 PM Util.FileLogger write
INFO: >>> createPlayerAccount >>> username >>> Darcie123

Jul 29, 2020 4:41:58 PM Util.FileLogger write
INFO: >>> createPlayerAccount >>> firstname >>> Darcie

Jul 29, 2020 4:41:58 PM Util.FileLogger write
INFO: >>> createPlayerAccount >>> lastname >>> Sammie

Jul 29, 2020 4:41:58 PM Util.FileLogger write
INFO: >>> createPlayerAccount >>> password >>> Darcie123

Jul 29, 2020 4:41:58 PM Util.FileLogger write
INFO: >>> createPlayerAccount >>> age >>> 15

Jul 29, 2020 4:41:58 PM Util.FileLogger write
INFO: >>> createPlayerAccount >>> ipadddress >>> 93.5.4.2

Jul 29, 2020 4:41:58 PM Util.FileLogger write
INFO: >>> createPlayerAccount >>> User information stored

Jul 29, 2020 4:43:32 PM Util.FileLogger write
INFO: >>> createPlayerAccount

Jul 29, 2020 4:43:32 PM Util.FileLogger write
INFO: >>> createPlayerAccount >>> username >>> Darcie123

Jul 29, 2020 4:43:32 PM Util.FileLogger write
INFO: >>> createPlayerAccount >>> firstname >>> Darcie

Jul 29, 2020 4:43:32 PM Util.FileLogger write
INFO: >>> createPlayerAccount >>> lastname >>> Sammie

Jul 29, 2020 4:43:32 PM Util.FileLogger write
INFO: >>> createPlayerAccount >>> password >>> Darcie123

Jul 29, 2020 4:43:32 PM Util.FileLogger write
INFO: >>> createPlayerAccount >>> age >>> 15

Jul 29, 2020 4:43:32 PM Util.FileLogger write
INFO: >>> createPlayerAccount >>> ipadddress >>> 93.5.4.2

Jul 29, 2020 4:43:32 PM Util.FileLogger write
INFO: >>> createPlayerAccount >>> User information stored

Jul 29, 2020 4:46:45 PM Util.FileLogger write
INFO: >>> createPlayerAccount

Jul 29, 2020 4:46:45 PM Util.FileLogger write
INFO: >>> createPlayerAccount >>> username >>> Darcie123

Jul 29, 2020 4:46:45 PM Util.FileLogger write
INFO: >>> createPlayerAccount >>> firstname >>> Darcie

Jul 29, 2020 4:46:45 PM Util.FileLogger write
INFO: >>> createPlayerAccount >>> lastname >>> Sammie

Jul 29, 2020 4:46:45 PM Util.FileLogger write
INFO: >>> createPlayerAccount >>> password >>> Darcie123

Jul 29, 2020 4:46:45 PM Util.FileLogger write
INFO: >>> createPlayerAccount >>> age >>> 15

Jul 29, 2020 4:46:45 PM Util.FileLogger write
INFO: >>> createPlayerAccount >>> ipadddress >>> 93.5.4.2

Jul 29, 2020 4:46:45 PM Util.FileLogger write
INFO: >>> createPlayerAccount >>> User information stored

Jul 29, 2020 4:47:56 PM Util.FileLogger write
INFO: >>> createPlayerAccount

Jul 29, 2020 4:47:56 PM Util.FileLogger write
INFO: >>> createPlayerAccount >>> username >>> Darcie123

Jul 29, 2020 4:47:56 PM Util.FileLogger write
INFO: >>> createPlayerAccount >>> firstname >>> Darcie

Jul 29, 2020 4:47:56 PM Util.FileLogger write
INFO: >>> createPlayerAccount >>> lastname >>> Sammie

Jul 29, 2020 4:47:56 PM Util.FileLogger write
INFO: >>> createPlayerAccount >>> password >>> Darcie123

Jul 29, 2020 4:47:56 PM Util.FileLogger write
INFO: >>> createPlayerAccount >>> age >>> 15

Jul 29, 2020 4:47:56 PM Util.FileLogger write
INFO: >>> createPlayerAccount >>> ipadddress >>> 93.5.4.2

Jul 29, 2020 4:47:56 PM Util.FileLogger write
INFO: >>> createPlayerAccount >>> User information stored

Jul 29, 2020 5:19:52 PM Util.FileLogger write
INFO: >>> createPlayerAccount

Jul 29, 2020 5:19:52 PM Util.FileLogger write
INFO: >>> createPlayerAccount >>> username >>> Darcie123

Jul 29, 2020 5:19:52 PM Util.FileLogger write
INFO: >>> createPlayerAccount >>> firstname >>> Darcie

Jul 29, 2020 5:19:52 PM Util.FileLogger write
INFO: >>> createPlayerAccount >>> lastname >>> Sammie

Jul 29, 2020 5:19:52 PM Util.FileLogger write
INFO: >>> createPlayerAccount >>> password >>> Darcie123

Jul 29, 2020 5:19:52 PM Util.FileLogger write
INFO: >>> createPlayerAccount >>> age >>> 15

Jul 29, 2020 5:19:52 PM Util.FileLogger write
INFO: >>> createPlayerAccount >>> ipadddress >>> 93.5.4.2

Jul 29, 2020 5:19:52 PM Util.FileLogger write
INFO: >>> createPlayerAccount >>> User information stored

Jul 29, 2020 5:21:42 PM Util.FileLogger write
INFO: >>> createPlayerAccount

Jul 29, 2020 5:21:42 PM Util.FileLogger write
INFO: >>> createPlayerAccount >>> username >>> Darcie123

Jul 29, 2020 5:21:42 PM Util.FileLogger write
INFO: >>> createPlayerAccount >>> firstname >>> Darcie

Jul 29, 2020 5:21:42 PM Util.FileLogger write
INFO: >>> createPlayerAccount >>> lastname >>> Sammie

Jul 29, 2020 5:21:42 PM Util.FileLogger write
INFO: >>> createPlayerAccount >>> password >>> Darcie123

Jul 29, 2020 5:21:42 PM Util.FileLogger write
INFO: >>> createPlayerAccount >>> age >>> 15

Jul 29, 2020 5:21:42 PM Util.FileLogger write
INFO: >>> createPlayerAccount >>> ipadddress >>> 93.5.4.2

Jul 29, 2020 5:21:42 PM Util.FileLogger write
INFO: >>> createPlayerAccount >>> User information stored

Jul 29, 2020 5:23:30 PM Util.FileLogger write
INFO: >>> createPlayerAccount

Jul 29, 2020 5:23:30 PM Util.FileLogger write
INFO: >>> createPlayerAccount >>> username >>> Darcie123

Jul 29, 2020 5:23:30 PM Util.FileLogger write
INFO: >>> createPlayerAccount >>> firstname >>> Darcie

Jul 29, 2020 5:23:30 PM Util.FileLogger write
INFO: >>> createPlayerAccount >>> lastname >>> Sammie

Jul 29, 2020 5:23:30 PM Util.FileLogger write
INFO: >>> createPlayerAccount >>> password >>> Darcie123

Jul 29, 2020 5:23:30 PM Util.FileLogger write
INFO: >>> createPlayerAccount >>> age >>> 15

Jul 29, 2020 5:23:30 PM Util.FileLogger write
INFO: >>> createPlayerAccount >>> ipadddress >>> 93.5.4.2

Jul 29, 2020 5:23:30 PM Util.FileLogger write
INFO: >>> createPlayerAccount >>> User information stored

Jul 29, 2020 5:28:28 PM Util.FileLogger write
INFO: >>> createPlayerAccount

Jul 29, 2020 5:28:28 PM Util.FileLogger write
INFO: >>> createPlayerAccount >>> username >>> Darcie123

Jul 29, 2020 5:28:28 PM Util.FileLogger write
INFO: >>> createPlayerAccount >>> firstname >>> Darcie

Jul 29, 2020 5:28:28 PM Util.FileLogger write
INFO: >>> createPlayerAccount >>> lastname >>> Sammie

Jul 29, 2020 5:28:28 PM Util.FileLogger write
INFO: >>> createPlayerAccount >>> password >>> Darcie123

Jul 29, 2020 5:28:28 PM Util.FileLogger write
INFO: >>> createPlayerAccount >>> age >>> 15

Jul 29, 2020 5:28:28 PM Util.FileLogger write
INFO: >>> createPlayerAccount >>> ipadddress >>> 93.5.4.2

Jul 29, 2020 5:28:28 PM Util.FileLogger write
INFO: >>> createPlayerAccount >>> User information stored

Jul 29, 2020 5:34:52 PM Util.FileLogger write
INFO: >>> createPlayerAccount

Jul 29, 2020 5:34:52 PM Util.FileLogger write
INFO: >>> createPlayerAccount >>> username >>> Darcie123

Jul 29, 2020 5:34:52 PM Util.FileLogger write
INFO: >>> createPlayerAccount >>> firstname >>> Darcie

Jul 29, 2020 5:34:52 PM Util.FileLogger write
INFO: >>> createPlayerAccount >>> lastname >>> Sammie

Jul 29, 2020 5:34:52 PM Util.FileLogger write
INFO: >>> createPlayerAccount >>> password >>> Darcie123

Jul 29, 2020 5:34:52 PM Util.FileLogger write
INFO: >>> createPlayerAccount >>> age >>> 15

Jul 29, 2020 5:34:52 PM Util.FileLogger write
INFO: >>> createPlayerAccount >>> ipadddress >>> 93.5.4.2

Jul 29, 2020 5:34:52 PM Util.FileLogger write
INFO: >>> createPlayerAccount >>> User information stored

Jul 29, 2020 5:35:45 PM Util.FileLogger write
INFO: >>> createPlayerAccount

Jul 29, 2020 5:35:45 PM Util.FileLogger write
INFO: >>> createPlayerAccount >>> username >>> Darcie123

Jul 29, 2020 5:35:45 PM Util.FileLogger write
INFO: >>> createPlayerAccount >>> firstname >>> Darcie

Jul 29, 2020 5:35:45 PM Util.FileLogger write
INFO: >>> createPlayerAccount >>> lastname >>> Sammie

Jul 29, 2020 5:35:45 PM Util.FileLogger write
INFO: >>> createPlayerAccount >>> password >>> Darcie123

Jul 29, 2020 5:35:45 PM Util.FileLogger write
INFO: >>> createPlayerAccount >>> age >>> 15

Jul 29, 2020 5:35:45 PM Util.FileLogger write
INFO: >>> createPlayerAccount >>> ipadddress >>> 93.5.4.2

Jul 29, 2020 5:35:45 PM Util.FileLogger write
INFO: >>> createPlayerAccount >>> User information stored

Jul 29, 2020 5:37:58 PM Util.FileLogger write
INFO: >>> createPlayerAccount

Jul 29, 2020 5:37:58 PM Util.FileLogger write
INFO: >>> createPlayerAccount >>> username >>> Darcie123

Jul 29, 2020 5:37:58 PM Util.FileLogger write
INFO: >>> createPlayerAccount >>> firstname >>> Darcie

Jul 29, 2020 5:37:58 PM Util.FileLogger write
INFO: >>> createPlayerAccount >>> lastname >>> Sammie

Jul 29, 2020 5:37:58 PM Util.FileLogger write
INFO: >>> createPlayerAccount >>> password >>> Darcie123

Jul 29, 2020 5:37:58 PM Util.FileLogger write
INFO: >>> createPlayerAccount >>> age >>> 15

Jul 29, 2020 5:37:58 PM Util.FileLogger write
INFO: >>> createPlayerAccount >>> ipadddress >>> 93.5.4.2

Jul 29, 2020 5:37:58 PM Util.FileLogger write
INFO: >>> createPlayerAccount >>> User information stored

Jul 29, 2020 5:40:33 PM Util.FileLogger write
INFO: >>> createPlayerAccount

Jul 29, 2020 5:40:33 PM Util.FileLogger write
INFO: >>> createPlayerAccount >>> username >>> Darcie123

Jul 29, 2020 5:40:33 PM Util.FileLogger write
INFO: >>> createPlayerAccount >>> firstname >>> Darcie

Jul 29, 2020 5:40:33 PM Util.FileLogger write
INFO: >>> createPlayerAccount >>> lastname >>> Sammie

Jul 29, 2020 5:40:33 PM Util.FileLogger write
INFO: >>> createPlayerAccount >>> password >>> Darcie123

Jul 29, 2020 5:40:33 PM Util.FileLogger write
INFO: >>> createPlayerAccount >>> age >>> 15

Jul 29, 2020 5:40:33 PM Util.FileLogger write
INFO: >>> createPlayerAccount >>> ipadddress >>> 93.5.4.2

Jul 29, 2020 5:40:33 PM Util.FileLogger write
INFO: >>> createPlayerAccount >>> User information stored

Jul 29, 2020 5:43:21 PM Util.FileLogger write
INFO: >>> createPlayerAccount

Jul 29, 2020 5:43:21 PM Util.FileLogger write
INFO: >>> createPlayerAccount >>> username >>> Darcie123

Jul 29, 2020 5:43:21 PM Util.FileLogger write
INFO: >>> createPlayerAccount >>> firstname >>> Darcie

Jul 29, 2020 5:43:21 PM Util.FileLogger write
INFO: >>> createPlayerAccount >>> lastname >>> Sammie

Jul 29, 2020 5:43:21 PM Util.FileLogger write
INFO: >>> createPlayerAccount >>> password >>> Darcie123

Jul 29, 2020 5:43:21 PM Util.FileLogger write
INFO: >>> createPlayerAccount >>> age >>> 15

Jul 29, 2020 5:43:21 PM Util.FileLogger write
INFO: >>> createPlayerAccount >>> ipadddress >>> 93.5.4.2

Jul 29, 2020 5:43:21 PM Util.FileLogger write
INFO: >>> createPlayerAccount >>> User information stored

Jul 29, 2020 5:47:55 PM Util.FileLogger write
INFO: >>> createPlayerAccount

Jul 29, 2020 5:47:55 PM Util.FileLogger write
INFO: >>> createPlayerAccount >>> username >>> Darcie123

Jul 29, 2020 5:47:55 PM Util.FileLogger write
INFO: >>> createPlayerAccount >>> firstname >>> Darcie

Jul 29, 2020 5:47:55 PM Util.FileLogger write
INFO: >>> createPlayerAccount >>> lastname >>> Sammie

Jul 29, 2020 5:47:55 PM Util.FileLogger write
INFO: >>> createPlayerAccount >>> password >>> Darcie123

Jul 29, 2020 5:47:55 PM Util.FileLogger write
INFO: >>> createPlayerAccount >>> age >>> 15

Jul 29, 2020 5:47:55 PM Util.FileLogger write
INFO: >>> createPlayerAccount >>> ipadddress >>> 93.5.4.2

Jul 29, 2020 5:47:55 PM Util.FileLogger write
INFO: >>> createPlayerAccount >>> User information stored

Jul 29, 2020 6:10:47 PM Util.FileLogger write
INFO: >>> createPlayerAccount

Jul 29, 2020 6:10:47 PM Util.FileLogger write
INFO: >>> createPlayerAccount >>> username >>> Darcie123

Jul 29, 2020 6:10:47 PM Util.FileLogger write
INFO: >>> createPlayerAccount >>> firstname >>> Darcie

Jul 29, 2020 6:10:47 PM Util.FileLogger write
INFO: >>> createPlayerAccount >>> lastname >>> Sammie

Jul 29, 2020 6:10:47 PM Util.FileLogger write
INFO: >>> createPlayerAccount >>> password >>> Darcie123

Jul 29, 2020 6:10:47 PM Util.FileLogger write
INFO: >>> createPlayerAccount >>> age >>> 15

Jul 29, 2020 6:10:47 PM Util.FileLogger write
INFO: >>> createPlayerAccount >>> ipadddress >>> 93.5.4.2

Jul 29, 2020 6:10:47 PM Util.FileLogger write
INFO: >>> createPlayerAccount >>> User information stored

Jul 29, 2020 6:13:24 PM Util.FileLogger write
INFO: >>> createPlayerAccount

Jul 29, 2020 6:13:24 PM Util.FileLogger write
INFO: >>> createPlayerAccount >>> username >>> Darcie123

Jul 29, 2020 6:13:24 PM Util.FileLogger write
INFO: >>> createPlayerAccount >>> firstname >>> Darcie

Jul 29, 2020 6:13:24 PM Util.FileLogger write
INFO: >>> createPlayerAccount >>> lastname >>> Sammie

Jul 29, 2020 6:13:24 PM Util.FileLogger write
INFO: >>> createPlayerAccount >>> password >>> Darcie123

Jul 29, 2020 6:13:24 PM Util.FileLogger write
INFO: >>> createPlayerAccount >>> age >>> 15

Jul 29, 2020 6:13:24 PM Util.FileLogger write
INFO: >>> createPlayerAccount >>> ipadddress >>> 93.5.4.2

Jul 29, 2020 6:13:24 PM Util.FileLogger write
INFO: >>> createPlayerAccount >>> User information stored

Jul 29, 2020 6:16:06 PM Util.FileLogger write
INFO: >>> createPlayerAccount

Jul 29, 2020 6:16:06 PM Util.FileLogger write
INFO: >>> createPlayerAccount >>> username >>> Darcie123

Jul 29, 2020 6:16:06 PM Util.FileLogger write
INFO: >>> createPlayerAccount >>> firstname >>> Darcie

Jul 29, 2020 6:16:06 PM Util.FileLogger write
INFO: >>> createPlayerAccount >>> lastname >>> Sammie

Jul 29, 2020 6:16:06 PM Util.FileLogger write
INFO: >>> createPlayerAccount >>> password >>> Darcie123

Jul 29, 2020 6:16:06 PM Util.FileLogger write
INFO: >>> createPlayerAccount >>> age >>> 15

Jul 29, 2020 6:16:06 PM Util.FileLogger write
INFO: >>> createPlayerAccount >>> ipadddress >>> 93.5.4.2

Jul 29, 2020 6:16:06 PM Util.FileLogger write
INFO: >>> createPlayerAccount >>> User information stored

Jul 29, 2020 6:19:16 PM Util.FileLogger write
INFO: >>> createPlayerAccount

Jul 29, 2020 6:19:16 PM Util.FileLogger write
INFO: >>> createPlayerAccount >>> username >>> Darcie123

Jul 29, 2020 6:19:16 PM Util.FileLogger write
INFO: >>> createPlayerAccount >>> firstname >>> Darcie

Jul 29, 2020 6:19:16 PM Util.FileLogger write
INFO: >>> createPlayerAccount >>> lastname >>> Sammie

Jul 29, 2020 6:19:16 PM Util.FileLogger write
INFO: >>> createPlayerAccount >>> password >>> Darcie123

Jul 29, 2020 6:19:16 PM Util.FileLogger write
INFO: >>> createPlayerAccount >>> age >>> 15

Jul 29, 2020 6:19:16 PM Util.FileLogger write
INFO: >>> createPlayerAccount >>> ipadddress >>> 93.5.4.2

Jul 29, 2020 6:19:16 PM Util.FileLogger write
INFO: >>> createPlayerAccount >>> User information stored

Jul 29, 2020 6:21:07 PM Util.FileLogger write
INFO: >>> createPlayerAccount

Jul 29, 2020 6:21:07 PM Util.FileLogger write
INFO: >>> createPlayerAccount >>> username >>> Darcie123

Jul 29, 2020 6:21:07 PM Util.FileLogger write
INFO: >>> createPlayerAccount >>> firstname >>> Darcie

Jul 29, 2020 6:21:07 PM Util.FileLogger write
INFO: >>> createPlayerAccount >>> lastname >>> Sammie

Jul 29, 2020 6:21:07 PM Util.FileLogger write
INFO: >>> createPlayerAccount >>> password >>> Darcie123

Jul 29, 2020 6:21:07 PM Util.FileLogger write
INFO: >>> createPlayerAccount >>> age >>> 15

Jul 29, 2020 6:21:07 PM Util.FileLogger write
INFO: >>> createPlayerAccount >>> ipadddress >>> 93.5.4.2

Jul 29, 2020 6:21:07 PM Util.FileLogger write
INFO: >>> createPlayerAccount >>> User information stored

Jul 29, 2020 6:21:59 PM Util.FileLogger write
INFO: >>> createPlayerAccount

Jul 29, 2020 6:21:59 PM Util.FileLogger write
INFO: >>> createPlayerAccount >>> username >>> Darcie123

Jul 29, 2020 6:21:59 PM Util.FileLogger write
INFO: >>> createPlayerAccount >>> firstname >>> Darcie

Jul 29, 2020 6:21:59 PM Util.FileLogger write
INFO: >>> createPlayerAccount >>> lastname >>> Sammie

Jul 29, 2020 6:21:59 PM Util.FileLogger write
INFO: >>> createPlayerAccount >>> password >>> Darcie123

Jul 29, 2020 6:21:59 PM Util.FileLogger write
INFO: >>> createPlayerAccount >>> age >>> 15

Jul 29, 2020 6:21:59 PM Util.FileLogger write
INFO: >>> createPlayerAccount >>> ipadddress >>> 93.5.4.2

Jul 29, 2020 6:21:59 PM Util.FileLogger write
INFO: >>> createPlayerAccount >>> User information stored

Jul 29, 2020 6:22:35 PM Util.FileLogger write
INFO: >>> createPlayerAccount

Jul 29, 2020 6:22:35 PM Util.FileLogger write
INFO: >>> createPlayerAccount >>> username >>> Darcie123

Jul 29, 2020 6:22:35 PM Util.FileLogger write
INFO: >>> createPlayerAccount >>> firstname >>> Darcie

Jul 29, 2020 6:22:35 PM Util.FileLogger write
INFO: >>> createPlayerAccount >>> lastname >>> Sammie

Jul 29, 2020 6:22:35 PM Util.FileLogger write
INFO: >>> createPlayerAccount >>> password >>> Darcie123

Jul 29, 2020 6:22:35 PM Util.FileLogger write
INFO: >>> createPlayerAccount >>> age >>> 15

Jul 29, 2020 6:22:35 PM Util.FileLogger write
INFO: >>> createPlayerAccount >>> ipadddress >>> 93.5.4.2

Jul 29, 2020 6:22:35 PM Util.FileLogger write
INFO: >>> createPlayerAccount >>> User information stored

Jul 29, 2020 6:25:54 PM Util.FileLogger write
INFO: >>> createPlayerAccount

Jul 29, 2020 6:25:54 PM Util.FileLogger write
INFO: >>> createPlayerAccount >>> username >>> Darcie123

Jul 29, 2020 6:25:54 PM Util.FileLogger write
INFO: >>> createPlayerAccount >>> firstname >>> Darcie

Jul 29, 2020 6:25:54 PM Util.FileLogger write
INFO: >>> createPlayerAccount >>> lastname >>> Sammie

Jul 29, 2020 6:25:54 PM Util.FileLogger write
INFO: >>> createPlayerAccount >>> password >>> Darcie123

Jul 29, 2020 6:25:54 PM Util.FileLogger write
INFO: >>> createPlayerAccount >>> age >>> 15

Jul 29, 2020 6:25:54 PM Util.FileLogger write
INFO: >>> createPlayerAccount >>> ipadddress >>> 93.5.4.2

Jul 29, 2020 6:25:54 PM Util.FileLogger write
INFO: >>> createPlayerAccount >>> User information stored

Jul 29, 2020 6:27:17 PM Util.FileLogger write
INFO: >>> createPlayerAccount

Jul 29, 2020 6:27:17 PM Util.FileLogger write
INFO: >>> createPlayerAccount >>> username >>> Darcie123

Jul 29, 2020 6:27:17 PM Util.FileLogger write
INFO: >>> createPlayerAccount >>> firstname >>> Darcie

Jul 29, 2020 6:27:17 PM Util.FileLogger write
INFO: >>> createPlayerAccount >>> lastname >>> Sammie

Jul 29, 2020 6:27:17 PM Util.FileLogger write
INFO: >>> createPlayerAccount >>> password >>> Darcie123

Jul 29, 2020 6:27:17 PM Util.FileLogger write
INFO: >>> createPlayerAccount >>> age >>> 15

Jul 29, 2020 6:27:17 PM Util.FileLogger write
INFO: >>> createPlayerAccount >>> ipadddress >>> 93.5.4.2

Jul 29, 2020 6:27:17 PM Util.FileLogger write
INFO: >>> createPlayerAccount >>> User information stored

Jul 29, 2020 6:29:50 PM Util.FileLogger write
INFO: >>> createPlayerAccount

Jul 29, 2020 6:29:50 PM Util.FileLogger write
INFO: >>> createPlayerAccount >>> username >>> Darcie123

Jul 29, 2020 6:29:50 PM Util.FileLogger write
INFO: >>> createPlayerAccount >>> firstname >>> Darcie

Jul 29, 2020 6:29:50 PM Util.FileLogger write
INFO: >>> createPlayerAccount >>> lastname >>> Sammie

Jul 29, 2020 6:29:50 PM Util.FileLogger write
INFO: >>> createPlayerAccount >>> password >>> Darcie123

Jul 29, 2020 6:29:50 PM Util.FileLogger write
INFO: >>> createPlayerAccount >>> age >>> 15

Jul 29, 2020 6:29:50 PM Util.FileLogger write
INFO: >>> createPlayerAccount >>> ipadddress >>> 93.5.4.2

Jul 29, 2020 6:29:50 PM Util.FileLogger write
INFO: >>> createPlayerAccount >>> User information stored

Jul 29, 2020 6:32:51 PM Util.FileLogger write
INFO: >>> createPlayerAccount

Jul 29, 2020 6:32:51 PM Util.FileLogger write
INFO: >>> createPlayerAccount >>> username >>> Darcie123

Jul 29, 2020 6:32:51 PM Util.FileLogger write
INFO: >>> createPlayerAccount >>> firstname >>> Darcie

Jul 29, 2020 6:32:51 PM Util.FileLogger write
INFO: >>> createPlayerAccount >>> lastname >>> Sammie

Jul 29, 2020 6:32:51 PM Util.FileLogger write
INFO: >>> createPlayerAccount >>> password >>> Darcie123

Jul 29, 2020 6:32:51 PM Util.FileLogger write
INFO: >>> createPlayerAccount >>> age >>> 15

Jul 29, 2020 6:32:51 PM Util.FileLogger write
INFO: >>> createPlayerAccount >>> ipadddress >>> 93.5.4.2

Jul 29, 2020 6:32:51 PM Util.FileLogger write
INFO: >>> createPlayerAccount >>> User information stored

Jul 29, 2020 6:32:58 PM Util.FileLogger write
INFO: >>> createPlayerAccount

Jul 29, 2020 6:32:58 PM Util.FileLogger write
INFO: >>> createPlayerAccount >>> username >>> Darcie123

Jul 29, 2020 6:32:58 PM Util.FileLogger write
INFO: >>> createPlayerAccount >>> firstname >>> Darcie

Jul 29, 2020 6:32:58 PM Util.FileLogger write
INFO: >>> createPlayerAccount >>> lastname >>> Sammie

Jul 29, 2020 6:32:58 PM Util.FileLogger write
INFO: >>> createPlayerAccount >>> password >>> Darcie123

Jul 29, 2020 6:32:58 PM Util.FileLogger write
INFO: >>> createPlayerAccount >>> age >>> 15

Jul 29, 2020 6:32:58 PM Util.FileLogger write
INFO: >>> createPlayerAccount >>> ipadddress >>> 93.5.4.2

Jul 29, 2020 6:32:58 PM Util.FileLogger write
INFO: >>> createPlayerAccount >>> User information stored

Jul 29, 2020 6:35:30 PM Util.FileLogger write
INFO: >>> createPlayerAccount

Jul 29, 2020 6:35:30 PM Util.FileLogger write
INFO: >>> createPlayerAccount >>> username >>> Darcie123

Jul 29, 2020 6:35:30 PM Util.FileLogger write
INFO: >>> createPlayerAccount >>> firstname >>> Darcie

Jul 29, 2020 6:35:30 PM Util.FileLogger write
INFO: >>> createPlayerAccount >>> lastname >>> Sammie

Jul 29, 2020 6:35:30 PM Util.FileLogger write
INFO: >>> createPlayerAccount >>> password >>> Darcie123

Jul 29, 2020 6:35:30 PM Util.FileLogger write
INFO: >>> createPlayerAccount >>> age >>> 15

Jul 29, 2020 6:35:30 PM Util.FileLogger write
INFO: >>> createPlayerAccount >>> ipadddress >>> 93.5.4.2

Jul 29, 2020 6:35:30 PM Util.FileLogger write
INFO: >>> createPlayerAccount >>> User information stored

Jul 29, 2020 6:37:04 PM Util.FileLogger write
INFO: >>> createPlayerAccount

Jul 29, 2020 6:37:04 PM Util.FileLogger write
INFO: >>> createPlayerAccount >>> username >>> Darcie123

Jul 29, 2020 6:37:04 PM Util.FileLogger write
INFO: >>> createPlayerAccount >>> firstname >>> Darcie

Jul 29, 2020 6:37:04 PM Util.FileLogger write
INFO: >>> createPlayerAccount >>> lastname >>> Sammie

Jul 29, 2020 6:37:04 PM Util.FileLogger write
INFO: >>> createPlayerAccount >>> password >>> Darcie123

Jul 29, 2020 6:37:04 PM Util.FileLogger write
INFO: >>> createPlayerAccount >>> age >>> 15

Jul 29, 2020 6:37:04 PM Util.FileLogger write
INFO: >>> createPlayerAccount >>> ipadddress >>> 93.5.4.2

Jul 29, 2020 6:37:04 PM Util.FileLogger write
INFO: >>> createPlayerAccount >>> User information stored

Jul 29, 2020 6:49:28 PM Util.FileLogger write
INFO: >>> createPlayerAccount

Jul 29, 2020 6:49:28 PM Util.FileLogger write
INFO: >>> createPlayerAccount >>> username >>> Darcie123

Jul 29, 2020 6:49:28 PM Util.FileLogger write
INFO: >>> createPlayerAccount >>> firstname >>> Darcie

Jul 29, 2020 6:49:28 PM Util.FileLogger write
INFO: >>> createPlayerAccount >>> lastname >>> Sammie

Jul 29, 2020 6:49:28 PM Util.FileLogger write
INFO: >>> createPlayerAccount >>> password >>> Darcie123

Jul 29, 2020 6:49:28 PM Util.FileLogger write
INFO: >>> createPlayerAccount >>> age >>> 15

Jul 29, 2020 6:49:28 PM Util.FileLogger write
INFO: >>> createPlayerAccount >>> ipadddress >>> 93.5.4.2

Jul 29, 2020 6:49:28 PM Util.FileLogger write
INFO: >>> createPlayerAccount >>> User information stored

Jul 29, 2020 6:52:05 PM Util.FileLogger write
INFO: >>> createPlayerAccount

Jul 29, 2020 6:52:05 PM Util.FileLogger write
INFO: >>> createPlayerAccount >>> username >>> Darcie123

Jul 29, 2020 6:52:05 PM Util.FileLogger write
INFO: >>> createPlayerAccount >>> firstname >>> Darcie

Jul 29, 2020 6:52:05 PM Util.FileLogger write
INFO: >>> createPlayerAccount >>> lastname >>> Sammie

Jul 29, 2020 6:52:05 PM Util.FileLogger write
INFO: >>> createPlayerAccount >>> password >>> Darcie123

Jul 29, 2020 6:52:05 PM Util.FileLogger write
INFO: >>> createPlayerAccount >>> age >>> 15

Jul 29, 2020 6:52:05 PM Util.FileLogger write
INFO: >>> createPlayerAccount >>> ipadddress >>> 93.5.4.2

Jul 29, 2020 6:52:05 PM Util.FileLogger write
INFO: >>> createPlayerAccount >>> User information stored

Jul 29, 2020 6:54:40 PM Util.FileLogger write
INFO: >>> createPlayerAccount

Jul 29, 2020 6:54:40 PM Util.FileLogger write
INFO: >>> createPlayerAccount >>> username >>> Darcie123

Jul 29, 2020 6:54:40 PM Util.FileLogger write
INFO: >>> createPlayerAccount >>> firstname >>> Darcie

Jul 29, 2020 6:54:40 PM Util.FileLogger write
INFO: >>> createPlayerAccount >>> lastname >>> Sammie

Jul 29, 2020 6:54:40 PM Util.FileLogger write
INFO: >>> createPlayerAccount >>> password >>> Darcie123

Jul 29, 2020 6:54:40 PM Util.FileLogger write
INFO: >>> createPlayerAccount >>> age >>> 15

Jul 29, 2020 6:54:40 PM Util.FileLogger write
INFO: >>> createPlayerAccount >>> ipadddress >>> 93.5.4.2

Jul 29, 2020 6:54:40 PM Util.FileLogger write
INFO: >>> createPlayerAccount >>> User information stored

Jul 29, 2020 7:05:10 PM Util.FileLogger write
INFO: >>> createPlayerAccount

Jul 29, 2020 7:05:10 PM Util.FileLogger write
INFO: >>> createPlayerAccount >>> username >>> Darcie123

Jul 29, 2020 7:05:10 PM Util.FileLogger write
INFO: >>> createPlayerAccount >>> firstname >>> Darcie

Jul 29, 2020 7:05:10 PM Util.FileLogger write
INFO: >>> createPlayerAccount >>> lastname >>> Sammie

Jul 29, 2020 7:05:10 PM Util.FileLogger write
INFO: >>> createPlayerAccount >>> password >>> Darcie123

Jul 29, 2020 7:05:10 PM Util.FileLogger write
INFO: >>> createPlayerAccount >>> age >>> 15

Jul 29, 2020 7:05:10 PM Util.FileLogger write
INFO: >>> createPlayerAccount >>> ipadddress >>> 93.5.4.2

Jul 29, 2020 7:05:10 PM Util.FileLogger write
INFO: >>> createPlayerAccount >>> User information stored

Jul 29, 2020 7:15:11 PM Util.FileLogger write
INFO: >>> createPlayerAccount

Jul 29, 2020 7:15:11 PM Util.FileLogger write
INFO: >>> createPlayerAccount >>> username >>> Darcie123

Jul 29, 2020 7:15:11 PM Util.FileLogger write
INFO: >>> createPlayerAccount >>> firstname >>> Darcie

Jul 29, 2020 7:15:11 PM Util.FileLogger write
INFO: >>> createPlayerAccount >>> lastname >>> Sammie

Jul 29, 2020 7:15:11 PM Util.FileLogger write
INFO: >>> createPlayerAccount >>> password >>> Darcie123

Jul 29, 2020 7:15:11 PM Util.FileLogger write
INFO: >>> createPlayerAccount >>> age >>> 15

Jul 29, 2020 7:15:11 PM Util.FileLogger write
INFO: >>> createPlayerAccount >>> ipadddress >>> 93.5.4.2

Jul 29, 2020 7:15:11 PM Util.FileLogger write
INFO: >>> createPlayerAccount >>> User information stored

Aug 01, 2020 12:37:42 AM Util.FileLogger write
INFO: >>> createPlayerAccount

Aug 01, 2020 12:37:42 AM Util.FileLogger write
INFO: >>> createPlayerAccount >>> username >>> Darcie123

Aug 01, 2020 12:37:42 AM Util.FileLogger write
INFO: >>> createPlayerAccount >>> firstname >>> Darcie

Aug 01, 2020 12:37:42 AM Util.FileLogger write
INFO: >>> createPlayerAccount >>> lastname >>> Sammie

Aug 01, 2020 12:37:42 AM Util.FileLogger write
INFO: >>> createPlayerAccount >>> password >>> Darcie123

Aug 01, 2020 12:37:42 AM Util.FileLogger write
INFO: >>> createPlayerAccount >>> age >>> 15

Aug 01, 2020 12:37:42 AM Util.FileLogger write
INFO: >>> createPlayerAccount >>> ipadddress >>> 93.5.4.2

Aug 01, 2020 12:37:42 AM Util.FileLogger write
INFO: >>> createPlayerAccount >>> User information stored

Aug 01, 2020 2:59:36 AM Util.FileLogger write
INFO: >>> createPlayerAccount

Aug 01, 2020 2:59:36 AM Util.FileLogger write
INFO: >>> createPlayerAccount >>> username >>> Darcie123

Aug 01, 2020 2:59:36 AM Util.FileLogger write
INFO: >>> createPlayerAccount >>> firstname >>> Darcie

Aug 01, 2020 2:59:36 AM Util.FileLogger write
INFO: >>> createPlayerAccount >>> lastname >>> Sammie

Aug 01, 2020 2:59:36 AM Util.FileLogger write
INFO: >>> createPlayerAccount >>> password >>> Darcie123

Aug 01, 2020 2:59:36 AM Util.FileLogger write
INFO: >>> createPlayerAccount >>> age >>> 15

Aug 01, 2020 2:59:36 AM Util.FileLogger write
INFO: >>> createPlayerAccount >>> ipadddress >>> 93.5.4.2

Aug 01, 2020 2:59:36 AM Util.FileLogger write
INFO: >>> createPlayerAccount >>> User information stored

Aug 01, 2020 3:01:15 AM Util.FileLogger write
INFO: >>> createPlayerAccount

Aug 01, 2020 3:01:15 AM Util.FileLogger write
INFO: >>> createPlayerAccount >>> username >>> Darcie123

Aug 01, 2020 3:01:15 AM Util.FileLogger write
INFO: >>> createPlayerAccount >>> firstname >>> Darcie

Aug 01, 2020 3:01:15 AM Util.FileLogger write
INFO: >>> createPlayerAccount >>> lastname >>> Sammie

Aug 01, 2020 3:01:15 AM Util.FileLogger write
INFO: >>> createPlayerAccount >>> password >>> Darcie123

Aug 01, 2020 3:01:15 AM Util.FileLogger write
INFO: >>> createPlayerAccount >>> age >>> 15

Aug 01, 2020 3:01:15 AM Util.FileLogger write
INFO: >>> createPlayerAccount >>> ipadddress >>> 93.5.4.2

Aug 01, 2020 3:01:15 AM Util.FileLogger write
INFO: >>> createPlayerAccount >>> User information stored

Aug 01, 2020 4:42:23 AM Util.FileLogger write
INFO: >>> createPlayerAccount

Aug 01, 2020 4:42:23 AM Util.FileLogger write
INFO: >>> createPlayerAccount >>> username >>> Darcie123

Aug 01, 2020 4:42:23 AM Util.FileLogger write
INFO: >>> createPlayerAccount >>> firstname >>> Darcie

Aug 01, 2020 4:42:23 AM Util.FileLogger write
INFO: >>> createPlayerAccount >>> lastname >>> Sammie

Aug 01, 2020 4:42:23 AM Util.FileLogger write
INFO: >>> createPlayerAccount >>> password >>> Darcie123

Aug 01, 2020 4:42:23 AM Util.FileLogger write
INFO: >>> createPlayerAccount >>> age >>> 15

Aug 01, 2020 4:42:23 AM Util.FileLogger write
INFO: >>> createPlayerAccount >>> ipadddress >>> 93.5.4.2

Aug 01, 2020 4:42:23 AM Util.FileLogger write
INFO: >>> createPlayerAccount >>> User information stored

Aug 01, 2020 4:45:40 AM Util.FileLogger write
INFO: >>> createPlayerAccount

Aug 01, 2020 4:45:40 AM Util.FileLogger write
INFO: >>> createPlayerAccount >>> username >>> Darcie123

Aug 01, 2020 4:45:40 AM Util.FileLogger write
INFO: >>> createPlayerAccount >>> firstname >>> Darcie

Aug 01, 2020 4:45:40 AM Util.FileLogger write
INFO: >>> createPlayerAccount >>> lastname >>> Sammie

Aug 01, 2020 4:45:40 AM Util.FileLogger write
INFO: >>> createPlayerAccount >>> password >>> Darcie123

Aug 01, 2020 4:45:40 AM Util.FileLogger write
INFO: >>> createPlayerAccount >>> age >>> 15

Aug 01, 2020 4:45:40 AM Util.FileLogger write
INFO: >>> createPlayerAccount >>> ipadddress >>> 93.5.4.2

Aug 01, 2020 4:45:40 AM Util.FileLogger write
INFO: >>> createPlayerAccount >>> User information stored

Aug 01, 2020 4:55:08 AM Util.FileLogger write
INFO: >>> createPlayerAccount

Aug 01, 2020 4:55:08 AM Util.FileLogger write
INFO: >>> createPlayerAccount >>> username >>> Darcie123

Aug 01, 2020 4:55:08 AM Util.FileLogger write
INFO: >>> createPlayerAccount >>> firstname >>> Darcie

Aug 01, 2020 4:55:08 AM Util.FileLogger write
INFO: >>> createPlayerAccount >>> lastname >>> Sammie

Aug 01, 2020 4:55:08 AM Util.FileLogger write
INFO: >>> createPlayerAccount >>> password >>> Darcie123

Aug 01, 2020 4:55:08 AM Util.FileLogger write
INFO: >>> createPlayerAccount >>> age >>> 15

Aug 01, 2020 4:55:08 AM Util.FileLogger write
INFO: >>> createPlayerAccount >>> ipadddress >>> 93.5.4.2

Aug 01, 2020 4:55:08 AM Util.FileLogger write
INFO: >>> createPlayerAccount >>> User information stored

Aug 01, 2020 5:03:06 AM Util.FileLogger write
INFO: >>> createPlayerAccount

Aug 01, 2020 5:03:06 AM Util.FileLogger write
INFO: >>> createPlayerAccount >>> username >>> Darcie123

Aug 01, 2020 5:03:06 AM Util.FileLogger write
INFO: >>> createPlayerAccount >>> firstname >>> Darcie

Aug 01, 2020 5:03:06 AM Util.FileLogger write
INFO: >>> createPlayerAccount >>> lastname >>> Sammie

Aug 01, 2020 5:03:06 AM Util.FileLogger write
INFO: >>> createPlayerAccount >>> password >>> Darcie123

Aug 01, 2020 5:03:06 AM Util.FileLogger write
INFO: >>> createPlayerAccount >>> age >>> 15

Aug 01, 2020 5:03:06 AM Util.FileLogger write
INFO: >>> createPlayerAccount >>> ipadddress >>> 93.5.4.2

Aug 01, 2020 5:03:06 AM Util.FileLogger write
INFO: >>> createPlayerAccount >>> User information stored

Aug 01, 2020 5:07:09 AM Util.FileLogger write
INFO: >>> createPlayerAccount

Aug 01, 2020 5:07:09 AM Util.FileLogger write
INFO: >>> createPlayerAccount >>> username >>> Darcie123

Aug 01, 2020 5:07:09 AM Util.FileLogger write
INFO: >>> createPlayerAccount >>> firstname >>> Darcie

Aug 01, 2020 5:07:09 AM Util.FileLogger write
INFO: >>> createPlayerAccount >>> lastname >>> Sammie

Aug 01, 2020 5:07:09 AM Util.FileLogger write
INFO: >>> createPlayerAccount >>> password >>> Darcie123

Aug 01, 2020 5:07:09 AM Util.FileLogger write
INFO: >>> createPlayerAccount >>> age >>> 15

Aug 01, 2020 5:07:09 AM Util.FileLogger write
INFO: >>> createPlayerAccount >>> ipadddress >>> 93.5.4.2

Aug 01, 2020 5:07:09 AM Util.FileLogger write
INFO: >>> createPlayerAccount >>> User information stored

Aug 01, 2020 5:08:44 AM Util.FileLogger write
INFO: >>> createPlayerAccount

Aug 01, 2020 5:08:44 AM Util.FileLogger write
INFO: >>> createPlayerAccount >>> username >>> Darcie123

Aug 01, 2020 5:08:44 AM Util.FileLogger write
INFO: >>> createPlayerAccount >>> firstname >>> Darcie

Aug 01, 2020 5:08:44 AM Util.FileLogger write
INFO: >>> createPlayerAccount >>> lastname >>> Sammie

Aug 01, 2020 5:08:44 AM Util.FileLogger write
INFO: >>> createPlayerAccount >>> password >>> Darcie123

Aug 01, 2020 5:08:44 AM Util.FileLogger write
INFO: >>> createPlayerAccount >>> age >>> 15

Aug 01, 2020 5:08:44 AM Util.FileLogger write
INFO: >>> createPlayerAccount >>> ipadddress >>> 93.5.4.2

Aug 01, 2020 5:08:44 AM Util.FileLogger write
INFO: >>> createPlayerAccount >>> User information stored

Aug 01, 2020 5:12:44 AM Util.FileLogger write
INFO: >>> createPlayerAccount

Aug 01, 2020 5:12:44 AM Util.FileLogger write
INFO: >>> createPlayerAccount >>> username >>> Darcie123

Aug 01, 2020 5:12:44 AM Util.FileLogger write
INFO: >>> createPlayerAccount >>> firstname >>> Darcie

Aug 01, 2020 5:12:44 AM Util.FileLogger write
INFO: >>> createPlayerAccount >>> lastname >>> Sammie

Aug 01, 2020 5:12:44 AM Util.FileLogger write
INFO: >>> createPlayerAccount >>> password >>> Darcie123

Aug 01, 2020 5:12:44 AM Util.FileLogger write
INFO: >>> createPlayerAccount >>> age >>> 15

Aug 01, 2020 5:12:44 AM Util.FileLogger write
INFO: >>> createPlayerAccount >>> ipadddress >>> 93.5.4.2

Aug 01, 2020 5:12:44 AM Util.FileLogger write
INFO: >>> createPlayerAccount >>> User information stored

