Jun 12, 2020 12:03:05 AM Logger.FileLogger write
INFO: >>> createPlayerAccount

Jun 12, 2020 12:03:05 AM Logger.FileLogger write
INFO: >>> createPlayerAccount >>> username >>> ksammie45

Jun 12, 2020 12:03:05 AM Logger.FileLogger write
INFO: >>> createPlayerAccount >>> firstname >>> Darcie

Jun 12, 2020 12:03:05 AM Logger.FileLogger write
INFO: >>> createPlayerAccount >>> lastname >>> Sammie

Jun 12, 2020 12:03:05 AM Logger.FileLogger write
INFO: >>> createPlayerAccount >>> password >>> Darcie123

Jun 12, 2020 12:03:05 AM Logger.FileLogger write
INFO: >>> createPlayerAccount >>> age >>> 15

Jun 12, 2020 12:03:05 AM Logger.FileLogger write
INFO: >>> createPlayerAccount >>> ipadddress >>> 93.5.4.2

Jun 12, 2020 12:03:05 AM Logger.FileLogger write
INFO: >>> createPlayerAccount >>> User information stored

Jun 12, 2020 12:25:17 AM Logger.FileLogger write
INFO: >>> createPlayerAccount

Jun 12, 2020 12:25:17 AM Logger.FileLogger write
INFO: >>> createPlayerAccount >>> username >>> ksammie45

Jun 12, 2020 12:25:17 AM Logger.FileLogger write
INFO: >>> createPlayerAccount >>> firstname >>> Darcie

Jun 12, 2020 12:25:17 AM Logger.FileLogger write
INFO: >>> createPlayerAccount >>> lastname >>> Sammie

Jun 12, 2020 12:25:17 AM Logger.FileLogger write
INFO: >>> createPlayerAccount >>> password >>> Darcie123

Jun 12, 2020 12:25:17 AM Logger.FileLogger write
INFO: >>> createPlayerAccount >>> age >>> 15

Jun 12, 2020 12:25:17 AM Logger.FileLogger write
INFO: >>> createPlayerAccount >>> ipadddress >>> 93.5.4.2

Jun 12, 2020 12:25:17 AM Logger.FileLogger write
INFO: >>> createPlayerAccount >>> User information stored

