Jun 28, 2020 10:19:25 PM Logger.FileLogger write
INFO: >>> createPlayerAccount

Jun 28, 2020 10:19:25 PM Logger.FileLogger write
INFO: >>> createPlayerAccount >>> username >>> markzuckerberg

Jun 28, 2020 10:19:25 PM Logger.FileLogger write
INFO: >>> createPlayerAccount >>> firstname >>> Mark

Jun 28, 2020 10:19:25 PM Logger.FileLogger write
INFO: >>> createPlayerAccount >>> lastname >>> Zuckerberg

Jun 28, 2020 10:19:25 PM Logger.FileLogger write
INFO: >>> createPlayerAccount >>> password >>> mark123

Jun 28, 2020 10:19:25 PM Logger.FileLogger write
INFO: >>> createPlayerAccount >>> age >>> 36

Jun 28, 2020 10:19:25 PM Logger.FileLogger write
INFO: >>> createPlayerAccount >>> ipadddress >>> 132.56.1.78

Jun 28, 2020 10:19:25 PM Logger.FileLogger write
INFO: >>> createPlayerAccount >>> User information stored

Jun 28, 2020 10:22:08 PM Logger.FileLogger write
INFO: >>> playerSignIn >>> markzuckerberg signed in successfully...

Jun 28, 2020 10:23:07 PM Logger.FileLogger write
INFO: >>> playerSignIn >>> markzuckerberg is already signed in...

