Aug 08, 2020 3:03:31 PM Utilities.FileLogger write
INFO: >>> ReplicaManager >>> Creating Replica 1

Aug 08, 2020 3:03:31 PM Utilities.FileLogger write
INFO: >>> ReplicaManager >>> Starting Replica 1

Aug 08, 2020 3:03:32 PM Utilities.FileLogger write
INFO: >>> ReplicaManager >>> Creating Replica 2

Aug 08, 2020 3:03:32 PM Utilities.FileLogger write
INFO: >>> ReplicaManager >>> Starting Replica 2

Aug 08, 2020 3:03:34 PM Utilities.FileLogger write
INFO: >>> ReplicaManager >>> Creating Replica 3

Aug 08, 2020 3:03:34 PM Utilities.FileLogger write
INFO: >>> ReplicaManager >>> Starting Replica 3

Aug 08, 2020 3:03:35 PM Utilities.FileLogger write
INFO: >>> ReplicaManager >>> Starting UDP Heart Beat Monitor

Aug 08, 2020 3:03:55 PM Utilities.FileLogger write
INFO: >>> stoppingOldReplica >>> Stopping R1...

Aug 08, 2020 3:04:48 PM Utilities.FileLogger write
INFO: >>> ReplicaManager >>> Creating Replica 1

Aug 08, 2020 3:04:48 PM Utilities.FileLogger write
INFO: >>> ReplicaManager >>> Starting Replica 1

Aug 08, 2020 3:04:48 PM Utilities.FileLogger write
INFO: >>> ReplicaManager >>> Creating Replica 2

Aug 08, 2020 3:04:48 PM Utilities.FileLogger write
INFO: >>> ReplicaManager >>> Starting Replica 2

Aug 08, 2020 3:04:49 PM Utilities.FileLogger write
INFO: >>> ReplicaManager >>> Creating Replica 3

Aug 08, 2020 3:04:49 PM Utilities.FileLogger write
INFO: >>> ReplicaManager >>> Starting Replica 3

Aug 08, 2020 3:04:49 PM Utilities.FileLogger write
INFO: >>> ReplicaManager >>> Starting UDP Heart Beat Monitor

Aug 08, 2020 3:05:10 PM Utilities.FileLogger write
INFO: >>> stoppingOldReplica >>> Stopping R1...

Aug 08, 2020 3:05:49 PM Utilities.FileLogger write
INFO: >>> ReplicaManager >>> Creating Replica 1

Aug 08, 2020 3:05:50 PM Utilities.FileLogger write
INFO: >>> ReplicaManager >>> Starting Replica 1

Aug 08, 2020 3:05:50 PM Utilities.FileLogger write
INFO: >>> ReplicaManager >>> Creating Replica 2

Aug 08, 2020 3:05:50 PM Utilities.FileLogger write
INFO: >>> ReplicaManager >>> Starting Replica 2

Aug 08, 2020 3:05:51 PM Utilities.FileLogger write
INFO: >>> ReplicaManager >>> Creating Replica 3

Aug 08, 2020 3:05:51 PM Utilities.FileLogger write
INFO: >>> ReplicaManager >>> Starting Replica 3

Aug 08, 2020 3:05:51 PM Utilities.FileLogger write
INFO: >>> ReplicaManager >>> Starting UDP Heart Beat Monitor

Aug 08, 2020 3:06:10 PM Utilities.FileLogger write
INFO: >>> ReplicaManager >>> UDP Request arrived from Leader

Aug 08, 2020 3:06:10 PM Utilities.FileLogger write
INFO: >>> UDPServerRequestProcessor >>> request >>> T|T|F

Aug 08, 2020 3:06:11 PM Utilities.FileLogger write
INFO: >>> stoppingOldReplica >>> Stopping R1...

Aug 08, 2020 3:07:38 PM Utilities.FileLogger write
INFO: >>> ReplicaManager >>> Creating Replica 1

Aug 08, 2020 3:07:38 PM Utilities.FileLogger write
INFO: >>> ReplicaManager >>> Starting Replica 1

Aug 08, 2020 3:07:39 PM Utilities.FileLogger write
INFO: >>> ReplicaManager >>> Creating Replica 2

Aug 08, 2020 3:07:39 PM Utilities.FileLogger write
INFO: >>> ReplicaManager >>> Starting Replica 2

Aug 08, 2020 3:07:39 PM Utilities.FileLogger write
INFO: >>> ReplicaManager >>> Creating Replica 3

Aug 08, 2020 3:07:39 PM Utilities.FileLogger write
INFO: >>> ReplicaManager >>> Starting Replica 3

Aug 08, 2020 3:07:39 PM Utilities.FileLogger write
INFO: >>> ReplicaManager >>> Starting UDP Heart Beat Monitor

Aug 08, 2020 3:07:49 PM Utilities.FileLogger write
INFO: >>> stoppingOldReplica >>> Stopping R1...

Aug 08, 2020 3:08:42 PM Utilities.FileLogger write
INFO: >>> ReplicaManager >>> Creating Replica 1

Aug 08, 2020 3:08:42 PM Utilities.FileLogger write
INFO: >>> ReplicaManager >>> Starting Replica 1

Aug 08, 2020 3:08:43 PM Utilities.FileLogger write
INFO: >>> ReplicaManager >>> Creating Replica 2

Aug 08, 2020 3:08:43 PM Utilities.FileLogger write
INFO: >>> ReplicaManager >>> Starting Replica 2

Aug 08, 2020 3:09:00 PM Utilities.FileLogger write
INFO: >>> ReplicaManager >>> Creating Replica 3

Aug 08, 2020 3:09:00 PM Utilities.FileLogger write
INFO: >>> ReplicaManager >>> Starting Replica 3

Aug 08, 2020 3:09:05 PM Utilities.FileLogger write
INFO: >>> ReplicaManager >>> Starting UDP Heart Beat Monitor

Aug 08, 2020 3:09:15 PM Utilities.FileLogger write
INFO: >>> stoppingOldReplica >>> Stopping R1...

Aug 08, 2020 3:18:07 PM Utilities.FileLogger write
INFO: >>> ReplicaManager >>> Creating Replica 1

Aug 08, 2020 3:18:07 PM Utilities.FileLogger write
INFO: >>> ReplicaManager >>> Starting Replica 1

Aug 08, 2020 3:18:07 PM Utilities.FileLogger write
INFO: >>> ReplicaManager >>> Creating Replica 2

Aug 08, 2020 3:18:07 PM Utilities.FileLogger write
INFO: >>> ReplicaManager >>> Starting Replica 2

Aug 08, 2020 3:18:08 PM Utilities.FileLogger write
INFO: >>> ReplicaManager >>> Creating Replica 3

Aug 08, 2020 3:18:08 PM Utilities.FileLogger write
INFO: >>> ReplicaManager >>> Starting Replica 3

Aug 08, 2020 3:18:08 PM Utilities.FileLogger write
INFO: >>> ReplicaManager >>> Starting UDP Heart Beat Monitor

Aug 08, 2020 3:18:25 PM Utilities.FileLogger write
INFO: >>> ReplicaManager >>> UDP Request arrived from Leader

Aug 08, 2020 3:18:25 PM Utilities.FileLogger write
INFO: >>> UDPServer >>> Reciving request >>> UDP Heart Beat

Aug 08, 2020 3:18:25 PM Utilities.FileLogger write
INFO: >>> UDPServerRequestProcessor >>> request >>> T|T|F

Aug 08, 2020 3:19:00 PM Utilities.FileLogger write
INFO: >>> ReplicaManager >>> UDP Request arrived from Leader

Aug 08, 2020 3:19:00 PM Utilities.FileLogger write
INFO: >>> UDPServerRequestProcessor >>> request >>> T|T|F

Aug 08, 2020 3:21:43 PM Utilities.FileLogger write
INFO: >>> ReplicaManager >>> UDP Request arrived from Leader

Aug 08, 2020 3:21:43 PM Utilities.FileLogger write
INFO: >>> UDPServerRequestProcessor >>> request >>> T|T|F

Aug 08, 2020 3:21:43 PM Utilities.FileLogger write
INFO: >>> stoppingOldReplica >>> Stopping R3...

Aug 08, 2020 3:21:43 PM Utilities.FileLogger write
INFO: >>> startNewReplica >>> Starting a new R3...

Aug 08, 2020 3:21:53 PM Utilities.FileLogger write
INFO: >>> stoppingOldReplica >>> Stopping R3...

Aug 08, 2020 3:21:53 PM Utilities.FileLogger write
INFO: >>> startNewReplica >>> Starting a new R3...

Aug 08, 2020 3:22:30 PM Utilities.FileLogger write
INFO: >>> ReplicaManager >>> UDP Request arrived from Leader

Aug 08, 2020 3:22:30 PM Utilities.FileLogger write
INFO: >>> UDPServer >>> Reciving request

Aug 08, 2020 3:22:30 PM Utilities.FileLogger write
INFO: >>> UDPServerRequestProcessor >>> request >>> T|T|F

Aug 08, 2020 3:29:59 PM Utilities.FileLogger write
INFO: >>> ReplicaManager >>> Creating Replica 1

Aug 08, 2020 3:38:15 PM Utilities.FileLogger write
INFO: >>> ReplicaManager >>> Starting Replica 1

Aug 08, 2020 3:38:23 PM Utilities.FileLogger write
INFO: >>> ReplicaManager >>> Creating Replica 2

Aug 08, 2020 3:38:25 PM Utilities.FileLogger write
INFO: >>> ReplicaManager >>> Starting Replica 2

Aug 08, 2020 3:38:29 PM Utilities.FileLogger write
INFO: >>> ReplicaManager >>> Creating Replica 3

Aug 08, 2020 3:38:29 PM Utilities.FileLogger write
INFO: >>> ReplicaManager >>> Starting Replica 3

Aug 08, 2020 3:38:32 PM Utilities.FileLogger write
INFO: >>> ReplicaManager >>> Starting UDP Heart Beat Monitor

Aug 08, 2020 3:39:02 PM Utilities.FileLogger write
INFO: >>> ReplicaManager >>> UDP Request arrived from Leader

Aug 08, 2020 3:39:02 PM Utilities.FileLogger write
INFO: >>> UDPServerRequestProcessor >>> request >>> T|T|F

Aug 08, 2020 3:39:39 PM Utilities.FileLogger write
INFO: >>> ReplicaManager >>> UDP Request arrived from Leader

Aug 08, 2020 3:39:40 PM Utilities.FileLogger write
INFO: >>> UDPServerRequestProcessor >>> request >>> T|T|F

Aug 08, 2020 3:40:02 PM Utilities.FileLogger write
INFO: >>> UDPServer >>> Reciving request

Aug 08, 2020 3:40:02 PM Utilities.FileLogger write
INFO: >>> ReplicaManager >>> UDP Request arrived from Leader

Aug 08, 2020 3:40:08 PM Utilities.FileLogger write
INFO: >>> UDPServerRequestProcessor >>> request >>> T|T|F

Aug 08, 2020 3:40:20 PM Utilities.FileLogger write
INFO: >>> UDPServer >>> Reciving request

Aug 08, 2020 3:40:20 PM Utilities.FileLogger write
INFO: >>> UDPServer >>> Sending response of UDP request

Aug 08, 2020 3:40:20 PM Utilities.FileLogger write
INFO: >>> stoppingOldReplica >>> Stopping R3...

Aug 08, 2020 3:40:25 PM Utilities.FileLogger write
INFO: >>> startNewReplica >>> Starting a new R3...

Aug 08, 2020 3:40:40 PM Utilities.FileLogger write
INFO: >>> stoppingOldReplica >>> Stopping R3...

Aug 08, 2020 3:40:46 PM Utilities.FileLogger write
INFO: >>> startNewReplica >>> Starting a new R3...

Aug 08, 2020 3:41:50 PM Utilities.FileLogger write
INFO: >>> stoppingOldReplica >>> Stopping R1...

Aug 08, 2020 3:44:25 PM Utilities.FileLogger write
INFO: >>> ReplicaManager >>> Creating Replica 1

Aug 08, 2020 3:44:42 PM Utilities.FileLogger write
INFO: >>> ReplicaManager >>> Starting Replica 1

Aug 08, 2020 3:44:43 PM Utilities.FileLogger write
INFO: >>> ReplicaManager >>> Creating Replica 2

Aug 08, 2020 3:44:43 PM Utilities.FileLogger write
INFO: >>> ReplicaManager >>> Starting Replica 2

Aug 08, 2020 3:44:44 PM Utilities.FileLogger write
INFO: >>> ReplicaManager >>> Creating Replica 3

Aug 08, 2020 3:44:44 PM Utilities.FileLogger write
INFO: >>> ReplicaManager >>> Starting Replica 3

Aug 08, 2020 3:44:45 PM Utilities.FileLogger write
INFO: >>> ReplicaManager >>> Starting UDP Heart Beat Monitor

Aug 08, 2020 3:45:56 PM Utilities.FileLogger write
INFO: >>> ReplicaManager >>> UDP Request arrived from Leader

Aug 08, 2020 3:46:54 PM Utilities.FileLogger write
INFO: >>> UDPServerRequestProcessor >>> request >>> T|T|F

Aug 08, 2020 3:47:27 PM Utilities.FileLogger write
INFO: >>> ReplicaManager >>> UDP Request arrived from Leader

Aug 08, 2020 3:47:34 PM Utilities.FileLogger write
INFO: >>> UDPServerRequestProcessor >>> request >>> T|T|F

Aug 08, 2020 3:49:05 PM Utilities.FileLogger write
INFO: >>> ReplicaManager >>> UDP Request arrived from Leader

Aug 08, 2020 3:49:30 PM Utilities.FileLogger write
INFO: >>> UDPServerRequestProcessor >>> request >>> T|T|F

Aug 08, 2020 3:49:30 PM Utilities.FileLogger write
INFO: >>> stoppingOldReplica >>> Stopping R3...

Aug 08, 2020 3:49:51 PM Utilities.FileLogger write
INFO: >>> stoppingOldReplica >>> Stopping R3...

Aug 08, 2020 5:09:48 PM Utilities.FileLogger write
INFO: >>> startNewReplica >>> Starting a new R3...

Aug 08, 2020 5:09:49 PM Utilities.FileLogger write
INFO: >>> startNewReplica >>> Starting a new R3...

Aug 08, 2020 5:10:10 PM Utilities.FileLogger write
INFO: >>> stoppingOldReplica >>> Stopping R1...

Aug 08, 2020 5:10:10 PM Utilities.FileLogger write
INFO: >>> startNewReplica >>> Starting a new R1...

Aug 08, 2020 5:11:48 PM Utilities.FileLogger write
INFO: >>> ReplicaManager >>> Creating Replica 1

Aug 08, 2020 5:11:48 PM Utilities.FileLogger write
INFO: >>> ReplicaManager >>> Starting Replica 1

Aug 08, 2020 5:11:50 PM Utilities.FileLogger write
INFO: >>> ReplicaManager >>> Creating Replica 2

Aug 08, 2020 5:11:50 PM Utilities.FileLogger write
INFO: >>> ReplicaManager >>> Starting Replica 2

Aug 08, 2020 5:11:51 PM Utilities.FileLogger write
INFO: >>> ReplicaManager >>> Creating Replica 3

Aug 08, 2020 5:11:51 PM Utilities.FileLogger write
INFO: >>> ReplicaManager >>> Starting Replica 3

Aug 08, 2020 5:11:52 PM Utilities.FileLogger write
INFO: >>> ReplicaManager >>> Starting UDP Heart Beat Monitor

Aug 08, 2020 5:12:27 PM Utilities.FileLogger write
INFO: >>> ReplicaManager >>> UDP Request arrived from Leader

Aug 08, 2020 5:12:27 PM Utilities.FileLogger write
INFO: >>> UDPServer >>> Reciving request

Aug 08, 2020 5:12:27 PM Utilities.FileLogger write
INFO: >>> UDPServerRequestProcessor >>> request >>> T|T|F

Aug 08, 2020 5:12:39 PM Utilities.FileLogger write
INFO: >>> ReplicaManager >>> UDP Request arrived from Leader

Aug 08, 2020 5:12:39 PM Utilities.FileLogger write
INFO: >>> UDPServerRequestProcessor >>> request >>> T|T|F

Aug 08, 2020 5:12:55 PM Utilities.FileLogger write
INFO: >>> ReplicaManager >>> UDP Request arrived from Leader

Aug 08, 2020 5:12:55 PM Utilities.FileLogger write
INFO: >>> UDPServer >>> Reciving request >>> UDP Heart Beat

Aug 08, 2020 5:12:55 PM Utilities.FileLogger write
INFO: >>> UDPServerRequestProcessor >>> request >>> T|T|F

Aug 08, 2020 5:12:55 PM Utilities.FileLogger write
INFO: >>> stoppingOldReplica >>> Stopping R3...

Aug 08, 2020 5:12:55 PM Utilities.FileLogger write
INFO: >>> startNewReplica >>> Starting a new R3...

Aug 08, 2020 5:13:15 PM Utilities.FileLogger write
INFO: >>> stoppingOldReplica >>> Stopping R3...

Aug 08, 2020 5:13:15 PM Utilities.FileLogger write
INFO: >>> startNewReplica >>> Starting a new R3...

Aug 08, 2020 5:13:20 PM Utilities.FileLogger write
INFO: >>> UDPServer >>> Reciving request

Aug 08, 2020 5:13:20 PM Utilities.FileLogger write
INFO: >>> ReplicaManager >>> UDP Request arrived from Leader

Aug 08, 2020 5:13:20 PM Utilities.FileLogger write
INFO: >>> UDPServerRequestProcessor >>> request >>> T|T|F

Aug 08, 2020 5:18:49 PM Utilities.FileLogger write
INFO: >>> ReplicaManager >>> Creating Replica 1

Aug 08, 2020 5:18:50 PM Utilities.FileLogger write
INFO: >>> ReplicaManager >>> Starting Replica 1

Aug 08, 2020 5:18:50 PM Utilities.FileLogger write
INFO: >>> ReplicaManager >>> Creating Replica 2

Aug 08, 2020 5:18:50 PM Utilities.FileLogger write
INFO: >>> ReplicaManager >>> Starting Replica 2

Aug 08, 2020 5:18:51 PM Utilities.FileLogger write
INFO: >>> ReplicaManager >>> Creating Replica 3

Aug 08, 2020 5:18:51 PM Utilities.FileLogger write
INFO: >>> ReplicaManager >>> Starting Replica 3

Aug 08, 2020 5:18:51 PM Utilities.FileLogger write
INFO: >>> ReplicaManager >>> Starting UDP Heart Beat Monitor

Aug 08, 2020 5:19:07 PM Utilities.FileLogger write
INFO: >>> ReplicaManager >>> UDP Request arrived from Leader

Aug 08, 2020 5:19:08 PM Utilities.FileLogger write
INFO: >>> UDPServerRequestProcessor >>> request >>> T|T|F

Aug 08, 2020 5:19:16 PM Utilities.FileLogger write
INFO: >>> ReplicaManager >>> UDP Request arrived from Leader

Aug 08, 2020 5:19:16 PM Utilities.FileLogger write
INFO: >>> UDPServerRequestProcessor >>> request >>> T|T|F

Aug 08, 2020 5:19:42 PM Utilities.FileLogger write
INFO: >>> ReplicaManager >>> UDP Request arrived from Leader

Aug 08, 2020 5:19:42 PM Utilities.FileLogger write
INFO: >>> UDPServerRequestProcessor >>> request >>> T|T|F

Aug 08, 2020 5:19:42 PM Utilities.FileLogger write
INFO: >>> stoppingOldReplica >>> Stopping R3...

Aug 08, 2020 5:19:42 PM Utilities.FileLogger write
INFO: >>> startNewReplica >>> Starting a new R3...

Aug 08, 2020 5:20:02 PM Utilities.FileLogger write
INFO: >>> stoppingOldReplica >>> Stopping R3...

Aug 08, 2020 5:20:02 PM Utilities.FileLogger write
INFO: >>> startNewReplica >>> Starting a new R3...

Aug 08, 2020 5:20:19 PM Utilities.FileLogger write
INFO: >>> ReplicaManager >>> UDP Request arrived from Leader

Aug 08, 2020 5:20:19 PM Utilities.FileLogger write
INFO: >>> UDPServerRequestProcessor >>> request >>> T|T|F

Aug 08, 2020 5:29:37 PM Utilities.FileLogger write
INFO: >>> ReplicaManager >>> Creating Replica 1

Aug 08, 2020 5:29:59 PM Utilities.FileLogger write
INFO: >>> ReplicaManager >>> Starting Replica 1

Aug 08, 2020 5:30:00 PM Utilities.FileLogger write
INFO: >>> ReplicaManager >>> Creating Replica 2

Aug 08, 2020 5:30:13 PM Utilities.FileLogger write
INFO: >>> ReplicaManager >>> Starting Replica 2

Aug 08, 2020 5:30:14 PM Utilities.FileLogger write
INFO: >>> ReplicaManager >>> Creating Replica 3

Aug 08, 2020 5:30:14 PM Utilities.FileLogger write
INFO: >>> ReplicaManager >>> Starting Replica 3

Aug 08, 2020 5:30:15 PM Utilities.FileLogger write
INFO: >>> ReplicaManager >>> Starting UDP Heart Beat Monitor

Aug 08, 2020 5:32:07 PM Utilities.FileLogger write
INFO: >>> ReplicaManager >>> UDP Request arrived from Leader

Aug 08, 2020 5:32:08 PM Utilities.FileLogger write
INFO: >>> UDPServer >>> Reciving request >>> UDP Heart Beat

Aug 08, 2020 5:32:08 PM Utilities.FileLogger write
INFO: >>> UDPServerRequestProcessor >>> request >>> T|T|F

Aug 08, 2020 5:33:01 PM Utilities.FileLogger write
INFO: >>> ReplicaManager >>> UDP Request arrived from Leader

Aug 08, 2020 5:33:01 PM Utilities.FileLogger write
INFO: >>> UDPServerRequestProcessor >>> request >>> T|T|F

Aug 08, 2020 5:33:31 PM Utilities.FileLogger write
INFO: >>> UDPServer >>> Reciving request

Aug 08, 2020 5:33:31 PM Utilities.FileLogger write
INFO: >>> ReplicaManager >>> UDP Request arrived from Leader

Aug 08, 2020 5:33:31 PM Utilities.FileLogger write
INFO: >>> UDPServerRequestProcessor >>> request >>> T|T|F

Aug 08, 2020 5:33:31 PM Utilities.FileLogger write
INFO: >>> UDPServer >>> Sending response of UDP request

Aug 08, 2020 5:33:31 PM Utilities.FileLogger write
INFO: >>> stoppingOldReplica >>> Stopping R3...

Aug 08, 2020 5:33:31 PM Utilities.FileLogger write
INFO: >>> startNewReplica >>> Starting a new R3...

Aug 08, 2020 5:33:51 PM Utilities.FileLogger write
INFO: >>> stoppingOldReplica >>> Stopping R3...

Aug 08, 2020 5:33:51 PM Utilities.FileLogger write
INFO: >>> startNewReplica >>> Starting a new R3...

Aug 08, 2020 5:34:34 PM Utilities.FileLogger write
INFO: >>> stoppingOldReplica >>> Stopping R1...

Aug 08, 2020 5:34:34 PM Utilities.FileLogger write
INFO: >>> startNewReplica >>> Starting a new R1...

Aug 08, 2020 5:35:19 PM Utilities.FileLogger write
INFO: >>> ReplicaManager >>> UDP Request arrived from Leader

Aug 08, 2020 5:35:19 PM Utilities.FileLogger write
INFO: >>> UDPServerRequestProcessor >>> request >>> T|T|F

Aug 08, 2020 5:43:39 PM Utilities.FileLogger write
INFO: >>> ReplicaManager >>> Creating Replica 1

Aug 08, 2020 5:43:39 PM Utilities.FileLogger write
INFO: >>> ReplicaManager >>> Starting Replica 1

Aug 08, 2020 5:43:40 PM Utilities.FileLogger write
INFO: >>> ReplicaManager >>> Creating Replica 2

Aug 08, 2020 5:43:40 PM Utilities.FileLogger write
INFO: >>> ReplicaManager >>> Starting Replica 2

Aug 08, 2020 5:43:40 PM Utilities.FileLogger write
INFO: >>> ReplicaManager >>> Creating Replica 3

Aug 08, 2020 5:43:40 PM Utilities.FileLogger write
INFO: >>> ReplicaManager >>> Starting Replica 3

Aug 08, 2020 5:43:41 PM Utilities.FileLogger write
INFO: >>> ReplicaManager >>> Starting UDP Heart Beat Monitor

Aug 08, 2020 5:44:04 PM Utilities.FileLogger write
INFO: >>> ReplicaManager >>> UDP Request arrived from Leader

Aug 08, 2020 5:44:04 PM Utilities.FileLogger write
INFO: >>> UDPServerRequestProcessor >>> request >>> T|T|T

Aug 08, 2020 5:44:24 PM Utilities.FileLogger write
INFO: >>> ReplicaManager >>> UDP Request arrived from Leader

Aug 08, 2020 5:44:24 PM Utilities.FileLogger write
INFO: >>> UDPServerRequestProcessor >>> request >>> T|T|T

Aug 08, 2020 5:44:32 PM Utilities.FileLogger write
INFO: >>> UDPServer >>> Reciving request

Aug 08, 2020 5:44:32 PM Utilities.FileLogger write
INFO: >>> ReplicaManager >>> UDP Request arrived from Leader

Aug 08, 2020 5:44:32 PM Utilities.FileLogger write
INFO: >>> UDPServerRequestProcessor >>> request >>> T|T|T

Aug 08, 2020 5:44:56 PM Utilities.FileLogger write
INFO: >>> ReplicaManager >>> UDP Request arrived from Leader

Aug 08, 2020 5:44:56 PM Utilities.FileLogger write
INFO: >>> UDPServerRequestProcessor >>> request >>> T|T|T

Aug 08, 2020 5:52:31 PM Utilities.FileLogger write
INFO: >>> ReplicaManager >>> Creating Replica 1

Aug 08, 2020 5:52:31 PM Utilities.FileLogger write
INFO: >>> ReplicaManager >>> Starting Replica 1

Aug 08, 2020 5:52:31 PM Utilities.FileLogger write
INFO: >>> ReplicaManager >>> Creating Replica 2

Aug 08, 2020 5:52:31 PM Utilities.FileLogger write
INFO: >>> ReplicaManager >>> Starting Replica 2

Aug 08, 2020 5:52:32 PM Utilities.FileLogger write
INFO: >>> ReplicaManager >>> Creating Replica 3

Aug 08, 2020 5:52:32 PM Utilities.FileLogger write
INFO: >>> ReplicaManager >>> Starting Replica 3

Aug 08, 2020 5:52:32 PM Utilities.FileLogger write
INFO: >>> ReplicaManager >>> Starting UDP Heart Beat Monitor

Aug 08, 2020 5:52:46 PM Utilities.FileLogger write
INFO: >>> ReplicaManager >>> UDP Request arrived from Leader

Aug 08, 2020 5:52:46 PM Utilities.FileLogger write
INFO: >>> UDPServerRequestProcessor >>> request >>> T|T|F

Aug 08, 2020 5:53:16 PM Utilities.FileLogger write
INFO: >>> ReplicaManager >>> UDP Request arrived from Leader

Aug 08, 2020 5:53:16 PM Utilities.FileLogger write
INFO: >>> UDPServerRequestProcessor >>> request >>> T|T|F

Aug 08, 2020 5:53:39 PM Utilities.FileLogger write
INFO: >>> ReplicaManager >>> UDP Request arrived from Leader

Aug 08, 2020 5:53:39 PM Utilities.FileLogger write
INFO: >>> UDPServerRequestProcessor >>> request >>> T|T|F

Aug 08, 2020 5:53:39 PM Utilities.FileLogger write
INFO: >>> stoppingOldReplica >>> Stopping R3...

Aug 08, 2020 5:53:39 PM Utilities.FileLogger write
INFO: >>> startNewReplica >>> Starting a new R3...

Aug 08, 2020 5:53:59 PM Utilities.FileLogger write
INFO: >>> stoppingOldReplica >>> Stopping R3...

Aug 08, 2020 5:53:59 PM Utilities.FileLogger write
INFO: >>> startNewReplica >>> Starting a new R3...

Aug 08, 2020 5:54:00 PM Utilities.FileLogger write
INFO: >>> UDPServer >>> Reciving request

Aug 08, 2020 5:54:00 PM Utilities.FileLogger write
INFO: >>> UDPServer >>> Reciving request >>> UDP Heart Beat

Aug 08, 2020 5:54:00 PM Utilities.FileLogger write
INFO: >>> ReplicaManager >>> UDP Request arrived from Leader

Aug 08, 2020 5:54:00 PM Utilities.FileLogger write
INFO: >>> UDPServerRequestProcessor >>> request >>> T|T|F

Aug 08, 2020 5:54:41 PM Utilities.FileLogger write
INFO: >>> ReplicaManager >>> UDP Request arrived from Leader

Aug 08, 2020 5:54:41 PM Utilities.FileLogger write
INFO: >>> UDPServerRequestProcessor >>> request >>> T|T|T

Aug 08, 2020 5:57:37 PM Utilities.FileLogger write
INFO: >>> ReplicaManager >>> Creating Replica 1

Aug 08, 2020 5:57:37 PM Utilities.FileLogger write
INFO: >>> ReplicaManager >>> Starting Replica 1

Aug 08, 2020 5:57:38 PM Utilities.FileLogger write
INFO: >>> ReplicaManager >>> Creating Replica 2

Aug 08, 2020 5:57:38 PM Utilities.FileLogger write
INFO: >>> ReplicaManager >>> Starting Replica 2

Aug 08, 2020 5:57:39 PM Utilities.FileLogger write
INFO: >>> ReplicaManager >>> Creating Replica 3

Aug 08, 2020 5:57:39 PM Utilities.FileLogger write
INFO: >>> ReplicaManager >>> Starting Replica 3

Aug 08, 2020 5:57:39 PM Utilities.FileLogger write
INFO: >>> ReplicaManager >>> Starting UDP Heart Beat Monitor

Aug 08, 2020 5:58:25 PM Utilities.FileLogger write
INFO: >>> ReplicaManager >>> UDP Request arrived from Leader

Aug 08, 2020 5:58:25 PM Utilities.FileLogger write
INFO: >>> UDPServerRequestProcessor >>> request >>> T|T|F

Aug 08, 2020 5:58:44 PM Utilities.FileLogger write
INFO: >>> ReplicaManager >>> UDP Request arrived from Leader

Aug 08, 2020 5:58:44 PM Utilities.FileLogger write
INFO: >>> UDPServer >>> Reciving request >>> UDP Heart Beat

Aug 08, 2020 5:58:44 PM Utilities.FileLogger write
INFO: >>> UDPServerRequestProcessor >>> request >>> T|T|F

Aug 08, 2020 5:59:00 PM Utilities.FileLogger write
INFO: >>> ReplicaManager >>> UDP Request arrived from Leader

Aug 08, 2020 5:59:00 PM Utilities.FileLogger write
INFO: >>> UDPServerRequestProcessor >>> request >>> T|T|F

Aug 08, 2020 5:59:00 PM Utilities.FileLogger write
INFO: >>> stoppingOldReplica >>> Stopping R3...

Aug 08, 2020 5:59:00 PM Utilities.FileLogger write
INFO: >>> startNewReplica >>> Starting a new R3...

Aug 08, 2020 5:59:20 PM Utilities.FileLogger write
INFO: >>> stoppingOldReplica >>> Stopping R3...

Aug 08, 2020 5:59:20 PM Utilities.FileLogger write
INFO: >>> startNewReplica >>> Starting a new R3...

Aug 08, 2020 5:59:25 PM Utilities.FileLogger write
INFO: >>> ReplicaManager >>> UDP Request arrived from Leader

Aug 08, 2020 5:59:25 PM Utilities.FileLogger write
INFO: >>> UDPServerRequestProcessor >>> request >>> T|T|T

Aug 08, 2020 5:59:54 PM Utilities.FileLogger write
INFO: >>> UDPServer >>> Reciving request

Aug 08, 2020 5:59:54 PM Utilities.FileLogger write
INFO: >>> ReplicaManager >>> UDP Request arrived from Leader

Aug 08, 2020 5:59:54 PM Utilities.FileLogger write
INFO: >>> UDPServerRequestProcessor >>> request >>> T|T|T

Aug 08, 2020 6:01:55 PM Utilities.FileLogger write
INFO: >>> ReplicaManager >>> Creating Replica 1

Aug 08, 2020 6:01:56 PM Utilities.FileLogger write
INFO: >>> ReplicaManager >>> Starting Replica 1

Aug 08, 2020 6:01:56 PM Utilities.FileLogger write
INFO: >>> ReplicaManager >>> Creating Replica 2

Aug 08, 2020 6:01:56 PM Utilities.FileLogger write
INFO: >>> ReplicaManager >>> Starting Replica 2

Aug 08, 2020 6:01:57 PM Utilities.FileLogger write
INFO: >>> ReplicaManager >>> Creating Replica 3

Aug 08, 2020 6:01:57 PM Utilities.FileLogger write
INFO: >>> ReplicaManager >>> Starting Replica 3

Aug 08, 2020 6:01:57 PM Utilities.FileLogger write
INFO: >>> ReplicaManager >>> Starting UDP Heart Beat Monitor

Aug 08, 2020 6:02:16 PM Utilities.FileLogger write
INFO: >>> ReplicaManager >>> UDP Request arrived from Leader

Aug 08, 2020 6:02:16 PM Utilities.FileLogger write
INFO: >>> UDPServerRequestProcessor >>> request >>> T|T|F

Aug 08, 2020 6:02:34 PM Utilities.FileLogger write
INFO: >>> ReplicaManager >>> UDP Request arrived from Leader

Aug 08, 2020 6:02:34 PM Utilities.FileLogger write
INFO: >>> UDPServerRequestProcessor >>> request >>> T|T|F

Aug 08, 2020 6:02:51 PM Utilities.FileLogger write
INFO: >>> ReplicaManager >>> UDP Request arrived from Leader

Aug 08, 2020 6:02:51 PM Utilities.FileLogger write
INFO: >>> UDPServerRequestProcessor >>> request >>> T|T|F

Aug 08, 2020 6:02:51 PM Utilities.FileLogger write
INFO: >>> stoppingOldReplica >>> Stopping R3...

Aug 08, 2020 6:02:51 PM Utilities.FileLogger write
INFO: >>> startNewReplica >>> Starting a new R3...

Aug 08, 2020 6:03:02 PM Utilities.FileLogger write
INFO: >>> ReplicaManager >>> UDP Request arrived from Leader

Aug 08, 2020 6:03:02 PM Utilities.FileLogger write
INFO: >>> UDPServerRequestProcessor >>> request >>> T|T|T

Aug 08, 2020 6:03:11 PM Utilities.FileLogger write
INFO: >>> stoppingOldReplica >>> Stopping R3...

Aug 08, 2020 6:03:11 PM Utilities.FileLogger write
INFO: >>> startNewReplica >>> Starting a new R3...

Aug 08, 2020 6:03:14 PM Utilities.FileLogger write
INFO: >>> ReplicaManager >>> UDP Request arrived from Leader

Aug 08, 2020 6:03:14 PM Utilities.FileLogger write
INFO: >>> UDPServer >>> Sending response of UDP request

Aug 08, 2020 6:03:14 PM Utilities.FileLogger write
INFO: >>> UDPServerRequestProcessor >>> request >>> T|T|T

Aug 08, 2020 6:03:55 PM Utilities.FileLogger write
INFO: >>> ReplicaManager >>> UDP Request arrived from Leader

Aug 08, 2020 6:03:55 PM Utilities.FileLogger write
INFO: >>> UDPServerRequestProcessor >>> request >>> T|T|T

Aug 08, 2020 6:04:06 PM Utilities.FileLogger write
INFO: >>> ReplicaManager >>> UDP Request arrived from Leader

Aug 08, 2020 6:04:06 PM Utilities.FileLogger write
INFO: >>> UDPServerRequestProcessor >>> request >>> T|T|T

Aug 08, 2020 6:04:30 PM Utilities.FileLogger write
INFO: >>> ReplicaManager >>> UDP Request arrived from Leader

Aug 08, 2020 6:04:30 PM Utilities.FileLogger write
INFO: >>> UDPServerRequestProcessor >>> request >>> T|T|T

Aug 08, 2020 6:04:30 PM Utilities.FileLogger write
INFO: >>> UDPServer >>> Reciving request

Aug 08, 2020 6:05:01 PM Utilities.FileLogger write
INFO: >>> UDPServer >>> Reciving request

Aug 08, 2020 6:05:01 PM Utilities.FileLogger write
INFO: >>> ReplicaManager >>> UDP Request arrived from Leader

Aug 08, 2020 6:05:01 PM Utilities.FileLogger write
INFO: >>> UDPServerRequestProcessor >>> request >>> T|T|T

Aug 08, 2020 6:05:21 PM Utilities.FileLogger write
INFO: >>> ReplicaManager >>> UDP Request arrived from Leader

Aug 08, 2020 6:05:21 PM Utilities.FileLogger write
INFO: >>> UDPServer >>> Reciving request >>> UDP Heart Beat

Aug 08, 2020 6:05:21 PM Utilities.FileLogger write
INFO: >>> UDPServerRequestProcessor >>> request >>> T|T|T

Aug 08, 2020 6:06:21 PM Utilities.FileLogger write
INFO: >>> ReplicaManager >>> UDP Request arrived from Leader

Aug 08, 2020 6:06:21 PM Utilities.FileLogger write
INFO: >>> UDPServer >>> Reciving request

Aug 08, 2020 6:06:21 PM Utilities.FileLogger write
INFO: >>> UDPServer >>> Reciving request >>> UDP Heart Beat

Aug 08, 2020 6:06:21 PM Utilities.FileLogger write
INFO: >>> UDPServerRequestProcessor >>> request >>> T|T|T

Aug 08, 2020 6:06:49 PM Utilities.FileLogger write
INFO: >>> ReplicaManager >>> UDP Request arrived from Leader

Aug 08, 2020 6:06:49 PM Utilities.FileLogger write
INFO: >>> UDPServerRequestProcessor >>> request >>> T|T|T

Aug 08, 2020 6:07:27 PM Utilities.FileLogger write
INFO: >>> UDPServer >>> Reciving request

Aug 08, 2020 6:07:27 PM Utilities.FileLogger write
INFO: >>> ReplicaManager >>> UDP Request arrived from Leader

Aug 08, 2020 6:07:27 PM Utilities.FileLogger write
INFO: >>> UDPServerRequestProcessor >>> request >>> T|T|T

Aug 08, 2020 6:07:44 PM Utilities.FileLogger write
INFO: >>> ReplicaManager >>> UDP Request arrived from Leader

Aug 08, 2020 6:07:44 PM Utilities.FileLogger write
INFO: >>> UDPServerRequestProcessor >>> request >>> T|T|T

Aug 08, 2020 6:08:43 PM Utilities.FileLogger write
INFO: >>> ReplicaManager >>> UDP Request arrived from Leader

Aug 08, 2020 6:08:43 PM Utilities.FileLogger write
INFO: >>> UDPServerRequestProcessor >>> request >>> T|T|T

Aug 08, 2020 6:09:09 PM Utilities.FileLogger write
INFO: >>> ReplicaManager >>> UDP Request arrived from Leader

Aug 08, 2020 6:09:09 PM Utilities.FileLogger write
INFO: >>> UDPServerRequestProcessor >>> request >>> T|T|T

Aug 09, 2020 12:39:52 AM Utilities.FileLogger write
INFO: >>> ReplicaManager >>> Creating Replica 1

Aug 09, 2020 12:39:53 AM Utilities.FileLogger write
INFO: >>> ReplicaManager >>> Starting Replica 1

Aug 09, 2020 12:39:54 AM Utilities.FileLogger write
INFO: >>> ReplicaManager >>> Creating Replica 2

Aug 09, 2020 12:39:54 AM Utilities.FileLogger write
INFO: >>> ReplicaManager >>> Starting Replica 2

Aug 09, 2020 12:39:56 AM Utilities.FileLogger write
INFO: >>> ReplicaManager >>> Creating Replica 3

Aug 09, 2020 12:39:56 AM Utilities.FileLogger write
INFO: >>> ReplicaManager >>> Starting Replica 3

Aug 09, 2020 12:39:57 AM Utilities.FileLogger write
INFO: >>> ReplicaManager >>> Starting UDP Heart Beat Monitor

Aug 09, 2020 12:40:17 AM Utilities.FileLogger write
INFO: >>> stoppingOldReplica >>> Stopping R2...

Aug 09, 2020 12:40:18 AM Utilities.FileLogger write
INFO: >>> startNewReplica >>> Starting a new R2...

Aug 09, 2020 12:40:38 AM Utilities.FileLogger write
INFO: >>> stoppingOldReplica >>> Stopping R3...

Aug 09, 2020 12:40:38 AM Utilities.FileLogger write
INFO: >>> startNewReplica >>> Starting a new R3...

Aug 09, 2020 12:40:59 AM Utilities.FileLogger write
INFO: >>> stoppingOldReplica >>> Stopping R2...

Aug 09, 2020 12:40:59 AM Utilities.FileLogger write
INFO: >>> startNewReplica >>> Starting a new R2...

Aug 09, 2020 12:41:19 AM Utilities.FileLogger write
INFO: >>> stoppingOldReplica >>> Stopping R3...

Aug 09, 2020 12:41:19 AM Utilities.FileLogger write
INFO: >>> startNewReplica >>> Starting a new R3...

Aug 09, 2020 12:49:17 AM Utilities.FileLogger write
INFO: >>> ReplicaManager >>> Creating Replica 1

Aug 09, 2020 12:49:17 AM Utilities.FileLogger write
INFO: >>> ReplicaManager >>> Starting Replica 1

Aug 09, 2020 12:49:18 AM Utilities.FileLogger write
INFO: >>> ReplicaManager >>> Creating Replica 2

Aug 09, 2020 12:49:18 AM Utilities.FileLogger write
INFO: >>> ReplicaManager >>> Starting Replica 2

Aug 09, 2020 12:49:19 AM Utilities.FileLogger write
INFO: >>> ReplicaManager >>> Creating Replica 3

Aug 09, 2020 12:49:19 AM Utilities.FileLogger write
INFO: >>> ReplicaManager >>> Starting Replica 3

Aug 09, 2020 12:50:28 AM Utilities.FileLogger write
INFO: >>> ReplicaManager >>> Creating Replica 1

Aug 09, 2020 12:50:28 AM Utilities.FileLogger write
INFO: >>> ReplicaManager >>> Starting Replica 1

Aug 09, 2020 12:50:29 AM Utilities.FileLogger write
INFO: >>> ReplicaManager >>> Creating Replica 2

Aug 09, 2020 12:50:29 AM Utilities.FileLogger write
INFO: >>> ReplicaManager >>> Starting Replica 2

Aug 09, 2020 12:50:30 AM Utilities.FileLogger write
INFO: >>> ReplicaManager >>> Creating Replica 3

Aug 09, 2020 12:50:30 AM Utilities.FileLogger write
INFO: >>> ReplicaManager >>> Starting Replica 3

Aug 09, 2020 12:51:04 AM Utilities.FileLogger write
INFO: >>> ReplicaManager >>> Creating Replica 1

Aug 09, 2020 12:51:04 AM Utilities.FileLogger write
INFO: >>> ReplicaManager >>> Starting Replica 1

Aug 09, 2020 12:51:05 AM Utilities.FileLogger write
INFO: >>> ReplicaManager >>> Creating Replica 2

Aug 09, 2020 12:51:05 AM Utilities.FileLogger write
INFO: >>> ReplicaManager >>> Starting Replica 2

Aug 09, 2020 12:51:06 AM Utilities.FileLogger write
INFO: >>> ReplicaManager >>> Creating Replica 3

Aug 09, 2020 12:51:06 AM Utilities.FileLogger write
INFO: >>> ReplicaManager >>> Starting Replica 3

Aug 09, 2020 12:51:06 AM Utilities.FileLogger write
INFO: >>> ReplicaManager >>> Starting UDP Heart Beat Monitor

Aug 09, 2020 12:52:06 AM Utilities.FileLogger write
INFO: >>> ReplicaManager >>> Creating Replica 1

Aug 09, 2020 12:52:06 AM Utilities.FileLogger write
INFO: >>> ReplicaManager >>> Starting Replica 1

Aug 09, 2020 12:52:07 AM Utilities.FileLogger write
INFO: >>> ReplicaManager >>> Creating Replica 2

Aug 09, 2020 12:52:07 AM Utilities.FileLogger write
INFO: >>> ReplicaManager >>> Starting Replica 2

Aug 09, 2020 12:52:07 AM Utilities.FileLogger write
INFO: >>> ReplicaManager >>> Creating Replica 3

Aug 09, 2020 12:52:07 AM Utilities.FileLogger write
INFO: >>> ReplicaManager >>> Starting Replica 3

Aug 09, 2020 12:54:11 AM Utilities.FileLogger write
INFO: >>> ReplicaManager >>> Creating Replica 1

Aug 09, 2020 12:54:11 AM Utilities.FileLogger write
INFO: >>> ReplicaManager >>> Starting Replica 1

Aug 09, 2020 12:54:12 AM Utilities.FileLogger write
INFO: >>> ReplicaManager >>> Creating Replica 2

Aug 09, 2020 12:54:12 AM Utilities.FileLogger write
INFO: >>> ReplicaManager >>> Starting Replica 2

Aug 09, 2020 12:54:13 AM Utilities.FileLogger write
INFO: >>> ReplicaManager >>> Creating Replica 3

Aug 09, 2020 12:54:13 AM Utilities.FileLogger write
INFO: >>> ReplicaManager >>> Starting Replica 3

Aug 09, 2020 12:54:13 AM Utilities.FileLogger write
INFO: >>> ReplicaManager >>> Starting UDP Heart Beat Monitor

Aug 09, 2020 12:56:53 AM Utilities.FileLogger write
INFO: >>> ReplicaManager >>> Creating Replica 1

Aug 09, 2020 12:56:53 AM Utilities.FileLogger write
INFO: >>> ReplicaManager >>> Starting Replica 1

Aug 09, 2020 12:56:54 AM Utilities.FileLogger write
INFO: >>> ReplicaManager >>> Creating Replica 2

Aug 09, 2020 12:56:54 AM Utilities.FileLogger write
INFO: >>> ReplicaManager >>> Starting Replica 2

Aug 09, 2020 12:56:54 AM Utilities.FileLogger write
INFO: >>> ReplicaManager >>> Creating Replica 3

Aug 09, 2020 12:56:54 AM Utilities.FileLogger write
INFO: >>> ReplicaManager >>> Starting Replica 3

Aug 09, 2020 12:56:55 AM Utilities.FileLogger write
INFO: >>> ReplicaManager >>> Starting UDP Heart Beat Monitor

Aug 09, 2020 12:57:15 AM Utilities.FileLogger write
INFO: >>> stoppingOldReplica >>> Stopping R2...

Aug 09, 2020 12:57:15 AM Utilities.FileLogger write
INFO: >>> startNewReplica >>> Starting a new R2...

Aug 09, 2020 12:57:35 AM Utilities.FileLogger write
INFO: >>> stoppingOldReplica >>> Stopping R3...

Aug 09, 2020 12:57:35 AM Utilities.FileLogger write
INFO: >>> startNewReplica >>> Starting a new R3...

Aug 09, 2020 12:57:55 AM Utilities.FileLogger write
INFO: >>> stoppingOldReplica >>> Stopping R2...

Aug 09, 2020 12:57:55 AM Utilities.FileLogger write
INFO: >>> startNewReplica >>> Starting a new R2...

Aug 09, 2020 12:58:15 AM Utilities.FileLogger write
INFO: >>> stoppingOldReplica >>> Stopping R3...

Aug 09, 2020 12:58:15 AM Utilities.FileLogger write
INFO: >>> startNewReplica >>> Starting a new R3...

Aug 09, 2020 12:58:36 AM Utilities.FileLogger write
INFO: >>> stoppingOldReplica >>> Stopping R2...

Aug 09, 2020 12:58:36 AM Utilities.FileLogger write
INFO: >>> startNewReplica >>> Starting a new R2...

Aug 09, 2020 12:58:56 AM Utilities.FileLogger write
INFO: >>> stoppingOldReplica >>> Stopping R3...

Aug 09, 2020 12:58:56 AM Utilities.FileLogger write
INFO: >>> startNewReplica >>> Starting a new R3...

Aug 09, 2020 12:59:16 AM Utilities.FileLogger write
INFO: >>> stoppingOldReplica >>> Stopping R2...

Aug 09, 2020 1:01:43 AM Utilities.FileLogger write
INFO: >>> ReplicaManager >>> Creating Replica 1

Aug 09, 2020 1:01:43 AM Utilities.FileLogger write
INFO: >>> ReplicaManager >>> Starting Replica 1

Aug 09, 2020 1:01:44 AM Utilities.FileLogger write
INFO: >>> ReplicaManager >>> Creating Replica 2

Aug 09, 2020 1:01:44 AM Utilities.FileLogger write
INFO: >>> ReplicaManager >>> Starting Replica 2

Aug 09, 2020 1:01:44 AM Utilities.FileLogger write
INFO: >>> ReplicaManager >>> Creating Replica 3

Aug 09, 2020 1:01:44 AM Utilities.FileLogger write
INFO: >>> ReplicaManager >>> Starting Replica 3

Aug 09, 2020 1:12:18 AM Utilities.FileLogger write
INFO: >>> ReplicaManager >>> Creating Replica 1

Aug 09, 2020 1:12:18 AM Utilities.FileLogger write
INFO: >>> ReplicaManager >>> Starting Replica 1

Aug 09, 2020 1:12:18 AM Utilities.FileLogger write
INFO: >>> ReplicaManager >>> Creating Replica 2

Aug 09, 2020 1:12:18 AM Utilities.FileLogger write
INFO: >>> ReplicaManager >>> Starting Replica 2

Aug 09, 2020 1:12:19 AM Utilities.FileLogger write
INFO: >>> ReplicaManager >>> Creating Replica 3

Aug 09, 2020 1:12:19 AM Utilities.FileLogger write
INFO: >>> ReplicaManager >>> Starting Replica 3

Aug 09, 2020 1:12:19 AM Utilities.FileLogger write
INFO: >>> ReplicaManager >>> Starting UDP Heart Beat Monitor

Aug 09, 2020 1:12:38 AM Utilities.FileLogger write
INFO: >>> ReplicaManager >>> UDP Request arrived from Leader

Aug 09, 2020 1:44:56 AM Utilities.FileLogger write
INFO: >>> ReplicaManager >>> Creating Replica 1

Aug 09, 2020 1:44:56 AM Utilities.FileLogger write
INFO: >>> ReplicaManager >>> Starting Replica 1

Aug 09, 2020 1:44:57 AM Utilities.FileLogger write
INFO: >>> ReplicaManager >>> Creating Replica 2

Aug 09, 2020 1:44:57 AM Utilities.FileLogger write
INFO: >>> ReplicaManager >>> Starting Replica 2

Aug 09, 2020 1:44:59 AM Utilities.FileLogger write
INFO: >>> ReplicaManager >>> Creating Replica 3

Aug 09, 2020 1:44:59 AM Utilities.FileLogger write
INFO: >>> ReplicaManager >>> Starting Replica 3

Aug 09, 2020 1:45:00 AM Utilities.FileLogger write
INFO: >>> ReplicaManager >>> Starting UDP Heart Beat Monitor

Aug 09, 2020 1:45:36 AM Utilities.FileLogger write
INFO: >>> ReplicaManager >>> Creating Replica 1

Aug 09, 2020 1:45:36 AM Utilities.FileLogger write
INFO: >>> ReplicaManager >>> Starting Replica 1

Aug 09, 2020 1:45:38 AM Utilities.FileLogger write
INFO: >>> ReplicaManager >>> Creating Replica 2

Aug 09, 2020 1:45:38 AM Utilities.FileLogger write
INFO: >>> ReplicaManager >>> Starting Replica 2

Aug 09, 2020 1:45:40 AM Utilities.FileLogger write
INFO: >>> ReplicaManager >>> Creating Replica 3

Aug 09, 2020 1:45:40 AM Utilities.FileLogger write
INFO: >>> ReplicaManager >>> Starting Replica 3

Aug 09, 2020 1:45:41 AM Utilities.FileLogger write
INFO: >>> ReplicaManager >>> Starting UDP Heart Beat Monitor

Aug 09, 2020 1:45:57 AM Utilities.FileLogger write
INFO: >>> ReplicaManager >>> UDP Request arrived from Leader

Aug 09, 2020 1:45:57 AM Utilities.FileLogger write
INFO: >>> UDPServerRequestProcessor >>> request >>> T|T|F

Aug 09, 2020 1:46:31 AM Utilities.FileLogger write
INFO: >>> ReplicaManager >>> UDP Request arrived from Leader

Aug 09, 2020 1:46:31 AM Utilities.FileLogger write
INFO: >>> UDPServerRequestProcessor >>> request >>> T|T|F

Aug 09, 2020 1:49:20 AM Utilities.FileLogger write
INFO: >>> ReplicaManager >>> UDP Request arrived from Leader

Aug 09, 2020 1:49:20 AM Utilities.FileLogger write
INFO: >>> UDPServerRequestProcessor >>> request >>> T|T|F

Aug 09, 2020 1:49:20 AM Utilities.FileLogger write
INFO: >>> UDPServer >>> Reciving request

Aug 09, 2020 1:49:20 AM Utilities.FileLogger write
INFO: >>> UDPServer >>> Sending response of UDP request

Aug 09, 2020 1:49:20 AM Utilities.FileLogger write
INFO: >>> stoppingOldReplica >>> Stopping R3...

Aug 09, 2020 1:49:20 AM Utilities.FileLogger write
INFO: >>> startNewReplica >>> Starting a new R3...

Aug 09, 2020 1:49:40 AM Utilities.FileLogger write
INFO: >>> stoppingOldReplica >>> Stopping R3...

Aug 09, 2020 1:49:40 AM Utilities.FileLogger write
INFO: >>> startNewReplica >>> Starting a new R3...

Aug 09, 2020 1:50:38 AM Utilities.FileLogger write
INFO: >>> ReplicaManager >>> UDP Request arrived from Leader

Aug 09, 2020 1:50:38 AM Utilities.FileLogger write
INFO: >>> UDPServerRequestProcessor >>> request >>> T|T|T

Aug 09, 2020 2:45:49 AM Utilities.FileLogger write
INFO: >>> ReplicaManager >>> Creating Replica 1

Aug 09, 2020 2:45:49 AM Utilities.FileLogger write
INFO: >>> ReplicaManager >>> Starting Replica 1

Aug 09, 2020 2:45:50 AM Utilities.FileLogger write
INFO: >>> ReplicaManager >>> Creating Replica 2

Aug 09, 2020 2:45:50 AM Utilities.FileLogger write
INFO: >>> ReplicaManager >>> Starting Replica 2

Aug 09, 2020 2:45:51 AM Utilities.FileLogger write
INFO: >>> ReplicaManager >>> Creating Replica 3

Aug 09, 2020 2:45:51 AM Utilities.FileLogger write
INFO: >>> ReplicaManager >>> Starting Replica 3

Aug 09, 2020 2:45:52 AM Utilities.FileLogger write
INFO: >>> ReplicaManager >>> Starting UDP Heart Beat Monitor

Aug 09, 2020 2:46:08 AM Utilities.FileLogger write
INFO: >>> ReplicaManager >>> UDP Request arrived from Leader

Aug 09, 2020 2:46:08 AM Utilities.FileLogger write
INFO: >>> UDPServerRequestProcessor >>> request >>> T|T|F

Aug 09, 2020 2:46:26 AM Utilities.FileLogger write
INFO: >>> ReplicaManager >>> UDP Request arrived from Leader

Aug 09, 2020 2:46:26 AM Utilities.FileLogger write
INFO: >>> UDPServerRequestProcessor >>> request >>> T|T|F

Aug 09, 2020 2:46:57 AM Utilities.FileLogger write
INFO: >>> ReplicaManager >>> UDP Request arrived from Leader

Aug 09, 2020 2:46:57 AM Utilities.FileLogger write
INFO: >>> UDPServer >>> Reciving request

Aug 09, 2020 2:46:57 AM Utilities.FileLogger write
INFO: >>> UDPServer >>> Reciving request >>> UDP Heart Beat

Aug 09, 2020 2:46:57 AM Utilities.FileLogger write
INFO: >>> UDPServerRequestProcessor >>> request >>> T|T|F

Aug 09, 2020 2:46:57 AM Utilities.FileLogger write
INFO: >>> UDPServer >>> Reciving request >>> UDP Heart Beat

Aug 09, 2020 2:46:57 AM Utilities.FileLogger write
INFO: >>> stoppingOldReplica >>> Stopping R3...

Aug 09, 2020 2:46:58 AM Utilities.FileLogger write
INFO: >>> startNewReplica >>> Starting a new R3...

Aug 09, 2020 2:47:18 AM Utilities.FileLogger write
INFO: >>> stoppingOldReplica >>> Stopping R3...

Aug 09, 2020 2:47:18 AM Utilities.FileLogger write
INFO: >>> startNewReplica >>> Starting a new R3...

Aug 09, 2020 2:48:02 AM Utilities.FileLogger write
INFO: >>> ReplicaManager >>> UDP Request arrived from Leader

Aug 09, 2020 2:48:02 AM Utilities.FileLogger write
INFO: >>> UDPServer >>> Reciving request

Aug 09, 2020 2:48:02 AM Utilities.FileLogger write
INFO: >>> UDPServerRequestProcessor >>> request >>> T|T|T

Aug 09, 2020 2:48:45 AM Utilities.FileLogger write
INFO: >>> ReplicaManager >>> UDP Request arrived from Leader

Aug 09, 2020 2:48:45 AM Utilities.FileLogger write
INFO: >>> UDPServerRequestProcessor >>> request >>> T|T|T

Aug 09, 2020 2:48:45 AM Utilities.FileLogger write
INFO: >>> UDPServer >>> Reciving request >>> UDP Heart Beat

Aug 09, 2020 2:49:08 AM Utilities.FileLogger write
INFO: >>> ReplicaManager >>> UDP Request arrived from Leader

Aug 09, 2020 2:49:08 AM Utilities.FileLogger write
INFO: >>> UDPServerRequestProcessor >>> request >>> T|T|T

Aug 09, 2020 2:49:46 AM Utilities.FileLogger write
INFO: >>> ReplicaManager >>> UDP Request arrived from Leader

Aug 09, 2020 2:49:46 AM Utilities.FileLogger write
INFO: >>> UDPServerRequestProcessor >>> request >>> T|T|T

