Jun 12, 2020 12:03:12 AM Logger.FileLogger write
INFO: >>> createPlayerAccount

Jun 12, 2020 12:03:12 AM Logger.FileLogger write
INFO: >>> createPlayerAccount >>> username >>> Morce123

Jun 12, 2020 12:03:12 AM Logger.FileLogger write
INFO: >>> createPlayerAccount >>> firstname >>> Daly

Jun 12, 2020 12:03:12 AM Logger.FileLogger write
INFO: >>> createPlayerAccount >>> lastname >>> Morce

Jun 12, 2020 12:03:12 AM Logger.FileLogger write
INFO: >>> createPlayerAccount >>> password >>> Morce123

Jun 12, 2020 12:03:12 AM Logger.FileLogger write
INFO: >>> createPlayerAccount >>> age >>> 15

Jun 12, 2020 12:03:12 AM Logger.FileLogger write
INFO: >>> createPlayerAccount >>> ipadddress >>> 132.34.2.2

Jun 12, 2020 12:03:12 AM Logger.FileLogger write
INFO: >>> createPlayerAccount >>> User information stored

Jun 12, 2020 12:25:24 AM Logger.FileLogger write
INFO: >>> createPlayerAccount

Jun 12, 2020 12:25:24 AM Logger.FileLogger write
INFO: >>> createPlayerAccount >>> username >>> Morce123

Jun 12, 2020 12:25:24 AM Logger.FileLogger write
INFO: >>> createPlayerAccount >>> firstname >>> Daly

Jun 12, 2020 12:25:24 AM Logger.FileLogger write
INFO: >>> createPlayerAccount >>> lastname >>> Morce

Jun 12, 2020 12:25:24 AM Logger.FileLogger write
INFO: >>> createPlayerAccount >>> password >>> Morce123

Jun 12, 2020 12:25:24 AM Logger.FileLogger write
INFO: >>> createPlayerAccount >>> age >>> 15

Jun 12, 2020 12:25:24 AM Logger.FileLogger write
INFO: >>> createPlayerAccount >>> ipadddress >>> 132.34.2.2

Jun 12, 2020 12:25:24 AM Logger.FileLogger write
INFO: >>> createPlayerAccount >>> User information stored

Jun 12, 2020 3:47:41 PM Logger.FileLogger write
INFO: >>> createPlayerAccount

Jun 12, 2020 3:47:41 PM Logger.FileLogger write
INFO: >>> createPlayerAccount >>> username >>> Morce123

Jun 12, 2020 3:47:41 PM Logger.FileLogger write
INFO: >>> createPlayerAccount >>> firstname >>> Daly

Jun 12, 2020 3:47:41 PM Logger.FileLogger write
INFO: >>> createPlayerAccount >>> lastname >>> Morce

Jun 12, 2020 3:47:41 PM Logger.FileLogger write
INFO: >>> createPlayerAccount >>> password >>> Morce123

Jun 12, 2020 3:47:41 PM Logger.FileLogger write
INFO: >>> createPlayerAccount >>> age >>> 15

Jun 12, 2020 3:47:41 PM Logger.FileLogger write
INFO: >>> createPlayerAccount >>> ipadddress >>> 132.34.2.2

Jun 12, 2020 3:47:41 PM Logger.FileLogger write
INFO: >>> createPlayerAccount >>> User information stored

Jun 12, 2020 3:50:37 PM Logger.FileLogger write
INFO: >>> createPlayerAccount

Jun 12, 2020 3:50:37 PM Logger.FileLogger write
INFO: >>> createPlayerAccount >>> username >>> Morce123

Jun 12, 2020 3:50:37 PM Logger.FileLogger write
INFO: >>> createPlayerAccount >>> firstname >>> Daly

Jun 12, 2020 3:50:37 PM Logger.FileLogger write
INFO: >>> createPlayerAccount >>> lastname >>> Morce

Jun 12, 2020 3:50:37 PM Logger.FileLogger write
INFO: >>> createPlayerAccount >>> password >>> Morce123

Jun 12, 2020 3:50:37 PM Logger.FileLogger write
INFO: >>> createPlayerAccount >>> age >>> 15

Jun 12, 2020 3:50:37 PM Logger.FileLogger write
INFO: >>> createPlayerAccount >>> ipadddress >>> 132.34.2.2

Jun 12, 2020 3:50:37 PM Logger.FileLogger write
INFO: >>> createPlayerAccount >>> User information stored

Jun 12, 2020 5:40:17 PM Logger.FileLogger write
INFO: >>> createPlayerAccount

Jun 12, 2020 5:40:17 PM Logger.FileLogger write
INFO: >>> createPlayerAccount >>> username >>> Morce123

Jun 12, 2020 5:40:17 PM Logger.FileLogger write
INFO: >>> createPlayerAccount >>> firstname >>> Daly

Jun 12, 2020 5:40:17 PM Logger.FileLogger write
INFO: >>> createPlayerAccount >>> lastname >>> Morce

Jun 12, 2020 5:40:17 PM Logger.FileLogger write
INFO: >>> createPlayerAccount >>> password >>> Morce123

Jun 12, 2020 5:40:17 PM Logger.FileLogger write
INFO: >>> createPlayerAccount >>> age >>> 15

Jun 12, 2020 5:40:17 PM Logger.FileLogger write
INFO: >>> createPlayerAccount >>> ipadddress >>> 132.34.2.2

Jun 12, 2020 5:40:17 PM Logger.FileLogger write
INFO: >>> createPlayerAccount >>> User information stored

Jun 12, 2020 5:50:19 PM Logger.FileLogger write
INFO: >>> createPlayerAccount

Jun 12, 2020 5:50:19 PM Logger.FileLogger write
INFO: >>> createPlayerAccount >>> username >>> Morce123

Jun 12, 2020 5:50:19 PM Logger.FileLogger write
INFO: >>> createPlayerAccount >>> firstname >>> Daly

Jun 12, 2020 5:50:19 PM Logger.FileLogger write
INFO: >>> createPlayerAccount >>> lastname >>> Morce

Jun 12, 2020 5:50:19 PM Logger.FileLogger write
INFO: >>> createPlayerAccount >>> password >>> Morce123

Jun 12, 2020 5:50:19 PM Logger.FileLogger write
INFO: >>> createPlayerAccount >>> age >>> 15

Jun 12, 2020 5:50:19 PM Logger.FileLogger write
INFO: >>> createPlayerAccount >>> ipadddress >>> 132.34.2.2

Jun 12, 2020 5:50:19 PM Logger.FileLogger write
INFO: >>> createPlayerAccount >>> User information stored

Jun 12, 2020 5:53:02 PM Logger.FileLogger write
INFO: >>> createPlayerAccount

Jun 12, 2020 5:53:02 PM Logger.FileLogger write
INFO: >>> createPlayerAccount >>> username >>> Morce123

Jun 12, 2020 5:53:02 PM Logger.FileLogger write
INFO: >>> createPlayerAccount >>> firstname >>> Daly

Jun 12, 2020 5:53:02 PM Logger.FileLogger write
INFO: >>> createPlayerAccount >>> lastname >>> Morce

Jun 12, 2020 5:53:02 PM Logger.FileLogger write
INFO: >>> createPlayerAccount >>> password >>> Morce123

Jun 12, 2020 5:53:02 PM Logger.FileLogger write
INFO: >>> createPlayerAccount >>> age >>> 15

Jun 12, 2020 5:53:02 PM Logger.FileLogger write
INFO: >>> createPlayerAccount >>> ipadddress >>> 132.34.2.2

Jun 12, 2020 5:53:02 PM Logger.FileLogger write
INFO: >>> createPlayerAccount >>> User information stored

Jun 12, 2020 6:05:34 PM Logger.FileLogger write
INFO: >>> createPlayerAccount

Jun 12, 2020 6:05:34 PM Logger.FileLogger write
INFO: >>> createPlayerAccount >>> username >>> Morce123

Jun 12, 2020 6:05:34 PM Logger.FileLogger write
INFO: >>> createPlayerAccount >>> firstname >>> Daly

Jun 12, 2020 6:05:34 PM Logger.FileLogger write
INFO: >>> createPlayerAccount >>> lastname >>> Morce

Jun 12, 2020 6:05:34 PM Logger.FileLogger write
INFO: >>> createPlayerAccount >>> password >>> Morce123

Jun 12, 2020 6:05:34 PM Logger.FileLogger write
INFO: >>> createPlayerAccount >>> age >>> 15

Jun 12, 2020 6:05:34 PM Logger.FileLogger write
INFO: >>> createPlayerAccount >>> ipadddress >>> 132.34.2.2

Jun 12, 2020 6:05:34 PM Logger.FileLogger write
INFO: >>> createPlayerAccount >>> User information stored

Jun 12, 2020 9:35:34 PM Logger.FileLogger write
INFO: >>> createPlayerAccount

Jun 12, 2020 9:35:34 PM Logger.FileLogger write
INFO: >>> createPlayerAccount >>> username >>> Morce123

Jun 12, 2020 9:35:34 PM Logger.FileLogger write
INFO: >>> createPlayerAccount >>> firstname >>> Daly

Jun 12, 2020 9:35:34 PM Logger.FileLogger write
INFO: >>> createPlayerAccount >>> lastname >>> Morce

Jun 12, 2020 9:35:34 PM Logger.FileLogger write
INFO: >>> createPlayerAccount >>> password >>> Morce123

Jun 12, 2020 9:35:34 PM Logger.FileLogger write
INFO: >>> createPlayerAccount >>> age >>> 15

Jun 12, 2020 9:35:34 PM Logger.FileLogger write
INFO: >>> createPlayerAccount >>> ipadddress >>> 132.34.2.2

Jun 12, 2020 9:35:34 PM Logger.FileLogger write
INFO: >>> createPlayerAccount >>> User information stored

Jun 12, 2020 9:50:44 PM Logger.FileLogger write
INFO: >>> createPlayerAccount

Jun 12, 2020 9:50:44 PM Logger.FileLogger write
INFO: >>> createPlayerAccount >>> username >>> Morce123

Jun 12, 2020 9:50:44 PM Logger.FileLogger write
INFO: >>> createPlayerAccount >>> firstname >>> Daly

Jun 12, 2020 9:50:44 PM Logger.FileLogger write
INFO: >>> createPlayerAccount >>> lastname >>> Morce

Jun 12, 2020 9:50:44 PM Logger.FileLogger write
INFO: >>> createPlayerAccount >>> password >>> Morce123

Jun 12, 2020 9:50:44 PM Logger.FileLogger write
INFO: >>> createPlayerAccount >>> age >>> 15

Jun 12, 2020 9:50:44 PM Logger.FileLogger write
INFO: >>> createPlayerAccount >>> ipadddress >>> 132.34.2.2

Jun 12, 2020 9:50:44 PM Logger.FileLogger write
INFO: >>> createPlayerAccount >>> User information stored

Jun 12, 2020 9:55:57 PM Logger.FileLogger write
INFO: >>> createPlayerAccount

Jun 12, 2020 9:55:57 PM Logger.FileLogger write
INFO: >>> createPlayerAccount >>> username >>> Morce123

Jun 12, 2020 9:55:57 PM Logger.FileLogger write
INFO: >>> createPlayerAccount >>> firstname >>> Daly

Jun 12, 2020 9:55:57 PM Logger.FileLogger write
INFO: >>> createPlayerAccount >>> lastname >>> Morce

Jun 12, 2020 9:55:57 PM Logger.FileLogger write
INFO: >>> createPlayerAccount >>> password >>> Morce123

Jun 12, 2020 9:55:57 PM Logger.FileLogger write
INFO: >>> createPlayerAccount >>> age >>> 15

Jun 12, 2020 9:55:57 PM Logger.FileLogger write
INFO: >>> createPlayerAccount >>> ipadddress >>> 132.34.2.2

Jun 12, 2020 9:55:57 PM Logger.FileLogger write
INFO: >>> createPlayerAccount >>> User information stored

Jun 12, 2020 10:10:10 PM Logger.FileLogger write
INFO: >>> createPlayerAccount

Jun 12, 2020 10:10:10 PM Logger.FileLogger write
INFO: >>> createPlayerAccount >>> username >>> Morce123

Jun 12, 2020 10:10:10 PM Logger.FileLogger write
INFO: >>> createPlayerAccount >>> firstname >>> Daly

Jun 12, 2020 10:10:10 PM Logger.FileLogger write
INFO: >>> createPlayerAccount >>> lastname >>> Morce

Jun 12, 2020 10:10:10 PM Logger.FileLogger write
INFO: >>> createPlayerAccount >>> password >>> Morce123

Jun 12, 2020 10:10:10 PM Logger.FileLogger write
INFO: >>> createPlayerAccount >>> age >>> 15

Jun 12, 2020 10:10:10 PM Logger.FileLogger write
INFO: >>> createPlayerAccount >>> ipadddress >>> 132.34.2.2

Jun 12, 2020 10:10:10 PM Logger.FileLogger write
INFO: >>> createPlayerAccount >>> User information stored

Jun 12, 2020 10:12:47 PM Logger.FileLogger write
INFO: >>> createPlayerAccount

Jun 12, 2020 10:12:47 PM Logger.FileLogger write
INFO: >>> createPlayerAccount >>> username >>> Morce123

Jun 12, 2020 10:12:47 PM Logger.FileLogger write
INFO: >>> createPlayerAccount >>> firstname >>> Daly

Jun 12, 2020 10:12:47 PM Logger.FileLogger write
INFO: >>> createPlayerAccount >>> lastname >>> Morce

Jun 12, 2020 10:12:47 PM Logger.FileLogger write
INFO: >>> createPlayerAccount >>> password >>> Morce123

Jun 12, 2020 10:12:47 PM Logger.FileLogger write
INFO: >>> createPlayerAccount >>> age >>> 15

Jun 12, 2020 10:12:47 PM Logger.FileLogger write
INFO: >>> createPlayerAccount >>> ipadddress >>> 132.34.2.2

Jun 12, 2020 10:12:47 PM Logger.FileLogger write
INFO: >>> createPlayerAccount >>> User information stored

