Jul 04, 2020 9:18:33 PM Logger.FileLogger write
INFO: >>> createPlayerAccount

Jul 04, 2020 9:18:33 PM Logger.FileLogger write
INFO: >>> createPlayerAccount >>> username >>> Bruce123

Jul 04, 2020 9:18:33 PM Logger.FileLogger write
INFO: >>> createPlayerAccount >>> firstname >>> Bruce

Jul 04, 2020 9:18:33 PM Logger.FileLogger write
INFO: >>> createPlayerAccount >>> lastname >>> Nguyen

Jul 04, 2020 9:18:33 PM Logger.FileLogger write
INFO: >>> createPlayerAccount >>> password >>> Bruce123

Jul 04, 2020 9:18:33 PM Logger.FileLogger write
INFO: >>> createPlayerAccount >>> age >>> 19

Jul 04, 2020 9:18:33 PM Logger.FileLogger write
INFO: >>> createPlayerAccount >>> ipadddress >>> 182.34.2.1

Jul 04, 2020 9:18:33 PM Logger.FileLogger write
INFO: >>> createPlayerAccount >>> User information stored

Jul 04, 2020 9:18:33 PM Logger.FileLogger write
INFO: >>> createPlayerAccount

Jul 04, 2020 9:18:33 PM Logger.FileLogger write
INFO: >>> createPlayerAccount >>> username >>> Charles123

Jul 04, 2020 9:18:33 PM Logger.FileLogger write
INFO: >>> createPlayerAccount >>> firstname >>> Charles

Jul 04, 2020 9:18:33 PM Logger.FileLogger write
INFO: >>> createPlayerAccount >>> lastname >>> Lee

Jul 04, 2020 9:18:33 PM Logger.FileLogger write
INFO: >>> createPlayerAccount >>> password >>> Charles123

Jul 04, 2020 9:18:33 PM Logger.FileLogger write
INFO: >>> createPlayerAccount >>> age >>> 15

Jul 04, 2020 9:18:33 PM Logger.FileLogger write
INFO: >>> createPlayerAccount >>> ipadddress >>> 182.34.2.2

Jul 04, 2020 9:18:33 PM Logger.FileLogger write
INFO: >>> createPlayerAccount >>> User information stored

Jul 04, 2020 9:18:33 PM Logger.FileLogger write
INFO: >>> createPlayerAccount

Jul 04, 2020 9:18:33 PM Logger.FileLogger write
INFO: >>> createPlayerAccount >>> username >>> Adak123

Jul 04, 2020 9:18:33 PM Logger.FileLogger write
INFO: >>> createPlayerAccount >>> firstname >>> Ada

Jul 04, 2020 9:18:33 PM Logger.FileLogger write
INFO: >>> createPlayerAccount >>> lastname >>> Kim

Jul 04, 2020 9:18:33 PM Logger.FileLogger write
INFO: >>> createPlayerAccount >>> password >>> Adak123

Jul 04, 2020 9:18:33 PM Logger.FileLogger write
INFO: >>> createPlayerAccount >>> age >>> 18

Jul 04, 2020 9:18:33 PM Logger.FileLogger write
INFO: >>> createPlayerAccount >>> ipadddress >>> 182.34.2.3

Jul 04, 2020 9:18:33 PM Logger.FileLogger write
INFO: >>> createPlayerAccount >>> User information stored

Jul 04, 2020 9:18:33 PM Logger.FileLogger write
INFO: >>> createPlayerAccount

Jul 04, 2020 9:18:33 PM Logger.FileLogger write
INFO: >>> createPlayerAccount >>> username >>> Varun123

Jul 04, 2020 9:18:33 PM Logger.FileLogger write
INFO: >>> createPlayerAccount >>> firstname >>> Varun

Jul 04, 2020 9:18:33 PM Logger.FileLogger write
INFO: >>> createPlayerAccount >>> lastname >>> Patel

Jul 04, 2020 9:18:33 PM Logger.FileLogger write
INFO: >>> createPlayerAccount >>> password >>> Varun123

Jul 04, 2020 9:18:33 PM Logger.FileLogger write
INFO: >>> createPlayerAccount >>> age >>> 20

Jul 04, 2020 9:18:33 PM Logger.FileLogger write
INFO: >>> createPlayerAccount >>> ipadddress >>> 182.34.2.4

Jul 04, 2020 9:18:33 PM Logger.FileLogger write
INFO: >>> createPlayerAccount >>> User information stored

Jul 04, 2020 9:18:33 PM Logger.FileLogger write
INFO: >>> createPlayerAccount

Jul 04, 2020 9:18:33 PM Logger.FileLogger write
INFO: >>> createPlayerAccount >>> username >>> Kevin123

Jul 04, 2020 9:18:33 PM Logger.FileLogger write
INFO: >>> createPlayerAccount >>> firstname >>> Kevin

Jul 04, 2020 9:18:33 PM Logger.FileLogger write
INFO: >>> createPlayerAccount >>> lastname >>> Tran

Jul 04, 2020 9:18:33 PM Logger.FileLogger write
INFO: >>> createPlayerAccount >>> password >>> Kevin123

Jul 04, 2020 9:18:33 PM Logger.FileLogger write
INFO: >>> createPlayerAccount >>> age >>> 23

Jul 04, 2020 9:18:33 PM Logger.FileLogger write
INFO: >>> createPlayerAccount >>> ipadddress >>> 182.34.2.5

Jul 04, 2020 9:18:33 PM Logger.FileLogger write
INFO: >>> createPlayerAccount >>> User information stored

Jul 04, 2020 9:23:37 PM Logger.FileLogger write
INFO: >>> createPlayerAccount

Jul 04, 2020 9:23:37 PM Logger.FileLogger write
INFO: >>> createPlayerAccount >>> username >>> Bruce123

Jul 04, 2020 9:23:37 PM Logger.FileLogger write
INFO: >>> createPlayerAccount >>> firstname >>> Bruce

Jul 04, 2020 9:23:37 PM Logger.FileLogger write
INFO: >>> createPlayerAccount >>> lastname >>> Nguyen

Jul 04, 2020 9:23:37 PM Logger.FileLogger write
INFO: >>> createPlayerAccount >>> password >>> Bruce123

Jul 04, 2020 9:23:37 PM Logger.FileLogger write
INFO: >>> createPlayerAccount >>> age >>> 19

Jul 04, 2020 9:23:37 PM Logger.FileLogger write
INFO: >>> createPlayerAccount >>> ipadddress >>> 182.34.2.1

Jul 04, 2020 9:23:37 PM Logger.FileLogger write
INFO: >>> createPlayerAccount >>> User information stored

Jul 04, 2020 9:23:37 PM Logger.FileLogger write
INFO: >>> createPlayerAccount

Jul 04, 2020 9:23:37 PM Logger.FileLogger write
INFO: >>> createPlayerAccount >>> username >>> Charles123

Jul 04, 2020 9:23:37 PM Logger.FileLogger write
INFO: >>> createPlayerAccount >>> firstname >>> Charles

Jul 04, 2020 9:23:37 PM Logger.FileLogger write
INFO: >>> createPlayerAccount >>> lastname >>> Lee

Jul 04, 2020 9:23:37 PM Logger.FileLogger write
INFO: >>> createPlayerAccount >>> password >>> Charles123

Jul 04, 2020 9:23:37 PM Logger.FileLogger write
INFO: >>> createPlayerAccount >>> age >>> 15

Jul 04, 2020 9:23:37 PM Logger.FileLogger write
INFO: >>> createPlayerAccount >>> ipadddress >>> 182.34.2.2

Jul 04, 2020 9:23:37 PM Logger.FileLogger write
INFO: >>> createPlayerAccount >>> User information stored

Jul 04, 2020 9:23:37 PM Logger.FileLogger write
INFO: >>> createPlayerAccount

Jul 04, 2020 9:23:37 PM Logger.FileLogger write
INFO: >>> createPlayerAccount >>> username >>> Adak123

Jul 04, 2020 9:23:37 PM Logger.FileLogger write
INFO: >>> createPlayerAccount >>> firstname >>> Ada

Jul 04, 2020 9:23:37 PM Logger.FileLogger write
INFO: >>> createPlayerAccount >>> lastname >>> Kim

Jul 04, 2020 9:23:37 PM Logger.FileLogger write
INFO: >>> createPlayerAccount >>> password >>> Adak123

Jul 04, 2020 9:23:37 PM Logger.FileLogger write
INFO: >>> createPlayerAccount >>> age >>> 18

Jul 04, 2020 9:23:37 PM Logger.FileLogger write
INFO: >>> createPlayerAccount >>> ipadddress >>> 182.34.2.3

Jul 04, 2020 9:23:37 PM Logger.FileLogger write
INFO: >>> createPlayerAccount >>> User information stored

Jul 04, 2020 9:23:37 PM Logger.FileLogger write
INFO: >>> createPlayerAccount

Jul 04, 2020 9:23:37 PM Logger.FileLogger write
INFO: >>> createPlayerAccount >>> username >>> Varun123

Jul 04, 2020 9:23:37 PM Logger.FileLogger write
INFO: >>> createPlayerAccount >>> firstname >>> Varun

Jul 04, 2020 9:23:37 PM Logger.FileLogger write
INFO: >>> createPlayerAccount >>> lastname >>> Patel

Jul 04, 2020 9:23:37 PM Logger.FileLogger write
INFO: >>> createPlayerAccount >>> password >>> Varun123

Jul 04, 2020 9:23:37 PM Logger.FileLogger write
INFO: >>> createPlayerAccount >>> age >>> 20

Jul 04, 2020 9:23:37 PM Logger.FileLogger write
INFO: >>> createPlayerAccount >>> ipadddress >>> 182.34.2.4

Jul 04, 2020 9:23:37 PM Logger.FileLogger write
INFO: >>> createPlayerAccount >>> User information stored

Jul 04, 2020 9:23:37 PM Logger.FileLogger write
INFO: >>> createPlayerAccount

Jul 04, 2020 9:23:37 PM Logger.FileLogger write
INFO: >>> createPlayerAccount >>> username >>> Kevin123

Jul 04, 2020 9:23:37 PM Logger.FileLogger write
INFO: >>> createPlayerAccount >>> firstname >>> Kevin

Jul 04, 2020 9:23:37 PM Logger.FileLogger write
INFO: >>> createPlayerAccount >>> lastname >>> Tran

Jul 04, 2020 9:23:37 PM Logger.FileLogger write
INFO: >>> createPlayerAccount >>> password >>> Kevin123

Jul 04, 2020 9:23:37 PM Logger.FileLogger write
INFO: >>> createPlayerAccount >>> age >>> 23

Jul 04, 2020 9:23:37 PM Logger.FileLogger write
INFO: >>> createPlayerAccount >>> ipadddress >>> 182.34.2.5

Jul 04, 2020 9:23:37 PM Logger.FileLogger write
INFO: >>> createPlayerAccount >>> User information stored

Jul 04, 2020 9:48:11 PM Logger.FileLogger write
INFO: >>> createPlayerAccount

Jul 04, 2020 9:48:11 PM Logger.FileLogger write
INFO: >>> createPlayerAccount >>> username >>> Bruce123

Jul 04, 2020 9:48:11 PM Logger.FileLogger write
INFO: >>> createPlayerAccount >>> firstname >>> Bruce

Jul 04, 2020 9:48:11 PM Logger.FileLogger write
INFO: >>> createPlayerAccount >>> lastname >>> Nguyen

Jul 04, 2020 9:48:11 PM Logger.FileLogger write
INFO: >>> createPlayerAccount >>> password >>> Bruce123

Jul 04, 2020 9:48:11 PM Logger.FileLogger write
INFO: >>> createPlayerAccount >>> age >>> 19

Jul 04, 2020 9:48:11 PM Logger.FileLogger write
INFO: >>> createPlayerAccount >>> ipadddress >>> 182.34.2.1

Jul 04, 2020 9:48:11 PM Logger.FileLogger write
INFO: >>> createPlayerAccount >>> User information stored

Jul 04, 2020 9:48:11 PM Logger.FileLogger write
INFO: >>> createPlayerAccount

Jul 04, 2020 9:48:11 PM Logger.FileLogger write
INFO: >>> createPlayerAccount >>> username >>> Charles123

Jul 04, 2020 9:48:11 PM Logger.FileLogger write
INFO: >>> createPlayerAccount >>> firstname >>> Charles

Jul 04, 2020 9:48:11 PM Logger.FileLogger write
INFO: >>> createPlayerAccount >>> lastname >>> Lee

Jul 04, 2020 9:48:11 PM Logger.FileLogger write
INFO: >>> createPlayerAccount >>> password >>> Charles123

Jul 04, 2020 9:48:11 PM Logger.FileLogger write
INFO: >>> createPlayerAccount >>> age >>> 15

Jul 04, 2020 9:48:11 PM Logger.FileLogger write
INFO: >>> createPlayerAccount >>> ipadddress >>> 182.34.2.2

Jul 04, 2020 9:48:11 PM Logger.FileLogger write
INFO: >>> createPlayerAccount >>> User information stored

Jul 04, 2020 9:48:11 PM Logger.FileLogger write
INFO: >>> createPlayerAccount

Jul 04, 2020 9:48:11 PM Logger.FileLogger write
INFO: >>> createPlayerAccount >>> username >>> Adak123

Jul 04, 2020 9:48:11 PM Logger.FileLogger write
INFO: >>> createPlayerAccount >>> firstname >>> Ada

Jul 04, 2020 9:48:11 PM Logger.FileLogger write
INFO: >>> createPlayerAccount >>> lastname >>> Kim

Jul 04, 2020 9:48:11 PM Logger.FileLogger write
INFO: >>> createPlayerAccount >>> password >>> Adak123

Jul 04, 2020 9:48:11 PM Logger.FileLogger write
INFO: >>> createPlayerAccount >>> age >>> 18

Jul 04, 2020 9:48:11 PM Logger.FileLogger write
INFO: >>> createPlayerAccount >>> ipadddress >>> 182.34.2.3

Jul 04, 2020 9:48:11 PM Logger.FileLogger write
INFO: >>> createPlayerAccount >>> User information stored

Jul 04, 2020 9:48:11 PM Logger.FileLogger write
INFO: >>> createPlayerAccount

Jul 04, 2020 9:48:11 PM Logger.FileLogger write
INFO: >>> createPlayerAccount >>> username >>> Varun123

Jul 04, 2020 9:48:11 PM Logger.FileLogger write
INFO: >>> createPlayerAccount >>> firstname >>> Varun

Jul 04, 2020 9:48:11 PM Logger.FileLogger write
INFO: >>> createPlayerAccount >>> lastname >>> Patel

Jul 04, 2020 9:48:11 PM Logger.FileLogger write
INFO: >>> createPlayerAccount >>> password >>> Varun123

Jul 04, 2020 9:48:11 PM Logger.FileLogger write
INFO: >>> createPlayerAccount >>> age >>> 20

Jul 04, 2020 9:48:11 PM Logger.FileLogger write
INFO: >>> createPlayerAccount >>> ipadddress >>> 182.34.2.4

Jul 04, 2020 9:48:11 PM Logger.FileLogger write
INFO: >>> createPlayerAccount >>> User information stored

Jul 04, 2020 9:48:11 PM Logger.FileLogger write
INFO: >>> createPlayerAccount

Jul 04, 2020 9:48:11 PM Logger.FileLogger write
INFO: >>> createPlayerAccount >>> username >>> Kevin123

Jul 04, 2020 9:48:11 PM Logger.FileLogger write
INFO: >>> createPlayerAccount >>> firstname >>> Kevin

Jul 04, 2020 9:48:11 PM Logger.FileLogger write
INFO: >>> createPlayerAccount >>> lastname >>> Tran

Jul 04, 2020 9:48:11 PM Logger.FileLogger write
INFO: >>> createPlayerAccount >>> password >>> Kevin123

Jul 04, 2020 9:48:11 PM Logger.FileLogger write
INFO: >>> createPlayerAccount >>> age >>> 23

Jul 04, 2020 9:48:11 PM Logger.FileLogger write
INFO: >>> createPlayerAccount >>> ipadddress >>> 182.34.2.5

Jul 04, 2020 9:48:11 PM Logger.FileLogger write
INFO: >>> createPlayerAccount >>> User information stored

Jul 04, 2020 10:13:54 PM Logger.FileLogger write
INFO: >>> createPlayerAccount

Jul 04, 2020 10:13:54 PM Logger.FileLogger write
INFO: >>> createPlayerAccount >>> username >>> Bruce123

Jul 04, 2020 10:13:54 PM Logger.FileLogger write
INFO: >>> createPlayerAccount >>> firstname >>> Bruce

Jul 04, 2020 10:13:54 PM Logger.FileLogger write
INFO: >>> createPlayerAccount >>> lastname >>> Nguyen

Jul 04, 2020 10:13:54 PM Logger.FileLogger write
INFO: >>> createPlayerAccount >>> password >>> Bruce123

Jul 04, 2020 10:13:54 PM Logger.FileLogger write
INFO: >>> createPlayerAccount >>> age >>> 19

Jul 04, 2020 10:13:54 PM Logger.FileLogger write
INFO: >>> createPlayerAccount >>> ipadddress >>> 182.34.2.1

Jul 04, 2020 10:13:54 PM Logger.FileLogger write
INFO: >>> createPlayerAccount >>> User information stored

Jul 04, 2020 10:13:54 PM Logger.FileLogger write
INFO: >>> createPlayerAccount

Jul 04, 2020 10:13:54 PM Logger.FileLogger write
INFO: >>> createPlayerAccount >>> username >>> Charles123

Jul 04, 2020 10:13:54 PM Logger.FileLogger write
INFO: >>> createPlayerAccount >>> firstname >>> Charles

Jul 04, 2020 10:13:54 PM Logger.FileLogger write
INFO: >>> createPlayerAccount >>> lastname >>> Lee

Jul 04, 2020 10:13:54 PM Logger.FileLogger write
INFO: >>> createPlayerAccount >>> password >>> Charles123

Jul 04, 2020 10:13:54 PM Logger.FileLogger write
INFO: >>> createPlayerAccount >>> age >>> 15

Jul 04, 2020 10:13:54 PM Logger.FileLogger write
INFO: >>> createPlayerAccount >>> ipadddress >>> 182.34.2.2

Jul 04, 2020 10:13:54 PM Logger.FileLogger write
INFO: >>> createPlayerAccount >>> User information stored

Jul 04, 2020 10:13:54 PM Logger.FileLogger write
INFO: >>> createPlayerAccount

Jul 04, 2020 10:13:54 PM Logger.FileLogger write
INFO: >>> createPlayerAccount >>> username >>> Adak123

Jul 04, 2020 10:13:54 PM Logger.FileLogger write
INFO: >>> createPlayerAccount >>> firstname >>> Ada

Jul 04, 2020 10:13:54 PM Logger.FileLogger write
INFO: >>> createPlayerAccount >>> lastname >>> Kim

Jul 04, 2020 10:13:54 PM Logger.FileLogger write
INFO: >>> createPlayerAccount >>> password >>> Adak123

Jul 04, 2020 10:13:54 PM Logger.FileLogger write
INFO: >>> createPlayerAccount >>> age >>> 18

Jul 04, 2020 10:13:54 PM Logger.FileLogger write
INFO: >>> createPlayerAccount >>> ipadddress >>> 182.34.2.3

Jul 04, 2020 10:13:54 PM Logger.FileLogger write
INFO: >>> createPlayerAccount >>> User information stored

Jul 04, 2020 10:13:54 PM Logger.FileLogger write
INFO: >>> createPlayerAccount

Jul 04, 2020 10:13:54 PM Logger.FileLogger write
INFO: >>> createPlayerAccount >>> username >>> Varun123

Jul 04, 2020 10:13:54 PM Logger.FileLogger write
INFO: >>> createPlayerAccount >>> firstname >>> Varun

Jul 04, 2020 10:13:54 PM Logger.FileLogger write
INFO: >>> createPlayerAccount >>> lastname >>> Patel

Jul 04, 2020 10:13:54 PM Logger.FileLogger write
INFO: >>> createPlayerAccount >>> password >>> Varun123

Jul 04, 2020 10:13:54 PM Logger.FileLogger write
INFO: >>> createPlayerAccount >>> age >>> 20

Jul 04, 2020 10:13:54 PM Logger.FileLogger write
INFO: >>> createPlayerAccount >>> ipadddress >>> 182.34.2.4

Jul 04, 2020 10:13:54 PM Logger.FileLogger write
INFO: >>> createPlayerAccount >>> User information stored

Jul 04, 2020 10:13:54 PM Logger.FileLogger write
INFO: >>> createPlayerAccount

Jul 04, 2020 10:13:54 PM Logger.FileLogger write
INFO: >>> createPlayerAccount >>> username >>> Kevin123

Jul 04, 2020 10:13:54 PM Logger.FileLogger write
INFO: >>> createPlayerAccount >>> firstname >>> Kevin

Jul 04, 2020 10:13:54 PM Logger.FileLogger write
INFO: >>> createPlayerAccount >>> lastname >>> Tran

Jul 04, 2020 10:13:54 PM Logger.FileLogger write
INFO: >>> createPlayerAccount >>> password >>> Kevin123

Jul 04, 2020 10:13:54 PM Logger.FileLogger write
INFO: >>> createPlayerAccount >>> age >>> 23

Jul 04, 2020 10:13:54 PM Logger.FileLogger write
INFO: >>> createPlayerAccount >>> ipadddress >>> 182.34.2.5

Jul 04, 2020 10:13:54 PM Logger.FileLogger write
INFO: >>> createPlayerAccount >>> User information stored

Jul 04, 2020 10:19:42 PM Logger.FileLogger write
INFO: >>> createPlayerAccount

Jul 04, 2020 10:19:42 PM Logger.FileLogger write
INFO: >>> createPlayerAccount >>> username >>> Bruce123

Jul 04, 2020 10:19:42 PM Logger.FileLogger write
INFO: >>> createPlayerAccount >>> firstname >>> Bruce

Jul 04, 2020 10:19:42 PM Logger.FileLogger write
INFO: >>> createPlayerAccount >>> lastname >>> Nguyen

Jul 04, 2020 10:19:42 PM Logger.FileLogger write
INFO: >>> createPlayerAccount >>> password >>> Bruce123

Jul 04, 2020 10:19:42 PM Logger.FileLogger write
INFO: >>> createPlayerAccount >>> age >>> 19

Jul 04, 2020 10:19:42 PM Logger.FileLogger write
INFO: >>> createPlayerAccount >>> ipadddress >>> 182.34.2.1

Jul 04, 2020 10:19:42 PM Logger.FileLogger write
INFO: >>> createPlayerAccount >>> User information stored

Jul 04, 2020 10:19:42 PM Logger.FileLogger write
INFO: >>> createPlayerAccount

Jul 04, 2020 10:19:42 PM Logger.FileLogger write
INFO: >>> createPlayerAccount >>> username >>> Charles123

Jul 04, 2020 10:19:42 PM Logger.FileLogger write
INFO: >>> createPlayerAccount >>> firstname >>> Charles

Jul 04, 2020 10:19:42 PM Logger.FileLogger write
INFO: >>> createPlayerAccount >>> lastname >>> Lee

Jul 04, 2020 10:19:42 PM Logger.FileLogger write
INFO: >>> createPlayerAccount >>> password >>> Charles123

Jul 04, 2020 10:19:42 PM Logger.FileLogger write
INFO: >>> createPlayerAccount >>> age >>> 15

Jul 04, 2020 10:19:42 PM Logger.FileLogger write
INFO: >>> createPlayerAccount >>> ipadddress >>> 182.34.2.2

Jul 04, 2020 10:19:42 PM Logger.FileLogger write
INFO: >>> createPlayerAccount >>> User information stored

Jul 04, 2020 10:19:42 PM Logger.FileLogger write
INFO: >>> createPlayerAccount

Jul 04, 2020 10:19:42 PM Logger.FileLogger write
INFO: >>> createPlayerAccount >>> username >>> Adak123

Jul 04, 2020 10:19:42 PM Logger.FileLogger write
INFO: >>> createPlayerAccount >>> firstname >>> Ada

Jul 04, 2020 10:19:42 PM Logger.FileLogger write
INFO: >>> createPlayerAccount >>> lastname >>> Kim

Jul 04, 2020 10:19:42 PM Logger.FileLogger write
INFO: >>> createPlayerAccount >>> password >>> Adak123

Jul 04, 2020 10:19:42 PM Logger.FileLogger write
INFO: >>> createPlayerAccount >>> age >>> 18

Jul 04, 2020 10:19:42 PM Logger.FileLogger write
INFO: >>> createPlayerAccount >>> ipadddress >>> 182.34.2.3

Jul 04, 2020 10:19:42 PM Logger.FileLogger write
INFO: >>> createPlayerAccount >>> User information stored

Jul 04, 2020 10:19:42 PM Logger.FileLogger write
INFO: >>> createPlayerAccount

Jul 04, 2020 10:19:42 PM Logger.FileLogger write
INFO: >>> createPlayerAccount >>> username >>> Varun123

Jul 04, 2020 10:19:42 PM Logger.FileLogger write
INFO: >>> createPlayerAccount >>> firstname >>> Varun

Jul 04, 2020 10:19:42 PM Logger.FileLogger write
INFO: >>> createPlayerAccount >>> lastname >>> Patel

Jul 04, 2020 10:19:42 PM Logger.FileLogger write
INFO: >>> createPlayerAccount >>> password >>> Varun123

Jul 04, 2020 10:19:42 PM Logger.FileLogger write
INFO: >>> createPlayerAccount >>> age >>> 20

Jul 04, 2020 10:19:42 PM Logger.FileLogger write
INFO: >>> createPlayerAccount >>> ipadddress >>> 182.34.2.4

Jul 04, 2020 10:19:42 PM Logger.FileLogger write
INFO: >>> createPlayerAccount >>> User information stored

Jul 04, 2020 10:19:42 PM Logger.FileLogger write
INFO: >>> createPlayerAccount

Jul 04, 2020 10:19:42 PM Logger.FileLogger write
INFO: >>> createPlayerAccount >>> username >>> Kevin123

Jul 04, 2020 10:19:42 PM Logger.FileLogger write
INFO: >>> createPlayerAccount >>> firstname >>> Kevin

Jul 04, 2020 10:19:42 PM Logger.FileLogger write
INFO: >>> createPlayerAccount >>> lastname >>> Tran

Jul 04, 2020 10:19:42 PM Logger.FileLogger write
INFO: >>> createPlayerAccount >>> password >>> Kevin123

Jul 04, 2020 10:19:42 PM Logger.FileLogger write
INFO: >>> createPlayerAccount >>> age >>> 23

Jul 04, 2020 10:19:42 PM Logger.FileLogger write
INFO: >>> createPlayerAccount >>> ipadddress >>> 182.34.2.5

Jul 04, 2020 10:19:42 PM Logger.FileLogger write
INFO: >>> createPlayerAccount >>> User information stored

Jul 04, 2020 10:26:00 PM Logger.FileLogger write
INFO: >>> suspendAccount

Jul 04, 2020 10:26:00 PM Logger.FileLogger write
INFO: >>> suspendAccount >>> Admin Username >>> Admin

Jul 04, 2020 10:26:00 PM Logger.FileLogger write
INFO: >>> suspendAccount >>> Admin Password >>> Admin

Jul 04, 2020 10:26:00 PM Logger.FileLogger write
INFO: >>> suspendAccount >>> Admin IPAddress >>> 182.45.6.1

Jul 04, 2020 10:26:00 PM Logger.FileLogger write
INFO: >>> suspendAccount >>> Username To Suspend >>> Varun123

Jul 04, 2020 10:26:00 PM Logger.FileLogger write
INFO: >>> suspendAccount >>> A player account with "Varun123" username is suspended

Jul 04, 2020 10:26:00 PM Logger.FileLogger write
INFO: >>> transferAccount

Jul 04, 2020 10:26:00 PM Logger.FileLogger write
INFO: >>> transferAccount >>> username >>> Varun123

Jul 04, 2020 10:26:00 PM Logger.FileLogger write
INFO: >>> transferAccount >>> password >>> Varun123

Jul 04, 2020 10:26:00 PM Logger.FileLogger write
INFO: >>> transferAccount >>> ipadddress >>> 182.45.6.1

Jul 04, 2020 10:26:00 PM Logger.FileLogger write
INFO: >>> transferAccount >>> NewIPAdddress >>> 93.56.2.1

Jul 04, 2020 10:26:00 PM Logger.FileLogger write
INFO: >>> transferAccount >>> A player doesn't exixts with Varun123 username

Jul 04, 2020 10:26:00 PM Logger.FileLogger write
INFO: >>> getPlayerStatus

Jul 04, 2020 10:26:00 PM Logger.FileLogger write
INFO: >>> getPlayerStatus >>> username >>> Admin

Jul 04, 2020 10:26:00 PM Logger.FileLogger write
INFO: >>> getPlayerStatus >>> password >>> Admin

Jul 04, 2020 10:26:00 PM Logger.FileLogger write
INFO: >>> getPlayerStatus >>> ipadddress >>> 182.45.6.1

Jul 04, 2020 10:26:00 PM Logger.FileLogger write
INFO: >>> getPlayerStatus >>> getOwnStatus

Jul 04, 2020 10:26:00 PM Logger.FileLogger write
INFO: >>> getPlayerStatus >>> getOwnStatus >>> AS: 0 online, 4 offline

Jul 04, 2020 10:41:38 PM Logger.FileLogger write
INFO: >>> createPlayerAccount

Jul 04, 2020 10:41:38 PM Logger.FileLogger write
INFO: >>> createPlayerAccount >>> username >>> Bruce123

Jul 04, 2020 10:41:38 PM Logger.FileLogger write
INFO: >>> createPlayerAccount >>> firstname >>> Bruce

Jul 04, 2020 10:41:38 PM Logger.FileLogger write
INFO: >>> createPlayerAccount >>> lastname >>> Nguyen

Jul 04, 2020 10:41:38 PM Logger.FileLogger write
INFO: >>> createPlayerAccount >>> password >>> Bruce123

Jul 04, 2020 10:41:38 PM Logger.FileLogger write
INFO: >>> createPlayerAccount >>> age >>> 19

Jul 04, 2020 10:41:38 PM Logger.FileLogger write
INFO: >>> createPlayerAccount >>> ipadddress >>> 182.34.2.1

Jul 04, 2020 10:41:38 PM Logger.FileLogger write
INFO: >>> createPlayerAccount >>> User information stored

Jul 04, 2020 10:41:38 PM Logger.FileLogger write
INFO: >>> createPlayerAccount

Jul 04, 2020 10:41:38 PM Logger.FileLogger write
INFO: >>> createPlayerAccount >>> username >>> Charles123

Jul 04, 2020 10:41:38 PM Logger.FileLogger write
INFO: >>> createPlayerAccount >>> firstname >>> Charles

Jul 04, 2020 10:41:38 PM Logger.FileLogger write
INFO: >>> createPlayerAccount >>> lastname >>> Lee

Jul 04, 2020 10:41:38 PM Logger.FileLogger write
INFO: >>> createPlayerAccount >>> password >>> Charles123

Jul 04, 2020 10:41:38 PM Logger.FileLogger write
INFO: >>> createPlayerAccount >>> age >>> 15

Jul 04, 2020 10:41:38 PM Logger.FileLogger write
INFO: >>> createPlayerAccount >>> ipadddress >>> 182.34.2.2

Jul 04, 2020 10:41:38 PM Logger.FileLogger write
INFO: >>> createPlayerAccount >>> User information stored

Jul 04, 2020 10:41:38 PM Logger.FileLogger write
INFO: >>> createPlayerAccount

Jul 04, 2020 10:41:38 PM Logger.FileLogger write
INFO: >>> createPlayerAccount >>> username >>> Adak123

Jul 04, 2020 10:41:38 PM Logger.FileLogger write
INFO: >>> createPlayerAccount >>> firstname >>> Ada

Jul 04, 2020 10:41:38 PM Logger.FileLogger write
INFO: >>> createPlayerAccount >>> lastname >>> Kim

Jul 04, 2020 10:41:38 PM Logger.FileLogger write
INFO: >>> createPlayerAccount >>> password >>> Adak123

Jul 04, 2020 10:41:38 PM Logger.FileLogger write
INFO: >>> createPlayerAccount >>> age >>> 18

Jul 04, 2020 10:41:38 PM Logger.FileLogger write
INFO: >>> createPlayerAccount >>> ipadddress >>> 182.34.2.3

Jul 04, 2020 10:41:38 PM Logger.FileLogger write
INFO: >>> createPlayerAccount >>> User information stored

Jul 04, 2020 10:41:38 PM Logger.FileLogger write
INFO: >>> createPlayerAccount

Jul 04, 2020 10:41:38 PM Logger.FileLogger write
INFO: >>> createPlayerAccount >>> username >>> Varun123

Jul 04, 2020 10:41:38 PM Logger.FileLogger write
INFO: >>> createPlayerAccount >>> firstname >>> Varun

Jul 04, 2020 10:41:38 PM Logger.FileLogger write
INFO: >>> createPlayerAccount >>> lastname >>> Patel

Jul 04, 2020 10:41:38 PM Logger.FileLogger write
INFO: >>> createPlayerAccount >>> password >>> Varun123

Jul 04, 2020 10:41:38 PM Logger.FileLogger write
INFO: >>> createPlayerAccount >>> age >>> 20

Jul 04, 2020 10:41:38 PM Logger.FileLogger write
INFO: >>> createPlayerAccount >>> ipadddress >>> 182.34.2.4

Jul 04, 2020 10:41:38 PM Logger.FileLogger write
INFO: >>> createPlayerAccount >>> User information stored

Jul 04, 2020 10:41:38 PM Logger.FileLogger write
INFO: >>> createPlayerAccount

Jul 04, 2020 10:41:38 PM Logger.FileLogger write
INFO: >>> createPlayerAccount >>> username >>> Kevin123

Jul 04, 2020 10:41:38 PM Logger.FileLogger write
INFO: >>> createPlayerAccount >>> firstname >>> Kevin

Jul 04, 2020 10:41:38 PM Logger.FileLogger write
INFO: >>> createPlayerAccount >>> lastname >>> Tran

Jul 04, 2020 10:41:38 PM Logger.FileLogger write
INFO: >>> createPlayerAccount >>> password >>> Kevin123

Jul 04, 2020 10:41:38 PM Logger.FileLogger write
INFO: >>> createPlayerAccount >>> age >>> 23

Jul 04, 2020 10:41:38 PM Logger.FileLogger write
INFO: >>> createPlayerAccount >>> ipadddress >>> 182.34.2.5

Jul 04, 2020 10:41:38 PM Logger.FileLogger write
INFO: >>> createPlayerAccount >>> User information stored

Jul 04, 2020 10:42:20 PM Logger.FileLogger write
INFO: >>> getPlayerStatus

Jul 04, 2020 10:42:20 PM Logger.FileLogger write
INFO: >>> getPlayerStatus >>> username >>> Admin

Jul 04, 2020 10:42:20 PM Logger.FileLogger write
INFO: >>> getPlayerStatus >>> password >>> Admin

Jul 04, 2020 10:42:20 PM Logger.FileLogger write
INFO: >>> getPlayerStatus >>> ipadddress >>> 182.1.1.1

Jul 04, 2020 10:42:20 PM Logger.FileLogger write
INFO: >>> getPlayerStatus >>> getOwnStatus

Jul 04, 2020 10:42:20 PM Logger.FileLogger write
INFO: >>> getPlayerStatus >>> getOwnStatus >>> AS: 0 online, 5 offline

Jul 04, 2020 10:42:20 PM Logger.FileLogger write
INFO: >>> getPlayerStatus >>> Sending response to Admin >>> AS: 0 online, 5 offline, EU: 0 online, 5 offline, NA: 0 online, 5 offline.

Jul 04, 2020 10:42:44 PM Logger.FileLogger write
INFO: >>> suspendAccount

Jul 04, 2020 10:42:44 PM Logger.FileLogger write
INFO: >>> suspendAccount >>> Admin Username >>> Kevin123

Jul 04, 2020 10:42:44 PM Logger.FileLogger write
INFO: >>> suspendAccount >>> Admin Password >>> Kevin123

Jul 04, 2020 10:42:44 PM Logger.FileLogger write
INFO: >>> suspendAccount >>> Admin IPAddress >>> 182.1.1.1

Jul 04, 2020 10:42:44 PM Logger.FileLogger write
INFO: >>> suspendAccount >>> Username To Suspend >>> sfdasd

Jul 04, 2020 10:42:44 PM Logger.FileLogger write
INFO: >>> suspendAccount >>> Wrong username or password...

Jul 04, 2020 10:43:03 PM Logger.FileLogger write
INFO: >>> suspendAccount

Jul 04, 2020 10:43:03 PM Logger.FileLogger write
INFO: >>> suspendAccount >>> Admin Username >>> Admin

Jul 04, 2020 10:43:03 PM Logger.FileLogger write
INFO: >>> suspendAccount >>> Admin Password >>> Admin

Jul 04, 2020 10:43:03 PM Logger.FileLogger write
INFO: >>> suspendAccount >>> Admin IPAddress >>> 182.23.1.3

Jul 04, 2020 10:43:03 PM Logger.FileLogger write
INFO: >>> suspendAccount >>> Username To Suspend >>> Kevin123

Jul 04, 2020 10:43:03 PM Logger.FileLogger write
INFO: >>> suspendAccount >>> A player account with "Kevin123" username is suspended

Jul 04, 2020 10:43:24 PM Logger.FileLogger write
INFO: >>> playerSignIn

Jul 04, 2020 10:43:24 PM Logger.FileLogger write
INFO: >>> playerSignIn >>> username >>> Kevin123

Jul 04, 2020 10:43:24 PM Logger.FileLogger write
INFO: >>> playerSignIn >>> password >>> Kevin123

Jul 04, 2020 10:43:24 PM Logger.FileLogger write
INFO: >>> playerSignIn >>> ipadddress >>> 182.43.1.3

Jul 04, 2020 10:43:24 PM Logger.FileLogger write
INFO: >>> playerSignIn >>> A player doesn't exixts with Kevin123 username

Jul 04, 2020 10:43:24 PM Logger.FileLogger write
INFO: >>> playerSignIn >>> Final message >>>A player doesn't exixts with given username

Jul 04, 2020 10:43:39 PM Logger.FileLogger write
INFO: >>> playerSignIn

Jul 04, 2020 10:43:39 PM Logger.FileLogger write
INFO: >>> playerSignIn >>> username >>> Varun123

Jul 04, 2020 10:43:39 PM Logger.FileLogger write
INFO: >>> playerSignIn >>> password >>> Varun123

Jul 04, 2020 10:43:39 PM Logger.FileLogger write
INFO: >>> playerSignIn >>> ipadddress >>> 182.45.7.1

Jul 04, 2020 10:43:39 PM Logger.FileLogger write
INFO: >>> playerSignIn >>> Varun123 signed in successfully...

Jul 04, 2020 10:43:55 PM Logger.FileLogger write
INFO: >>> getPlayerStatus

Jul 04, 2020 10:43:55 PM Logger.FileLogger write
INFO: >>> getPlayerStatus >>> username >>> Admin

Jul 04, 2020 10:43:55 PM Logger.FileLogger write
INFO: >>> getPlayerStatus >>> password >>> Admin

Jul 04, 2020 10:43:55 PM Logger.FileLogger write
INFO: >>> getPlayerStatus >>> ipadddress >>> 182.1.1.1

Jul 04, 2020 10:43:55 PM Logger.FileLogger write
INFO: >>> getPlayerStatus >>> getOwnStatus

Jul 04, 2020 10:43:55 PM Logger.FileLogger write
INFO: >>> getPlayerStatus >>> getOwnStatus >>> AS: 1 online, 3 offline

Jul 04, 2020 10:43:55 PM Logger.FileLogger write
INFO: >>> getPlayerStatus >>> Sending response to Admin >>> AS: 1 online, 3 offline, EU: 0 online, 5 offline, NA: 0 online, 5 offline.

