Jun 23, 2020 5:39:55 PM Logger.FileLogger write
INFO: >>> createPlayerAccount

Jun 23, 2020 5:39:55 PM Logger.FileLogger write
INFO: >>> createPlayerAccount >>> username >>> Fabienne123

Jun 23, 2020 5:39:55 PM Logger.FileLogger write
INFO: >>> createPlayerAccount >>> firstname >>> Fabienne

Jun 23, 2020 5:39:55 PM Logger.FileLogger write
INFO: >>> createPlayerAccount >>> lastname >>> Tapani

Jun 23, 2020 5:39:55 PM Logger.FileLogger write
INFO: >>> createPlayerAccount >>> password >>> Fabienne123

Jun 23, 2020 5:39:55 PM Logger.FileLogger write
INFO: >>> createPlayerAccount >>> age >>> 19

Jun 23, 2020 5:39:55 PM Logger.FileLogger write
INFO: >>> createPlayerAccount >>> ipadddress >>> 93.5.4.1

Jun 23, 2020 5:39:55 PM Logger.FileLogger write
INFO: >>> createPlayerAccount >>> User information stored

Jun 25, 2020 11:44:36 AM Logger.FileLogger write
INFO: >>> createPlayerAccount

Jun 25, 2020 11:44:36 AM Logger.FileLogger write
INFO: >>> createPlayerAccount >>> username >>> Fabienne123

Jun 25, 2020 11:44:36 AM Logger.FileLogger write
INFO: >>> createPlayerAccount >>> firstname >>> Fabienne

Jun 25, 2020 11:44:36 AM Logger.FileLogger write
INFO: >>> createPlayerAccount >>> lastname >>> Tapani

Jun 25, 2020 11:44:36 AM Logger.FileLogger write
INFO: >>> createPlayerAccount >>> password >>> Fabienne123

Jun 25, 2020 11:44:36 AM Logger.FileLogger write
INFO: >>> createPlayerAccount >>> age >>> 19

Jun 25, 2020 11:44:36 AM Logger.FileLogger write
INFO: >>> createPlayerAccount >>> ipadddress >>> 93.5.4.1

Jun 25, 2020 11:44:36 AM Logger.FileLogger write
INFO: >>> createPlayerAccount >>> User information stored

Jun 25, 2020 12:19:46 PM Logger.FileLogger write
INFO: >>> createPlayerAccount

Jun 25, 2020 12:19:46 PM Logger.FileLogger write
INFO: >>> createPlayerAccount >>> username >>> Fabienne123

Jun 25, 2020 12:19:46 PM Logger.FileLogger write
INFO: >>> createPlayerAccount >>> firstname >>> Fabienne

Jun 25, 2020 12:19:46 PM Logger.FileLogger write
INFO: >>> createPlayerAccount >>> lastname >>> Tapani

Jun 25, 2020 12:19:46 PM Logger.FileLogger write
INFO: >>> createPlayerAccount >>> password >>> Fabienne123

Jun 25, 2020 12:19:46 PM Logger.FileLogger write
INFO: >>> createPlayerAccount >>> age >>> 19

Jun 25, 2020 12:19:46 PM Logger.FileLogger write
INFO: >>> createPlayerAccount >>> ipadddress >>> 93.5.4.1

Jun 25, 2020 12:19:46 PM Logger.FileLogger write
INFO: >>> createPlayerAccount >>> User information stored

Jun 25, 2020 12:40:47 PM Logger.FileLogger write
INFO: >>> createPlayerAccount

Jun 25, 2020 12:40:47 PM Logger.FileLogger write
INFO: >>> createPlayerAccount >>> username >>> Fabienne123

Jun 25, 2020 12:40:47 PM Logger.FileLogger write
INFO: >>> createPlayerAccount >>> firstname >>> Fabienne

Jun 25, 2020 12:40:47 PM Logger.FileLogger write
INFO: >>> createPlayerAccount >>> lastname >>> Tapani

Jun 25, 2020 12:40:47 PM Logger.FileLogger write
INFO: >>> createPlayerAccount >>> password >>> Fabienne123

Jun 25, 2020 12:40:47 PM Logger.FileLogger write
INFO: >>> createPlayerAccount >>> age >>> 19

Jun 25, 2020 12:40:47 PM Logger.FileLogger write
INFO: >>> createPlayerAccount >>> ipadddress >>> 93.5.4.1

Jun 25, 2020 12:40:47 PM Logger.FileLogger write
INFO: >>> createPlayerAccount >>> User information stored

Jun 25, 2020 12:54:25 PM Logger.FileLogger write
INFO: >>> createPlayerAccount

Jun 25, 2020 12:54:25 PM Logger.FileLogger write
INFO: >>> createPlayerAccount >>> username >>> Fabienne123

Jun 25, 2020 12:54:25 PM Logger.FileLogger write
INFO: >>> createPlayerAccount >>> firstname >>> Fabienne

Jun 25, 2020 12:54:25 PM Logger.FileLogger write
INFO: >>> createPlayerAccount >>> lastname >>> Tapani

Jun 25, 2020 12:54:25 PM Logger.FileLogger write
INFO: >>> createPlayerAccount >>> password >>> Fabienne123

Jun 25, 2020 12:54:25 PM Logger.FileLogger write
INFO: >>> createPlayerAccount >>> age >>> 19

Jun 25, 2020 12:54:25 PM Logger.FileLogger write
INFO: >>> createPlayerAccount >>> ipadddress >>> 93.5.4.1

Jun 25, 2020 12:54:25 PM Logger.FileLogger write
INFO: >>> createPlayerAccount >>> User information stored

Jun 25, 2020 1:19:58 PM Logger.FileLogger write
INFO: >>> createPlayerAccount

Jun 25, 2020 1:19:58 PM Logger.FileLogger write
INFO: >>> createPlayerAccount >>> username >>> Fabienne123

Jun 25, 2020 1:19:58 PM Logger.FileLogger write
INFO: >>> createPlayerAccount >>> firstname >>> Fabienne

Jun 25, 2020 1:19:58 PM Logger.FileLogger write
INFO: >>> createPlayerAccount >>> lastname >>> Tapani

Jun 25, 2020 1:19:58 PM Logger.FileLogger write
INFO: >>> createPlayerAccount >>> password >>> Fabienne123

Jun 25, 2020 1:19:58 PM Logger.FileLogger write
INFO: >>> createPlayerAccount >>> age >>> 19

Jun 25, 2020 1:19:58 PM Logger.FileLogger write
INFO: >>> createPlayerAccount >>> ipadddress >>> 93.5.4.1

Jun 25, 2020 1:19:58 PM Logger.FileLogger write
INFO: >>> createPlayerAccount >>> User information stored

Jun 25, 2020 2:30:49 PM Logger.FileLogger write
INFO: >>> createPlayerAccount

Jun 25, 2020 2:30:49 PM Logger.FileLogger write
INFO: >>> createPlayerAccount >>> username >>> Fabienne123

Jun 25, 2020 2:30:49 PM Logger.FileLogger write
INFO: >>> createPlayerAccount >>> firstname >>> Fabienne

Jun 25, 2020 2:30:49 PM Logger.FileLogger write
INFO: >>> createPlayerAccount >>> lastname >>> Tapani

Jun 25, 2020 2:30:49 PM Logger.FileLogger write
INFO: >>> createPlayerAccount >>> password >>> Fabienne123

Jun 25, 2020 2:30:49 PM Logger.FileLogger write
INFO: >>> createPlayerAccount >>> age >>> 19

Jun 25, 2020 2:30:49 PM Logger.FileLogger write
INFO: >>> createPlayerAccount >>> ipadddress >>> 93.5.4.1

Jun 25, 2020 2:30:49 PM Logger.FileLogger write
INFO: >>> createPlayerAccount >>> User information stored

Jun 25, 2020 3:42:01 PM Logger.FileLogger write
INFO: >>> createPlayerAccount

Jun 25, 2020 3:42:01 PM Logger.FileLogger write
INFO: >>> createPlayerAccount >>> username >>> Fabienne123

Jun 25, 2020 3:42:01 PM Logger.FileLogger write
INFO: >>> createPlayerAccount >>> firstname >>> Fabienne

Jun 25, 2020 3:42:01 PM Logger.FileLogger write
INFO: >>> createPlayerAccount >>> lastname >>> Tapani

Jun 25, 2020 3:42:01 PM Logger.FileLogger write
INFO: >>> createPlayerAccount >>> password >>> Fabienne123

Jun 25, 2020 3:42:01 PM Logger.FileLogger write
INFO: >>> createPlayerAccount >>> age >>> 19

Jun 25, 2020 3:42:01 PM Logger.FileLogger write
INFO: >>> createPlayerAccount >>> ipadddress >>> 93.5.4.1

Jun 25, 2020 3:42:01 PM Logger.FileLogger write
INFO: >>> createPlayerAccount >>> User information stored

Jun 26, 2020 5:22:46 PM Logger.FileLogger write
INFO: >>> createPlayerAccount

Jun 26, 2020 5:22:46 PM Logger.FileLogger write
INFO: >>> createPlayerAccount >>> username >>> Fabienne123

Jun 26, 2020 5:22:46 PM Logger.FileLogger write
INFO: >>> createPlayerAccount >>> firstname >>> Fabienne

Jun 26, 2020 5:22:46 PM Logger.FileLogger write
INFO: >>> createPlayerAccount >>> lastname >>> Tapani

Jun 26, 2020 5:22:46 PM Logger.FileLogger write
INFO: >>> createPlayerAccount >>> password >>> Fabienne123

Jun 26, 2020 5:22:46 PM Logger.FileLogger write
INFO: >>> createPlayerAccount >>> age >>> 19

Jun 26, 2020 5:22:46 PM Logger.FileLogger write
INFO: >>> createPlayerAccount >>> ipadddress >>> 93.5.4.1

Jun 26, 2020 5:22:46 PM Logger.FileLogger write
INFO: >>> createPlayerAccount >>> User information stored

Jun 26, 2020 5:34:49 PM Logger.FileLogger write
INFO: >>> createPlayerAccount

Jun 26, 2020 5:34:49 PM Logger.FileLogger write
INFO: >>> createPlayerAccount >>> username >>> Fabienne123

Jun 26, 2020 5:34:49 PM Logger.FileLogger write
INFO: >>> createPlayerAccount >>> firstname >>> Fabienne

Jun 26, 2020 5:34:49 PM Logger.FileLogger write
INFO: >>> createPlayerAccount >>> lastname >>> Tapani

Jun 26, 2020 5:34:49 PM Logger.FileLogger write
INFO: >>> createPlayerAccount >>> password >>> Fabienne123

Jun 26, 2020 5:34:49 PM Logger.FileLogger write
INFO: >>> createPlayerAccount >>> age >>> 19

Jun 26, 2020 5:34:49 PM Logger.FileLogger write
INFO: >>> createPlayerAccount >>> ipadddress >>> 93.5.4.1

Jun 26, 2020 5:34:49 PM Logger.FileLogger write
INFO: >>> createPlayerAccount >>> User information stored

Jun 26, 2020 5:47:19 PM Logger.FileLogger write
INFO: >>> createPlayerAccount

Jun 26, 2020 5:47:19 PM Logger.FileLogger write
INFO: >>> createPlayerAccount >>> username >>> Fabienne123

Jun 26, 2020 5:47:19 PM Logger.FileLogger write
INFO: >>> createPlayerAccount >>> firstname >>> Fabienne

Jun 26, 2020 5:47:19 PM Logger.FileLogger write
INFO: >>> createPlayerAccount >>> lastname >>> Tapani

Jun 26, 2020 5:47:19 PM Logger.FileLogger write
INFO: >>> createPlayerAccount >>> password >>> Fabienne123

Jun 26, 2020 5:47:19 PM Logger.FileLogger write
INFO: >>> createPlayerAccount >>> age >>> 19

Jun 26, 2020 5:47:19 PM Logger.FileLogger write
INFO: >>> createPlayerAccount >>> ipadddress >>> 93.5.4.1

Jun 26, 2020 5:47:19 PM Logger.FileLogger write
INFO: >>> createPlayerAccount >>> User information stored

Jun 26, 2020 5:51:26 PM Logger.FileLogger write
INFO: >>> createPlayerAccount

Jun 26, 2020 5:51:26 PM Logger.FileLogger write
INFO: >>> createPlayerAccount >>> username >>> Fabienne123

Jun 26, 2020 5:51:26 PM Logger.FileLogger write
INFO: >>> createPlayerAccount >>> firstname >>> Fabienne

Jun 26, 2020 5:51:26 PM Logger.FileLogger write
INFO: >>> createPlayerAccount >>> lastname >>> Tapani

Jun 26, 2020 5:51:26 PM Logger.FileLogger write
INFO: >>> createPlayerAccount >>> password >>> Fabienne123

Jun 26, 2020 5:51:26 PM Logger.FileLogger write
INFO: >>> createPlayerAccount >>> age >>> 19

Jun 26, 2020 5:51:26 PM Logger.FileLogger write
INFO: >>> createPlayerAccount >>> ipadddress >>> 93.5.4.1

Jun 26, 2020 5:51:26 PM Logger.FileLogger write
INFO: >>> createPlayerAccount >>> User information stored

Jun 26, 2020 6:04:16 PM Logger.FileLogger write
INFO: >>> createPlayerAccount

Jun 26, 2020 6:04:16 PM Logger.FileLogger write
INFO: >>> createPlayerAccount >>> username >>> Fabienne123

Jun 26, 2020 6:04:16 PM Logger.FileLogger write
INFO: >>> createPlayerAccount >>> firstname >>> Fabienne

Jun 26, 2020 6:04:16 PM Logger.FileLogger write
INFO: >>> createPlayerAccount >>> lastname >>> Tapani

Jun 26, 2020 6:04:16 PM Logger.FileLogger write
INFO: >>> createPlayerAccount >>> password >>> Fabienne123

Jun 26, 2020 6:04:16 PM Logger.FileLogger write
INFO: >>> createPlayerAccount >>> age >>> 19

Jun 26, 2020 6:04:16 PM Logger.FileLogger write
INFO: >>> createPlayerAccount >>> ipadddress >>> 93.5.4.1

Jun 26, 2020 6:04:16 PM Logger.FileLogger write
INFO: >>> createPlayerAccount >>> User information stored

Jun 26, 2020 6:13:56 PM Logger.FileLogger write
INFO: >>> createPlayerAccount

Jun 26, 2020 6:13:56 PM Logger.FileLogger write
INFO: >>> createPlayerAccount >>> username >>> Fabienne123

Jun 26, 2020 6:13:56 PM Logger.FileLogger write
INFO: >>> createPlayerAccount >>> firstname >>> Fabienne

Jun 26, 2020 6:13:56 PM Logger.FileLogger write
INFO: >>> createPlayerAccount >>> lastname >>> Tapani

Jun 26, 2020 6:13:56 PM Logger.FileLogger write
INFO: >>> createPlayerAccount >>> password >>> Fabienne123

Jun 26, 2020 6:13:56 PM Logger.FileLogger write
INFO: >>> createPlayerAccount >>> age >>> 19

Jun 26, 2020 6:13:56 PM Logger.FileLogger write
INFO: >>> createPlayerAccount >>> ipadddress >>> 93.5.4.1

Jun 26, 2020 6:13:56 PM Logger.FileLogger write
INFO: >>> createPlayerAccount >>> User information stored

Jun 26, 2020 6:17:45 PM Logger.FileLogger write
INFO: >>> createPlayerAccount

Jun 26, 2020 6:17:45 PM Logger.FileLogger write
INFO: >>> createPlayerAccount >>> username >>> Fabienne123

Jun 26, 2020 6:17:45 PM Logger.FileLogger write
INFO: >>> createPlayerAccount >>> firstname >>> Fabienne

Jun 26, 2020 6:17:45 PM Logger.FileLogger write
INFO: >>> createPlayerAccount >>> lastname >>> Tapani

Jun 26, 2020 6:17:45 PM Logger.FileLogger write
INFO: >>> createPlayerAccount >>> password >>> Fabienne123

Jun 26, 2020 6:17:45 PM Logger.FileLogger write
INFO: >>> createPlayerAccount >>> age >>> 19

Jun 26, 2020 6:17:45 PM Logger.FileLogger write
INFO: >>> createPlayerAccount >>> ipadddress >>> 93.5.4.1

Jun 26, 2020 6:17:45 PM Logger.FileLogger write
INFO: >>> createPlayerAccount >>> User information stored

Jun 26, 2020 6:22:43 PM Logger.FileLogger write
INFO: >>> createPlayerAccount

Jun 26, 2020 6:22:43 PM Logger.FileLogger write
INFO: >>> createPlayerAccount >>> username >>> Fabienne123

Jun 26, 2020 6:22:43 PM Logger.FileLogger write
INFO: >>> createPlayerAccount >>> firstname >>> Fabienne

Jun 26, 2020 6:22:43 PM Logger.FileLogger write
INFO: >>> createPlayerAccount >>> lastname >>> Tapani

Jun 26, 2020 6:22:43 PM Logger.FileLogger write
INFO: >>> createPlayerAccount >>> password >>> Fabienne123

Jun 26, 2020 6:22:43 PM Logger.FileLogger write
INFO: >>> createPlayerAccount >>> age >>> 19

Jun 26, 2020 6:22:43 PM Logger.FileLogger write
INFO: >>> createPlayerAccount >>> ipadddress >>> 93.5.4.1

Jun 26, 2020 6:22:43 PM Logger.FileLogger write
INFO: >>> createPlayerAccount >>> User information stored

Jun 26, 2020 6:40:37 PM Logger.FileLogger write
INFO: >>> createPlayerAccount

Jun 26, 2020 6:40:37 PM Logger.FileLogger write
INFO: >>> createPlayerAccount >>> username >>> Fabienne123

Jun 26, 2020 6:40:37 PM Logger.FileLogger write
INFO: >>> createPlayerAccount >>> firstname >>> Fabienne

Jun 26, 2020 6:40:37 PM Logger.FileLogger write
INFO: >>> createPlayerAccount >>> lastname >>> Tapani

Jun 26, 2020 6:40:37 PM Logger.FileLogger write
INFO: >>> createPlayerAccount >>> password >>> Fabienne123

Jun 26, 2020 6:40:37 PM Logger.FileLogger write
INFO: >>> createPlayerAccount >>> age >>> 19

Jun 26, 2020 6:40:37 PM Logger.FileLogger write
INFO: >>> createPlayerAccount >>> ipadddress >>> 93.5.4.1

Jun 26, 2020 6:40:37 PM Logger.FileLogger write
INFO: >>> createPlayerAccount >>> User information stored

Jun 26, 2020 6:47:27 PM Logger.FileLogger write
INFO: >>> createPlayerAccount

Jun 26, 2020 6:47:27 PM Logger.FileLogger write
INFO: >>> createPlayerAccount >>> username >>> Fabienne123

Jun 26, 2020 6:47:27 PM Logger.FileLogger write
INFO: >>> createPlayerAccount >>> firstname >>> Fabienne

Jun 26, 2020 6:47:27 PM Logger.FileLogger write
INFO: >>> createPlayerAccount >>> lastname >>> Tapani

Jun 26, 2020 6:47:27 PM Logger.FileLogger write
INFO: >>> createPlayerAccount >>> password >>> Fabienne123

Jun 26, 2020 6:47:27 PM Logger.FileLogger write
INFO: >>> createPlayerAccount >>> age >>> 19

Jun 26, 2020 6:47:27 PM Logger.FileLogger write
INFO: >>> createPlayerAccount >>> ipadddress >>> 93.5.4.1

Jun 26, 2020 6:47:27 PM Logger.FileLogger write
INFO: >>> createPlayerAccount >>> User information stored

Jun 26, 2020 10:40:53 PM Logger.FileLogger write
INFO: >>> createPlayerAccount

Jun 26, 2020 10:40:53 PM Logger.FileLogger write
INFO: >>> createPlayerAccount >>> username >>> Fabienne123

Jun 26, 2020 10:40:53 PM Logger.FileLogger write
INFO: >>> createPlayerAccount >>> firstname >>> Fabienne

Jun 26, 2020 10:40:53 PM Logger.FileLogger write
INFO: >>> createPlayerAccount >>> lastname >>> Tapani

Jun 26, 2020 10:40:53 PM Logger.FileLogger write
INFO: >>> createPlayerAccount >>> password >>> Fabienne123

Jun 26, 2020 10:40:53 PM Logger.FileLogger write
INFO: >>> createPlayerAccount >>> age >>> 19

Jun 26, 2020 10:40:53 PM Logger.FileLogger write
INFO: >>> createPlayerAccount >>> ipadddress >>> 93.5.4.1

Jun 26, 2020 10:40:53 PM Logger.FileLogger write
INFO: >>> createPlayerAccount >>> User information stored

Jun 26, 2020 10:41:42 PM Logger.FileLogger write
INFO: >>> createPlayerAccount

Jun 26, 2020 10:41:42 PM Logger.FileLogger write
INFO: >>> createPlayerAccount >>> username >>> Fabienne123

Jun 26, 2020 10:41:42 PM Logger.FileLogger write
INFO: >>> createPlayerAccount >>> firstname >>> Fabienne

Jun 26, 2020 10:41:42 PM Logger.FileLogger write
INFO: >>> createPlayerAccount >>> lastname >>> Tapani

Jun 26, 2020 10:41:42 PM Logger.FileLogger write
INFO: >>> createPlayerAccount >>> password >>> Fabienne123

Jun 26, 2020 10:41:42 PM Logger.FileLogger write
INFO: >>> createPlayerAccount >>> age >>> 19

Jun 26, 2020 10:41:42 PM Logger.FileLogger write
INFO: >>> createPlayerAccount >>> ipadddress >>> 93.5.4.1

Jun 26, 2020 10:41:42 PM Logger.FileLogger write
INFO: >>> createPlayerAccount >>> User information stored

Jun 26, 2020 10:56:28 PM Logger.FileLogger write
INFO: >>> createPlayerAccount

Jun 26, 2020 10:56:28 PM Logger.FileLogger write
INFO: >>> createPlayerAccount >>> username >>> Fabienne123

Jun 26, 2020 10:56:28 PM Logger.FileLogger write
INFO: >>> createPlayerAccount >>> firstname >>> Fabienne

Jun 26, 2020 10:56:28 PM Logger.FileLogger write
INFO: >>> createPlayerAccount >>> lastname >>> Tapani

Jun 26, 2020 10:56:28 PM Logger.FileLogger write
INFO: >>> createPlayerAccount >>> password >>> Fabienne123

Jun 26, 2020 10:56:28 PM Logger.FileLogger write
INFO: >>> createPlayerAccount >>> age >>> 19

Jun 26, 2020 10:56:28 PM Logger.FileLogger write
INFO: >>> createPlayerAccount >>> ipadddress >>> 93.5.4.1

Jun 26, 2020 10:56:28 PM Logger.FileLogger write
INFO: >>> createPlayerAccount >>> User information stored

Jun 26, 2020 11:26:04 PM Logger.FileLogger write
INFO: >>> createPlayerAccount

Jun 26, 2020 11:26:04 PM Logger.FileLogger write
INFO: >>> createPlayerAccount >>> username >>> Fabienne123

Jun 26, 2020 11:26:04 PM Logger.FileLogger write
INFO: >>> createPlayerAccount >>> firstname >>> Fabienne

Jun 26, 2020 11:26:04 PM Logger.FileLogger write
INFO: >>> createPlayerAccount >>> lastname >>> Tapani

Jun 26, 2020 11:26:04 PM Logger.FileLogger write
INFO: >>> createPlayerAccount >>> password >>> Fabienne123

Jun 26, 2020 11:26:04 PM Logger.FileLogger write
INFO: >>> createPlayerAccount >>> age >>> 19

Jun 26, 2020 11:26:04 PM Logger.FileLogger write
INFO: >>> createPlayerAccount >>> ipadddress >>> 93.5.4.1

Jun 26, 2020 11:26:04 PM Logger.FileLogger write
INFO: >>> createPlayerAccount >>> User information stored

Jun 26, 2020 11:56:42 PM Logger.FileLogger write
INFO: >>> createPlayerAccount

Jun 26, 2020 11:56:42 PM Logger.FileLogger write
INFO: >>> createPlayerAccount >>> username >>> Fabienne123

Jun 26, 2020 11:56:42 PM Logger.FileLogger write
INFO: >>> createPlayerAccount >>> firstname >>> Fabienne

Jun 26, 2020 11:56:42 PM Logger.FileLogger write
INFO: >>> createPlayerAccount >>> lastname >>> Tapani

Jun 26, 2020 11:56:42 PM Logger.FileLogger write
INFO: >>> createPlayerAccount >>> password >>> Fabienne123

Jun 26, 2020 11:56:42 PM Logger.FileLogger write
INFO: >>> createPlayerAccount >>> age >>> 19

Jun 26, 2020 11:56:42 PM Logger.FileLogger write
INFO: >>> createPlayerAccount >>> ipadddress >>> 93.5.4.1

Jun 26, 2020 11:56:42 PM Logger.FileLogger write
INFO: >>> createPlayerAccount >>> User information stored

Jun 26, 2020 11:57:09 PM Logger.FileLogger write
INFO: >>> createPlayerAccount

Jun 26, 2020 11:57:09 PM Logger.FileLogger write
INFO: >>> createPlayerAccount >>> username >>> Fabienne123

Jun 26, 2020 11:57:09 PM Logger.FileLogger write
INFO: >>> createPlayerAccount >>> firstname >>> Fabienne

Jun 26, 2020 11:57:09 PM Logger.FileLogger write
INFO: >>> createPlayerAccount >>> lastname >>> Tapani

Jun 26, 2020 11:57:09 PM Logger.FileLogger write
INFO: >>> createPlayerAccount >>> password >>> Fabienne123

Jun 26, 2020 11:57:09 PM Logger.FileLogger write
INFO: >>> createPlayerAccount >>> age >>> 19

Jun 26, 2020 11:57:09 PM Logger.FileLogger write
INFO: >>> createPlayerAccount >>> ipadddress >>> 93.5.4.1

Jun 26, 2020 11:57:09 PM Logger.FileLogger write
INFO: >>> createPlayerAccount >>> User information stored

Jun 27, 2020 12:31:06 AM Logger.FileLogger write
INFO: >>> createPlayerAccount

Jun 27, 2020 12:31:06 AM Logger.FileLogger write
INFO: >>> createPlayerAccount >>> username >>> Fabienne123

Jun 27, 2020 12:31:06 AM Logger.FileLogger write
INFO: >>> createPlayerAccount >>> firstname >>> Fabienne

Jun 27, 2020 12:31:06 AM Logger.FileLogger write
INFO: >>> createPlayerAccount >>> lastname >>> Tapani

Jun 27, 2020 12:31:06 AM Logger.FileLogger write
INFO: >>> createPlayerAccount >>> password >>> Fabienne123

Jun 27, 2020 12:31:06 AM Logger.FileLogger write
INFO: >>> createPlayerAccount >>> age >>> 19

Jun 27, 2020 12:31:06 AM Logger.FileLogger write
INFO: >>> createPlayerAccount >>> ipadddress >>> 93.5.4.1

Jun 27, 2020 12:31:06 AM Logger.FileLogger write
INFO: >>> createPlayerAccount >>> User information stored

Jun 27, 2020 1:55:59 AM Logger.FileLogger write
INFO: >>> createPlayerAccount

Jun 27, 2020 1:55:59 AM Logger.FileLogger write
INFO: >>> createPlayerAccount >>> username >>> Fabienne123

Jun 27, 2020 1:55:59 AM Logger.FileLogger write
INFO: >>> createPlayerAccount >>> firstname >>> Fabienne

Jun 27, 2020 1:55:59 AM Logger.FileLogger write
INFO: >>> createPlayerAccount >>> lastname >>> Tapani

Jun 27, 2020 1:55:59 AM Logger.FileLogger write
INFO: >>> createPlayerAccount >>> password >>> Fabienne123

Jun 27, 2020 1:55:59 AM Logger.FileLogger write
INFO: >>> createPlayerAccount >>> age >>> 19

Jun 27, 2020 1:55:59 AM Logger.FileLogger write
INFO: >>> createPlayerAccount >>> ipadddress >>> 93.5.4.1

Jun 27, 2020 1:55:59 AM Logger.FileLogger write
INFO: >>> createPlayerAccount >>> User information stored

Jun 27, 2020 2:35:43 AM Logger.FileLogger write
INFO: >>> createPlayerAccount

Jun 27, 2020 2:35:43 AM Logger.FileLogger write
INFO: >>> createPlayerAccount >>> username >>> Fabienne123

Jun 27, 2020 2:35:43 AM Logger.FileLogger write
INFO: >>> createPlayerAccount >>> firstname >>> Fabienne

Jun 27, 2020 2:35:43 AM Logger.FileLogger write
INFO: >>> createPlayerAccount >>> lastname >>> Tapani

Jun 27, 2020 2:35:43 AM Logger.FileLogger write
INFO: >>> createPlayerAccount >>> password >>> Fabienne123

Jun 27, 2020 2:35:43 AM Logger.FileLogger write
INFO: >>> createPlayerAccount >>> age >>> 19

Jun 27, 2020 2:35:43 AM Logger.FileLogger write
INFO: >>> createPlayerAccount >>> ipadddress >>> 93.5.4.1

Jun 27, 2020 2:35:43 AM Logger.FileLogger write
INFO: >>> createPlayerAccount >>> User information stored

Jun 27, 2020 3:09:45 PM Logger.FileLogger write
INFO: >>> createPlayerAccount

Jun 27, 2020 3:09:45 PM Logger.FileLogger write
INFO: >>> createPlayerAccount >>> username >>> Fabienne123

Jun 27, 2020 3:09:45 PM Logger.FileLogger write
INFO: >>> createPlayerAccount >>> firstname >>> Fabienne

Jun 27, 2020 3:09:45 PM Logger.FileLogger write
INFO: >>> createPlayerAccount >>> lastname >>> Tapani

Jun 27, 2020 3:09:45 PM Logger.FileLogger write
INFO: >>> createPlayerAccount >>> password >>> Fabienne123

Jun 27, 2020 3:09:45 PM Logger.FileLogger write
INFO: >>> createPlayerAccount >>> age >>> 19

Jun 27, 2020 3:09:45 PM Logger.FileLogger write
INFO: >>> createPlayerAccount >>> ipadddress >>> 93.5.4.1

Jun 27, 2020 3:09:45 PM Logger.FileLogger write
INFO: >>> createPlayerAccount >>> User information stored

Jun 27, 2020 10:58:56 PM Logger.FileLogger write
INFO: >>> createPlayerAccount

Jun 27, 2020 10:58:56 PM Logger.FileLogger write
INFO: >>> createPlayerAccount >>> username >>> Fabienne123

Jun 27, 2020 10:58:56 PM Logger.FileLogger write
INFO: >>> createPlayerAccount >>> firstname >>> Fabienne

Jun 27, 2020 10:58:56 PM Logger.FileLogger write
INFO: >>> createPlayerAccount >>> lastname >>> Tapani

Jun 27, 2020 10:58:56 PM Logger.FileLogger write
INFO: >>> createPlayerAccount >>> password >>> Fabienne123

Jun 27, 2020 10:58:56 PM Logger.FileLogger write
INFO: >>> createPlayerAccount >>> age >>> 19

Jun 27, 2020 10:58:56 PM Logger.FileLogger write
INFO: >>> createPlayerAccount >>> ipadddress >>> 93.5.4.1

Jun 27, 2020 10:58:56 PM Logger.FileLogger write
INFO: >>> createPlayerAccount >>> User information stored

Jun 27, 2020 11:36:09 PM Logger.FileLogger write
INFO: >>> createPlayerAccount

Jun 27, 2020 11:36:09 PM Logger.FileLogger write
INFO: >>> createPlayerAccount >>> username >>> Fabienne123

Jun 27, 2020 11:36:09 PM Logger.FileLogger write
INFO: >>> createPlayerAccount >>> firstname >>> Fabienne

Jun 27, 2020 11:36:09 PM Logger.FileLogger write
INFO: >>> createPlayerAccount >>> lastname >>> Tapani

Jun 27, 2020 11:36:09 PM Logger.FileLogger write
INFO: >>> createPlayerAccount >>> password >>> Fabienne123

Jun 27, 2020 11:36:09 PM Logger.FileLogger write
INFO: >>> createPlayerAccount >>> age >>> 19

Jun 27, 2020 11:36:09 PM Logger.FileLogger write
INFO: >>> createPlayerAccount >>> ipadddress >>> 93.5.4.1

Jun 27, 2020 11:36:09 PM Logger.FileLogger write
INFO: >>> createPlayerAccount >>> User information stored

Jun 28, 2020 10:09:53 PM Logger.FileLogger write
INFO: >>> createPlayerAccount

Jun 28, 2020 10:09:53 PM Logger.FileLogger write
INFO: >>> createPlayerAccount >>> username >>> Fabienne123

Jun 28, 2020 10:09:53 PM Logger.FileLogger write
INFO: >>> createPlayerAccount >>> firstname >>> Fabienne

Jun 28, 2020 10:09:53 PM Logger.FileLogger write
INFO: >>> createPlayerAccount >>> lastname >>> Tapani

Jun 28, 2020 10:09:53 PM Logger.FileLogger write
INFO: >>> createPlayerAccount >>> password >>> Fabienne123

Jun 28, 2020 10:09:53 PM Logger.FileLogger write
INFO: >>> createPlayerAccount >>> age >>> 19

Jun 28, 2020 10:09:53 PM Logger.FileLogger write
INFO: >>> createPlayerAccount >>> ipadddress >>> 93.5.4.1

Jun 28, 2020 10:09:53 PM Logger.FileLogger write
INFO: >>> createPlayerAccount >>> User information stored

Jun 28, 2020 11:42:37 PM Logger.FileLogger write
INFO: >>> createPlayerAccount

Jun 28, 2020 11:42:37 PM Logger.FileLogger write
INFO: >>> createPlayerAccount >>> username >>> Fabienne123

Jun 28, 2020 11:42:37 PM Logger.FileLogger write
INFO: >>> createPlayerAccount >>> firstname >>> Fabienne

Jun 28, 2020 11:42:37 PM Logger.FileLogger write
INFO: >>> createPlayerAccount >>> lastname >>> Tapani

Jun 28, 2020 11:42:37 PM Logger.FileLogger write
INFO: >>> createPlayerAccount >>> password >>> Fabienne123

Jun 28, 2020 11:42:37 PM Logger.FileLogger write
INFO: >>> createPlayerAccount >>> age >>> 19

Jun 28, 2020 11:42:37 PM Logger.FileLogger write
INFO: >>> createPlayerAccount >>> ipadddress >>> 93.5.4.1

Jun 28, 2020 11:42:37 PM Logger.FileLogger write
INFO: >>> createPlayerAccount >>> User information stored

Jun 28, 2020 11:52:27 PM Logger.FileLogger write
INFO: >>> createPlayerAccount

Jun 28, 2020 11:52:27 PM Logger.FileLogger write
INFO: >>> createPlayerAccount >>> username >>> Fabienne123

Jun 28, 2020 11:52:27 PM Logger.FileLogger write
INFO: >>> createPlayerAccount >>> firstname >>> Fabienne

Jun 28, 2020 11:52:27 PM Logger.FileLogger write
INFO: >>> createPlayerAccount >>> lastname >>> Tapani

Jun 28, 2020 11:52:27 PM Logger.FileLogger write
INFO: >>> createPlayerAccount >>> password >>> Fabienne123

Jun 28, 2020 11:52:27 PM Logger.FileLogger write
INFO: >>> createPlayerAccount >>> age >>> 19

Jun 28, 2020 11:52:27 PM Logger.FileLogger write
INFO: >>> createPlayerAccount >>> ipadddress >>> 93.5.4.1

Jun 28, 2020 11:52:27 PM Logger.FileLogger write
INFO: >>> createPlayerAccount >>> User information stored

Jun 29, 2020 12:40:07 AM Logger.FileLogger write
INFO: >>> createPlayerAccount

Jun 29, 2020 12:40:07 AM Logger.FileLogger write
INFO: >>> createPlayerAccount >>> username >>> Fabienne123

Jun 29, 2020 12:40:07 AM Logger.FileLogger write
INFO: >>> createPlayerAccount >>> firstname >>> Fabienne

Jun 29, 2020 12:40:07 AM Logger.FileLogger write
INFO: >>> createPlayerAccount >>> lastname >>> Tapani

Jun 29, 2020 12:40:07 AM Logger.FileLogger write
INFO: >>> createPlayerAccount >>> password >>> Fabienne123

Jun 29, 2020 12:40:07 AM Logger.FileLogger write
INFO: >>> createPlayerAccount >>> age >>> 19

Jun 29, 2020 12:40:07 AM Logger.FileLogger write
INFO: >>> createPlayerAccount >>> ipadddress >>> 93.5.4.1

Jun 29, 2020 12:40:07 AM Logger.FileLogger write
INFO: >>> createPlayerAccount >>> User information stored

Jun 29, 2020 1:37:51 AM Logger.FileLogger write
INFO: >>> createPlayerAccount

Jun 29, 2020 1:37:51 AM Logger.FileLogger write
INFO: >>> createPlayerAccount >>> username >>> Fabienne123

Jun 29, 2020 1:37:51 AM Logger.FileLogger write
INFO: >>> createPlayerAccount >>> firstname >>> Fabienne

Jun 29, 2020 1:37:51 AM Logger.FileLogger write
INFO: >>> createPlayerAccount >>> lastname >>> Tapani

Jun 29, 2020 1:37:51 AM Logger.FileLogger write
INFO: >>> createPlayerAccount >>> password >>> Fabienne123

Jun 29, 2020 1:37:51 AM Logger.FileLogger write
INFO: >>> createPlayerAccount >>> age >>> 19

Jun 29, 2020 1:37:51 AM Logger.FileLogger write
INFO: >>> createPlayerAccount >>> ipadddress >>> 93.5.4.1

Jun 29, 2020 1:37:51 AM Logger.FileLogger write
INFO: >>> createPlayerAccount >>> User information stored

Jun 29, 2020 11:04:28 PM Logger.FileLogger write
INFO: >>> createPlayerAccount

Jun 29, 2020 11:04:28 PM Logger.FileLogger write
INFO: >>> createPlayerAccount >>> username >>> Fabienne123

Jun 29, 2020 11:04:28 PM Logger.FileLogger write
INFO: >>> createPlayerAccount >>> firstname >>> Fabienne

Jun 29, 2020 11:04:28 PM Logger.FileLogger write
INFO: >>> createPlayerAccount >>> lastname >>> Tapani

Jun 29, 2020 11:04:28 PM Logger.FileLogger write
INFO: >>> createPlayerAccount >>> password >>> Fabienne123

Jun 29, 2020 11:04:28 PM Logger.FileLogger write
INFO: >>> createPlayerAccount >>> age >>> 19

Jun 29, 2020 11:04:28 PM Logger.FileLogger write
INFO: >>> createPlayerAccount >>> ipadddress >>> 93.5.4.1

Jun 29, 2020 11:04:28 PM Logger.FileLogger write
INFO: >>> createPlayerAccount >>> User information stored

