Jul 08, 2020 11:45:01 PM logger.FileLogger write
INFO: >>> createPlayerAccount

Jul 08, 2020 11:45:01 PM logger.FileLogger write
INFO: >>> createPlayerAccount >>> username >>> Bruce123

Jul 08, 2020 11:45:01 PM logger.FileLogger write
INFO: >>> createPlayerAccount >>> firstname >>> Bruce

Jul 08, 2020 11:45:01 PM logger.FileLogger write
INFO: >>> createPlayerAccount >>> lastname >>> Nguyen

Jul 08, 2020 11:45:01 PM logger.FileLogger write
INFO: >>> createPlayerAccount >>> password >>> Bruce123

Jul 08, 2020 11:45:01 PM logger.FileLogger write
INFO: >>> createPlayerAccount >>> age >>> 19

Jul 08, 2020 11:45:01 PM logger.FileLogger write
INFO: >>> createPlayerAccount >>> ipadddress >>> 182.34.2.1

Jul 08, 2020 11:45:01 PM logger.FileLogger write
INFO: >>> createPlayerAccount >>> User information stored

Jul 10, 2020 6:36:29 PM logger.FileLogger write
INFO: >>> createPlayerAccount

Jul 10, 2020 6:36:29 PM logger.FileLogger write
INFO: >>> createPlayerAccount >>> username >>> Bruce123

Jul 10, 2020 6:36:29 PM logger.FileLogger write
INFO: >>> createPlayerAccount >>> firstname >>> Bruce

Jul 10, 2020 6:36:29 PM logger.FileLogger write
INFO: >>> createPlayerAccount >>> lastname >>> Nguyen

Jul 10, 2020 6:36:29 PM logger.FileLogger write
INFO: >>> createPlayerAccount >>> password >>> Bruce123

Jul 10, 2020 6:36:29 PM logger.FileLogger write
INFO: >>> createPlayerAccount >>> age >>> 19

Jul 10, 2020 6:36:29 PM logger.FileLogger write
INFO: >>> createPlayerAccount >>> ipadddress >>> 182.34.2.1

Jul 10, 2020 6:36:29 PM logger.FileLogger write
INFO: >>> createPlayerAccount >>> User information stored

Jul 10, 2020 11:28:09 PM logger.FileLogger write
INFO: >>> createPlayerAccount

Jul 10, 2020 11:28:09 PM logger.FileLogger write
INFO: >>> createPlayerAccount >>> username >>> Bruce123

Jul 10, 2020 11:28:09 PM logger.FileLogger write
INFO: >>> createPlayerAccount >>> firstname >>> Bruce

Jul 10, 2020 11:28:09 PM logger.FileLogger write
INFO: >>> createPlayerAccount >>> lastname >>> Nguyen

Jul 10, 2020 11:28:09 PM logger.FileLogger write
INFO: >>> createPlayerAccount >>> password >>> Bruce123

Jul 10, 2020 11:28:09 PM logger.FileLogger write
INFO: >>> createPlayerAccount >>> age >>> 19

Jul 10, 2020 11:28:09 PM logger.FileLogger write
INFO: >>> createPlayerAccount >>> ipadddress >>> 182.34.2.1

Jul 10, 2020 11:28:09 PM logger.FileLogger write
INFO: >>> createPlayerAccount >>> User information stored

Jul 11, 2020 6:23:12 PM logger.FileLogger write
INFO: >>> createPlayerAccount

Jul 11, 2020 6:23:12 PM logger.FileLogger write
INFO: >>> createPlayerAccount >>> username >>> Bruce123

Jul 11, 2020 6:23:12 PM logger.FileLogger write
INFO: >>> createPlayerAccount >>> firstname >>> Bruce

Jul 11, 2020 6:23:12 PM logger.FileLogger write
INFO: >>> createPlayerAccount >>> lastname >>> Nguyen

Jul 11, 2020 6:23:12 PM logger.FileLogger write
INFO: >>> createPlayerAccount >>> password >>> Bruce123

Jul 11, 2020 6:23:12 PM logger.FileLogger write
INFO: >>> createPlayerAccount >>> age >>> 19

Jul 11, 2020 6:23:12 PM logger.FileLogger write
INFO: >>> createPlayerAccount >>> ipadddress >>> 182.34.2.1

Jul 11, 2020 6:23:12 PM logger.FileLogger write
INFO: >>> createPlayerAccount >>> User information stored

